2019-08-09 08:01:35,305 read QQQ from av [ 2019-07-19 09:35:00 to 2019-08-08 16:00:00 ]
2019-08-09 08:01:36,299 read ^VIX from av [ 2019-07-19 09:35:00 to 2019-08-08 16:00:00 ]
2019-08-09 08:01:37,041 read FAS from av [ 2019-07-19 09:35:00 to 2019-08-08 16:00:00 ]
2019-08-09 08:01:37,693 read MIDU from av [ 2019-07-19 09:35:00 to 2019-08-08 16:00:00 ]
2019-08-09 08:01:38,537 read AAPL from av [ 2019-07-19 09:35:00 to 2019-08-08 16:00:00 ]
2019-08-09 08:03:39,749 read GOOG from av [ 2019-07-19 09:35:00 to 2019-08-08 16:00:00 ]
2019-08-09 08:03:40,362 read ^GSPC from av [ 2019-07-19 09:35:00 to 2019-08-08 16:00:00 ]
2019-08-09 08:03:41,151 read ^DJI from av [ 2019-07-19 09:35:00 to 2019-08-08 16:00:00 ]
2019-08-09 08:03:41,791 read ^TNX from av [ 2019-07-19 09:35:00 to 2019-08-08 15:00:00 ]
2019-08-09 08:03:42,338 read MSFT from av [ 2019-07-19 09:35:00 to 2019-08-08 16:00:00 ]
2019-08-09 08:05:43,293 read ^VXGOG from av [ 2019-07-19 09:35:00 to 2019-08-08 16:00:00 ]
2019-08-09 08:05:44,115 read ^VXAPL from av [ 2019-07-19 09:35:00 to 2019-08-08 16:00:00 ]
2019-08-09 08:05:44,737 read ^VXGS from av [ 2019-07-19 09:35:00 to 2019-08-08 16:00:00 ]
2019-08-09 08:05:45,596 read ^VXAZN from av [ 2019-07-19 09:35:00 to 2019-08-08 16:00:00 ]
2019-08-09 08:05:46,343 read ^VXIBM from av [ 2019-07-19 09:35:00 to 2019-08-08 16:00:00 ]
2019-08-09 08:07:47,442 read GS from av [ 2019-07-19 09:35:00 to 2019-08-08 16:00:00 ]
2019-08-09 08:07:48,137 read IBM from av [ 2019-07-19 09:35:00 to 2019-08-08 16:00:00 ]
2019-08-09 08:07:48,589 read FB from av [ 2019-07-19 09:35:00 to 2019-08-08 16:00:00 ]
2019-08-09 08:07:49,293 read ^TYVIX from av [ 2019-07-19 09:35:00 to 2019-08-08 16:00:00 ]
2019-08-09 08:07:49,905 read SPY from av [ 2019-07-19 09:35:00 to 2019-08-08 16:00:00 ]
2019-08-09 08:09:50,591 read GOOGL from av [ 2019-07-19 09:35:00 to 2019-08-08 16:00:00 ]
2019-08-09 08:09:51,347 read JPM from av [ 2019-07-19 09:35:00 to 2019-08-08 16:00:00 ]
2019-08-09 08:09:51,963 read JNJ from av [ 2019-07-19 09:35:00 to 2019-08-08 16:00:00 ]
2019-08-09 08:09:52,398 read BAC from av [ 2019-07-19 09:35:00 to 2019-08-08 16:00:00 ]
2019-08-09 08:09:53,121 read V from av [ 2019-07-19 09:35:00 to 2019-08-08 16:00:00 ]
2019-08-09 08:11:54,154 read WFC from av [ 2019-07-19 09:35:00 to 2019-08-08 16:00:00 ]
2019-08-09 08:11:54,780 read MA from av [ 2019-07-19 09:35:00 to 2019-08-08 16:00:00 ]
2019-08-09 08:11:55,516 read C from av [ 2019-07-19 09:35:00 to 2019-08-08 16:00:00 ]
2019-08-09 08:11:56,408 read PYPL from av [ 2019-07-19 09:35:00 to 2019-08-08 16:00:00 ]
2019-08-09 08:11:56,881 read OIL from av [ 2019-07-19 09:35:00 to 2019-08-08 16:00:00 ]
2019-08-09 08:13:58,096 read DX-Y.NYB from av [ 2019-07-24 01:05:00 to 2019-08-09 03:25:00 ]
2019-08-09 08:13:58,750 read GLD from av [ 2019-07-19 09:35:00 to 2019-08-08 16:00:00 ]
2019-08-09 08:13:59,561 read UUP from av [ 2019-07-19 09:35:00 to 2019-08-08 16:00:00 ]
2019-08-09 08:14:00,157 read SHY from av [ 2019-07-19 09:35:00 to 2019-08-08 16:00:00 ]
2019-08-09 08:14:00,827 read SHV from av [ 2019-07-19 09:35:00 to 2019-08-08 16:00:00 ]
2019-08-09 08:14:01,526 read IEF from av [ 2019-07-19 09:35:00 to 2019-08-08 16:00:00 ]
2019-08-09 08:14:02,389 read ^IRX from av [ 2019-07-19 09:35:00 to 2019-08-08 15:00:00 ]
2019-08-09 08:14:03,003 read ^FVX from av [ 2019-07-19 09:35:00 to 2019-08-08 15:00:00 ]
2019-08-09 08:14:03,768 read ^TYX from av [ 2019-07-19 09:35:00 to 2019-08-08 15:00:00 ]
2019-08-09 08:14:04,482 read SQQQ from av [ 2019-07-19 09:35:00 to 2019-08-08 16:00:00 ]
2019-08-09 08:16:05,457 read TQQQ from av [ 2019-07-19 09:35:00 to 2019-08-08 16:00:00 ]
2019-08-09 08:16:06,168 read ^VXX from av [ 2019-07-19 09:35:00 to 2019-08-08 16:00:00 ]
2019-08-09 08:16:06,902 read ^VXZ from av [ 2019-07-19 09:35:00 to 2019-08-08 16:00:00 ]
2019-08-09 08:16:07,577 read IYE from av [ 2019-07-19 09:35:00 to 2019-08-08 16:00:00 ]
2019-08-09 08:16:08,077 read IYY from av [ 2019-07-19 09:35:00 to 2019-08-08 16:00:00 ]
2019-08-09 08:18:09,121 read IYF from av [ 2019-07-19 09:35:00 to 2019-08-08 16:00:00 ]
2019-08-09 08:18:09,897 read IYR from av [ 2019-07-19 09:35:00 to 2019-08-08 16:00:00 ]
2019-08-09 08:18:10,510 read IYW from av [ 2019-07-19 09:35:00 to 2019-08-08 16:00:00 ]
2019-08-09 08:18:11,160 read IYT from av [ 2019-07-19 09:35:00 to 2019-08-08 16:00:00 ]
2019-08-09 08:18:11,591 read PEJ from av [ 2019-07-19 10:35:00 to 2019-08-08 16:00:00 ]
2019-08-09 08:20:12,300 read USO from av [ 2019-07-19 09:35:00 to 2019-08-08 16:00:00 ]
2019-08-09 08:20:13,002 read DBC from av [ 2019-07-19 09:35:00 to 2019-08-08 16:00:00 ]
2019-08-09 08:20:13,707 read GSG from av [ 2019-07-19 09:35:00 to 2019-08-08 16:00:00 ]
2019-08-09 08:20:14,409 read VTI from av [ 2019-07-19 09:35:00 to 2019-08-08 10:05:00 ]
2019-08-09 08:20:15,065 read ^RUT from av [ 2019-07-19 09:35:00 to 2019-08-08 16:00:00 ]
2019-08-09 08:22:15,977 read FDN from av [ 2019-07-19 09:35:00 to 2019-08-08 16:00:00 ]
2019-08-09 08:22:16,628 read XLV from av [ 2019-07-19 09:35:00 to 2019-08-08 16:00:00 ]
2019-08-09 08:22:17,240 read IBB from av [ 2019-07-19 09:35:00 to 2019-08-08 16:00:00 ]
2019-08-09 08:22:18,092 read KRE from av [ 2019-07-19 09:35:00 to 2019-08-08 16:00:00 ]
2019-08-09 08:22:18,755 read KBE from av [ 2019-07-19 09:35:00 to 2019-08-08 16:00:00 ]
2019-08-09 08:24:19,759 read XLF from av [ 2019-07-19 09:35:00 to 2019-08-08 16:00:00 ]
2019-08-09 08:24:20,396 read XLP from av [ 2019-07-19 09:35:00 to 2019-08-08 16:00:00 ]
2019-08-09 08:24:21,060 read XLY from av [ 2019-07-19 09:35:00 to 2019-08-08 16:00:00 ]
2019-08-09 08:24:21,764 read VNQ from av [ 2019-07-19 09:35:00 to 2019-08-08 16:00:00 ]
2019-08-09 08:24:22,708 read XLB from av [ 2019-07-19 09:35:00 to 2019-08-08 16:00:00 ]
2019-08-09 08:26:23,574 read XLI from av [ 2019-07-19 09:35:00 to 2019-08-08 16:00:00 ]
2019-08-09 08:26:24,329 read KBWB from av [ 2019-07-19 09:35:00 to 2019-08-08 16:00:00 ]
