2019-04-12 08:01:31,544 read QQQ from av [ 2019-03-22 09:35:00 to 2019-04-11 16:00:00 ]
2019-04-12 08:01:32,146 read ^VIX from av [ 2019-03-22 09:35:00 to 2019-04-11 16:00:00 ]
2019-04-12 08:01:32,781 read FAS from av [ 2019-03-22 09:35:00 to 2019-04-11 16:00:00 ]
2019-04-12 08:01:33,205 read MIDU from av [ 2019-03-22 09:35:00 to 2019-04-11 16:00:00 ]
2019-04-12 08:01:33,554 read AAPL from av [ 2019-03-22 09:35:00 to 2019-04-11 16:00:00 ]
2019-04-12 08:03:34,128 read GOOG from av [ 2019-03-22 09:35:00 to 2019-04-11 16:00:00 ]
2019-04-12 08:03:34,583 read ^GSPC from av [ 2019-03-22 09:35:00 to 2019-04-11 16:00:00 ]
2019-04-12 08:03:34,995 read ^DJI from av [ 2019-03-22 09:35:00 to 2019-04-11 16:00:00 ]
2019-04-12 08:03:35,585 read ^TNX from av [ 2019-03-22 09:35:00 to 2019-04-11 15:00:00 ]
2019-04-12 08:03:35,964 read MSFT from av [ 2019-03-22 09:35:00 to 2019-04-11 16:00:00 ]
2019-04-12 08:05:36,720 read ^VXGOG from av [ 2019-03-22 09:35:00 to 2019-04-11 16:00:00 ]
2019-04-12 08:05:37,381 read ^VXAPL from av [ 2019-03-22 09:35:00 to 2019-04-11 16:00:00 ]
2019-04-12 08:05:37,885 read ^VXGS from av [ 2019-03-22 09:35:00 to 2019-04-11 16:00:00 ]
2019-04-12 08:05:38,612 read ^VXAZN from av [ 2019-03-22 09:35:00 to 2019-04-11 16:00:00 ]
2019-04-12 08:05:39,125 read ^VXIBM from av [ 2019-03-22 09:35:00 to 2019-04-11 16:00:00 ]
2019-04-12 08:07:39,908 read GS from av [ 2019-03-22 09:35:00 to 2019-04-11 16:00:00 ]
2019-04-12 08:07:40,578 read IBM from av [ 2019-03-22 09:35:00 to 2019-04-11 16:00:00 ]
2019-04-12 08:07:40,941 read FB from av [ 2019-03-22 09:35:00 to 2019-04-11 16:00:00 ]
2019-04-12 08:07:41,481 read ^TYVIX from av [ 2019-03-22 09:35:00 to 2019-04-11 16:00:00 ]
2019-04-12 08:07:41,862 read SPY from av [ 2019-03-22 09:35:00 to 2019-04-11 16:00:00 ]
2019-04-12 08:09:42,506 read GOOGL from av [ 2019-03-22 09:35:00 to 2019-04-11 16:00:00 ]
2019-04-12 08:09:43,081 read JPM from av [ 2019-03-22 09:35:00 to 2019-04-11 16:00:00 ]
2019-04-12 08:09:43,749 read JNJ from av [ 2019-03-22 09:35:00 to 2019-04-11 16:00:00 ]
2019-04-12 08:09:44,509 read BAC from av [ 2019-03-22 09:35:00 to 2019-04-11 16:00:00 ]
2019-04-12 08:09:45,037 read V from av [ 2019-03-22 09:35:00 to 2019-04-11 16:00:00 ]
2019-04-12 08:11:45,817 read WFC from av [ 2019-03-22 09:35:00 to 2019-04-11 16:00:00 ]
2019-04-12 08:11:46,463 read MA from av [ 2019-03-22 09:35:00 to 2019-04-11 16:00:00 ]
2019-04-12 08:11:47,115 read C from av [ 2019-03-22 09:35:00 to 2019-04-11 16:00:00 ]
2019-04-12 08:11:47,719 read PYPL from av [ 2019-03-22 09:35:00 to 2019-04-11 16:00:00 ]
2019-04-12 08:11:48,128 read OIL from av [ 2019-03-22 09:35:00 to 2019-04-11 15:50:00 ]
2019-04-12 08:13:48,648 read DX-Y.NYB from av [ 2019-04-12 00:00:00 to 2019-04-12 04:00:00 ]
2019-04-12 08:13:49,335 read GLD from av [ 2019-03-22 09:35:00 to 2019-04-11 16:00:00 ]
2019-04-12 08:13:49,928 read UUP from av [ 2019-03-22 09:35:00 to 2019-04-11 16:00:00 ]
2019-04-12 08:13:50,754 read SHY from av [ 2019-03-22 09:35:00 to 2019-04-11 16:00:00 ]
2019-04-12 08:13:51,262 read SHV from av [ 2019-03-22 09:35:00 to 2019-04-11 16:00:00 ]
2019-04-12 08:15:51,985 read IEF from av [ 2019-03-22 09:35:00 to 2019-04-11 16:00:00 ]
2019-04-12 08:15:52,506 read ^IRX from av [ 2019-03-22 09:35:00 to 2019-04-11 15:00:00 ]
2019-04-12 08:15:52,997 read ^FVX from av [ 2019-03-22 09:35:00 to 2019-04-11 15:00:00 ]
2019-04-12 08:15:53,467 read ^TYX from av [ 2019-03-22 09:35:00 to 2019-04-11 15:00:00 ]
2019-04-12 08:15:54,205 read SQQQ from av [ 2019-03-22 09:35:00 to 2019-04-11 16:00:00 ]
2019-04-12 08:17:55,019 read TQQQ from av [ 2019-03-22 09:35:00 to 2019-04-11 16:00:00 ]
2019-04-12 08:17:55,650 read ^VXX from av [ 2019-03-22 09:35:00 to 2019-04-11 16:00:00 ]
2019-04-12 08:17:56,310 read ^VXZ from av [ 2019-03-22 09:35:00 to 2019-04-11 16:00:00 ]
2019-04-12 08:17:56,880 read IYE from av [ 2019-03-22 09:35:00 to 2019-04-11 16:00:00 ]
2019-04-12 08:17:57,325 read IYY from av [ 2019-03-22 09:35:00 to 2019-04-11 16:00:00 ]
2019-04-12 08:19:58,157 read IYF from av [ 2019-03-22 09:35:00 to 2019-04-11 16:00:00 ]
2019-04-12 08:19:58,750 read IYR from av [ 2019-03-22 09:35:00 to 2019-04-11 16:00:00 ]
2019-04-12 08:19:59,458 read IYW from av [ 2019-03-22 09:35:00 to 2019-04-11 16:00:00 ]
2019-04-12 08:20:00,034 read IYT from av [ 2019-03-22 09:35:00 to 2019-04-11 16:00:00 ]
2019-04-12 08:20:00,435 read PEJ from av [ 2019-03-22 09:35:00 to 2019-04-11 15:40:00 ]
2019-04-12 08:20:01,115 read USO from av [ 2019-03-22 09:35:00 to 2019-04-11 16:00:00 ]
2019-04-12 08:20:01,872 read DBC from av [ 2019-03-22 09:35:00 to 2019-04-11 16:00:00 ]
2019-04-12 08:20:02,675 read GSG from av [ 2019-03-22 09:35:00 to 2019-04-11 16:00:00 ]
2019-04-12 08:20:03,388 read VTI from av [ 2019-03-22 09:35:00 to 2019-04-11 16:00:00 ]
2019-04-12 08:20:04,080 read ^RUT from av [ 2019-03-22 09:35:00 to 2019-04-11 16:00:00 ]
2019-04-12 08:20:04,743 read FDN from av [ 2019-03-22 09:35:00 to 2019-04-11 16:00:00 ]
2019-04-12 08:22:05,664 read XLV from av [ 2019-03-22 09:35:00 to 2019-04-11 16:00:00 ]
2019-04-12 08:22:06,321 read IBB from av [ 2019-03-22 09:35:00 to 2019-04-11 16:00:00 ]
2019-04-12 08:22:06,998 read KRE from av [ 2019-03-22 09:35:00 to 2019-04-11 16:00:00 ]
2019-04-12 08:22:07,558 read KBE from av [ 2019-03-22 09:35:00 to 2019-04-11 16:00:00 ]
2019-04-12 08:22:08,194 read XLF from av [ 2019-03-22 09:35:00 to 2019-04-11 16:00:00 ]
2019-04-12 08:24:08,965 read XLP from av [ 2019-03-22 09:35:00 to 2019-04-11 16:00:00 ]
2019-04-12 08:24:09,647 read XLY from av [ 2019-03-22 09:35:00 to 2019-04-11 16:00:00 ]
2019-04-12 08:24:10,246 read VNQ from av [ 2019-03-22 09:35:00 to 2019-04-11 16:00:00 ]
2019-04-12 08:24:10,867 read XLB from av [ 2019-03-22 09:35:00 to 2019-04-11 16:00:00 ]
2019-04-12 08:24:11,484 read XLI from av [ 2019-03-22 09:35:00 to 2019-04-11 16:00:00 ]
2019-04-12 08:26:12,327 read KBWB from av [ 2019-03-22 09:35:00 to 2019-04-11 16:00:00 ]
