2019-03-01 08:01:26,478 read QQQ from av [ 2019-02-07 09:35:00 to 2019-02-28 16:00:00 ]
2019-03-01 08:01:27,601 read ^VIX from av [ 2019-02-07 09:35:00 to 2019-02-28 16:00:00 ]
2019-03-01 08:01:28,347 read FAS from av [ 2019-02-07 09:35:00 to 2019-02-28 16:00:00 ]
2019-03-01 08:01:28,816 read MIDU from av [ 2019-02-07 09:35:00 to 2019-02-28 16:00:00 ]
2019-03-01 08:01:29,390 read AAPL from av [ 2019-02-07 09:35:00 to 2019-02-28 16:00:00 ]
2019-03-01 08:03:29,928 read GOOG from av [ 2019-02-07 09:35:00 to 2019-02-28 16:00:00 ]
2019-03-01 08:03:30,388 read ^GSPC from av [ 2019-02-07 09:35:00 to 2019-02-28 16:00:00 ]
2019-03-01 08:03:30,791 read ^DJI from av [ 2019-02-07 09:35:00 to 2019-02-28 16:00:00 ]
2019-03-01 08:03:31,310 read ^TNX from av [ 2019-02-07 09:35:00 to 2019-02-28 15:00:00 ]
2019-03-01 08:03:31,910 read MSFT from av [ 2019-02-07 09:35:00 to 2019-02-28 16:00:00 ]
2019-03-01 08:05:32,640 read ^VXGOG from av [ 2019-02-07 09:35:00 to 2019-02-28 16:00:00 ]
2019-03-01 08:05:33,236 read ^VXAPL from av [ 2019-02-07 09:35:00 to 2019-02-28 16:00:00 ]
2019-03-01 08:05:33,782 read ^VXGS from av [ 2019-02-07 09:35:00 to 2019-02-28 16:00:00 ]
2019-03-01 08:05:34,306 read ^VXAZN from av [ 2019-02-07 09:35:00 to 2019-02-28 16:00:00 ]
2019-03-01 08:05:34,861 read ^VXIBM from av [ 2019-02-07 09:35:00 to 2019-02-28 16:00:00 ]
2019-03-01 08:07:35,729 read GS from av [ 2019-02-07 09:35:00 to 2019-02-28 16:00:00 ]
2019-03-01 08:07:36,599 read IBM from av [ 2019-02-07 09:35:00 to 2019-02-28 16:00:00 ]
2019-03-01 08:07:36,984 read FB from av [ 2019-02-07 09:35:00 to 2019-02-28 16:00:00 ]
2019-03-01 08:07:37,532 read ^TYVIX from av [ 2019-02-07 09:35:00 to 2019-02-28 16:00:00 ]
2019-03-01 08:07:37,982 read SPY from av [ 2019-02-07 09:35:00 to 2019-02-28 16:00:00 ]
2019-03-01 08:09:39,015 read GOOGL from av [ 2019-02-07 09:35:00 to 2019-02-28 16:00:00 ]
2019-03-01 08:09:39,779 read JPM from av [ 2019-02-07 09:35:00 to 2019-02-28 16:00:00 ]
2019-03-01 08:09:40,586 read JNJ from av [ 2019-02-07 09:35:00 to 2019-02-28 16:00:00 ]
2019-03-01 08:09:41,185 read BAC from av [ 2019-02-07 09:35:00 to 2019-02-28 16:00:00 ]
2019-03-01 08:09:42,025 read V from av [ 2019-02-07 09:35:00 to 2019-02-28 16:00:00 ]
2019-03-01 08:11:42,994 read WFC from av [ 2019-02-07 09:35:00 to 2019-02-28 16:00:00 ]
2019-03-01 08:11:43,717 read MA from av [ 2019-02-07 09:35:00 to 2019-02-28 16:00:00 ]
2019-03-01 08:11:44,486 read C from av [ 2019-02-07 09:35:00 to 2019-02-28 16:00:00 ]
2019-03-01 08:11:45,262 read PYPL from av [ 2019-02-07 09:35:00 to 2019-02-28 16:00:00 ]
2019-03-01 08:11:45,740 read OIL from av [ 2019-02-07 09:35:00 to 2019-02-28 14:45:00 ]
2019-03-01 08:13:46,198 read DX-Y.NYB from av [ 2019-03-01 00:00:00 to 2019-03-01 03:00:00 ]
2019-03-01 08:13:46,777 read GLD from av [ 2019-02-07 09:35:00 to 2019-02-28 16:00:00 ]
2019-03-01 08:13:47,417 read UUP from av [ 2019-02-07 09:35:00 to 2019-02-28 16:00:00 ]
2019-03-01 08:13:48,354 read SHY from av [ 2019-02-07 09:35:00 to 2019-02-28 16:00:00 ]
2019-03-01 08:13:48,947 read SHV from av [ 2019-02-07 09:35:00 to 2019-02-28 16:00:00 ]
2019-03-01 08:15:50,093 read IEF from av [ 2019-02-07 09:35:00 to 2019-02-28 16:00:00 ]
2019-03-01 08:15:50,613 read ^IRX from av [ 2019-02-07 09:35:00 to 2019-02-28 15:00:00 ]
2019-03-01 08:15:51,154 read ^FVX from av [ 2019-02-07 09:35:00 to 2019-02-28 15:00:00 ]
2019-03-01 08:15:51,785 read ^TYX from av [ 2019-02-07 09:35:00 to 2019-02-28 15:00:00 ]
2019-03-01 08:15:52,413 read SQQQ from av [ 2019-02-07 09:35:00 to 2019-02-28 16:00:00 ]
2019-03-01 08:17:53,516 read TQQQ from av [ 2019-02-07 09:35:00 to 2019-02-28 16:00:00 ]
2019-03-01 08:17:54,202 read ^VXX from av [ 2019-02-07 09:35:00 to 2019-02-28 16:00:00 ]
2019-03-01 08:17:54,904 read ^VXZ from av [ 2019-02-07 09:35:00 to 2019-02-28 16:00:00 ]
2019-03-01 08:17:55,514 read IYE from av [ 2019-02-07 09:35:00 to 2019-02-28 16:00:00 ]
2019-03-01 08:17:55,997 read IYY from av [ 2019-02-07 09:35:00 to 2019-02-28 16:00:00 ]
2019-03-01 08:19:56,798 read IYF from av [ 2019-02-07 09:35:00 to 2019-02-28 16:00:00 ]
2019-03-01 08:19:57,402 read IYR from av [ 2019-02-07 09:35:00 to 2019-02-28 16:00:00 ]
2019-03-01 08:19:57,960 read IYW from av [ 2019-02-07 09:35:00 to 2019-02-28 16:00:00 ]
2019-03-01 08:19:58,498 read IYT from av [ 2019-02-07 09:35:00 to 2019-02-28 16:00:00 ]
2019-03-01 08:19:58,898 read PEJ from av [ 2019-02-07 09:35:00 to 2019-02-28 14:30:00 ]
2019-03-01 08:21:59,743 read USO from av [ 2019-02-07 09:35:00 to 2019-02-28 16:00:00 ]
2019-03-01 08:22:00,417 read DBC from av [ 2019-02-07 09:35:00 to 2019-02-28 16:00:00 ]
2019-03-01 08:22:01,053 read GSG from av [ 2019-02-07 09:35:00 to 2019-02-28 16:00:00 ]
2019-03-01 08:22:01,746 read VTI from av [ 2019-02-07 09:35:00 to 2019-02-28 16:00:00 ]
2019-03-01 08:22:02,375 read ^RUT from av [ 2019-02-07 09:35:00 to 2019-02-28 16:00:00 ]
2019-03-01 08:22:03,161 read FDN from av [ 2019-02-07 09:35:00 to 2019-02-28 16:00:00 ]
2019-03-01 08:22:03,966 read XLV from av [ 2019-02-07 09:35:00 to 2019-02-28 16:00:00 ]
2019-03-01 08:22:04,584 read IBB from av [ 2019-02-07 09:35:00 to 2019-02-28 16:00:00 ]
2019-03-01 08:24:05,372 read KRE from av [ 2019-02-07 09:35:00 to 2019-02-28 16:00:00 ]
2019-03-01 08:24:06,016 read KBE from av [ 2019-02-07 09:35:00 to 2019-02-28 16:00:00 ]
2019-03-01 08:24:06,709 read XLF from av [ 2019-02-07 09:35:00 to 2019-02-28 16:00:00 ]
2019-03-01 08:24:07,553 read XLP from av [ 2019-02-07 09:35:00 to 2019-02-28 16:00:00 ]
2019-03-01 08:24:08,185 read XLY from av [ 2019-02-07 09:35:00 to 2019-02-28 16:00:00 ]
2019-03-01 08:26:09,183 read VNQ from av [ 2019-02-07 09:35:00 to 2019-02-28 16:00:00 ]
2019-03-01 08:26:09,861 read XLB from av [ 2019-02-07 09:35:00 to 2019-02-28 16:00:00 ]
2019-03-01 08:26:10,639 read XLI from av [ 2019-02-07 09:35:00 to 2019-02-28 16:00:00 ]
2019-03-01 08:26:11,234 read KBWB from av [ 2019-02-07 09:35:00 to 2019-02-28 16:00:00 ]
