2019-08-23 08:01:27,208 read QQQ from av [ 2019-08-02 09:35:00 to 2019-08-22 16:00:00 ]
2019-08-23 08:01:28,627 read ^VIX from av [ 2019-08-02 09:35:00 to 2019-08-22 16:00:00 ]
2019-08-23 08:01:30,069 read FAS from av [ 2019-08-02 09:35:00 to 2019-08-22 16:00:00 ]
2019-08-23 08:01:31,382 read MIDU from av [ 2019-08-02 09:35:00 to 2019-08-22 16:00:00 ]
2019-08-23 08:01:31,765 read AAPL from av [ 2019-08-02 09:35:00 to 2019-08-22 16:00:00 ]
2019-08-23 08:03:36,564 read GOOG from av [ 2019-08-02 09:35:00 to 2019-08-22 16:00:00 ]
2019-08-23 08:03:37,166 read ^GSPC from av [ 2019-08-02 09:35:00 to 2019-08-22 16:00:00 ]
2019-08-23 08:03:37,667 read ^DJI from av [ 2019-08-02 09:35:00 to 2019-08-22 16:00:00 ]
2019-08-23 08:03:38,907 read ^TNX from av [ 2019-08-02 09:35:00 to 2019-08-22 15:00:00 ]
2019-08-23 08:03:39,363 read MSFT from av [ 2019-08-02 09:35:00 to 2019-08-22 16:00:00 ]
2019-08-23 08:05:40,813 read ^VXGOG from av [ 2019-08-02 09:35:00 to 2019-08-22 16:00:00 ]
2019-08-23 08:05:42,283 read ^VXAPL from av [ 2019-08-02 09:35:00 to 2019-08-22 16:00:00 ]
2019-08-23 08:05:43,568 read ^VXGS from av [ 2019-08-02 09:35:00 to 2019-08-22 16:00:00 ]
2019-08-23 08:05:44,779 read ^VXAZN from av [ 2019-08-02 09:35:00 to 2019-08-22 16:00:00 ]
2019-08-23 08:05:45,970 read ^VXIBM from av [ 2019-08-02 09:35:00 to 2019-08-22 16:00:00 ]
2019-08-23 08:07:47,592 read GS from av [ 2019-08-02 09:35:00 to 2019-08-22 16:00:00 ]
2019-08-23 08:07:48,142 read IBM from av [ 2019-08-02 09:35:00 to 2019-08-22 16:00:00 ]
2019-08-23 08:07:49,303 read FB from av [ 2019-08-02 09:35:00 to 2019-08-22 16:00:00 ]
2019-08-23 08:07:50,525 read ^TYVIX from av [ 2019-08-02 09:35:00 to 2019-08-22 16:00:00 ]
2019-08-23 08:07:51,983 read SPY from av [ 2019-08-02 09:35:00 to 2019-08-22 16:00:00 ]
2019-08-23 08:09:54,069 read GOOGL from av [ 2019-08-02 09:35:00 to 2019-08-22 16:00:00 ]
2019-08-23 08:09:56,497 read JPM from av [ 2019-08-02 09:35:00 to 2019-08-22 16:00:00 ]
2019-08-23 08:09:57,819 read JNJ from av [ 2019-08-02 09:35:00 to 2019-08-22 16:00:00 ]
2019-08-23 08:09:59,157 read BAC from av [ 2019-08-02 09:35:00 to 2019-08-22 16:00:00 ]
2019-08-23 08:09:59,628 read V from av [ 2019-08-02 09:35:00 to 2019-08-22 16:00:00 ]
2019-08-23 08:12:01,227 read WFC from av [ 2019-08-02 09:35:00 to 2019-08-22 16:00:00 ]
2019-08-23 08:12:02,649 read MA from av [ 2019-08-02 09:35:00 to 2019-08-22 16:00:00 ]
2019-08-23 08:12:03,972 read C from av [ 2019-08-02 09:35:00 to 2019-08-22 16:00:00 ]
2019-08-23 08:12:05,589 read PYPL from av [ 2019-08-02 09:35:00 to 2019-08-22 16:00:00 ]
2019-08-23 08:12:06,833 read OIL from av [ 2019-08-02 09:35:00 to 2019-08-22 15:05:00 ]
2019-08-23 08:12:08,019 read DX-Y.NYB from av [ 2019-08-07 02:55:00 to 2019-08-23 04:00:00 ]
2019-08-23 08:14:09,535 read GLD from av [ 2019-08-02 09:35:00 to 2019-08-22 16:00:00 ]
2019-08-23 08:14:10,962 read UUP from av [ 2019-08-02 09:35:00 to 2019-08-22 16:00:00 ]
2019-08-23 08:14:12,319 read SHY from av [ 2019-08-02 09:35:00 to 2019-08-22 16:00:00 ]
2019-08-23 08:14:13,659 read SHV from av [ 2019-08-02 09:35:00 to 2019-08-22 16:00:00 ]
2019-08-23 08:14:14,930 read IEF from av [ 2019-08-02 09:35:00 to 2019-08-22 16:00:00 ]
2019-08-23 08:16:16,318 read ^IRX from av [ 2019-08-02 09:35:00 to 2019-08-22 15:00:00 ]
2019-08-23 08:16:17,532 read ^FVX from av [ 2019-08-02 09:35:00 to 2019-08-22 15:00:00 ]
2019-08-23 08:16:18,696 read ^TYX from av [ 2019-08-02 09:35:00 to 2019-08-22 15:00:00 ]
2019-08-23 08:16:20,071 read SQQQ from av [ 2019-08-02 09:35:00 to 2019-08-22 16:00:00 ]
2019-08-23 08:16:21,396 read TQQQ from av [ 2019-08-02 09:35:00 to 2019-08-22 16:00:00 ]
2019-08-23 08:18:22,823 read ^VXX from av [ 2019-08-02 09:35:00 to 2019-08-22 16:00:00 ]
2019-08-23 08:18:24,274 read ^VXZ from av [ 2019-08-02 09:35:00 to 2019-08-22 16:00:00 ]
2019-08-23 08:18:25,760 read IYE from av [ 2019-08-02 09:35:00 to 2019-08-22 16:00:00 ]
2019-08-23 08:18:46,867 read IYY from av [ 2019-08-02 09:35:00 to 2019-08-22 16:00:00 ]
2019-08-23 08:18:48,211 read IYF from av [ 2019-08-02 09:35:00 to 2019-08-22 16:00:00 ]
2019-08-23 08:20:49,680 read IYR from av [ 2019-08-02 09:35:00 to 2019-08-22 16:00:00 ]
2019-08-23 08:20:50,912 read IYW from av [ 2019-08-02 09:35:00 to 2019-08-22 16:00:00 ]
2019-08-23 08:20:52,206 read IYT from av [ 2019-08-02 09:35:00 to 2019-08-22 16:00:00 ]
2019-08-23 08:20:53,246 read PEJ from av [ 2019-08-02 09:40:00 to 2019-08-22 11:05:00 ]
2019-08-23 08:20:55,309 read USO from av [ 2019-08-02 09:35:00 to 2019-08-22 16:00:00 ]
2019-08-23 08:22:56,844 read DBC from av [ 2019-08-02 09:35:00 to 2019-08-22 16:00:00 ]
2019-08-23 08:22:58,205 read GSG from av [ 2019-08-02 09:35:00 to 2019-08-22 16:00:00 ]
2019-08-23 08:22:59,360 read VTI from av [ 2019-08-02 09:35:00 to 2019-08-22 16:00:00 ]
2019-08-23 08:23:00,845 read ^RUT from av [ 2019-08-02 09:35:00 to 2019-08-22 16:00:00 ]
2019-08-23 08:23:02,138 read FDN from av [ 2019-08-02 09:35:00 to 2019-08-22 16:00:00 ]
2019-08-23 08:23:03,470 read XLV from av [ 2019-08-02 09:35:00 to 2019-08-22 16:00:00 ]
2019-08-23 08:23:05,713 read IBB from av [ 2019-08-02 09:35:00 to 2019-08-22 16:00:00 ]
2019-08-23 08:23:06,963 read KRE from av [ 2019-08-02 09:35:00 to 2019-08-22 16:00:00 ]
2019-08-23 08:23:08,384 read KBE from av [ 2019-08-02 09:35:00 to 2019-08-22 16:00:00 ]
2019-08-23 08:25:11,874 read XLF from av [ 2019-08-02 09:35:00 to 2019-08-22 16:00:00 ]
2019-08-23 08:25:13,119 read XLP from av [ 2019-08-02 09:35:00 to 2019-08-22 16:00:00 ]
2019-08-23 08:25:14,364 read XLY from av [ 2019-08-02 09:35:00 to 2019-08-22 16:00:00 ]
2019-08-23 08:25:15,717 read VNQ from av [ 2019-08-02 09:35:00 to 2019-08-22 16:00:00 ]
2019-08-23 08:25:17,256 read XLB from av [ 2019-08-02 09:35:00 to 2019-08-22 16:00:00 ]
2019-08-23 08:27:18,997 read XLI from av [ 2019-08-02 09:35:00 to 2019-08-22 16:00:00 ]
2019-08-23 08:27:20,366 read KBWB from av [ 2019-08-02 09:35:00 to 2019-08-22 16:00:00 ]
