2019-03-08 08:01:35,367 read QQQ from av [ 2019-02-14 09:35:00 to 2019-03-07 16:00:00 ]
2019-03-08 08:01:36,135 read ^VIX from av [ 2019-02-14 09:35:00 to 2019-03-07 16:00:00 ]
2019-03-08 08:01:36,782 read FAS from av [ 2019-02-14 09:35:00 to 2019-03-07 16:00:00 ]
2019-03-08 08:01:37,262 read MIDU from av [ 2019-02-14 09:35:00 to 2019-03-07 16:00:00 ]
2019-03-08 08:01:37,600 read AAPL from av [ 2019-02-14 09:35:00 to 2019-03-07 16:00:00 ]
2019-03-08 08:03:38,162 read GOOG from av [ 2019-02-14 09:35:00 to 2019-03-07 16:00:00 ]
2019-03-08 08:03:38,584 read ^GSPC from av [ 2019-02-14 09:35:00 to 2019-03-07 16:00:00 ]
2019-03-08 08:03:39,033 read ^DJI from av [ 2019-02-14 09:35:00 to 2019-03-07 16:00:00 ]
2019-03-08 08:03:39,691 read ^TNX from av [ 2019-02-14 09:35:00 to 2019-03-07 15:00:00 ]
2019-03-08 08:03:40,389 read MSFT from av [ 2019-02-14 09:35:00 to 2019-03-07 16:00:00 ]
2019-03-08 08:05:41,260 read ^VXGOG from av [ 2019-02-14 09:35:00 to 2019-03-07 16:00:00 ]
2019-03-08 08:05:41,880 read ^VXAPL from av [ 2019-02-14 09:35:00 to 2019-03-07 16:00:00 ]
2019-03-08 08:05:42,553 read ^VXGS from av [ 2019-02-14 09:35:00 to 2019-03-07 16:00:00 ]
2019-03-08 08:05:43,181 read ^VXAZN from av [ 2019-02-14 09:35:00 to 2019-03-07 16:00:00 ]
2019-03-08 08:05:43,734 read ^VXIBM from av [ 2019-02-14 09:35:00 to 2019-03-07 16:00:00 ]
2019-03-08 08:07:44,410 read GS from av [ 2019-02-14 09:35:00 to 2019-03-07 16:00:00 ]
2019-03-08 08:07:45,144 read IBM from av [ 2019-02-14 09:35:00 to 2019-03-07 16:00:00 ]
2019-03-08 08:07:45,510 read FB from av [ 2019-02-14 09:35:00 to 2019-03-07 16:00:00 ]
2019-03-08 08:07:46,089 read ^TYVIX from av [ 2019-02-14 09:35:00 to 2019-03-07 16:00:00 ]
2019-03-08 08:07:46,486 read SPY from av [ 2019-02-14 09:35:00 to 2019-03-07 16:00:00 ]
2019-03-08 08:09:47,295 read GOOGL from av [ 2019-02-14 09:35:00 to 2019-03-07 16:00:00 ]
2019-03-08 08:09:47,918 read JPM from av [ 2019-02-14 09:35:00 to 2019-03-07 16:00:00 ]
2019-03-08 08:09:48,625 read JNJ from av [ 2019-02-14 09:35:00 to 2019-03-07 16:00:00 ]
2019-03-08 08:09:49,210 read BAC from av [ 2019-02-14 09:35:00 to 2019-03-07 16:00:00 ]
2019-03-08 08:09:49,575 read V from av [ 2019-02-14 09:35:00 to 2019-03-07 16:00:00 ]
2019-03-08 08:11:50,415 read WFC from av [ 2019-02-14 09:35:00 to 2019-03-07 16:00:00 ]
2019-03-08 08:11:51,384 read MA from av [ 2019-02-14 09:35:00 to 2019-03-07 16:00:00 ]
2019-03-08 08:11:52,025 read C from av [ 2019-02-14 09:35:00 to 2019-03-07 16:00:00 ]
2019-03-08 08:11:52,431 read PYPL from av [ 2019-02-14 09:35:00 to 2019-03-07 16:00:00 ]
2019-03-08 08:11:52,919 read OIL from av [ 2019-02-14 10:05:00 to 2019-03-07 16:00:00 ]
2019-03-08 08:13:53,529 read DX-Y.NYB from av [ 2019-03-08 00:00:00 to 2019-03-08 03:00:00 ]
2019-03-08 08:13:54,214 read GLD from av [ 2019-02-14 09:35:00 to 2019-03-07 16:00:00 ]
2019-03-08 08:13:55,009 read UUP from av [ 2019-02-14 09:35:00 to 2019-03-07 16:00:00 ]
2019-03-08 08:13:55,682 read SHY from av [ 2019-02-14 09:35:00 to 2019-03-07 16:00:00 ]
2019-03-08 08:13:56,452 read SHV from av [ 2019-02-14 09:35:00 to 2019-03-07 16:00:00 ]
2019-03-08 08:15:57,452 read IEF from av [ 2019-02-14 09:35:00 to 2019-03-07 16:00:00 ]
2019-03-08 08:15:58,057 read ^IRX from av [ 2019-02-14 09:35:00 to 2019-03-07 15:00:00 ]
2019-03-08 08:15:58,639 read ^FVX from av [ 2019-02-14 09:35:00 to 2019-03-07 15:00:00 ]
2019-03-08 08:15:59,263 read ^TYX from av [ 2019-02-14 09:35:00 to 2019-03-07 15:00:00 ]
2019-03-08 08:15:59,912 read SQQQ from av [ 2019-02-14 09:35:00 to 2019-03-07 16:00:00 ]
2019-03-08 08:16:00,581 read TQQQ from av [ 2019-02-14 09:35:00 to 2019-03-07 16:00:00 ]
2019-03-08 08:16:01,263 read ^VXX from av [ 2019-02-14 09:35:00 to 2019-03-07 16:00:00 ]
2019-03-08 08:16:02,038 read ^VXZ from av [ 2019-02-14 09:35:00 to 2019-03-07 16:00:00 ]
2019-03-08 08:16:02,704 read IYE from av [ 2019-02-14 09:35:00 to 2019-03-07 16:00:00 ]
2019-03-08 08:16:03,175 read IYY from av [ 2019-02-14 09:35:00 to 2019-03-07 16:00:00 ]
2019-03-08 08:16:04,017 read IYF from av [ 2019-02-14 09:35:00 to 2019-03-07 16:00:00 ]
2019-03-08 08:16:04,819 read IYR from av [ 2019-02-14 09:35:00 to 2019-03-07 16:00:00 ]
2019-03-08 08:18:05,618 read IYW from av [ 2019-02-14 09:35:00 to 2019-03-07 16:00:00 ]
2019-03-08 08:18:06,416 read IYT from av [ 2019-02-14 09:35:00 to 2019-03-07 16:00:00 ]
2019-03-08 08:18:06,924 read PEJ from av [ 2019-02-14 09:50:00 to 2019-03-07 16:00:00 ]
2019-03-08 08:18:07,677 read USO from av [ 2019-02-14 09:35:00 to 2019-03-07 16:00:00 ]
2019-03-08 08:18:08,517 read DBC from av [ 2019-02-14 09:35:00 to 2019-03-07 16:00:00 ]
2019-03-08 08:20:09,460 read GSG from av [ 2019-02-14 09:35:00 to 2019-03-07 16:00:00 ]
2019-03-08 08:20:10,107 read VTI from av [ 2019-02-14 09:35:00 to 2019-03-07 16:00:00 ]
2019-03-08 08:20:10,796 read ^RUT from av [ 2019-02-14 09:35:00 to 2019-03-07 16:00:00 ]
2019-03-08 08:20:11,470 read FDN from av [ 2019-02-14 09:35:00 to 2019-03-07 16:00:00 ]
2019-03-08 08:20:12,278 read XLV from av [ 2019-02-14 09:35:00 to 2019-03-07 16:00:00 ]
2019-03-08 08:22:13,142 read IBB from av [ 2019-02-14 09:35:00 to 2019-03-07 16:00:00 ]
2019-03-08 08:22:13,703 read KRE from av [ 2019-02-14 09:35:00 to 2019-03-07 16:00:00 ]
2019-03-08 08:22:14,415 read KBE from av [ 2019-02-14 09:35:00 to 2019-03-07 16:00:00 ]
2019-03-08 08:22:15,044 read XLF from av [ 2019-02-14 09:35:00 to 2019-03-07 16:00:00 ]
2019-03-08 08:22:15,621 read XLP from av [ 2019-02-14 09:35:00 to 2019-03-07 16:00:00 ]
2019-03-08 08:24:16,497 read XLY from av [ 2019-02-14 09:35:00 to 2019-03-07 16:00:00 ]
2019-03-08 08:24:17,181 read VNQ from av [ 2019-02-14 09:35:00 to 2019-03-07 16:00:00 ]
2019-03-08 08:24:17,923 read XLB from av [ 2019-02-14 09:35:00 to 2019-03-07 16:00:00 ]
2019-03-08 08:24:18,856 read XLI from av [ 2019-02-14 09:35:00 to 2019-03-07 16:00:00 ]
2019-03-08 08:24:19,681 read KBWB from av [ 2019-02-14 09:35:00 to 2019-03-07 16:00:00 ]
