2019-01-04 08:01:18,417 read QQQ from av [ 2018-12-12 09:35:00 to 2019-01-03 16:00:00 ]
2019-01-04 08:01:19,123 read ^VIX from av [ 2018-12-12 09:35:00 to 2019-01-03 16:00:00 ]
2019-01-04 08:01:19,746 read FAS from av [ 2018-12-12 09:35:00 to 2019-01-03 16:00:00 ]
2019-01-04 08:01:20,274 read MIDU from av [ 2018-12-12 09:35:00 to 2019-01-03 16:00:00 ]
2019-01-04 08:01:20,974 read AAPL from av [ 2018-12-12 09:35:00 to 2019-01-03 16:00:00 ]
2019-01-04 08:03:21,824 read GOOG from av [ 2018-12-12 09:35:00 to 2019-01-03 16:00:00 ]
2019-01-04 08:03:22,158 read ^GSPC from av [ 2018-12-12 09:35:00 to 2019-01-03 16:00:00 ]
2019-01-04 08:03:22,567 read ^DJI from av [ 2018-12-12 09:35:00 to 2019-01-03 16:00:00 ]
2019-01-04 08:03:23,056 read ^TNX from av [ 2018-12-12 09:35:00 to 2019-01-03 15:00:00 ]
2019-01-04 08:03:23,577 read MSFT from av [ 2018-12-12 09:35:00 to 2019-01-03 16:00:00 ]
2019-01-04 08:05:24,402 read ^VXGOG from av [ 2018-12-12 09:35:00 to 2019-01-03 16:00:00 ]
2019-01-04 08:05:25,023 read ^VXAPL from av [ 2018-12-12 09:35:00 to 2019-01-03 16:00:00 ]
2019-01-04 08:05:25,622 read ^VXGS from av [ 2018-12-12 09:35:00 to 2019-01-03 16:00:00 ]
2019-01-04 08:05:26,226 read ^VXAZN from av [ 2018-12-12 09:35:00 to 2019-01-03 16:00:00 ]
2019-01-04 08:05:26,753 read ^VXIBM from av [ 2018-12-12 09:35:00 to 2019-01-03 16:00:00 ]
2019-01-04 08:07:27,514 read GS from av [ 2018-12-12 09:35:00 to 2019-01-03 16:00:00 ]
2019-01-04 08:07:28,257 read IBM from av [ 2018-12-12 09:35:00 to 2019-01-03 16:00:00 ]
2019-01-04 08:07:28,598 read FB from av [ 2018-12-12 09:35:00 to 2019-01-03 16:00:00 ]
2019-01-04 08:07:29,190 read ^TYVIX from av [ 2018-12-12 09:35:00 to 2019-01-03 16:00:00 ]
2019-01-04 08:07:29,759 read SPY from av [ 2018-12-12 09:35:00 to 2019-01-03 16:00:00 ]
2019-01-04 08:09:30,551 read GOOGL from av [ 2018-12-12 09:35:00 to 2019-01-03 16:00:00 ]
2019-01-04 08:09:31,163 read JPM from av [ 2018-12-12 09:35:00 to 2019-01-03 16:00:00 ]
2019-01-04 08:09:31,826 read JNJ from av [ 2018-12-12 09:35:00 to 2019-01-03 16:00:00 ]
2019-01-04 08:09:32,391 read BAC from av [ 2018-12-12 09:35:00 to 2019-01-03 16:00:00 ]
2019-01-04 08:09:33,091 read V from av [ 2018-12-12 09:35:00 to 2019-01-03 16:00:00 ]
2019-01-04 08:11:34,014 read WFC from av [ 2018-12-12 09:35:00 to 2019-01-03 16:00:00 ]
2019-01-04 08:11:34,665 read MA from av [ 2018-12-12 09:35:00 to 2019-01-03 16:00:00 ]
2019-01-04 08:11:35,262 read C from av [ 2018-12-12 09:35:00 to 2019-01-03 16:00:00 ]
2019-01-04 08:11:35,909 read PYPL from av [ 2018-12-12 09:35:00 to 2019-01-03 16:00:00 ]
2019-01-04 08:11:36,538 read OIL from av [ 2018-12-12 09:45:00 to 2019-01-03 15:55:00 ]
2019-01-04 08:13:37,141 read DX-Y.NYB from av [ 2019-01-04 00:00:00 to 2019-01-04 03:00:00 ]
2019-01-04 08:13:37,787 read GLD from av [ 2018-12-12 09:35:00 to 2019-01-03 16:00:00 ]
2019-01-04 08:13:38,372 read UUP from av [ 2018-12-12 09:35:00 to 2019-01-03 16:00:00 ]
2019-01-04 08:13:39,069 read SHY from av [ 2018-12-12 09:35:00 to 2019-01-03 16:00:00 ]
2019-01-04 08:13:39,674 read SHV from av [ 2018-12-12 09:35:00 to 2019-01-03 16:00:00 ]
2019-01-04 08:15:40,550 read IEF from av [ 2018-12-12 09:35:00 to 2019-01-03 16:00:00 ]
2019-01-04 08:15:41,009 read ^IRX from av [ 2018-12-12 09:35:00 to 2019-01-03 15:00:00 ]
2019-01-04 08:15:41,703 read ^FVX from av [ 2018-12-12 09:35:00 to 2019-01-03 15:00:00 ]
2019-01-04 08:15:42,218 read ^TYX from av [ 2018-12-12 09:35:00 to 2019-01-03 15:00:00 ]
2019-01-04 08:15:42,948 read SQQQ from av [ 2018-12-12 09:35:00 to 2019-01-03 16:00:00 ]
2019-01-04 08:17:43,804 read TQQQ from av [ 2018-12-12 09:35:00 to 2019-01-03 16:00:00 ]
2019-01-04 08:17:44,322 read ^VXX from av [ 2018-12-12 09:35:00 to 2019-01-03 16:00:00 ]
2019-01-04 08:17:44,931 read ^VXZ from av [ 2018-12-12 09:35:00 to 2019-01-03 16:00:00 ]
2019-01-04 08:17:45,553 read IYE from av [ 2018-12-12 09:35:00 to 2019-01-03 16:00:00 ]
2019-01-04 08:17:45,987 read IYY from av [ 2018-12-12 09:35:00 to 2019-01-03 16:00:00 ]
2019-01-04 08:19:46,830 read IYF from av [ 2018-12-12 09:35:00 to 2019-01-03 16:00:00 ]
2019-01-04 08:19:47,484 read IYR from av [ 2018-12-12 09:35:00 to 2019-01-03 16:00:00 ]
2019-01-04 08:19:48,113 read IYW from av [ 2018-12-12 09:35:00 to 2019-01-03 16:00:00 ]
2019-01-04 08:19:48,713 read IYT from av [ 2018-12-12 09:35:00 to 2019-01-03 16:00:00 ]
2019-01-04 08:19:49,080 read PEJ from av [ 2018-12-12 09:35:00 to 2019-01-03 15:50:00 ]
2019-01-04 08:21:49,894 read USO from av [ 2018-12-12 09:35:00 to 2019-01-03 16:00:00 ]
2019-01-04 08:21:50,516 read DBC from av [ 2018-12-12 09:35:00 to 2019-01-03 16:00:00 ]
2019-01-04 08:21:51,136 read GSG from av [ 2018-12-12 09:35:00 to 2019-01-03 16:00:00 ]
2019-01-04 08:21:51,874 read VTI from av [ 2018-12-12 09:35:00 to 2019-01-03 16:00:00 ]
2019-01-04 08:21:52,645 read ^RUT from av [ 2018-12-12 09:35:00 to 2019-01-03 16:00:00 ]
2019-01-04 08:23:53,627 read FDN from av [ 2018-12-12 09:35:00 to 2019-01-03 16:00:00 ]
2019-01-04 08:23:54,383 read XLV from av [ 2018-12-12 09:35:00 to 2019-01-03 16:00:00 ]
2019-01-04 08:23:54,931 read IBB from av [ 2018-12-12 09:35:00 to 2019-01-03 16:00:00 ]
2019-01-04 08:23:55,588 read KRE from av [ 2018-12-12 09:35:00 to 2019-01-03 16:00:00 ]
2019-01-04 08:23:56,178 read KBE from av [ 2018-12-12 09:35:00 to 2019-01-03 16:00:00 ]
2019-01-04 08:25:57,146 read XLF from av [ 2018-12-12 09:35:00 to 2019-01-03 16:00:00 ]
2019-01-04 08:25:57,961 read XLP from av [ 2018-12-12 09:35:00 to 2019-01-03 16:00:00 ]
2019-01-04 08:25:58,682 read XLY from av [ 2018-12-12 09:35:00 to 2019-01-03 16:00:00 ]
2019-01-04 08:25:59,347 read VNQ from av [ 2018-12-12 09:35:00 to 2019-01-03 16:00:00 ]
2019-01-04 08:25:59,995 read XLB from av [ 2018-12-12 09:35:00 to 2019-01-03 16:00:00 ]
2019-01-04 08:26:00,578 read XLI from av [ 2018-12-12 09:35:00 to 2019-01-03 16:00:00 ]
