2019-02-22 08:01:35,223 read QQQ from av [ 2019-01-31 09:35:00 to 2019-02-21 16:00:00 ]
2019-02-22 08:01:35,857 read ^VIX from av [ 2019-01-31 09:35:00 to 2019-02-21 16:00:00 ]
2019-02-22 08:01:36,335 read FAS from av [ 2019-01-31 09:35:00 to 2019-02-21 16:00:00 ]
2019-02-22 08:01:36,855 read MIDU from av [ 2019-01-31 09:35:00 to 2019-02-21 16:00:00 ]
2019-02-22 08:01:37,273 read AAPL from av [ 2019-01-31 09:35:00 to 2019-02-21 16:00:00 ]
2019-02-22 08:03:38,220 read GOOG from av [ 2019-01-31 09:35:00 to 2019-02-21 16:00:00 ]
2019-02-22 08:03:38,671 read ^GSPC from av [ 2019-01-31 09:35:00 to 2019-02-21 16:00:00 ]
2019-02-22 08:03:39,027 read ^DJI from av [ 2019-01-31 09:35:00 to 2019-02-21 16:00:00 ]
2019-02-22 08:03:39,510 read ^TNX from av [ 2019-01-31 09:35:00 to 2019-02-21 15:00:00 ]
2019-02-22 08:03:39,868 read MSFT from av [ 2019-01-31 09:35:00 to 2019-02-21 16:00:00 ]
2019-02-22 08:05:40,751 read ^VXGOG from av [ 2019-01-31 09:35:00 to 2019-02-21 16:00:00 ]
2019-02-22 08:05:41,325 read ^VXAPL from av [ 2019-01-31 09:35:00 to 2019-02-21 16:00:00 ]
2019-02-22 08:05:41,906 read ^VXGS from av [ 2019-01-31 09:35:00 to 2019-02-21 16:00:00 ]
2019-02-22 08:05:42,474 read ^VXAZN from av [ 2019-01-31 09:35:00 to 2019-02-21 16:00:00 ]
2019-02-22 08:05:43,077 read ^VXIBM from av [ 2019-01-31 09:35:00 to 2019-02-21 16:00:00 ]
2019-02-22 08:07:43,957 read GS from av [ 2019-01-31 09:35:00 to 2019-02-21 16:00:00 ]
2019-02-22 08:07:44,713 read IBM from av [ 2019-01-31 09:35:00 to 2019-02-21 16:00:00 ]
2019-02-22 08:07:45,204 read FB from av [ 2019-01-31 09:35:00 to 2019-02-21 16:00:00 ]
2019-02-22 08:07:45,762 read ^TYVIX from av [ 2019-01-31 09:35:00 to 2019-02-21 16:00:00 ]
2019-02-22 08:07:46,174 read SPY from av [ 2019-01-31 09:35:00 to 2019-02-21 16:00:00 ]
2019-02-22 08:09:46,988 read GOOGL from av [ 2019-01-31 09:35:00 to 2019-02-21 16:00:00 ]
2019-02-22 08:09:47,704 read JPM from av [ 2019-01-31 09:35:00 to 2019-02-21 16:00:00 ]
2019-02-22 08:09:48,338 read JNJ from av [ 2019-01-31 09:35:00 to 2019-02-21 16:00:00 ]
2019-02-22 08:09:49,097 read BAC from av [ 2019-01-31 09:35:00 to 2019-02-21 16:00:00 ]
2019-02-22 08:09:49,707 read V from av [ 2019-01-31 09:35:00 to 2019-02-21 16:00:00 ]
2019-02-22 08:11:50,695 read WFC from av [ 2019-01-31 09:35:00 to 2019-02-21 16:00:00 ]
2019-02-22 08:11:51,422 read MA from av [ 2019-01-31 09:35:00 to 2019-02-21 16:00:00 ]
2019-02-22 08:11:52,368 read C from av [ 2019-01-31 09:35:00 to 2019-02-21 16:00:00 ]
2019-02-22 08:11:52,907 read PYPL from av [ 2019-01-31 09:35:00 to 2019-02-21 16:00:00 ]
2019-02-22 08:11:53,337 read OIL from av [ 2019-01-31 09:35:00 to 2019-02-21 15:35:00 ]
2019-02-22 08:13:53,929 read DX-Y.NYB from av [ 2019-02-22 00:00:00 to 2019-02-22 03:00:00 ]
2019-02-22 08:13:54,661 read GLD from av [ 2019-01-31 09:35:00 to 2019-02-21 16:00:00 ]
2019-02-22 08:13:55,156 read UUP from av [ 2019-01-31 09:35:00 to 2019-02-21 16:00:00 ]
2019-02-22 08:13:55,780 read SHY from av [ 2019-01-31 09:35:00 to 2019-02-21 16:00:00 ]
2019-02-22 08:13:56,399 read SHV from av [ 2019-01-31 09:35:00 to 2019-02-21 16:00:00 ]
2019-02-22 08:15:57,163 read IEF from av [ 2019-01-31 09:35:00 to 2019-02-21 16:00:00 ]
2019-02-22 08:15:57,854 read ^IRX from av [ 2019-01-31 09:35:00 to 2019-02-21 15:00:00 ]
2019-02-22 08:15:58,333 read ^FVX from av [ 2019-01-31 09:35:00 to 2019-02-21 15:00:00 ]
2019-02-22 08:15:59,173 read ^TYX from av [ 2019-01-31 09:35:00 to 2019-02-21 15:00:00 ]
2019-02-22 08:15:59,908 read SQQQ from av [ 2019-01-31 09:35:00 to 2019-02-21 16:00:00 ]
2019-02-22 08:16:00,612 read TQQQ from av [ 2019-01-31 09:35:00 to 2019-02-21 16:00:00 ]
2019-02-22 08:16:01,194 read ^VXX from av [ 2019-01-31 09:35:00 to 2019-02-21 16:00:00 ]
2019-02-22 08:16:01,869 read ^VXZ from av [ 2019-01-31 09:35:00 to 2019-02-21 16:00:00 ]
2019-02-22 08:16:02,428 read IYE from av [ 2019-01-31 09:35:00 to 2019-02-21 16:00:00 ]
2019-02-22 08:16:03,061 read IYY from av [ 2019-01-31 09:35:00 to 2019-02-21 16:00:00 ]
2019-02-22 08:16:03,620 read IYF from av [ 2019-01-31 09:35:00 to 2019-02-21 16:00:00 ]
2019-02-22 08:16:04,199 read IYR from av [ 2019-01-31 09:35:00 to 2019-02-21 16:00:00 ]
2019-02-22 08:18:05,118 read IYW from av [ 2019-01-31 09:35:00 to 2019-02-21 16:00:00 ]
2019-02-22 08:18:05,748 read IYT from av [ 2019-01-31 09:35:00 to 2019-02-21 16:00:00 ]
2019-02-22 08:18:06,192 read PEJ from av [ 2019-01-31 09:35:00 to 2019-02-21 16:00:00 ]
2019-02-22 08:18:06,907 read USO from av [ 2019-01-31 09:35:00 to 2019-02-21 16:00:00 ]
2019-02-22 08:18:07,646 read DBC from av [ 2019-01-31 09:35:00 to 2019-02-21 16:00:00 ]
2019-02-22 08:20:08,637 read GSG from av [ 2019-01-31 09:35:00 to 2019-02-21 16:00:00 ]
2019-02-22 08:20:09,372 read VTI from av [ 2019-01-31 09:35:00 to 2019-02-21 16:00:00 ]
2019-02-22 08:20:10,171 read ^RUT from av [ 2019-01-31 09:35:00 to 2019-02-21 16:00:00 ]
2019-02-22 08:20:10,844 read FDN from av [ 2019-01-31 09:35:00 to 2019-02-21 16:00:00 ]
2019-02-22 08:20:11,571 read XLV from av [ 2019-01-31 09:35:00 to 2019-02-21 16:00:00 ]
2019-02-22 08:22:12,495 read IBB from av [ 2019-01-31 09:35:00 to 2019-02-21 16:00:00 ]
2019-02-22 08:22:13,092 read KRE from av [ 2019-01-31 09:35:00 to 2019-02-21 16:00:00 ]
2019-02-22 08:22:13,774 read KBE from av [ 2019-01-31 09:35:00 to 2019-02-21 16:00:00 ]
2019-02-22 08:22:14,496 read XLF from av [ 2019-01-31 09:35:00 to 2019-02-21 16:00:00 ]
2019-02-22 08:22:15,235 read XLP from av [ 2019-01-31 09:35:00 to 2019-02-21 16:00:00 ]
2019-02-22 08:24:16,086 read XLY from av [ 2019-01-31 09:35:00 to 2019-02-21 16:00:00 ]
2019-02-22 08:24:16,773 read VNQ from av [ 2019-01-31 09:35:00 to 2019-02-21 16:00:00 ]
2019-02-22 08:24:17,434 read XLB from av [ 2019-01-31 09:35:00 to 2019-02-21 16:00:00 ]
2019-02-22 08:24:18,197 read XLI from av [ 2019-01-31 09:35:00 to 2019-02-21 16:00:00 ]
2019-02-22 08:24:19,004 read KBWB from av [ 2019-01-31 09:35:00 to 2019-02-21 16:00:00 ]
