2019-01-18 08:01:22,656 read QQQ from av [ 2018-12-27 09:35:00 to 2019-01-17 16:00:00 ]
2019-01-18 08:01:23,384 read ^VIX from av [ 2018-12-27 09:35:00 to 2019-01-17 16:00:00 ]
2019-01-18 08:01:24,025 read FAS from av [ 2018-12-27 09:35:00 to 2019-01-17 16:00:00 ]
2019-01-18 08:01:24,576 read MIDU from av [ 2018-12-27 09:35:00 to 2019-01-17 16:00:00 ]
2019-01-18 08:01:25,142 read AAPL from av [ 2018-12-27 09:35:00 to 2019-01-17 16:00:00 ]
2019-01-18 08:03:25,686 read GOOG from av [ 2018-12-27 09:35:00 to 2019-01-17 16:00:00 ]
2019-01-18 08:03:26,272 read ^GSPC from av [ 2018-12-27 09:35:00 to 2019-01-17 16:00:00 ]
2019-01-18 08:03:26,645 read ^DJI from av [ 2018-12-27 09:35:00 to 2019-01-17 16:00:00 ]
2019-01-18 08:03:27,133 read ^TNX from av [ 2018-12-27 09:35:00 to 2019-01-17 15:00:00 ]
2019-01-18 08:03:27,782 read MSFT from av [ 2018-12-27 09:35:00 to 2019-01-17 16:00:00 ]
2019-01-18 08:05:28,759 read ^VXGOG from av [ 2018-12-27 09:35:00 to 2019-01-17 16:00:00 ]
2019-01-18 08:05:29,320 read ^VXAPL from av [ 2018-12-27 09:35:00 to 2019-01-17 16:00:00 ]
2019-01-18 08:05:30,033 read ^VXGS from av [ 2018-12-27 09:35:00 to 2019-01-17 16:00:00 ]
2019-01-18 08:05:30,740 read ^VXAZN from av [ 2018-12-27 09:35:00 to 2019-01-17 16:00:00 ]
2019-01-18 08:05:31,402 read ^VXIBM from av [ 2018-12-27 09:35:00 to 2019-01-17 16:00:00 ]
2019-01-18 08:07:32,249 read GS from av [ 2018-12-27 09:35:00 to 2019-01-17 16:00:00 ]
2019-01-18 08:07:32,894 read IBM from av [ 2018-12-27 09:35:00 to 2019-01-17 16:00:00 ]
2019-01-18 08:07:33,605 read FB from av [ 2018-12-27 09:35:00 to 2019-01-17 16:00:00 ]
2019-01-18 08:07:34,145 read ^TYVIX from av [ 2018-12-27 09:35:00 to 2019-01-17 16:00:00 ]
2019-01-18 08:07:34,859 read SPY from av [ 2018-12-27 09:35:00 to 2019-01-17 16:00:00 ]
2019-01-18 08:09:35,725 read GOOGL from av [ 2018-12-27 09:35:00 to 2019-01-17 16:00:00 ]
2019-01-18 08:09:36,484 read JPM from av [ 2018-12-27 09:35:00 to 2019-01-17 16:00:00 ]
2019-01-18 08:09:37,222 read JNJ from av [ 2018-12-27 09:35:00 to 2019-01-17 16:00:00 ]
2019-01-18 08:09:37,833 read BAC from av [ 2018-12-27 09:35:00 to 2019-01-17 16:00:00 ]
2019-01-18 08:09:38,477 read V from av [ 2018-12-27 09:35:00 to 2019-01-17 16:00:00 ]
2019-01-18 08:11:39,241 read WFC from av [ 2018-12-27 09:35:00 to 2019-01-17 16:00:00 ]
2019-01-18 08:11:39,981 read MA from av [ 2018-12-27 09:35:00 to 2019-01-17 16:00:00 ]
2019-01-18 08:11:40,715 read C from av [ 2018-12-27 09:35:00 to 2019-01-17 16:00:00 ]
2019-01-18 08:11:41,384 read PYPL from av [ 2018-12-27 09:35:00 to 2019-01-17 16:00:00 ]
2019-01-18 08:11:41,825 read OIL from av [ 2018-12-27 09:35:00 to 2019-01-17 16:00:00 ]
2019-01-18 08:13:42,366 read DX-Y.NYB from av [ 2019-01-18 00:00:00 to 2019-01-18 03:00:00 ]
2019-01-18 08:13:43,024 read GLD from av [ 2018-12-27 09:35:00 to 2019-01-17 16:00:00 ]
2019-01-18 08:13:43,598 read UUP from av [ 2018-12-27 09:35:00 to 2019-01-17 16:00:00 ]
2019-01-18 08:13:44,122 read SHY from av [ 2018-12-27 09:35:00 to 2019-01-17 16:00:00 ]
2019-01-18 08:13:44,758 read SHV from av [ 2018-12-27 09:35:00 to 2019-01-17 16:00:00 ]
2019-01-18 08:15:45,692 read IEF from av [ 2018-12-27 09:35:00 to 2019-01-17 16:00:00 ]
2019-01-18 08:15:46,299 read ^IRX from av [ 2018-12-27 09:35:00 to 2019-01-17 15:00:00 ]
2019-01-18 08:15:46,735 read ^FVX from av [ 2018-12-27 09:35:00 to 2019-01-17 15:00:00 ]
2019-01-18 08:15:47,256 read ^TYX from av [ 2018-12-27 09:35:00 to 2019-01-17 15:00:00 ]
2019-01-18 08:15:47,920 read SQQQ from av [ 2018-12-27 09:35:00 to 2019-01-17 16:00:00 ]
2019-01-18 08:17:48,756 read TQQQ from av [ 2018-12-27 09:35:00 to 2019-01-17 16:00:00 ]
2019-01-18 08:17:49,426 read ^VXX from av [ 2018-12-27 09:35:00 to 2019-01-17 16:00:00 ]
2019-01-18 08:17:50,070 read ^VXZ from av [ 2018-12-27 09:35:00 to 2019-01-17 16:00:00 ]
2019-01-18 08:17:50,739 read IYE from av [ 2018-12-27 09:35:00 to 2019-01-17 16:00:00 ]
2019-01-18 08:17:51,195 read IYY from av [ 2018-12-27 09:35:00 to 2019-01-17 16:00:00 ]
2019-01-18 08:19:52,063 read IYF from av [ 2018-12-27 09:35:00 to 2019-01-17 16:00:00 ]
2019-01-18 08:19:52,619 read IYR from av [ 2018-12-27 09:35:00 to 2019-01-17 16:00:00 ]
2019-01-18 08:19:53,242 read IYW from av [ 2018-12-27 09:35:00 to 2019-01-17 16:00:00 ]
2019-01-18 08:19:53,885 read IYT from av [ 2018-12-27 09:35:00 to 2019-01-17 16:00:00 ]
2019-01-18 08:19:54,309 read PEJ from av [ 2018-12-27 09:35:00 to 2019-01-17 15:15:00 ]
2019-01-18 08:21:55,207 read USO from av [ 2018-12-27 09:35:00 to 2019-01-17 16:00:00 ]
2019-01-18 08:21:55,855 read DBC from av [ 2018-12-27 09:35:00 to 2019-01-17 16:00:00 ]
2019-01-18 08:21:56,383 read GSG from av [ 2018-12-27 09:35:00 to 2019-01-17 16:00:00 ]
2019-01-18 08:21:57,024 read VTI from av [ 2018-12-27 09:35:00 to 2019-01-17 16:00:00 ]
2019-01-18 08:21:57,747 read ^RUT from av [ 2018-12-27 09:35:00 to 2019-01-17 16:00:00 ]
2019-01-18 08:23:58,593 read FDN from av [ 2018-12-27 09:35:00 to 2019-01-17 16:00:00 ]
2019-01-18 08:23:59,313 read XLV from av [ 2018-12-27 09:35:00 to 2019-01-17 16:00:00 ]
2019-01-18 08:23:59,831 read IBB from av [ 2018-12-27 09:35:00 to 2019-01-17 16:00:00 ]
2019-01-18 08:24:00,603 read KRE from av [ 2018-12-27 09:35:00 to 2019-01-17 16:00:00 ]
2019-01-18 08:24:01,302 read KBE from av [ 2018-12-27 09:35:00 to 2019-01-17 16:00:00 ]
2019-01-18 08:24:01,843 read XLF from av [ 2018-12-27 09:35:00 to 2019-01-17 16:00:00 ]
2019-01-18 08:24:02,541 read XLP from av [ 2018-12-27 09:35:00 to 2019-01-17 16:00:00 ]
2019-01-18 08:24:03,250 read XLY from av [ 2018-12-27 09:35:00 to 2019-01-17 16:00:00 ]
2019-01-18 08:24:03,882 read VNQ from av [ 2018-12-27 09:35:00 to 2019-01-17 16:00:00 ]
2019-01-18 08:24:04,613 read XLB from av [ 2018-12-27 09:35:00 to 2019-01-17 16:00:00 ]
2019-01-18 08:26:05,407 read XLI from av [ 2018-12-27 09:35:00 to 2019-01-17 16:00:00 ]
2019-01-18 08:26:06,008 read KBWB from av [ 2018-12-27 09:35:00 to 2019-01-17 16:00:00 ]
