2019-06-28 08:01:23,392 read QQQ from av [ 2019-06-07 09:35:00 to 2019-06-27 16:00:00 ]
2019-06-28 08:01:24,177 read ^VIX from av [ 2019-06-07 09:35:00 to 2019-06-27 16:00:00 ]
2019-06-28 08:01:26,396 read FAS from av [ 2019-06-07 09:35:00 to 2019-06-27 16:00:00 ]
2019-06-28 08:01:30,323 read MIDU from av [ 2019-06-07 09:40:00 to 2019-06-27 16:00:00 ]
2019-06-28 08:01:31,241 read AAPL from av [ 2019-06-07 09:35:00 to 2019-06-27 16:00:00 ]
2019-06-28 08:03:32,428 read GOOG from av [ 2019-06-07 09:35:00 to 2019-06-27 16:00:00 ]
2019-06-28 08:03:32,931 read ^GSPC from av [ 2019-06-07 09:35:00 to 2019-06-27 16:00:00 ]
2019-06-28 08:03:33,352 read ^DJI from av [ 2019-06-07 09:35:00 to 2019-06-27 16:00:00 ]
2019-06-28 08:03:34,044 read ^TNX from av [ 2019-06-07 09:35:00 to 2019-06-27 15:00:00 ]
2019-06-28 08:03:34,596 read MSFT from av [ 2019-06-07 09:35:00 to 2019-06-27 16:00:00 ]
2019-06-28 08:05:35,617 read ^VXGOG from av [ 2019-06-07 09:35:00 to 2019-06-27 16:00:00 ]
2019-06-28 08:05:36,291 read ^VXAPL from av [ 2019-06-07 09:35:00 to 2019-06-27 16:00:00 ]
2019-06-28 08:05:37,050 read ^VXGS from av [ 2019-06-07 09:35:00 to 2019-06-27 16:00:00 ]
2019-06-28 08:05:37,713 read ^VXAZN from av [ 2019-06-07 09:35:00 to 2019-06-27 16:00:00 ]
2019-06-28 08:05:38,300 read ^VXIBM from av [ 2019-06-07 09:35:00 to 2019-06-27 16:00:00 ]
2019-06-28 08:07:39,257 read GS from av [ 2019-06-07 09:35:00 to 2019-06-27 16:00:00 ]
2019-06-28 08:07:40,154 read IBM from av [ 2019-06-07 09:35:00 to 2019-06-27 16:00:00 ]
2019-06-28 08:07:41,232 read FB from av [ 2019-06-07 09:35:00 to 2019-06-27 16:00:00 ]
2019-06-28 08:07:42,105 read ^TYVIX from av [ 2019-06-07 09:35:00 to 2019-06-27 16:00:00 ]
2019-06-28 08:07:42,864 read SPY from av [ 2019-06-07 09:35:00 to 2019-06-27 16:00:00 ]
2019-06-28 08:09:43,505 read GOOGL from av [ 2019-06-07 09:35:00 to 2019-06-27 16:00:00 ]
2019-06-28 08:09:45,135 read JPM from av [ 2019-06-07 09:35:00 to 2019-06-27 16:00:00 ]
2019-06-28 08:09:46,914 read JNJ from av [ 2019-06-07 09:35:00 to 2019-06-27 16:00:00 ]
2019-06-28 08:09:51,726 read BAC from av [ 2019-06-07 09:35:00 to 2019-06-27 16:00:00 ]
2019-06-28 08:09:53,915 read V from av [ 2019-06-07 09:35:00 to 2019-06-27 16:00:00 ]
2019-06-28 08:11:54,734 read WFC from av [ 2019-06-07 09:35:00 to 2019-06-27 16:00:00 ]
2019-06-28 08:11:55,352 read MA from av [ 2019-06-07 09:35:00 to 2019-06-27 16:00:00 ]
2019-06-28 08:11:55,995 read C from av [ 2019-06-07 09:35:00 to 2019-06-27 16:00:00 ]
2019-06-28 08:11:56,729 read PYPL from av [ 2019-06-07 09:35:00 to 2019-06-27 16:00:00 ]
2019-06-28 08:11:57,222 read OIL from av [ 2019-06-07 09:35:00 to 2019-06-27 16:00:00 ]
2019-06-28 08:13:57,814 read DX-Y.NYB from av [ 2019-06-28 00:00:00 to 2019-06-28 04:00:00 ]
2019-06-28 08:13:58,546 read GLD from av [ 2019-06-07 09:35:00 to 2019-06-27 16:00:00 ]
2019-06-28 08:13:59,189 read UUP from av [ 2019-06-07 09:35:00 to 2019-06-27 16:00:00 ]
2019-06-28 08:13:59,874 read SHY from av [ 2019-06-07 09:35:00 to 2019-06-27 16:00:00 ]
2019-06-28 08:14:00,900 read SHV from av [ 2019-06-07 09:35:00 to 2019-06-27 16:00:00 ]
2019-06-28 08:14:02,306 read IEF from av [ 2019-06-07 09:35:00 to 2019-06-27 16:00:00 ]
2019-06-28 08:14:03,570 read ^IRX from av [ 2019-06-07 09:35:00 to 2019-06-27 15:00:00 ]
2019-06-28 08:14:04,369 read ^FVX from av [ 2019-06-07 09:35:00 to 2019-06-27 15:00:00 ]
2019-06-28 08:14:05,006 read ^TYX from av [ 2019-06-07 09:35:00 to 2019-06-27 15:00:00 ]
2019-06-28 08:14:05,796 read SQQQ from av [ 2019-06-07 09:35:00 to 2019-06-27 16:00:00 ]
2019-06-28 08:16:07,491 read TQQQ from av [ 2019-06-07 09:35:00 to 2019-06-27 16:00:00 ]
2019-06-28 08:16:08,640 read ^VXX from av [ 2019-06-07 09:35:00 to 2019-06-27 16:00:00 ]
2019-06-28 08:16:09,378 read ^VXZ from av [ 2019-06-07 09:35:00 to 2019-06-27 16:00:00 ]
2019-06-28 08:16:10,533 read IYE from av [ 2019-06-07 09:35:00 to 2019-06-27 16:00:00 ]
2019-06-28 08:16:11,182 read IYY from av [ 2019-06-07 09:35:00 to 2019-06-27 16:00:00 ]
2019-06-28 08:18:12,035 read IYF from av [ 2019-06-07 09:35:00 to 2019-06-27 16:00:00 ]
2019-06-28 08:18:12,825 read IYR from av [ 2019-06-07 09:35:00 to 2019-06-27 16:00:00 ]
2019-06-28 08:18:13,545 read IYW from av [ 2019-06-07 09:35:00 to 2019-06-27 16:00:00 ]
2019-06-28 08:18:14,153 read IYT from av [ 2019-06-07 09:35:00 to 2019-06-27 16:00:00 ]
2019-06-28 08:18:14,584 read PEJ from av [ 2019-06-07 11:00:00 to 2019-06-27 15:55:00 ]
2019-06-28 08:20:15,885 read USO from av [ 2019-06-07 09:35:00 to 2019-06-27 16:00:00 ]
2019-06-28 08:20:16,631 read DBC from av [ 2019-06-07 09:35:00 to 2019-06-27 16:00:00 ]
2019-06-28 08:20:17,603 read GSG from av [ 2019-06-07 09:35:00 to 2019-06-27 16:00:00 ]
2019-06-28 08:20:18,391 read VTI from av [ 2019-06-07 09:35:00 to 2019-06-27 16:00:00 ]
2019-06-28 08:20:19,624 read ^RUT from av [ 2019-06-07 09:35:00 to 2019-06-27 16:00:00 ]
2019-06-28 08:22:20,758 read FDN from av [ 2019-06-07 09:35:00 to 2019-06-27 16:00:00 ]
2019-06-28 08:22:21,617 read XLV from av [ 2019-06-07 09:35:00 to 2019-06-27 16:00:00 ]
2019-06-28 08:22:22,230 read IBB from av [ 2019-06-07 09:35:00 to 2019-06-27 16:00:00 ]
2019-06-28 08:22:23,042 read KRE from av [ 2019-06-07 09:35:00 to 2019-06-27 16:00:00 ]
2019-06-28 08:22:23,745 read KBE from av [ 2019-06-07 09:35:00 to 2019-06-27 16:00:00 ]
2019-06-28 08:24:24,683 read XLF from av [ 2019-06-07 09:35:00 to 2019-06-27 16:00:00 ]
2019-06-28 08:24:25,626 read XLP from av [ 2019-06-07 09:35:00 to 2019-06-27 16:00:00 ]
2019-06-28 08:24:26,369 read XLY from av [ 2019-06-07 09:35:00 to 2019-06-27 16:00:00 ]
2019-06-28 08:24:27,191 read VNQ from av [ 2019-06-07 09:35:00 to 2019-06-27 16:00:00 ]
2019-06-28 08:24:27,782 read XLB from av [ 2019-06-07 09:35:00 to 2019-06-27 16:00:00 ]
2019-06-28 08:26:28,651 read XLI from av [ 2019-06-07 09:35:00 to 2019-06-27 16:00:00 ]
2019-06-28 08:26:29,376 read KBWB from av [ 2019-06-07 09:35:00 to 2019-06-27 16:00:00 ]
