2019-02-01 08:01:32,814 read QQQ from av [ 2019-01-10 09:35:00 to 2019-01-31 16:00:00 ]
2019-02-01 08:01:33,474 read ^VIX from av [ 2019-01-10 09:35:00 to 2019-01-31 16:00:00 ]
2019-02-01 08:01:34,173 read FAS from av [ 2019-01-10 09:35:00 to 2019-01-31 16:00:00 ]
2019-02-01 08:01:34,788 read MIDU from av [ 2019-01-10 09:35:00 to 2019-01-31 16:00:00 ]
2019-02-01 08:01:35,137 read AAPL from av [ 2019-01-10 09:35:00 to 2019-01-31 16:00:00 ]
2019-02-01 08:03:36,123 read GOOG from av [ 2019-01-10 09:35:00 to 2019-01-31 16:00:00 ]
2019-02-01 08:03:36,578 read ^GSPC from av [ 2019-01-10 09:35:00 to 2019-01-31 16:00:00 ]
2019-02-01 08:03:36,935 read ^DJI from av [ 2019-01-10 09:35:00 to 2019-01-31 16:00:00 ]
2019-02-01 08:03:37,493 read ^TNX from av [ 2019-01-10 09:35:00 to 2019-01-31 15:00:00 ]
2019-02-01 08:03:38,125 read MSFT from av [ 2019-01-10 09:35:00 to 2019-01-31 16:00:00 ]
2019-02-01 08:05:38,876 read ^VXGOG from av [ 2019-01-10 09:35:00 to 2019-01-31 16:00:00 ]
2019-02-01 08:05:39,448 read ^VXAPL from av [ 2019-01-10 09:35:00 to 2019-01-31 16:00:00 ]
2019-02-01 08:05:40,039 read ^VXGS from av [ 2019-01-10 09:35:00 to 2019-01-31 16:00:00 ]
2019-02-01 08:05:40,646 read ^VXAZN from av [ 2019-01-10 09:35:00 to 2019-01-31 16:00:00 ]
2019-02-01 08:05:41,252 read ^VXIBM from av [ 2019-01-10 09:35:00 to 2019-01-31 16:00:00 ]
2019-02-01 08:07:42,092 read GS from av [ 2019-01-10 09:35:00 to 2019-01-31 16:00:00 ]
2019-02-01 08:07:42,727 read IBM from av [ 2019-01-10 09:35:00 to 2019-01-31 16:00:00 ]
2019-02-01 08:07:43,396 read FB from av [ 2019-01-10 09:35:00 to 2019-01-31 16:00:00 ]
2019-02-01 08:07:43,958 read ^TYVIX from av [ 2019-01-10 09:35:00 to 2019-01-31 16:00:00 ]
2019-02-01 08:07:44,406 read SPY from av [ 2019-01-10 09:35:00 to 2019-01-31 16:00:00 ]
2019-02-01 08:09:45,261 read GOOGL from av [ 2019-01-10 09:35:00 to 2019-01-31 16:00:00 ]
2019-02-01 08:09:45,997 read JPM from av [ 2019-01-10 09:35:00 to 2019-01-31 16:00:00 ]
2019-02-01 08:09:46,724 read JNJ from av [ 2019-01-10 09:35:00 to 2019-01-31 16:00:00 ]
2019-02-01 08:09:47,445 read BAC from av [ 2019-01-10 09:35:00 to 2019-01-31 16:00:00 ]
2019-02-01 08:09:48,205 read V from av [ 2019-01-10 09:35:00 to 2019-01-31 16:00:00 ]
2019-02-01 08:11:48,975 read WFC from av [ 2019-01-10 09:35:00 to 2019-01-31 16:00:00 ]
2019-02-01 08:11:49,651 read MA from av [ 2019-01-10 09:35:00 to 2019-01-31 16:00:00 ]
2019-02-01 08:11:50,257 read C from av [ 2019-01-10 09:35:00 to 2019-01-31 16:00:00 ]
2019-02-01 08:11:50,593 read PYPL from av [ 2019-01-10 09:35:00 to 2019-01-31 16:00:00 ]
2019-02-01 08:11:51,049 read OIL from av [ 2019-01-10 09:35:00 to 2019-01-31 15:30:00 ]
2019-02-01 08:13:51,618 read DX-Y.NYB from av [ 2019-02-01 00:00:00 to 2019-02-01 03:00:00 ]
2019-02-01 08:13:52,262 read GLD from av [ 2019-01-10 09:35:00 to 2019-01-31 16:00:00 ]
2019-02-01 08:13:52,860 read UUP from av [ 2019-01-10 09:35:00 to 2019-01-31 16:00:00 ]
2019-02-01 08:13:53,647 read SHY from av [ 2019-01-10 09:35:00 to 2019-01-31 16:00:00 ]
2019-02-01 08:13:54,251 read SHV from av [ 2019-01-10 09:35:00 to 2019-01-31 16:00:00 ]
2019-02-01 08:15:55,150 read IEF from av [ 2019-01-10 09:35:00 to 2019-01-31 16:00:00 ]
2019-02-01 08:15:55,738 read ^IRX from av [ 2019-01-10 09:35:00 to 2019-01-31 15:00:00 ]
2019-02-01 08:15:56,194 read ^FVX from av [ 2019-01-10 09:35:00 to 2019-01-31 15:00:00 ]
2019-02-01 08:15:56,629 read ^TYX from av [ 2019-01-10 09:35:00 to 2019-01-31 15:00:00 ]
2019-02-01 08:15:57,385 read SQQQ from av [ 2019-01-10 09:35:00 to 2019-01-31 16:00:00 ]
2019-02-01 08:17:58,361 read TQQQ from av [ 2019-01-10 09:35:00 to 2019-01-31 16:00:00 ]
2019-02-01 08:17:59,084 read ^VXX from av [ 2019-01-10 09:35:00 to 2019-01-31 16:00:00 ]
2019-02-01 08:17:59,681 read ^VXZ from av [ 2019-01-10 09:35:00 to 2019-01-31 16:00:00 ]
2019-02-01 08:18:00,478 read IYE from av [ 2019-01-10 09:35:00 to 2019-01-31 16:00:00 ]
2019-02-01 08:18:00,964 read IYY from av [ 2019-01-10 09:35:00 to 2019-01-31 16:00:00 ]
2019-02-01 08:18:01,608 read IYF from av [ 2019-01-10 09:35:00 to 2019-01-31 16:00:00 ]
2019-02-01 08:18:02,634 read IYR from av [ 2019-01-10 09:35:00 to 2019-01-31 16:00:00 ]
2019-02-01 08:18:03,274 read IYW from av [ 2019-01-10 09:35:00 to 2019-01-31 16:00:00 ]
2019-02-01 08:18:03,961 read IYT from av [ 2019-01-10 09:35:00 to 2019-01-31 16:00:00 ]
2019-02-01 08:18:04,477 read PEJ from av [ 2019-01-10 10:25:00 to 2019-01-31 15:55:00 ]
2019-02-01 08:20:05,240 read USO from av [ 2019-01-10 09:35:00 to 2019-01-31 16:00:00 ]
2019-02-01 08:20:05,860 read DBC from av [ 2019-01-10 09:35:00 to 2019-01-31 16:00:00 ]
2019-02-01 08:20:06,564 read GSG from av [ 2019-01-10 09:35:00 to 2019-01-31 16:00:00 ]
2019-02-01 08:20:07,246 read VTI from av [ 2019-01-10 09:35:00 to 2019-01-31 16:00:00 ]
2019-02-01 08:20:07,907 read ^RUT from av [ 2019-01-10 09:35:00 to 2019-01-31 16:00:00 ]
2019-02-01 08:22:08,658 read FDN from av [ 2019-01-10 09:35:00 to 2019-01-31 16:00:00 ]
2019-02-01 08:22:09,309 read XLV from av [ 2019-01-10 09:35:00 to 2019-01-31 16:00:00 ]
2019-02-01 08:22:10,029 read IBB from av [ 2019-01-10 09:35:00 to 2019-01-31 16:00:00 ]
2019-02-01 08:22:10,829 read KRE from av [ 2019-01-10 09:35:00 to 2019-01-31 16:00:00 ]
2019-02-01 08:22:11,520 read KBE from av [ 2019-01-10 09:35:00 to 2019-01-31 16:00:00 ]
2019-02-01 08:24:12,375 read XLF from av [ 2019-01-10 09:35:00 to 2019-01-31 16:00:00 ]
2019-02-01 08:24:13,091 read XLP from av [ 2019-01-10 09:35:00 to 2019-01-31 16:00:00 ]
2019-02-01 08:24:14,156 read XLY from av [ 2019-01-10 09:35:00 to 2019-01-31 16:00:00 ]
2019-02-01 08:24:14,857 read VNQ from av [ 2019-01-10 09:35:00 to 2019-01-31 16:00:00 ]
2019-02-01 08:24:15,476 read XLB from av [ 2019-01-10 09:35:00 to 2019-01-31 16:00:00 ]
2019-02-01 08:26:16,374 read XLI from av [ 2019-01-10 09:35:00 to 2019-01-31 16:00:00 ]
2019-02-01 08:26:17,035 read KBWB from av [ 2019-01-10 09:35:00 to 2019-01-31 16:00:00 ]
