2019-02-15 08:01:29,870 read QQQ from av [ 2019-01-25 09:35:00 to 2019-02-14 16:00:00 ]
2019-02-15 08:01:30,570 read ^VIX from av [ 2019-01-25 09:35:00 to 2019-02-14 16:00:00 ]
2019-02-15 08:01:31,124 read FAS from av [ 2019-01-25 09:35:00 to 2019-02-14 16:00:00 ]
2019-02-15 08:01:31,703 read MIDU from av [ 2019-01-25 09:35:00 to 2019-02-14 16:00:00 ]
2019-02-15 08:01:32,169 read AAPL from av [ 2019-01-25 09:35:00 to 2019-02-14 16:00:00 ]
2019-02-15 08:03:33,166 read GOOG from av [ 2019-01-25 09:35:00 to 2019-02-14 16:00:00 ]
2019-02-15 08:03:33,738 read ^GSPC from av [ 2019-01-25 09:35:00 to 2019-02-14 16:00:00 ]
2019-02-15 08:03:34,187 read ^DJI from av [ 2019-01-25 09:35:00 to 2019-02-14 16:00:00 ]
2019-02-15 08:03:34,823 read ^TNX from av [ 2019-01-25 09:35:00 to 2019-02-14 15:00:00 ]
2019-02-15 08:03:35,244 read MSFT from av [ 2019-01-25 09:35:00 to 2019-02-14 16:00:00 ]
2019-02-15 08:05:36,046 read ^VXGOG from av [ 2019-01-25 09:35:00 to 2019-02-14 16:00:00 ]
2019-02-15 08:05:36,677 read ^VXAPL from av [ 2019-01-25 09:35:00 to 2019-02-14 16:00:00 ]
2019-02-15 08:05:37,407 read ^VXGS from av [ 2019-01-25 09:35:00 to 2019-02-14 16:00:00 ]
2019-02-15 08:05:38,098 read ^VXAZN from av [ 2019-01-25 09:35:00 to 2019-02-14 16:00:00 ]
2019-02-15 08:05:38,790 read ^VXIBM from av [ 2019-01-25 09:35:00 to 2019-02-14 16:00:00 ]
2019-02-15 08:07:39,709 read GS from av [ 2019-01-25 09:35:00 to 2019-02-14 16:00:00 ]
2019-02-15 08:07:40,397 read IBM from av [ 2019-01-25 09:35:00 to 2019-02-14 16:00:00 ]
2019-02-15 08:07:40,776 read FB from av [ 2019-01-25 09:35:00 to 2019-02-14 16:00:00 ]
2019-02-15 08:07:41,663 read ^TYVIX from av [ 2019-01-25 09:35:00 to 2019-02-14 16:00:00 ]
2019-02-15 08:07:42,022 read SPY from av [ 2019-01-25 09:35:00 to 2019-02-14 16:00:00 ]
2019-02-15 08:09:42,973 read GOOGL from av [ 2019-01-25 09:35:00 to 2019-02-14 16:00:00 ]
2019-02-15 08:09:43,738 read JPM from av [ 2019-01-25 09:35:00 to 2019-02-14 16:00:00 ]
2019-02-15 08:09:44,324 read JNJ from av [ 2019-01-25 09:35:00 to 2019-02-14 16:00:00 ]
2019-02-15 08:09:45,081 read BAC from av [ 2019-01-25 09:35:00 to 2019-02-14 16:00:00 ]
2019-02-15 08:09:45,687 read V from av [ 2019-01-25 09:35:00 to 2019-02-14 16:00:00 ]
2019-02-15 08:11:46,832 read WFC from av [ 2019-01-25 09:35:00 to 2019-02-14 16:00:00 ]
2019-02-15 08:11:47,462 read MA from av [ 2019-01-25 09:35:00 to 2019-02-14 16:00:00 ]
2019-02-15 08:11:48,100 read C from av [ 2019-01-25 09:35:00 to 2019-02-14 16:00:00 ]
2019-02-15 08:11:48,438 read PYPL from av [ 2019-01-25 09:35:00 to 2019-02-14 16:00:00 ]
2019-02-15 08:11:48,897 read OIL from av [ 2019-01-25 09:35:00 to 2019-02-14 15:15:00 ]
2019-02-15 08:13:49,431 read DX-Y.NYB from av [ 2019-02-15 00:00:00 to 2019-02-15 03:00:00 ]
2019-02-15 08:13:50,038 read GLD from av [ 2019-01-25 09:35:00 to 2019-02-14 16:00:00 ]
2019-02-15 08:13:50,625 read UUP from av [ 2019-01-25 09:35:00 to 2019-02-14 16:00:00 ]
2019-02-15 08:13:51,413 read SHY from av [ 2019-01-25 09:35:00 to 2019-02-14 16:00:00 ]
2019-02-15 08:13:52,200 read SHV from av [ 2019-01-25 09:35:00 to 2019-02-14 16:00:00 ]
2019-02-15 08:15:53,284 read IEF from av [ 2019-01-25 09:35:00 to 2019-02-14 16:00:00 ]
2019-02-15 08:15:53,947 read ^IRX from av [ 2019-01-25 09:35:00 to 2019-02-14 15:00:00 ]
2019-02-15 08:15:54,627 read ^FVX from av [ 2019-01-25 09:35:00 to 2019-02-14 15:00:00 ]
2019-02-15 08:15:55,181 read ^TYX from av [ 2019-01-25 09:35:00 to 2019-02-14 15:00:00 ]
2019-02-15 08:15:56,099 read SQQQ from av [ 2019-01-25 09:35:00 to 2019-02-14 16:00:00 ]
2019-02-15 08:17:57,040 read TQQQ from av [ 2019-01-25 09:35:00 to 2019-02-14 16:00:00 ]
2019-02-15 08:17:57,647 read ^VXX from av [ 2019-01-25 09:35:00 to 2019-02-14 16:00:00 ]
2019-02-15 08:17:58,262 read ^VXZ from av [ 2019-01-25 09:35:00 to 2019-02-14 16:00:00 ]
2019-02-15 08:17:59,159 read IYE from av [ 2019-01-25 09:35:00 to 2019-02-14 16:00:00 ]
2019-02-15 08:17:59,631 read IYY from av [ 2019-01-25 09:35:00 to 2019-02-14 16:00:00 ]
2019-02-15 08:20:00,410 read IYF from av [ 2019-01-25 09:35:00 to 2019-02-14 16:00:00 ]
2019-02-15 08:20:01,020 read IYR from av [ 2019-01-25 09:35:00 to 2019-02-14 16:00:00 ]
2019-02-15 08:20:01,807 read IYW from av [ 2019-01-25 09:35:00 to 2019-02-14 16:00:00 ]
2019-02-15 08:20:02,591 read IYT from av [ 2019-01-25 09:35:00 to 2019-02-14 16:00:00 ]
2019-02-15 08:20:03,030 read PEJ from av [ 2019-01-25 09:40:00 to 2019-02-14 15:55:00 ]
2019-02-15 08:20:03,805 read USO from av [ 2019-01-25 09:35:00 to 2019-02-14 16:00:00 ]
2019-02-15 08:20:04,373 read DBC from av [ 2019-01-25 09:35:00 to 2019-02-14 16:00:00 ]
2019-02-15 08:22:05,344 read GSG from av [ 2019-01-25 09:35:00 to 2019-02-14 16:00:00 ]
2019-02-15 08:22:06,300 read VTI from av [ 2019-01-25 09:35:00 to 2019-02-14 16:00:00 ]
2019-02-15 08:22:07,411 read ^RUT from av [ 2019-01-25 09:35:00 to 2019-02-14 16:00:00 ]
2019-02-15 08:22:08,166 read FDN from av [ 2019-01-25 09:35:00 to 2019-02-14 16:00:00 ]
2019-02-15 08:22:08,790 read XLV from av [ 2019-01-25 09:35:00 to 2019-02-14 16:00:00 ]
2019-02-15 08:24:09,737 read IBB from av [ 2019-01-25 09:35:00 to 2019-02-14 16:00:00 ]
2019-02-15 08:24:10,443 read KRE from av [ 2019-01-25 09:35:00 to 2019-02-14 16:00:00 ]
2019-02-15 08:24:11,254 read KBE from av [ 2019-01-25 09:35:00 to 2019-02-14 16:00:00 ]
2019-02-15 08:24:12,154 read XLF from av [ 2019-01-25 09:35:00 to 2019-02-14 16:00:00 ]
2019-02-15 08:24:12,762 read XLP from av [ 2019-01-25 09:35:00 to 2019-02-14 16:00:00 ]
2019-02-15 08:26:13,733 read XLY from av [ 2019-01-25 09:35:00 to 2019-02-14 16:00:00 ]
2019-02-15 08:26:14,430 read VNQ from av [ 2019-01-25 09:35:00 to 2019-02-14 16:00:00 ]
2019-02-15 08:26:15,100 read XLB from av [ 2019-01-25 09:35:00 to 2019-02-14 16:00:00 ]
2019-02-15 08:26:15,800 read XLI from av [ 2019-01-25 09:35:00 to 2019-02-14 16:00:00 ]
2019-02-15 08:26:16,374 read KBWB from av [ 2019-01-25 09:35:00 to 2019-02-14 16:00:00 ]
