2019-01-11 08:01:24,328 read QQQ from av [ 2018-12-19 09:35:00 to 2019-01-10 16:00:00 ]
2019-01-11 08:01:25,014 read ^VIX from av [ 2018-12-19 09:35:00 to 2019-01-10 16:00:00 ]
2019-01-11 08:01:25,679 read FAS from av [ 2018-12-19 09:35:00 to 2019-01-10 16:00:00 ]
2019-01-11 08:01:26,170 read MIDU from av [ 2018-12-19 09:35:00 to 2019-01-10 16:00:00 ]
2019-01-11 08:01:26,734 read AAPL from av [ 2018-12-19 09:35:00 to 2019-01-10 16:00:00 ]
2019-01-11 08:03:27,310 read GOOG from av [ 2018-12-19 09:35:00 to 2019-01-10 16:00:00 ]
2019-01-11 08:03:27,699 read ^GSPC from av [ 2018-12-19 09:35:00 to 2019-01-10 16:00:00 ]
2019-01-11 08:03:28,017 read ^DJI from av [ 2018-12-19 09:35:00 to 2019-01-10 16:00:00 ]
2019-01-11 08:03:28,480 read ^TNX from av [ 2018-12-19 09:35:00 to 2019-01-10 15:00:00 ]
2019-01-11 08:03:29,076 read MSFT from av [ 2018-12-19 09:35:00 to 2019-01-10 16:00:00 ]
2019-01-11 08:05:29,865 read ^VXGOG from av [ 2018-12-19 09:35:00 to 2019-01-10 16:00:00 ]
2019-01-11 08:05:30,485 read ^VXAPL from av [ 2018-12-19 09:35:00 to 2019-01-10 16:00:00 ]
2019-01-11 08:05:31,085 read ^VXGS from av [ 2018-12-19 09:35:00 to 2019-01-10 16:00:00 ]
2019-01-11 08:05:31,569 read ^VXAZN from av [ 2018-12-19 09:35:00 to 2019-01-10 16:00:00 ]
2019-01-11 08:05:32,185 read ^VXIBM from av [ 2018-12-19 09:35:00 to 2019-01-10 16:00:00 ]
2019-01-11 08:07:32,913 read GS from av [ 2018-12-19 09:35:00 to 2019-01-10 16:00:00 ]
2019-01-11 08:07:33,490 read IBM from av [ 2018-12-19 09:35:00 to 2019-01-10 16:00:00 ]
2019-01-11 08:07:34,131 read FB from av [ 2018-12-19 09:35:00 to 2019-01-10 16:00:00 ]
2019-01-11 08:07:34,697 read ^TYVIX from av [ 2018-12-19 09:35:00 to 2019-01-10 16:00:00 ]
2019-01-11 08:07:35,429 read SPY from av [ 2018-12-19 09:35:00 to 2019-01-10 16:00:00 ]
2019-01-11 08:09:36,248 read GOOGL from av [ 2018-12-19 09:35:00 to 2019-01-10 16:00:00 ]
2019-01-11 08:09:36,943 read JPM from av [ 2018-12-19 09:35:00 to 2019-01-10 16:00:00 ]
2019-01-11 08:09:37,603 read JNJ from av [ 2018-12-19 09:35:00 to 2019-01-10 16:00:00 ]
2019-01-11 08:09:38,182 read BAC from av [ 2018-12-19 09:35:00 to 2019-01-10 16:00:00 ]
2019-01-11 08:09:38,934 read V from av [ 2018-12-19 09:35:00 to 2019-01-10 16:00:00 ]
2019-01-11 08:11:39,817 read WFC from av [ 2018-12-19 09:35:00 to 2019-01-10 16:00:00 ]
2019-01-11 08:11:40,486 read MA from av [ 2018-12-19 09:35:00 to 2019-01-10 16:00:00 ]
2019-01-11 08:11:41,176 read C from av [ 2018-12-19 09:35:00 to 2019-01-10 16:00:00 ]
2019-01-11 08:11:41,974 read PYPL from av [ 2018-12-19 09:35:00 to 2019-01-10 16:00:00 ]
2019-01-11 08:11:42,399 read OIL from av [ 2018-12-19 09:35:00 to 2019-01-10 16:00:00 ]
2019-01-11 08:13:43,019 read DX-Y.NYB from av [ 2019-01-11 00:00:00 to 2019-01-11 03:00:00 ]
2019-01-11 08:13:43,637 read GLD from av [ 2018-12-19 09:35:00 to 2019-01-10 16:00:00 ]
2019-01-11 08:13:44,391 read UUP from av [ 2018-12-19 09:35:00 to 2019-01-10 16:00:00 ]
2019-01-11 08:13:45,054 read SHY from av [ 2018-12-19 09:35:00 to 2019-01-10 16:00:00 ]
2019-01-11 08:13:45,620 read SHV from av [ 2018-12-19 09:35:00 to 2019-01-10 16:00:00 ]
2019-01-11 08:15:46,465 read IEF from av [ 2018-12-19 09:35:00 to 2019-01-10 16:00:00 ]
2019-01-11 08:15:47,035 read ^IRX from av [ 2018-12-19 09:35:00 to 2019-01-10 15:00:00 ]
2019-01-11 08:15:47,498 read ^FVX from av [ 2018-12-19 09:35:00 to 2019-01-10 15:00:00 ]
2019-01-11 08:15:47,974 read ^TYX from av [ 2018-12-19 09:35:00 to 2019-01-10 15:00:00 ]
2019-01-11 08:15:48,579 read SQQQ from av [ 2018-12-19 09:35:00 to 2019-01-10 16:00:00 ]
2019-01-11 08:17:49,497 read TQQQ from av [ 2018-12-19 09:35:00 to 2019-01-10 16:00:00 ]
2019-01-11 08:17:50,189 read ^VXX from av [ 2018-12-19 09:35:00 to 2019-01-10 16:00:00 ]
2019-01-11 08:17:50,922 read ^VXZ from av [ 2018-12-19 09:35:00 to 2019-01-10 16:00:00 ]
2019-01-11 08:17:51,522 read IYE from av [ 2018-12-19 09:35:00 to 2019-01-10 16:00:00 ]
2019-01-11 08:17:51,970 read IYY from av [ 2018-12-19 09:35:00 to 2019-01-10 16:00:00 ]
2019-01-11 08:19:52,724 read IYF from av [ 2018-12-19 09:35:00 to 2019-01-10 16:00:00 ]
2019-01-11 08:19:53,292 read IYR from av [ 2018-12-19 09:35:00 to 2019-01-10 16:00:00 ]
2019-01-11 08:19:53,788 read IYW from av [ 2018-12-19 09:35:00 to 2019-01-10 16:00:00 ]
2019-01-11 08:19:54,481 read IYT from av [ 2018-12-19 09:35:00 to 2019-01-10 16:00:00 ]
2019-01-11 08:19:54,888 read PEJ from av [ 2018-12-19 09:35:00 to 2019-01-10 15:55:00 ]
2019-01-11 08:21:55,646 read USO from av [ 2018-12-19 09:35:00 to 2019-01-10 16:00:00 ]
2019-01-11 08:21:56,287 read DBC from av [ 2018-12-19 09:35:00 to 2019-01-10 16:00:00 ]
2019-01-11 08:21:56,899 read GSG from av [ 2018-12-19 09:35:00 to 2019-01-10 16:00:00 ]
2019-01-11 08:21:57,745 read VTI from av [ 2018-12-19 09:35:00 to 2019-01-10 16:00:00 ]
2019-01-11 08:21:58,339 read ^RUT from av [ 2018-12-19 09:35:00 to 2019-01-10 16:00:00 ]
2019-01-11 08:23:59,174 read FDN from av [ 2018-12-19 09:35:00 to 2019-01-10 16:00:00 ]
2019-01-11 08:23:59,879 read XLV from av [ 2018-12-19 09:35:00 to 2019-01-10 16:00:00 ]
2019-01-11 08:24:00,434 read IBB from av [ 2018-12-19 09:35:00 to 2019-01-10 16:00:00 ]
2019-01-11 08:24:01,163 read KRE from av [ 2018-12-19 09:35:00 to 2019-01-10 16:00:00 ]
2019-01-11 08:24:01,955 read KBE from av [ 2018-12-19 09:35:00 to 2019-01-10 16:00:00 ]
2019-01-11 08:24:02,606 read XLF from av [ 2018-12-19 09:35:00 to 2019-01-10 16:00:00 ]
2019-01-11 08:24:03,189 read XLP from av [ 2018-12-19 09:35:00 to 2019-01-10 16:00:00 ]
2019-01-11 08:24:03,890 read XLY from av [ 2018-12-19 09:35:00 to 2019-01-10 16:00:00 ]
2019-01-11 08:24:04,646 read VNQ from av [ 2018-12-19 09:35:00 to 2019-01-10 16:00:00 ]
2019-01-11 08:26:05,381 read XLB from av [ 2018-12-19 09:35:00 to 2019-01-10 16:00:00 ]
2019-01-11 08:26:06,144 read XLI from av [ 2018-12-19 09:35:00 to 2019-01-10 16:00:00 ]
2019-01-11 08:26:06,932 read KBWB from av [ 2018-12-19 09:35:00 to 2019-01-10 16:00:00 ]
