2019-08-02 08:01:33,985 read QQQ from av [ 2019-07-12 09:35:00 to 2019-08-01 16:00:00 ]
2019-08-02 08:01:34,538 read ^VIX from av [ 2019-07-12 09:35:00 to 2019-08-01 16:00:00 ]
2019-08-02 08:01:35,191 read FAS from av [ 2019-07-12 09:35:00 to 2019-08-01 16:00:00 ]
2019-08-02 08:01:35,712 read MIDU from av [ 2019-07-12 09:35:00 to 2019-08-01 16:00:00 ]
2019-08-02 08:01:36,077 read AAPL from av [ 2019-07-12 09:35:00 to 2019-08-01 16:00:00 ]
2019-08-02 08:03:37,081 read GOOG from av [ 2019-07-12 09:35:00 to 2019-08-01 16:00:00 ]
2019-08-02 08:03:37,591 read ^GSPC from av [ 2019-07-12 09:35:00 to 2019-08-01 16:00:00 ]
2019-08-02 08:03:38,039 read ^DJI from av [ 2019-07-12 09:35:00 to 2019-08-01 16:00:00 ]
2019-08-02 08:03:38,699 read ^TNX from av [ 2019-07-12 09:35:00 to 2019-08-01 15:00:00 ]
2019-08-02 08:03:39,112 read MSFT from av [ 2019-07-12 09:35:00 to 2019-08-01 16:00:00 ]
2019-08-02 08:05:40,269 read ^VXGOG from av [ 2019-07-12 09:35:00 to 2019-08-01 16:00:00 ]
2019-08-02 08:05:40,972 read ^VXAPL from av [ 2019-07-12 09:35:00 to 2019-08-01 16:00:00 ]
2019-08-02 08:05:41,736 read ^VXGS from av [ 2019-07-12 09:35:00 to 2019-08-01 16:00:00 ]
2019-08-02 08:05:42,629 read ^VXAZN from av [ 2019-07-12 09:35:00 to 2019-08-01 16:00:00 ]
2019-08-02 08:05:43,332 read ^VXIBM from av [ 2019-07-12 09:35:00 to 2019-08-01 16:00:00 ]
2019-08-02 08:07:44,410 read GS from av [ 2019-07-12 09:35:00 to 2019-08-01 16:00:00 ]
2019-08-02 08:07:45,100 read IBM from av [ 2019-07-12 09:35:00 to 2019-08-01 16:00:00 ]
2019-08-02 08:07:45,784 read FB from av [ 2019-07-12 09:35:00 to 2019-08-01 16:00:00 ]
2019-08-02 08:07:46,438 read ^TYVIX from av [ 2019-07-12 09:35:00 to 2019-08-01 16:00:00 ]
2019-08-02 08:07:47,137 read SPY from av [ 2019-07-12 09:35:00 to 2019-08-01 16:00:00 ]
2019-08-02 08:09:48,271 read GOOGL from av [ 2019-07-12 09:35:00 to 2019-08-01 16:00:00 ]
2019-08-02 08:09:48,973 read JPM from av [ 2019-07-12 09:35:00 to 2019-08-01 16:00:00 ]
2019-08-02 08:09:49,726 read JNJ from av [ 2019-07-12 09:35:00 to 2019-08-01 16:00:00 ]
2019-08-02 08:09:50,406 read BAC from av [ 2019-07-12 09:35:00 to 2019-08-01 16:00:00 ]
2019-08-02 08:09:51,065 read V from av [ 2019-07-12 09:35:00 to 2019-08-01 16:00:00 ]
2019-08-02 08:11:52,150 read WFC from av [ 2019-07-12 09:35:00 to 2019-08-01 16:00:00 ]
2019-08-02 08:11:52,956 read MA from av [ 2019-07-12 09:35:00 to 2019-08-01 16:00:00 ]
2019-08-02 08:11:53,783 read C from av [ 2019-07-12 09:35:00 to 2019-08-01 16:00:00 ]
2019-08-02 08:11:54,573 read PYPL from av [ 2019-07-12 09:35:00 to 2019-08-01 16:00:00 ]
2019-08-02 08:11:55,160 read OIL from av [ 2019-07-12 09:35:00 to 2019-08-01 16:00:00 ]
2019-08-02 08:13:56,130 read DX-Y.NYB from av [ 2019-07-17 00:00:00 to 2019-08-02 04:00:00 ]
2019-08-02 08:13:56,679 read GLD from av [ 2019-07-12 09:35:00 to 2019-08-01 16:00:00 ]
2019-08-02 08:13:57,334 read UUP from av [ 2019-07-12 09:35:00 to 2019-08-01 16:00:00 ]
2019-08-02 08:13:57,938 read SHY from av [ 2019-07-12 09:35:00 to 2019-08-01 16:00:00 ]
2019-08-02 08:13:58,530 read SHV from av [ 2019-07-12 09:35:00 to 2019-08-01 16:00:00 ]
2019-08-02 08:15:59,609 read IEF from av [ 2019-07-12 09:35:00 to 2019-08-01 16:00:00 ]
2019-08-02 08:16:00,283 read ^IRX from av [ 2019-07-12 09:35:00 to 2019-08-01 15:00:00 ]
2019-08-02 08:16:00,950 read ^FVX from av [ 2019-07-12 09:35:00 to 2019-08-01 15:00:00 ]
2019-08-02 08:16:01,807 read ^TYX from av [ 2019-07-12 09:35:00 to 2019-08-01 15:00:00 ]
2019-08-02 08:16:02,814 read SQQQ from av [ 2019-07-12 09:35:00 to 2019-08-01 16:00:00 ]
2019-08-02 08:16:03,489 read TQQQ from av [ 2019-07-12 09:35:00 to 2019-08-01 16:00:00 ]
2019-08-02 08:16:04,312 read ^VXX from av [ 2019-07-12 09:35:00 to 2019-08-01 16:00:00 ]
2019-08-02 08:16:05,009 read ^VXZ from av [ 2019-07-12 09:35:00 to 2019-08-01 16:00:00 ]
2019-08-02 08:18:06,309 read IYE from av [ 2019-07-12 09:35:00 to 2019-08-01 16:00:00 ]
2019-08-02 08:18:06,962 read IYY from av [ 2019-07-12 09:35:00 to 2019-08-01 16:00:00 ]
2019-08-02 08:18:07,673 read IYF from av [ 2019-07-12 09:35:00 to 2019-08-01 16:00:00 ]
2019-08-02 08:18:08,346 read IYR from av [ 2019-07-12 09:35:00 to 2019-08-01 16:00:00 ]
2019-08-02 08:18:09,071 read IYW from av [ 2019-07-12 09:35:00 to 2019-08-01 16:00:00 ]
2019-08-02 08:20:09,937 read IYT from av [ 2019-07-12 09:40:00 to 2019-08-01 16:00:00 ]
2019-08-02 08:20:10,448 read PEJ from av [ 2019-07-12 09:35:00 to 2019-08-01 16:00:00 ]
2019-08-02 08:20:11,218 read USO from av [ 2019-07-12 09:35:00 to 2019-08-01 16:00:00 ]
2019-08-02 08:20:11,935 read DBC from av [ 2019-07-12 09:35:00 to 2019-08-01 16:00:00 ]
2019-08-02 08:20:12,657 read GSG from av [ 2019-07-12 09:35:00 to 2019-08-01 16:00:00 ]
2019-08-02 08:22:13,604 read VTI from av [ 2019-07-12 09:35:00 to 2019-08-01 10:05:00 ]
2019-08-02 08:22:14,260 read ^RUT from av [ 2019-07-12 09:35:00 to 2019-08-01 16:00:00 ]
2019-08-02 08:22:15,009 read FDN from av [ 2019-07-12 09:35:00 to 2019-08-01 16:00:00 ]
2019-08-02 08:22:15,920 read XLV from av [ 2019-07-12 09:35:00 to 2019-08-01 16:00:00 ]
2019-08-02 08:22:16,659 read IBB from av [ 2019-07-12 09:35:00 to 2019-08-01 16:00:00 ]
2019-08-02 08:24:17,740 read KRE from av [ 2019-07-12 09:35:00 to 2019-08-01 16:00:00 ]
2019-08-02 08:24:18,568 read KBE from av [ 2019-07-12 09:35:00 to 2019-08-01 16:00:00 ]
2019-08-02 08:24:19,353 read XLF from av [ 2019-07-12 09:35:00 to 2019-08-01 16:00:00 ]
2019-08-02 08:24:20,381 read XLP from av [ 2019-07-12 09:35:00 to 2019-08-01 16:00:00 ]
2019-08-02 08:24:21,019 read XLY from av [ 2019-07-12 09:35:00 to 2019-08-01 16:00:00 ]
2019-08-02 08:26:22,056 read VNQ from av [ 2019-07-12 09:35:00 to 2019-08-01 16:00:00 ]
2019-08-02 08:26:22,828 read XLB from av [ 2019-07-12 09:35:00 to 2019-08-01 16:00:00 ]
2019-08-02 08:26:23,587 read XLI from av [ 2019-07-12 09:35:00 to 2019-08-01 16:00:00 ]
2019-08-02 08:26:24,239 read KBWB from av [ 2019-07-12 09:35:00 to 2019-08-01 16:00:00 ]
