2019-07-26 08:01:29,103 read QQQ from av [ 2019-07-05 09:35:00 to 2019-07-25 16:00:00 ]
2019-07-26 08:01:29,825 read ^VIX from av [ 2019-07-05 09:35:00 to 2019-07-25 16:00:00 ]
2019-07-26 08:01:30,633 read FAS from av [ 2019-07-05 09:35:00 to 2019-07-25 16:00:00 ]
2019-07-26 08:01:31,155 read MIDU from av [ 2019-07-05 09:35:00 to 2019-07-25 16:00:00 ]
2019-07-26 08:01:31,572 read AAPL from av [ 2019-07-05 09:35:00 to 2019-07-25 16:00:00 ]
2019-07-26 08:03:32,419 read GOOG from av [ 2019-07-05 09:35:00 to 2019-07-25 16:00:00 ]
2019-07-26 08:03:32,940 read ^GSPC from av [ 2019-07-05 09:35:00 to 2019-07-25 16:00:00 ]
2019-07-26 08:03:33,390 read ^DJI from av [ 2019-07-05 09:35:00 to 2019-07-25 16:00:00 ]
2019-07-26 08:03:33,984 read ^TNX from av [ 2019-07-05 09:35:00 to 2019-07-25 15:00:00 ]
2019-07-26 08:03:34,536 read MSFT from av [ 2019-07-05 09:35:00 to 2019-07-25 16:00:00 ]
2019-07-26 08:05:35,542 read ^VXGOG from av [ 2019-07-05 09:35:00 to 2019-07-25 16:00:00 ]
2019-07-26 08:05:36,262 read ^VXAPL from av [ 2019-07-05 09:35:00 to 2019-07-25 16:00:00 ]
2019-07-26 08:05:37,073 read ^VXGS from av [ 2019-07-05 09:35:00 to 2019-07-25 16:00:00 ]
2019-07-26 08:05:37,762 read ^VXAZN from av [ 2019-07-05 09:35:00 to 2019-07-25 16:00:00 ]
2019-07-26 08:05:38,482 read ^VXIBM from av [ 2019-07-05 09:35:00 to 2019-07-25 16:00:00 ]
2019-07-26 08:07:39,368 read GS from av [ 2019-07-05 09:35:00 to 2019-07-25 16:00:00 ]
2019-07-26 08:07:40,042 read IBM from av [ 2019-07-05 09:35:00 to 2019-07-25 16:00:00 ]
2019-07-26 08:07:40,475 read FB from av [ 2019-07-05 09:35:00 to 2019-07-25 16:00:00 ]
2019-07-26 08:07:41,055 read ^TYVIX from av [ 2019-07-05 09:35:00 to 2019-07-25 16:00:00 ]
2019-07-26 08:07:41,556 read SPY from av [ 2019-07-05 09:35:00 to 2019-07-25 16:00:00 ]
2019-07-26 08:09:42,502 read GOOGL from av [ 2019-07-05 09:35:00 to 2019-07-25 16:00:00 ]
2019-07-26 08:09:43,299 read JPM from av [ 2019-07-05 09:35:00 to 2019-07-25 16:00:00 ]
2019-07-26 08:09:44,161 read JNJ from av [ 2019-07-05 09:35:00 to 2019-07-25 16:00:00 ]
2019-07-26 08:09:44,825 read BAC from av [ 2019-07-05 09:35:00 to 2019-07-25 16:00:00 ]
2019-07-26 08:09:45,428 read V from av [ 2019-07-05 09:35:00 to 2019-07-25 16:00:00 ]
2019-07-26 08:11:46,411 read WFC from av [ 2019-07-05 09:35:00 to 2019-07-25 16:00:00 ]
2019-07-26 08:11:47,416 read MA from av [ 2019-07-05 09:35:00 to 2019-07-25 16:00:00 ]
2019-07-26 08:11:48,056 read C from av [ 2019-07-05 09:35:00 to 2019-07-25 16:00:00 ]
2019-07-26 08:11:48,714 read PYPL from av [ 2019-07-05 09:35:00 to 2019-07-25 16:00:00 ]
2019-07-26 08:11:49,201 read OIL from av [ 2019-07-05 09:35:00 to 2019-07-25 14:25:00 ]
2019-07-26 08:13:50,347 read DX-Y.NYB from av [ 2019-07-10 00:00:00 to 2019-07-26 03:05:00 ]
2019-07-26 08:13:51,026 read GLD from av [ 2019-07-05 09:35:00 to 2019-07-25 16:00:00 ]
2019-07-26 08:13:51,746 read UUP from av [ 2019-07-05 09:35:00 to 2019-07-25 16:00:00 ]
2019-07-26 08:13:52,668 read SHY from av [ 2019-07-05 09:35:00 to 2019-07-25 16:00:00 ]
2019-07-26 08:13:53,355 read SHV from av [ 2019-07-05 09:35:00 to 2019-07-25 16:00:00 ]
2019-07-26 08:15:54,198 read IEF from av [ 2019-07-05 09:35:00 to 2019-07-25 16:00:00 ]
2019-07-26 08:15:54,828 read ^IRX from av [ 2019-07-05 09:35:00 to 2019-07-25 15:00:00 ]
2019-07-26 08:15:55,586 read ^FVX from av [ 2019-07-05 09:35:00 to 2019-07-25 15:00:00 ]
2019-07-26 08:15:56,100 read ^TYX from av [ 2019-07-05 09:35:00 to 2019-07-25 15:00:00 ]
2019-07-26 08:15:56,830 read SQQQ from av [ 2019-07-05 09:35:00 to 2019-07-25 16:00:00 ]
2019-07-26 08:17:57,746 read TQQQ from av [ 2019-07-05 09:35:00 to 2019-07-25 16:00:00 ]
2019-07-26 08:17:58,489 read ^VXX from av [ 2019-07-05 09:35:00 to 2019-07-25 16:00:00 ]
2019-07-26 08:17:59,338 read ^VXZ from av [ 2019-07-05 09:35:00 to 2019-07-25 16:00:00 ]
2019-07-26 08:17:59,954 read IYE from av [ 2019-07-05 09:35:00 to 2019-07-25 16:00:00 ]
2019-07-26 08:18:00,476 read IYY from av [ 2019-07-05 09:35:00 to 2019-07-25 16:00:00 ]
2019-07-26 08:18:01,205 read IYF from av [ 2019-07-05 09:35:00 to 2019-07-25 16:00:00 ]
2019-07-26 08:18:01,809 read IYR from av [ 2019-07-05 09:35:00 to 2019-07-25 16:00:00 ]
2019-07-26 08:18:02,569 read IYW from av [ 2019-07-05 09:35:00 to 2019-07-25 16:00:00 ]
2019-07-26 08:18:03,151 read IYT from av [ 2019-07-05 09:35:00 to 2019-07-25 16:00:00 ]
2019-07-26 08:18:03,598 read PEJ from av [ 2019-07-05 09:40:00 to 2019-07-25 16:00:00 ]
2019-07-26 08:18:04,170 read USO from av [ 2019-07-05 09:35:00 to 2019-07-25 16:00:00 ]
2019-07-26 08:20:05,113 read DBC from av [ 2019-07-05 09:35:00 to 2019-07-25 16:00:00 ]
2019-07-26 08:20:05,782 read GSG from av [ 2019-07-05 09:35:00 to 2019-07-25 16:00:00 ]
2019-07-26 08:20:06,524 read VTI from av [ 2019-07-05 09:35:00 to 2019-07-25 10:05:00 ]
2019-07-26 08:20:07,270 read ^RUT from av [ 2019-07-05 09:35:00 to 2019-07-25 16:00:00 ]
2019-07-26 08:20:08,023 read FDN from av [ 2019-07-05 09:35:00 to 2019-07-25 16:00:00 ]
2019-07-26 08:22:09,120 read XLV from av [ 2019-07-05 09:35:00 to 2019-07-25 16:00:00 ]
2019-07-26 08:22:09,868 read IBB from av [ 2019-07-05 09:35:00 to 2019-07-25 16:00:00 ]
2019-07-26 08:22:10,661 read KRE from av [ 2019-07-05 09:35:00 to 2019-07-25 16:00:00 ]
2019-07-26 08:22:11,255 read KBE from av [ 2019-07-05 09:35:00 to 2019-07-25 16:00:00 ]
2019-07-26 08:22:11,948 read XLF from av [ 2019-07-05 09:35:00 to 2019-07-25 16:00:00 ]
2019-07-26 08:24:12,826 read XLP from av [ 2019-07-05 09:35:00 to 2019-07-25 16:00:00 ]
2019-07-26 08:24:13,620 read XLY from av [ 2019-07-05 09:35:00 to 2019-07-25 16:00:00 ]
2019-07-26 08:24:14,269 read VNQ from av [ 2019-07-05 09:35:00 to 2019-07-25 16:00:00 ]
2019-07-26 08:24:15,071 read XLB from av [ 2019-07-05 09:35:00 to 2019-07-25 16:00:00 ]
2019-07-26 08:24:15,665 read XLI from av [ 2019-07-05 09:35:00 to 2019-07-25 16:00:00 ]
2019-07-26 08:26:16,507 read KBWB from av [ 2019-07-05 09:35:00 to 2019-07-25 16:00:00 ]
