2019-02-08 08:01:35,232 read QQQ from av [ 2019-01-17 09:35:00 to 2019-02-07 16:00:00 ]
2019-02-08 08:01:35,911 read ^VIX from av [ 2019-01-17 09:35:00 to 2019-02-07 16:00:00 ]
2019-02-08 08:01:36,363 read FAS from av [ 2019-01-17 09:35:00 to 2019-02-07 16:00:00 ]
2019-02-08 08:01:36,857 read MIDU from av [ 2019-01-17 09:35:00 to 2019-02-07 16:00:00 ]
2019-02-08 08:01:37,268 read AAPL from av [ 2019-01-17 09:35:00 to 2019-02-07 16:00:00 ]
2019-02-08 08:03:37,835 read GOOG from av [ 2019-01-17 09:35:00 to 2019-02-07 16:00:00 ]
2019-02-08 08:03:38,228 read ^GSPC from av [ 2019-01-17 09:35:00 to 2019-02-07 16:00:00 ]
2019-02-08 08:03:38,620 read ^DJI from av [ 2019-01-17 09:35:00 to 2019-02-07 16:00:00 ]
2019-02-08 08:03:39,136 read ^TNX from av [ 2019-01-17 09:35:00 to 2019-02-07 15:00:00 ]
2019-02-08 08:03:39,869 read MSFT from av [ 2019-01-17 09:35:00 to 2019-02-07 16:00:00 ]
2019-02-08 08:05:40,638 read ^VXGOG from av [ 2019-01-17 09:35:00 to 2019-02-07 16:00:00 ]
2019-02-08 08:05:41,351 read ^VXAPL from av [ 2019-01-17 09:35:00 to 2019-02-07 16:00:00 ]
2019-02-08 08:05:41,935 read ^VXGS from av [ 2019-01-17 09:35:00 to 2019-02-07 16:00:00 ]
2019-02-08 08:05:42,526 read ^VXAZN from av [ 2019-01-17 09:35:00 to 2019-02-07 16:00:00 ]
2019-02-08 08:05:43,191 read ^VXIBM from av [ 2019-01-17 09:35:00 to 2019-02-07 16:00:00 ]
2019-02-08 08:07:44,263 read GS from av [ 2019-01-17 09:35:00 to 2019-02-07 16:00:00 ]
2019-02-08 08:07:44,915 read IBM from av [ 2019-01-17 09:35:00 to 2019-02-07 16:00:00 ]
2019-02-08 08:07:45,426 read FB from av [ 2019-01-17 09:35:00 to 2019-02-07 16:00:00 ]
2019-02-08 08:07:45,961 read ^TYVIX from av [ 2019-01-17 09:35:00 to 2019-02-07 16:00:00 ]
2019-02-08 08:07:46,904 read SPY from av [ 2019-01-17 09:35:00 to 2019-02-07 16:00:00 ]
2019-02-08 08:09:47,876 read GOOGL from av [ 2019-01-17 09:35:00 to 2019-02-07 16:00:00 ]
2019-02-08 08:09:48,609 read JPM from av [ 2019-01-17 09:35:00 to 2019-02-07 16:00:00 ]
2019-02-08 08:09:49,313 read JNJ from av [ 2019-01-17 09:35:00 to 2019-02-07 16:00:00 ]
2019-02-08 08:09:49,921 read BAC from av [ 2019-01-17 09:35:00 to 2019-02-07 16:00:00 ]
2019-02-08 08:09:50,626 read V from av [ 2019-01-17 09:35:00 to 2019-02-07 16:00:00 ]
2019-02-08 08:11:51,608 read WFC from av [ 2019-01-17 09:35:00 to 2019-02-07 16:00:00 ]
2019-02-08 08:11:52,282 read MA from av [ 2019-01-17 09:35:00 to 2019-02-07 16:00:00 ]
2019-02-08 08:11:52,878 read C from av [ 2019-01-17 09:35:00 to 2019-02-07 16:00:00 ]
2019-02-08 08:11:53,531 read PYPL from av [ 2019-01-17 09:35:00 to 2019-02-07 16:00:00 ]
2019-02-08 08:11:54,027 read OIL from av [ 2019-01-17 09:35:00 to 2019-02-07 16:00:00 ]
2019-02-08 08:13:54,597 read DX-Y.NYB from av [ 2019-02-08 00:00:00 to 2019-02-08 03:00:00 ]
2019-02-08 08:13:55,161 read GLD from av [ 2019-01-17 09:35:00 to 2019-02-07 16:00:00 ]
2019-02-08 08:13:55,731 read UUP from av [ 2019-01-17 09:35:00 to 2019-02-07 16:00:00 ]
2019-02-08 08:13:56,396 read SHY from av [ 2019-01-17 09:35:00 to 2019-02-07 16:00:00 ]
2019-02-08 08:13:56,980 read SHV from av [ 2019-01-17 09:35:00 to 2019-02-07 16:00:00 ]
2019-02-08 08:15:57,891 read IEF from av [ 2019-01-17 09:35:00 to 2019-02-07 16:00:00 ]
2019-02-08 08:15:58,392 read ^IRX from av [ 2019-01-17 09:35:00 to 2019-02-07 15:00:00 ]
2019-02-08 08:15:58,921 read ^FVX from av [ 2019-01-17 09:35:00 to 2019-02-07 15:00:00 ]
2019-02-08 08:15:59,421 read ^TYX from av [ 2019-01-17 09:35:00 to 2019-02-07 15:00:00 ]
2019-02-08 08:16:00,187 read SQQQ from av [ 2019-01-17 09:35:00 to 2019-02-07 16:00:00 ]
2019-02-08 08:16:00,936 read TQQQ from av [ 2019-01-17 09:35:00 to 2019-02-07 16:00:00 ]
2019-02-08 08:16:01,647 read ^VXX from av [ 2019-01-17 09:35:00 to 2019-02-07 16:00:00 ]
2019-02-08 08:16:02,294 read ^VXZ from av [ 2019-01-17 09:35:00 to 2019-02-07 16:00:00 ]
2019-02-08 08:16:02,953 read IYE from av [ 2019-01-17 09:35:00 to 2019-02-07 16:00:00 ]
2019-02-08 08:16:03,423 read IYY from av [ 2019-01-17 09:35:00 to 2019-02-07 15:50:00 ]
2019-02-08 08:16:04,214 read IYF from av [ 2019-01-17 09:35:00 to 2019-02-07 16:00:00 ]
2019-02-08 08:18:05,101 read IYR from av [ 2019-01-17 09:35:00 to 2019-02-07 16:00:00 ]
2019-02-08 08:18:05,706 read IYW from av [ 2019-01-17 09:35:00 to 2019-02-07 16:00:00 ]
2019-02-08 08:18:06,691 read IYT from av [ 2019-01-17 09:35:00 to 2019-02-07 16:00:00 ]
2019-02-08 08:18:07,259 read PEJ from av [ 2019-01-17 09:35:00 to 2019-02-07 16:00:00 ]
2019-02-08 08:18:07,926 read USO from av [ 2019-01-17 09:35:00 to 2019-02-07 16:00:00 ]
2019-02-08 08:20:08,700 read DBC from av [ 2019-01-17 09:35:00 to 2019-02-07 16:00:00 ]
2019-02-08 08:20:09,311 read GSG from av [ 2019-01-17 09:35:00 to 2019-02-07 16:00:00 ]
2019-02-08 08:20:09,903 read VTI from av [ 2019-01-17 09:35:00 to 2019-02-07 16:00:00 ]
2019-02-08 08:20:10,516 read ^RUT from av [ 2019-01-17 09:35:00 to 2019-02-07 16:00:00 ]
2019-02-08 08:20:11,203 read FDN from av [ 2019-01-17 09:35:00 to 2019-02-07 16:00:00 ]
2019-02-08 08:22:12,172 read XLV from av [ 2019-01-17 09:35:00 to 2019-02-07 16:00:00 ]
2019-02-08 08:22:12,978 read IBB from av [ 2019-01-17 09:35:00 to 2019-02-07 16:00:00 ]
2019-02-08 08:22:13,625 read KRE from av [ 2019-01-17 09:35:00 to 2019-02-07 16:00:00 ]
2019-02-08 08:22:14,268 read KBE from av [ 2019-01-17 09:35:00 to 2019-02-07 16:00:00 ]
2019-02-08 08:22:14,928 read XLF from av [ 2019-01-17 09:35:00 to 2019-02-07 16:00:00 ]
2019-02-08 08:24:15,827 read XLP from av [ 2019-01-17 09:35:00 to 2019-02-07 16:00:00 ]
2019-02-08 08:24:16,531 read XLY from av [ 2019-01-17 09:35:00 to 2019-02-07 16:00:00 ]
2019-02-08 08:24:17,143 read VNQ from av [ 2019-01-17 09:35:00 to 2019-02-07 16:00:00 ]
2019-02-08 08:24:17,755 read XLB from av [ 2019-01-17 09:35:00 to 2019-02-07 16:00:00 ]
2019-02-08 08:24:18,307 read XLI from av [ 2019-01-17 09:35:00 to 2019-02-07 16:00:00 ]
2019-02-08 08:26:19,158 read KBWB from av [ 2019-01-17 09:35:00 to 2019-02-07 16:00:00 ]
