2019-07-19 08:01:25,845 read QQQ from av [ 2019-06-27 09:35:00 to 2019-07-18 16:00:00 ]
2019-07-19 08:01:26,530 read ^VIX from av [ 2019-06-27 09:35:00 to 2019-07-18 16:00:00 ]
2019-07-19 08:01:27,179 read FAS from av [ 2019-06-27 09:35:00 to 2019-07-18 16:00:00 ]
2019-07-19 08:01:27,740 read MIDU from av [ 2019-06-27 09:35:00 to 2019-07-18 16:00:00 ]
2019-07-19 08:01:28,237 read AAPL from av [ 2019-06-27 09:35:00 to 2019-07-18 16:00:00 ]
2019-07-19 08:03:29,217 read GOOG from av [ 2019-06-27 09:35:00 to 2019-07-18 16:00:00 ]
2019-07-19 08:03:29,699 read ^GSPC from av [ 2019-06-27 09:35:00 to 2019-07-18 16:00:00 ]
2019-07-19 08:03:30,254 read ^DJI from av [ 2019-06-27 09:35:00 to 2019-07-18 16:00:00 ]
2019-07-19 08:03:30,856 read ^TNX from av [ 2019-06-27 09:35:00 to 2019-07-18 15:00:00 ]
2019-07-19 08:03:31,594 read MSFT from av [ 2019-06-27 09:35:00 to 2019-07-18 16:00:00 ]
2019-07-19 08:05:32,492 read ^VXGOG from av [ 2019-06-27 09:35:00 to 2019-07-18 16:00:00 ]
2019-07-19 08:05:33,175 read ^VXAPL from av [ 2019-06-27 09:35:00 to 2019-07-18 16:00:00 ]
2019-07-19 08:05:33,861 read ^VXGS from av [ 2019-06-27 09:35:00 to 2019-07-18 16:00:00 ]
2019-07-19 08:05:34,420 read ^VXAZN from av [ 2019-06-27 09:35:00 to 2019-07-18 16:00:00 ]
2019-07-19 08:05:34,962 read ^VXIBM from av [ 2019-06-27 09:35:00 to 2019-07-18 16:00:00 ]
2019-07-19 08:07:35,822 read GS from av [ 2019-06-27 09:35:00 to 2019-07-18 16:00:00 ]
2019-07-19 08:07:36,498 read IBM from av [ 2019-06-27 09:35:00 to 2019-07-18 16:00:00 ]
2019-07-19 08:07:36,906 read FB from av [ 2019-06-27 09:35:00 to 2019-07-18 16:00:00 ]
2019-07-19 08:07:37,497 read ^TYVIX from av [ 2019-06-27 09:35:00 to 2019-07-18 16:00:00 ]
2019-07-19 08:07:37,938 read SPY from av [ 2019-06-27 09:35:00 to 2019-07-18 16:00:00 ]
2019-07-19 08:09:38,796 read GOOGL from av [ 2019-06-27 09:35:00 to 2019-07-18 16:00:00 ]
2019-07-19 08:09:39,532 read JPM from av [ 2019-06-27 09:35:00 to 2019-07-18 16:00:00 ]
2019-07-19 08:09:40,345 read JNJ from av [ 2019-06-27 09:35:00 to 2019-07-18 16:00:00 ]
2019-07-19 08:09:40,989 read BAC from av [ 2019-06-27 09:35:00 to 2019-07-18 16:00:00 ]
2019-07-19 08:09:41,933 read V from av [ 2019-06-27 09:35:00 to 2019-07-18 16:00:00 ]
2019-07-19 08:11:42,955 read WFC from av [ 2019-06-27 09:35:00 to 2019-07-18 16:00:00 ]
2019-07-19 08:11:43,707 read MA from av [ 2019-06-27 09:35:00 to 2019-07-18 16:00:00 ]
2019-07-19 08:11:44,341 read C from av [ 2019-06-27 09:35:00 to 2019-07-18 16:00:00 ]
2019-07-19 08:11:44,803 read PYPL from av [ 2019-06-27 09:35:00 to 2019-07-18 16:00:00 ]
2019-07-19 08:11:45,263 read OIL from av [ 2019-06-27 09:35:00 to 2019-07-18 16:00:00 ]
2019-07-19 08:13:46,238 read DX-Y.NYB from av [ 2019-07-02 00:00:00 to 2019-07-19 03:05:00 ]
2019-07-19 08:13:46,925 read GLD from av [ 2019-06-27 09:35:00 to 2019-07-18 16:00:00 ]
2019-07-19 08:13:47,649 read UUP from av [ 2019-06-27 09:35:00 to 2019-07-18 16:00:00 ]
2019-07-19 08:13:48,368 read SHY from av [ 2019-06-27 09:35:00 to 2019-07-18 16:00:00 ]
2019-07-19 08:13:48,971 read SHV from av [ 2019-06-27 09:35:00 to 2019-07-18 16:00:00 ]
2019-07-19 08:15:49,779 read IEF from av [ 2019-06-27 09:35:00 to 2019-07-18 16:00:00 ]
2019-07-19 08:15:50,415 read ^IRX from av [ 2019-06-27 09:35:00 to 2019-07-18 15:00:00 ]
2019-07-19 08:15:51,149 read ^FVX from av [ 2019-06-27 09:35:00 to 2019-07-18 15:00:00 ]
2019-07-19 08:15:51,747 read ^TYX from av [ 2019-06-27 09:35:00 to 2019-07-18 15:00:00 ]
2019-07-19 08:15:52,444 read SQQQ from av [ 2019-06-27 09:35:00 to 2019-07-18 16:00:00 ]
2019-07-19 08:17:53,366 read TQQQ from av [ 2019-06-27 09:35:00 to 2019-07-18 16:00:00 ]
2019-07-19 08:17:53,981 read ^VXX from av [ 2019-06-27 09:35:00 to 2019-07-18 16:00:00 ]
2019-07-19 08:17:54,641 read ^VXZ from av [ 2019-06-27 09:35:00 to 2019-07-18 16:00:00 ]
2019-07-19 08:17:55,292 read IYE from av [ 2019-06-27 09:35:00 to 2019-07-18 16:00:00 ]
2019-07-19 08:17:55,871 read IYY from av [ 2019-06-27 09:35:00 to 2019-07-18 16:00:00 ]
2019-07-19 08:19:56,715 read IYF from av [ 2019-06-27 09:35:00 to 2019-07-18 16:00:00 ]
2019-07-19 08:19:57,435 read IYR from av [ 2019-06-27 09:35:00 to 2019-07-18 16:00:00 ]
2019-07-19 08:19:58,018 read IYW from av [ 2019-06-27 09:35:00 to 2019-07-18 16:00:00 ]
2019-07-19 08:19:58,776 read IYT from av [ 2019-06-27 09:35:00 to 2019-07-18 16:00:00 ]
2019-07-19 08:19:59,250 read PEJ from av [ 2019-06-27 09:55:00 to 2019-07-18 14:15:00 ]
2019-07-19 08:22:00,060 read USO from av [ 2019-06-27 09:35:00 to 2019-07-18 16:00:00 ]
2019-07-19 08:22:00,825 read DBC from av [ 2019-06-27 09:35:00 to 2019-07-18 16:00:00 ]
2019-07-19 08:22:01,534 read GSG from av [ 2019-06-27 09:35:00 to 2019-07-18 16:00:00 ]
2019-07-19 08:22:02,338 read VTI from av [ 2019-06-27 09:35:00 to 2019-07-18 16:00:00 ]
2019-07-19 08:22:03,147 read ^RUT from av [ 2019-06-27 09:35:00 to 2019-07-18 16:00:00 ]
2019-07-19 08:22:03,885 read FDN from av [ 2019-06-27 09:35:00 to 2019-07-18 16:00:00 ]
2019-07-19 08:22:04,703 read XLV from av [ 2019-06-27 09:35:00 to 2019-07-18 16:00:00 ]
2019-07-19 08:24:05,597 read IBB from av [ 2019-06-27 09:35:00 to 2019-07-18 16:00:00 ]
2019-07-19 08:24:06,324 read KRE from av [ 2019-06-27 09:35:00 to 2019-07-18 16:00:00 ]
2019-07-19 08:24:06,967 read KBE from av [ 2019-06-27 09:35:00 to 2019-07-18 16:00:00 ]
2019-07-19 08:24:07,748 read XLF from av [ 2019-06-27 09:35:00 to 2019-07-18 16:00:00 ]
2019-07-19 08:24:08,573 read XLP from av [ 2019-06-27 09:35:00 to 2019-07-18 16:00:00 ]
2019-07-19 08:26:09,361 read XLY from av [ 2019-06-27 09:35:00 to 2019-07-18 16:00:00 ]
2019-07-19 08:26:10,008 read VNQ from av [ 2019-06-27 09:35:00 to 2019-07-18 16:00:00 ]
2019-07-19 08:26:10,731 read XLB from av [ 2019-06-27 09:35:00 to 2019-07-18 16:00:00 ]
2019-07-19 08:26:11,499 read XLI from av [ 2019-06-27 09:35:00 to 2019-07-18 16:00:00 ]
2019-07-19 08:26:12,279 read KBWB from av [ 2019-06-27 09:35:00 to 2019-07-18 16:00:00 ]
