2019-01-25 08:01:29,542 read QQQ from av [ 2019-01-03 09:35:00 to 2019-01-24 16:00:00 ]
2019-01-25 08:01:30,293 read ^VIX from av [ 2019-01-03 09:35:00 to 2019-01-24 16:00:00 ]
2019-01-25 08:01:30,647 read FAS from av [ 2019-01-03 09:35:00 to 2019-01-24 16:00:00 ]
2019-01-25 08:01:31,206 read MIDU from av [ 2019-01-03 09:35:00 to 2019-01-24 15:55:00 ]
2019-01-25 08:01:31,855 read AAPL from av [ 2019-01-03 09:35:00 to 2019-01-24 16:00:00 ]
2019-01-25 08:03:32,650 read GOOG from av [ 2019-01-03 09:35:00 to 2019-01-24 16:00:00 ]
2019-01-25 08:03:33,025 read ^GSPC from av [ 2019-01-03 09:35:00 to 2019-01-24 16:00:00 ]
2019-01-25 08:03:33,549 read ^DJI from av [ 2019-01-03 09:35:00 to 2019-01-24 16:00:00 ]
2019-01-25 08:03:34,116 read ^TNX from av [ 2019-01-03 09:35:00 to 2019-01-24 15:00:00 ]
2019-01-25 08:03:34,469 read MSFT from av [ 2019-01-03 09:35:00 to 2019-01-24 16:00:00 ]
2019-01-25 08:05:35,223 read ^VXGOG from av [ 2019-01-03 09:35:00 to 2019-01-24 16:00:00 ]
2019-01-25 08:05:35,857 read ^VXAPL from av [ 2019-01-03 09:35:00 to 2019-01-24 16:00:00 ]
2019-01-25 08:05:36,453 read ^VXGS from av [ 2019-01-03 09:35:00 to 2019-01-24 16:00:00 ]
2019-01-25 08:05:37,047 read ^VXAZN from av [ 2019-01-03 09:35:00 to 2019-01-24 16:00:00 ]
2019-01-25 08:05:37,633 read ^VXIBM from av [ 2019-01-03 09:35:00 to 2019-01-24 16:00:00 ]
2019-01-25 08:07:38,557 read GS from av [ 2019-01-03 09:35:00 to 2019-01-24 16:00:00 ]
2019-01-25 08:07:39,215 read IBM from av [ 2019-01-03 09:35:00 to 2019-01-24 16:00:00 ]
2019-01-25 08:07:39,788 read FB from av [ 2019-01-03 09:35:00 to 2019-01-24 16:00:00 ]
2019-01-25 08:07:40,373 read ^TYVIX from av [ 2019-01-03 09:35:00 to 2019-01-24 16:00:00 ]
2019-01-25 08:07:41,061 read SPY from av [ 2019-01-03 09:35:00 to 2019-01-24 16:00:00 ]
2019-01-25 08:09:41,647 read GOOGL from av [ 2019-01-03 09:35:00 to 2019-01-24 16:00:00 ]
2019-01-25 08:09:42,322 read JPM from av [ 2019-01-03 09:35:00 to 2019-01-24 16:00:00 ]
2019-01-25 08:09:42,879 read JNJ from av [ 2019-01-03 09:35:00 to 2019-01-24 16:00:00 ]
2019-01-25 08:09:43,498 read BAC from av [ 2019-01-03 09:35:00 to 2019-01-24 16:00:00 ]
2019-01-25 08:09:44,174 read V from av [ 2019-01-03 09:35:00 to 2019-01-24 16:00:00 ]
2019-01-25 08:11:45,226 read WFC from av [ 2019-01-03 09:35:00 to 2019-01-24 16:00:00 ]
2019-01-25 08:11:45,855 read MA from av [ 2019-01-03 09:35:00 to 2019-01-24 16:00:00 ]
2019-01-25 08:11:46,363 read C from av [ 2019-01-03 09:35:00 to 2019-01-24 16:00:00 ]
2019-01-25 08:11:47,062 read PYPL from av [ 2019-01-03 09:35:00 to 2019-01-24 16:00:00 ]
2019-01-25 08:11:47,497 read OIL from av [ 2019-01-03 09:35:00 to 2019-01-24 14:45:00 ]
2019-01-25 08:13:47,966 read DX-Y.NYB from av [ 2019-01-25 00:00:00 to 2019-01-25 03:00:00 ]
2019-01-25 08:13:48,565 read GLD from av [ 2019-01-03 09:35:00 to 2019-01-24 16:00:00 ]
2019-01-25 08:13:49,155 read UUP from av [ 2019-01-03 09:35:00 to 2019-01-24 16:00:00 ]
2019-01-25 08:13:49,768 read SHY from av [ 2019-01-03 09:35:00 to 2019-01-24 16:00:00 ]
2019-01-25 08:13:50,387 read SHV from av [ 2019-01-03 09:35:00 to 2019-01-24 16:00:00 ]
2019-01-25 08:15:51,181 read IEF from av [ 2019-01-03 09:35:00 to 2019-01-24 16:00:00 ]
2019-01-25 08:15:51,852 read ^IRX from av [ 2019-01-03 09:35:00 to 2019-01-24 15:00:00 ]
2019-01-25 08:15:52,382 read ^FVX from av [ 2019-01-03 09:35:00 to 2019-01-24 15:00:00 ]
2019-01-25 08:15:52,887 read ^TYX from av [ 2019-01-03 09:35:00 to 2019-01-24 15:00:00 ]
2019-01-25 08:15:53,477 read SQQQ from av [ 2019-01-03 09:35:00 to 2019-01-24 16:00:00 ]
2019-01-25 08:17:54,411 read TQQQ from av [ 2019-01-03 09:35:00 to 2019-01-24 16:00:00 ]
2019-01-25 08:17:55,086 read ^VXX from av [ 2019-01-03 09:35:00 to 2019-01-24 16:00:00 ]
2019-01-25 08:17:55,628 read ^VXZ from av [ 2019-01-03 09:35:00 to 2019-01-24 16:00:00 ]
2019-01-25 08:17:56,190 read IYE from av [ 2019-01-03 09:35:00 to 2019-01-24 16:00:00 ]
2019-01-25 08:17:56,734 read IYY from av [ 2019-01-03 09:35:00 to 2019-01-24 16:00:00 ]
2019-01-25 08:19:57,648 read IYF from av [ 2019-01-03 09:35:00 to 2019-01-24 16:00:00 ]
2019-01-25 08:19:58,373 read IYR from av [ 2019-01-03 09:35:00 to 2019-01-24 16:00:00 ]
2019-01-25 08:19:58,931 read IYW from av [ 2019-01-03 09:35:00 to 2019-01-24 16:00:00 ]
2019-01-25 08:19:59,630 read IYT from av [ 2019-01-03 09:35:00 to 2019-01-24 16:00:00 ]
2019-01-25 08:20:00,049 read PEJ from av [ 2019-01-03 09:35:00 to 2019-01-24 15:50:00 ]
2019-01-25 08:20:00,680 read USO from av [ 2019-01-03 09:35:00 to 2019-01-24 16:00:00 ]
2019-01-25 08:20:01,419 read DBC from av [ 2019-01-03 09:35:00 to 2019-01-24 16:00:00 ]
2019-01-25 08:20:02,171 read GSG from av [ 2019-01-03 09:35:00 to 2019-01-24 16:00:00 ]
2019-01-25 08:20:03,240 read VTI from av [ 2019-01-03 09:35:00 to 2019-01-24 16:00:00 ]
2019-01-25 08:20:03,870 read ^RUT from av [ 2019-01-03 09:35:00 to 2019-01-24 16:00:00 ]
2019-01-25 08:20:04,446 read FDN from av [ 2019-01-03 09:35:00 to 2019-01-24 16:00:00 ]
2019-01-25 08:20:05,096 read XLV from av [ 2019-01-03 09:35:00 to 2019-01-24 16:00:00 ]
2019-01-25 08:22:05,936 read IBB from av [ 2019-01-03 09:35:00 to 2019-01-24 16:00:00 ]
2019-01-25 08:22:06,749 read KRE from av [ 2019-01-03 09:35:00 to 2019-01-24 16:00:00 ]
2019-01-25 08:22:07,375 read KBE from av [ 2019-01-03 09:35:00 to 2019-01-24 16:00:00 ]
2019-01-25 08:22:08,077 read XLF from av [ 2019-01-03 09:35:00 to 2019-01-24 16:00:00 ]
2019-01-25 08:22:08,616 read XLP from av [ 2019-01-03 09:35:00 to 2019-01-24 16:00:00 ]
2019-01-25 08:24:09,455 read XLY from av [ 2019-01-03 09:35:00 to 2019-01-24 16:00:00 ]
2019-01-25 08:24:10,321 read VNQ from av [ 2019-01-03 09:35:00 to 2019-01-24 16:00:00 ]
2019-01-25 08:24:10,975 read XLB from av [ 2019-01-03 09:35:00 to 2019-01-24 16:00:00 ]
2019-01-25 08:24:11,576 read XLI from av [ 2019-01-03 09:35:00 to 2019-01-24 16:00:00 ]
2019-01-25 08:24:12,211 read KBWB from av [ 2019-01-03 09:35:00 to 2019-01-24 16:00:00 ]
