2019-08-30 08:01:33,352 read QQQ from av [ 2019-08-09 09:35:00 to 2019-08-29 16:00:00 ]
2019-08-30 08:01:34,041 read ^VIX from av [ 2019-08-09 09:35:00 to 2019-08-29 16:00:00 ]
2019-08-30 08:01:35,332 read FAS from av [ 2019-08-09 09:35:00 to 2019-08-29 16:00:00 ]
2019-08-30 08:01:36,494 read MIDU from av [ 2019-08-09 09:35:00 to 2019-08-29 16:00:00 ]
2019-08-30 08:01:37,011 read AAPL from av [ 2019-08-09 09:35:00 to 2019-08-29 16:00:00 ]
2019-08-30 08:03:38,701 read GOOG from av [ 2019-08-09 09:35:00 to 2019-08-29 16:00:00 ]
2019-08-30 08:03:39,388 read ^GSPC from av [ 2019-08-09 09:35:00 to 2019-08-29 16:00:00 ]
2019-08-30 08:03:39,852 read ^DJI from av [ 2019-08-09 09:35:00 to 2019-08-29 16:00:00 ]
2019-08-30 08:03:41,048 read ^TNX from av [ 2019-08-09 09:35:00 to 2019-08-29 15:00:00 ]
2019-08-30 08:03:41,556 read MSFT from av [ 2019-08-09 09:35:00 to 2019-08-29 16:00:00 ]
2019-08-30 08:05:42,962 read ^VXGOG from av [ 2019-08-09 09:35:00 to 2019-08-29 16:00:00 ]
2019-08-30 08:05:44,446 read ^VXAPL from av [ 2019-08-09 09:35:00 to 2019-08-29 16:00:00 ]
2019-08-30 08:05:45,746 read ^VXGS from av [ 2019-08-09 09:35:00 to 2019-08-29 16:00:00 ]
2019-08-30 08:05:47,019 read ^VXAZN from av [ 2019-08-09 09:35:00 to 2019-08-29 16:00:00 ]
2019-08-30 08:05:48,370 read ^VXIBM from av [ 2019-08-09 09:35:00 to 2019-08-29 16:00:00 ]
2019-08-30 08:07:50,015 read GS from av [ 2019-08-09 09:35:00 to 2019-08-29 16:00:00 ]
2019-08-30 08:07:51,459 read IBM from av [ 2019-08-09 09:35:00 to 2019-08-29 16:00:00 ]
2019-08-30 08:07:52,667 read FB from av [ 2019-08-09 09:35:00 to 2019-08-29 16:00:00 ]
2019-08-30 08:07:53,860 read ^TYVIX from av [ 2019-08-09 09:35:00 to 2019-08-29 16:00:00 ]
2019-08-30 08:07:54,342 read SPY from av [ 2019-08-09 09:35:00 to 2019-08-29 16:00:00 ]
2019-08-30 08:09:55,118 read GOOGL from av [ 2019-08-09 09:35:00 to 2019-08-29 16:00:00 ]
2019-08-30 08:09:56,475 read JPM from av [ 2019-08-09 09:35:00 to 2019-08-29 16:00:00 ]
2019-08-30 08:09:57,790 read JNJ from av [ 2019-08-09 09:35:00 to 2019-08-29 16:00:00 ]
2019-08-30 08:09:59,130 read BAC from av [ 2019-08-09 09:35:00 to 2019-08-29 16:00:00 ]
2019-08-30 08:10:00,605 read V from av [ 2019-08-09 09:35:00 to 2019-08-29 16:00:00 ]
2019-08-30 08:10:02,239 read WFC from av [ 2019-08-09 09:35:00 to 2019-08-29 16:00:00 ]
2019-08-30 08:10:03,869 read MA from av [ 2019-08-09 09:35:00 to 2019-08-29 16:00:00 ]
2019-08-30 08:10:06,165 read C from av [ 2019-08-09 09:35:00 to 2019-08-29 16:00:00 ]
2019-08-30 08:10:07,505 read PYPL from av [ 2019-08-09 09:35:00 to 2019-08-29 16:00:00 ]
2019-08-30 08:10:08,573 read OIL from av [ 2019-08-09 09:35:00 to 2019-08-29 16:00:00 ]
2019-08-30 08:10:09,932 read DX-Y.NYB from av [ 2019-08-14 00:00:00 to 2019-08-30 03:20:00 ]
2019-08-30 08:12:11,463 read GLD from av [ 2019-08-09 09:35:00 to 2019-08-29 16:00:00 ]
2019-08-30 08:12:12,843 read UUP from av [ 2019-08-09 09:35:00 to 2019-08-29 16:00:00 ]
2019-08-30 08:12:14,132 read SHY from av [ 2019-08-09 09:35:00 to 2019-08-29 16:00:00 ]
2019-08-30 08:12:15,447 read SHV from av [ 2019-08-09 09:35:00 to 2019-08-29 16:00:00 ]
2019-08-30 08:12:16,755 read IEF from av [ 2019-08-09 09:35:00 to 2019-08-29 16:00:00 ]
2019-08-30 08:14:18,224 read ^IRX from av [ 2019-08-09 09:35:00 to 2019-08-29 15:00:00 ]
2019-08-30 08:14:19,568 read ^FVX from av [ 2019-08-09 09:35:00 to 2019-08-29 15:00:00 ]
2019-08-30 08:14:21,250 read ^TYX from av [ 2019-08-09 09:35:00 to 2019-08-29 15:00:00 ]
2019-08-30 08:14:22,592 read SQQQ from av [ 2019-08-09 09:35:00 to 2019-08-29 16:00:00 ]
2019-08-30 08:14:23,958 read TQQQ from av [ 2019-08-09 09:35:00 to 2019-08-29 16:00:00 ]
2019-08-30 08:16:25,508 read ^VXX from av [ 2019-08-09 09:35:00 to 2019-08-29 16:00:00 ]
2019-08-30 08:16:26,826 read ^VXZ from av [ 2019-08-09 09:35:00 to 2019-08-29 16:00:00 ]
2019-08-30 08:16:28,304 read IYE from av [ 2019-08-09 09:35:00 to 2019-08-29 16:00:00 ]
2019-08-30 08:16:29,528 read IYY from av [ 2019-08-09 09:35:00 to 2019-08-29 16:00:00 ]
2019-08-30 08:16:30,917 read IYF from av [ 2019-08-09 09:35:00 to 2019-08-29 16:00:00 ]
2019-08-30 08:18:32,430 read IYR from av [ 2019-08-09 09:35:00 to 2019-08-29 16:00:00 ]
2019-08-30 08:18:33,774 read IYW from av [ 2019-08-09 09:35:00 to 2019-08-29 16:00:00 ]
2019-08-30 08:18:35,178 read IYT from av [ 2019-08-09 09:35:00 to 2019-08-29 16:00:00 ]
2019-08-30 08:18:36,105 read PEJ from av [ 2019-08-09 09:35:00 to 2019-08-29 15:50:00 ]
2019-08-30 08:18:37,288 read USO from av [ 2019-08-09 09:35:00 to 2019-08-29 16:00:00 ]
2019-08-30 08:20:39,108 read DBC from av [ 2019-08-09 09:35:00 to 2019-08-29 16:00:00 ]
2019-08-30 08:20:40,389 read GSG from av [ 2019-08-09 09:35:00 to 2019-08-29 16:00:00 ]
2019-08-30 08:20:41,845 read VTI from av [ 2019-08-09 09:35:00 to 2019-08-29 10:05:00 ]
2019-08-30 08:20:43,124 read ^RUT from av [ 2019-08-09 09:35:00 to 2019-08-29 16:00:00 ]
2019-08-30 08:20:44,968 read FDN from av [ 2019-08-09 09:35:00 to 2019-08-29 16:00:00 ]
2019-08-30 08:22:46,369 read XLV from av [ 2019-08-09 09:35:00 to 2019-08-29 16:00:00 ]
2019-08-30 08:22:47,733 read IBB from av [ 2019-08-09 09:35:00 to 2019-08-29 16:00:00 ]
2019-08-30 08:22:49,248 read KRE from av [ 2019-08-09 09:35:00 to 2019-08-29 16:00:00 ]
2019-08-30 08:22:50,595 read KBE from av [ 2019-08-09 09:35:00 to 2019-08-29 16:00:00 ]
2019-08-30 08:22:51,916 read XLF from av [ 2019-08-09 09:35:00 to 2019-08-29 16:00:00 ]
2019-08-30 08:24:53,465 read XLP from av [ 2019-08-09 09:35:00 to 2019-08-29 16:00:00 ]
2019-08-30 08:24:54,757 read XLY from av [ 2019-08-09 09:35:00 to 2019-08-29 16:00:00 ]
2019-08-30 08:24:56,196 read VNQ from av [ 2019-08-09 09:35:00 to 2019-08-29 16:00:00 ]
2019-08-30 08:24:57,558 read XLB from av [ 2019-08-09 09:35:00 to 2019-08-29 16:00:00 ]
2019-08-30 08:24:59,097 read XLI from av [ 2019-08-09 09:35:00 to 2019-08-29 16:00:00 ]
2019-08-30 08:27:00,647 read KBWB from av [ 2019-08-09 09:35:00 to 2019-08-29 16:00:00 ]
