2019-08-16 08:01:31,979 read QQQ from av [ 2019-07-26 09:35:00 to 2019-08-15 16:00:00 ]
2019-08-16 08:01:32,765 read ^VIX from av [ 2019-07-26 09:35:00 to 2019-08-15 16:00:00 ]
2019-08-16 08:01:33,567 read FAS from av [ 2019-07-26 09:35:00 to 2019-08-15 16:00:00 ]
2019-08-16 08:01:34,193 read MIDU from av [ 2019-07-26 09:35:00 to 2019-08-15 16:00:00 ]
2019-08-16 08:01:34,575 read AAPL from av [ 2019-07-26 09:35:00 to 2019-08-15 16:00:00 ]
2019-08-16 08:03:35,507 read GOOG from av [ 2019-07-26 09:35:00 to 2019-08-15 16:00:00 ]
2019-08-16 08:03:36,407 read ^GSPC from av [ 2019-07-26 09:35:00 to 2019-08-15 16:00:00 ]
2019-08-16 08:03:37,060 read ^DJI from av [ 2019-07-26 09:35:00 to 2019-08-15 16:00:00 ]
2019-08-16 08:03:37,773 read ^TNX from av [ 2019-07-26 09:35:00 to 2019-08-15 15:00:00 ]
2019-08-16 08:03:38,551 read MSFT from av [ 2019-07-26 09:35:00 to 2019-08-15 16:00:00 ]
2019-08-16 08:05:39,571 read ^VXGOG from av [ 2019-07-26 09:35:00 to 2019-08-15 16:00:00 ]
2019-08-16 08:05:40,223 read ^VXAPL from av [ 2019-07-26 09:35:00 to 2019-08-15 16:00:00 ]
2019-08-16 08:05:40,927 read ^VXGS from av [ 2019-07-26 09:35:00 to 2019-08-15 16:00:00 ]
2019-08-16 08:05:41,624 read ^VXAZN from av [ 2019-07-26 09:35:00 to 2019-08-15 16:00:00 ]
2019-08-16 08:05:42,338 read ^VXIBM from av [ 2019-07-26 09:35:00 to 2019-08-15 16:00:00 ]
2019-08-16 08:07:43,413 read GS from av [ 2019-07-26 09:35:00 to 2019-08-15 16:00:00 ]
2019-08-16 08:07:44,396 read IBM from av [ 2019-07-26 09:35:00 to 2019-08-15 16:00:00 ]
2019-08-16 08:07:45,131 read FB from av [ 2019-07-26 09:35:00 to 2019-08-15 16:00:00 ]
2019-08-16 08:07:45,902 read ^TYVIX from av [ 2019-07-26 09:35:00 to 2019-08-15 16:00:00 ]
2019-08-16 08:07:46,693 read SPY from av [ 2019-07-26 09:35:00 to 2019-08-15 16:00:00 ]
2019-08-16 08:09:47,613 read GOOGL from av [ 2019-07-26 09:35:00 to 2019-08-15 16:00:00 ]
2019-08-16 08:09:48,347 read JPM from av [ 2019-07-26 09:35:00 to 2019-08-15 16:00:00 ]
2019-08-16 08:09:49,030 read JNJ from av [ 2019-07-26 09:35:00 to 2019-08-15 16:00:00 ]
2019-08-16 08:09:49,877 read BAC from av [ 2019-07-26 09:35:00 to 2019-08-15 16:00:00 ]
2019-08-16 08:09:50,656 read V from av [ 2019-07-26 09:35:00 to 2019-08-15 16:00:00 ]
2019-08-16 08:11:51,675 read WFC from av [ 2019-07-26 09:35:00 to 2019-08-15 16:00:00 ]
2019-08-16 08:11:52,443 read MA from av [ 2019-07-26 09:35:00 to 2019-08-15 16:00:00 ]
2019-08-16 08:11:52,927 read C from av [ 2019-07-26 09:35:00 to 2019-08-15 16:00:00 ]
2019-08-16 08:11:53,665 read PYPL from av [ 2019-07-26 09:35:00 to 2019-08-15 16:00:00 ]
2019-08-16 08:11:54,374 read OIL from av [ 2019-07-26 09:40:00 to 2019-08-15 16:00:00 ]
2019-08-16 08:13:55,376 read DX-Y.NYB from av [ 2019-07-31 01:05:00 to 2019-08-16 03:50:00 ]
2019-08-16 08:13:56,032 read GLD from av [ 2019-07-26 09:35:00 to 2019-08-15 16:00:00 ]
2019-08-16 08:13:56,847 read UUP from av [ 2019-07-26 09:35:00 to 2019-08-15 16:00:00 ]
2019-08-16 08:13:57,699 read SHY from av [ 2019-07-26 09:35:00 to 2019-08-15 16:00:00 ]
2019-08-16 08:13:58,303 read SHV from av [ 2019-07-26 09:35:00 to 2019-08-15 16:00:00 ]
2019-08-16 08:15:59,338 read IEF from av [ 2019-07-26 09:35:00 to 2019-08-15 16:00:00 ]
2019-08-16 08:15:59,947 read ^IRX from av [ 2019-07-26 09:35:00 to 2019-08-15 15:00:00 ]
2019-08-16 08:16:00,578 read ^FVX from av [ 2019-07-26 09:35:00 to 2019-08-15 15:00:00 ]
2019-08-16 08:16:01,281 read ^TYX from av [ 2019-07-26 09:35:00 to 2019-08-15 15:00:00 ]
2019-08-16 08:16:01,991 read SQQQ from av [ 2019-07-26 09:35:00 to 2019-08-15 16:00:00 ]
2019-08-16 08:16:02,963 read TQQQ from av [ 2019-07-26 09:35:00 to 2019-08-15 16:00:00 ]
2019-08-16 08:16:03,681 read ^VXX from av [ 2019-07-26 09:35:00 to 2019-08-15 16:00:00 ]
2019-08-16 08:16:04,367 read ^VXZ from av [ 2019-07-26 09:35:00 to 2019-08-15 16:00:00 ]
2019-08-16 08:16:05,505 read IYE from av [ 2019-07-26 09:35:00 to 2019-08-15 16:00:00 ]
2019-08-16 08:18:06,676 read IYY from av [ 2019-07-26 09:35:00 to 2019-08-15 16:00:00 ]
2019-08-16 08:18:07,278 read IYF from av [ 2019-07-26 09:35:00 to 2019-08-15 16:00:00 ]
2019-08-16 08:18:08,006 read IYR from av [ 2019-07-26 09:35:00 to 2019-08-15 16:00:00 ]
2019-08-16 08:18:08,713 read IYW from av [ 2019-07-26 09:35:00 to 2019-08-15 16:00:00 ]
2019-08-16 08:18:09,298 read IYT from av [ 2019-07-26 09:35:00 to 2019-08-15 16:00:00 ]
2019-08-16 08:20:10,018 read PEJ from av [ 2019-07-26 09:35:00 to 2019-08-15 15:00:00 ]
2019-08-16 08:20:10,762 read USO from av [ 2019-07-26 09:35:00 to 2019-08-15 16:00:00 ]
2019-08-16 08:20:11,530 read DBC from av [ 2019-07-26 09:35:00 to 2019-08-15 16:00:00 ]
2019-08-16 08:20:12,225 read GSG from av [ 2019-07-26 09:35:00 to 2019-08-15 16:00:00 ]
2019-08-16 08:20:12,962 read VTI from av [ 2019-07-26 09:35:00 to 2019-08-15 10:05:00 ]
2019-08-16 08:22:14,050 read ^RUT from av [ 2019-07-26 09:35:00 to 2019-08-15 16:00:00 ]
2019-08-16 08:22:14,883 read FDN from av [ 2019-07-26 09:35:00 to 2019-08-15 16:00:00 ]
2019-08-16 08:22:15,885 read XLV from av [ 2019-07-26 09:35:00 to 2019-08-15 16:00:00 ]
2019-08-16 08:22:16,617 read IBB from av [ 2019-07-26 09:35:00 to 2019-08-15 16:00:00 ]
2019-08-16 08:22:17,367 read KRE from av [ 2019-07-26 09:35:00 to 2019-08-15 16:00:00 ]
2019-08-16 08:24:18,459 read KBE from av [ 2019-07-26 09:35:00 to 2019-08-15 16:00:00 ]
2019-08-16 08:24:19,305 read XLF from av [ 2019-07-26 09:35:00 to 2019-08-15 16:00:00 ]
2019-08-16 08:24:20,121 read XLP from av [ 2019-07-26 09:35:00 to 2019-08-15 16:00:00 ]
2019-08-16 08:24:20,903 read XLY from av [ 2019-07-26 09:35:00 to 2019-08-15 16:00:00 ]
2019-08-16 08:24:21,746 read VNQ from av [ 2019-07-26 09:35:00 to 2019-08-15 16:00:00 ]
2019-08-16 08:26:23,933 read XLB from av [ 2019-07-26 09:35:00 to 2019-08-15 16:00:00 ]
2019-08-16 08:26:25,083 read XLI from av [ 2019-07-26 09:35:00 to 2019-08-15 16:00:00 ]
2019-08-16 08:26:25,783 read KBWB from av [ 2019-07-26 09:35:00 to 2019-08-15 16:00:00 ]
