2019-09-06 08:01:27,456 read QQQ from av [ 2019-08-15 09:35:00 to 2019-09-05 16:00:00 ]
2019-09-06 08:01:28,101 read ^VIX from av [ 2019-08-15 09:35:00 to 2019-09-05 16:00:00 ]
2019-09-06 08:01:29,415 read FAS from av [ 2019-08-15 09:35:00 to 2019-09-05 16:00:00 ]
2019-09-06 08:01:30,704 read MIDU from av [ 2019-08-15 09:35:00 to 2019-09-05 16:00:00 ]
2019-09-06 08:01:31,095 read AAPL from av [ 2019-08-15 09:35:00 to 2019-09-05 16:00:00 ]
2019-09-06 08:03:32,575 read GOOG from av [ 2019-08-15 09:35:00 to 2019-09-05 16:00:00 ]
2019-09-06 08:03:33,851 read ^GSPC from av [ 2019-08-15 09:35:00 to 2019-09-05 16:00:00 ]
2019-09-06 08:03:35,165 read ^DJI from av [ 2019-08-15 09:35:00 to 2019-09-05 16:00:00 ]
2019-09-06 08:03:36,391 read ^TNX from av [ 2019-08-15 09:35:00 to 2019-09-05 15:00:00 ]
2019-09-06 08:03:36,886 read MSFT from av [ 2019-08-15 09:35:00 to 2019-09-05 16:00:00 ]
2019-09-06 08:05:38,411 read ^VXGOG from av [ 2019-08-15 09:35:00 to 2019-09-05 16:00:00 ]
2019-09-06 08:05:39,676 read ^VXAPL from av [ 2019-08-15 09:35:00 to 2019-09-05 16:00:00 ]
2019-09-06 08:05:40,950 read ^VXGS from av [ 2019-08-15 09:35:00 to 2019-09-05 16:00:00 ]
2019-09-06 08:05:42,253 read ^VXAZN from av [ 2019-08-15 09:35:00 to 2019-09-05 16:00:00 ]
2019-09-06 08:05:43,434 read ^VXIBM from av [ 2019-08-15 09:35:00 to 2019-09-05 16:00:00 ]
2019-09-06 08:07:45,026 read GS from av [ 2019-08-15 09:35:00 to 2019-09-05 16:00:00 ]
2019-09-06 08:07:46,337 read IBM from av [ 2019-08-15 09:35:00 to 2019-09-05 16:00:00 ]
2019-09-06 08:07:46,802 read FB from av [ 2019-08-15 09:35:00 to 2019-09-05 16:00:00 ]
2019-09-06 08:07:48,024 read ^TYVIX from av [ 2019-08-15 09:35:00 to 2019-09-05 16:00:00 ]
2019-09-06 08:07:48,517 read SPY from av [ 2019-08-15 09:35:00 to 2019-09-05 16:00:00 ]
2019-09-06 08:09:50,053 read GOOGL from av [ 2019-08-15 09:35:00 to 2019-09-05 16:00:00 ]
2019-09-06 08:09:51,409 read JPM from av [ 2019-08-15 09:35:00 to 2019-09-05 16:00:00 ]
2019-09-06 08:09:52,687 read JNJ from av [ 2019-08-15 09:35:00 to 2019-09-05 16:00:00 ]
2019-09-06 08:09:53,918 read BAC from av [ 2019-08-15 09:35:00 to 2019-09-05 16:00:00 ]
2019-09-06 08:09:55,233 read V from av [ 2019-08-15 09:35:00 to 2019-09-05 16:00:00 ]
2019-09-06 08:11:56,772 read WFC from av [ 2019-08-15 09:35:00 to 2019-09-05 16:00:00 ]
2019-09-06 08:11:58,079 read MA from av [ 2019-08-15 09:35:00 to 2019-09-05 16:00:00 ]
2019-09-06 08:11:59,418 read C from av [ 2019-08-15 09:35:00 to 2019-09-05 16:00:00 ]
2019-09-06 08:12:00,810 read PYPL from av [ 2019-08-15 09:35:00 to 2019-09-05 16:00:00 ]
2019-09-06 08:12:01,875 read OIL from av [ 2019-08-15 09:35:00 to 2019-09-05 16:00:00 ]
2019-09-06 08:12:03,578 read DX-Y.NYB from av [ 2019-08-20 00:00:00 to 2019-09-06 04:00:00 ]
2019-09-06 08:12:06,441 read GLD from av [ 2019-08-15 09:35:00 to 2019-09-05 16:00:00 ]
2019-09-06 08:12:07,683 read UUP from av [ 2019-08-15 09:35:00 to 2019-09-05 16:00:00 ]
2019-09-06 08:12:08,921 read SHY from av [ 2019-08-15 09:35:00 to 2019-09-05 16:00:00 ]
2019-09-06 08:14:10,456 read SHV from av [ 2019-08-15 09:35:00 to 2019-09-05 16:00:00 ]
2019-09-06 08:14:11,905 read IEF from av [ 2019-08-15 09:35:00 to 2019-09-05 16:00:00 ]
2019-09-06 08:14:13,158 read ^IRX from av [ 2019-08-15 09:35:00 to 2019-09-05 15:00:00 ]
2019-09-06 08:14:14,419 read ^FVX from av [ 2019-08-15 09:35:00 to 2019-09-05 15:00:00 ]
2019-09-06 08:14:15,521 read ^TYX from av [ 2019-08-15 09:35:00 to 2019-09-05 15:00:00 ]
2019-09-06 08:16:16,938 read SQQQ from av [ 2019-08-15 09:35:00 to 2019-09-05 16:00:00 ]
2019-09-06 08:16:18,400 read TQQQ from av [ 2019-08-15 09:35:00 to 2019-09-05 16:00:00 ]
2019-09-06 08:16:19,686 read ^VXX from av [ 2019-08-15 09:35:00 to 2019-09-05 16:00:00 ]
2019-09-06 08:16:21,239 read ^VXZ from av [ 2019-08-15 09:35:00 to 2019-09-05 16:00:00 ]
2019-09-06 08:16:22,633 read IYE from av [ 2019-08-15 09:35:00 to 2019-09-05 16:00:00 ]
2019-09-06 08:18:23,966 read IYY from av [ 2019-08-15 09:35:00 to 2019-09-05 16:00:00 ]
2019-09-06 08:18:25,183 read IYF from av [ 2019-08-15 09:35:00 to 2019-09-05 16:00:00 ]
2019-09-06 08:18:26,471 read IYR from av [ 2019-08-15 09:35:00 to 2019-09-05 16:00:00 ]
2019-09-06 08:18:27,656 read IYW from av [ 2019-08-15 09:35:00 to 2019-09-05 16:00:00 ]
2019-09-06 08:18:28,938 read IYT from av [ 2019-08-15 09:35:00 to 2019-09-05 16:00:00 ]
2019-09-06 08:20:30,084 read PEJ from av [ 2019-08-15 09:55:00 to 2019-09-05 14:55:00 ]
2019-09-06 08:20:31,329 read USO from av [ 2019-08-15 09:35:00 to 2019-09-05 16:00:00 ]
2019-09-06 08:20:32,875 read DBC from av [ 2019-08-15 09:35:00 to 2019-09-05 16:00:00 ]
2019-09-06 08:20:34,214 read GSG from av [ 2019-08-15 09:35:00 to 2019-09-05 16:00:00 ]
2019-09-06 08:20:35,478 read VTI from av [ 2019-08-15 09:35:00 to 2019-09-05 10:05:00 ]
2019-09-06 08:22:36,939 read ^RUT from av [ 2019-08-15 09:35:00 to 2019-09-05 16:00:00 ]
2019-09-06 08:22:39,410 read FDN from av [ 2019-08-15 09:35:00 to 2019-09-05 16:00:00 ]
2019-09-06 08:22:40,723 read XLV from av [ 2019-08-15 09:35:00 to 2019-09-05 16:00:00 ]
2019-09-06 08:22:42,088 read IBB from av [ 2019-08-15 09:35:00 to 2019-09-05 16:00:00 ]
2019-09-06 08:22:43,457 read KRE from av [ 2019-08-15 09:35:00 to 2019-09-05 16:00:00 ]
2019-09-06 08:24:44,927 read KBE from av [ 2019-08-15 09:35:00 to 2019-09-05 16:00:00 ]
2019-09-06 08:24:46,246 read XLF from av [ 2019-08-15 09:35:00 to 2019-09-05 16:00:00 ]
2019-09-06 08:24:47,544 read XLP from av [ 2019-08-15 09:35:00 to 2019-09-05 16:00:00 ]
2019-09-06 08:24:48,824 read XLY from av [ 2019-08-15 09:35:00 to 2019-09-05 16:00:00 ]
2019-09-06 08:24:50,142 read VNQ from av [ 2019-08-15 09:35:00 to 2019-09-05 16:00:00 ]
2019-09-06 08:26:51,629 read XLB from av [ 2019-08-15 09:35:00 to 2019-09-05 16:00:00 ]
2019-09-06 08:26:52,902 read XLI from av [ 2019-08-15 09:35:00 to 2019-09-05 16:00:00 ]
2019-09-06 08:26:54,273 read KBWB from av [ 2019-08-15 09:35:00 to 2019-09-05 16:00:00 ]
