2019-05-17 08:01:25,750 read QQQ from av [ 2019-04-26 09:35:00 to 2019-05-16 16:00:00 ]
2019-05-17 08:01:26,369 read ^VIX from av [ 2019-04-26 09:35:00 to 2019-05-16 16:00:00 ]
2019-05-17 08:01:27,098 read FAS from av [ 2019-04-26 09:35:00 to 2019-05-16 16:00:00 ]
2019-05-17 08:01:27,620 read MIDU from av [ 2019-04-26 09:35:00 to 2019-05-16 16:00:00 ]
2019-05-17 08:01:27,976 read AAPL from av [ 2019-04-26 09:35:00 to 2019-05-16 16:00:00 ]
2019-05-17 08:03:28,628 read GOOG from av [ 2019-04-26 09:35:00 to 2019-05-16 16:00:00 ]
2019-05-17 08:03:29,049 read ^GSPC from av [ 2019-04-26 09:35:00 to 2019-05-16 16:00:00 ]
2019-05-17 08:03:29,479 read ^DJI from av [ 2019-04-26 09:35:00 to 2019-05-16 16:00:00 ]
2019-05-17 08:03:30,055 read ^TNX from av [ 2019-04-26 09:35:00 to 2019-05-16 15:00:00 ]
2019-05-17 08:03:30,807 read MSFT from av [ 2019-04-26 09:35:00 to 2019-05-16 16:00:00 ]
2019-05-17 08:05:31,741 read ^VXGOG from av [ 2019-04-26 09:35:00 to 2019-05-16 16:00:00 ]
2019-05-17 08:05:32,527 read ^VXAPL from av [ 2019-04-26 09:35:00 to 2019-05-16 16:00:00 ]
2019-05-17 08:05:33,270 read ^VXGS from av [ 2019-04-26 09:35:00 to 2019-05-16 16:00:00 ]
2019-05-17 08:05:33,947 read ^VXAZN from av [ 2019-04-26 09:35:00 to 2019-05-16 16:00:00 ]
2019-05-17 08:05:34,545 read ^VXIBM from av [ 2019-04-26 09:35:00 to 2019-05-16 16:00:00 ]
2019-05-17 08:07:35,547 read GS from av [ 2019-04-26 09:35:00 to 2019-05-16 16:00:00 ]
2019-05-17 08:07:36,248 read IBM from av [ 2019-04-26 09:35:00 to 2019-05-16 16:00:00 ]
2019-05-17 08:07:36,767 read FB from av [ 2019-04-26 09:35:00 to 2019-05-16 16:00:00 ]
2019-05-17 08:07:37,390 read ^TYVIX from av [ 2019-04-26 09:35:00 to 2019-05-16 16:00:00 ]
2019-05-17 08:07:37,846 read SPY from av [ 2019-04-26 09:35:00 to 2019-05-16 16:00:00 ]
2019-05-17 08:09:38,711 read GOOGL from av [ 2019-04-26 09:35:00 to 2019-05-16 16:00:00 ]
2019-05-17 08:09:39,363 read JPM from av [ 2019-04-26 09:35:00 to 2019-05-16 16:00:00 ]
2019-05-17 08:09:40,120 read JNJ from av [ 2019-04-26 09:35:00 to 2019-05-16 16:00:00 ]
2019-05-17 08:09:40,707 read BAC from av [ 2019-04-26 09:35:00 to 2019-05-16 16:00:00 ]
2019-05-17 08:09:41,457 read V from av [ 2019-04-26 09:35:00 to 2019-05-16 16:00:00 ]
2019-05-17 08:11:42,068 read WFC from av [ 2019-04-26 09:35:00 to 2019-05-16 16:00:00 ]
2019-05-17 08:11:42,725 read MA from av [ 2019-04-26 09:35:00 to 2019-05-16 16:00:00 ]
2019-05-17 08:11:43,315 read C from av [ 2019-04-26 09:35:00 to 2019-05-16 16:00:00 ]
2019-05-17 08:11:43,874 read PYPL from av [ 2019-04-26 09:35:00 to 2019-05-16 16:00:00 ]
2019-05-17 08:11:44,312 read OIL from av [ 2019-04-26 09:35:00 to 2019-05-16 16:00:00 ]
2019-05-17 08:13:44,914 read DX-Y.NYB from av [ 2019-05-17 00:00:00 to 2019-05-17 04:00:00 ]
2019-05-17 08:13:45,585 read GLD from av [ 2019-04-26 09:35:00 to 2019-05-16 16:00:00 ]
2019-05-17 08:13:46,225 read UUP from av [ 2019-04-26 09:35:00 to 2019-05-16 16:00:00 ]
2019-05-17 08:13:47,052 read SHY from av [ 2019-04-26 09:35:00 to 2019-05-16 16:00:00 ]
2019-05-17 08:13:47,674 read SHV from av [ 2019-04-26 09:35:00 to 2019-05-16 16:00:00 ]
2019-05-17 08:15:48,470 read IEF from av [ 2019-04-26 09:35:00 to 2019-05-16 16:00:00 ]
2019-05-17 08:15:49,061 read ^IRX from av [ 2019-04-26 09:35:00 to 2019-05-16 15:00:00 ]
2019-05-17 08:15:49,799 read ^FVX from av [ 2019-04-26 09:35:00 to 2019-05-16 15:00:00 ]
2019-05-17 08:15:50,414 read ^TYX from av [ 2019-04-26 09:35:00 to 2019-05-16 15:00:00 ]
2019-05-17 08:15:51,080 read SQQQ from av [ 2019-04-26 09:35:00 to 2019-05-16 16:00:00 ]
2019-05-17 08:17:52,015 read TQQQ from av [ 2019-04-26 09:35:00 to 2019-05-16 16:00:00 ]
2019-05-17 08:17:52,736 read ^VXX from av [ 2019-04-26 09:35:00 to 2019-05-16 16:00:00 ]
2019-05-17 08:17:53,563 read ^VXZ from av [ 2019-04-26 09:35:00 to 2019-05-16 16:00:00 ]
2019-05-17 08:17:54,284 read IYE from av [ 2019-04-26 09:35:00 to 2019-05-16 16:00:00 ]
2019-05-17 08:17:54,870 read IYY from av [ 2019-04-26 09:35:00 to 2019-05-16 16:00:00 ]
2019-05-17 08:19:55,643 read IYF from av [ 2019-04-26 09:35:00 to 2019-05-16 16:00:00 ]
2019-05-17 08:19:56,297 read IYR from av [ 2019-04-26 09:35:00 to 2019-05-16 16:00:00 ]
2019-05-17 08:19:56,847 read IYW from av [ 2019-04-26 09:35:00 to 2019-05-16 16:00:00 ]
2019-05-17 08:19:57,484 read IYT from av [ 2019-04-26 09:35:00 to 2019-05-16 16:00:00 ]
2019-05-17 08:19:58,017 read PEJ from av [ 2019-04-26 09:35:00 to 2019-05-16 15:35:00 ]
2019-05-17 08:21:58,862 read USO from av [ 2019-04-26 09:35:00 to 2019-05-16 16:00:00 ]
2019-05-17 08:21:59,538 read DBC from av [ 2019-04-26 09:35:00 to 2019-05-16 16:00:00 ]
2019-05-17 08:22:00,218 read GSG from av [ 2019-04-26 09:35:00 to 2019-05-16 16:00:00 ]
2019-05-17 08:22:00,897 read VTI from av [ 2019-04-26 09:35:00 to 2019-05-16 16:00:00 ]
2019-05-17 08:22:01,431 read ^RUT from av [ 2019-04-26 09:35:00 to 2019-05-16 16:00:00 ]
2019-05-17 08:22:02,121 read FDN from av [ 2019-04-26 09:35:00 to 2019-05-16 16:00:00 ]
2019-05-17 08:22:02,937 read XLV from av [ 2019-04-26 09:35:00 to 2019-05-16 16:00:00 ]
2019-05-17 08:22:03,598 read IBB from av [ 2019-04-26 09:35:00 to 2019-05-16 16:00:00 ]
2019-05-17 08:22:04,278 read KRE from av [ 2019-04-26 09:35:00 to 2019-05-16 16:00:00 ]
2019-05-17 08:24:05,260 read KBE from av [ 2019-04-26 09:35:00 to 2019-05-16 16:00:00 ]
2019-05-17 08:24:05,953 read XLF from av [ 2019-04-26 09:35:00 to 2019-05-16 16:00:00 ]
2019-05-17 08:24:06,515 read XLP from av [ 2019-04-26 09:35:00 to 2019-05-16 16:00:00 ]
2019-05-17 08:24:07,286 read XLY from av [ 2019-04-26 09:35:00 to 2019-05-16 16:00:00 ]
2019-05-17 08:24:08,105 read VNQ from av [ 2019-04-26 09:35:00 to 2019-05-16 16:00:00 ]
2019-05-17 08:26:09,017 read XLB from av [ 2019-04-26 09:35:00 to 2019-05-16 16:00:00 ]
2019-05-17 08:26:09,796 read XLI from av [ 2019-04-26 09:35:00 to 2019-05-16 16:00:00 ]
2019-05-17 08:26:10,547 read KBWB from av [ 2019-04-26 09:35:00 to 2019-05-16 16:00:00 ]
