2019-04-26 08:01:32,112 read QQQ from av [ 2019-04-04 09:35:00 to 2019-04-25 16:00:00 ]
2019-04-26 08:01:32,818 read ^VIX from av [ 2019-04-04 09:35:00 to 2019-04-25 16:00:00 ]
2019-04-26 08:01:33,420 read FAS from av [ 2019-04-04 09:35:00 to 2019-04-25 16:00:00 ]
2019-04-26 08:01:33,886 read MIDU from av [ 2019-04-04 09:35:00 to 2019-04-25 16:00:00 ]
2019-04-26 08:01:34,237 read AAPL from av [ 2019-04-04 09:35:00 to 2019-04-25 16:00:00 ]
2019-04-26 08:03:34,814 read GOOG from av [ 2019-04-04 09:35:00 to 2019-04-25 16:00:00 ]
2019-04-26 08:03:35,253 read ^GSPC from av [ 2019-04-04 09:35:00 to 2019-04-25 16:00:00 ]
2019-04-26 08:03:35,663 read ^DJI from av [ 2019-04-04 09:35:00 to 2019-04-25 16:00:00 ]
2019-04-26 08:03:36,224 read ^TNX from av [ 2019-04-04 09:35:00 to 2019-04-25 15:00:00 ]
2019-04-26 08:03:36,617 read MSFT from av [ 2019-04-04 09:35:00 to 2019-04-25 16:00:00 ]
2019-04-26 08:05:37,510 read ^VXGOG from av [ 2019-04-04 09:35:00 to 2019-04-25 16:00:00 ]
2019-04-26 08:05:38,139 read ^VXAPL from av [ 2019-04-04 09:35:00 to 2019-04-25 16:00:00 ]
2019-04-26 08:05:38,704 read ^VXGS from av [ 2019-04-04 09:35:00 to 2019-04-25 16:00:00 ]
2019-04-26 08:05:39,313 read ^VXAZN from av [ 2019-04-04 09:35:00 to 2019-04-25 16:00:00 ]
2019-04-26 08:05:39,853 read ^VXIBM from av [ 2019-04-04 09:35:00 to 2019-04-25 16:00:00 ]
2019-04-26 08:07:40,450 read GS from av [ 2019-04-04 09:35:00 to 2019-04-25 16:00:00 ]
2019-04-26 08:07:40,884 read IBM from av [ 2019-04-04 09:35:00 to 2019-04-25 16:00:00 ]
2019-04-26 08:07:41,534 read FB from av [ 2019-04-04 09:35:00 to 2019-04-25 16:00:00 ]
2019-04-26 08:07:42,136 read ^TYVIX from av [ 2019-04-04 09:35:00 to 2019-04-25 16:00:00 ]
2019-04-26 08:07:42,703 read SPY from av [ 2019-04-04 09:35:00 to 2019-04-25 16:00:00 ]
2019-04-26 08:09:43,706 read GOOGL from av [ 2019-04-04 09:35:00 to 2019-04-25 16:00:00 ]
2019-04-26 08:09:44,462 read JPM from av [ 2019-04-04 09:35:00 to 2019-04-25 16:00:00 ]
2019-04-26 08:09:45,077 read JNJ from av [ 2019-04-04 09:35:00 to 2019-04-25 16:00:00 ]
2019-04-26 08:09:45,812 read BAC from av [ 2019-04-04 09:35:00 to 2019-04-25 16:00:00 ]
2019-04-26 08:09:46,420 read V from av [ 2019-04-04 09:35:00 to 2019-04-25 16:00:00 ]
2019-04-26 08:11:48,102 read WFC from av [ 2019-04-04 09:35:00 to 2019-04-25 16:00:00 ]
2019-04-26 08:11:49,122 read MA from av [ 2019-04-04 09:35:00 to 2019-04-25 16:00:00 ]
2019-04-26 08:11:49,767 read C from av [ 2019-04-04 09:35:00 to 2019-04-25 16:00:00 ]
2019-04-26 08:11:50,403 read PYPL from av [ 2019-04-04 09:35:00 to 2019-04-25 16:00:00 ]
2019-04-26 08:11:50,828 read OIL from av [ 2019-04-04 09:35:00 to 2019-04-25 15:20:00 ]
2019-04-26 08:13:51,336 read DX-Y.NYB from av [ 2019-04-26 00:00:00 to 2019-04-26 04:00:00 ]
2019-04-26 08:13:51,845 read GLD from av [ 2019-04-04 09:35:00 to 2019-04-25 16:00:00 ]
2019-04-26 08:13:52,586 read UUP from av [ 2019-04-04 09:35:00 to 2019-04-25 16:00:00 ]
2019-04-26 08:13:53,257 read SHY from av [ 2019-04-04 09:35:00 to 2019-04-25 16:00:00 ]
2019-04-26 08:13:53,905 read SHV from av [ 2019-04-04 09:35:00 to 2019-04-25 16:00:00 ]
2019-04-26 08:15:54,590 read IEF from av [ 2019-04-04 09:35:00 to 2019-04-25 16:00:00 ]
2019-04-26 08:15:55,150 read ^IRX from av [ 2019-04-04 09:35:00 to 2019-04-25 15:00:00 ]
2019-04-26 08:15:55,823 read ^FVX from av [ 2019-04-04 09:35:00 to 2019-04-25 15:00:00 ]
2019-04-26 08:15:56,352 read ^TYX from av [ 2019-04-04 09:35:00 to 2019-04-25 15:00:00 ]
2019-04-26 08:15:56,956 read SQQQ from av [ 2019-04-04 09:35:00 to 2019-04-25 16:00:00 ]
2019-04-26 08:17:57,890 read TQQQ from av [ 2019-04-04 09:35:00 to 2019-04-25 16:00:00 ]
2019-04-26 08:17:58,470 read ^VXX from av [ 2019-04-04 09:35:00 to 2019-04-25 16:00:00 ]
2019-04-26 08:17:59,585 read ^VXZ from av [ 2019-04-04 09:35:00 to 2019-04-25 16:00:00 ]
2019-04-26 08:18:00,342 read IYE from av [ 2019-04-04 09:35:00 to 2019-04-25 16:00:00 ]
2019-04-26 08:18:00,853 read IYY from av [ 2019-04-04 09:35:00 to 2019-04-25 16:00:00 ]
2019-04-26 08:18:01,450 read IYF from av [ 2019-04-04 09:35:00 to 2019-04-25 16:00:00 ]
2019-04-26 08:18:02,104 read IYR from av [ 2019-04-04 09:35:00 to 2019-04-25 16:00:00 ]
2019-04-26 08:18:02,720 read IYW from av [ 2019-04-04 09:35:00 to 2019-04-25 16:00:00 ]
2019-04-26 08:18:03,323 read IYT from av [ 2019-04-04 09:35:00 to 2019-04-25 16:00:00 ]
2019-04-26 08:18:03,697 read PEJ from av [ 2019-04-04 09:35:00 to 2019-04-25 15:25:00 ]
2019-04-26 08:20:04,445 read USO from av [ 2019-04-04 09:35:00 to 2019-04-25 16:00:00 ]
2019-04-26 08:20:05,163 read DBC from av [ 2019-04-04 09:35:00 to 2019-04-25 16:00:00 ]
2019-04-26 08:20:05,833 read GSG from av [ 2019-04-04 09:35:00 to 2019-04-25 16:00:00 ]
2019-04-26 08:20:06,499 read VTI from av [ 2019-04-04 09:35:00 to 2019-04-25 16:00:00 ]
2019-04-26 08:20:07,143 read ^RUT from av [ 2019-04-04 09:35:00 to 2019-04-25 16:00:00 ]
2019-04-26 08:22:07,993 read FDN from av [ 2019-04-04 09:35:00 to 2019-04-25 16:00:00 ]
2019-04-26 08:22:08,669 read XLV from av [ 2019-04-04 09:35:00 to 2019-04-25 16:00:00 ]
2019-04-26 08:22:09,253 read IBB from av [ 2019-04-04 09:35:00 to 2019-04-25 16:00:00 ]
2019-04-26 08:22:09,833 read KRE from av [ 2019-04-04 09:35:00 to 2019-04-25 16:00:00 ]
2019-04-26 08:22:10,528 read KBE from av [ 2019-04-04 09:35:00 to 2019-04-25 16:00:00 ]
2019-04-26 08:24:11,507 read XLF from av [ 2019-04-04 09:35:00 to 2019-04-25 16:00:00 ]
2019-04-26 08:24:12,162 read XLP from av [ 2019-04-04 09:35:00 to 2019-04-25 16:00:00 ]
2019-04-26 08:24:12,718 read XLY from av [ 2019-04-04 09:35:00 to 2019-04-25 16:00:00 ]
2019-04-26 08:24:13,279 read VNQ from av [ 2019-04-04 09:35:00 to 2019-04-25 16:00:00 ]
2019-04-26 08:24:13,991 read XLB from av [ 2019-04-04 09:35:00 to 2019-04-25 16:00:00 ]
2019-04-26 08:26:14,840 read XLI from av [ 2019-04-04 09:35:00 to 2019-04-25 16:00:00 ]
2019-04-26 08:26:15,646 read KBWB from av [ 2019-04-04 09:35:00 to 2019-04-25 16:00:00 ]
