2019-03-29 08:01:23,860 read QQQ from av [ 2019-03-08 09:35:00 to 2019-03-28 16:00:00 ]
2019-03-29 08:01:24,519 read ^VIX from av [ 2019-03-08 09:35:00 to 2019-03-28 16:00:00 ]
2019-03-29 08:01:25,221 read FAS from av [ 2019-03-08 09:35:00 to 2019-03-28 16:00:00 ]
2019-03-29 08:01:25,821 read MIDU from av [ 2019-03-08 09:35:00 to 2019-03-28 16:00:00 ]
2019-03-29 08:01:26,179 read AAPL from av [ 2019-03-08 09:35:00 to 2019-03-28 16:00:00 ]
2019-03-29 08:03:27,034 read GOOG from av [ 2019-03-08 09:35:00 to 2019-03-28 16:00:00 ]
2019-03-29 08:03:27,521 read ^GSPC from av [ 2019-03-08 09:35:00 to 2019-03-28 16:00:00 ]
2019-03-29 08:03:27,985 read ^DJI from av [ 2019-03-08 09:35:00 to 2019-03-28 16:00:00 ]
2019-03-29 08:03:28,541 read ^TNX from av [ 2019-03-08 09:35:00 to 2019-03-28 15:00:00 ]
2019-03-29 08:03:29,136 read MSFT from av [ 2019-03-08 09:35:00 to 2019-03-28 16:00:00 ]
2019-03-29 08:05:30,027 read ^VXGOG from av [ 2019-03-08 09:35:00 to 2019-03-28 16:00:00 ]
2019-03-29 08:05:30,582 read ^VXAPL from av [ 2019-03-08 09:35:00 to 2019-03-28 16:00:00 ]
2019-03-29 08:05:31,182 read ^VXGS from av [ 2019-03-08 09:35:00 to 2019-03-28 16:00:00 ]
2019-03-29 08:05:31,898 read ^VXAZN from av [ 2019-03-08 09:35:00 to 2019-03-28 16:00:00 ]
2019-03-29 08:05:32,498 read ^VXIBM from av [ 2019-03-08 09:35:00 to 2019-03-28 16:00:00 ]
2019-03-29 08:07:33,230 read GS from av [ 2019-03-08 09:35:00 to 2019-03-28 16:00:00 ]
2019-03-29 08:07:33,955 read IBM from av [ 2019-03-08 09:35:00 to 2019-03-28 16:00:00 ]
2019-03-29 08:07:34,478 read FB from av [ 2019-03-08 09:35:00 to 2019-03-28 16:00:00 ]
2019-03-29 08:07:35,035 read ^TYVIX from av [ 2019-03-08 09:35:00 to 2019-03-28 16:00:00 ]
2019-03-29 08:07:35,401 read SPY from av [ 2019-03-08 09:35:00 to 2019-03-28 16:00:00 ]
2019-03-29 08:09:36,209 read GOOGL from av [ 2019-03-08 09:35:00 to 2019-03-28 16:00:00 ]
2019-03-29 08:09:36,989 read JPM from av [ 2019-03-08 09:35:00 to 2019-03-28 16:00:00 ]
2019-03-29 08:09:37,682 read JNJ from av [ 2019-03-08 09:35:00 to 2019-03-28 16:00:00 ]
2019-03-29 08:09:38,413 read BAC from av [ 2019-03-08 09:35:00 to 2019-03-28 16:00:00 ]
2019-03-29 08:09:39,013 read V from av [ 2019-03-08 09:35:00 to 2019-03-28 16:00:00 ]
2019-03-29 08:11:39,701 read WFC from av [ 2019-03-08 09:35:00 to 2019-03-28 16:00:00 ]
2019-03-29 08:11:40,398 read MA from av [ 2019-03-08 09:35:00 to 2019-03-28 16:00:00 ]
2019-03-29 08:11:41,060 read C from av [ 2019-03-08 09:35:00 to 2019-03-28 16:00:00 ]
2019-03-29 08:11:41,579 read PYPL from av [ 2019-03-08 09:35:00 to 2019-03-28 16:00:00 ]
2019-03-29 08:11:41,965 read OIL from av [ 2019-03-08 09:35:00 to 2019-03-28 10:15:00 ]
2019-03-29 08:13:42,466 read DX-Y.NYB from av [ 2019-03-29 00:00:00 to 2019-03-29 04:00:00 ]
2019-03-29 08:13:43,028 read GLD from av [ 2019-03-08 09:35:00 to 2019-03-28 16:00:00 ]
2019-03-29 08:13:43,565 read UUP from av [ 2019-03-08 09:35:00 to 2019-03-28 16:00:00 ]
2019-03-29 08:13:44,157 read SHY from av [ 2019-03-08 09:35:00 to 2019-03-28 16:00:00 ]
2019-03-29 08:13:44,717 read SHV from av [ 2019-03-08 09:35:00 to 2019-03-28 16:00:00 ]
2019-03-29 08:15:45,457 read IEF from av [ 2019-03-08 09:35:00 to 2019-03-28 16:00:00 ]
2019-03-29 08:15:45,948 read ^IRX from av [ 2019-03-08 09:35:00 to 2019-03-28 15:00:00 ]
2019-03-29 08:15:46,432 read ^FVX from av [ 2019-03-08 09:35:00 to 2019-03-28 15:00:00 ]
2019-03-29 08:15:46,943 read ^TYX from av [ 2019-03-08 09:35:00 to 2019-03-28 15:00:00 ]
2019-03-29 08:15:47,483 read SQQQ from av [ 2019-03-08 09:35:00 to 2019-03-28 16:00:00 ]
2019-03-29 08:17:48,369 read TQQQ from av [ 2019-03-08 09:35:00 to 2019-03-28 16:00:00 ]
2019-03-29 08:17:48,925 read ^VXX from av [ 2019-03-08 09:35:00 to 2019-03-28 16:00:00 ]
2019-03-29 08:17:49,486 read ^VXZ from av [ 2019-03-08 09:35:00 to 2019-03-28 16:00:00 ]
2019-03-29 08:17:50,042 read IYE from av [ 2019-03-08 09:35:00 to 2019-03-28 16:00:00 ]
2019-03-29 08:17:50,524 read IYY from av [ 2019-03-08 09:35:00 to 2019-03-28 16:00:00 ]
2019-03-29 08:19:51,280 read IYF from av [ 2019-03-08 09:35:00 to 2019-03-28 16:00:00 ]
2019-03-29 08:19:51,843 read IYR from av [ 2019-03-08 09:35:00 to 2019-03-28 16:00:00 ]
2019-03-29 08:19:52,401 read IYW from av [ 2019-03-08 09:35:00 to 2019-03-28 16:00:00 ]
2019-03-29 08:19:53,012 read IYT from av [ 2019-03-08 09:35:00 to 2019-03-28 16:00:00 ]
2019-03-29 08:19:53,354 read PEJ from av [ 2019-03-08 11:15:00 to 2019-03-28 13:40:00 ]
2019-03-29 08:21:54,058 read USO from av [ 2019-03-08 09:35:00 to 2019-03-28 16:00:00 ]
2019-03-29 08:21:54,614 read DBC from av [ 2019-03-08 09:35:00 to 2019-03-28 16:00:00 ]
2019-03-29 08:21:55,191 read GSG from av [ 2019-03-08 09:35:00 to 2019-03-28 16:00:00 ]
2019-03-29 08:21:55,871 read VTI from av [ 2019-03-08 09:35:00 to 2019-03-28 16:00:00 ]
2019-03-29 08:21:56,487 read ^RUT from av [ 2019-03-08 09:35:00 to 2019-03-28 16:00:00 ]
2019-03-29 08:23:57,318 read FDN from av [ 2019-03-08 09:35:00 to 2019-03-28 16:00:00 ]
2019-03-29 08:23:58,009 read XLV from av [ 2019-03-08 09:35:00 to 2019-03-28 16:00:00 ]
2019-03-29 08:23:58,620 read IBB from av [ 2019-03-08 09:35:00 to 2019-03-28 16:00:00 ]
2019-03-29 08:23:59,207 read KRE from av [ 2019-03-08 09:35:00 to 2019-03-28 16:00:00 ]
2019-03-29 08:24:00,148 read KBE from av [ 2019-03-08 09:35:00 to 2019-03-28 16:00:00 ]
2019-03-29 08:24:00,845 read XLF from av [ 2019-03-08 09:35:00 to 2019-03-28 16:00:00 ]
2019-03-29 08:24:01,477 read XLP from av [ 2019-03-08 09:35:00 to 2019-03-28 16:00:00 ]
2019-03-29 08:24:02,196 read XLY from av [ 2019-03-08 09:35:00 to 2019-03-28 16:00:00 ]
2019-03-29 08:24:03,043 read VNQ from av [ 2019-03-08 09:35:00 to 2019-03-28 16:00:00 ]
2019-03-29 08:24:03,798 read XLB from av [ 2019-03-08 09:35:00 to 2019-03-28 16:00:00 ]
2019-03-29 08:24:04,438 read XLI from av [ 2019-03-08 09:35:00 to 2019-03-28 16:00:00 ]
2019-03-29 08:26:05,440 read KBWB from av [ 2019-03-08 09:35:00 to 2019-03-28 16:00:00 ]
