2019-04-05 08:01:33,230 read QQQ from av [ 2019-03-15 09:35:00 to 2019-04-04 16:00:00 ]
2019-04-05 08:01:33,828 read ^VIX from av [ 2019-03-15 09:35:00 to 2019-04-04 16:00:00 ]
2019-04-05 08:01:34,463 read FAS from av [ 2019-03-15 09:35:00 to 2019-04-04 16:00:00 ]
2019-04-05 08:01:35,001 read MIDU from av [ 2019-03-15 09:35:00 to 2019-04-04 16:00:00 ]
2019-04-05 08:01:35,371 read AAPL from av [ 2019-03-15 09:35:00 to 2019-04-04 16:00:00 ]
2019-04-05 08:03:35,952 read GOOG from av [ 2019-03-15 09:35:00 to 2019-04-04 16:00:00 ]
2019-04-05 08:03:36,391 read ^GSPC from av [ 2019-03-15 09:35:00 to 2019-04-04 16:00:00 ]
2019-04-05 08:03:36,832 read ^DJI from av [ 2019-03-15 09:35:00 to 2019-04-04 16:00:00 ]
2019-04-05 08:03:37,343 read ^TNX from av [ 2019-03-15 09:35:00 to 2019-04-04 15:00:00 ]
2019-04-05 08:03:37,976 read MSFT from av [ 2019-03-15 09:35:00 to 2019-04-04 16:00:00 ]
2019-04-05 08:05:38,701 read ^VXGOG from av [ 2019-03-15 09:35:00 to 2019-04-04 16:00:00 ]
2019-04-05 08:05:39,256 read ^VXAPL from av [ 2019-03-15 09:35:00 to 2019-04-04 16:00:00 ]
2019-04-05 08:05:39,851 read ^VXGS from av [ 2019-03-15 09:35:00 to 2019-04-04 16:00:00 ]
2019-04-05 08:05:40,385 read ^VXAZN from av [ 2019-03-15 09:35:00 to 2019-04-04 16:00:00 ]
2019-04-05 08:05:40,961 read ^VXIBM from av [ 2019-03-15 09:35:00 to 2019-04-04 16:00:00 ]
2019-04-05 08:07:41,635 read GS from av [ 2019-03-15 09:35:00 to 2019-04-04 16:00:00 ]
2019-04-05 08:07:42,051 read IBM from av [ 2019-03-15 09:35:00 to 2019-04-04 16:00:00 ]
2019-04-05 08:07:42,485 read FB from av [ 2019-03-15 09:35:00 to 2019-04-04 16:00:00 ]
2019-04-05 08:07:43,048 read ^TYVIX from av [ 2019-03-15 09:35:00 to 2019-04-04 16:00:00 ]
2019-04-05 08:07:43,651 read SPY from av [ 2019-03-15 09:35:00 to 2019-04-04 16:00:00 ]
2019-04-05 08:09:44,280 read GOOGL from av [ 2019-03-15 09:35:00 to 2019-04-04 16:00:00 ]
2019-04-05 08:09:44,682 read JPM from av [ 2019-03-15 09:35:00 to 2019-04-04 16:00:00 ]
2019-04-05 08:09:45,049 read JNJ from av [ 2019-03-15 09:35:00 to 2019-04-04 16:00:00 ]
2019-04-05 08:09:45,446 read BAC from av [ 2019-03-15 09:35:00 to 2019-04-04 16:00:00 ]
2019-04-05 08:09:45,875 read V from av [ 2019-03-15 09:35:00 to 2019-04-04 16:00:00 ]
2019-04-05 08:11:46,397 read WFC from av [ 2019-03-15 09:35:00 to 2019-04-04 16:00:00 ]
2019-04-05 08:11:46,800 read MA from av [ 2019-03-15 09:35:00 to 2019-04-04 16:00:00 ]
2019-04-05 08:11:47,210 read C from av [ 2019-03-15 09:35:00 to 2019-04-04 16:00:00 ]
2019-04-05 08:11:47,594 read PYPL from av [ 2019-03-15 09:35:00 to 2019-04-04 16:00:00 ]
2019-04-05 08:11:47,996 read OIL from av [ 2019-03-15 09:35:00 to 2019-04-04 15:05:00 ]
2019-04-05 08:13:48,471 read DX-Y.NYB from av [ 2019-04-05 00:00:00 to 2019-04-05 04:00:00 ]
2019-04-05 08:13:49,046 read GLD from av [ 2019-03-15 09:35:00 to 2019-04-04 16:00:00 ]
2019-04-05 08:13:49,555 read UUP from av [ 2019-03-15 09:35:00 to 2019-04-04 16:00:00 ]
2019-04-05 08:13:50,057 read SHY from av [ 2019-03-15 09:35:00 to 2019-04-04 16:00:00 ]
2019-04-05 08:13:50,547 read SHV from av [ 2019-03-15 09:35:00 to 2019-04-04 16:00:00 ]
2019-04-05 08:15:51,309 read IEF from av [ 2019-03-15 09:35:00 to 2019-04-04 16:00:00 ]
2019-04-05 08:15:51,853 read ^IRX from av [ 2019-03-15 09:35:00 to 2019-04-04 15:00:00 ]
2019-04-05 08:15:52,560 read ^FVX from av [ 2019-03-15 09:35:00 to 2019-04-04 15:00:00 ]
2019-04-05 08:15:53,040 read ^TYX from av [ 2019-03-15 09:35:00 to 2019-04-04 15:00:00 ]
2019-04-05 08:15:53,682 read SQQQ from av [ 2019-03-15 09:35:00 to 2019-04-04 16:00:00 ]
2019-04-05 08:17:54,662 read TQQQ from av [ 2019-03-15 09:35:00 to 2019-04-04 16:00:00 ]
2019-04-05 08:17:55,267 read ^VXX from av [ 2019-03-15 09:35:00 to 2019-04-04 16:00:00 ]
2019-04-05 08:17:55,842 read ^VXZ from av [ 2019-03-15 09:35:00 to 2019-04-04 16:00:00 ]
2019-04-05 08:17:56,466 read IYE from av [ 2019-03-15 09:35:00 to 2019-04-04 16:00:00 ]
2019-04-05 08:17:57,017 read IYY from av [ 2019-03-15 09:35:00 to 2019-04-04 16:00:00 ]
2019-04-05 08:19:57,956 read IYF from av [ 2019-03-15 09:35:00 to 2019-04-04 16:00:00 ]
2019-04-05 08:19:58,699 read IYR from av [ 2019-03-15 09:35:00 to 2019-04-04 16:00:00 ]
2019-04-05 08:19:59,348 read IYW from av [ 2019-03-15 09:35:00 to 2019-04-04 16:00:00 ]
2019-04-05 08:19:59,908 read IYT from av [ 2019-03-15 09:35:00 to 2019-04-04 16:00:00 ]
2019-04-05 08:20:00,304 read PEJ from av [ 2019-03-15 10:15:00 to 2019-04-04 15:05:00 ]
2019-04-05 08:20:00,843 read USO from av [ 2019-03-15 09:35:00 to 2019-04-04 16:00:00 ]
2019-04-05 08:20:01,475 read DBC from av [ 2019-03-15 09:35:00 to 2019-04-04 16:00:00 ]
2019-04-05 08:20:02,185 read GSG from av [ 2019-03-15 09:35:00 to 2019-04-04 16:00:00 ]
2019-04-05 08:20:02,858 read VTI from av [ 2019-03-15 09:35:00 to 2019-04-04 16:00:00 ]
2019-04-05 08:20:03,478 read ^RUT from av [ 2019-03-15 09:35:00 to 2019-04-04 16:00:00 ]
2019-04-05 08:20:04,094 read FDN from av [ 2019-03-15 09:35:00 to 2019-04-04 16:00:00 ]
2019-04-05 08:22:04,754 read XLV from av [ 2019-03-15 09:35:00 to 2019-04-04 16:00:00 ]
2019-04-05 08:22:05,346 read IBB from av [ 2019-03-15 09:35:00 to 2019-04-04 16:00:00 ]
2019-04-05 08:22:05,835 read KRE from av [ 2019-03-15 09:35:00 to 2019-04-04 16:00:00 ]
2019-04-05 08:22:06,472 read KBE from av [ 2019-03-15 09:35:00 to 2019-04-04 16:00:00 ]
2019-04-05 08:22:07,185 read XLF from av [ 2019-03-15 09:35:00 to 2019-04-04 16:00:00 ]
2019-04-05 08:24:08,008 read XLP from av [ 2019-03-15 09:35:00 to 2019-04-04 16:00:00 ]
2019-04-05 08:24:08,709 read XLY from av [ 2019-03-15 09:35:00 to 2019-04-04 16:00:00 ]
2019-04-05 08:24:09,318 read VNQ from av [ 2019-03-15 09:35:00 to 2019-04-04 16:00:00 ]
2019-04-05 08:24:09,886 read XLB from av [ 2019-03-15 09:35:00 to 2019-04-04 16:00:00 ]
2019-04-05 08:24:10,513 read XLI from av [ 2019-03-15 09:35:00 to 2019-04-04 16:00:00 ]
2019-04-05 08:26:11,425 read KBWB from av [ 2019-03-15 09:35:00 to 2019-04-04 16:00:00 ]
