2019-07-12 08:01:25,247 read QQQ from av [ 2019-06-20 09:35:00 to 2019-07-11 16:00:00 ]
2019-07-12 08:01:25,997 read ^VIX from av [ 2019-06-20 09:35:00 to 2019-07-11 16:00:00 ]
2019-07-12 08:01:26,792 read FAS from av [ 2019-06-20 09:35:00 to 2019-07-11 16:00:00 ]
2019-07-12 08:01:27,423 read MIDU from av [ 2019-06-20 09:35:00 to 2019-07-11 16:00:00 ]
2019-07-12 08:01:27,851 read AAPL from av [ 2019-06-20 09:35:00 to 2019-07-11 16:00:00 ]
2019-07-12 08:03:28,912 read GOOG from av [ 2019-06-20 09:35:00 to 2019-07-11 16:00:00 ]
2019-07-12 08:03:29,413 read ^GSPC from av [ 2019-06-20 09:35:00 to 2019-07-11 16:00:00 ]
2019-07-12 08:03:29,886 read ^DJI from av [ 2019-06-20 09:35:00 to 2019-07-11 16:00:00 ]
2019-07-12 08:03:30,624 read ^TNX from av [ 2019-06-20 09:35:00 to 2019-07-11 15:00:00 ]
2019-07-12 08:03:31,376 read MSFT from av [ 2019-06-20 09:35:00 to 2019-07-11 16:00:00 ]
2019-07-12 08:05:32,429 read ^VXGOG from av [ 2019-06-20 09:35:00 to 2019-07-11 16:00:00 ]
2019-07-12 08:05:33,103 read ^VXAPL from av [ 2019-06-20 09:35:00 to 2019-07-11 16:00:00 ]
2019-07-12 08:05:33,711 read ^VXGS from av [ 2019-06-20 09:35:00 to 2019-07-11 16:00:00 ]
2019-07-12 08:05:34,352 read ^VXAZN from av [ 2019-06-20 09:35:00 to 2019-07-11 16:00:00 ]
2019-07-12 08:05:35,078 read ^VXIBM from av [ 2019-06-20 09:35:00 to 2019-07-11 16:00:00 ]
2019-07-12 08:07:36,143 read GS from av [ 2019-06-20 09:35:00 to 2019-07-11 16:00:00 ]
2019-07-12 08:07:36,858 read IBM from av [ 2019-06-20 09:35:00 to 2019-07-11 16:00:00 ]
2019-07-12 08:07:37,378 read FB from av [ 2019-06-20 09:35:00 to 2019-07-11 16:00:00 ]
2019-07-12 08:07:38,131 read ^TYVIX from av [ 2019-06-20 09:35:00 to 2019-07-11 16:00:00 ]
2019-07-12 08:07:38,685 read SPY from av [ 2019-06-20 09:35:00 to 2019-07-11 16:00:00 ]
2019-07-12 08:09:39,612 read GOOGL from av [ 2019-06-20 09:35:00 to 2019-07-11 16:00:00 ]
2019-07-12 08:09:40,325 read JPM from av [ 2019-06-20 09:35:00 to 2019-07-11 16:00:00 ]
2019-07-12 08:09:40,991 read JNJ from av [ 2019-06-20 09:35:00 to 2019-07-11 16:00:00 ]
2019-07-12 08:09:41,532 read BAC from av [ 2019-06-20 09:35:00 to 2019-07-11 16:00:00 ]
2019-07-12 08:09:42,281 read V from av [ 2019-06-20 09:35:00 to 2019-07-11 16:00:00 ]
2019-07-12 08:11:43,142 read WFC from av [ 2019-06-20 09:35:00 to 2019-07-11 16:00:00 ]
2019-07-12 08:11:43,947 read MA from av [ 2019-06-20 09:35:00 to 2019-07-11 16:00:00 ]
2019-07-12 08:11:44,674 read C from av [ 2019-06-20 09:35:00 to 2019-07-11 16:00:00 ]
2019-07-12 08:11:45,194 read PYPL from av [ 2019-06-20 09:35:00 to 2019-07-11 16:00:00 ]
2019-07-12 08:11:45,719 read OIL from av [ 2019-06-20 09:35:00 to 2019-07-11 16:00:00 ]
2019-07-12 08:13:46,336 read DX-Y.NYB from av [ 2019-07-12 03:05:00 to 2019-07-12 03:20:00 ]
2019-07-12 08:13:46,850 read GLD from av [ 2019-06-20 09:35:00 to 2019-07-11 16:00:00 ]
2019-07-12 08:13:47,520 read UUP from av [ 2019-06-20 09:35:00 to 2019-07-11 16:00:00 ]
2019-07-12 08:13:48,337 read SHY from av [ 2019-06-20 09:35:00 to 2019-07-11 16:00:00 ]
2019-07-12 08:13:49,118 read SHV from av [ 2019-06-20 09:35:00 to 2019-07-11 16:00:00 ]
2019-07-12 08:15:50,081 read IEF from av [ 2019-06-20 09:35:00 to 2019-07-11 16:00:00 ]
2019-07-12 08:15:50,666 read ^IRX from av [ 2019-06-20 09:35:00 to 2019-07-11 15:00:00 ]
2019-07-12 08:15:51,370 read ^FVX from av [ 2019-06-20 09:35:00 to 2019-07-11 15:00:00 ]
2019-07-12 08:15:51,950 read ^TYX from av [ 2019-06-20 09:35:00 to 2019-07-11 15:00:00 ]
2019-07-12 08:15:52,666 read SQQQ from av [ 2019-06-20 09:35:00 to 2019-07-11 16:00:00 ]
2019-07-12 08:17:53,595 read TQQQ from av [ 2019-06-20 09:35:00 to 2019-07-11 16:00:00 ]
2019-07-12 08:17:54,287 read ^VXX from av [ 2019-06-20 09:35:00 to 2019-07-11 16:00:00 ]
2019-07-12 08:17:55,062 read ^VXZ from av [ 2019-06-20 09:35:00 to 2019-07-11 16:00:00 ]
2019-07-12 08:17:55,878 read IYE from av [ 2019-06-20 09:35:00 to 2019-07-11 16:00:00 ]
2019-07-12 08:17:56,475 read IYY from av [ 2019-06-20 09:35:00 to 2019-07-11 16:00:00 ]
2019-07-12 08:19:57,419 read IYF from av [ 2019-06-20 09:35:00 to 2019-07-11 16:00:00 ]
2019-07-12 08:19:58,215 read IYR from av [ 2019-06-20 09:35:00 to 2019-07-11 16:00:00 ]
2019-07-12 08:19:58,923 read IYW from av [ 2019-06-20 09:35:00 to 2019-07-11 16:00:00 ]
2019-07-12 08:19:59,589 read IYT from av [ 2019-06-20 09:35:00 to 2019-07-11 16:00:00 ]
2019-07-12 08:20:00,069 read PEJ from av [ 2019-06-20 09:35:00 to 2019-07-11 15:20:00 ]
2019-07-12 08:20:00,837 read USO from av [ 2019-06-20 09:35:00 to 2019-07-11 16:00:00 ]
2019-07-12 08:20:01,524 read DBC from av [ 2019-06-20 09:35:00 to 2019-07-11 16:00:00 ]
2019-07-12 08:20:02,347 read GSG from av [ 2019-06-20 09:35:00 to 2019-07-11 16:00:00 ]
2019-07-12 08:20:03,403 read VTI from av [ 2019-06-20 09:35:00 to 2019-07-11 10:05:00 ]
2019-07-12 08:20:04,096 read ^RUT from av [ 2019-06-20 09:35:00 to 2019-07-11 16:00:00 ]
2019-07-12 08:20:04,944 read FDN from av [ 2019-06-20 09:35:00 to 2019-07-11 16:00:00 ]
2019-07-12 08:22:05,926 read XLV from av [ 2019-06-20 09:35:00 to 2019-07-11 16:00:00 ]
2019-07-12 08:22:06,705 read IBB from av [ 2019-06-20 09:35:00 to 2019-07-11 16:00:00 ]
2019-07-12 08:22:07,659 read KRE from av [ 2019-06-20 09:35:00 to 2019-07-11 16:00:00 ]
2019-07-12 08:22:08,463 read KBE from av [ 2019-06-20 09:35:00 to 2019-07-11 16:00:00 ]
2019-07-12 08:22:09,235 read XLF from av [ 2019-06-20 09:35:00 to 2019-07-11 16:00:00 ]
2019-07-12 08:24:10,255 read XLP from av [ 2019-06-20 09:35:00 to 2019-07-11 16:00:00 ]
2019-07-12 08:24:10,969 read XLY from av [ 2019-06-20 09:35:00 to 2019-07-11 16:00:00 ]
2019-07-12 08:24:11,663 read VNQ from av [ 2019-06-20 09:35:00 to 2019-07-11 16:00:00 ]
2019-07-12 08:24:12,342 read XLB from av [ 2019-06-20 09:35:00 to 2019-07-11 16:00:00 ]
2019-07-12 08:24:13,019 read XLI from av [ 2019-06-20 09:35:00 to 2019-07-11 16:00:00 ]
2019-07-12 08:26:13,976 read KBWB from av [ 2019-06-20 09:35:00 to 2019-07-11 16:00:00 ]
