2019-06-07 08:01:27,977 read QQQ from av [ 2019-05-16 09:35:00 to 2019-06-06 16:00:00 ]
2019-06-07 08:01:28,680 read ^VIX from av [ 2019-05-16 09:35:00 to 2019-06-06 16:00:00 ]
2019-06-07 08:01:29,323 read FAS from av [ 2019-05-16 09:35:00 to 2019-06-06 16:00:00 ]
2019-06-07 08:01:29,844 read MIDU from av [ 2019-05-16 09:35:00 to 2019-06-06 16:00:00 ]
2019-06-07 08:01:30,260 read AAPL from av [ 2019-05-16 09:35:00 to 2019-06-06 16:00:00 ]
2019-06-07 08:03:30,823 read GOOG from av [ 2019-05-16 09:35:00 to 2019-06-06 16:00:00 ]
2019-06-07 08:03:31,301 read ^GSPC from av [ 2019-05-16 09:35:00 to 2019-06-06 16:00:00 ]
2019-06-07 08:03:31,786 read ^DJI from av [ 2019-05-16 09:35:00 to 2019-06-06 16:00:00 ]
2019-06-07 08:03:32,367 read ^TNX from av [ 2019-05-16 09:35:00 to 2019-06-06 15:00:00 ]
2019-06-07 08:03:32,766 read MSFT from av [ 2019-05-16 09:35:00 to 2019-06-06 16:00:00 ]
2019-06-07 08:05:33,678 read ^VXGOG from av [ 2019-05-16 09:35:00 to 2019-06-06 16:00:00 ]
2019-06-07 08:05:34,300 read ^VXAPL from av [ 2019-05-16 09:35:00 to 2019-06-06 16:00:00 ]
2019-06-07 08:05:34,839 read ^VXGS from av [ 2019-05-16 09:35:00 to 2019-06-06 16:00:00 ]
2019-06-07 08:05:35,489 read ^VXAZN from av [ 2019-05-16 09:35:00 to 2019-06-06 16:00:00 ]
2019-06-07 08:05:36,024 read ^VXIBM from av [ 2019-05-16 09:35:00 to 2019-06-06 16:00:00 ]
2019-06-07 08:07:36,853 read GS from av [ 2019-05-16 09:35:00 to 2019-06-06 16:00:00 ]
2019-06-07 08:07:37,574 read IBM from av [ 2019-05-16 09:35:00 to 2019-06-06 16:00:00 ]
2019-06-07 08:07:37,972 read FB from av [ 2019-05-16 09:35:00 to 2019-06-06 16:00:00 ]
2019-06-07 08:07:38,574 read ^TYVIX from av [ 2019-05-16 09:35:00 to 2019-06-06 16:00:00 ]
2019-06-07 08:07:38,974 read SPY from av [ 2019-05-16 09:35:00 to 2019-06-06 16:00:00 ]
2019-06-07 08:09:39,929 read GOOGL from av [ 2019-05-16 09:35:00 to 2019-06-06 16:00:00 ]
2019-06-07 08:09:40,622 read JPM from av [ 2019-05-16 09:35:00 to 2019-06-06 16:00:00 ]
2019-06-07 08:09:41,165 read JNJ from av [ 2019-05-16 09:35:00 to 2019-06-06 16:00:00 ]
2019-06-07 08:09:41,819 read BAC from av [ 2019-05-16 09:35:00 to 2019-06-06 16:00:00 ]
2019-06-07 08:09:42,467 read V from av [ 2019-05-16 09:35:00 to 2019-06-06 16:00:00 ]
2019-06-07 08:11:43,324 read WFC from av [ 2019-05-16 09:35:00 to 2019-06-06 16:00:00 ]
2019-06-07 08:11:43,975 read MA from av [ 2019-05-16 09:35:00 to 2019-06-06 16:00:00 ]
2019-06-07 08:11:44,692 read C from av [ 2019-05-16 09:35:00 to 2019-06-06 16:00:00 ]
2019-06-07 08:11:45,313 read PYPL from av [ 2019-05-16 09:35:00 to 2019-06-06 16:00:00 ]
2019-06-07 08:11:45,795 read OIL from av [ 2019-05-16 09:35:00 to 2019-06-06 16:00:00 ]
2019-06-07 08:13:46,411 read DX-Y.NYB from av [ 2019-06-07 00:00:00 to 2019-06-07 04:00:00 ]
2019-06-07 08:13:47,044 read GLD from av [ 2019-05-16 09:35:00 to 2019-06-06 16:00:00 ]
2019-06-07 08:13:47,856 read UUP from av [ 2019-05-16 09:35:00 to 2019-06-06 16:00:00 ]
2019-06-07 08:13:48,483 read SHY from av [ 2019-05-16 09:35:00 to 2019-06-06 16:00:00 ]
2019-06-07 08:13:49,317 read SHV from av [ 2019-05-16 09:35:00 to 2019-06-06 16:00:00 ]
2019-06-07 08:15:50,228 read IEF from av [ 2019-05-16 09:35:00 to 2019-06-06 16:00:00 ]
2019-06-07 08:15:50,754 read ^IRX from av [ 2019-05-16 09:35:00 to 2019-06-06 15:00:00 ]
2019-06-07 08:15:51,347 read ^FVX from av [ 2019-05-16 09:35:00 to 2019-06-06 15:00:00 ]
2019-06-07 08:15:51,873 read ^TYX from av [ 2019-05-16 09:35:00 to 2019-06-06 15:00:00 ]
2019-06-07 08:15:52,581 read SQQQ from av [ 2019-05-16 09:35:00 to 2019-06-06 16:00:00 ]
2019-06-07 08:17:53,478 read TQQQ from av [ 2019-05-16 09:35:00 to 2019-06-06 16:00:00 ]
2019-06-07 08:17:54,102 read ^VXX from av [ 2019-05-16 09:35:00 to 2019-06-06 16:00:00 ]
2019-06-07 08:17:54,855 read ^VXZ from av [ 2019-05-16 09:35:00 to 2019-06-06 16:00:00 ]
2019-06-07 08:17:55,445 read IYE from av [ 2019-05-16 09:35:00 to 2019-06-06 16:00:00 ]
2019-06-07 08:17:56,161 read IYY from av [ 2019-05-16 09:35:00 to 2019-06-06 16:00:00 ]
2019-06-07 08:19:56,981 read IYF from av [ 2019-05-16 09:35:00 to 2019-06-06 16:00:00 ]
2019-06-07 08:19:57,746 read IYR from av [ 2019-05-16 09:35:00 to 2019-06-06 16:00:00 ]
2019-06-07 08:19:58,382 read IYW from av [ 2019-05-16 09:35:00 to 2019-06-06 16:00:00 ]
2019-06-07 08:19:58,906 read IYT from av [ 2019-05-16 09:35:00 to 2019-06-06 16:00:00 ]
2019-06-07 08:19:59,301 read PEJ from av [ 2019-05-16 10:45:00 to 2019-06-06 16:00:00 ]
2019-06-07 08:22:00,086 read USO from av [ 2019-05-16 09:35:00 to 2019-06-06 16:00:00 ]
2019-06-07 08:22:00,828 read DBC from av [ 2019-05-16 09:35:00 to 2019-06-06 16:00:00 ]
2019-06-07 08:22:01,546 read GSG from av [ 2019-05-16 09:35:00 to 2019-06-06 16:00:00 ]
2019-06-07 08:22:02,276 read VTI from av [ 2019-05-16 09:35:00 to 2019-06-06 16:00:00 ]
2019-06-07 08:22:03,004 read ^RUT from av [ 2019-05-16 09:35:00 to 2019-06-06 16:00:00 ]
2019-06-07 08:22:03,915 read FDN from av [ 2019-05-16 09:35:00 to 2019-06-06 16:00:00 ]
2019-06-07 08:22:04,592 read XLV from av [ 2019-05-16 09:35:00 to 2019-06-06 16:00:00 ]
2019-06-07 08:24:07,130 read IBB from av [ 2019-05-16 09:35:00 to 2019-06-06 16:00:00 ]
2019-06-07 08:24:07,807 read KRE from av [ 2019-05-16 09:35:00 to 2019-06-06 16:00:00 ]
2019-06-07 08:24:08,590 read KBE from av [ 2019-05-16 09:35:00 to 2019-06-06 16:00:00 ]
2019-06-07 08:24:09,177 read XLF from av [ 2019-05-16 09:35:00 to 2019-06-06 16:00:00 ]
2019-06-07 08:24:09,919 read XLP from av [ 2019-05-16 09:35:00 to 2019-06-06 16:00:00 ]
2019-06-07 08:26:10,802 read XLY from av [ 2019-05-16 09:35:00 to 2019-06-06 16:00:00 ]
2019-06-07 08:26:11,473 read VNQ from av [ 2019-05-16 09:35:00 to 2019-06-06 16:00:00 ]
2019-06-07 08:26:12,197 read XLB from av [ 2019-05-16 09:35:00 to 2019-06-06 16:00:00 ]
2019-06-07 08:26:12,838 read XLI from av [ 2019-05-16 09:35:00 to 2019-06-06 16:00:00 ]
2019-06-07 08:26:13,425 read KBWB from av [ 2019-05-16 09:35:00 to 2019-06-06 16:00:00 ]
