2019-03-22 08:01:29,217 read QQQ from av [ 2019-03-01 09:35:00 to 2019-03-21 16:00:00 ]
2019-03-22 08:01:29,850 read ^VIX from av [ 2019-03-01 09:35:00 to 2019-03-21 16:00:00 ]
2019-03-22 08:01:30,516 read FAS from av [ 2019-03-01 09:35:00 to 2019-03-21 16:00:00 ]
2019-03-22 08:01:31,012 read MIDU from av [ 2019-03-01 09:35:00 to 2019-03-21 16:00:00 ]
2019-03-22 08:01:31,404 read AAPL from av [ 2019-03-01 09:35:00 to 2019-03-21 16:00:00 ]
2019-03-22 08:03:32,423 read GOOG from av [ 2019-03-01 09:35:00 to 2019-03-21 16:00:00 ]
2019-03-22 08:03:32,889 read ^GSPC from av [ 2019-03-01 09:35:00 to 2019-03-21 16:00:00 ]
2019-03-22 08:03:33,344 read ^DJI from av [ 2019-03-01 09:35:00 to 2019-03-21 16:00:00 ]
2019-03-22 08:03:33,890 read ^TNX from av [ 2019-03-01 09:35:00 to 2019-03-21 15:00:00 ]
2019-03-22 08:03:34,560 read MSFT from av [ 2019-03-01 09:35:00 to 2019-03-21 16:00:00 ]
2019-03-22 08:05:35,558 read ^VXGOG from av [ 2019-03-01 09:35:00 to 2019-03-21 16:00:00 ]
2019-03-22 08:05:36,235 read ^VXAPL from av [ 2019-03-01 09:35:00 to 2019-03-21 16:00:00 ]
2019-03-22 08:05:36,948 read ^VXGS from av [ 2019-03-01 09:35:00 to 2019-03-21 16:00:00 ]
2019-03-22 08:05:37,641 read ^VXAZN from av [ 2019-03-01 09:35:00 to 2019-03-21 16:00:00 ]
2019-03-22 08:05:38,291 read ^VXIBM from av [ 2019-03-01 09:35:00 to 2019-03-21 16:00:00 ]
2019-03-22 08:07:39,082 read GS from av [ 2019-03-01 09:35:00 to 2019-03-21 16:00:00 ]
2019-03-22 08:07:39,853 read IBM from av [ 2019-03-01 09:35:00 to 2019-03-21 16:00:00 ]
2019-03-22 08:07:40,526 read FB from av [ 2019-03-01 09:35:00 to 2019-03-21 16:00:00 ]
2019-03-22 08:07:41,123 read ^TYVIX from av [ 2019-03-01 09:35:00 to 2019-03-21 16:00:00 ]
2019-03-22 08:07:41,813 read SPY from av [ 2019-03-01 09:35:00 to 2019-03-21 16:00:00 ]
2019-03-22 08:09:42,684 read GOOGL from av [ 2019-03-01 09:35:00 to 2019-03-21 16:00:00 ]
2019-03-22 08:09:43,355 read JPM from av [ 2019-03-01 09:35:00 to 2019-03-21 16:00:00 ]
2019-03-22 08:09:44,099 read JNJ from av [ 2019-03-01 09:35:00 to 2019-03-21 16:00:00 ]
2019-03-22 08:09:44,776 read BAC from av [ 2019-03-01 09:35:00 to 2019-03-21 16:00:00 ]
2019-03-22 08:09:45,202 read V from av [ 2019-03-01 09:35:00 to 2019-03-21 16:00:00 ]
2019-03-22 08:11:46,080 read WFC from av [ 2019-03-01 09:35:00 to 2019-03-21 16:00:00 ]
2019-03-22 08:11:46,788 read MA from av [ 2019-03-01 09:35:00 to 2019-03-21 16:00:00 ]
2019-03-22 08:11:47,541 read C from av [ 2019-03-01 09:35:00 to 2019-03-21 16:00:00 ]
2019-03-22 08:11:48,164 read PYPL from av [ 2019-03-01 09:35:00 to 2019-03-21 16:00:00 ]
2019-03-22 08:11:48,635 read OIL from av [ 2019-03-01 09:45:00 to 2019-03-21 14:30:00 ]
2019-03-22 08:13:49,269 read DX-Y.NYB from av [ 2019-03-22 00:00:00 to 2019-03-22 04:00:00 ]
2019-03-22 08:13:50,024 read GLD from av [ 2019-03-01 09:35:00 to 2019-03-21 16:00:00 ]
2019-03-22 08:13:50,606 read UUP from av [ 2019-03-01 09:35:00 to 2019-03-21 16:00:00 ]
2019-03-22 08:13:51,193 read SHY from av [ 2019-03-01 09:35:00 to 2019-03-21 16:00:00 ]
2019-03-22 08:13:51,899 read SHV from av [ 2019-03-01 09:35:00 to 2019-03-21 16:00:00 ]
2019-03-22 08:15:52,901 read IEF from av [ 2019-03-01 09:35:00 to 2019-03-21 16:00:00 ]
2019-03-22 08:15:53,437 read ^IRX from av [ 2019-03-01 09:35:00 to 2019-03-21 15:00:00 ]
2019-03-22 08:15:54,012 read ^FVX from av [ 2019-03-01 09:35:00 to 2019-03-21 15:00:00 ]
2019-03-22 08:15:54,579 read ^TYX from av [ 2019-03-01 09:35:00 to 2019-03-21 15:00:00 ]
2019-03-22 08:15:55,280 read SQQQ from av [ 2019-03-01 09:35:00 to 2019-03-21 16:00:00 ]
2019-03-22 08:17:56,191 read TQQQ from av [ 2019-03-01 09:35:00 to 2019-03-21 16:00:00 ]
2019-03-22 08:17:56,970 read ^VXX from av [ 2019-03-01 09:35:00 to 2019-03-21 16:00:00 ]
2019-03-22 08:17:57,838 read ^VXZ from av [ 2019-03-01 09:35:00 to 2019-03-21 16:00:00 ]
2019-03-22 08:17:58,459 read IYE from av [ 2019-03-01 09:35:00 to 2019-03-21 16:00:00 ]
2019-03-22 08:17:59,041 read IYY from av [ 2019-03-01 09:35:00 to 2019-03-21 16:00:00 ]
2019-03-22 08:19:59,912 read IYF from av [ 2019-03-01 09:35:00 to 2019-03-21 16:00:00 ]
2019-03-22 08:20:00,596 read IYR from av [ 2019-03-01 09:35:00 to 2019-03-21 16:00:00 ]
2019-03-22 08:20:01,481 read IYW from av [ 2019-03-01 09:35:00 to 2019-03-21 16:00:00 ]
2019-03-22 08:20:02,247 read IYT from av [ 2019-03-01 09:35:00 to 2019-03-21 16:00:00 ]
2019-03-22 08:20:02,709 read PEJ from av [ 2019-03-01 10:30:00 to 2019-03-21 15:45:00 ]
2019-03-22 08:20:03,329 read USO from av [ 2019-03-01 09:35:00 to 2019-03-21 16:00:00 ]
2019-03-22 08:20:04,031 read DBC from av [ 2019-03-01 09:35:00 to 2019-03-21 16:00:00 ]
2019-03-22 08:20:04,894 read GSG from av [ 2019-03-01 09:35:00 to 2019-03-21 16:00:00 ]
2019-03-22 08:22:05,816 read VTI from av [ 2019-03-01 09:35:00 to 2019-03-21 16:00:00 ]
2019-03-22 08:22:06,416 read ^RUT from av [ 2019-03-01 09:35:00 to 2019-03-21 16:00:00 ]
2019-03-22 08:22:07,040 read FDN from av [ 2019-03-01 09:35:00 to 2019-03-21 16:00:00 ]
2019-03-22 08:22:07,715 read XLV from av [ 2019-03-01 09:35:00 to 2019-03-21 16:00:00 ]
2019-03-22 08:22:08,396 read IBB from av [ 2019-03-01 09:35:00 to 2019-03-21 16:00:00 ]
2019-03-22 08:24:09,337 read KRE from av [ 2019-03-01 09:35:00 to 2019-03-21 16:00:00 ]
2019-03-22 08:24:10,029 read KBE from av [ 2019-03-01 09:35:00 to 2019-03-21 16:00:00 ]
2019-03-22 08:24:10,683 read XLF from av [ 2019-03-01 09:35:00 to 2019-03-21 16:00:00 ]
2019-03-22 08:24:11,492 read XLP from av [ 2019-03-01 09:35:00 to 2019-03-21 16:00:00 ]
2019-03-22 08:24:12,273 read XLY from av [ 2019-03-01 09:35:00 to 2019-03-21 16:00:00 ]
2019-03-22 08:26:13,146 read VNQ from av [ 2019-03-01 09:35:00 to 2019-03-21 16:00:00 ]
2019-03-22 08:26:13,774 read XLB from av [ 2019-03-01 09:35:00 to 2019-03-21 16:00:00 ]
2019-03-22 08:26:14,497 read XLI from av [ 2019-03-01 09:35:00 to 2019-03-21 16:00:00 ]
2019-03-22 08:26:15,170 read KBWB from av [ 2019-03-01 09:35:00 to 2019-03-21 16:00:00 ]
