2019-05-10 08:01:30,057 read QQQ from av [ 2019-04-18 09:35:00 to 2019-05-09 16:00:00 ]
2019-05-10 08:01:30,726 read ^VIX from av [ 2019-04-18 09:35:00 to 2019-05-09 16:00:00 ]
2019-05-10 08:01:31,321 read FAS from av [ 2019-04-18 09:35:00 to 2019-05-09 16:00:00 ]
2019-05-10 08:01:31,855 read MIDU from av [ 2019-04-18 09:35:00 to 2019-05-09 16:00:00 ]
2019-05-10 08:01:32,347 read AAPL from av [ 2019-04-18 09:35:00 to 2019-05-09 16:00:00 ]
2019-05-10 08:03:33,255 read GOOG from av [ 2019-04-18 09:35:00 to 2019-05-09 16:00:00 ]
2019-05-10 08:03:33,826 read ^GSPC from av [ 2019-04-18 09:35:00 to 2019-05-09 16:00:00 ]
2019-05-10 08:03:34,286 read ^DJI from av [ 2019-04-18 09:35:00 to 2019-05-09 16:00:00 ]
2019-05-10 08:03:34,848 read ^TNX from av [ 2019-04-18 09:35:00 to 2019-05-09 15:00:00 ]
2019-05-10 08:03:35,247 read MSFT from av [ 2019-04-18 09:35:00 to 2019-05-09 16:00:00 ]
2019-05-10 08:05:36,090 read ^VXGOG from av [ 2019-04-18 09:35:00 to 2019-05-09 16:00:00 ]
2019-05-10 08:05:36,719 read ^VXAPL from av [ 2019-04-18 09:35:00 to 2019-05-09 16:00:00 ]
2019-05-10 08:05:37,386 read ^VXGS from av [ 2019-04-18 09:35:00 to 2019-05-09 16:00:00 ]
2019-05-10 08:05:37,913 read ^VXAZN from av [ 2019-04-18 09:35:00 to 2019-05-09 16:00:00 ]
2019-05-10 08:05:38,436 read ^VXIBM from av [ 2019-04-18 09:35:00 to 2019-05-09 16:00:00 ]
2019-05-10 08:07:39,309 read GS from av [ 2019-04-18 09:35:00 to 2019-05-09 16:00:00 ]
2019-05-10 08:07:39,994 read IBM from av [ 2019-04-18 09:35:00 to 2019-05-09 16:00:00 ]
2019-05-10 08:07:40,572 read FB from av [ 2019-04-18 09:35:00 to 2019-05-09 16:00:00 ]
2019-05-10 08:07:41,146 read ^TYVIX from av [ 2019-04-18 09:35:00 to 2019-05-09 16:00:00 ]
2019-05-10 08:07:41,554 read SPY from av [ 2019-04-18 09:35:00 to 2019-05-09 16:00:00 ]
2019-05-10 08:09:42,583 read GOOGL from av [ 2019-04-18 09:35:00 to 2019-05-09 16:00:00 ]
2019-05-10 08:09:43,302 read JPM from av [ 2019-04-18 09:35:00 to 2019-05-09 16:00:00 ]
2019-05-10 08:09:43,797 read JNJ from av [ 2019-04-18 09:35:00 to 2019-05-09 16:00:00 ]
2019-05-10 08:09:44,195 read BAC from av [ 2019-04-18 09:35:00 to 2019-05-09 16:00:00 ]
2019-05-10 08:09:44,795 read V from av [ 2019-04-18 09:35:00 to 2019-05-09 16:00:00 ]
2019-05-10 08:11:45,696 read WFC from av [ 2019-04-18 09:35:00 to 2019-05-09 16:00:00 ]
2019-05-10 08:11:46,500 read MA from av [ 2019-04-18 09:35:00 to 2019-05-09 16:00:00 ]
2019-05-10 08:11:47,113 read C from av [ 2019-04-18 09:35:00 to 2019-05-09 16:00:00 ]
2019-05-10 08:11:47,724 read PYPL from av [ 2019-04-18 09:35:00 to 2019-05-09 16:00:00 ]
2019-05-10 08:11:48,302 read OIL from av [ 2019-04-18 09:35:00 to 2019-05-09 15:00:00 ]
2019-05-10 08:13:48,891 read DX-Y.NYB from av [ 2019-05-10 00:00:00 to 2019-05-10 04:00:00 ]
2019-05-10 08:13:49,680 read GLD from av [ 2019-04-18 09:35:00 to 2019-05-09 16:00:00 ]
2019-05-10 08:13:50,469 read UUP from av [ 2019-04-18 09:35:00 to 2019-05-09 16:00:00 ]
2019-05-10 08:13:51,175 read SHY from av [ 2019-04-18 09:35:00 to 2019-05-09 16:00:00 ]
2019-05-10 08:13:51,728 read SHV from av [ 2019-04-18 09:35:00 to 2019-05-09 16:00:00 ]
2019-05-10 08:15:52,578 read IEF from av [ 2019-04-18 09:35:00 to 2019-05-09 16:00:00 ]
2019-05-10 08:15:53,096 read ^IRX from av [ 2019-04-18 09:35:00 to 2019-05-09 15:00:00 ]
2019-05-10 08:15:53,665 read ^FVX from av [ 2019-04-18 09:35:00 to 2019-05-09 15:00:00 ]
2019-05-10 08:15:54,299 read ^TYX from av [ 2019-04-18 09:35:00 to 2019-05-09 15:00:00 ]
2019-05-10 08:15:54,921 read SQQQ from av [ 2019-04-18 09:35:00 to 2019-05-09 16:00:00 ]
2019-05-10 08:17:55,796 read TQQQ from av [ 2019-04-18 09:35:00 to 2019-05-09 16:00:00 ]
2019-05-10 08:17:56,427 read ^VXX from av [ 2019-04-18 09:35:00 to 2019-05-09 16:00:00 ]
2019-05-10 08:17:57,299 read ^VXZ from av [ 2019-04-18 09:35:00 to 2019-05-09 16:00:00 ]
2019-05-10 08:17:58,029 read IYE from av [ 2019-04-18 09:35:00 to 2019-05-09 16:00:00 ]
2019-05-10 08:17:58,501 read IYY from av [ 2019-04-18 09:35:00 to 2019-05-09 16:00:00 ]
2019-05-10 08:19:59,286 read IYF from av [ 2019-04-18 09:35:00 to 2019-05-09 16:00:00 ]
2019-05-10 08:19:59,911 read IYR from av [ 2019-04-18 09:35:00 to 2019-05-09 16:00:00 ]
2019-05-10 08:20:00,593 read IYW from av [ 2019-04-18 09:35:00 to 2019-05-09 16:00:00 ]
2019-05-10 08:20:01,163 read IYT from av [ 2019-04-18 09:35:00 to 2019-05-09 16:00:00 ]
2019-05-10 08:20:01,655 read PEJ from av [ 2019-04-18 09:50:00 to 2019-05-09 12:50:00 ]
2019-05-10 08:20:02,445 read USO from av [ 2019-04-18 09:35:00 to 2019-05-09 16:00:00 ]
2019-05-10 08:20:03,225 read DBC from av [ 2019-04-18 09:35:00 to 2019-05-09 16:00:00 ]
2019-05-10 08:20:04,034 read GSG from av [ 2019-04-18 09:35:00 to 2019-05-09 16:00:00 ]
2019-05-10 08:20:04,694 read VTI from av [ 2019-04-18 09:35:00 to 2019-05-09 16:00:00 ]
2019-05-10 08:22:05,646 read ^RUT from av [ 2019-04-18 09:35:00 to 2019-05-09 16:00:00 ]
2019-05-10 08:22:06,251 read FDN from av [ 2019-04-18 09:35:00 to 2019-05-09 16:00:00 ]
2019-05-10 08:22:06,799 read XLV from av [ 2019-04-18 09:35:00 to 2019-05-09 16:00:00 ]
2019-05-10 08:22:07,548 read IBB from av [ 2019-04-18 09:35:00 to 2019-05-09 16:00:00 ]
2019-05-10 08:22:08,204 read KRE from av [ 2019-04-18 09:35:00 to 2019-05-09 16:00:00 ]
2019-05-10 08:24:09,136 read KBE from av [ 2019-04-18 09:35:00 to 2019-05-09 16:00:00 ]
2019-05-10 08:24:09,784 read XLF from av [ 2019-04-18 09:35:00 to 2019-05-09 16:00:00 ]
2019-05-10 08:24:10,360 read XLP from av [ 2019-04-18 09:35:00 to 2019-05-09 16:00:00 ]
2019-05-10 08:24:10,992 read XLY from av [ 2019-04-18 09:35:00 to 2019-05-09 16:00:00 ]
2019-05-10 08:24:11,651 read VNQ from av [ 2019-04-18 09:35:00 to 2019-05-09 16:00:00 ]
2019-05-10 08:26:12,673 read XLB from av [ 2019-04-18 09:35:00 to 2019-05-09 16:00:00 ]
2019-05-10 08:26:13,445 read XLI from av [ 2019-04-18 09:35:00 to 2019-05-09 16:00:00 ]
2019-05-10 08:26:14,417 read KBWB from av [ 2019-04-18 09:35:00 to 2019-05-09 16:00:00 ]
