2019-05-03 08:01:26,464 read QQQ from av [ 2019-04-11 09:35:00 to 2019-05-02 16:00:00 ]
2019-05-03 08:01:27,089 read ^VIX from av [ 2019-04-11 09:35:00 to 2019-05-02 16:00:00 ]
2019-05-03 08:01:27,732 read FAS from av [ 2019-04-11 09:35:00 to 2019-05-02 16:00:00 ]
2019-05-03 08:01:28,174 read MIDU from av [ 2019-04-11 09:35:00 to 2019-05-02 16:00:00 ]
2019-05-03 08:01:28,527 read AAPL from av [ 2019-04-11 09:35:00 to 2019-05-02 16:00:00 ]
2019-05-03 08:03:29,330 read GOOG from av [ 2019-04-11 09:35:00 to 2019-05-02 16:00:00 ]
2019-05-03 08:03:29,844 read ^GSPC from av [ 2019-04-11 09:35:00 to 2019-05-02 16:00:00 ]
2019-05-03 08:03:30,370 read ^DJI from av [ 2019-04-11 09:35:00 to 2019-05-02 16:00:00 ]
2019-05-03 08:03:30,888 read ^TNX from av [ 2019-04-11 09:35:00 to 2019-05-02 15:00:00 ]
2019-05-03 08:03:31,262 read MSFT from av [ 2019-04-11 09:35:00 to 2019-05-02 16:00:00 ]
2019-05-03 08:05:32,026 read ^VXGOG from av [ 2019-04-11 09:35:00 to 2019-05-02 16:00:00 ]
2019-05-03 08:05:32,657 read ^VXAPL from av [ 2019-04-11 09:35:00 to 2019-05-02 16:00:00 ]
2019-05-03 08:05:33,242 read ^VXGS from av [ 2019-04-11 09:35:00 to 2019-05-02 16:00:00 ]
2019-05-03 08:05:33,853 read ^VXAZN from av [ 2019-04-11 09:35:00 to 2019-05-02 16:00:00 ]
2019-05-03 08:05:34,485 read ^VXIBM from av [ 2019-04-11 09:35:00 to 2019-05-02 16:00:00 ]
2019-05-03 08:07:34,996 read GS from av [ 2019-04-11 09:35:00 to 2019-05-02 16:00:00 ]
2019-05-03 08:07:35,627 read IBM from av [ 2019-04-11 09:35:00 to 2019-05-02 16:00:00 ]
2019-05-03 08:07:36,265 read FB from av [ 2019-04-11 09:35:00 to 2019-05-02 16:00:00 ]
2019-05-03 08:07:36,958 read ^TYVIX from av [ 2019-04-11 09:35:00 to 2019-05-02 16:00:00 ]
2019-05-03 08:07:37,337 read SPY from av [ 2019-04-11 09:35:00 to 2019-05-02 16:00:00 ]
2019-05-03 08:09:38,151 read GOOGL from av [ 2019-04-11 09:35:00 to 2019-05-02 16:00:00 ]
2019-05-03 08:09:38,954 read JPM from av [ 2019-04-11 09:35:00 to 2019-05-02 16:00:00 ]
2019-05-03 08:09:39,531 read JNJ from av [ 2019-04-11 09:35:00 to 2019-05-02 16:00:00 ]
2019-05-03 08:09:40,066 read BAC from av [ 2019-04-11 09:35:00 to 2019-05-02 16:00:00 ]
2019-05-03 08:09:40,683 read V from av [ 2019-04-11 09:35:00 to 2019-05-02 16:00:00 ]
2019-05-03 08:11:41,511 read WFC from av [ 2019-04-11 09:35:00 to 2019-05-02 16:00:00 ]
2019-05-03 08:11:42,218 read MA from av [ 2019-04-11 09:35:00 to 2019-05-02 16:00:00 ]
2019-05-03 08:11:42,971 read C from av [ 2019-04-11 09:35:00 to 2019-05-02 16:00:00 ]
2019-05-03 08:11:43,594 read PYPL from av [ 2019-04-11 09:35:00 to 2019-05-02 16:00:00 ]
2019-05-03 08:11:44,025 read OIL from av [ 2019-04-11 09:35:00 to 2019-05-02 15:45:00 ]
2019-05-03 08:13:44,536 read DX-Y.NYB from av [ 2019-05-03 00:00:00 to 2019-05-03 04:00:00 ]
2019-05-03 08:13:45,083 read GLD from av [ 2019-04-11 09:35:00 to 2019-05-02 16:00:00 ]
2019-05-03 08:13:45,719 read UUP from av [ 2019-04-11 09:35:00 to 2019-05-02 16:00:00 ]
2019-05-03 08:13:46,494 read SHY from av [ 2019-04-11 09:35:00 to 2019-05-02 16:00:00 ]
2019-05-03 08:13:47,230 read SHV from av [ 2019-04-11 09:35:00 to 2019-05-02 16:00:00 ]
2019-05-03 08:15:48,144 read IEF from av [ 2019-04-11 09:35:00 to 2019-05-02 16:00:00 ]
2019-05-03 08:15:48,781 read ^IRX from av [ 2019-04-11 09:35:00 to 2019-05-02 15:00:00 ]
2019-05-03 08:15:49,324 read ^FVX from av [ 2019-04-11 09:35:00 to 2019-05-02 15:00:00 ]
2019-05-03 08:15:49,851 read ^TYX from av [ 2019-04-11 09:35:00 to 2019-05-02 15:00:00 ]
2019-05-03 08:15:50,380 read SQQQ from av [ 2019-04-11 09:35:00 to 2019-05-02 16:00:00 ]
2019-05-03 08:17:51,220 read TQQQ from av [ 2019-04-11 09:35:00 to 2019-05-02 16:00:00 ]
2019-05-03 08:17:51,847 read ^VXX from av [ 2019-04-11 09:35:00 to 2019-05-02 16:00:00 ]
2019-05-03 08:17:52,728 read ^VXZ from av [ 2019-04-11 09:35:00 to 2019-05-02 16:00:00 ]
2019-05-03 08:17:53,392 read IYE from av [ 2019-04-11 09:35:00 to 2019-05-02 16:00:00 ]
2019-05-03 08:17:53,808 read IYY from av [ 2019-04-11 09:35:00 to 2019-05-02 16:00:00 ]
2019-05-03 08:19:54,760 read IYF from av [ 2019-04-11 09:35:00 to 2019-05-02 16:00:00 ]
2019-05-03 08:19:55,561 read IYR from av [ 2019-04-11 09:35:00 to 2019-05-02 16:00:00 ]
2019-05-03 08:19:56,321 read IYW from av [ 2019-04-11 09:35:00 to 2019-05-02 16:00:00 ]
2019-05-03 08:19:56,869 read IYT from av [ 2019-04-11 09:35:00 to 2019-05-02 16:00:00 ]
2019-05-03 08:19:57,306 read PEJ from av [ 2019-04-11 09:50:00 to 2019-05-02 15:45:00 ]
2019-05-03 08:21:58,031 read USO from av [ 2019-04-11 09:35:00 to 2019-05-02 16:00:00 ]
2019-05-03 08:21:58,649 read DBC from av [ 2019-04-11 09:35:00 to 2019-05-02 16:00:00 ]
2019-05-03 08:21:59,250 read GSG from av [ 2019-04-11 09:35:00 to 2019-05-02 16:00:00 ]
2019-05-03 08:21:59,894 read VTI from av [ 2019-04-11 09:35:00 to 2019-05-02 16:00:00 ]
2019-05-03 08:22:00,431 read ^RUT from av [ 2019-04-11 09:35:00 to 2019-05-02 16:00:00 ]
2019-05-03 08:22:01,083 read FDN from av [ 2019-04-11 09:35:00 to 2019-05-02 16:00:00 ]
2019-05-03 08:22:01,773 read XLV from av [ 2019-04-11 09:35:00 to 2019-05-02 16:00:00 ]
2019-05-03 08:22:02,407 read IBB from av [ 2019-04-11 09:35:00 to 2019-05-02 16:00:00 ]
2019-05-03 08:22:03,054 read KRE from av [ 2019-04-11 09:35:00 to 2019-05-02 16:00:00 ]
2019-05-03 08:22:03,725 read KBE from av [ 2019-04-11 09:35:00 to 2019-05-02 16:00:00 ]
2019-05-03 08:22:04,327 read XLF from av [ 2019-04-11 09:35:00 to 2019-05-02 16:00:00 ]
2019-05-03 08:24:05,157 read XLP from av [ 2019-04-11 09:35:00 to 2019-05-02 16:00:00 ]
2019-05-03 08:24:05,845 read XLY from av [ 2019-04-11 09:35:00 to 2019-05-02 16:00:00 ]
2019-05-03 08:24:06,468 read VNQ from av [ 2019-04-11 09:35:00 to 2019-05-02 16:00:00 ]
2019-05-03 08:24:07,103 read XLB from av [ 2019-04-11 09:35:00 to 2019-05-02 16:00:00 ]
2019-05-03 08:24:07,782 read XLI from av [ 2019-04-11 09:35:00 to 2019-05-02 16:00:00 ]
2019-05-03 08:26:08,699 read KBWB from av [ 2019-04-11 09:35:00 to 2019-05-02 16:00:00 ]
