2019-07-05 08:01:25,027 read QQQ from av [ 2019-06-13 09:35:00 to 2019-07-03 13:05:00 ]
2019-07-05 08:01:25,735 read ^VIX from av [ 2019-06-13 09:35:00 to 2019-07-03 13:05:00 ]
2019-07-05 08:01:26,459 read FAS from av [ 2019-06-13 09:35:00 to 2019-07-03 13:05:00 ]
2019-07-05 08:01:27,051 read MIDU from av [ 2019-06-13 09:45:00 to 2019-07-03 13:00:00 ]
2019-07-05 08:01:27,410 read AAPL from av [ 2019-06-13 09:35:00 to 2019-07-03 13:05:00 ]
2019-07-05 08:03:28,367 read GOOG from av [ 2019-06-13 09:35:00 to 2019-07-03 13:05:00 ]
2019-07-05 08:03:28,893 read ^GSPC from av [ 2019-06-13 09:35:00 to 2019-07-03 13:05:00 ]
2019-07-05 08:03:29,374 read ^DJI from av [ 2019-06-13 09:35:00 to 2019-07-03 13:05:00 ]
2019-07-05 08:03:30,022 read ^TNX from av [ 2019-06-13 09:35:00 to 2019-07-03 13:00:00 ]
2019-07-05 08:03:30,757 read MSFT from av [ 2019-06-13 09:35:00 to 2019-07-03 13:05:00 ]
2019-07-05 08:05:31,640 read ^VXGOG from av [ 2019-06-13 09:35:00 to 2019-07-03 13:00:00 ]
2019-07-05 08:05:32,400 read ^VXAPL from av [ 2019-06-13 09:35:00 to 2019-07-03 13:00:00 ]
2019-07-05 08:05:33,237 read ^VXGS from av [ 2019-06-13 09:35:00 to 2019-07-03 13:00:00 ]
2019-07-05 08:05:34,110 read ^VXAZN from av [ 2019-06-13 09:35:00 to 2019-07-03 13:00:00 ]
2019-07-05 08:05:34,788 read ^VXIBM from av [ 2019-06-13 09:35:00 to 2019-07-03 13:00:00 ]
2019-07-05 08:07:35,974 read GS from av [ 2019-06-13 09:35:00 to 2019-07-03 13:05:00 ]
2019-07-05 08:07:37,006 read IBM from av [ 2019-06-13 09:35:00 to 2019-07-03 13:05:00 ]
2019-07-05 08:07:38,160 read FB from av [ 2019-06-13 09:35:00 to 2019-07-03 13:05:00 ]
2019-07-05 08:07:39,050 read ^TYVIX from av [ 2019-06-13 09:35:00 to 2019-07-03 13:00:00 ]
2019-07-05 08:07:39,880 read SPY from av [ 2019-06-13 09:35:00 to 2019-07-03 13:05:00 ]
2019-07-05 08:09:40,504 read GOOGL from av [ 2019-06-13 09:35:00 to 2019-07-03 13:05:00 ]
2019-07-05 08:09:41,217 read JPM from av [ 2019-06-13 09:35:00 to 2019-07-03 13:05:00 ]
2019-07-05 08:09:42,125 read JNJ from av [ 2019-06-13 09:35:00 to 2019-07-03 13:05:00 ]
2019-07-05 08:09:42,858 read BAC from av [ 2019-06-13 09:35:00 to 2019-07-03 13:05:00 ]
2019-07-05 08:09:43,631 read V from av [ 2019-06-13 09:35:00 to 2019-07-03 13:05:00 ]
2019-07-05 08:11:44,614 read WFC from av [ 2019-06-13 09:35:00 to 2019-07-03 13:05:00 ]
2019-07-05 08:11:45,372 read MA from av [ 2019-06-13 09:35:00 to 2019-07-03 13:05:00 ]
2019-07-05 08:11:46,008 read C from av [ 2019-06-13 09:35:00 to 2019-07-03 13:05:00 ]
2019-07-05 08:11:46,615 read PYPL from av [ 2019-06-13 09:35:00 to 2019-07-03 13:05:00 ]
2019-07-05 08:11:47,122 read OIL from av [ 2019-06-13 09:35:00 to 2019-07-03 13:05:00 ]
2019-07-05 08:13:47,713 read DX-Y.NYB from av [ 2019-07-05 00:00:00 to 2019-07-05 04:00:00 ]
2019-07-05 08:13:48,408 read GLD from av [ 2019-06-13 09:35:00 to 2019-07-03 13:05:00 ]
2019-07-05 08:13:49,099 read UUP from av [ 2019-06-13 09:35:00 to 2019-07-03 13:05:00 ]
2019-07-05 08:13:49,982 read SHY from av [ 2019-06-13 09:35:00 to 2019-07-03 13:05:00 ]
2019-07-05 08:13:50,792 read SHV from av [ 2019-06-13 09:35:00 to 2019-07-03 13:05:00 ]
2019-07-05 08:15:51,745 read IEF from av [ 2019-06-13 09:35:00 to 2019-07-03 13:05:00 ]
2019-07-05 08:15:52,368 read ^IRX from av [ 2019-06-13 09:35:00 to 2019-07-03 13:00:00 ]
2019-07-05 08:15:53,031 read ^FVX from av [ 2019-06-13 09:35:00 to 2019-07-03 13:00:00 ]
2019-07-05 08:15:53,616 read ^TYX from av [ 2019-06-13 09:35:00 to 2019-07-03 13:00:00 ]
2019-07-05 08:15:54,303 read SQQQ from av [ 2019-06-13 09:35:00 to 2019-07-03 13:05:00 ]
2019-07-05 08:17:55,315 read TQQQ from av [ 2019-06-13 09:35:00 to 2019-07-03 13:05:00 ]
2019-07-05 08:17:56,125 read ^VXX from av [ 2019-06-13 09:35:00 to 2019-07-03 13:05:00 ]
2019-07-05 08:17:56,752 read ^VXZ from av [ 2019-06-13 09:35:00 to 2019-07-03 13:05:00 ]
2019-07-05 08:17:57,539 read IYE from av [ 2019-06-13 09:35:00 to 2019-07-03 13:05:00 ]
2019-07-05 08:17:58,180 read IYY from av [ 2019-06-13 09:35:00 to 2019-07-03 13:00:00 ]
2019-07-05 08:19:59,026 read IYF from av [ 2019-06-13 09:35:00 to 2019-07-03 13:05:00 ]
2019-07-05 08:19:59,712 read IYR from av [ 2019-06-13 09:35:00 to 2019-07-03 13:05:00 ]
2019-07-05 08:20:00,385 read IYW from av [ 2019-06-13 09:35:00 to 2019-07-03 13:05:00 ]
2019-07-05 08:20:01,696 read IYT from av [ 2019-06-13 09:35:00 to 2019-07-03 13:05:00 ]
2019-07-05 08:20:03,860 read PEJ from av [ 2019-06-13 09:35:00 to 2019-07-03 13:00:00 ]
2019-07-05 08:20:06,101 read USO from av [ 2019-06-13 09:35:00 to 2019-07-03 13:05:00 ]
2019-07-05 08:20:09,967 read DBC from av [ 2019-06-13 09:35:00 to 2019-07-03 13:05:00 ]
2019-07-05 08:20:13,774 read GSG from av [ 2019-06-13 09:35:00 to 2019-07-03 13:05:00 ]
2019-07-05 08:20:15,198 read VTI from av [ 2019-06-13 09:35:00 to 2019-07-03 13:05:00 ]
2019-07-05 08:22:16,216 read ^RUT from av [ 2019-06-13 09:35:00 to 2019-07-03 13:05:00 ]
2019-07-05 08:22:16,863 read FDN from av [ 2019-06-13 09:35:00 to 2019-07-03 13:05:00 ]
2019-07-05 08:22:17,723 read XLV from av [ 2019-06-13 09:35:00 to 2019-07-03 13:05:00 ]
2019-07-05 08:22:18,551 read IBB from av [ 2019-06-13 09:35:00 to 2019-07-03 13:05:00 ]
2019-07-05 08:22:19,367 read KRE from av [ 2019-06-13 09:35:00 to 2019-07-03 13:05:00 ]
2019-07-05 08:24:20,226 read KBE from av [ 2019-06-13 09:35:00 to 2019-07-03 13:05:00 ]
2019-07-05 08:24:20,936 read XLF from av [ 2019-06-13 09:35:00 to 2019-07-03 13:05:00 ]
2019-07-05 08:24:21,651 read XLP from av [ 2019-06-13 09:35:00 to 2019-07-03 13:05:00 ]
2019-07-05 08:24:22,267 read XLY from av [ 2019-06-13 09:35:00 to 2019-07-03 13:05:00 ]
2019-07-05 08:24:23,133 read VNQ from av [ 2019-06-13 09:35:00 to 2019-07-03 13:05:00 ]
2019-07-05 08:26:24,191 read XLB from av [ 2019-06-13 09:35:00 to 2019-07-03 13:05:00 ]
2019-07-05 08:26:25,044 read XLI from av [ 2019-06-13 09:35:00 to 2019-07-03 13:05:00 ]
2019-07-05 08:26:26,108 read KBWB from av [ 2019-06-13 09:35:00 to 2019-07-03 13:05:00 ]
