2019-05-31 08:01:28,961 read QQQ from av [ 2019-05-09 09:35:00 to 2019-05-30 16:00:00 ]
2019-05-31 08:01:29,690 read ^VIX from av [ 2019-05-09 09:35:00 to 2019-05-30 16:00:00 ]
2019-05-31 08:01:30,418 read FAS from av [ 2019-05-09 09:35:00 to 2019-05-30 16:00:00 ]
2019-05-31 08:01:30,937 read MIDU from av [ 2019-05-09 09:35:00 to 2019-05-30 16:00:00 ]
2019-05-31 08:01:31,336 read AAPL from av [ 2019-05-09 09:35:00 to 2019-05-30 16:00:00 ]
2019-05-31 08:03:31,917 read GOOG from av [ 2019-05-09 09:35:00 to 2019-05-30 16:00:00 ]
2019-05-31 08:03:32,350 read ^GSPC from av [ 2019-05-09 09:35:00 to 2019-05-30 16:00:00 ]
2019-05-31 08:03:32,826 read ^DJI from av [ 2019-05-09 09:35:00 to 2019-05-30 16:00:00 ]
2019-05-31 08:03:33,386 read ^TNX from av [ 2019-05-09 09:35:00 to 2019-05-30 15:00:00 ]
2019-05-31 08:03:34,107 read MSFT from av [ 2019-05-09 09:35:00 to 2019-05-30 16:00:00 ]
2019-05-31 08:05:34,912 read ^VXGOG from av [ 2019-05-09 09:35:00 to 2019-05-30 16:00:00 ]
2019-05-31 08:05:35,513 read ^VXAPL from av [ 2019-05-09 09:35:00 to 2019-05-30 16:00:00 ]
2019-05-31 08:05:36,286 read ^VXGS from av [ 2019-05-09 09:35:00 to 2019-05-30 16:00:00 ]
2019-05-31 08:05:37,114 read ^VXAZN from av [ 2019-05-09 09:35:00 to 2019-05-30 16:00:00 ]
2019-05-31 08:05:37,775 read ^VXIBM from av [ 2019-05-09 09:35:00 to 2019-05-30 16:00:00 ]
2019-05-31 08:07:38,757 read GS from av [ 2019-05-09 09:35:00 to 2019-05-30 16:00:00 ]
2019-05-31 08:07:39,533 read IBM from av [ 2019-05-09 09:35:00 to 2019-05-30 16:00:00 ]
2019-05-31 08:07:40,008 read FB from av [ 2019-05-09 09:35:00 to 2019-05-30 16:00:00 ]
2019-05-31 08:07:40,589 read ^TYVIX from av [ 2019-05-09 09:35:00 to 2019-05-30 16:00:00 ]
2019-05-31 08:07:41,012 read SPY from av [ 2019-05-09 09:35:00 to 2019-05-30 16:00:00 ]
2019-05-31 08:09:41,903 read GOOGL from av [ 2019-05-09 09:35:00 to 2019-05-30 16:00:00 ]
2019-05-31 08:09:42,603 read JPM from av [ 2019-05-09 09:35:00 to 2019-05-30 16:00:00 ]
2019-05-31 08:09:43,351 read JNJ from av [ 2019-05-09 09:35:00 to 2019-05-30 16:00:00 ]
2019-05-31 08:09:43,973 read BAC from av [ 2019-05-09 09:35:00 to 2019-05-30 16:00:00 ]
2019-05-31 08:09:44,529 read V from av [ 2019-05-09 09:35:00 to 2019-05-30 16:00:00 ]
2019-05-31 08:11:45,268 read WFC from av [ 2019-05-09 09:35:00 to 2019-05-30 16:00:00 ]
2019-05-31 08:11:46,020 read MA from av [ 2019-05-09 09:35:00 to 2019-05-30 16:00:00 ]
2019-05-31 08:11:46,849 read C from av [ 2019-05-09 09:35:00 to 2019-05-30 16:00:00 ]
2019-05-31 08:11:47,596 read PYPL from av [ 2019-05-09 09:35:00 to 2019-05-30 16:00:00 ]
2019-05-31 08:11:47,990 read OIL from av [ 2019-05-09 09:35:00 to 2019-05-30 16:00:00 ]
2019-05-31 08:13:48,555 read DX-Y.NYB from av [ 2019-05-31 00:00:00 to 2019-05-31 04:00:00 ]
2019-05-31 08:13:49,135 read GLD from av [ 2019-05-09 09:35:00 to 2019-05-30 16:00:00 ]
2019-05-31 08:13:49,814 read UUP from av [ 2019-05-09 09:35:00 to 2019-05-30 16:00:00 ]
2019-05-31 08:13:50,460 read SHY from av [ 2019-05-09 09:35:00 to 2019-05-30 16:00:00 ]
2019-05-31 08:13:51,113 read SHV from av [ 2019-05-09 09:35:00 to 2019-05-30 16:00:00 ]
2019-05-31 08:15:52,030 read IEF from av [ 2019-05-09 09:35:00 to 2019-05-30 16:00:00 ]
2019-05-31 08:15:52,728 read ^IRX from av [ 2019-05-09 09:35:00 to 2019-05-30 15:00:00 ]
2019-05-31 08:15:53,308 read ^FVX from av [ 2019-05-09 09:35:00 to 2019-05-30 15:00:00 ]
2019-05-31 08:15:53,803 read ^TYX from av [ 2019-05-09 09:35:00 to 2019-05-30 15:00:00 ]
2019-05-31 08:15:54,569 read SQQQ from av [ 2019-05-09 09:35:00 to 2019-05-30 16:00:00 ]
2019-05-31 08:17:55,389 read TQQQ from av [ 2019-05-09 09:35:00 to 2019-05-30 16:00:00 ]
2019-05-31 08:17:56,017 read ^VXX from av [ 2019-05-09 09:35:00 to 2019-05-30 16:00:00 ]
2019-05-31 08:17:56,724 read ^VXZ from av [ 2019-05-09 09:35:00 to 2019-05-30 16:00:00 ]
2019-05-31 08:17:57,323 read IYE from av [ 2019-05-09 09:35:00 to 2019-05-30 16:00:00 ]
2019-05-31 08:17:57,846 read IYY from av [ 2019-05-09 09:35:00 to 2019-05-30 15:50:00 ]
2019-05-31 08:19:58,498 read IYF from av [ 2019-05-09 09:35:00 to 2019-05-30 16:00:00 ]
2019-05-31 08:19:59,229 read IYR from av [ 2019-05-09 09:35:00 to 2019-05-30 16:00:00 ]
2019-05-31 08:19:59,766 read IYW from av [ 2019-05-09 09:35:00 to 2019-05-30 16:00:00 ]
2019-05-31 08:20:00,282 read IYT from av [ 2019-05-09 09:35:00 to 2019-05-30 16:00:00 ]
2019-05-31 08:20:00,699 read PEJ from av [ 2019-05-09 11:15:00 to 2019-05-30 14:35:00 ]
2019-05-31 08:20:01,540 read USO from av [ 2019-05-09 09:35:00 to 2019-05-30 16:00:00 ]
2019-05-31 08:20:02,327 read DBC from av [ 2019-05-09 09:35:00 to 2019-05-30 16:00:00 ]
2019-05-31 08:20:03,040 read GSG from av [ 2019-05-09 09:35:00 to 2019-05-30 16:00:00 ]
2019-05-31 08:20:03,742 read VTI from av [ 2019-05-09 09:35:00 to 2019-05-30 16:00:00 ]
2019-05-31 08:20:04,534 read ^RUT from av [ 2019-05-09 09:35:00 to 2019-05-30 16:00:00 ]
2019-05-31 08:20:05,233 read FDN from av [ 2019-05-09 09:35:00 to 2019-05-30 16:00:00 ]
2019-05-31 08:22:06,136 read XLV from av [ 2019-05-09 09:35:00 to 2019-05-30 16:00:00 ]
2019-05-31 08:22:06,727 read IBB from av [ 2019-05-09 09:35:00 to 2019-05-30 16:00:00 ]
2019-05-31 08:22:07,460 read KRE from av [ 2019-05-09 09:35:00 to 2019-05-30 16:00:00 ]
2019-05-31 08:22:08,123 read KBE from av [ 2019-05-09 09:35:00 to 2019-05-30 16:00:00 ]
2019-05-31 08:22:08,758 read XLF from av [ 2019-05-09 09:35:00 to 2019-05-30 16:00:00 ]
2019-05-31 08:24:09,654 read XLP from av [ 2019-05-09 09:35:00 to 2019-05-30 16:00:00 ]
2019-05-31 08:24:10,356 read XLY from av [ 2019-05-09 09:35:00 to 2019-05-30 16:00:00 ]
2019-05-31 08:24:11,010 read VNQ from av [ 2019-05-09 09:35:00 to 2019-05-30 16:00:00 ]
2019-05-31 08:24:11,570 read XLB from av [ 2019-05-09 09:35:00 to 2019-05-30 16:00:00 ]
2019-05-31 08:24:12,207 read XLI from av [ 2019-05-09 09:35:00 to 2019-05-30 16:00:00 ]
2019-05-31 08:26:13,128 read KBWB from av [ 2019-05-09 09:35:00 to 2019-05-30 16:00:00 ]
