2019-09-13 08:01:27,510 read QQQ from av [ 2019-08-22 09:35:00 to 2019-09-12 16:00:00 ]
2019-09-13 08:01:28,076 read ^VIX from av [ 2019-08-22 09:35:00 to 2019-09-12 16:00:00 ]
2019-09-13 08:01:29,401 read FAS from av [ 2019-08-22 09:35:00 to 2019-09-12 16:00:00 ]
2019-09-13 08:01:30,519 read MIDU from av [ 2019-08-22 09:35:00 to 2019-09-12 16:00:00 ]
2019-09-13 08:01:30,932 read AAPL from av [ 2019-08-22 09:35:00 to 2019-09-12 16:00:00 ]
2019-09-13 08:03:31,653 read GOOG from av [ 2019-08-22 09:35:00 to 2019-09-12 16:00:00 ]
2019-09-13 08:03:32,906 read ^GSPC from av [ 2019-08-22 09:35:00 to 2019-09-12 16:00:00 ]
2019-09-13 08:03:34,264 read ^DJI from av [ 2019-08-22 09:35:00 to 2019-09-12 16:00:00 ]
2019-09-13 08:03:35,739 read ^TNX from av [ 2019-08-27 08:25:00 to 2019-09-12 15:00:00 ]
2019-09-13 08:03:36,227 read MSFT from av [ 2019-08-22 09:35:00 to 2019-09-12 16:00:00 ]
2019-09-13 08:05:37,744 read ^VXGOG from av [ 2019-08-22 09:35:00 to 2019-09-12 16:00:00 ]
2019-09-13 08:05:39,007 read ^VXAPL from av [ 2019-08-22 09:35:00 to 2019-09-12 16:00:00 ]
2019-09-13 08:05:40,294 read ^VXGS from av [ 2019-08-22 09:35:00 to 2019-09-12 16:00:00 ]
2019-09-13 08:05:41,617 read ^VXAZN from av [ 2019-08-22 09:35:00 to 2019-09-12 16:00:00 ]
2019-09-13 08:05:42,949 read ^VXIBM from av [ 2019-08-22 09:35:00 to 2019-09-12 16:00:00 ]
2019-09-13 08:07:44,711 read GS from av [ 2019-08-22 09:35:00 to 2019-09-12 16:00:00 ]
2019-09-13 08:07:46,224 read IBM from av [ 2019-08-22 09:35:00 to 2019-09-12 16:00:00 ]
2019-09-13 08:07:47,683 read FB from av [ 2019-08-22 09:35:00 to 2019-09-12 16:00:00 ]
2019-09-13 08:07:48,985 read ^TYVIX from av [ 2019-08-22 09:35:00 to 2019-09-12 16:00:00 ]
2019-09-13 08:07:50,380 read SPY from av [ 2019-08-22 09:35:00 to 2019-09-12 16:00:00 ]
2019-09-13 08:09:52,079 read GOOGL from av [ 2019-08-22 09:35:00 to 2019-09-12 16:00:00 ]
2019-09-13 08:09:53,464 read JPM from av [ 2019-08-22 09:35:00 to 2019-09-12 16:00:00 ]
2019-09-13 08:09:54,812 read JNJ from av [ 2019-08-22 09:35:00 to 2019-09-12 16:00:00 ]
2019-09-13 08:09:56,136 read BAC from av [ 2019-08-22 09:35:00 to 2019-09-12 16:00:00 ]
2019-09-13 08:09:57,454 read V from av [ 2019-08-22 09:35:00 to 2019-09-12 16:00:00 ]
2019-09-13 08:11:58,985 read WFC from av [ 2019-08-22 09:35:00 to 2019-09-12 16:00:00 ]
2019-09-13 08:12:00,324 read MA from av [ 2019-08-22 09:35:00 to 2019-09-12 16:00:00 ]
2019-09-13 08:12:01,693 read C from av [ 2019-08-22 09:35:00 to 2019-09-12 16:00:00 ]
2019-09-13 08:12:03,372 read PYPL from av [ 2019-08-22 09:35:00 to 2019-09-12 16:00:00 ]
2019-09-13 08:12:04,489 read OIL from av [ 2019-08-22 09:35:00 to 2019-09-12 16:00:00 ]
2019-09-13 08:12:06,699 read DX-Y.NYB from av [ 2019-08-27 00:00:00 to 2019-09-13 03:25:00 ]
2019-09-13 08:12:08,413 read GLD from av [ 2019-08-22 09:35:00 to 2019-09-12 16:00:00 ]
2019-09-13 08:12:10,054 read UUP from av [ 2019-08-22 09:35:00 to 2019-09-12 16:00:00 ]
2019-09-13 08:14:11,558 read SHY from av [ 2019-08-22 09:35:00 to 2019-09-12 16:00:00 ]
2019-09-13 08:14:12,903 read SHV from av [ 2019-08-22 09:35:00 to 2019-09-12 16:00:00 ]
2019-09-13 08:14:14,213 read IEF from av [ 2019-08-22 09:35:00 to 2019-09-12 16:00:00 ]
2019-09-13 08:14:15,460 read ^IRX from av [ 2019-08-27 08:25:00 to 2019-09-12 15:00:00 ]
2019-09-13 08:14:16,777 read ^FVX from av [ 2019-08-27 08:25:00 to 2019-09-12 15:00:00 ]
2019-09-13 08:16:18,254 read ^TYX from av [ 2019-08-27 08:25:00 to 2019-09-12 15:00:00 ]
2019-09-13 08:16:19,529 read SQQQ from av [ 2019-08-22 09:35:00 to 2019-09-12 16:00:00 ]
2019-09-13 08:16:21,178 read TQQQ from av [ 2019-08-22 09:35:00 to 2019-09-12 16:00:00 ]
2019-09-13 08:16:22,322 read ^VXX from av [ 2019-08-22 09:35:00 to 2019-09-12 16:00:00 ]
2019-09-13 08:16:23,662 read ^VXZ from av [ 2019-08-22 09:35:00 to 2019-09-12 16:00:00 ]
2019-09-13 08:18:25,542 read IYE from av [ 2019-08-22 09:35:00 to 2019-09-12 16:00:00 ]
2019-09-13 08:18:26,628 read IYY from av [ 2019-08-22 09:55:00 to 2019-09-12 16:00:00 ]
2019-09-13 08:18:27,762 read IYF from av [ 2019-08-22 09:35:00 to 2019-09-12 16:00:00 ]
2019-09-13 08:18:29,147 read IYR from av [ 2019-08-22 09:35:00 to 2019-09-12 16:00:00 ]
2019-09-13 08:18:30,448 read IYW from av [ 2019-08-22 09:35:00 to 2019-09-12 16:00:00 ]
2019-09-13 08:20:31,975 read IYT from av [ 2019-08-22 09:35:00 to 2019-09-12 16:00:00 ]
2019-09-13 08:20:32,989 read PEJ from av [ 2019-08-22 10:40:00 to 2019-09-12 15:50:00 ]
2019-09-13 08:20:34,310 read USO from av [ 2019-08-22 09:35:00 to 2019-09-12 16:00:00 ]
2019-09-13 08:20:36,008 read DBC from av [ 2019-08-22 09:35:00 to 2019-09-12 16:00:00 ]
2019-09-13 08:20:37,330 read GSG from av [ 2019-08-22 09:35:00 to 2019-09-12 16:00:00 ]
2019-09-13 08:22:38,860 read VTI from av [ 2019-08-22 09:35:00 to 2019-09-12 16:00:00 ]
2019-09-13 08:22:40,736 read ^RUT from av [ 2019-08-22 09:35:00 to 2019-09-12 16:00:00 ]
2019-09-13 08:22:42,382 read FDN from av [ 2019-08-22 09:35:00 to 2019-09-12 16:00:00 ]
2019-09-13 08:22:43,825 read XLV from av [ 2019-08-22 09:35:00 to 2019-09-12 16:00:00 ]
2019-09-13 08:22:45,223 read IBB from av [ 2019-08-22 09:35:00 to 2019-09-12 16:00:00 ]
2019-09-13 08:24:49,390 read KRE from av [ 2019-08-22 09:35:00 to 2019-09-12 16:00:00 ]
2019-09-13 08:24:51,478 read KBE from av [ 2019-08-22 09:35:00 to 2019-09-12 16:00:00 ]
2019-09-13 08:24:53,483 read XLF from av [ 2019-08-22 09:35:00 to 2019-09-12 16:00:00 ]
2019-09-13 08:24:54,856 read XLP from av [ 2019-08-22 09:35:00 to 2019-09-12 16:00:00 ]
2019-09-13 08:24:56,919 read XLY from av [ 2019-08-22 09:35:00 to 2019-09-12 16:00:00 ]
2019-09-13 08:26:59,094 read VNQ from av [ 2019-08-22 09:35:00 to 2019-09-12 16:00:00 ]
2019-09-13 08:27:00,717 read XLB from av [ 2019-08-22 09:35:00 to 2019-09-12 16:00:00 ]
2019-09-13 08:27:02,031 read XLI from av [ 2019-08-22 09:35:00 to 2019-09-12 16:00:00 ]
2019-09-13 08:27:03,444 read KBWB from av [ 2019-08-22 09:35:00 to 2019-09-12 16:00:00 ]
