2019-05-24 08:01:31,771 read QQQ from av [ 2019-05-03 09:35:00 to 2019-05-23 16:00:00 ]
2019-05-24 08:01:32,512 read ^VIX from av [ 2019-05-03 09:35:00 to 2019-05-23 16:00:00 ]
2019-05-24 08:01:33,219 read FAS from av [ 2019-05-03 09:35:00 to 2019-05-23 16:00:00 ]
2019-05-24 08:01:33,657 read MIDU from av [ 2019-05-03 09:35:00 to 2019-05-23 16:00:00 ]
2019-05-24 08:01:34,006 read AAPL from av [ 2019-05-03 09:35:00 to 2019-05-23 16:00:00 ]
2019-05-24 08:03:34,619 read GOOG from av [ 2019-05-03 09:35:00 to 2019-05-23 16:00:00 ]
2019-05-24 08:03:35,153 read ^GSPC from av [ 2019-05-03 09:35:00 to 2019-05-23 16:00:00 ]
2019-05-24 08:03:35,762 read ^DJI from av [ 2019-05-03 09:35:00 to 2019-05-23 16:00:00 ]
2019-05-24 08:03:36,394 read ^TNX from av [ 2019-05-03 09:35:00 to 2019-05-23 15:00:00 ]
2019-05-24 08:03:37,082 read MSFT from av [ 2019-05-03 09:35:00 to 2019-05-23 16:00:00 ]
2019-05-24 08:05:37,927 read ^VXGOG from av [ 2019-05-03 09:35:00 to 2019-05-23 16:00:00 ]
2019-05-24 08:05:38,754 read ^VXAPL from av [ 2019-05-03 09:35:00 to 2019-05-23 16:00:00 ]
2019-05-24 08:05:39,404 read ^VXGS from av [ 2019-05-03 09:35:00 to 2019-05-23 16:00:00 ]
2019-05-24 08:05:40,021 read ^VXAZN from av [ 2019-05-03 09:35:00 to 2019-05-23 16:00:00 ]
2019-05-24 08:05:40,594 read ^VXIBM from av [ 2019-05-03 09:35:00 to 2019-05-23 16:00:00 ]
2019-05-24 08:07:41,318 read GS from av [ 2019-05-03 09:35:00 to 2019-05-23 16:00:00 ]
2019-05-24 08:07:42,057 read IBM from av [ 2019-05-03 09:35:00 to 2019-05-23 16:00:00 ]
2019-05-24 08:07:42,625 read FB from av [ 2019-05-03 09:35:00 to 2019-05-23 16:00:00 ]
2019-05-24 08:07:43,226 read ^TYVIX from av [ 2019-05-03 09:35:00 to 2019-05-23 16:00:00 ]
2019-05-24 08:07:43,763 read SPY from av [ 2019-05-03 09:35:00 to 2019-05-23 16:00:00 ]
2019-05-24 08:09:44,374 read GOOGL from av [ 2019-05-03 09:35:00 to 2019-05-23 16:00:00 ]
2019-05-24 08:09:45,022 read JPM from av [ 2019-05-03 09:35:00 to 2019-05-23 16:00:00 ]
2019-05-24 08:09:45,750 read JNJ from av [ 2019-05-03 09:35:00 to 2019-05-23 16:00:00 ]
2019-05-24 08:09:46,525 read BAC from av [ 2019-05-03 09:35:00 to 2019-05-23 16:00:00 ]
2019-05-24 08:09:47,248 read V from av [ 2019-05-03 09:35:00 to 2019-05-23 16:00:00 ]
2019-05-24 08:11:48,207 read WFC from av [ 2019-05-03 09:35:00 to 2019-05-23 16:00:00 ]
2019-05-24 08:11:48,961 read MA from av [ 2019-05-03 09:35:00 to 2019-05-23 16:00:00 ]
2019-05-24 08:11:49,620 read C from av [ 2019-05-03 09:35:00 to 2019-05-23 16:00:00 ]
2019-05-24 08:11:50,199 read PYPL from av [ 2019-05-03 09:35:00 to 2019-05-23 16:00:00 ]
2019-05-24 08:11:50,617 read OIL from av [ 2019-05-03 09:45:00 to 2019-05-23 15:55:00 ]
2019-05-24 08:13:51,237 read DX-Y.NYB from av [ 2019-05-24 00:00:00 to 2019-05-24 04:00:00 ]
2019-05-24 08:13:51,838 read GLD from av [ 2019-05-03 09:35:00 to 2019-05-23 16:00:00 ]
2019-05-24 08:13:52,418 read UUP from av [ 2019-05-03 09:35:00 to 2019-05-23 16:00:00 ]
2019-05-24 08:13:53,302 read SHY from av [ 2019-05-03 09:35:00 to 2019-05-23 16:00:00 ]
2019-05-24 08:13:54,058 read SHV from av [ 2019-05-03 09:35:00 to 2019-05-23 16:00:00 ]
2019-05-24 08:15:54,992 read IEF from av [ 2019-05-03 09:35:00 to 2019-05-23 16:00:00 ]
2019-05-24 08:15:55,711 read ^IRX from av [ 2019-05-03 09:35:00 to 2019-05-23 15:00:00 ]
2019-05-24 08:15:56,347 read ^FVX from av [ 2019-05-03 09:35:00 to 2019-05-23 15:00:00 ]
2019-05-24 08:15:56,829 read ^TYX from av [ 2019-05-03 09:35:00 to 2019-05-23 15:00:00 ]
2019-05-24 08:15:57,484 read SQQQ from av [ 2019-05-03 09:35:00 to 2019-05-23 16:00:00 ]
2019-05-24 08:17:58,503 read TQQQ from av [ 2019-05-03 09:35:00 to 2019-05-23 16:00:00 ]
2019-05-24 08:17:59,176 read ^VXX from av [ 2019-05-03 09:35:00 to 2019-05-23 16:00:00 ]
2019-05-24 08:17:59,900 read ^VXZ from av [ 2019-05-03 09:35:00 to 2019-05-23 16:00:00 ]
2019-05-24 08:18:00,619 read IYE from av [ 2019-05-03 09:35:00 to 2019-05-23 16:00:00 ]
2019-05-24 08:18:01,159 read IYY from av [ 2019-05-03 09:35:00 to 2019-05-23 16:00:00 ]
2019-05-24 08:18:01,694 read IYF from av [ 2019-05-03 09:35:00 to 2019-05-23 16:00:00 ]
2019-05-24 08:18:02,374 read IYR from av [ 2019-05-03 09:35:00 to 2019-05-23 16:00:00 ]
2019-05-24 08:18:03,079 read IYW from av [ 2019-05-03 09:35:00 to 2019-05-23 16:00:00 ]
2019-05-24 08:18:03,715 read IYT from av [ 2019-05-03 09:35:00 to 2019-05-23 16:00:00 ]
2019-05-24 08:18:04,086 read PEJ from av [ 2019-05-03 09:35:00 to 2019-05-23 15:40:00 ]
2019-05-24 08:20:04,827 read USO from av [ 2019-05-03 09:35:00 to 2019-05-23 16:00:00 ]
2019-05-24 08:20:05,559 read DBC from av [ 2019-05-03 09:35:00 to 2019-05-23 16:00:00 ]
2019-05-24 08:20:06,399 read GSG from av [ 2019-05-03 09:35:00 to 2019-05-23 16:00:00 ]
2019-05-24 08:20:06,995 read VTI from av [ 2019-05-03 09:35:00 to 2019-05-23 16:00:00 ]
2019-05-24 08:20:07,697 read ^RUT from av [ 2019-05-03 09:35:00 to 2019-05-23 16:00:00 ]
2019-05-24 08:22:08,560 read FDN from av [ 2019-05-03 09:35:00 to 2019-05-23 16:00:00 ]
2019-05-24 08:22:09,274 read XLV from av [ 2019-05-03 09:35:00 to 2019-05-23 16:00:00 ]
2019-05-24 08:22:10,026 read IBB from av [ 2019-05-03 09:35:00 to 2019-05-23 16:00:00 ]
2019-05-24 08:22:10,632 read KRE from av [ 2019-05-03 09:35:00 to 2019-05-23 16:00:00 ]
2019-05-24 08:22:11,397 read KBE from av [ 2019-05-03 09:35:00 to 2019-05-23 16:00:00 ]
2019-05-24 08:24:12,224 read XLF from av [ 2019-05-03 09:35:00 to 2019-05-23 16:00:00 ]
2019-05-24 08:24:12,853 read XLP from av [ 2019-05-03 09:35:00 to 2019-05-23 16:00:00 ]
2019-05-24 08:24:13,477 read XLY from av [ 2019-05-03 09:35:00 to 2019-05-23 16:00:00 ]
2019-05-24 08:24:14,014 read VNQ from av [ 2019-05-03 09:35:00 to 2019-05-23 16:00:00 ]
2019-05-24 08:24:14,737 read XLB from av [ 2019-05-03 09:35:00 to 2019-05-23 16:00:00 ]
2019-05-24 08:26:15,654 read XLI from av [ 2019-05-03 09:35:00 to 2019-05-23 16:00:00 ]
2019-05-24 08:26:16,312 read KBWB from av [ 2019-05-03 09:35:00 to 2019-05-23 16:00:00 ]
