2019-04-19 08:01:31,176 read QQQ from av [ 2019-03-29 09:35:00 to 2019-04-18 16:00:00 ]
2019-04-19 08:01:31,941 read ^VIX from av [ 2019-03-29 09:35:00 to 2019-04-18 16:00:00 ]
2019-04-19 08:01:32,674 read FAS from av [ 2019-03-29 09:35:00 to 2019-04-18 16:00:00 ]
2019-04-19 08:01:33,097 read MIDU from av [ 2019-03-29 09:35:00 to 2019-04-18 16:00:00 ]
2019-04-19 08:01:33,427 read AAPL from av [ 2019-03-29 09:35:00 to 2019-04-18 16:00:00 ]
2019-04-19 08:03:34,093 read GOOG from av [ 2019-03-29 09:35:00 to 2019-04-18 16:00:00 ]
2019-04-19 08:03:34,474 read ^GSPC from av [ 2019-03-29 09:35:00 to 2019-04-18 16:00:00 ]
2019-04-19 08:03:34,916 read ^DJI from av [ 2019-03-29 09:35:00 to 2019-04-18 16:00:00 ]
2019-04-19 08:03:35,428 read ^TNX from av [ 2019-03-29 09:35:00 to 2019-04-18 15:00:00 ]
2019-04-19 08:03:35,830 read MSFT from av [ 2019-03-29 09:35:00 to 2019-04-18 16:00:00 ]
2019-04-19 08:05:36,659 read ^VXGOG from av [ 2019-03-29 09:35:00 to 2019-04-18 16:00:00 ]
2019-04-19 08:05:37,337 read ^VXAPL from av [ 2019-03-29 09:35:00 to 2019-04-18 16:00:00 ]
2019-04-19 08:05:37,885 read ^VXGS from av [ 2019-03-29 09:35:00 to 2019-04-18 16:00:00 ]
2019-04-19 08:05:38,376 read ^VXAZN from av [ 2019-03-29 09:35:00 to 2019-04-18 16:00:00 ]
2019-04-19 08:05:39,016 read ^VXIBM from av [ 2019-03-29 09:35:00 to 2019-04-18 16:00:00 ]
2019-04-19 08:07:39,820 read GS from av [ 2019-03-29 09:35:00 to 2019-04-18 16:00:00 ]
2019-04-19 08:07:40,413 read IBM from av [ 2019-03-29 09:35:00 to 2019-04-18 16:00:00 ]
2019-04-19 08:07:40,811 read FB from av [ 2019-03-29 09:35:00 to 2019-04-18 16:00:00 ]
2019-04-19 08:07:41,341 read ^TYVIX from av [ 2019-03-29 09:35:00 to 2019-04-18 16:00:00 ]
2019-04-19 08:07:41,717 read SPY from av [ 2019-03-29 09:35:00 to 2019-04-18 16:00:00 ]
2019-04-19 08:09:42,556 read GOOGL from av [ 2019-03-29 09:35:00 to 2019-04-18 16:00:00 ]
2019-04-19 08:09:43,154 read JPM from av [ 2019-03-29 09:35:00 to 2019-04-18 16:00:00 ]
2019-04-19 08:09:43,819 read JNJ from av [ 2019-03-29 09:35:00 to 2019-04-18 16:00:00 ]
2019-04-19 08:09:44,402 read BAC from av [ 2019-03-29 09:35:00 to 2019-04-18 16:00:00 ]
2019-04-19 08:09:45,071 read V from av [ 2019-03-29 09:35:00 to 2019-04-18 16:00:00 ]
2019-04-19 08:11:45,893 read WFC from av [ 2019-03-29 09:35:00 to 2019-04-18 16:00:00 ]
2019-04-19 08:11:46,546 read MA from av [ 2019-03-29 09:35:00 to 2019-04-18 16:00:00 ]
2019-04-19 08:11:47,231 read C from av [ 2019-03-29 09:35:00 to 2019-04-18 16:00:00 ]
2019-04-19 08:11:47,630 read PYPL from av [ 2019-03-29 09:35:00 to 2019-04-18 16:00:00 ]
2019-04-19 08:11:48,049 read OIL from av [ 2019-03-29 09:40:00 to 2019-04-18 15:10:00 ]
2019-04-19 08:13:48,717 read DX-Y.NYB from av [ 2019-04-18 00:00:00 to 2019-04-18 23:55:00 ]
2019-04-19 08:13:49,334 read GLD from av [ 2019-03-29 09:35:00 to 2019-04-18 16:00:00 ]
2019-04-19 08:13:49,967 read UUP from av [ 2019-03-29 09:35:00 to 2019-04-18 16:00:00 ]
2019-04-19 08:13:50,585 read SHY from av [ 2019-03-29 09:35:00 to 2019-04-18 16:00:00 ]
2019-04-19 08:13:51,103 read SHV from av [ 2019-03-29 09:35:00 to 2019-04-18 16:00:00 ]
2019-04-19 08:15:51,914 read IEF from av [ 2019-03-29 09:35:00 to 2019-04-18 16:00:00 ]
2019-04-19 08:15:52,420 read ^IRX from av [ 2019-03-29 09:35:00 to 2019-04-18 15:00:00 ]
2019-04-19 08:15:52,973 read ^FVX from av [ 2019-03-29 09:35:00 to 2019-04-18 15:00:00 ]
2019-04-19 08:15:53,517 read ^TYX from av [ 2019-03-29 09:35:00 to 2019-04-18 15:00:00 ]
2019-04-19 08:15:54,031 read SQQQ from av [ 2019-03-29 09:35:00 to 2019-04-18 16:00:00 ]
2019-04-19 08:17:54,977 read TQQQ from av [ 2019-03-29 09:35:00 to 2019-04-18 16:00:00 ]
2019-04-19 08:17:55,614 read ^VXX from av [ 2019-03-29 09:35:00 to 2019-04-18 16:00:00 ]
2019-04-19 08:17:56,374 read ^VXZ from av [ 2019-03-29 09:35:00 to 2019-04-18 16:00:00 ]
2019-04-19 08:17:57,144 read IYE from av [ 2019-03-29 09:35:00 to 2019-04-18 16:00:00 ]
2019-04-19 08:17:57,612 read IYY from av [ 2019-03-29 09:45:00 to 2019-04-18 16:00:00 ]
2019-04-19 08:19:58,406 read IYF from av [ 2019-03-29 09:35:00 to 2019-04-18 16:00:00 ]
2019-04-19 08:19:59,040 read IYR from av [ 2019-03-29 09:35:00 to 2019-04-18 16:00:00 ]
2019-04-19 08:19:59,610 read IYW from av [ 2019-03-29 09:35:00 to 2019-04-18 16:00:00 ]
2019-04-19 08:20:00,137 read IYT from av [ 2019-03-29 09:35:00 to 2019-04-18 16:00:00 ]
2019-04-19 08:20:00,473 read PEJ from av [ 2019-03-29 10:20:00 to 2019-04-18 15:30:00 ]
2019-04-19 08:20:00,969 read USO from av [ 2019-03-29 09:35:00 to 2019-04-18 16:00:00 ]
2019-04-19 08:20:01,639 read DBC from av [ 2019-03-29 09:35:00 to 2019-04-18 16:00:00 ]
2019-04-19 08:20:02,301 read GSG from av [ 2019-03-29 09:35:00 to 2019-04-18 16:00:00 ]
2019-04-19 08:20:02,880 read VTI from av [ 2019-03-29 09:35:00 to 2019-04-18 16:00:00 ]
2019-04-19 08:20:03,491 read ^RUT from av [ 2019-03-29 09:35:00 to 2019-04-18 16:00:00 ]
2019-04-19 08:20:04,312 read FDN from av [ 2019-03-29 09:35:00 to 2019-04-18 16:00:00 ]
2019-04-19 08:22:05,253 read XLV from av [ 2019-03-29 09:35:00 to 2019-04-18 16:00:00 ]
2019-04-19 08:22:06,014 read IBB from av [ 2019-03-29 09:35:00 to 2019-04-18 16:00:00 ]
2019-04-19 08:22:06,654 read KRE from av [ 2019-03-29 09:35:00 to 2019-04-18 16:00:00 ]
2019-04-19 08:22:07,231 read KBE from av [ 2019-03-29 09:35:00 to 2019-04-18 16:00:00 ]
2019-04-19 08:22:07,826 read XLF from av [ 2019-03-29 09:35:00 to 2019-04-18 16:00:00 ]
2019-04-19 08:24:08,755 read XLP from av [ 2019-03-29 09:35:00 to 2019-04-18 16:00:00 ]
2019-04-19 08:24:09,532 read XLY from av [ 2019-03-29 09:35:00 to 2019-04-18 16:00:00 ]
2019-04-19 08:24:10,161 read VNQ from av [ 2019-03-29 09:35:00 to 2019-04-18 16:00:00 ]
2019-04-19 08:24:10,752 read XLB from av [ 2019-03-29 09:35:00 to 2019-04-18 16:00:00 ]
2019-04-19 08:24:11,405 read XLI from av [ 2019-03-29 09:35:00 to 2019-04-18 16:00:00 ]
2019-04-19 08:26:12,315 read KBWB from av [ 2019-03-29 09:35:00 to 2019-04-18 16:00:00 ]
