2019-06-14 08:01:27,737 read QQQ from av [ 2019-05-23 09:35:00 to 2019-06-13 16:00:00 ]
2019-06-14 08:01:28,412 read ^VIX from av [ 2019-05-23 09:35:00 to 2019-06-13 16:00:00 ]
2019-06-14 08:01:29,021 read FAS from av [ 2019-05-23 09:35:00 to 2019-06-13 16:00:00 ]
2019-06-14 08:01:29,507 read MIDU from av [ 2019-05-23 09:35:00 to 2019-06-13 16:00:00 ]
2019-06-14 08:01:29,856 read AAPL from av [ 2019-05-23 09:35:00 to 2019-06-13 16:00:00 ]
2019-06-14 08:03:30,751 read GOOG from av [ 2019-05-23 09:35:00 to 2019-06-13 16:00:00 ]
2019-06-14 08:03:31,317 read ^GSPC from av [ 2019-05-23 09:35:00 to 2019-06-13 16:00:00 ]
2019-06-14 08:03:31,752 read ^DJI from av [ 2019-05-23 09:35:00 to 2019-06-13 16:00:00 ]
2019-06-14 08:03:32,325 read ^TNX from av [ 2019-05-23 09:35:00 to 2019-06-13 15:00:00 ]
2019-06-14 08:03:33,015 read MSFT from av [ 2019-05-23 09:35:00 to 2019-06-13 16:00:00 ]
2019-06-14 08:05:33,992 read ^VXGOG from av [ 2019-05-23 09:35:00 to 2019-06-13 16:00:00 ]
2019-06-14 08:05:34,729 read ^VXAPL from av [ 2019-05-23 09:35:00 to 2019-06-13 16:00:00 ]
2019-06-14 08:05:35,546 read ^VXGS from av [ 2019-05-23 09:35:00 to 2019-06-13 16:00:00 ]
2019-06-14 08:05:36,056 read ^VXAZN from av [ 2019-05-23 09:35:00 to 2019-06-13 16:00:00 ]
2019-06-14 08:05:36,639 read ^VXIBM from av [ 2019-05-23 09:35:00 to 2019-06-13 16:00:00 ]
2019-06-14 08:07:37,470 read GS from av [ 2019-05-23 09:35:00 to 2019-06-13 16:00:00 ]
2019-06-14 08:07:38,166 read IBM from av [ 2019-05-23 09:35:00 to 2019-06-13 16:00:00 ]
2019-06-14 08:07:38,821 read FB from av [ 2019-05-23 09:35:00 to 2019-06-13 16:00:00 ]
2019-06-14 08:07:39,450 read ^TYVIX from av [ 2019-05-23 09:35:00 to 2019-06-13 16:00:00 ]
2019-06-14 08:07:40,090 read SPY from av [ 2019-05-23 09:35:00 to 2019-06-13 16:00:00 ]
2019-06-14 08:09:40,824 read GOOGL from av [ 2019-05-23 09:35:00 to 2019-06-13 16:00:00 ]
2019-06-14 08:09:41,526 read JPM from av [ 2019-05-23 09:35:00 to 2019-06-13 16:00:00 ]
2019-06-14 08:09:41,993 read JNJ from av [ 2019-05-23 09:35:00 to 2019-06-13 16:00:00 ]
2019-06-14 08:09:42,660 read BAC from av [ 2019-05-23 09:35:00 to 2019-06-13 16:00:00 ]
2019-06-14 08:09:43,375 read V from av [ 2019-05-23 09:35:00 to 2019-06-13 16:00:00 ]
2019-06-14 08:11:44,304 read WFC from av [ 2019-05-23 09:35:00 to 2019-06-13 16:00:00 ]
2019-06-14 08:11:44,875 read MA from av [ 2019-05-23 09:35:00 to 2019-06-13 16:00:00 ]
2019-06-14 08:11:45,583 read C from av [ 2019-05-23 09:35:00 to 2019-06-13 16:00:00 ]
2019-06-14 08:11:46,243 read PYPL from av [ 2019-05-23 09:35:00 to 2019-06-13 16:00:00 ]
2019-06-14 08:11:46,830 read OIL from av [ 2019-05-23 09:35:00 to 2019-06-13 15:55:00 ]
2019-06-14 08:13:47,385 read DX-Y.NYB from av [ 2019-06-14 00:00:00 to 2019-06-14 04:00:00 ]
2019-06-14 08:13:47,908 read GLD from av [ 2019-05-23 09:35:00 to 2019-06-13 16:00:00 ]
2019-06-14 08:13:48,568 read UUP from av [ 2019-05-23 09:35:00 to 2019-06-13 16:00:00 ]
2019-06-14 08:13:49,164 read SHY from av [ 2019-05-23 09:35:00 to 2019-06-13 16:00:00 ]
2019-06-14 08:13:49,764 read SHV from av [ 2019-05-23 09:35:00 to 2019-06-13 16:00:00 ]
2019-06-14 08:15:50,810 read IEF from av [ 2019-05-23 09:35:00 to 2019-06-13 16:00:00 ]
2019-06-14 08:15:51,475 read ^IRX from av [ 2019-05-23 09:35:00 to 2019-06-13 15:00:00 ]
2019-06-14 08:15:52,257 read ^FVX from av [ 2019-05-23 09:35:00 to 2019-06-13 15:00:00 ]
2019-06-14 08:15:52,769 read ^TYX from av [ 2019-05-23 09:35:00 to 2019-06-13 15:00:00 ]
2019-06-14 08:15:53,446 read SQQQ from av [ 2019-05-23 09:35:00 to 2019-06-13 16:00:00 ]
2019-06-14 08:17:54,288 read TQQQ from av [ 2019-05-23 09:35:00 to 2019-06-13 16:00:00 ]
2019-06-14 08:17:55,044 read ^VXX from av [ 2019-05-23 09:35:00 to 2019-06-13 16:00:00 ]
2019-06-14 08:17:55,785 read ^VXZ from av [ 2019-05-23 09:35:00 to 2019-06-13 16:00:00 ]
2019-06-14 08:17:56,644 read IYE from av [ 2019-05-23 09:35:00 to 2019-06-13 16:00:00 ]
2019-06-14 08:17:57,138 read IYY from av [ 2019-05-23 09:35:00 to 2019-06-13 16:00:00 ]
2019-06-14 08:19:57,966 read IYF from av [ 2019-05-23 09:35:00 to 2019-06-13 16:00:00 ]
2019-06-14 08:19:58,767 read IYR from av [ 2019-05-23 09:35:00 to 2019-06-13 16:00:00 ]
2019-06-14 08:19:59,418 read IYW from av [ 2019-05-23 11:25:00 to 2019-06-13 16:00:00 ]
2019-06-14 08:20:00,028 read IYT from av [ 2019-05-23 09:35:00 to 2019-06-13 16:00:00 ]
2019-06-14 08:20:00,506 read PEJ from av [ 2019-05-23 10:50:00 to 2019-06-13 16:00:00 ]
2019-06-14 08:20:01,133 read USO from av [ 2019-05-23 09:35:00 to 2019-06-13 16:00:00 ]
2019-06-14 08:20:01,965 read DBC from av [ 2019-05-23 09:35:00 to 2019-06-13 16:00:00 ]
2019-06-14 08:20:02,730 read GSG from av [ 2019-05-23 09:35:00 to 2019-06-13 16:00:00 ]
2019-06-14 08:20:06,363 read VTI from av [ 2019-05-23 09:35:00 to 2019-06-13 16:00:00 ]
2019-06-14 08:20:07,034 read ^RUT from av [ 2019-05-23 09:35:00 to 2019-06-13 16:00:00 ]
2019-06-14 08:20:07,628 read FDN from av [ 2019-05-23 09:35:00 to 2019-06-13 16:00:00 ]
2019-06-14 08:22:08,521 read XLV from av [ 2019-05-23 09:35:00 to 2019-06-13 16:00:00 ]
2019-06-14 08:22:09,412 read IBB from av [ 2019-05-23 09:35:00 to 2019-06-13 16:00:00 ]
2019-06-14 08:22:10,033 read KRE from av [ 2019-05-23 09:35:00 to 2019-06-13 16:00:00 ]
2019-06-14 08:22:10,842 read KBE from av [ 2019-05-23 09:35:00 to 2019-06-13 16:00:00 ]
2019-06-14 08:22:11,562 read XLF from av [ 2019-05-23 09:35:00 to 2019-06-13 16:00:00 ]
2019-06-14 08:24:12,374 read XLP from av [ 2019-05-23 11:30:00 to 2019-06-13 16:00:00 ]
2019-06-14 08:24:13,107 read XLY from av [ 2019-05-23 09:35:00 to 2019-06-13 16:00:00 ]
2019-06-14 08:24:13,797 read VNQ from av [ 2019-05-23 09:35:00 to 2019-06-13 16:00:00 ]
2019-06-14 08:24:14,470 read XLB from av [ 2019-05-23 09:35:00 to 2019-06-13 16:00:00 ]
2019-06-14 08:24:15,284 read XLI from av [ 2019-05-23 09:35:00 to 2019-06-13 16:00:00 ]
2019-06-14 08:26:16,315 read KBWB from av [ 2019-05-23 09:35:00 to 2019-06-13 16:00:00 ]
