2019-03-15 08:01:25,131 read QQQ from av [ 2019-02-22 09:35:00 to 2019-03-14 16:00:00 ]
2019-03-15 08:01:25,798 read ^VIX from av [ 2019-02-22 09:35:00 to 2019-03-14 16:00:00 ]
2019-03-15 08:01:26,462 read FAS from av [ 2019-02-22 09:35:00 to 2019-03-14 16:00:00 ]
2019-03-15 08:01:26,962 read MIDU from av [ 2019-02-22 09:35:00 to 2019-03-14 16:00:00 ]
2019-03-15 08:01:27,467 read AAPL from av [ 2019-02-22 09:35:00 to 2019-03-14 16:00:00 ]
2019-03-15 08:03:28,408 read GOOG from av [ 2019-02-22 09:35:00 to 2019-03-14 16:00:00 ]
2019-03-15 08:03:28,934 read ^GSPC from av [ 2019-02-22 09:35:00 to 2019-03-14 16:00:00 ]
2019-03-15 08:03:29,471 read ^DJI from av [ 2019-02-22 09:35:00 to 2019-03-14 16:00:00 ]
2019-03-15 08:03:29,995 read ^TNX from av [ 2019-02-22 09:35:00 to 2019-03-14 15:00:00 ]
2019-03-15 08:03:30,679 read MSFT from av [ 2019-02-22 09:35:00 to 2019-03-14 16:00:00 ]
2019-03-15 08:05:31,441 read ^VXGOG from av [ 2019-02-22 09:35:00 to 2019-03-14 16:00:00 ]
2019-03-15 08:05:32,023 read ^VXAPL from av [ 2019-02-22 09:35:00 to 2019-03-14 16:00:00 ]
2019-03-15 08:05:32,651 read ^VXGS from av [ 2019-02-22 09:35:00 to 2019-03-14 16:00:00 ]
2019-03-15 08:05:33,163 read ^VXAZN from av [ 2019-02-22 09:35:00 to 2019-03-14 16:00:00 ]
2019-03-15 08:05:33,710 read ^VXIBM from av [ 2019-02-22 09:35:00 to 2019-03-14 16:00:00 ]
2019-03-15 08:07:34,569 read GS from av [ 2019-02-22 09:35:00 to 2019-03-14 16:00:00 ]
2019-03-15 08:07:35,292 read IBM from av [ 2019-02-22 09:35:00 to 2019-03-14 16:00:00 ]
2019-03-15 08:07:35,903 read FB from av [ 2019-02-22 09:35:00 to 2019-03-14 16:00:00 ]
2019-03-15 08:07:36,433 read ^TYVIX from av [ 2019-02-22 09:35:00 to 2019-03-14 16:00:00 ]
2019-03-15 08:07:37,099 read SPY from av [ 2019-02-22 09:35:00 to 2019-03-14 16:00:00 ]
2019-03-15 08:09:37,924 read GOOGL from av [ 2019-02-22 09:35:00 to 2019-03-14 16:00:00 ]
2019-03-15 08:09:38,699 read JPM from av [ 2019-02-22 09:35:00 to 2019-03-14 16:00:00 ]
2019-03-15 08:09:39,387 read JNJ from av [ 2019-02-22 09:35:00 to 2019-03-14 16:00:00 ]
2019-03-15 08:09:39,785 read BAC from av [ 2019-02-22 09:35:00 to 2019-03-14 16:00:00 ]
2019-03-15 08:09:40,165 read V from av [ 2019-02-22 09:35:00 to 2019-03-14 16:00:00 ]
2019-03-15 08:11:40,984 read WFC from av [ 2019-02-22 09:35:00 to 2019-03-14 16:00:00 ]
2019-03-15 08:11:41,672 read MA from av [ 2019-02-22 09:35:00 to 2019-03-14 16:00:00 ]
2019-03-15 08:11:42,218 read C from av [ 2019-02-22 09:35:00 to 2019-03-14 16:00:00 ]
2019-03-15 08:11:42,947 read PYPL from av [ 2019-02-22 09:35:00 to 2019-03-14 16:00:00 ]
2019-03-15 08:11:43,374 read OIL from av [ 2019-02-22 09:35:00 to 2019-03-14 15:25:00 ]
2019-03-15 08:13:43,923 read DX-Y.NYB from av [ 2019-03-15 00:00:00 to 2019-03-15 04:00:00 ]
2019-03-15 08:13:44,518 read GLD from av [ 2019-02-22 09:35:00 to 2019-03-14 16:00:00 ]
2019-03-15 08:13:45,149 read UUP from av [ 2019-02-22 09:35:00 to 2019-03-14 16:00:00 ]
2019-03-15 08:13:45,847 read SHY from av [ 2019-02-22 09:35:00 to 2019-03-14 16:00:00 ]
2019-03-15 08:13:46,441 read SHV from av [ 2019-02-22 09:35:00 to 2019-03-14 16:00:00 ]
2019-03-15 08:15:47,235 read IEF from av [ 2019-02-22 09:35:00 to 2019-03-14 16:00:00 ]
2019-03-15 08:15:47,851 read ^IRX from av [ 2019-02-22 09:35:00 to 2019-03-14 15:00:00 ]
2019-03-15 08:15:48,344 read ^FVX from av [ 2019-02-22 09:35:00 to 2019-03-14 15:00:00 ]
2019-03-15 08:15:48,858 read ^TYX from av [ 2019-02-22 09:35:00 to 2019-03-14 15:00:00 ]
2019-03-15 08:15:49,502 read SQQQ from av [ 2019-02-22 09:35:00 to 2019-03-14 16:00:00 ]
2019-03-15 08:17:50,492 read TQQQ from av [ 2019-02-22 09:35:00 to 2019-03-14 16:00:00 ]
2019-03-15 08:17:51,289 read ^VXX from av [ 2019-02-22 09:35:00 to 2019-03-14 16:00:00 ]
2019-03-15 08:17:51,979 read ^VXZ from av [ 2019-02-22 09:35:00 to 2019-03-14 16:00:00 ]
2019-03-15 08:17:52,764 read IYE from av [ 2019-02-22 09:35:00 to 2019-03-14 16:00:00 ]
2019-03-15 08:17:53,308 read IYY from av [ 2019-02-22 09:35:00 to 2019-03-14 16:00:00 ]
2019-03-15 08:19:54,184 read IYF from av [ 2019-02-22 09:35:00 to 2019-03-14 16:00:00 ]
2019-03-15 08:19:54,876 read IYR from av [ 2019-02-22 09:35:00 to 2019-03-14 16:00:00 ]
2019-03-15 08:19:55,494 read IYW from av [ 2019-02-22 09:35:00 to 2019-03-14 16:00:00 ]
2019-03-15 08:19:56,171 read IYT from av [ 2019-02-22 09:35:00 to 2019-03-14 16:00:00 ]
2019-03-15 08:19:56,641 read PEJ from av [ 2019-02-22 09:35:00 to 2019-03-14 15:15:00 ]
2019-03-15 08:21:57,351 read USO from av [ 2019-02-22 09:35:00 to 2019-03-14 16:00:00 ]
2019-03-15 08:21:58,004 read DBC from av [ 2019-02-22 09:35:00 to 2019-03-14 16:00:00 ]
2019-03-15 08:21:58,722 read GSG from av [ 2019-02-22 09:35:00 to 2019-03-14 16:00:00 ]
2019-03-15 08:21:59,464 read VTI from av [ 2019-02-22 09:35:00 to 2019-03-14 16:00:00 ]
2019-03-15 08:22:00,047 read ^RUT from av [ 2019-02-22 09:35:00 to 2019-03-14 16:00:00 ]
2019-03-15 08:22:00,695 read FDN from av [ 2019-02-22 09:35:00 to 2019-03-14 16:00:00 ]
2019-03-15 08:22:01,435 read XLV from av [ 2019-02-22 09:35:00 to 2019-03-14 16:00:00 ]
2019-03-15 08:22:02,127 read IBB from av [ 2019-02-22 09:35:00 to 2019-03-14 16:00:00 ]
2019-03-15 08:22:02,719 read KRE from av [ 2019-02-22 09:35:00 to 2019-03-14 16:00:00 ]
2019-03-15 08:22:03,372 read KBE from av [ 2019-02-22 09:35:00 to 2019-03-14 16:00:00 ]
2019-03-15 08:22:04,030 read XLF from av [ 2019-02-22 09:35:00 to 2019-03-14 16:00:00 ]
2019-03-15 08:22:04,790 read XLP from av [ 2019-02-22 09:35:00 to 2019-03-14 16:00:00 ]
2019-03-15 08:24:05,617 read XLY from av [ 2019-02-22 09:35:00 to 2019-03-14 16:00:00 ]
2019-03-15 08:24:06,275 read VNQ from av [ 2019-02-22 09:35:00 to 2019-03-14 16:00:00 ]
2019-03-15 08:24:06,964 read XLB from av [ 2019-02-22 09:35:00 to 2019-03-14 16:00:00 ]
2019-03-15 08:24:07,674 read XLI from av [ 2019-02-22 09:35:00 to 2019-03-14 16:00:00 ]
2019-03-15 08:24:08,255 read KBWB from av [ 2019-02-22 09:35:00 to 2019-03-14 16:00:00 ]
