2019-06-21 08:01:28,226 read QQQ from av [ 2019-03-27 09:35:00 to 2019-06-20 16:00:00 ]
2019-06-21 08:01:29,614 read ^VIX from av [ 2019-03-27 09:35:00 to 2019-06-20 16:00:00 ]
2019-06-21 08:01:31,565 read FAS from av [ 2019-03-27 09:35:00 to 2019-06-20 16:00:00 ]
2019-06-21 08:01:32,598 read MIDU from av [ 2019-03-27 10:00:00 to 2019-06-20 16:00:00 ]
2019-06-21 08:01:33,413 read AAPL from av [ 2019-03-27 09:35:00 to 2019-06-20 16:00:00 ]
2019-06-21 08:03:34,670 read GOOG from av [ 2019-03-27 09:35:00 to 2019-06-20 16:00:00 ]
2019-06-21 08:03:35,906 read ^GSPC from av [ 2019-03-27 09:35:00 to 2019-06-20 16:00:00 ]
2019-06-21 08:03:36,908 read ^DJI from av [ 2019-03-27 09:35:00 to 2019-06-20 16:00:00 ]
2019-06-21 08:03:38,481 read ^TNX from av [ 2019-03-27 09:35:00 to 2019-06-20 15:00:00 ]
2019-06-21 08:03:39,421 read MSFT from av [ 2019-03-27 09:35:00 to 2019-06-20 16:00:00 ]
2019-06-21 08:05:40,926 read ^VXGOG from av [ 2019-03-27 09:35:00 to 2019-06-20 16:00:00 ]
2019-06-21 08:05:42,215 read ^VXAPL from av [ 2019-03-27 09:35:00 to 2019-06-20 16:00:00 ]
2019-06-21 08:05:43,415 read ^VXGS from av [ 2019-03-27 09:35:00 to 2019-06-20 16:00:00 ]
2019-06-21 08:05:44,796 read ^VXAZN from av [ 2019-03-27 09:35:00 to 2019-06-20 16:00:00 ]
2019-06-21 08:05:46,178 read ^VXIBM from av [ 2019-03-27 09:35:00 to 2019-06-20 16:00:00 ]
2019-06-21 08:07:47,818 read GS from av [ 2019-03-27 09:35:00 to 2019-06-20 16:00:00 ]
2019-06-21 08:07:49,168 read IBM from av [ 2019-03-27 09:35:00 to 2019-06-20 16:00:00 ]
2019-06-21 08:07:50,668 read FB from av [ 2019-03-27 09:35:00 to 2019-06-20 16:00:00 ]
2019-06-21 08:07:52,158 read ^TYVIX from av [ 2019-03-27 09:35:00 to 2019-06-20 16:00:00 ]
2019-06-21 08:07:52,983 read SPY from av [ 2019-03-27 09:35:00 to 2019-06-20 16:00:00 ]
2019-06-21 08:09:54,423 read GOOGL from av [ 2019-03-27 09:35:00 to 2019-06-20 16:00:00 ]
2019-06-21 08:09:56,207 read JPM from av [ 2019-03-27 09:35:00 to 2019-06-20 16:00:00 ]
2019-06-21 08:09:57,530 read JNJ from av [ 2019-03-27 09:35:00 to 2019-06-20 16:00:00 ]
2019-06-21 08:09:58,910 read BAC from av [ 2019-03-27 09:35:00 to 2019-06-20 16:00:00 ]
2019-06-21 08:10:00,187 read V from av [ 2019-03-27 09:35:00 to 2019-06-20 16:00:00 ]
2019-06-21 08:10:01,856 read WFC from av [ 2019-03-27 09:35:00 to 2019-06-20 16:00:00 ]
2019-06-21 08:10:03,417 read MA from av [ 2019-03-27 09:35:00 to 2019-06-20 16:00:00 ]
2019-06-21 08:10:04,913 read C from av [ 2019-03-27 09:35:00 to 2019-06-20 16:00:00 ]
2019-06-21 08:10:08,688 read PYPL from av [ 2019-03-27 09:35:00 to 2019-06-20 16:00:00 ]
2019-06-21 08:10:09,719 read OIL from av [ 2019-03-27 09:50:00 to 2019-06-20 16:00:00 ]
2019-06-21 08:10:10,303 read DX-Y.NYB from av [ 2019-06-21 00:00:00 to 2019-06-21 03:55:00 ]
2019-06-21 08:12:13,899 read GLD from av [ 2019-03-27 09:35:00 to 2019-06-20 16:00:00 ]
2019-06-21 08:12:15,164 read UUP from av [ 2019-03-27 09:35:00 to 2019-06-20 16:00:00 ]
2019-06-21 08:12:16,503 read SHY from av [ 2019-03-27 09:35:00 to 2019-06-20 16:00:00 ]
2019-06-21 08:12:17,752 read SHV from av [ 2019-03-27 09:35:00 to 2019-06-20 16:00:00 ]
2019-06-21 08:12:19,117 read IEF from av [ 2019-03-27 09:35:00 to 2019-06-20 16:00:00 ]
2019-06-21 08:14:20,355 read ^IRX from av [ 2019-03-27 09:35:00 to 2019-06-20 15:00:00 ]
2019-06-21 08:14:21,800 read ^FVX from av [ 2019-03-27 09:35:00 to 2019-06-20 15:00:00 ]
2019-06-21 08:14:23,160 read ^TYX from av [ 2019-03-27 09:35:00 to 2019-06-20 15:00:00 ]
2019-06-21 08:14:25,408 read SQQQ from av [ 2019-03-27 09:35:00 to 2019-06-20 16:00:00 ]
2019-06-21 08:14:26,953 read TQQQ from av [ 2019-03-27 09:35:00 to 2019-06-20 16:00:00 ]
2019-06-21 08:16:28,456 read ^VXX from av [ 2019-03-27 09:35:00 to 2019-06-20 16:00:00 ]
2019-06-21 08:16:29,735 read ^VXZ from av [ 2019-03-27 09:35:00 to 2019-06-20 16:00:00 ]
2019-06-21 08:16:31,400 read IYE from av [ 2019-03-27 09:35:00 to 2019-06-20 16:00:00 ]
2019-06-21 08:16:32,654 read IYY from av [ 2019-03-27 09:35:00 to 2019-06-20 16:00:00 ]
2019-06-21 08:16:34,037 read IYF from av [ 2019-03-27 09:35:00 to 2019-06-20 16:00:00 ]
2019-06-21 08:18:35,733 read IYR from av [ 2019-03-27 09:35:00 to 2019-06-20 16:00:00 ]
2019-06-21 08:18:36,981 read IYW from av [ 2019-03-27 09:35:00 to 2019-06-20 16:00:00 ]
2019-06-21 08:18:38,185 read IYT from av [ 2019-03-27 09:35:00 to 2019-06-20 16:00:00 ]
2019-06-21 08:18:38,895 read PEJ from av [ 2019-03-27 09:35:00 to 2019-06-20 16:00:00 ]
2019-06-21 08:18:40,240 read USO from av [ 2019-03-27 09:35:00 to 2019-06-20 16:00:00 ]
2019-06-21 08:20:41,685 read DBC from av [ 2019-03-27 09:35:00 to 2019-06-20 16:00:00 ]
2019-06-21 08:20:43,175 read GSG from av [ 2019-03-27 09:35:00 to 2019-06-20 16:00:00 ]
2019-06-21 08:20:44,948 read VTI from av [ 2019-03-27 09:35:00 to 2019-06-20 16:00:00 ]
2019-06-21 08:20:46,668 read ^RUT from av [ 2019-03-27 09:35:00 to 2019-06-20 16:00:00 ]
2019-06-21 08:20:48,008 read FDN from av [ 2019-03-27 09:35:00 to 2019-06-20 16:00:00 ]
2019-06-21 08:22:49,667 read XLV from av [ 2019-03-27 09:35:00 to 2019-06-20 16:00:00 ]
2019-06-21 08:22:51,496 read IBB from av [ 2019-03-27 09:35:00 to 2019-06-20 16:00:00 ]
2019-06-21 08:22:53,465 read KRE from av [ 2019-03-27 09:35:00 to 2019-06-20 16:00:00 ]
2019-06-21 08:22:54,811 read KBE from av [ 2019-03-27 09:35:00 to 2019-06-20 16:00:00 ]
2019-06-21 08:22:56,159 read XLF from av [ 2019-03-27 09:35:00 to 2019-06-20 16:00:00 ]
2019-06-21 08:24:57,920 read XLP from av [ 2019-03-27 09:35:00 to 2019-06-20 16:00:00 ]
2019-06-21 08:24:59,221 read XLY from av [ 2019-03-27 09:35:00 to 2019-06-20 16:00:00 ]
2019-06-21 08:25:00,695 read VNQ from av [ 2019-03-27 09:35:00 to 2019-06-20 16:00:00 ]
2019-06-21 08:25:01,950 read XLB from av [ 2019-03-27 09:35:00 to 2019-06-20 16:00:00 ]
2019-06-21 08:25:04,855 read XLI from av [ 2019-03-27 09:35:00 to 2019-06-20 16:00:00 ]
2019-06-21 08:25:06,828 read KBWB from av [ 2019-03-27 09:35:00 to 2019-06-20 16:00:00 ]
