2020-09-19 09:01:28,267 read QQQ from av [ 2020-08-21 04:05:00 to 2020-09-18 20:00:00 ]
2020-09-19 09:07:29,383 Time out ^VIX
2020-09-19 09:07:30,532 read FAS from av [ 2020-08-21 05:55:00 to 2020-09-18 18:50:00 ]
2020-09-19 09:07:31,475 read MIDU from av [ 2020-08-24 07:05:00 to 2020-09-18 19:05:00 ]
2020-09-19 09:07:32,170 read AAPL from av [ 2020-08-21 04:05:00 to 2020-09-18 20:00:00 ]
2020-09-19 09:07:32,670 read GOOG from av [ 2020-08-21 05:10:00 to 2020-09-18 19:05:00 ]
2020-09-19 09:13:33,392 Time out ^GSPC
2020-09-19 09:19:33,893 Time out ^DJI
2020-09-19 09:25:34,493 Time out ^TNX
2020-09-19 09:25:34,981 read MSFT from av [ 2020-08-21 04:05:00 to 2020-09-18 20:00:00 ]
2020-09-19 09:31:35,823 Time out ^VXGOG
2020-09-19 09:37:36,379 Time out ^VXAPL
2020-09-19 09:43:37,042 Time out ^VXGS
2020-09-19 09:49:37,657 Time out ^VXAZN
2020-09-19 09:55:38,252 Time out ^VXIBM
2020-09-19 09:55:38,651 read GS from av [ 2020-08-21 06:50:00 to 2020-09-18 17:25:00 ]
2020-09-19 09:55:39,181 read IBM from av [ 2020-08-21 07:05:00 to 2020-09-18 19:50:00 ]
2020-09-19 09:55:39,893 read FB from av [ 2020-08-21 04:45:00 to 2020-09-18 20:00:00 ]
2020-09-19 10:01:40,738 Time out ^TYVIX
2020-09-19 10:01:41,258 read SPY from av [ 2020-08-21 04:05:00 to 2020-09-18 20:00:00 ]
2020-09-19 10:01:41,873 read GOOGL from av [ 2020-08-21 06:50:00 to 2020-09-18 19:05:00 ]
2020-09-19 10:01:42,481 read JPM from av [ 2020-08-21 05:35:00 to 2020-09-18 19:50:00 ]
2020-09-19 10:01:43,045 read JNJ from av [ 2020-08-21 05:25:00 to 2020-09-18 19:25:00 ]
2020-09-19 10:01:43,702 read BAC from av [ 2020-08-21 04:05:00 to 2020-09-18 20:00:00 ]
2020-09-19 10:03:44,469 read V from av [ 2020-08-21 05:35:00 to 2020-09-18 20:00:00 ]
2020-09-19 10:03:45,177 read WFC from av [ 2020-08-21 04:15:00 to 2020-09-18 19:50:00 ]
2020-09-19 10:03:45,750 read MA from av [ 2020-08-21 05:05:00 to 2020-09-18 19:00:00 ]
2020-09-19 10:03:46,304 read C from av [ 2020-08-21 04:35:00 to 2020-09-18 20:00:00 ]
2020-09-19 10:03:46,967 read PYPL from av [ 2020-08-21 05:05:00 to 2020-09-18 19:35:00 ]
2020-09-19 10:05:47,515 read OIL from av [ 2020-08-24 09:35:00 to 2020-09-18 14:10:00 ]
2020-09-19 10:11:48,298 Time out DX-Y.NYB
2020-09-19 10:11:48,890 read GLD from av [ 2020-08-21 04:05:00 to 2020-09-18 19:50:00 ]
2020-09-19 10:11:49,404 read UUP from av [ 2020-08-24 07:05:00 to 2020-09-18 19:50:00 ]
2020-09-19 10:11:49,906 read SHY from av [ 2020-08-21 08:15:00 to 2020-09-18 16:20:00 ]
2020-09-19 10:11:51,725 read SHV from av [ 2020-08-24 06:45:00 to 2020-09-18 16:10:00 ]
2020-09-19 10:13:52,408 read IEF from av [ 2020-08-24 08:05:00 to 2020-09-18 16:40:00 ]
2020-09-19 10:19:53,146 Time out ^IRX
2020-09-19 10:25:53,751 Time out ^FVX
2020-09-19 10:31:54,219 Time out ^TYX
2020-09-19 10:31:54,870 read SQQQ from av [ 2020-08-21 04:05:00 to 2020-09-18 20:00:00 ]
2020-09-19 10:31:55,784 read TQQQ from av [ 2020-08-21 04:05:00 to 2020-09-18 20:00:00 ]
2020-09-19 10:37:56,457 Time out ^VXX
2020-09-19 10:43:57,026 Time out ^VXZ
2020-09-19 10:43:58,812 read IYE from av [ 2020-08-24 09:35:00 to 2020-09-18 16:00:00 ]
2020-09-19 10:44:00,469 read IYY from av [ 2020-08-24 09:35:00 to 2020-09-18 16:00:00 ]
2020-09-19 10:44:00,907 read IYF from av [ 2020-08-24 09:35:00 to 2020-09-18 16:00:00 ]
2020-09-19 10:44:01,377 read IYR from av [ 2020-08-24 09:30:00 to 2020-09-18 17:55:00 ]
2020-09-19 10:44:01,920 read IYW from av [ 2020-08-24 09:35:00 to 2020-09-18 16:00:00 ]
2020-09-19 10:44:02,455 read IYT from av [ 2020-08-24 09:35:00 to 2020-09-18 16:10:00 ]
2020-09-19 10:44:03,688 read PEJ from av [ 2020-08-24 09:35:00 to 2020-09-18 16:00:00 ]
2020-09-19 10:44:04,195 read USO from av [ 2020-08-24 04:05:00 to 2020-09-18 20:00:00 ]
2020-09-19 10:46:04,860 read DBC from av [ 2020-08-24 08:05:00 to 2020-09-18 20:00:00 ]
2020-09-19 10:46:05,333 read GSG from av [ 2020-08-24 09:35:00 to 2020-09-18 16:00:00 ]
2020-09-19 10:46:05,865 read VTI from av [ 2020-08-21 09:05:00 to 2020-09-18 18:35:00 ]
2020-09-19 10:52:06,595 Time out ^RUT
2020-09-19 10:52:08,350 read FDN from av [ 2020-08-24 09:35:00 to 2020-09-18 16:35:00 ]
2020-09-19 10:52:08,868 read XLV from av [ 2020-08-24 04:25:00 to 2020-09-18 16:25:00 ]
2020-09-19 10:52:09,304 read IBB from av [ 2020-08-21 07:25:00 to 2020-09-18 16:20:00 ]
2020-09-19 10:52:09,859 read KRE from av [ 2020-08-24 07:05:00 to 2020-09-18 19:15:00 ]
2020-09-19 10:52:10,363 read KBE from av [ 2020-08-24 06:10:00 to 2020-09-18 16:15:00 ]
2020-09-19 10:54:11,093 read XLF from av [ 2020-08-24 04:05:00 to 2020-09-18 20:00:00 ]
2020-09-19 10:54:11,595 read XLP from av [ 2020-08-24 04:05:00 to 2020-09-18 18:55:00 ]
2020-09-19 10:54:12,069 read XLY from av [ 2020-08-21 08:05:00 to 2020-09-18 20:00:00 ]
2020-09-19 10:54:12,501 read VNQ from av [ 2020-08-21 07:55:00 to 2020-09-18 19:45:00 ]
2020-09-19 10:54:12,947 read XLB from av [ 2020-08-24 04:05:00 to 2020-09-18 18:55:00 ]
2020-09-19 10:56:13,587 read XLI from av [ 2020-08-24 07:05:00 to 2020-09-18 19:35:00 ]
2020-09-19 10:56:15,880 read KBWB from av [ 2020-08-24 07:05:00 to 2020-09-18 20:00:00 ]
2020-09-19 11:02:16,691 Time out TVIX
2020-09-19 11:08:17,270 Time out ^VVIX
2020-09-19 11:08:17,837 read VIXM from av [ 2020-08-24 09:35:00 to 2020-09-18 16:00:00 ]
2020-09-19 11:08:20,249 read VIXY from av [ 2020-08-24 07:05:00 to 2020-09-18 19:05:00 ]
2020-09-19 11:08:20,886 read VXX from av [ 2020-08-21 04:05:00 to 2020-09-18 20:00:00 ]
2020-09-19 11:08:21,443 read SVXY from av [ 2020-08-24 04:05:00 to 2020-09-18 20:00:00 ]
2020-09-19 11:08:22,171 read UVXY from av [ 2020-08-24 04:05:00 to 2020-09-18 20:00:00 ]
2020-09-19 11:10:22,920 read VIXY from av [ 2020-08-24 07:05:00 to 2020-09-18 19:05:00 ]
