2020-06-20 09:01:24,515 read QQQ from av [ 2020-06-01 09:35:00 to 2020-06-19 16:00:00 ]
2020-06-20 09:01:25,474 read ^VIX from av [ 2020-06-01 09:35:00 to 2020-06-19 16:00:00 ]
2020-06-20 09:01:27,337 read FAS from av [ 2020-06-01 09:35:00 to 2020-06-19 16:00:00 ]
2020-06-20 09:01:29,126 read MIDU from av [ 2020-06-01 09:35:00 to 2020-06-19 16:00:00 ]
2020-06-20 09:01:29,447 read AAPL from av [ 2020-06-01 09:35:00 to 2020-06-19 16:00:00 ]
2020-06-20 09:03:29,951 read GOOG from av [ 2020-06-01 09:35:00 to 2020-06-19 16:00:00 ]
2020-06-20 09:09:30,682 Time out ^GSPC
2020-06-20 09:15:31,146 Time out ^DJI
2020-06-20 09:15:32,271 read ^TNX from av [ 2020-06-03 08:25:00 to 2020-06-19 15:00:00 ]
2020-06-20 09:15:32,664 read MSFT from av [ 2020-06-01 09:35:00 to 2020-06-19 16:00:00 ]
2020-06-20 09:15:33,558 read ^VXGOG from av [ 2020-06-01 09:35:00 to 2020-06-19 16:00:00 ]
2020-06-20 09:15:34,474 read ^VXAPL from av [ 2020-06-01 09:35:00 to 2020-06-19 16:00:00 ]
2020-06-20 09:15:35,415 read ^VXGS from av [ 2020-06-01 09:35:00 to 2020-06-19 16:00:00 ]
2020-06-20 09:17:36,528 read ^VXAZN from av [ 2020-06-01 09:35:00 to 2020-06-19 16:00:00 ]
2020-06-20 09:17:37,496 read ^VXIBM from av [ 2020-06-01 09:35:00 to 2020-06-19 16:00:00 ]
2020-06-20 09:17:39,560 read GS from av [ 2020-06-01 09:35:00 to 2020-06-19 16:00:00 ]
2020-06-20 09:17:41,436 read IBM from av [ 2020-06-01 09:35:00 to 2020-06-19 16:00:00 ]
2020-06-20 09:17:41,774 read FB from av [ 2020-06-01 09:35:00 to 2020-06-19 16:00:00 ]
2020-06-20 09:23:42,693 Time out ^TYVIX
2020-06-20 09:23:44,517 read SPY from av [ 2020-06-01 09:35:00 to 2020-06-19 16:00:00 ]
2020-06-20 09:23:46,667 read GOOGL from av [ 2020-06-01 09:35:00 to 2020-06-19 16:00:00 ]
2020-06-20 09:23:48,506 read JPM from av [ 2020-06-01 09:35:00 to 2020-06-19 16:00:00 ]
2020-06-20 09:23:50,342 read JNJ from av [ 2020-06-01 09:35:00 to 2020-06-19 16:00:00 ]
2020-06-20 09:25:52,264 read BAC from av [ 2020-06-01 09:35:00 to 2020-06-19 16:00:00 ]
2020-06-20 09:25:52,604 read V from av [ 2020-06-01 09:35:00 to 2020-06-19 16:00:00 ]
2020-06-20 09:25:54,543 read WFC from av [ 2020-06-01 09:35:00 to 2020-06-19 16:00:00 ]
2020-06-20 09:25:56,592 read MA from av [ 2020-06-01 09:35:00 to 2020-06-19 16:00:00 ]
2020-06-20 09:25:58,417 read C from av [ 2020-06-01 09:35:00 to 2020-06-19 16:00:00 ]
2020-06-20 09:28:00,443 read PYPL from av [ 2020-06-01 09:35:00 to 2020-06-19 16:00:00 ]
2020-06-20 09:34:01,559 Time out OIL
2020-06-20 09:34:02,761 read DX-Y.NYB from av [ 2020-06-03 00:00:00 to 2020-06-19 18:00:00 ]
2020-06-20 09:34:04,937 read GLD from av [ 2020-06-01 09:35:00 to 2020-06-19 16:00:00 ]
2020-06-20 09:34:18,139 read UUP from av [ 2020-06-01 09:35:00 to 2020-06-19 16:00:00 ]
2020-06-20 09:34:19,955 read SHY from av [ 2020-06-01 09:35:00 to 2020-06-19 16:00:00 ]
2020-06-20 09:36:21,756 read SHV from av [ 2020-06-01 09:35:00 to 2020-06-19 16:00:00 ]
2020-06-20 09:36:23,540 read IEF from av [ 2020-06-01 09:35:00 to 2020-06-19 16:00:00 ]
2020-06-20 09:36:24,600 read ^IRX from av [ 2020-06-03 08:25:00 to 2020-06-19 15:00:00 ]
2020-06-20 09:36:25,620 read ^FVX from av [ 2020-06-03 08:25:00 to 2020-06-19 15:00:00 ]
2020-06-20 09:36:26,574 read ^TYX from av [ 2020-06-03 08:25:00 to 2020-06-19 15:00:00 ]
2020-06-20 09:38:28,597 read SQQQ from av [ 2020-06-01 09:35:00 to 2020-06-19 16:00:00 ]
2020-06-20 09:38:30,879 read TQQQ from av [ 2020-06-01 09:35:00 to 2020-06-19 16:00:00 ]
2020-06-20 09:38:31,770 read ^VXX from av [ 2020-06-01 09:35:00 to 2020-06-19 16:00:00 ]
2020-06-20 09:38:32,718 read ^VXZ from av [ 2020-06-01 09:35:00 to 2020-06-19 16:00:00 ]
2020-06-20 09:38:34,516 read IYE from av [ 2020-06-01 09:35:00 to 2020-06-19 16:00:00 ]
2020-06-20 09:40:36,121 read IYY from av [ 2020-06-01 09:35:00 to 2020-06-19 16:00:00 ]
2020-06-20 09:40:37,906 read IYF from av [ 2020-06-01 09:35:00 to 2020-06-19 16:00:00 ]
2020-06-20 09:40:39,724 read IYR from av [ 2020-06-01 09:35:00 to 2020-06-19 16:00:00 ]
2020-06-20 09:40:42,442 read IYW from av [ 2020-06-01 09:35:00 to 2020-06-19 16:00:00 ]
2020-06-20 09:40:44,515 read IYT from av [ 2020-06-01 09:35:00 to 2020-06-19 16:00:00 ]
2020-06-20 09:42:46,518 read PEJ from av [ 2020-06-01 09:35:00 to 2020-06-19 16:00:00 ]
2020-06-20 09:42:46,834 read USO from av [ 2020-06-01 09:35:00 to 2020-06-19 16:00:00 ]
2020-06-20 09:42:48,665 read DBC from av [ 2020-06-01 09:35:00 to 2020-06-19 16:00:00 ]
2020-06-20 09:42:50,164 read GSG from av [ 2020-06-01 09:35:00 to 2020-06-19 16:00:00 ]
2020-06-20 09:42:52,044 read VTI from av [ 2020-06-01 09:35:00 to 2020-06-19 16:00:00 ]
2020-06-20 09:44:53,170 read ^RUT from av [ 2020-06-01 09:35:00 to 2020-06-19 16:00:00 ]
2020-06-20 09:44:55,025 read FDN from av [ 2020-06-01 09:35:00 to 2020-06-19 16:00:00 ]
2020-06-20 09:44:56,983 read XLV from av [ 2020-06-01 09:35:00 to 2020-06-19 16:00:00 ]
2020-06-20 09:45:04,979 read IBB from av [ 2020-06-01 09:35:00 to 2020-06-19 16:00:00 ]
2020-06-20 09:45:06,965 read KRE from av [ 2020-06-01 09:35:00 to 2020-06-19 16:00:00 ]
2020-06-20 09:45:09,890 read KBE from av [ 2020-06-01 09:35:00 to 2020-06-19 16:00:00 ]
2020-06-20 09:45:11,641 read XLF from av [ 2020-06-01 09:35:00 to 2020-06-19 16:00:00 ]
2020-06-20 09:45:13,520 read XLP from av [ 2020-06-01 09:35:00 to 2020-06-19 16:00:00 ]
2020-06-20 09:45:15,394 read XLY from av [ 2020-06-01 09:35:00 to 2020-06-19 16:00:00 ]
2020-06-20 09:47:18,079 read VNQ from av [ 2020-06-01 09:35:00 to 2020-06-19 16:00:00 ]
2020-06-20 09:47:19,879 read XLB from av [ 2020-06-01 09:35:00 to 2020-06-19 16:00:00 ]
2020-06-20 09:47:21,724 read XLI from av [ 2020-06-01 09:35:00 to 2020-06-19 16:00:00 ]
2020-06-20 09:47:23,475 read KBWB from av [ 2020-06-01 09:35:00 to 2020-06-19 16:00:00 ]
2020-06-20 09:47:25,492 read TVIX from av [ 2020-06-01 09:35:00 to 2020-06-19 16:00:00 ]
2020-06-20 09:49:26,591 read ^VVIX from av [ 2020-06-01 09:35:00 to 2020-06-19 16:00:00 ]
2020-06-20 09:49:27,911 read VIXM from av [ 2020-06-01 09:35:00 to 2020-06-19 16:00:00 ]
2020-06-20 09:49:29,719 read VIXY from av [ 2020-06-01 09:35:00 to 2020-06-19 16:00:00 ]
2020-06-20 09:49:31,554 read VXX from av [ 2020-06-01 09:35:00 to 2020-06-19 16:00:00 ]
2020-06-20 09:49:33,443 read SVXY from av [ 2020-06-01 09:35:00 to 2020-06-19 16:00:00 ]
2020-06-20 09:51:35,464 read UVXY from av [ 2020-06-01 09:35:00 to 2020-06-19 16:00:00 ]
2020-06-20 09:51:37,364 read VIXY from av [ 2020-06-01 09:35:00 to 2020-06-19 16:00:00 ]
