2020-07-11 09:01:26,810 read QQQ from av [ 2020-06-25 04:05:00 to 2020-07-10 20:00:00 ]
2020-07-11 09:07:27,597 Time out ^VIX
2020-07-11 09:07:30,492 read FAS from av [ 2020-06-25 04:05:00 to 2020-07-10 20:00:00 ]
2020-07-11 09:07:32,875 read MIDU from av [ 2020-06-26 08:15:00 to 2020-07-10 16:00:00 ]
2020-07-11 09:07:33,281 read AAPL from av [ 2020-06-25 04:05:00 to 2020-07-10 20:00:00 ]
2020-07-11 09:07:33,596 read GOOG from av [ 2020-06-25 04:05:00 to 2020-07-10 16:45:00 ]
2020-07-11 09:13:34,208 Time out ^GSPC
2020-07-11 09:19:34,751 Time out ^DJI
2020-07-11 09:25:35,308 Time out ^TNX
2020-07-11 09:25:35,610 read MSFT from av [ 2020-06-25 04:05:00 to 2020-07-10 20:00:00 ]
2020-07-11 09:31:36,428 Time out ^VXGOG
2020-07-11 09:37:37,087 Time out ^VXAPL
2020-07-11 09:43:37,700 Time out ^VXGS
2020-07-11 09:49:38,310 Time out ^VXAZN
2020-07-11 09:55:38,955 Time out ^VXIBM
2020-07-11 09:55:41,169 read GS from av [ 2020-06-25 04:45:00 to 2020-07-10 19:20:00 ]
2020-07-11 09:55:43,561 read IBM from av [ 2020-06-25 04:05:00 to 2020-07-10 18:20:00 ]
2020-07-11 09:55:45,775 read FB from av [ 2020-06-25 04:05:00 to 2020-07-10 20:00:00 ]
2020-07-11 10:01:47,891 Time out ^TYVIX
2020-07-11 10:01:48,231 read SPY from av [ 2020-06-25 04:05:00 to 2020-07-10 20:00:00 ]
2020-07-11 10:01:48,827 read GOOGL from av [ 2020-06-25 04:10:00 to 2020-07-10 16:45:00 ]
2020-07-11 10:01:51,265 read JPM from av [ 2020-06-25 04:05:00 to 2020-07-10 20:00:00 ]
2020-07-11 10:01:53,598 read JNJ from av [ 2020-06-25 07:20:00 to 2020-07-10 19:55:00 ]
2020-07-11 10:01:55,980 read BAC from av [ 2020-06-25 04:05:00 to 2020-07-10 20:00:00 ]
2020-07-11 10:03:58,429 read V from av [ 2020-06-25 05:10:00 to 2020-07-10 19:55:00 ]
2020-07-11 10:04:00,428 read WFC from av [ 2020-06-25 04:05:00 to 2020-07-10 20:00:00 ]
2020-07-11 10:04:03,613 read MA from av [ 2020-06-25 04:05:00 to 2020-07-10 18:20:00 ]
2020-07-11 10:04:06,098 read C from av [ 2020-06-25 04:05:00 to 2020-07-10 20:00:00 ]
2020-07-11 10:04:08,519 read PYPL from av [ 2020-06-25 04:50:00 to 2020-07-10 20:00:00 ]
2020-07-11 10:10:09,572 Time out OIL
2020-07-11 10:10:11,553 read DX-Y.NYB from av [ 2020-06-23 00:00:00 to 2020-07-10 14:10:00 ]
2020-07-11 10:10:14,676 read GLD from av [ 2020-06-25 04:25:00 to 2020-07-10 20:00:00 ]
2020-07-11 10:10:16,682 read UUP from av [ 2020-06-25 09:00:00 to 2020-07-10 17:25:00 ]
2020-07-11 10:10:18,972 read SHY from av [ 2020-06-25 09:35:00 to 2020-07-10 16:30:00 ]
2020-07-11 10:12:21,390 read SHV from av [ 2020-06-25 08:55:00 to 2020-07-10 16:05:00 ]
2020-07-11 10:12:23,885 read IEF from av [ 2020-06-25 07:15:00 to 2020-07-10 16:50:00 ]
2020-07-11 10:18:24,495 Time out ^IRX
2020-07-11 10:24:25,047 Time out ^FVX
2020-07-11 10:30:25,715 Time out ^TYX
2020-07-11 10:30:28,482 read SQQQ from av [ 2020-06-25 04:05:00 to 2020-07-10 20:00:00 ]
2020-07-11 10:30:31,331 read TQQQ from av [ 2020-06-25 04:05:00 to 2020-07-10 20:00:00 ]
2020-07-11 10:36:32,056 Time out ^VXX
2020-07-11 10:42:32,736 Time out ^VXZ
2020-07-11 10:42:35,224 read IYE from av [ 2020-06-25 09:30:00 to 2020-07-10 16:00:00 ]
2020-07-11 10:42:37,129 read IYY from av [ 2020-06-25 09:35:00 to 2020-07-10 16:00:00 ]
2020-07-11 10:42:39,598 read IYF from av [ 2020-06-25 09:35:00 to 2020-07-10 16:00:00 ]
2020-07-11 10:42:41,919 read IYR from av [ 2020-06-25 09:35:00 to 2020-07-10 18:45:00 ]
2020-07-11 10:42:44,102 read IYW from av [ 2020-06-25 09:35:00 to 2020-07-10 17:00:00 ]
2020-07-11 10:44:47,756 read IYT from av [ 2020-06-19 09:35:00 to 2020-07-10 14:35:00 ]
2020-07-11 10:44:50,432 read PEJ from av [ 2020-06-26 09:35:00 to 2020-07-10 16:05:00 ]
2020-07-11 10:44:53,238 read USO from av [ 2020-06-25 04:05:00 to 2020-07-10 20:00:00 ]
2020-07-11 10:44:55,662 read DBC from av [ 2020-06-25 09:35:00 to 2020-07-10 16:00:00 ]
2020-07-11 10:44:57,901 read GSG from av [ 2020-06-25 08:35:00 to 2020-07-10 16:10:00 ]
2020-07-11 10:47:00,925 read VTI from av [ 2020-06-25 07:05:00 to 2020-07-10 20:00:00 ]
2020-07-11 10:53:01,601 Time out ^RUT
2020-07-11 10:53:04,124 read FDN from av [ 2020-06-25 09:35:00 to 2020-07-10 16:15:00 ]
2020-07-11 10:53:07,253 read XLV from av [ 2020-06-25 07:05:00 to 2020-07-10 16:50:00 ]
2020-07-11 10:53:10,080 read IBB from av [ 2020-06-25 07:20:00 to 2020-07-10 19:50:00 ]
2020-07-11 10:53:12,390 read KRE from av [ 2020-06-25 07:45:00 to 2020-07-10 19:05:00 ]
2020-07-11 10:53:15,010 read KBE from av [ 2020-06-25 07:05:00 to 2020-07-10 17:25:00 ]
2020-07-11 10:55:17,860 read XLF from av [ 2020-06-25 04:05:00 to 2020-07-10 20:00:00 ]
2020-07-11 10:55:20,523 read XLP from av [ 2020-06-25 07:45:00 to 2020-07-10 16:50:00 ]
2020-07-11 10:55:23,504 read XLY from av [ 2020-06-25 08:40:00 to 2020-07-10 18:30:00 ]
2020-07-11 10:55:26,054 read VNQ from av [ 2020-06-25 04:25:00 to 2020-07-10 18:05:00 ]
2020-07-11 10:55:28,542 read XLB from av [ 2020-06-25 09:25:00 to 2020-07-10 18:40:00 ]
2020-07-11 10:57:32,654 read XLI from av [ 2020-06-25 04:45:00 to 2020-07-10 16:45:00 ]
2020-07-11 10:57:35,258 read KBWB from av [ 2020-06-25 09:35:00 to 2020-07-10 20:00:00 ]
2020-07-11 10:57:37,478 read TVIX from av [ 2020-06-25 04:05:00 to 2020-07-02 20:00:00 ]
2020-07-11 11:03:38,176 Time out ^VVIX
2020-07-11 11:03:39,663 read VIXM from av [ 2020-06-26 09:35:00 to 2020-07-10 16:05:00 ]
2020-07-11 11:03:42,442 read VIXY from av [ 2020-06-26 07:05:00 to 2020-07-10 19:55:00 ]
2020-07-11 11:03:45,364 read VXX from av [ 2020-06-19 09:35:00 to 2020-07-10 15:00:00 ]
2020-07-11 11:03:47,925 read SVXY from av [ 2020-06-25 04:05:00 to 2020-07-10 16:40:00 ]
2020-07-11 11:03:50,798 read UVXY from av [ 2020-06-25 04:05:00 to 2020-07-10 20:00:00 ]
2020-07-11 11:05:53,602 read VIXY from av [ 2020-06-26 07:05:00 to 2020-07-10 19:55:00 ]
