2020-06-13 09:01:24,642 read QQQ from av [ 2020-05-22 09:35:00 to 2020-06-12 16:00:00 ]
2020-06-13 09:01:25,706 read ^VIX from av [ 2020-05-22 09:35:00 to 2020-06-12 16:00:00 ]
2020-06-13 09:01:27,469 read FAS from av [ 2020-05-22 09:35:00 to 2020-06-12 16:00:00 ]
2020-06-13 09:01:28,932 read MIDU from av [ 2020-05-22 09:35:00 to 2020-06-12 16:00:00 ]
2020-06-13 09:01:29,235 read AAPL from av [ 2020-05-22 09:35:00 to 2020-06-12 16:00:00 ]
2020-06-13 09:03:29,739 read GOOG from av [ 2020-05-22 09:35:00 to 2020-06-12 16:00:00 ]
2020-06-13 09:09:30,369 Time out ^GSPC
2020-06-13 09:15:30,963 Time out ^DJI
2020-06-13 09:15:32,094 read ^TNX from av [ 2020-05-27 08:25:00 to 2020-06-12 15:00:00 ]
2020-06-13 09:15:32,623 read MSFT from av [ 2020-05-22 09:35:00 to 2020-06-12 16:00:00 ]
2020-06-13 09:15:33,588 read ^VXGOG from av [ 2020-05-22 09:35:00 to 2020-06-12 16:00:00 ]
2020-06-13 09:15:34,632 read ^VXAPL from av [ 2020-05-22 09:35:00 to 2020-06-12 16:00:00 ]
2020-06-13 09:15:35,555 read ^VXGS from av [ 2020-05-22 09:35:00 to 2020-06-12 16:00:00 ]
2020-06-13 09:17:36,678 read ^VXAZN from av [ 2020-05-22 09:35:00 to 2020-06-12 16:00:00 ]
2020-06-13 09:17:37,691 read ^VXIBM from av [ 2020-05-22 09:35:00 to 2020-06-12 16:00:00 ]
2020-06-13 09:17:39,467 read GS from av [ 2020-05-22 09:35:00 to 2020-06-12 16:00:00 ]
2020-06-13 09:17:41,185 read IBM from av [ 2020-05-22 09:35:00 to 2020-06-12 16:00:00 ]
2020-06-13 09:17:41,528 read FB from av [ 2020-05-22 09:35:00 to 2020-06-12 16:00:00 ]
2020-06-13 09:23:42,461 Time out ^TYVIX
2020-06-13 09:23:42,709 read SPY from av [ 2020-05-22 09:35:00 to 2020-06-12 16:00:00 ]
2020-06-13 09:23:44,673 read GOOGL from av [ 2020-05-22 09:35:00 to 2020-06-12 16:00:00 ]
2020-06-13 09:23:46,438 read JPM from av [ 2020-05-22 09:35:00 to 2020-06-12 16:00:00 ]
2020-06-13 09:23:47,954 read JNJ from av [ 2020-05-22 09:35:00 to 2020-06-12 16:00:00 ]
2020-06-13 09:25:49,612 read BAC from av [ 2020-05-22 09:35:00 to 2020-06-12 16:00:00 ]
2020-06-13 09:25:51,251 read V from av [ 2020-05-22 09:35:00 to 2020-06-12 16:00:00 ]
2020-06-13 09:25:54,182 read WFC from av [ 2020-05-22 09:35:00 to 2020-06-12 16:00:00 ]
2020-06-13 09:25:56,027 read MA from av [ 2020-05-22 09:35:00 to 2020-06-12 16:00:00 ]
2020-06-13 09:25:57,810 read C from av [ 2020-05-22 09:35:00 to 2020-06-12 16:00:00 ]
2020-06-13 09:27:59,767 read PYPL from av [ 2020-05-22 09:35:00 to 2020-06-12 16:00:00 ]
2020-06-13 09:34:00,716 Time out OIL
2020-06-13 09:34:01,988 read DX-Y.NYB from av [ 2020-05-27 00:00:00 to 2020-06-12 17:25:00 ]
2020-06-13 09:34:04,155 read GLD from av [ 2020-05-22 09:35:00 to 2020-06-12 16:00:00 ]
2020-06-13 09:34:05,733 read UUP from av [ 2020-05-22 09:35:00 to 2020-06-12 16:00:00 ]
2020-06-13 09:34:07,299 read SHY from av [ 2020-05-22 09:35:00 to 2020-06-12 16:00:00 ]
2020-06-13 09:34:09,113 read SHV from av [ 2020-05-22 09:35:00 to 2020-06-12 16:00:00 ]
2020-06-13 09:34:10,877 read IEF from av [ 2020-05-22 09:35:00 to 2020-06-12 16:00:00 ]
2020-06-13 09:36:12,000 read ^IRX from av [ 2020-05-27 08:25:00 to 2020-06-12 15:00:00 ]
2020-06-13 09:36:13,016 read ^FVX from av [ 2020-05-27 08:25:00 to 2020-06-12 15:00:00 ]
2020-06-13 09:36:13,953 read ^TYX from av [ 2020-05-27 08:25:00 to 2020-06-12 15:00:00 ]
2020-06-13 09:36:16,342 read SQQQ from av [ 2020-05-22 09:35:00 to 2020-06-12 16:00:00 ]
2020-06-13 09:36:16,665 read TQQQ from av [ 2020-05-22 09:35:00 to 2020-06-12 16:00:00 ]
2020-06-13 09:38:17,904 read ^VXX from av [ 2020-05-22 09:35:00 to 2020-06-12 16:00:00 ]
2020-06-13 09:38:18,873 read ^VXZ from av [ 2020-05-22 09:35:00 to 2020-06-12 16:00:00 ]
2020-06-13 09:38:20,766 read IYE from av [ 2020-05-22 09:35:00 to 2020-06-12 16:00:00 ]
2020-06-13 09:38:22,097 read IYY from av [ 2020-05-22 09:35:00 to 2020-06-12 16:00:00 ]
2020-06-13 09:38:23,850 read IYF from av [ 2020-05-22 09:35:00 to 2020-06-12 16:00:00 ]
2020-06-13 09:40:25,895 read IYR from av [ 2020-05-22 09:35:00 to 2020-06-12 16:00:00 ]
2020-06-13 09:40:27,581 read IYW from av [ 2020-05-22 09:35:00 to 2020-06-12 16:00:00 ]
2020-06-13 09:40:29,213 read IYT from av [ 2020-05-22 09:35:00 to 2020-06-12 16:00:00 ]
2020-06-13 09:40:30,721 read PEJ from av [ 2020-05-22 09:35:00 to 2020-06-12 16:00:00 ]
2020-06-13 09:40:32,480 read USO from av [ 2020-05-22 09:35:00 to 2020-06-12 16:00:00 ]
2020-06-13 09:42:34,101 read DBC from av [ 2020-05-22 09:35:00 to 2020-06-12 16:00:00 ]
2020-06-13 09:42:35,566 read GSG from av [ 2020-05-22 09:35:00 to 2020-06-12 16:00:00 ]
2020-06-13 09:42:37,365 read VTI from av [ 2020-05-22 09:35:00 to 2020-06-12 16:00:00 ]
2020-06-13 09:42:38,290 read ^RUT from av [ 2020-05-22 09:35:00 to 2020-06-12 16:00:00 ]
2020-06-13 09:42:39,753 read FDN from av [ 2020-05-22 09:35:00 to 2020-06-12 16:00:00 ]
2020-06-13 09:44:41,837 read XLV from av [ 2020-05-22 09:35:00 to 2020-06-12 16:00:00 ]
2020-06-13 09:44:43,588 read IBB from av [ 2020-05-22 09:35:00 to 2020-06-12 16:00:00 ]
2020-06-13 09:44:45,309 read KRE from av [ 2020-05-22 09:35:00 to 2020-06-12 16:00:00 ]
2020-06-13 09:44:46,942 read KBE from av [ 2020-05-22 09:35:00 to 2020-06-12 16:00:00 ]
2020-06-13 09:44:48,610 read XLF from av [ 2020-05-22 09:35:00 to 2020-06-12 16:00:00 ]
2020-06-13 09:46:50,583 read XLP from av [ 2020-05-22 09:35:00 to 2020-06-12 16:00:00 ]
2020-06-13 09:46:52,314 read XLY from av [ 2020-05-22 09:35:00 to 2020-06-12 16:00:00 ]
2020-06-13 09:46:54,173 read VNQ from av [ 2020-05-22 09:35:00 to 2020-06-12 16:00:00 ]
2020-06-13 09:46:56,116 read XLB from av [ 2020-05-22 09:35:00 to 2020-06-12 16:00:00 ]
2020-06-13 09:46:57,611 read XLI from av [ 2020-05-22 09:35:00 to 2020-06-12 16:00:00 ]
2020-06-13 09:48:59,480 read KBWB from av [ 2020-05-22 09:35:00 to 2020-06-12 16:00:00 ]
2020-06-13 09:49:01,394 read TVIX from av [ 2020-05-22 09:35:00 to 2020-06-12 16:00:00 ]
2020-06-13 09:49:02,295 read ^VVIX from av [ 2020-05-22 09:35:00 to 2020-06-12 16:00:00 ]
2020-06-13 09:49:03,547 read VIXM from av [ 2020-05-22 09:35:00 to 2020-06-12 16:00:00 ]
2020-06-13 09:49:05,562 read VIXY from av [ 2020-05-22 09:35:00 to 2020-06-12 16:00:00 ]
2020-06-13 09:49:07,329 read VXX from av [ 2020-05-22 09:35:00 to 2020-06-12 16:00:00 ]
2020-06-13 09:49:09,118 read SVXY from av [ 2020-05-22 09:35:00 to 2020-06-12 16:00:00 ]
2020-06-13 09:51:11,029 read UVXY from av [ 2020-05-22 09:35:00 to 2020-06-12 16:00:00 ]
2020-06-13 09:51:12,768 read VIXY from av [ 2020-05-22 09:35:00 to 2020-06-12 16:00:00 ]
