2020-11-07 10:01:57,780 read QQQ from av [ 2020-10-09 04:05:00 to 2020-11-06 20:00:00 ]
2020-11-07 10:07:58,818 Time out ^VIX
2020-11-07 10:07:59,237 read FAS from av [ 2020-10-12 05:55:00 to 2020-11-06 20:00:00 ]
2020-11-07 10:08:00,592 read MIDU from av [ 2020-10-12 09:35:00 to 2020-11-06 16:00:00 ]
2020-11-07 10:08:01,508 read AAPL from av [ 2020-10-09 04:05:00 to 2020-11-06 20:00:00 ]
2020-11-07 10:08:02,422 read GOOG from av [ 2020-10-09 08:20:00 to 2020-11-06 18:00:00 ]
2020-11-07 10:14:03,254 Time out ^GSPC
2020-11-07 10:20:03,853 Time out ^DJI
2020-11-07 10:26:04,405 Time out ^TNX
2020-11-07 10:26:05,021 read MSFT from av [ 2020-10-09 04:05:00 to 2020-11-06 20:00:00 ]
2020-11-07 10:32:05,879 Time out ^VXGOG
2020-11-07 10:38:06,530 Time out ^VXAPL
2020-11-07 10:44:07,161 Time out ^VXGS
2020-11-07 10:50:07,779 Time out ^VXAZN
2020-11-07 10:56:08,346 Time out ^VXIBM
2020-11-07 10:56:08,832 read GS from av [ 2020-10-09 07:10:00 to 2020-11-06 20:00:00 ]
2020-11-07 10:56:09,471 read IBM from av [ 2020-10-09 04:45:00 to 2020-11-06 20:00:00 ]
2020-11-07 10:56:10,248 read FB from av [ 2020-10-09 06:05:00 to 2020-11-06 20:00:00 ]
2020-11-07 11:02:10,988 Time out ^TYVIX
2020-11-07 11:02:11,671 read SPY from av [ 2020-10-09 04:05:00 to 2020-11-06 20:00:00 ]
2020-11-07 11:02:12,326 read GOOGL from av [ 2020-10-09 07:05:00 to 2020-11-06 18:15:00 ]
2020-11-07 11:02:12,962 read JPM from av [ 2020-10-09 04:05:00 to 2020-11-06 19:55:00 ]
2020-11-07 11:02:13,657 read JNJ from av [ 2020-10-12 05:10:00 to 2020-11-06 19:05:00 ]
2020-11-07 11:02:14,416 read BAC from av [ 2020-10-12 04:05:00 to 2020-11-06 20:00:00 ]
2020-11-07 11:04:15,281 read V from av [ 2020-10-12 04:25:00 to 2020-11-06 20:00:00 ]
2020-11-07 11:04:15,985 read WFC from av [ 2020-10-12 04:20:00 to 2020-11-06 20:00:00 ]
2020-11-07 11:04:16,612 read MA from av [ 2020-10-12 08:05:00 to 2020-11-06 18:40:00 ]
2020-11-07 11:04:17,366 read C from av [ 2020-10-09 04:25:00 to 2020-11-06 20:00:00 ]
2020-11-07 11:04:17,995 read PYPL from av [ 2020-10-12 04:25:00 to 2020-11-06 19:45:00 ]
2020-11-07 11:06:19,614 read OIL from av [ 2020-10-12 09:35:00 to 2020-11-06 16:00:00 ]
2020-11-07 11:12:20,377 Time out DX-Y.NYB
2020-11-07 11:12:20,866 read GLD from av [ 2020-10-09 04:05:00 to 2020-11-06 20:00:00 ]
2020-11-07 11:12:21,555 read UUP from av [ 2020-10-09 07:05:00 to 2020-11-06 17:55:00 ]
2020-11-07 11:12:23,677 read SHY from av [ 2020-10-12 09:35:00 to 2020-11-06 16:20:00 ]
2020-11-07 11:12:25,636 read SHV from av [ 2020-10-12 07:05:00 to 2020-11-06 16:05:00 ]
2020-11-07 11:14:26,691 read IEF from av [ 2020-10-09 08:40:00 to 2020-11-06 18:50:00 ]
2020-11-07 11:20:27,516 Time out ^IRX
2020-11-07 11:26:28,153 Time out ^FVX
2020-11-07 11:32:28,728 Time out ^TYX
2020-11-07 11:32:29,308 read SQQQ from av [ 2020-10-12 04:05:00 to 2020-11-06 20:00:00 ]
2020-11-07 11:32:30,410 read TQQQ from av [ 2020-10-12 04:05:00 to 2020-11-06 20:00:00 ]
2020-11-07 11:38:31,252 Time out ^VXX
2020-11-07 11:44:31,722 Time out ^VXZ
2020-11-07 11:44:32,064 read IYE from av [ 2020-10-12 09:35:00 to 2020-11-06 16:00:00 ]
2020-11-07 11:44:32,482 read IYY from av [ 2020-10-12 09:35:00 to 2020-11-06 16:00:00 ]
2020-11-07 11:44:32,884 read IYF from av [ 2020-10-12 09:35:00 to 2020-11-06 16:05:00 ]
2020-11-07 11:44:33,384 read IYR from av [ 2020-10-12 09:35:00 to 2020-11-06 16:20:00 ]
2020-11-07 11:44:33,916 read IYW from av [ 2020-10-09 09:35:00 to 2020-11-06 16:00:00 ]
2020-11-07 11:46:35,042 read IYT from av [ 2020-10-09 09:35:00 to 2020-11-06 16:00:00 ]
2020-11-07 11:46:35,481 read PEJ from av [ 2020-10-12 09:30:00 to 2020-11-06 16:00:00 ]
2020-11-07 11:46:36,073 read USO from av [ 2020-10-09 04:10:00 to 2020-11-06 20:00:00 ]
2020-11-07 11:46:36,635 read DBC from av [ 2020-10-09 09:35:00 to 2020-11-06 16:00:00 ]
2020-11-07 11:46:37,188 read GSG from av [ 2020-10-09 09:35:00 to 2020-11-06 16:00:00 ]
2020-11-07 11:48:37,906 read VTI from av [ 2020-10-12 07:05:00 to 2020-11-06 17:20:00 ]
2020-11-07 11:54:38,644 Time out ^RUT
2020-11-07 11:54:38,963 read FDN from av [ 2020-10-12 08:05:00 to 2020-11-06 16:00:00 ]
2020-11-07 11:54:39,479 read XLV from av [ 2020-10-09 05:00:00 to 2020-11-06 19:55:00 ]
2020-11-07 11:54:39,968 read IBB from av [ 2020-10-12 04:05:00 to 2020-11-06 19:00:00 ]
2020-11-07 11:54:40,521 read KRE from av [ 2020-10-09 04:10:00 to 2020-11-06 18:25:00 ]
2020-11-07 11:54:41,059 read KBE from av [ 2020-10-12 09:30:00 to 2020-11-06 17:45:00 ]
2020-11-07 11:56:41,783 read XLF from av [ 2020-10-09 04:05:00 to 2020-11-06 20:00:00 ]
2020-11-07 11:56:42,363 read XLP from av [ 2020-10-09 08:05:00 to 2020-11-06 16:40:00 ]
2020-11-07 11:56:42,925 read XLY from av [ 2020-10-09 08:15:00 to 2020-11-06 16:20:00 ]
2020-11-07 11:56:43,492 read VNQ from av [ 2020-10-09 09:30:00 to 2020-11-06 16:55:00 ]
2020-11-07 11:56:44,084 read XLB from av [ 2020-10-09 08:10:00 to 2020-11-06 16:25:00 ]
2020-11-07 11:58:44,748 read XLI from av [ 2020-10-09 04:05:00 to 2020-11-06 17:00:00 ]
2020-11-07 11:58:45,305 read KBWB from av [ 2020-10-12 09:35:00 to 2020-11-06 16:35:00 ]
2020-11-07 12:04:46,119 Time out TVIX
2020-11-07 12:10:46,711 Time out ^VVIX
2020-11-07 12:10:47,797 read VIXM from av [ 2020-10-12 09:10:00 to 2020-11-06 16:00:00 ]
2020-11-07 12:10:48,359 read VIXY from av [ 2020-10-12 05:20:00 to 2020-11-06 20:00:00 ]
2020-11-07 12:10:49,129 read VXX from av [ 2020-10-09 04:05:00 to 2020-11-06 20:00:00 ]
2020-11-07 12:10:49,716 read SVXY from av [ 2020-10-12 05:00:00 to 2020-11-06 18:10:00 ]
2020-11-07 12:10:50,430 read UVXY from av [ 2020-10-12 04:05:00 to 2020-11-06 20:00:00 ]
2020-11-07 12:12:51,304 read VIXY from av [ 2020-10-12 05:20:00 to 2020-11-06 20:00:00 ]
