2020-04-25 09:01:28,256 read QQQ from av [ 2020-04-03 09:35:00 to 2020-04-24 16:00:00 ]
2020-04-25 09:01:29,411 read ^VIX from av [ 2020-04-03 09:35:00 to 2020-04-24 16:00:00 ]
2020-04-25 09:01:30,615 read FAS from av [ 2020-04-03 09:35:00 to 2020-04-24 16:00:00 ]
2020-04-25 09:01:31,603 read MIDU from av [ 2020-04-03 09:35:00 to 2020-04-24 16:00:00 ]
2020-04-25 09:01:32,034 read AAPL from av [ 2020-04-03 09:35:00 to 2020-04-24 16:00:00 ]
2020-04-25 09:03:33,468 read GOOG from av [ 2020-04-03 09:35:00 to 2020-04-24 16:00:00 ]
2020-04-25 09:03:33,854 read ^GSPC from av [ 2020-04-03 09:35:00 to 2020-04-24 16:00:00 ]
2020-04-25 09:03:34,203 read ^DJI from av [ 2020-04-03 09:35:00 to 2020-04-24 16:00:00 ]
2020-04-25 09:03:35,211 read ^TNX from av [ 2020-04-07 08:25:00 to 2020-04-24 15:00:00 ]
2020-04-25 09:03:35,518 read MSFT from av [ 2020-04-03 09:35:00 to 2020-04-24 16:00:00 ]
2020-04-25 09:05:36,583 read ^VXGOG from av [ 2020-04-03 09:35:00 to 2020-04-24 16:00:00 ]
2020-04-25 09:05:37,527 read ^VXAPL from av [ 2020-04-03 09:35:00 to 2020-04-24 16:00:00 ]
2020-04-25 09:05:38,475 read ^VXGS from av [ 2020-04-03 09:35:00 to 2020-04-24 16:00:00 ]
2020-04-25 09:05:39,358 read ^VXAZN from av [ 2020-04-03 09:35:00 to 2020-04-24 16:00:00 ]
2020-04-25 09:05:40,335 read ^VXIBM from av [ 2020-04-03 09:35:00 to 2020-04-24 16:00:00 ]
2020-04-25 09:07:41,520 read GS from av [ 2020-04-03 09:35:00 to 2020-04-24 16:00:00 ]
2020-04-25 09:07:42,578 read IBM from av [ 2020-04-03 09:35:00 to 2020-04-24 16:00:00 ]
2020-04-25 09:07:42,897 read FB from av [ 2020-04-03 09:35:00 to 2020-04-24 16:00:00 ]
2020-04-25 09:07:43,806 read ^TYVIX from av [ 2020-04-03 09:35:00 to 2020-04-24 16:00:00 ]
2020-04-25 09:07:45,598 read SPY from av [ 2020-04-03 09:35:00 to 2020-04-24 16:00:00 ]
2020-04-25 09:09:46,807 read GOOGL from av [ 2020-04-03 09:35:00 to 2020-04-24 16:00:00 ]
2020-04-25 09:09:47,846 read JPM from av [ 2020-04-03 09:35:00 to 2020-04-24 16:00:00 ]
2020-04-25 09:09:48,946 read JNJ from av [ 2020-04-03 09:35:00 to 2020-04-24 16:00:00 ]
2020-04-25 09:09:49,243 read BAC from av [ 2020-04-03 09:35:00 to 2020-04-24 16:00:00 ]
2020-04-25 09:09:50,255 read V from av [ 2020-04-03 09:35:00 to 2020-04-24 16:00:00 ]
2020-04-25 09:11:51,391 read WFC from av [ 2020-04-03 09:35:00 to 2020-04-24 16:00:00 ]
2020-04-25 09:11:51,707 read MA from av [ 2020-04-03 09:35:00 to 2020-04-24 16:00:00 ]
2020-04-25 09:11:52,807 read C from av [ 2020-04-03 09:35:00 to 2020-04-24 16:00:00 ]
2020-04-25 09:11:53,831 read PYPL from av [ 2020-04-03 09:35:00 to 2020-04-24 16:00:00 ]
2020-04-25 09:11:54,820 read OIL from av [ 2020-04-03 09:35:00 to 2020-04-24 16:00:00 ]
2020-04-25 09:13:56,232 read DX-Y.NYB from av [ 2020-04-07 00:00:00 to 2020-04-24 18:00:00 ]
2020-04-25 09:13:57,313 read GLD from av [ 2020-04-03 09:35:00 to 2020-04-24 16:00:00 ]
2020-04-25 09:13:58,374 read UUP from av [ 2020-04-03 09:35:00 to 2020-04-24 16:00:00 ]
2020-04-25 09:13:59,410 read SHY from av [ 2020-04-03 09:35:00 to 2020-04-24 16:00:00 ]
2020-04-25 09:14:00,368 read SHV from av [ 2020-04-03 09:35:00 to 2020-04-24 16:00:00 ]
2020-04-25 09:14:01,450 read IEF from av [ 2020-04-03 09:35:00 to 2020-04-24 16:00:00 ]
2020-04-25 09:14:02,506 read ^IRX from av [ 2020-04-07 08:25:00 to 2020-04-24 15:00:00 ]
2020-04-25 09:14:03,417 read ^FVX from av [ 2020-04-07 08:25:00 to 2020-04-24 15:00:00 ]
2020-04-25 09:14:04,378 read ^TYX from av [ 2020-04-07 08:25:00 to 2020-04-24 15:00:00 ]
2020-04-25 09:14:05,405 read SQQQ from av [ 2020-04-03 09:35:00 to 2020-04-24 16:00:00 ]
2020-04-25 09:14:06,422 read TQQQ from av [ 2020-04-03 09:35:00 to 2020-04-24 16:00:00 ]
2020-04-25 09:16:07,748 read ^VXX from av [ 2020-04-03 09:35:00 to 2020-04-24 16:00:00 ]
2020-04-25 09:16:10,283 read ^VXZ from av [ 2020-04-03 09:35:00 to 2020-04-24 16:00:00 ]
2020-04-25 09:16:11,402 read IYE from av [ 2020-04-03 09:35:00 to 2020-04-24 16:00:00 ]
2020-04-25 09:16:12,355 read IYY from av [ 2020-04-03 09:35:00 to 2020-04-24 16:00:00 ]
2020-04-25 09:16:13,635 read IYF from av [ 2020-04-03 09:35:00 to 2020-04-24 16:00:00 ]
2020-04-25 09:18:16,615 read IYR from av [ 2020-04-03 09:35:00 to 2020-04-24 16:00:00 ]
2020-04-25 09:18:17,598 read IYW from av [ 2020-04-03 09:35:00 to 2020-04-24 16:00:00 ]
2020-04-25 09:18:18,635 read IYT from av [ 2020-04-03 09:35:00 to 2020-04-24 16:00:00 ]
2020-04-25 09:18:19,574 read PEJ from av [ 2020-04-03 09:35:00 to 2020-04-24 16:00:00 ]
2020-04-25 09:18:20,585 read USO from av [ 2020-04-03 09:35:00 to 2020-04-24 16:00:00 ]
2020-04-25 09:20:23,183 read DBC from av [ 2020-04-03 09:35:00 to 2020-04-24 16:00:00 ]
2020-04-25 09:20:24,191 read GSG from av [ 2020-04-03 09:35:00 to 2020-04-24 16:00:00 ]
2020-04-25 09:20:25,233 read VTI from av [ 2020-04-03 09:35:00 to 2020-04-24 16:00:00 ]
2020-04-25 09:20:26,267 read ^RUT from av [ 2020-04-03 09:35:00 to 2020-04-24 16:00:00 ]
2020-04-25 09:20:27,380 read FDN from av [ 2020-04-03 09:35:00 to 2020-04-24 16:00:00 ]
2020-04-25 09:22:28,633 read XLV from av [ 2020-04-03 09:35:00 to 2020-04-24 16:00:00 ]
2020-04-25 09:22:29,647 read IBB from av [ 2020-04-03 09:35:00 to 2020-04-24 16:00:00 ]
2020-04-25 09:22:30,663 read KRE from av [ 2020-04-03 09:35:00 to 2020-04-24 16:00:00 ]
2020-04-25 09:22:31,736 read KBE from av [ 2020-04-03 09:35:00 to 2020-04-24 16:00:00 ]
2020-04-25 09:22:32,769 read XLF from av [ 2020-04-03 09:35:00 to 2020-04-24 16:00:00 ]
2020-04-25 09:24:34,072 read XLP from av [ 2020-04-03 09:35:00 to 2020-04-24 16:00:00 ]
2020-04-25 09:24:35,082 read XLY from av [ 2020-04-03 09:35:00 to 2020-04-24 16:00:00 ]
2020-04-25 09:24:36,069 read VNQ from av [ 2020-04-03 09:35:00 to 2020-04-24 16:00:00 ]
2020-04-25 09:24:37,134 read XLB from av [ 2020-04-03 09:35:00 to 2020-04-24 16:00:00 ]
2020-04-25 09:24:38,182 read XLI from av [ 2020-04-03 09:35:00 to 2020-04-24 16:00:00 ]
2020-04-25 09:26:39,417 read KBWB from av [ 2020-04-03 09:35:00 to 2020-04-24 16:00:00 ]
2020-04-25 09:26:40,488 read TVIX from av [ 2020-04-03 09:35:00 to 2020-04-24 16:00:00 ]
2020-04-25 09:26:41,489 read ^VVIX from av [ 2020-04-03 09:35:00 to 2020-04-24 16:00:00 ]
2020-04-25 09:26:42,369 read VIXM from av [ 2020-04-03 09:35:00 to 2020-04-24 16:00:00 ]
2020-04-25 09:26:43,385 read VIXY from av [ 2020-04-03 09:35:00 to 2020-04-24 16:00:00 ]
2020-04-25 09:28:44,520 read VXX from av [ 2020-04-03 09:35:00 to 2020-04-24 16:00:00 ]
2020-04-25 09:28:45,561 read SVXY from av [ 2020-04-03 09:35:00 to 2020-04-24 16:00:00 ]
2020-04-25 09:28:46,549 read UVXY from av [ 2020-04-03 09:35:00 to 2020-04-24 16:00:00 ]
2020-04-25 09:28:47,512 read VIXY from av [ 2020-04-03 09:35:00 to 2020-04-24 16:00:00 ]
