2020-06-27 09:01:24,491 read QQQ from av [ 2020-06-08 09:35:00 to 2020-06-26 16:00:00 ]
2020-06-27 09:01:25,603 read ^VIX from av [ 2020-06-08 09:35:00 to 2020-06-26 16:00:00 ]
2020-06-27 09:01:27,989 read FAS from av [ 2020-06-08 09:35:00 to 2020-06-26 16:00:00 ]
2020-06-27 09:01:29,855 read MIDU from av [ 2020-06-08 09:35:00 to 2020-06-26 16:00:00 ]
2020-06-27 09:01:30,209 read AAPL from av [ 2020-06-08 09:35:00 to 2020-06-26 16:00:00 ]
2020-06-27 09:03:32,572 read GOOG from av [ 2020-06-08 09:35:00 to 2020-06-26 16:00:00 ]
2020-06-27 09:09:33,204 Time out ^GSPC
2020-06-27 09:15:33,688 Time out ^DJI
2020-06-27 09:15:34,662 read ^TNX from av [ 2020-06-10 08:25:00 to 2020-06-26 15:00:00 ]
2020-06-27 09:15:35,058 read MSFT from av [ 2020-06-08 09:35:00 to 2020-06-26 16:00:00 ]
2020-06-27 09:21:36,009 Time out ^VXGOG
2020-06-27 09:21:37,762 read ^VXAPL from av [ 2020-06-08 09:35:00 to 2020-06-26 16:00:00 ]
2020-06-27 09:21:38,762 read ^VXGS from av [ 2020-06-08 09:35:00 to 2020-06-26 16:00:00 ]
2020-06-27 09:21:40,405 read ^VXAZN from av [ 2020-06-08 09:35:00 to 2020-06-26 16:00:00 ]
2020-06-27 09:27:41,505 Time out ^VXIBM
2020-06-27 09:27:44,574 read GS from av [ 2020-06-08 09:35:00 to 2020-06-26 16:00:00 ]
2020-06-27 09:27:44,910 read IBM from av [ 2020-06-08 09:35:00 to 2020-06-26 16:00:00 ]
2020-06-27 09:27:45,212 read FB from av [ 2020-06-08 09:35:00 to 2020-06-26 16:00:00 ]
2020-06-27 09:33:46,383 Time out ^TYVIX
2020-06-27 09:33:48,512 read SPY from av [ 2020-06-08 09:35:00 to 2020-06-26 16:00:00 ]
2020-06-27 09:39:49,644 Time out GOOGL
2020-06-27 09:39:51,666 read JPM from av [ 2020-06-08 09:35:00 to 2020-06-26 16:00:00 ]
2020-06-27 09:39:53,828 read JNJ from av [ 2020-06-08 09:35:00 to 2020-06-26 16:00:00 ]
2020-06-27 09:39:55,838 read BAC from av [ 2020-06-08 09:35:00 to 2020-06-26 16:00:00 ]
2020-06-27 09:39:57,953 read V from av [ 2020-06-08 09:35:00 to 2020-06-26 16:00:00 ]
2020-06-27 09:41:59,985 read WFC from av [ 2020-06-26 09:35:00 to 2020-06-26 16:00:00 ]
2020-06-27 09:42:02,251 read MA from av [ 2020-06-08 09:35:00 to 2020-06-26 16:00:00 ]
2020-06-27 09:42:04,666 read C from av [ 2020-06-08 09:35:00 to 2020-06-26 16:00:00 ]
2020-06-27 09:42:06,791 read PYPL from av [ 2020-06-08 09:35:00 to 2020-06-26 16:00:00 ]
2020-06-27 09:48:07,981 Time out OIL
2020-06-27 09:48:09,352 read DX-Y.NYB from av [ 2020-06-10 00:00:00 to 2020-06-26 17:55:00 ]
2020-06-27 09:48:11,762 read GLD from av [ 2020-06-08 09:35:00 to 2020-06-26 16:00:00 ]
2020-06-27 09:48:13,515 read UUP from av [ 2020-06-26 09:35:00 to 2020-06-26 16:00:00 ]
2020-06-27 09:48:15,335 read SHY from av [ 2020-06-08 09:35:00 to 2020-06-26 16:00:00 ]
2020-06-27 09:50:17,307 read SHV from av [ 2020-06-08 09:35:00 to 2020-06-26 16:00:00 ]
2020-06-27 09:50:19,415 read IEF from av [ 2020-06-08 09:35:00 to 2020-06-26 16:00:00 ]
2020-06-27 09:50:20,486 read ^IRX from av [ 2020-06-10 08:25:00 to 2020-06-26 15:00:00 ]
2020-06-27 09:50:21,548 read ^FVX from av [ 2020-06-10 08:25:00 to 2020-06-26 15:00:00 ]
2020-06-27 09:50:22,303 read ^TYX from av [ 2020-06-26 08:25:00 to 2020-06-26 15:00:00 ]
2020-06-27 09:52:24,938 read SQQQ from av [ 2020-06-08 09:35:00 to 2020-06-26 16:00:00 ]
2020-06-27 09:52:25,286 read TQQQ from av [ 2020-06-08 09:35:00 to 2020-06-26 16:00:00 ]
2020-06-27 09:52:26,399 read ^VXX from av [ 2020-06-08 09:35:00 to 2020-06-26 16:00:00 ]
2020-06-27 09:52:27,476 read ^VXZ from av [ 2020-06-08 09:35:00 to 2020-06-26 16:00:00 ]
2020-06-27 09:52:29,553 read IYE from av [ 2020-06-08 09:35:00 to 2020-06-26 16:00:00 ]
2020-06-27 09:54:32,534 read IYY from av [ 2020-06-08 09:35:00 to 2020-06-26 16:00:00 ]
2020-06-27 09:54:34,555 read IYF from av [ 2020-06-08 09:35:00 to 2020-06-26 16:00:00 ]
2020-06-27 09:54:36,573 read IYR from av [ 2020-06-26 09:35:00 to 2020-06-26 16:00:00 ]
2020-06-27 09:54:38,647 read IYW from av [ 2020-06-08 09:35:00 to 2020-06-26 16:00:00 ]
2020-06-27 09:54:41,216 read IYT from av [ 2020-06-08 09:35:00 to 2020-06-26 16:00:00 ]
2020-06-27 09:56:43,426 read PEJ from av [ 2020-06-08 09:35:00 to 2020-06-26 16:00:00 ]
2020-06-27 09:56:43,759 read USO from av [ 2020-06-08 09:35:00 to 2020-06-26 16:00:00 ]
2020-06-27 09:56:45,670 read DBC from av [ 2020-06-08 09:35:00 to 2020-06-26 16:00:00 ]
2020-06-27 09:56:47,521 read GSG from av [ 2020-06-08 09:35:00 to 2020-06-26 16:00:00 ]
2020-06-27 09:56:49,785 read VTI from av [ 2020-06-08 09:35:00 to 2020-06-26 16:00:00 ]
2020-06-27 09:58:51,709 read ^RUT from av [ 2020-06-08 09:35:00 to 2020-06-26 16:00:00 ]
2020-06-27 09:58:55,072 read FDN from av [ 2020-06-08 09:35:00 to 2020-06-26 16:00:00 ]
2020-06-27 09:58:57,280 read XLV from av [ 2020-06-08 09:35:00 to 2020-06-26 16:00:00 ]
2020-06-27 09:58:59,459 read IBB from av [ 2020-06-08 09:35:00 to 2020-06-26 16:00:00 ]
2020-06-27 09:59:01,382 read KRE from av [ 2020-06-26 09:35:00 to 2020-06-26 16:00:00 ]
2020-06-27 09:59:03,904 read KBE from av [ 2020-06-08 09:35:00 to 2020-06-26 16:00:00 ]
2020-06-27 09:59:06,258 read XLF from av [ 2020-06-08 09:35:00 to 2020-06-26 16:00:00 ]
2020-06-27 09:59:08,414 read XLP from av [ 2020-06-08 09:35:00 to 2020-06-26 16:00:00 ]
2020-06-27 09:59:10,732 read XLY from av [ 2020-06-08 09:35:00 to 2020-06-26 16:00:00 ]
2020-06-27 09:59:12,534 read VNQ from av [ 2020-06-26 09:35:00 to 2020-06-26 16:00:00 ]
2020-06-27 10:01:14,912 read XLB from av [ 2020-06-08 09:35:00 to 2020-06-26 16:00:00 ]
2020-06-27 10:01:16,856 read XLI from av [ 2020-06-26 09:35:00 to 2020-06-26 16:00:00 ]
2020-06-27 10:01:18,818 read KBWB from av [ 2020-06-08 09:35:00 to 2020-06-26 16:00:00 ]
2020-06-27 10:01:21,075 read TVIX from av [ 2020-06-08 09:35:00 to 2020-06-26 16:00:00 ]
2020-06-27 10:01:22,116 read ^VVIX from av [ 2020-06-08 09:35:00 to 2020-06-26 16:00:00 ]
2020-06-27 10:03:24,554 read VIXM from av [ 2020-06-08 09:35:00 to 2020-06-26 16:00:00 ]
2020-06-27 10:03:27,203 read VIXY from av [ 2020-06-08 09:35:00 to 2020-06-26 16:00:00 ]
2020-06-27 10:03:29,502 read VXX from av [ 2020-06-08 09:35:00 to 2020-06-26 16:00:00 ]
2020-06-27 10:03:31,663 read SVXY from av [ 2020-06-08 09:35:00 to 2020-06-26 16:00:00 ]
2020-06-27 10:03:33,824 read UVXY from av [ 2020-06-08 09:35:00 to 2020-06-26 16:00:00 ]
2020-06-27 10:05:36,267 read VIXY from av [ 2020-06-08 09:35:00 to 2020-06-26 16:00:00 ]
