2020-09-26 09:01:24,299 read QQQ from av [ 2020-08-28 04:05:00 to 2020-09-25 20:00:00 ]
2020-09-26 09:07:25,329 Time out ^VIX
2020-09-26 09:07:25,989 read FAS from av [ 2020-08-28 04:05:00 to 2020-09-25 19:15:00 ]
2020-09-26 09:07:26,597 read MIDU from av [ 2020-08-31 09:35:00 to 2020-09-25 16:50:00 ]
2020-09-26 09:07:27,170 read AAPL from av [ 2020-08-28 04:05:00 to 2020-09-25 20:00:00 ]
2020-09-26 09:07:27,681 read GOOG from av [ 2020-08-28 08:05:00 to 2020-09-25 16:25:00 ]
2020-09-26 09:13:28,438 Time out ^GSPC
2020-09-26 09:19:29,130 Time out ^DJI
2020-09-26 09:25:29,768 Time out ^TNX
2020-09-26 09:25:30,294 read MSFT from av [ 2020-08-28 04:05:00 to 2020-09-25 20:00:00 ]
2020-09-26 09:31:31,005 Time out ^VXGOG
2020-09-26 09:37:31,669 Time out ^VXAPL
2020-09-26 09:43:32,170 Time out ^VXGS
2020-09-26 09:49:32,680 Time out ^VXAZN
2020-09-26 09:55:33,202 Time out ^VXIBM
2020-09-26 09:55:33,588 read GS from av [ 2020-08-28 06:05:00 to 2020-09-25 19:05:00 ]
2020-09-26 09:55:34,156 read IBM from av [ 2020-08-28 07:30:00 to 2020-09-25 19:50:00 ]
2020-09-26 09:55:34,756 read FB from av [ 2020-08-28 04:05:00 to 2020-09-25 20:00:00 ]
2020-09-26 10:01:35,453 Time out ^TYVIX
2020-09-26 10:01:36,055 read SPY from av [ 2020-08-28 04:05:00 to 2020-09-25 20:00:00 ]
2020-09-26 10:01:36,774 read GOOGL from av [ 2020-08-28 07:15:00 to 2020-09-25 17:00:00 ]
2020-09-26 10:01:37,410 read JPM from av [ 2020-08-28 04:10:00 to 2020-09-25 19:55:00 ]
2020-09-26 10:01:38,005 read JNJ from av [ 2020-08-28 07:05:00 to 2020-09-25 20:00:00 ]
2020-09-26 10:01:38,643 read BAC from av [ 2020-08-28 04:05:00 to 2020-09-25 20:00:00 ]
2020-09-26 10:03:39,459 read V from av [ 2020-08-28 04:20:00 to 2020-09-25 19:45:00 ]
2020-09-26 10:03:40,092 read WFC from av [ 2020-08-28 04:05:00 to 2020-09-25 20:00:00 ]
2020-09-26 10:03:40,628 read MA from av [ 2020-08-28 04:40:00 to 2020-09-25 17:30:00 ]
2020-09-26 10:03:41,285 read C from av [ 2020-08-28 04:10:00 to 2020-09-25 20:00:00 ]
2020-09-26 10:03:41,907 read PYPL from av [ 2020-08-28 06:40:00 to 2020-09-25 20:00:00 ]
2020-09-26 10:05:42,385 read OIL from av [ 2020-08-31 09:35:00 to 2020-09-25 16:00:00 ]
2020-09-26 10:11:43,136 Time out DX-Y.NYB
2020-09-26 10:11:43,600 read GLD from av [ 2020-08-28 04:20:00 to 2020-09-25 19:55:00 ]
2020-09-26 10:11:44,129 read UUP from av [ 2020-08-31 04:05:00 to 2020-09-25 18:25:00 ]
2020-09-26 10:11:44,576 read SHY from av [ 2020-08-28 09:25:00 to 2020-09-25 19:50:00 ]
2020-09-26 10:11:45,028 read SHV from av [ 2020-08-28 09:10:00 to 2020-09-25 18:30:00 ]
2020-09-26 10:13:45,962 read IEF from av [ 2020-08-28 08:30:00 to 2020-09-25 18:05:00 ]
2020-09-26 10:19:46,895 Time out ^IRX
2020-09-26 10:25:47,519 Time out ^FVX
2020-09-26 10:31:48,163 Time out ^TYX
2020-09-26 10:31:48,746 read SQQQ from av [ 2020-08-28 04:05:00 to 2020-09-25 20:00:00 ]
2020-09-26 10:31:49,533 read TQQQ from av [ 2020-08-28 04:05:00 to 2020-09-25 20:00:00 ]
2020-09-26 10:37:50,272 Time out ^VXX
2020-09-26 10:43:50,779 Time out ^VXZ
2020-09-26 10:43:52,720 read IYE from av [ 2020-08-31 09:35:00 to 2020-09-25 16:00:00 ]
2020-09-26 10:43:53,088 read IYY from av [ 2020-08-31 09:35:00 to 2020-09-25 16:00:00 ]
2020-09-26 10:43:53,473 read IYF from av [ 2020-08-31 09:35:00 to 2020-09-25 16:15:00 ]
2020-09-26 10:43:53,890 read IYR from av [ 2020-08-28 09:35:00 to 2020-09-25 16:25:00 ]
2020-09-26 10:43:54,308 read IYW from av [ 2020-08-31 09:35:00 to 2020-09-25 16:00:00 ]
2020-09-26 10:45:55,378 read IYT from av [ 2020-08-31 09:35:00 to 2020-09-25 16:00:00 ]
2020-09-26 10:45:55,755 read PEJ from av [ 2020-08-31 09:35:00 to 2020-09-25 16:00:00 ]
2020-09-26 10:45:56,255 read USO from av [ 2020-08-31 04:05:00 to 2020-09-25 17:05:00 ]
2020-09-26 10:45:56,718 read DBC from av [ 2020-08-31 09:15:00 to 2020-09-25 16:00:00 ]
2020-09-26 10:45:57,140 read GSG from av [ 2020-08-31 09:35:00 to 2020-09-25 16:00:00 ]
2020-09-26 10:47:57,833 read VTI from av [ 2020-08-28 09:35:00 to 2020-09-25 20:00:00 ]
2020-09-26 10:53:58,604 Time out ^RUT
2020-09-26 10:53:58,934 read FDN from av [ 2020-08-31 09:35:00 to 2020-09-25 16:50:00 ]
2020-09-26 10:53:59,418 read XLV from av [ 2020-08-28 08:15:00 to 2020-09-25 17:50:00 ]
2020-09-26 10:53:59,859 read IBB from av [ 2020-08-28 07:05:00 to 2020-09-25 18:10:00 ]
2020-09-26 10:54:00,354 read KRE from av [ 2020-08-28 08:05:00 to 2020-09-25 20:00:00 ]
2020-09-26 10:54:00,808 read KBE from av [ 2020-08-31 09:35:00 to 2020-09-25 18:15:00 ]
2020-09-26 10:54:01,413 read XLF from av [ 2020-08-28 04:20:00 to 2020-09-25 20:00:00 ]
2020-09-26 10:54:01,992 read XLP from av [ 2020-08-28 08:15:00 to 2020-09-25 18:10:00 ]
2020-09-26 10:54:02,670 read XLY from av [ 2020-08-28 06:35:00 to 2020-09-25 19:55:00 ]
2020-09-26 10:54:03,212 read VNQ from av [ 2020-08-28 09:30:00 to 2020-09-25 16:35:00 ]
2020-09-26 10:54:03,645 read XLB from av [ 2020-08-28 08:15:00 to 2020-09-25 16:45:00 ]
2020-09-26 10:54:04,106 read XLI from av [ 2020-08-28 07:10:00 to 2020-09-25 17:40:00 ]
2020-09-26 10:56:04,778 read KBWB from av [ 2020-08-31 09:35:00 to 2020-09-25 16:05:00 ]
2020-09-26 11:02:06,263 Time out TVIX
2020-09-26 11:08:07,021 Time out ^VVIX
2020-09-26 11:08:07,356 read VIXM from av [ 2020-08-31 09:50:00 to 2020-09-25 16:15:00 ]
2020-09-26 11:08:07,849 read VIXY from av [ 2020-08-31 07:05:00 to 2020-09-25 20:00:00 ]
2020-09-26 11:08:08,504 read VXX from av [ 2020-08-28 04:05:00 to 2020-09-25 20:00:00 ]
2020-09-26 11:08:09,102 read SVXY from av [ 2020-08-31 08:25:00 to 2020-09-25 17:30:00 ]
2020-09-26 11:08:09,839 read UVXY from av [ 2020-08-28 04:05:00 to 2020-09-25 20:00:00 ]
2020-09-26 11:10:10,565 read VIXY from av [ 2020-08-31 07:05:00 to 2020-09-25 20:00:00 ]
