2020-09-12 09:01:26,316 read QQQ from av [ 2020-08-14 04:05:00 to 2020-09-11 20:00:00 ]
2020-09-12 09:07:27,371 Time out ^VIX
2020-09-12 09:07:28,112 read FAS from av [ 2020-08-14 04:05:00 to 2020-09-11 20:00:00 ]
2020-09-12 09:07:30,301 read MIDU from av [ 2020-08-17 09:35:00 to 2020-09-11 17:20:00 ]
2020-09-12 09:07:30,942 read AAPL from av [ 2020-08-14 04:05:00 to 2020-09-11 20:00:00 ]
2020-09-12 09:07:31,549 read GOOG from av [ 2020-08-14 08:50:00 to 2020-09-11 19:10:00 ]
2020-09-12 09:13:32,260 Time out ^GSPC
2020-09-12 09:19:32,898 Time out ^DJI
2020-09-12 09:25:33,556 Time out ^TNX
2020-09-12 09:25:34,159 read MSFT from av [ 2020-08-14 04:05:00 to 2020-09-11 20:00:00 ]
2020-09-12 09:31:34,908 Time out ^VXGOG
2020-09-12 09:37:35,539 Time out ^VXAPL
2020-09-12 09:43:36,177 Time out ^VXGS
2020-09-12 09:49:36,670 Time out ^VXAZN
2020-09-12 09:55:37,186 Time out ^VXIBM
2020-09-12 09:55:37,560 read GS from av [ 2020-08-14 07:05:00 to 2020-09-11 19:05:00 ]
2020-09-12 09:55:38,053 read IBM from av [ 2020-08-14 07:10:00 to 2020-09-11 19:45:00 ]
2020-09-12 09:55:38,996 read FB from av [ 2020-08-14 05:55:00 to 2020-09-11 20:00:00 ]
2020-09-12 10:01:39,712 Time out ^TYVIX
2020-09-12 10:01:40,315 read SPY from av [ 2020-08-14 04:05:00 to 2020-09-11 20:00:00 ]
2020-09-12 10:01:40,907 read GOOGL from av [ 2020-08-14 07:10:00 to 2020-09-11 19:05:00 ]
2020-09-12 10:01:41,459 read JPM from av [ 2020-08-14 04:05:00 to 2020-09-11 19:45:00 ]
2020-09-12 10:01:41,956 read JNJ from av [ 2020-08-14 04:10:00 to 2020-09-11 20:00:00 ]
2020-09-12 10:01:42,694 read BAC from av [ 2020-08-14 04:05:00 to 2020-09-11 20:00:00 ]
2020-09-12 10:03:43,455 read V from av [ 2020-08-14 04:35:00 to 2020-09-11 17:05:00 ]
2020-09-12 10:03:44,105 read WFC from av [ 2020-08-14 04:05:00 to 2020-09-11 20:00:00 ]
2020-09-12 10:03:44,633 read MA from av [ 2020-08-14 07:40:00 to 2020-09-11 16:05:00 ]
2020-09-12 10:03:45,264 read C from av [ 2020-08-14 04:15:00 to 2020-09-11 20:00:00 ]
2020-09-12 10:03:45,943 read PYPL from av [ 2020-08-14 05:55:00 to 2020-09-11 19:45:00 ]
2020-09-12 10:05:46,443 read OIL from av [ 2020-08-14 10:05:00 to 2020-09-11 15:55:00 ]
2020-09-12 10:11:47,220 Time out DX-Y.NYB
2020-09-12 10:11:48,046 read GLD from av [ 2020-08-14 04:05:00 to 2020-09-11 19:45:00 ]
2020-09-12 10:11:48,668 read UUP from av [ 2020-08-17 08:05:00 to 2020-09-11 16:00:00 ]
2020-09-12 10:11:49,108 read SHY from av [ 2020-08-14 09:35:00 to 2020-09-11 18:30:00 ]
2020-09-12 10:11:50,956 read SHV from av [ 2020-08-17 08:35:00 to 2020-09-11 17:00:00 ]
2020-09-12 10:13:51,847 read IEF from av [ 2020-08-14 08:05:00 to 2020-09-11 16:15:00 ]
2020-09-12 10:19:52,660 Time out ^IRX
2020-09-12 10:25:53,262 Time out ^FVX
2020-09-12 10:31:53,774 Time out ^TYX
2020-09-12 10:31:54,382 read SQQQ from av [ 2020-08-14 04:05:00 to 2020-09-11 20:00:00 ]
2020-09-12 10:31:55,193 read TQQQ from av [ 2020-08-14 04:05:00 to 2020-09-11 20:00:00 ]
2020-09-12 10:37:55,891 Time out ^VXX
2020-09-12 10:43:57,072 Time out ^VXZ
2020-09-12 10:43:57,881 read IYE from av [ 2020-08-17 07:45:00 to 2020-09-11 16:35:00 ]
2020-09-12 10:43:58,366 read IYY from av [ 2020-08-17 09:35:00 to 2020-09-11 16:00:00 ]
2020-09-12 10:44:00,189 read IYF from av [ 2020-08-17 09:35:00 to 2020-09-11 16:00:00 ]
2020-09-12 10:44:00,747 read IYR from av [ 2020-08-14 09:35:00 to 2020-09-11 16:15:00 ]
2020-09-12 10:44:01,272 read IYW from av [ 2020-08-17 09:35:00 to 2020-09-11 16:05:00 ]
2020-09-12 10:44:01,689 read IYT from av [ 2020-08-17 09:35:00 to 2020-09-11 16:00:00 ]
2020-09-12 10:44:02,373 read PEJ from av [ 2020-08-14 08:05:00 to 2020-09-11 16:00:00 ]
2020-09-12 10:44:02,928 read USO from av [ 2020-08-17 04:55:00 to 2020-09-11 18:55:00 ]
2020-09-12 10:44:03,594 read DBC from av [ 2020-08-14 09:35:00 to 2020-09-11 16:00:00 ]
2020-09-12 10:44:04,183 read GSG from av [ 2020-08-17 09:35:00 to 2020-09-11 16:00:00 ]
2020-09-12 10:46:04,800 read VTI from av [ 2020-08-14 04:10:00 to 2020-09-11 16:10:00 ]
2020-09-12 10:52:05,595 Time out ^RUT
2020-09-12 10:52:06,325 read FDN from av [ 2020-08-17 09:35:00 to 2020-09-11 16:00:00 ]
2020-09-12 10:52:07,474 read XLV from av [ 2020-08-14 04:10:00 to 2020-09-11 17:10:00 ]
2020-09-12 10:52:08,005 read IBB from av [ 2020-08-14 08:05:00 to 2020-09-11 20:00:00 ]
2020-09-12 10:52:08,655 read KRE from av [ 2020-08-14 09:35:00 to 2020-09-11 18:40:00 ]
2020-09-12 10:52:09,266 read KBE from av [ 2020-08-17 09:30:00 to 2020-09-11 16:25:00 ]
2020-09-12 10:54:09,984 read XLF from av [ 2020-08-14 04:05:00 to 2020-09-11 20:00:00 ]
2020-09-12 10:54:10,469 read XLP from av [ 2020-08-14 08:05:00 to 2020-09-11 16:10:00 ]
2020-09-12 10:54:10,940 read XLY from av [ 2020-08-14 08:05:00 to 2020-09-11 16:45:00 ]
2020-09-12 10:54:11,507 read VNQ from av [ 2020-08-14 04:25:00 to 2020-09-11 16:05:00 ]
2020-09-12 10:54:11,951 read XLB from av [ 2020-08-14 04:25:00 to 2020-09-11 19:35:00 ]
2020-09-12 10:56:12,530 read XLI from av [ 2020-08-14 07:15:00 to 2020-09-11 19:35:00 ]
2020-09-12 10:56:12,992 read KBWB from av [ 2020-08-17 09:35:00 to 2020-09-11 16:05:00 ]
2020-09-12 11:02:13,799 Time out TVIX
2020-09-12 11:08:14,459 Time out ^VVIX
2020-09-12 11:08:15,914 read VIXM from av [ 2020-08-17 09:30:00 to 2020-09-11 16:00:00 ]
2020-09-12 11:08:16,484 read VIXY from av [ 2020-08-17 07:05:00 to 2020-09-11 19:55:00 ]
2020-09-12 11:08:17,163 read VXX from av [ 2020-08-14 04:05:00 to 2020-09-11 20:00:00 ]
2020-09-12 11:08:17,718 read SVXY from av [ 2020-08-17 04:05:00 to 2020-09-11 18:10:00 ]
2020-09-12 11:08:18,384 read UVXY from av [ 2020-08-14 04:05:00 to 2020-09-11 20:00:00 ]
2020-09-12 11:10:19,105 read VIXY from av [ 2020-08-17 07:05:00 to 2020-09-11 19:55:00 ]
