2020-05-23 09:01:37,220 read QQQ from av [ 2020-05-04 09:35:00 to 2020-05-22 16:00:00 ]
2020-05-23 09:01:38,397 read ^VIX from av [ 2020-05-04 09:35:00 to 2020-05-22 16:00:00 ]
2020-05-23 09:01:38,750 read FAS from av [ 2020-05-04 09:35:00 to 2020-05-22 16:00:00 ]
2020-05-23 09:01:40,087 read MIDU from av [ 2020-05-04 09:35:00 to 2020-05-22 16:00:00 ]
2020-05-23 09:01:40,481 read AAPL from av [ 2020-05-04 09:35:00 to 2020-05-22 16:00:00 ]
2020-05-23 09:03:42,086 read GOOG from av [ 2020-05-04 09:35:00 to 2020-05-22 16:00:00 ]
2020-05-23 09:09:42,918 Time out ^GSPC
2020-05-23 09:15:43,648 Time out ^DJI
2020-05-23 09:15:44,694 read ^TNX from av [ 2020-05-06 08:25:00 to 2020-05-22 15:00:00 ]
2020-05-23 09:15:45,121 read MSFT from av [ 2020-05-04 09:35:00 to 2020-05-22 16:00:00 ]
2020-05-23 09:15:46,165 read ^VXGOG from av [ 2020-05-04 09:35:00 to 2020-05-22 16:00:00 ]
2020-05-23 09:15:49,152 read ^VXAPL from av [ 2020-05-04 09:35:00 to 2020-05-22 16:00:00 ]
2020-05-23 09:15:50,331 read ^VXGS from av [ 2020-05-04 09:35:00 to 2020-05-22 16:00:00 ]
2020-05-23 09:17:52,600 read ^VXAZN from av [ 2020-05-04 09:35:00 to 2020-05-22 16:00:00 ]
2020-05-23 09:17:53,558 read ^VXIBM from av [ 2020-05-04 09:35:00 to 2020-05-22 16:00:00 ]
2020-05-23 09:17:54,919 read GS from av [ 2020-05-04 09:35:00 to 2020-05-22 16:00:00 ]
2020-05-23 09:17:55,230 read IBM from av [ 2020-05-04 09:35:00 to 2020-05-22 16:00:00 ]
2020-05-23 09:17:55,594 read FB from av [ 2020-05-04 09:35:00 to 2020-05-22 16:00:00 ]
2020-05-23 09:19:57,666 read ^TYVIX from av [ 2020-05-04 09:35:00 to 2020-05-15 16:00:00 ]
2020-05-23 09:19:59,009 read SPY from av [ 2020-05-04 09:35:00 to 2020-05-22 16:00:00 ]
2020-05-23 09:20:00,423 read GOOGL from av [ 2020-05-04 09:35:00 to 2020-05-22 16:00:00 ]
2020-05-23 09:20:01,864 read JPM from av [ 2020-05-04 09:35:00 to 2020-05-22 16:00:00 ]
2020-05-23 09:20:03,404 read JNJ from av [ 2020-05-04 09:35:00 to 2020-05-22 16:00:00 ]
2020-05-23 09:20:04,782 read BAC from av [ 2020-05-04 09:35:00 to 2020-05-22 16:00:00 ]
2020-05-23 09:20:06,202 read V from av [ 2020-05-04 09:35:00 to 2020-05-22 16:00:00 ]
2020-05-23 09:20:07,516 read WFC from av [ 2020-05-04 09:35:00 to 2020-05-22 16:00:00 ]
2020-05-23 09:20:08,985 read MA from av [ 2020-05-04 09:35:00 to 2020-05-22 16:00:00 ]
2020-05-23 09:22:10,638 read C from av [ 2020-05-04 09:35:00 to 2020-05-22 16:00:00 ]
2020-05-23 09:22:12,075 read PYPL from av [ 2020-05-04 09:35:00 to 2020-05-22 16:00:00 ]
2020-05-23 09:28:13,113 Time out OIL
2020-05-23 09:28:14,385 read DX-Y.NYB from av [ 2020-05-06 00:00:00 to 2020-05-22 18:00:00 ]
2020-05-23 09:28:15,840 read GLD from av [ 2020-05-04 09:35:00 to 2020-05-22 16:00:00 ]
2020-05-23 09:28:16,905 read UUP from av [ 2020-05-04 09:35:00 to 2020-05-22 16:00:00 ]
2020-05-23 09:28:18,523 read SHY from av [ 2020-05-04 09:35:00 to 2020-05-22 16:00:00 ]
2020-05-23 09:30:19,876 read SHV from av [ 2020-05-04 09:35:00 to 2020-05-22 16:00:00 ]
2020-05-23 09:30:21,208 read IEF from av [ 2020-05-04 09:35:00 to 2020-05-22 16:00:00 ]
2020-05-23 09:30:22,171 read ^IRX from av [ 2020-05-06 08:25:00 to 2020-05-22 15:00:00 ]
2020-05-23 09:30:23,550 read ^FVX from av [ 2020-05-06 08:25:00 to 2020-05-22 15:00:00 ]
2020-05-23 09:30:24,537 read ^TYX from av [ 2020-05-06 08:25:00 to 2020-05-22 15:00:00 ]
2020-05-23 09:32:26,038 read SQQQ from av [ 2020-05-04 09:35:00 to 2020-05-22 16:00:00 ]
2020-05-23 09:32:27,363 read TQQQ from av [ 2020-05-04 09:35:00 to 2020-05-22 16:00:00 ]
2020-05-23 09:32:28,328 read ^VXX from av [ 2020-05-04 09:35:00 to 2020-05-22 16:00:00 ]
2020-05-23 09:32:29,261 read ^VXZ from av [ 2020-05-04 09:35:00 to 2020-05-22 16:00:00 ]
2020-05-23 09:32:30,548 read IYE from av [ 2020-05-04 09:35:00 to 2020-05-22 16:00:00 ]
2020-05-23 09:34:31,769 read IYY from av [ 2020-05-04 09:35:00 to 2020-05-22 16:00:00 ]
2020-05-23 09:34:33,099 read IYF from av [ 2020-05-04 09:35:00 to 2020-05-22 16:00:00 ]
2020-05-23 09:34:34,505 read IYR from av [ 2020-05-04 09:35:00 to 2020-05-22 16:00:00 ]
2020-05-23 09:34:35,522 read IYW from av [ 2020-05-04 09:35:00 to 2020-05-22 16:00:00 ]
2020-05-23 09:34:36,593 read IYT from av [ 2020-05-04 09:35:00 to 2020-05-22 16:00:00 ]
2020-05-23 09:36:38,964 read PEJ from av [ 2020-05-04 09:35:00 to 2020-05-22 16:00:00 ]
2020-05-23 09:36:40,286 read USO from av [ 2020-05-04 09:35:00 to 2020-05-22 16:00:00 ]
2020-05-23 09:36:41,425 read DBC from av [ 2020-05-04 09:35:00 to 2020-05-22 16:00:00 ]
2020-05-23 09:36:42,495 read GSG from av [ 2020-05-04 09:40:00 to 2020-05-22 16:00:00 ]
2020-05-23 09:36:43,785 read VTI from av [ 2020-05-04 09:35:00 to 2020-05-22 16:00:00 ]
2020-05-23 09:38:44,960 read ^RUT from av [ 2020-05-04 09:35:00 to 2020-05-22 16:00:00 ]
2020-05-23 09:38:46,359 read FDN from av [ 2020-05-04 09:35:00 to 2020-05-22 16:00:00 ]
2020-05-23 09:38:47,678 read XLV from av [ 2020-05-04 09:35:00 to 2020-05-22 16:00:00 ]
2020-05-23 09:38:49,022 read IBB from av [ 2020-05-04 09:35:00 to 2020-05-22 16:00:00 ]
2020-05-23 09:38:50,350 read KRE from av [ 2020-05-04 09:35:00 to 2020-05-22 16:00:00 ]
2020-05-23 09:40:55,583 read KBE from av [ 2020-05-04 09:35:00 to 2020-05-22 16:00:00 ]
2020-05-23 09:40:56,927 read XLF from av [ 2020-05-04 09:35:00 to 2020-05-22 16:00:00 ]
2020-05-23 09:40:58,225 read XLP from av [ 2020-05-04 09:35:00 to 2020-05-22 16:00:00 ]
2020-05-23 09:40:59,520 read XLY from av [ 2020-05-04 09:35:00 to 2020-05-22 16:00:00 ]
2020-05-23 09:41:01,009 read VNQ from av [ 2020-05-04 09:35:00 to 2020-05-22 16:00:00 ]
2020-05-23 09:41:02,475 read XLB from av [ 2020-05-04 09:35:00 to 2020-05-22 16:00:00 ]
2020-05-23 09:41:04,573 read XLI from av [ 2020-05-04 09:35:00 to 2020-05-22 16:00:00 ]
2020-05-23 09:41:08,324 read KBWB from av [ 2020-05-04 09:35:00 to 2020-05-22 16:00:00 ]
2020-05-23 09:41:09,677 read TVIX from av [ 2020-05-04 09:35:00 to 2020-05-22 16:00:00 ]
2020-05-23 09:41:10,664 read ^VVIX from av [ 2020-05-04 09:35:00 to 2020-05-22 16:00:00 ]
2020-05-23 09:43:11,722 read VIXM from av [ 2020-05-04 09:35:00 to 2020-05-22 16:00:00 ]
2020-05-23 09:43:13,089 read VIXY from av [ 2020-05-04 09:35:00 to 2020-05-22 16:00:00 ]
2020-05-23 09:43:14,442 read VXX from av [ 2020-05-04 09:35:00 to 2020-05-22 16:00:00 ]
2020-05-23 09:43:16,461 read SVXY from av [ 2020-05-04 09:35:00 to 2020-05-22 16:00:00 ]
2020-05-23 09:43:17,803 read UVXY from av [ 2020-05-04 09:35:00 to 2020-05-22 16:00:00 ]
2020-05-23 09:45:19,235 read VIXY from av [ 2020-05-04 09:35:00 to 2020-05-22 16:00:00 ]
