2020-11-21 10:01:59,413 read QQQ from av [ 2020-10-23 04:05:00 to 2020-11-20 20:00:00 ]
2020-11-21 10:08:00,379 Time out ^VIX
2020-11-21 10:08:00,927 read FAS from av [ 2020-10-26 07:05:00 to 2020-11-20 19:25:00 ]
2020-11-21 10:08:01,928 read MIDU from av [ 2020-10-26 08:45:00 to 2020-11-20 16:00:00 ]
2020-11-21 10:08:02,837 read AAPL from av [ 2020-10-23 04:05:00 to 2020-11-20 20:00:00 ]
2020-11-21 10:08:03,486 read GOOG from av [ 2020-10-23 08:05:00 to 2020-11-20 17:20:00 ]
2020-11-21 10:14:04,605 Time out ^GSPC
2020-11-21 10:20:05,448 Time out ^DJI
2020-11-21 10:26:06,595 Time out ^TNX
2020-11-21 10:26:07,511 read MSFT from av [ 2020-10-23 04:40:00 to 2020-11-20 20:00:00 ]
2020-11-21 10:32:08,591 Time out ^VXGOG
2020-11-21 10:38:09,161 Time out ^VXAPL
2020-11-21 10:44:09,798 Time out ^VXGS
2020-11-21 10:50:10,541 Time out ^VXAZN
2020-11-21 10:56:11,342 Time out ^VXIBM
2020-11-21 10:56:11,868 read GS from av [ 2020-10-26 04:10:00 to 2020-11-20 19:45:00 ]
2020-11-21 10:56:12,510 read IBM from av [ 2020-10-26 04:10:00 to 2020-11-20 18:40:00 ]
2020-11-21 10:56:13,271 read FB from av [ 2020-10-23 04:05:00 to 2020-11-20 20:00:00 ]
2020-11-21 11:02:14,047 Time out ^TYVIX
2020-11-21 11:02:14,619 read SPY from av [ 2020-10-23 04:05:00 to 2020-11-20 20:00:00 ]
2020-11-21 11:02:15,332 read GOOGL from av [ 2020-10-23 06:20:00 to 2020-11-20 16:40:00 ]
2020-11-21 11:02:16,018 read JPM from av [ 2020-10-23 04:05:00 to 2020-11-20 20:00:00 ]
2020-11-21 11:02:16,698 read JNJ from av [ 2020-10-26 07:05:00 to 2020-11-20 20:00:00 ]
2020-11-21 11:02:17,432 read BAC from av [ 2020-10-26 04:05:00 to 2020-11-20 20:00:00 ]
2020-11-21 11:04:18,283 read V from av [ 2020-10-26 04:05:00 to 2020-11-20 19:50:00 ]
2020-11-21 11:04:19,012 read WFC from av [ 2020-10-26 04:05:00 to 2020-11-20 20:00:00 ]
2020-11-21 11:04:19,676 read MA from av [ 2020-10-26 04:50:00 to 2020-11-20 19:40:00 ]
2020-11-21 11:04:20,347 read C from av [ 2020-10-26 04:05:00 to 2020-11-20 20:00:00 ]
2020-11-21 11:04:21,116 read PYPL from av [ 2020-10-26 04:05:00 to 2020-11-20 20:00:00 ]
2020-11-21 11:06:21,990 read OIL from av [ 2020-10-26 09:05:00 to 2020-11-20 15:40:00 ]
2020-11-21 11:12:22,551 Time out DX-Y.NYB
2020-11-21 11:12:23,030 read GLD from av [ 2020-10-26 04:05:00 to 2020-11-20 19:55:00 ]
2020-11-21 11:12:23,625 read UUP from av [ 2020-10-26 05:00:00 to 2020-11-20 16:55:00 ]
2020-11-21 11:12:24,186 read SHY from av [ 2020-10-26 08:25:00 to 2020-11-20 16:45:00 ]
2020-11-21 11:12:24,698 read SHV from av [ 2020-10-26 09:35:00 to 2020-11-20 17:40:00 ]
2020-11-21 11:14:25,495 read IEF from av [ 2020-10-26 08:50:00 to 2020-11-20 16:55:00 ]
2020-11-21 11:20:26,411 Time out ^IRX
2020-11-21 11:26:27,050 Time out ^FVX
2020-11-21 11:32:27,585 Time out ^TYX
2020-11-21 11:32:28,353 read SQQQ from av [ 2020-10-26 04:05:00 to 2020-11-20 20:00:00 ]
2020-11-21 11:32:29,904 read TQQQ from av [ 2020-10-26 04:05:00 to 2020-11-20 20:00:00 ]
2020-11-21 11:38:30,655 Time out ^VXX
2020-11-21 11:44:31,310 Time out ^VXZ
2020-11-21 11:44:34,754 read IYE from av [ 2020-10-26 04:05:00 to 2020-11-20 16:00:00 ]
2020-11-21 11:44:36,890 read IYY from av [ 2020-10-26 09:35:00 to 2020-11-20 16:00:00 ]
2020-11-21 11:44:39,533 read IYF from av [ 2020-10-26 09:35:00 to 2020-11-20 16:00:00 ]
2020-11-21 11:44:40,119 read IYR from av [ 2020-10-26 08:10:00 to 2020-11-20 16:15:00 ]
2020-11-21 11:44:40,635 read IYW from av [ 2020-10-26 09:35:00 to 2020-11-20 16:00:00 ]
2020-11-21 11:46:43,958 read IYT from av [ 2020-10-26 09:35:00 to 2020-11-20 16:00:00 ]
2020-11-21 11:46:45,238 read PEJ from av [ 2020-10-26 09:35:00 to 2020-11-20 16:00:00 ]
2020-11-21 11:46:45,808 read USO from av [ 2020-10-26 04:05:00 to 2020-11-20 19:45:00 ]
2020-11-21 11:46:47,436 read DBC from av [ 2020-10-26 08:05:00 to 2020-11-20 16:00:00 ]
2020-11-21 11:46:49,440 read GSG from av [ 2020-10-26 09:30:00 to 2020-11-20 16:00:00 ]
2020-11-21 11:48:50,132 read VTI from av [ 2020-10-23 07:45:00 to 2020-11-20 16:15:00 ]
2020-11-21 11:54:50,952 Time out ^RUT
2020-11-21 11:54:52,593 read FDN from av [ 2020-10-26 09:15:00 to 2020-11-20 16:00:00 ]
2020-11-21 11:54:53,163 read XLV from av [ 2020-10-26 05:20:00 to 2020-11-20 16:20:00 ]
2020-11-21 11:54:53,783 read IBB from av [ 2020-10-26 07:55:00 to 2020-11-20 19:10:00 ]
2020-11-21 11:54:54,408 read KRE from av [ 2020-10-26 08:00:00 to 2020-11-20 16:15:00 ]
2020-11-21 11:54:55,017 read KBE from av [ 2020-10-26 04:05:00 to 2020-11-20 16:05:00 ]
2020-11-21 11:56:55,904 read XLF from av [ 2020-10-26 04:05:00 to 2020-11-20 20:00:00 ]
2020-11-21 11:56:56,477 read XLP from av [ 2020-10-26 04:10:00 to 2020-11-20 16:05:00 ]
2020-11-21 11:56:57,037 read XLY from av [ 2020-10-26 09:15:00 to 2020-11-20 20:00:00 ]
2020-11-21 11:56:57,534 read VNQ from av [ 2020-10-26 09:35:00 to 2020-11-20 18:20:00 ]
2020-11-21 11:56:58,072 read XLB from av [ 2020-10-26 08:15:00 to 2020-11-20 19:10:00 ]
2020-11-21 11:58:58,725 read XLI from av [ 2020-10-26 07:05:00 to 2020-11-20 18:25:00 ]
2020-11-21 11:58:59,234 read KBWB from av [ 2020-10-26 09:35:00 to 2020-11-20 16:00:00 ]
2020-11-21 12:05:00,181 Time out TVIX
2020-11-21 12:11:00,812 Time out ^VVIX
2020-11-21 12:11:01,086 read VIXM from av [ 2020-10-26 09:35:00 to 2020-11-20 16:15:00 ]
2020-11-21 12:11:01,762 read VIXY from av [ 2020-10-26 04:05:00 to 2020-11-20 19:50:00 ]
2020-11-21 12:11:02,542 read VXX from av [ 2020-10-26 04:05:00 to 2020-11-20 20:00:00 ]
2020-11-21 12:11:03,220 read SVXY from av [ 2020-10-26 04:05:00 to 2020-11-20 20:00:00 ]
2020-11-21 12:11:03,969 read UVXY from av [ 2020-10-26 04:05:00 to 2020-11-20 20:00:00 ]
2020-11-21 12:11:04,770 read VIXY from av [ 2020-10-26 04:05:00 to 2020-11-20 19:50:00 ]
