2020-09-05 09:01:27,178 read QQQ from av [ 2020-08-07 04:05:00 to 2020-09-04 20:00:00 ]
2020-09-05 09:07:28,292 Time out ^VIX
2020-09-05 09:07:29,146 read FAS from av [ 2020-08-07 04:10:00 to 2020-09-04 20:00:00 ]
2020-09-05 09:07:29,713 read MIDU from av [ 2020-08-07 08:05:00 to 2020-09-04 16:15:00 ]
2020-09-05 09:07:39,134 read AAPL from av [ 2020-08-07 04:05:00 to 2020-09-04 20:00:00 ]
2020-09-05 09:07:39,708 read GOOG from av [ 2020-08-07 07:45:00 to 2020-09-04 18:30:00 ]
2020-09-05 09:13:41,319 Time out ^GSPC
2020-09-05 09:19:44,932 Time out ^DJI
2020-09-05 09:25:45,591 Time out ^TNX
2020-09-05 09:25:46,130 read MSFT from av [ 2020-08-07 04:05:00 to 2020-09-04 20:00:00 ]
2020-09-05 09:31:47,240 Time out ^VXGOG
2020-09-05 09:37:47,770 Time out ^VXAPL
2020-09-05 09:43:48,240 Time out ^VXGS
2020-09-05 09:49:49,041 Time out ^VXAZN
2020-09-05 09:55:49,704 Time out ^VXIBM
2020-09-05 09:55:50,070 read GS from av [ 2020-08-07 06:50:00 to 2020-09-04 19:25:00 ]
2020-09-05 09:55:50,625 read IBM from av [ 2020-08-07 06:00:00 to 2020-09-04 19:50:00 ]
2020-09-05 09:55:51,239 read FB from av [ 2020-08-07 04:05:00 to 2020-09-04 20:00:00 ]
2020-09-05 10:01:52,428 Time out ^TYVIX
2020-09-05 10:01:52,986 read SPY from av [ 2020-08-07 04:05:00 to 2020-09-04 20:00:00 ]
2020-09-05 10:01:53,542 read GOOGL from av [ 2020-08-07 06:50:00 to 2020-09-04 19:15:00 ]
2020-09-05 10:01:54,169 read JPM from av [ 2020-08-07 07:05:00 to 2020-09-04 20:00:00 ]
2020-09-05 10:01:54,697 read JNJ from av [ 2020-08-07 06:55:00 to 2020-09-04 18:50:00 ]
2020-09-05 10:01:55,394 read BAC from av [ 2020-08-07 04:05:00 to 2020-09-04 20:00:00 ]
2020-09-05 10:03:56,147 read V from av [ 2020-08-07 05:00:00 to 2020-09-04 19:50:00 ]
2020-09-05 10:03:56,854 read WFC from av [ 2020-08-07 04:40:00 to 2020-09-04 20:00:00 ]
2020-09-05 10:03:57,395 read MA from av [ 2020-08-07 08:35:00 to 2020-09-04 17:55:00 ]
2020-09-05 10:03:57,943 read C from av [ 2020-08-07 05:10:00 to 2020-09-04 20:00:00 ]
2020-09-05 10:03:58,551 read PYPL from av [ 2020-08-07 04:05:00 to 2020-09-04 20:00:00 ]
2020-09-05 10:05:59,027 read OIL from av [ 2020-08-07 09:35:00 to 2020-09-04 16:00:00 ]
2020-09-05 10:12:00,659 Time out DX-Y.NYB
2020-09-05 10:12:01,346 read GLD from av [ 2020-08-07 04:05:00 to 2020-09-04 20:00:00 ]
2020-09-05 10:12:01,955 read UUP from av [ 2020-08-07 05:35:00 to 2020-09-04 19:00:00 ]
2020-09-05 10:12:02,510 read SHY from av [ 2020-08-07 08:35:00 to 2020-09-04 16:25:00 ]
2020-09-05 10:12:03,103 read SHV from av [ 2020-08-07 08:05:00 to 2020-09-04 18:50:00 ]
2020-09-05 10:12:03,738 read IEF from av [ 2020-08-07 08:30:00 to 2020-09-04 16:30:00 ]
2020-09-05 10:18:04,395 Time out ^IRX
2020-09-05 10:24:05,471 Time out ^FVX
2020-09-05 10:30:06,268 Time out ^TYX
2020-09-05 10:30:07,574 read SQQQ from av [ 2020-08-07 04:05:00 to 2020-09-04 20:00:00 ]
2020-09-05 10:30:09,407 read TQQQ from av [ 2020-08-07 04:05:00 to 2020-09-04 20:00:00 ]
2020-09-05 10:36:10,222 Time out ^VXX
2020-09-05 10:42:10,898 Time out ^VXZ
2020-09-05 10:42:11,218 read IYE from av [ 2020-08-07 09:30:00 to 2020-09-04 16:00:00 ]
2020-09-05 10:42:11,673 read IYY from av [ 2020-08-07 09:50:00 to 2020-09-04 16:00:00 ]
2020-09-05 10:42:12,099 read IYF from av [ 2020-08-07 09:35:00 to 2020-09-04 16:00:00 ]
2020-09-05 10:42:12,540 read IYR from av [ 2020-08-07 09:35:00 to 2020-09-04 16:45:00 ]
2020-09-05 10:42:12,966 read IYW from av [ 2020-08-07 09:20:00 to 2020-09-04 16:00:00 ]
2020-09-05 10:44:13,653 read IYT from av [ 2020-08-07 09:35:00 to 2020-09-04 16:30:00 ]
2020-09-05 10:44:14,399 read PEJ from av [ 2020-08-07 09:35:00 to 2020-09-04 16:15:00 ]
2020-09-05 10:44:14,963 read USO from av [ 2020-08-07 04:05:00 to 2020-09-04 19:55:00 ]
2020-09-05 10:44:15,432 read DBC from av [ 2020-08-07 09:20:00 to 2020-09-04 16:00:00 ]
2020-09-05 10:44:15,831 read GSG from av [ 2020-08-07 09:30:00 to 2020-09-04 16:00:00 ]
2020-09-05 10:46:16,721 read VTI from av [ 2020-08-07 07:25:00 to 2020-09-04 18:20:00 ]
2020-09-05 10:52:17,505 Time out ^RUT
2020-09-05 10:52:17,890 read FDN from av [ 2020-08-07 08:45:00 to 2020-09-04 16:20:00 ]
2020-09-05 10:52:18,503 read XLV from av [ 2020-08-07 06:20:00 to 2020-09-04 18:10:00 ]
2020-09-05 10:52:18,971 read IBB from av [ 2020-08-07 07:10:00 to 2020-09-04 16:10:00 ]
2020-09-05 10:52:19,551 read KRE from av [ 2020-08-07 09:30:00 to 2020-09-04 18:00:00 ]
2020-09-05 10:52:19,995 read KBE from av [ 2020-08-07 09:30:00 to 2020-09-04 17:20:00 ]
2020-09-05 10:54:20,750 read XLF from av [ 2020-08-07 04:15:00 to 2020-09-04 19:50:00 ]
2020-09-05 10:54:21,249 read XLP from av [ 2020-08-07 08:35:00 to 2020-09-04 17:05:00 ]
2020-09-05 10:54:21,718 read XLY from av [ 2020-08-07 08:05:00 to 2020-09-04 20:00:00 ]
2020-09-05 10:54:22,218 read VNQ from av [ 2020-08-07 09:35:00 to 2020-09-04 16:05:00 ]
2020-09-05 10:54:22,776 read XLB from av [ 2020-08-07 05:20:00 to 2020-09-04 16:10:00 ]
2020-09-05 10:56:23,450 read XLI from av [ 2020-08-07 08:15:00 to 2020-09-04 19:15:00 ]
2020-09-05 10:56:23,905 read KBWB from av [ 2020-08-07 04:45:00 to 2020-09-04 16:30:00 ]
2020-09-05 11:02:26,604 Time out TVIX
2020-09-05 11:08:27,201 Time out ^VVIX
2020-09-05 11:08:27,494 read VIXM from av [ 2020-08-07 09:40:00 to 2020-09-04 16:10:00 ]
2020-09-05 11:08:28,152 read VIXY from av [ 2020-08-07 05:40:00 to 2020-09-04 19:10:00 ]
2020-09-05 11:08:28,819 read VXX from av [ 2020-08-07 04:05:00 to 2020-09-04 20:00:00 ]
2020-09-05 11:08:29,384 read SVXY from av [ 2020-08-07 06:05:00 to 2020-09-04 19:50:00 ]
2020-09-05 11:08:30,067 read UVXY from av [ 2020-08-07 04:05:00 to 2020-09-04 20:00:00 ]
2020-09-05 11:10:30,968 read VIXY from av [ 2020-08-07 05:40:00 to 2020-09-04 19:10:00 ]
