2020-04-11 09:01:22,325 read QQQ from av [ 2020-03-20 09:35:00 to 2020-04-09 16:00:00 ]
2020-04-11 09:01:23,336 read ^VIX from av [ 2020-03-20 09:35:00 to 2020-04-09 16:00:00 ]
2020-04-11 09:01:24,454 read FAS from av [ 2020-03-20 09:35:00 to 2020-04-09 16:00:00 ]
2020-04-11 09:01:25,475 read MIDU from av [ 2020-03-20 09:35:00 to 2020-04-09 16:00:00 ]
2020-04-11 09:01:25,757 read AAPL from av [ 2020-03-20 09:35:00 to 2020-04-09 16:00:00 ]
2020-04-11 09:03:26,208 read GOOG from av [ 2020-03-20 09:35:00 to 2020-04-09 16:00:00 ]
2020-04-11 09:03:26,586 read ^GSPC from av [ 2020-03-20 09:35:00 to 2020-04-09 16:00:00 ]
2020-04-11 09:03:27,654 read ^DJI from av [ 2020-03-20 09:35:00 to 2020-04-09 16:00:00 ]
2020-04-11 09:03:28,749 read ^TNX from av [ 2020-03-24 08:25:00 to 2020-04-09 15:00:00 ]
2020-04-11 09:03:29,082 read MSFT from av [ 2020-03-20 09:35:00 to 2020-04-09 16:00:00 ]
2020-04-11 09:05:30,425 read ^VXGOG from av [ 2020-03-20 09:35:00 to 2020-04-09 16:00:00 ]
2020-04-11 09:05:31,481 read ^VXAPL from av [ 2020-03-20 09:35:00 to 2020-04-09 16:00:00 ]
2020-04-11 09:05:32,430 read ^VXGS from av [ 2020-03-20 09:35:00 to 2020-04-09 16:00:00 ]
2020-04-11 09:05:33,472 read ^VXAZN from av [ 2020-03-20 09:35:00 to 2020-04-09 16:00:00 ]
2020-04-11 09:05:34,553 read ^VXIBM from av [ 2020-03-20 09:35:00 to 2020-04-09 16:00:00 ]
2020-04-11 09:07:35,897 read GS from av [ 2020-03-20 09:35:00 to 2020-04-09 16:00:00 ]
2020-04-11 09:07:36,216 read IBM from av [ 2020-03-20 09:35:00 to 2020-04-09 16:00:00 ]
2020-04-11 09:07:37,362 read FB from av [ 2020-03-20 09:35:00 to 2020-04-09 16:00:00 ]
2020-04-11 09:07:38,351 read ^TYVIX from av [ 2020-03-20 09:35:00 to 2020-04-09 16:00:00 ]
2020-04-11 09:07:39,466 read SPY from av [ 2020-03-20 09:35:00 to 2020-04-09 16:00:00 ]
2020-04-11 09:09:40,679 read GOOGL from av [ 2020-03-20 09:35:00 to 2020-04-09 16:00:00 ]
2020-04-11 09:09:41,816 read JPM from av [ 2020-03-20 09:35:00 to 2020-04-09 16:00:00 ]
2020-04-11 09:09:43,134 read JNJ from av [ 2020-03-20 09:35:00 to 2020-04-09 16:00:00 ]
2020-04-11 09:09:44,197 read BAC from av [ 2020-03-20 09:35:00 to 2020-04-09 16:00:00 ]
2020-04-11 09:09:45,780 read V from av [ 2020-03-20 09:35:00 to 2020-04-09 16:00:00 ]
2020-04-11 09:11:47,046 read WFC from av [ 2020-03-20 09:35:00 to 2020-04-09 16:00:00 ]
2020-04-11 09:11:48,137 read MA from av [ 2020-03-20 09:35:00 to 2020-04-09 16:00:00 ]
2020-04-11 09:11:51,534 read C from av [ 2020-03-20 09:35:00 to 2020-04-09 16:00:00 ]
2020-04-11 09:11:52,612 read PYPL from av [ 2020-03-20 09:35:00 to 2020-04-09 16:00:00 ]
2020-04-11 09:11:53,506 read OIL from av [ 2020-04-09 09:35:00 to 2020-04-09 16:00:00 ]
2020-04-11 09:13:54,961 read DX-Y.NYB from av [ 2020-03-24 01:05:00 to 2020-04-09 23:55:00 ]
2020-04-11 09:13:56,071 read GLD from av [ 2020-03-20 09:35:00 to 2020-04-09 16:00:00 ]
2020-04-11 09:13:57,208 read UUP from av [ 2020-03-20 09:35:00 to 2020-04-09 16:00:00 ]
2020-04-11 09:13:58,272 read SHY from av [ 2020-03-20 09:35:00 to 2020-04-09 16:00:00 ]
2020-04-11 09:13:59,105 read SHV from av [ 2020-04-09 09:35:00 to 2020-04-09 16:00:00 ]
2020-04-11 09:16:00,303 read IEF from av [ 2020-03-20 09:35:00 to 2020-04-09 16:00:00 ]
2020-04-11 09:16:01,266 read ^IRX from av [ 2020-03-20 09:35:00 to 2020-04-09 15:00:00 ]
2020-04-11 09:16:02,254 read ^FVX from av [ 2020-03-24 08:25:00 to 2020-04-09 15:00:00 ]
2020-04-11 09:16:03,077 read ^TYX from av [ 2020-04-09 08:25:00 to 2020-04-09 15:00:00 ]
2020-04-11 09:16:04,195 read SQQQ from av [ 2020-03-20 09:35:00 to 2020-04-09 16:00:00 ]
2020-04-11 09:16:05,317 read TQQQ from av [ 2020-03-20 09:35:00 to 2020-04-09 16:00:00 ]
2020-04-11 09:16:06,396 read ^VXX from av [ 2020-03-20 09:35:00 to 2020-04-09 16:00:00 ]
2020-04-11 09:18:07,551 read ^VXZ from av [ 2020-03-20 09:35:00 to 2020-04-09 16:00:00 ]
2020-04-11 09:18:08,570 read IYE from av [ 2020-03-20 09:35:00 to 2020-04-09 16:00:00 ]
2020-04-11 09:18:09,499 read IYY from av [ 2020-03-20 09:35:00 to 2020-04-09 16:00:00 ]
2020-04-11 09:18:10,535 read IYF from av [ 2020-03-20 09:35:00 to 2020-04-09 16:00:00 ]
2020-04-11 09:18:11,609 read IYR from av [ 2020-03-20 09:35:00 to 2020-04-09 16:00:00 ]
2020-04-11 09:20:12,912 read IYW from av [ 2020-03-20 09:35:00 to 2020-04-09 16:00:00 ]
2020-04-11 09:20:14,080 read IYT from av [ 2020-03-20 09:35:00 to 2020-04-09 16:00:00 ]
2020-04-11 09:20:15,088 read PEJ from av [ 2020-03-20 09:35:00 to 2020-04-09 16:00:00 ]
2020-04-11 09:20:16,179 read USO from av [ 2020-03-20 09:35:00 to 2020-04-09 16:00:00 ]
2020-04-11 09:20:17,221 read DBC from av [ 2020-03-20 09:35:00 to 2020-04-09 16:00:00 ]
2020-04-11 09:22:18,395 read GSG from av [ 2020-03-20 09:35:00 to 2020-04-09 16:00:00 ]
2020-04-11 09:22:19,517 read VTI from av [ 2020-03-20 09:35:00 to 2020-04-09 16:00:00 ]
2020-04-11 09:22:20,561 read ^RUT from av [ 2020-03-20 09:35:00 to 2020-04-09 16:00:00 ]
2020-04-11 09:22:21,678 read FDN from av [ 2020-03-20 09:35:00 to 2020-04-09 16:00:00 ]
2020-04-11 09:22:22,727 read XLV from av [ 2020-03-20 09:35:00 to 2020-04-09 16:00:00 ]
2020-04-11 09:24:23,866 read IBB from av [ 2020-03-20 09:35:00 to 2020-04-09 16:00:00 ]
2020-04-11 09:24:24,914 read KRE from av [ 2020-03-20 09:35:00 to 2020-04-09 16:00:00 ]
2020-04-11 09:24:26,004 read KBE from av [ 2020-03-20 09:35:00 to 2020-04-09 16:00:00 ]
2020-04-11 09:24:27,207 read XLF from av [ 2020-03-20 09:35:00 to 2020-04-09 16:00:00 ]
2020-04-11 09:24:28,276 read XLP from av [ 2020-03-20 09:35:00 to 2020-04-09 16:00:00 ]
2020-04-11 09:26:29,576 read XLY from av [ 2020-03-20 09:35:00 to 2020-04-09 16:00:00 ]
2020-04-11 09:26:30,743 read VNQ from av [ 2020-03-20 09:35:00 to 2020-04-09 16:00:00 ]
2020-04-11 09:26:31,835 read XLB from av [ 2020-03-20 09:35:00 to 2020-04-09 16:00:00 ]
2020-04-11 09:26:32,992 read XLI from av [ 2020-03-20 09:35:00 to 2020-04-09 16:00:00 ]
2020-04-11 09:26:34,137 read KBWB from av [ 2020-03-20 09:35:00 to 2020-04-09 16:00:00 ]
2020-04-11 09:28:35,357 read TVIX from av [ 2020-03-20 09:35:00 to 2020-04-09 16:00:00 ]
2020-04-11 09:28:36,339 read ^VVIX from av [ 2020-03-20 09:35:00 to 2020-04-09 16:00:00 ]
2020-04-11 09:28:38,038 read VIXM from av [ 2020-03-20 09:35:00 to 2020-04-09 16:00:00 ]
2020-04-11 09:28:39,550 read VIXY from av [ 2020-03-20 09:35:00 to 2020-04-09 16:00:00 ]
2020-04-11 09:28:40,846 read VXX from av [ 2020-03-20 09:35:00 to 2020-04-09 16:00:00 ]
2020-04-11 09:30:42,141 read SVXY from av [ 2020-03-20 09:35:00 to 2020-04-09 16:00:00 ]
2020-04-11 09:30:43,503 read UVXY from av [ 2020-03-20 09:35:00 to 2020-04-09 16:00:00 ]
2020-04-11 09:30:44,557 read VIXY from av [ 2020-03-20 09:35:00 to 2020-04-09 16:00:00 ]
