2020-12-26 10:01:58,207 read QQQ from av [ 2020-11-27 04:05:00 to 2020-12-24 17:00:00 ]
2020-12-26 10:07:59,320 Time out ^VIX
2020-12-26 10:07:59,800 read FAS from av [ 2020-11-30 07:05:00 to 2020-12-24 15:35:00 ]
2020-12-26 10:08:00,738 read MIDU from av [ 2020-11-30 07:30:00 to 2020-12-24 15:35:00 ]
2020-12-26 10:08:01,646 read AAPL from av [ 2020-11-27 04:05:00 to 2020-12-24 17:00:00 ]
2020-12-26 10:08:02,453 read GOOG from av [ 2020-11-27 07:20:00 to 2020-12-24 13:05:00 ]
2020-12-26 10:14:03,411 Time out ^GSPC
2020-12-26 10:20:03,953 Time out ^DJI
2020-12-26 10:26:04,705 Time out ^TNX
2020-12-26 10:26:05,258 read MSFT from av [ 2020-11-27 04:05:00 to 2020-12-24 16:55:00 ]
2020-12-26 10:32:06,298 Time out ^VXGOG
2020-12-26 10:38:06,938 Time out ^VXAPL
2020-12-26 10:44:07,532 Time out ^VXGS
2020-12-26 10:50:08,161 Time out ^VXAZN
2020-12-26 10:56:08,820 Time out ^VXIBM
2020-12-26 10:56:09,300 read GS from av [ 2020-11-30 04:05:00 to 2020-12-24 15:35:00 ]
2020-12-26 10:56:10,058 read IBM from av [ 2020-11-27 04:45:00 to 2020-12-24 16:35:00 ]
2020-12-26 10:56:10,909 read FB from av [ 2020-11-27 04:05:00 to 2020-12-24 17:00:00 ]
2020-12-26 11:02:11,833 Time out ^TYVIX
2020-12-26 11:02:12,495 read SPY from av [ 2020-11-27 04:05:00 to 2020-12-24 17:00:00 ]
2020-12-26 11:02:13,262 read GOOGL from av [ 2020-11-27 07:10:00 to 2020-12-24 13:05:00 ]
2020-12-26 11:02:13,992 read JPM from av [ 2020-11-30 04:05:00 to 2020-12-24 16:05:00 ]
2020-12-26 11:02:14,729 read JNJ from av [ 2020-11-30 06:30:00 to 2020-12-24 15:35:00 ]
2020-12-26 11:02:15,552 read BAC from av [ 2020-11-30 04:05:00 to 2020-12-24 16:40:00 ]
2020-12-26 11:04:16,492 read V from av [ 2020-11-30 06:25:00 to 2020-12-24 15:35:00 ]
2020-12-26 11:04:17,289 read WFC from av [ 2020-11-30 04:05:00 to 2020-12-24 17:00:00 ]
2020-12-26 11:04:17,996 read MA from av [ 2020-11-30 06:35:00 to 2020-12-24 15:35:00 ]
2020-12-26 11:04:18,722 read C from av [ 2020-11-30 04:05:00 to 2020-12-24 16:35:00 ]
2020-12-26 11:04:19,472 read PYPL from av [ 2020-11-30 05:05:00 to 2020-12-24 17:00:00 ]
2020-12-26 11:06:20,175 read OIL from av [ 2020-11-30 09:35:00 to 2020-12-24 15:35:00 ]
2020-12-26 11:12:21,079 Time out DX-Y.NYB
2020-12-26 11:12:21,658 read GLD from av [ 2020-11-30 04:05:00 to 2020-12-24 16:15:00 ]
2020-12-26 11:12:22,349 read UUP from av [ 2020-11-30 04:05:00 to 2020-12-24 15:35:00 ]
2020-12-26 11:12:24,411 read SHY from av [ 2020-11-30 08:45:00 to 2020-12-24 13:05:00 ]
2020-12-26 11:12:26,388 read SHV from av [ 2020-11-30 09:35:00 to 2020-12-24 17:00:00 ]
2020-12-26 11:14:27,811 read IEF from av [ 2020-11-30 08:10:00 to 2020-12-24 13:05:00 ]
2020-12-26 11:20:28,692 Time out ^IRX
2020-12-26 11:26:29,801 Time out ^FVX
2020-12-26 11:32:30,505 Time out ^TYX
2020-12-26 11:32:35,249 read SQQQ from av [ 2020-11-30 04:05:00 to 2020-12-24 17:00:00 ]
2020-12-26 11:32:36,245 read TQQQ from av [ 2020-11-30 04:05:00 to 2020-12-24 17:00:00 ]
2020-12-26 11:38:37,431 Time out ^VXX
2020-12-26 11:44:38,068 Time out ^VXZ
2020-12-26 11:44:41,440 read IYE from av [ 2020-11-30 09:35:00 to 2020-12-24 15:35:00 ]
2020-12-26 11:44:43,631 read IYY from av [ 2020-11-30 09:35:00 to 2020-12-24 15:35:00 ]
2020-12-26 11:44:44,960 read IYF from av [ 2020-11-30 09:35:00 to 2020-12-24 15:35:00 ]
2020-12-26 11:44:45,626 read IYR from av [ 2020-11-30 04:05:00 to 2020-12-24 15:35:00 ]
2020-12-26 11:44:46,233 read IYW from av [ 2020-11-30 09:35:00 to 2020-12-24 15:35:00 ]
2020-12-26 11:46:47,373 read IYT from av [ 2020-11-30 09:35:00 to 2020-12-24 15:35:00 ]
2020-12-26 11:46:50,232 read PEJ from av [ 2020-11-30 07:55:00 to 2020-12-24 15:35:00 ]
2020-12-26 11:46:50,873 read USO from av [ 2020-11-30 04:05:00 to 2020-12-24 16:50:00 ]
2020-12-26 11:46:51,562 read DBC from av [ 2020-11-30 08:55:00 to 2020-12-24 15:35:00 ]
2020-12-26 11:46:52,092 read GSG from av [ 2020-11-30 08:30:00 to 2020-12-24 15:35:00 ]
2020-12-26 11:48:52,839 read VTI from av [ 2020-11-30 08:05:00 to 2020-12-24 15:35:00 ]
2020-12-26 11:54:53,851 Time out ^RUT
2020-12-26 11:54:55,395 read FDN from av [ 2020-11-30 08:05:00 to 2020-12-24 15:35:00 ]
2020-12-26 11:54:56,017 read XLV from av [ 2020-11-30 06:50:00 to 2020-12-24 15:35:00 ]
2020-12-26 11:54:56,613 read IBB from av [ 2020-11-30 07:25:00 to 2020-12-24 13:05:00 ]
2020-12-26 11:54:57,218 read KRE from av [ 2020-11-30 08:50:00 to 2020-12-24 15:35:00 ]
2020-12-26 11:55:00,564 read KBE from av [ 2020-11-30 09:35:00 to 2020-12-24 15:35:00 ]
2020-12-26 11:55:01,300 read XLF from av [ 2020-11-30 04:25:00 to 2020-12-24 16:40:00 ]
2020-12-26 11:55:02,024 read XLP from av [ 2020-11-30 05:10:00 to 2020-12-24 16:05:00 ]
2020-12-26 11:55:02,619 read XLY from av [ 2020-11-30 08:10:00 to 2020-12-24 15:35:00 ]
2020-12-26 11:55:03,191 read VNQ from av [ 2020-11-30 04:05:00 to 2020-12-24 15:35:00 ]
2020-12-26 11:55:03,777 read XLB from av [ 2020-11-30 08:45:00 to 2020-12-24 15:35:00 ]
2020-12-26 11:55:04,371 read XLI from av [ 2020-11-30 06:10:00 to 2020-12-24 15:35:00 ]
2020-12-26 11:57:05,180 read KBWB from av [ 2020-11-30 09:35:00 to 2020-12-24 13:05:00 ]
2020-12-26 12:03:06,206 Time out TVIX
2020-12-26 12:09:06,856 Time out ^VVIX
2020-12-26 12:09:07,976 read VIXM from av [ 2020-11-30 09:05:00 to 2020-12-24 15:35:00 ]
2020-12-26 12:09:10,580 read VIXY from av [ 2020-11-30 04:05:00 to 2020-12-24 15:35:00 ]
2020-12-26 12:09:11,378 read VXX from av [ 2020-11-30 04:05:00 to 2020-12-24 17:00:00 ]
2020-12-26 12:09:12,134 read SVXY from av [ 2020-11-30 04:05:00 to 2020-12-24 16:55:00 ]
2020-12-26 12:09:13,000 read UVXY from av [ 2020-11-30 04:05:00 to 2020-12-24 17:00:00 ]
2020-12-26 12:11:14,016 read VIXY from av [ 2020-11-30 04:05:00 to 2020-12-24 15:35:00 ]
