2020-05-09 09:02:08,617 read QQQ from av [ 2020-04-20 09:35:00 to 2020-05-08 16:00:00 ]
2020-05-09 09:02:09,800 read ^VIX from av [ 2020-04-20 09:35:00 to 2020-05-08 16:00:00 ]
2020-05-09 09:02:10,880 read FAS from av [ 2020-04-20 09:35:00 to 2020-05-08 16:00:00 ]
2020-05-09 09:02:11,935 read MIDU from av [ 2020-04-20 09:35:00 to 2020-05-08 16:00:00 ]
2020-05-09 09:02:12,262 read AAPL from av [ 2020-04-20 09:35:00 to 2020-05-08 16:00:00 ]
2020-05-09 09:04:13,537 read GOOG from av [ 2020-04-20 09:35:00 to 2020-05-08 16:00:00 ]
2020-05-09 09:10:14,168 Time out ^GSPC
2020-05-09 09:16:14,643 Time out ^DJI
2020-05-09 09:16:16,836 read ^TNX from av [ 2020-04-22 08:25:00 to 2020-05-08 15:00:00 ]
2020-05-09 09:16:17,238 read MSFT from av [ 2020-04-20 09:35:00 to 2020-05-08 16:00:00 ]
2020-05-09 09:16:18,209 read ^VXGOG from av [ 2020-04-20 09:35:00 to 2020-05-08 16:00:00 ]
2020-05-09 09:16:19,097 read ^VXAPL from av [ 2020-04-20 09:35:00 to 2020-05-08 16:00:00 ]
2020-05-09 09:16:20,010 read ^VXGS from av [ 2020-04-20 09:35:00 to 2020-05-08 16:00:00 ]
2020-05-09 09:18:22,180 read ^VXAZN from av [ 2020-04-20 09:35:00 to 2020-05-08 16:00:00 ]
2020-05-09 09:18:23,124 read ^VXIBM from av [ 2020-04-20 09:35:00 to 2020-05-08 16:00:00 ]
2020-05-09 09:18:24,171 read GS from av [ 2020-04-20 09:35:00 to 2020-05-08 16:00:00 ]
2020-05-09 09:18:24,527 read IBM from av [ 2020-04-20 09:35:00 to 2020-05-08 16:00:00 ]
2020-05-09 09:18:25,500 read FB from av [ 2020-04-20 09:35:00 to 2020-05-08 16:00:00 ]
2020-05-09 09:20:27,084 read ^TYVIX from av [ 2020-04-20 09:35:00 to 2020-05-08 16:00:00 ]
2020-05-09 09:20:27,425 read SPY from av [ 2020-04-20 09:35:00 to 2020-05-08 16:00:00 ]
2020-05-09 09:20:27,784 read GOOGL from av [ 2020-04-20 09:35:00 to 2020-05-08 16:00:00 ]
2020-05-09 09:20:28,742 read JPM from av [ 2020-04-20 09:35:00 to 2020-05-08 16:00:00 ]
2020-05-09 09:20:29,728 read JNJ from av [ 2020-04-20 09:35:00 to 2020-05-08 16:00:00 ]
2020-05-09 09:22:30,998 read BAC from av [ 2020-04-20 09:35:00 to 2020-05-08 16:00:00 ]
2020-05-09 09:22:32,005 read V from av [ 2020-04-20 09:35:00 to 2020-05-08 16:00:00 ]
2020-05-09 09:22:33,045 read WFC from av [ 2020-04-20 09:35:00 to 2020-05-08 16:00:00 ]
2020-05-09 09:22:34,128 read MA from av [ 2020-04-20 09:35:00 to 2020-05-08 16:00:00 ]
2020-05-09 09:22:36,867 read C from av [ 2020-04-20 09:35:00 to 2020-05-08 16:00:00 ]
2020-05-09 09:24:38,813 read PYPL from av [ 2020-04-20 09:35:00 to 2020-05-08 16:00:00 ]
2020-05-09 09:24:39,681 read OIL from av [ 2020-04-20 09:35:00 to 2020-04-24 16:00:00 ]
2020-05-09 09:24:40,997 read DX-Y.NYB from av [ 2020-04-22 00:00:00 to 2020-05-08 18:00:00 ]
2020-05-09 09:24:42,092 read GLD from av [ 2020-04-20 09:35:00 to 2020-05-08 16:00:00 ]
2020-05-09 09:24:43,086 read UUP from av [ 2020-04-20 09:35:00 to 2020-05-08 16:00:00 ]
2020-05-09 09:26:44,278 read SHY from av [ 2020-04-20 09:35:00 to 2020-05-08 16:00:00 ]
2020-05-09 09:26:45,560 read SHV from av [ 2020-04-20 09:35:00 to 2020-05-08 16:00:00 ]
2020-05-09 09:26:46,590 read IEF from av [ 2020-04-20 09:35:00 to 2020-05-08 16:00:00 ]
2020-05-09 09:26:47,588 read ^IRX from av [ 2020-04-22 08:25:00 to 2020-05-08 15:00:00 ]
2020-05-09 09:26:48,540 read ^FVX from av [ 2020-04-22 08:25:00 to 2020-05-08 15:00:00 ]
2020-05-09 09:28:49,703 read ^TYX from av [ 2020-04-22 08:25:00 to 2020-05-08 15:00:00 ]
2020-05-09 09:28:50,776 read SQQQ from av [ 2020-04-20 09:35:00 to 2020-05-08 16:00:00 ]
2020-05-09 09:28:51,835 read TQQQ from av [ 2020-04-20 09:35:00 to 2020-05-08 16:00:00 ]
2020-05-09 09:28:52,813 read ^VXX from av [ 2020-04-20 09:35:00 to 2020-05-08 16:00:00 ]
2020-05-09 09:28:53,812 read ^VXZ from av [ 2020-04-20 09:35:00 to 2020-05-08 16:00:00 ]
2020-05-09 09:30:55,535 read IYE from av [ 2020-04-20 09:35:00 to 2020-05-08 16:00:00 ]
2020-05-09 09:30:56,616 read IYY from av [ 2020-04-20 09:35:00 to 2020-05-08 16:00:00 ]
2020-05-09 09:30:57,648 read IYF from av [ 2020-04-20 09:35:00 to 2020-05-08 16:00:00 ]
2020-05-09 09:30:58,677 read IYR from av [ 2020-04-20 09:35:00 to 2020-05-08 16:00:00 ]
2020-05-09 09:30:59,615 read IYW from av [ 2020-04-20 09:35:00 to 2020-05-08 16:00:00 ]
2020-05-09 09:33:00,928 read IYT from av [ 2020-04-20 09:35:00 to 2020-05-08 16:00:00 ]
2020-05-09 09:33:01,883 read PEJ from av [ 2020-04-20 09:35:00 to 2020-05-08 16:00:00 ]
2020-05-09 09:33:02,996 read USO from av [ 2020-04-20 09:35:00 to 2020-05-08 16:00:00 ]
2020-05-09 09:33:03,961 read DBC from av [ 2020-04-20 09:35:00 to 2020-05-08 16:00:00 ]
2020-05-09 09:33:05,250 read GSG from av [ 2020-04-20 09:35:00 to 2020-05-08 16:00:00 ]
2020-05-09 09:33:06,361 read VTI from av [ 2020-04-20 09:35:00 to 2020-05-08 16:00:00 ]
2020-05-09 09:35:07,415 read ^RUT from av [ 2020-04-20 09:35:00 to 2020-05-08 16:00:00 ]
2020-05-09 09:35:08,488 read FDN from av [ 2020-04-20 09:35:00 to 2020-05-08 16:00:00 ]
2020-05-09 09:35:09,619 read XLV from av [ 2020-04-20 09:35:00 to 2020-05-08 16:00:00 ]
2020-05-09 09:35:10,655 read IBB from av [ 2020-04-20 09:35:00 to 2020-05-08 16:00:00 ]
2020-05-09 09:35:11,653 read KRE from av [ 2020-04-20 09:35:00 to 2020-05-08 16:00:00 ]
2020-05-09 09:37:13,295 read KBE from av [ 2020-04-20 09:35:00 to 2020-05-08 16:00:00 ]
2020-05-09 09:37:14,345 read XLF from av [ 2020-04-20 09:35:00 to 2020-05-08 16:00:00 ]
2020-05-09 09:37:15,413 read XLP from av [ 2020-04-20 09:35:00 to 2020-05-08 16:00:00 ]
2020-05-09 09:37:16,468 read XLY from av [ 2020-04-20 09:35:00 to 2020-05-08 16:00:00 ]
2020-05-09 09:37:17,497 read VNQ from av [ 2020-04-20 09:35:00 to 2020-05-08 16:00:00 ]
2020-05-09 09:39:18,690 read XLB from av [ 2020-04-20 09:35:00 to 2020-05-08 16:00:00 ]
2020-05-09 09:39:19,694 read XLI from av [ 2020-04-20 09:35:00 to 2020-05-08 16:00:00 ]
2020-05-09 09:39:20,688 read KBWB from av [ 2020-04-20 09:35:00 to 2020-05-08 16:00:00 ]
2020-05-09 09:39:21,736 read TVIX from av [ 2020-04-20 09:35:00 to 2020-05-08 16:00:00 ]
2020-05-09 09:39:22,743 read ^VVIX from av [ 2020-04-20 09:35:00 to 2020-05-08 16:00:00 ]
2020-05-09 09:41:25,136 read VIXM from av [ 2020-04-20 09:35:00 to 2020-05-08 16:00:00 ]
2020-05-09 09:41:26,157 read VIXY from av [ 2020-04-20 09:35:00 to 2020-05-08 16:00:00 ]
2020-05-09 09:41:27,209 read VXX from av [ 2020-04-20 09:35:00 to 2020-05-08 16:00:00 ]
2020-05-09 09:41:28,246 read SVXY from av [ 2020-04-20 09:35:00 to 2020-05-08 16:00:00 ]
2020-05-09 09:41:29,308 read UVXY from av [ 2020-04-20 09:35:00 to 2020-05-08 16:00:00 ]
2020-05-09 09:43:30,539 read VIXY from av [ 2020-04-20 09:35:00 to 2020-05-08 16:00:00 ]
