2020-03-28 09:01:23,869 read QQQ from av [ 2020-03-09 09:35:00 to 2020-03-27 16:00:00 ]
2020-03-28 09:01:25,064 read ^VIX from av [ 2020-03-09 09:35:00 to 2020-03-27 16:00:00 ]
2020-03-28 09:01:26,018 read FAS from av [ 2020-03-27 09:35:00 to 2020-03-27 16:00:00 ]
2020-03-28 09:01:27,165 read MIDU from av [ 2020-03-09 09:35:00 to 2020-03-27 16:00:00 ]
2020-03-28 09:01:27,475 read AAPL from av [ 2020-03-09 09:35:00 to 2020-03-27 16:00:00 ]
2020-03-28 09:03:27,972 read GOOG from av [ 2020-03-09 09:35:00 to 2020-03-27 16:00:00 ]
2020-03-28 09:03:30,088 read ^GSPC from av [ 2020-03-09 09:35:00 to 2020-03-27 16:00:00 ]
2020-03-28 09:03:31,144 read ^DJI from av [ 2020-03-09 09:35:00 to 2020-03-27 16:00:00 ]
2020-03-28 09:03:32,273 read ^TNX from av [ 2020-03-11 08:25:00 to 2020-03-27 15:00:00 ]
2020-03-28 09:03:32,559 read MSFT from av [ 2020-03-09 09:35:00 to 2020-03-27 16:00:00 ]
2020-03-28 09:05:34,054 read ^VXGOG from av [ 2020-03-09 09:35:00 to 2020-03-27 16:00:00 ]
2020-03-28 09:05:35,173 read ^VXAPL from av [ 2020-03-09 09:35:00 to 2020-03-27 16:00:00 ]
2020-03-28 09:05:36,340 read ^VXGS from av [ 2020-03-09 09:35:00 to 2020-03-27 16:00:00 ]
2020-03-28 09:05:37,486 read ^VXAZN from av [ 2020-03-09 09:35:00 to 2020-03-27 16:00:00 ]
2020-03-28 09:05:38,475 read ^VXIBM from av [ 2020-03-09 09:35:00 to 2020-03-27 16:00:00 ]
2020-03-28 09:07:39,837 read GS from av [ 2020-03-09 09:35:00 to 2020-03-27 16:00:00 ]
2020-03-28 09:07:41,209 read IBM from av [ 2020-03-09 09:35:00 to 2020-03-27 16:00:00 ]
2020-03-28 09:07:42,341 read FB from av [ 2020-03-09 09:35:00 to 2020-03-27 16:00:00 ]
2020-03-28 09:07:43,408 read ^TYVIX from av [ 2020-03-09 09:35:00 to 2020-03-27 16:00:00 ]
2020-03-28 09:07:44,572 read SPY from av [ 2020-03-09 09:35:00 to 2020-03-27 16:00:00 ]
2020-03-28 09:09:45,938 read GOOGL from av [ 2020-03-09 09:35:00 to 2020-03-27 16:00:00 ]
2020-03-28 09:09:47,231 read JPM from av [ 2020-03-09 09:35:00 to 2020-03-27 16:00:00 ]
2020-03-28 09:09:48,404 read JNJ from av [ 2020-03-09 09:35:00 to 2020-03-27 16:00:00 ]
2020-03-28 09:09:49,543 read BAC from av [ 2020-03-09 09:35:00 to 2020-03-27 16:00:00 ]
2020-03-28 09:09:50,879 read V from av [ 2020-03-09 09:35:00 to 2020-03-27 16:00:00 ]
2020-03-28 09:11:51,382 read WFC from av [ 2020-03-09 09:35:00 to 2020-03-27 16:00:00 ]
2020-03-28 09:11:52,597 read MA from av [ 2020-03-09 09:35:00 to 2020-03-27 16:00:00 ]
2020-03-28 09:11:53,776 read C from av [ 2020-03-09 09:35:00 to 2020-03-27 16:00:00 ]
2020-03-28 09:11:55,112 read PYPL from av [ 2020-03-09 09:35:00 to 2020-03-27 16:00:00 ]
2020-03-28 09:11:56,039 read OIL from av [ 2020-03-27 09:35:00 to 2020-03-27 16:00:00 ]
2020-03-28 09:13:57,733 read DX-Y.NYB from av [ 2020-03-11 00:00:00 to 2020-03-27 18:00:00 ]
2020-03-28 09:13:58,912 read GLD from av [ 2020-03-09 09:35:00 to 2020-03-27 16:00:00 ]
2020-03-28 09:14:00,194 read UUP from av [ 2020-03-09 09:35:00 to 2020-03-27 16:00:00 ]
2020-03-28 09:14:01,320 read SHY from av [ 2020-03-09 09:35:00 to 2020-03-27 16:00:00 ]
2020-03-28 09:14:02,239 read SHV from av [ 2020-03-27 09:35:00 to 2020-03-27 16:00:00 ]
2020-03-28 09:14:03,530 read IEF from av [ 2020-03-09 09:35:00 to 2020-03-27 16:00:00 ]
2020-03-28 09:14:04,676 read ^IRX from av [ 2020-03-11 08:25:00 to 2020-03-27 15:00:00 ]
2020-03-28 09:14:05,756 read ^FVX from av [ 2020-03-11 08:25:00 to 2020-03-27 15:00:00 ]
2020-03-28 09:14:06,904 read ^TYX from av [ 2020-03-11 08:25:00 to 2020-03-27 15:00:00 ]
2020-03-28 09:16:08,300 read SQQQ from av [ 2020-03-09 09:35:00 to 2020-03-27 16:00:00 ]
2020-03-28 09:16:09,618 read TQQQ from av [ 2020-03-09 09:35:00 to 2020-03-27 16:00:00 ]
2020-03-28 09:16:10,862 read ^VXX from av [ 2020-03-09 09:35:00 to 2020-03-27 16:00:00 ]
2020-03-28 09:16:11,904 read ^VXZ from av [ 2020-03-09 09:35:00 to 2020-03-27 16:00:00 ]
2020-03-28 09:16:13,160 read IYE from av [ 2020-03-09 09:35:00 to 2020-03-27 16:00:00 ]
2020-03-28 09:18:14,553 read IYY from av [ 2020-03-09 09:35:00 to 2020-03-27 16:00:00 ]
2020-03-28 09:18:15,758 read IYF from av [ 2020-03-09 09:35:00 to 2020-03-27 16:00:00 ]
2020-03-28 09:18:16,939 read IYR from av [ 2020-03-09 09:35:00 to 2020-03-27 16:00:00 ]
2020-03-28 09:18:18,107 read IYW from av [ 2020-03-09 09:35:00 to 2020-03-27 16:00:00 ]
2020-03-28 09:18:19,313 read IYT from av [ 2020-03-09 09:35:00 to 2020-03-27 16:00:00 ]
2020-03-28 09:20:20,532 read PEJ from av [ 2020-03-09 09:35:00 to 2020-03-27 16:00:00 ]
2020-03-28 09:20:21,797 read USO from av [ 2020-03-09 09:35:00 to 2020-03-27 16:00:00 ]
2020-03-28 09:20:22,917 read DBC from av [ 2020-03-09 09:35:00 to 2020-03-27 16:00:00 ]
2020-03-28 09:20:24,203 read GSG from av [ 2020-03-09 09:35:00 to 2020-03-27 16:00:00 ]
2020-03-28 09:20:25,383 read VTI from av [ 2020-03-09 09:35:00 to 2020-03-27 16:00:00 ]
2020-03-28 09:22:25,824 read ^RUT from av [ 2020-03-09 09:35:00 to 2020-03-27 16:00:00 ]
2020-03-28 09:22:27,117 read FDN from av [ 2020-03-09 09:35:00 to 2020-03-27 16:00:00 ]
2020-03-28 09:22:28,354 read XLV from av [ 2020-03-09 09:35:00 to 2020-03-27 16:00:00 ]
2020-03-28 09:22:29,572 read IBB from av [ 2020-03-09 09:35:00 to 2020-03-27 16:00:00 ]
2020-03-28 09:22:30,920 read KRE from av [ 2020-03-09 09:35:00 to 2020-03-27 16:00:00 ]
2020-03-28 09:24:32,278 read KBE from av [ 2020-03-09 09:35:00 to 2020-03-27 16:00:00 ]
2020-03-28 09:24:33,566 read XLF from av [ 2020-03-09 09:35:00 to 2020-03-27 16:00:00 ]
2020-03-28 09:24:34,664 read XLP from av [ 2020-03-09 09:35:00 to 2020-03-27 16:00:00 ]
2020-03-28 09:24:35,787 read XLY from av [ 2020-03-09 09:35:00 to 2020-03-27 16:00:00 ]
2020-03-28 09:24:36,752 read VNQ from av [ 2020-03-27 09:35:00 to 2020-03-27 16:00:00 ]
2020-03-28 09:26:38,251 read XLB from av [ 2020-03-09 09:35:00 to 2020-03-27 16:00:00 ]
2020-03-28 09:26:39,409 read XLI from av [ 2020-03-09 09:35:00 to 2020-03-27 16:00:00 ]
2020-03-28 09:26:40,610 read KBWB from av [ 2020-03-09 09:35:00 to 2020-03-27 16:00:00 ]
2020-03-28 09:26:41,887 read TVIX from av [ 2020-03-09 09:35:00 to 2020-03-27 16:00:00 ]
2020-03-28 09:26:42,977 read ^VVIX from av [ 2020-03-09 09:35:00 to 2020-03-27 16:00:00 ]
2020-03-28 09:28:44,334 read VIXM from av [ 2020-03-09 09:35:00 to 2020-03-27 16:00:00 ]
2020-03-28 09:28:45,593 read VIXY from av [ 2020-03-09 09:35:00 to 2020-03-27 16:00:00 ]
2020-03-28 09:28:47,506 read VXX from av [ 2020-03-09 09:35:00 to 2020-03-27 16:00:00 ]
2020-03-28 09:28:50,038 read SVXY from av [ 2020-03-09 09:35:00 to 2020-03-27 16:00:00 ]
2020-03-28 09:28:51,279 read UVXY from av [ 2020-03-09 09:35:00 to 2020-03-27 16:00:00 ]
2020-03-28 09:30:52,679 read VIXY from av [ 2020-03-09 09:35:00 to 2020-03-27 16:00:00 ]
