2020-07-04 09:01:24,280 read QQQ from av [ 2020-06-12 09:35:00 to 2020-07-02 16:00:00 ]
2020-07-04 09:01:25,357 read ^VIX from av [ 2020-06-12 09:35:00 to 2020-07-02 16:00:00 ]
2020-07-04 09:01:27,739 read FAS from av [ 2020-06-12 09:35:00 to 2020-07-02 16:00:00 ]
2020-07-04 09:01:30,618 read MIDU from av [ 2020-06-12 09:35:00 to 2020-07-02 16:00:00 ]
2020-07-04 09:01:30,928 read AAPL from av [ 2020-06-12 09:35:00 to 2020-07-02 16:00:00 ]
2020-07-04 09:03:31,433 read GOOG from av [ 2020-06-12 09:35:00 to 2020-07-02 16:00:00 ]
2020-07-04 09:09:32,077 Time out ^GSPC
2020-07-04 09:15:32,632 Time out ^DJI
2020-07-04 09:15:33,683 read ^TNX from av [ 2020-06-16 08:25:00 to 2020-07-02 15:00:00 ]
2020-07-04 09:15:34,046 read MSFT from av [ 2020-06-12 09:35:00 to 2020-07-02 16:00:00 ]
2020-07-04 09:21:35,051 Time out ^VXGOG
2020-07-04 09:21:35,941 read ^VXAPL from av [ 2020-06-12 09:35:00 to 2020-07-02 16:00:00 ]
2020-07-04 09:21:38,123 read ^VXGS from av [ 2020-06-12 09:35:00 to 2020-07-02 16:00:00 ]
2020-07-04 09:21:39,182 read ^VXAZN from av [ 2020-06-12 09:35:00 to 2020-07-02 16:00:00 ]
2020-07-04 09:27:40,455 Time out ^VXIBM
2020-07-04 09:27:42,315 read GS from av [ 2020-06-12 09:35:00 to 2020-07-02 16:00:00 ]
2020-07-04 09:27:42,688 read IBM from av [ 2020-06-12 09:35:00 to 2020-07-02 16:00:00 ]
2020-07-04 09:27:43,008 read FB from av [ 2020-06-12 09:35:00 to 2020-07-02 16:00:00 ]
2020-07-04 09:33:44,223 Time out ^TYVIX
2020-07-04 09:33:46,523 read SPY from av [ 2020-06-12 09:35:00 to 2020-07-02 16:00:00 ]
2020-07-04 09:33:47,030 read GOOGL from av [ 2020-06-18 09:35:00 to 2020-07-02 16:00:00 ]
2020-07-04 09:33:48,988 read JPM from av [ 2020-06-12 09:35:00 to 2020-07-02 16:00:00 ]
2020-07-04 09:33:51,199 read JNJ from av [ 2020-06-12 09:35:00 to 2020-07-02 16:00:00 ]
2020-07-04 09:35:53,406 read BAC from av [ 2020-06-12 09:35:00 to 2020-07-02 16:00:00 ]
2020-07-04 09:35:55,538 read V from av [ 2020-06-12 09:35:00 to 2020-07-02 16:00:00 ]
2020-07-04 09:35:57,481 read WFC from av [ 2020-07-02 09:35:00 to 2020-07-02 16:00:00 ]
2020-07-04 09:35:59,422 read MA from av [ 2020-06-12 09:35:00 to 2020-07-02 16:00:00 ]
2020-07-04 09:36:01,408 read C from av [ 2020-06-12 09:35:00 to 2020-07-02 16:00:00 ]
2020-07-04 09:36:03,469 read PYPL from av [ 2020-06-12 09:35:00 to 2020-07-02 16:00:00 ]
2020-07-04 09:42:04,907 Time out OIL
2020-07-04 09:42:06,382 read DX-Y.NYB from av [ 2020-06-16 00:00:00 to 2020-07-02 23:55:00 ]
2020-07-04 09:42:08,825 read GLD from av [ 2020-06-12 09:35:00 to 2020-07-02 16:00:00 ]
2020-07-04 09:42:10,536 read UUP from av [ 2020-07-02 09:35:00 to 2020-07-02 16:00:00 ]
2020-07-04 09:42:12,620 read SHY from av [ 2020-06-12 09:35:00 to 2020-07-02 16:00:00 ]
2020-07-04 09:44:14,613 read SHV from av [ 2020-06-12 09:35:00 to 2020-07-02 16:00:00 ]
2020-07-04 09:44:17,507 read IEF from av [ 2020-06-12 09:35:00 to 2020-07-02 16:00:00 ]
2020-07-04 09:44:18,556 read ^IRX from av [ 2020-06-16 08:25:00 to 2020-07-02 15:00:00 ]
2020-07-04 09:44:19,754 read ^FVX from av [ 2020-06-16 08:25:00 to 2020-07-02 15:00:00 ]
2020-07-04 09:44:20,549 read ^TYX from av [ 2020-07-02 08:25:00 to 2020-07-02 15:00:00 ]
2020-07-04 09:46:22,750 read SQQQ from av [ 2020-06-12 09:35:00 to 2020-07-02 16:00:00 ]
2020-07-04 09:46:25,245 read TQQQ from av [ 2020-06-12 09:35:00 to 2020-07-02 16:00:00 ]
2020-07-04 09:46:26,290 read ^VXX from av [ 2020-06-12 09:35:00 to 2020-07-02 16:00:00 ]
2020-07-04 09:46:27,367 read ^VXZ from av [ 2020-06-12 09:40:00 to 2020-07-02 16:00:00 ]
2020-07-04 09:46:29,546 read IYE from av [ 2020-06-12 09:35:00 to 2020-07-02 16:00:00 ]
2020-07-04 09:48:31,458 read IYY from av [ 2020-06-12 09:35:00 to 2020-07-02 16:00:00 ]
2020-07-04 09:48:33,436 read IYF from av [ 2020-06-12 09:35:00 to 2020-07-02 16:00:00 ]
2020-07-04 09:48:35,444 read IYR from av [ 2020-07-02 09:35:00 to 2020-07-02 16:00:00 ]
2020-07-04 09:48:37,428 read IYW from av [ 2020-06-12 09:35:00 to 2020-07-02 16:00:00 ]
2020-07-04 09:48:39,354 read IYT from av [ 2020-06-12 09:35:00 to 2020-07-02 16:00:00 ]
2020-07-04 09:50:41,548 read PEJ from av [ 2020-06-12 09:35:00 to 2020-07-02 16:00:00 ]
2020-07-04 09:50:41,885 read USO from av [ 2020-06-12 09:35:00 to 2020-07-02 16:00:00 ]
2020-07-04 09:50:45,185 read DBC from av [ 2020-06-12 09:35:00 to 2020-07-02 16:00:00 ]
2020-07-04 09:50:47,930 read GSG from av [ 2020-06-12 09:35:00 to 2020-07-02 16:00:00 ]
2020-07-04 09:50:50,097 read VTI from av [ 2020-06-12 09:35:00 to 2020-07-02 16:00:00 ]
2020-07-04 09:52:51,245 read ^RUT from av [ 2020-06-12 09:35:00 to 2020-07-02 16:00:00 ]
2020-07-04 09:52:53,418 read FDN from av [ 2020-06-12 09:35:00 to 2020-07-02 16:00:00 ]
2020-07-04 09:52:55,752 read XLV from av [ 2020-06-12 09:35:00 to 2020-07-02 16:00:00 ]
2020-07-04 09:52:57,811 read IBB from av [ 2020-06-12 09:35:00 to 2020-07-02 16:00:00 ]
2020-07-04 09:53:00,585 read KRE from av [ 2020-07-02 09:35:00 to 2020-07-02 16:00:00 ]
2020-07-04 09:53:02,748 read KBE from av [ 2020-06-12 09:35:00 to 2020-07-02 16:00:00 ]
2020-07-04 09:53:05,134 read XLF from av [ 2020-06-12 09:35:00 to 2020-07-02 16:00:00 ]
2020-07-04 09:53:07,276 read XLP from av [ 2020-06-12 09:35:00 to 2020-07-02 16:00:00 ]
2020-07-04 09:53:09,404 read XLY from av [ 2020-06-12 09:35:00 to 2020-07-02 16:00:00 ]
2020-07-04 09:53:11,351 read VNQ from av [ 2020-07-02 09:35:00 to 2020-07-02 16:00:00 ]
2020-07-04 09:53:13,431 read XLB from av [ 2020-06-12 09:35:00 to 2020-07-02 16:00:00 ]
2020-07-04 09:55:15,704 read XLI from av [ 2020-07-02 09:35:00 to 2020-07-02 16:00:00 ]
2020-07-04 09:55:17,773 read KBWB from av [ 2020-06-12 09:35:00 to 2020-07-02 16:00:00 ]
2020-07-04 09:55:19,673 read TVIX from av [ 2020-06-12 09:35:00 to 2020-07-02 16:00:00 ]
2020-07-04 09:55:20,642 read ^VVIX from av [ 2020-06-12 09:35:00 to 2020-07-02 16:00:00 ]
2020-07-04 09:55:22,002 read VIXM from av [ 2020-06-12 09:35:00 to 2020-07-02 16:00:00 ]
2020-07-04 09:57:24,656 read VIXY from av [ 2020-06-12 09:35:00 to 2020-07-02 16:00:00 ]
2020-07-04 09:57:26,883 read VXX from av [ 2020-06-12 09:35:00 to 2020-07-02 16:00:00 ]
2020-07-04 09:57:28,982 read SVXY from av [ 2020-06-12 09:35:00 to 2020-07-02 16:00:00 ]
2020-07-04 09:57:31,502 read UVXY from av [ 2020-06-12 09:35:00 to 2020-07-02 16:00:00 ]
2020-07-04 09:57:31,856 read VIXY from av [ 2020-06-12 09:35:00 to 2020-07-02 16:00:00 ]
