2020-03-14 09:01:24,399 read QQQ from av [ 2020-02-24 09:35:00 to 2020-03-13 16:00:00 ]
2020-03-14 09:01:24,769 read ^VIX from av [ 2020-02-24 09:35:00 to 2020-03-13 16:00:00 ]
2020-03-14 09:01:26,048 read FAS from av [ 2020-02-24 09:35:00 to 2020-03-13 16:00:00 ]
2020-03-14 09:01:27,179 read MIDU from av [ 2020-02-24 09:35:00 to 2020-03-13 16:00:00 ]
2020-03-14 09:01:27,567 read AAPL from av [ 2020-02-24 09:35:00 to 2020-03-13 16:00:00 ]
2020-03-14 09:03:28,205 read GOOG from av [ 2020-02-24 09:35:00 to 2020-03-13 16:00:00 ]
2020-03-14 09:03:29,286 read ^GSPC from av [ 2020-02-24 09:35:00 to 2020-03-13 16:00:00 ]
2020-03-14 09:03:30,442 read ^DJI from av [ 2020-02-24 09:35:00 to 2020-03-13 16:00:00 ]
2020-03-14 09:03:31,625 read ^TNX from av [ 2020-02-26 08:25:00 to 2020-03-13 15:00:00 ]
2020-03-14 09:03:31,919 read MSFT from av [ 2020-02-24 09:35:00 to 2020-03-13 16:00:00 ]
2020-03-14 09:05:33,405 read ^VXGOG from av [ 2020-02-24 09:35:00 to 2020-03-13 16:00:00 ]
2020-03-14 09:05:34,592 read ^VXAPL from av [ 2020-02-24 09:35:00 to 2020-03-13 16:00:00 ]
2020-03-14 09:05:35,681 read ^VXGS from av [ 2020-02-24 09:35:00 to 2020-03-13 16:00:00 ]
2020-03-14 09:05:36,795 read ^VXAZN from av [ 2020-02-24 09:35:00 to 2020-03-13 16:00:00 ]
2020-03-14 09:05:38,129 read ^VXIBM from av [ 2020-02-24 09:35:00 to 2020-03-13 16:00:00 ]
2020-03-14 09:07:39,450 read GS from av [ 2020-02-24 09:35:00 to 2020-03-13 16:00:00 ]
2020-03-14 09:07:40,719 read IBM from av [ 2020-02-24 09:35:00 to 2020-03-13 16:00:00 ]
2020-03-14 09:07:43,024 read FB from av [ 2020-02-24 09:35:00 to 2020-03-13 16:00:00 ]
2020-03-14 09:07:44,220 read ^TYVIX from av [ 2020-02-24 09:35:00 to 2020-03-13 16:00:00 ]
2020-03-14 09:07:44,558 read SPY from av [ 2020-02-24 09:35:00 to 2020-03-13 16:00:00 ]
2020-03-14 09:09:47,494 read GOOGL from av [ 2020-02-24 09:35:00 to 2020-03-13 16:00:00 ]
2020-03-14 09:09:48,833 read JPM from av [ 2020-02-24 09:35:00 to 2020-03-13 16:00:00 ]
2020-03-14 09:09:50,007 read JNJ from av [ 2020-02-24 09:35:00 to 2020-03-13 16:00:00 ]
2020-03-14 09:09:51,119 read BAC from av [ 2020-02-24 09:35:00 to 2020-03-13 16:00:00 ]
2020-03-14 09:09:52,436 read V from av [ 2020-02-24 09:35:00 to 2020-03-13 16:00:00 ]
2020-03-14 09:11:54,646 read WFC from av [ 2020-02-24 09:35:00 to 2020-03-13 16:00:00 ]
2020-03-14 09:11:55,841 read MA from av [ 2020-02-24 09:35:00 to 2020-03-13 16:00:00 ]
2020-03-14 09:11:56,947 read C from av [ 2020-02-24 09:35:00 to 2020-03-13 16:00:00 ]
2020-03-14 09:11:58,064 read PYPL from av [ 2020-02-24 09:35:00 to 2020-03-13 16:00:00 ]
2020-03-14 09:11:59,160 read OIL from av [ 2020-02-24 09:35:00 to 2020-03-13 16:00:00 ]
2020-03-14 09:14:00,873 read DX-Y.NYB from av [ 2020-02-26 00:00:00 to 2020-03-13 18:00:00 ]
2020-03-14 09:14:02,131 read GLD from av [ 2020-02-24 09:35:00 to 2020-03-13 16:00:00 ]
2020-03-14 09:14:03,384 read UUP from av [ 2020-02-24 09:35:00 to 2020-03-13 16:00:00 ]
2020-03-14 09:14:04,522 read SHY from av [ 2020-02-24 09:35:00 to 2020-03-13 16:00:00 ]
2020-03-14 09:14:05,784 read SHV from av [ 2020-02-24 09:35:00 to 2020-03-13 16:00:00 ]
2020-03-14 09:14:07,123 read IEF from av [ 2020-02-24 09:35:00 to 2020-03-13 16:00:00 ]
2020-03-14 09:16:08,391 read ^IRX from av [ 2020-02-26 08:25:00 to 2020-03-13 15:00:00 ]
2020-03-14 09:16:09,415 read ^FVX from av [ 2020-02-26 08:25:00 to 2020-03-13 15:00:00 ]
2020-03-14 09:16:10,639 read ^TYX from av [ 2020-02-26 08:25:00 to 2020-03-13 15:00:00 ]
2020-03-14 09:16:11,803 read SQQQ from av [ 2020-02-24 09:35:00 to 2020-03-13 16:00:00 ]
2020-03-14 09:16:12,971 read TQQQ from av [ 2020-02-24 09:35:00 to 2020-03-13 16:00:00 ]
2020-03-14 09:18:14,290 read ^VXX from av [ 2020-02-24 09:35:00 to 2020-03-13 16:00:00 ]
2020-03-14 09:18:15,384 read ^VXZ from av [ 2020-02-24 09:35:00 to 2020-03-13 16:00:00 ]
2020-03-14 09:18:16,630 read IYE from av [ 2020-02-24 09:35:00 to 2020-03-13 16:00:00 ]
2020-03-14 09:18:18,147 read IYY from av [ 2020-02-24 09:35:00 to 2020-03-13 16:00:00 ]
2020-03-14 09:18:19,357 read IYF from av [ 2020-02-24 09:35:00 to 2020-03-13 16:00:00 ]
2020-03-14 09:20:20,670 read IYR from av [ 2020-02-24 09:35:00 to 2020-03-13 16:00:00 ]
2020-03-14 09:20:21,716 read IYW from av [ 2020-02-24 09:35:00 to 2020-03-13 16:00:00 ]
2020-03-14 09:20:22,918 read IYT from av [ 2020-02-24 09:35:00 to 2020-03-13 16:00:00 ]
2020-03-14 09:20:23,938 read PEJ from av [ 2020-02-24 09:35:00 to 2020-03-13 16:00:00 ]
2020-03-14 09:20:25,151 read USO from av [ 2020-02-24 09:35:00 to 2020-03-13 16:00:00 ]
2020-03-14 09:22:26,548 read DBC from av [ 2020-02-24 09:35:00 to 2020-03-13 16:00:00 ]
2020-03-14 09:22:27,760 read GSG from av [ 2020-02-24 09:35:00 to 2020-03-13 16:00:00 ]
2020-03-14 09:22:29,948 read VTI from av [ 2020-02-24 09:35:00 to 2020-03-13 16:00:00 ]
2020-03-14 09:22:31,023 read ^RUT from av [ 2020-02-24 09:35:00 to 2020-03-13 16:00:00 ]
2020-03-14 09:22:32,069 read FDN from av [ 2020-02-24 09:35:00 to 2020-03-13 16:00:00 ]
2020-03-14 09:24:33,318 read XLV from av [ 2020-02-24 09:35:00 to 2020-03-13 16:00:00 ]
2020-03-14 09:24:34,486 read IBB from av [ 2020-02-24 09:35:00 to 2020-03-13 16:00:00 ]
2020-03-14 09:24:35,640 read KRE from av [ 2020-02-24 09:35:00 to 2020-03-13 16:00:00 ]
2020-03-14 09:24:36,868 read KBE from av [ 2020-02-24 09:35:00 to 2020-03-13 16:00:00 ]
2020-03-14 09:24:38,074 read XLF from av [ 2020-02-24 09:35:00 to 2020-03-13 16:00:00 ]
2020-03-14 09:26:39,541 read XLP from av [ 2020-02-24 09:35:00 to 2020-03-13 16:00:00 ]
2020-03-14 09:26:40,658 read XLY from av [ 2020-02-24 09:35:00 to 2020-03-13 16:00:00 ]
2020-03-14 09:26:41,830 read VNQ from av [ 2020-02-24 09:35:00 to 2020-03-13 16:00:00 ]
2020-03-14 09:26:42,948 read XLB from av [ 2020-02-24 09:35:00 to 2020-03-13 16:00:00 ]
2020-03-14 09:26:44,087 read XLI from av [ 2020-02-24 09:35:00 to 2020-03-13 16:00:00 ]
2020-03-14 09:28:45,454 read KBWB from av [ 2020-02-24 09:35:00 to 2020-03-13 16:00:00 ]
2020-03-14 09:28:45,758 read TVIX from av [ 2020-02-24 09:35:00 to 2020-03-13 16:00:00 ]
2020-03-14 09:28:46,844 read ^VVIX from av [ 2020-02-24 09:35:00 to 2020-03-13 16:00:00 ]
2020-03-14 09:28:48,374 read VIXM from av [ 2020-02-24 09:35:00 to 2020-03-13 16:00:00 ]
2020-03-14 09:28:49,581 read VIXY from av [ 2020-02-24 09:35:00 to 2020-03-13 16:00:00 ]
2020-03-14 09:30:50,065 read VXX from av [ 2020-02-24 09:35:00 to 2020-03-13 16:00:00 ]
2020-03-14 09:30:51,331 read SVXY from av [ 2020-02-24 09:35:00 to 2020-03-13 16:00:00 ]
2020-03-14 09:30:52,567 read UVXY from av [ 2020-02-24 09:35:00 to 2020-03-13 16:00:00 ]
2020-03-14 09:30:53,816 read VIXY from av [ 2020-02-24 09:35:00 to 2020-03-13 16:00:00 ]
