2020-12-19 10:02:02,076 read QQQ from av [ 2020-11-20 04:05:00 to 2020-12-18 20:00:00 ]
2020-12-19 10:08:03,330 Time out ^VIX
2020-12-19 10:08:03,945 read FAS from av [ 2020-11-23 05:25:00 to 2020-12-18 20:00:00 ]
2020-12-19 10:08:04,649 read MIDU from av [ 2020-11-23 08:45:00 to 2020-12-18 20:00:00 ]
2020-12-19 10:08:05,419 read AAPL from av [ 2020-11-20 04:05:00 to 2020-12-18 20:00:00 ]
2020-12-19 10:08:06,190 read GOOG from av [ 2020-11-20 09:15:00 to 2020-12-18 19:00:00 ]
2020-12-19 10:14:07,034 Time out ^GSPC
2020-12-19 10:20:07,646 Time out ^DJI
2020-12-19 10:26:08,425 Time out ^TNX
2020-12-19 10:26:09,032 read MSFT from av [ 2020-11-20 04:05:00 to 2020-12-18 20:00:00 ]
2020-12-19 10:32:10,047 Time out ^VXGOG
2020-12-19 10:38:10,683 Time out ^VXAPL
2020-12-19 10:44:11,306 Time out ^VXGS
2020-12-19 10:50:11,897 Time out ^VXAZN
2020-12-19 10:56:12,600 Time out ^VXIBM
2020-12-19 10:56:13,050 read GS from av [ 2020-11-20 08:05:00 to 2020-12-18 20:00:00 ]
2020-12-19 10:56:13,798 read IBM from av [ 2020-11-20 08:05:00 to 2020-12-18 20:00:00 ]
2020-12-19 10:56:14,619 read FB from av [ 2020-11-20 04:05:00 to 2020-12-18 20:00:00 ]
2020-12-19 11:02:15,532 Time out ^TYVIX
2020-12-19 11:02:16,201 read SPY from av [ 2020-11-20 04:05:00 to 2020-12-18 20:00:00 ]
2020-12-19 11:02:16,994 read GOOGL from av [ 2020-11-20 07:05:00 to 2020-12-18 19:55:00 ]
2020-12-19 11:02:17,703 read JPM from av [ 2020-11-23 04:05:00 to 2020-12-18 20:00:00 ]
2020-12-19 11:02:18,398 read JNJ from av [ 2020-11-23 04:05:00 to 2020-12-18 20:00:00 ]
2020-12-19 11:02:19,185 read BAC from av [ 2020-11-23 04:05:00 to 2020-12-18 20:00:00 ]
2020-12-19 11:04:20,151 read V from av [ 2020-11-23 06:15:00 to 2020-12-18 19:45:00 ]
2020-12-19 11:04:21,146 read WFC from av [ 2020-11-23 04:05:00 to 2020-12-18 20:00:00 ]
2020-12-19 11:04:21,808 read MA from av [ 2020-11-23 04:40:00 to 2020-12-18 19:50:00 ]
2020-12-19 11:04:22,514 read C from av [ 2020-11-23 04:05:00 to 2020-12-18 20:00:00 ]
2020-12-19 11:04:23,283 read PYPL from av [ 2020-11-23 04:05:00 to 2020-12-18 20:00:00 ]
2020-12-19 11:06:23,959 read OIL from av [ 2020-11-23 09:15:00 to 2020-12-18 15:55:00 ]
2020-12-19 11:12:24,828 Time out DX-Y.NYB
2020-12-19 11:12:25,396 read GLD from av [ 2020-11-23 04:05:00 to 2020-12-18 19:55:00 ]
2020-12-19 11:12:26,199 read UUP from av [ 2020-11-23 05:25:00 to 2020-12-18 20:00:00 ]
2020-12-19 11:12:26,871 read SHY from av [ 2020-11-23 08:55:00 to 2020-12-18 16:05:00 ]
2020-12-19 11:12:27,632 read SHV from av [ 2020-11-23 09:35:00 to 2020-12-18 20:00:00 ]
2020-12-19 11:14:28,714 read IEF from av [ 2020-11-23 08:15:00 to 2020-12-18 17:55:00 ]
2020-12-19 11:20:29,681 Time out ^IRX
2020-12-19 11:26:30,208 Time out ^FVX
2020-12-19 11:32:30,868 Time out ^TYX
2020-12-19 11:32:31,532 read SQQQ from av [ 2020-11-23 04:05:00 to 2020-12-18 20:00:00 ]
2020-12-19 11:32:32,428 read TQQQ from av [ 2020-11-23 04:05:00 to 2020-12-18 20:00:00 ]
2020-12-19 11:38:33,377 Time out ^VXX
2020-12-19 11:44:34,121 Time out ^VXZ
2020-12-19 11:44:34,529 read IYE from av [ 2020-11-23 04:05:00 to 2020-12-18 16:05:00 ]
2020-12-19 11:44:35,046 read IYY from av [ 2020-11-23 09:35:00 to 2020-12-18 16:00:00 ]
2020-12-19 11:44:35,525 read IYF from av [ 2020-11-23 09:35:00 to 2020-12-18 16:40:00 ]
2020-12-19 11:44:36,098 read IYR from av [ 2020-11-23 08:40:00 to 2020-12-18 17:20:00 ]
2020-12-19 11:44:36,615 read IYW from av [ 2020-11-23 08:45:00 to 2020-12-18 18:05:00 ]
2020-12-19 11:46:39,049 read IYT from av [ 2020-11-23 09:35:00 to 2020-12-18 16:00:00 ]
2020-12-19 11:46:39,657 read PEJ from av [ 2020-11-23 08:05:00 to 2020-12-18 20:00:00 ]
2020-12-19 11:46:40,269 read USO from av [ 2020-11-23 04:05:00 to 2020-12-18 18:25:00 ]
2020-12-19 11:46:40,986 read DBC from av [ 2020-11-23 08:35:00 to 2020-12-18 16:10:00 ]
2020-12-19 11:46:41,502 read GSG from av [ 2020-11-23 05:05:00 to 2020-12-18 16:00:00 ]
2020-12-19 11:48:42,265 read VTI from av [ 2020-11-23 07:05:00 to 2020-12-18 20:00:00 ]
2020-12-19 11:54:43,201 Time out ^RUT
2020-12-19 11:54:43,585 read FDN from av [ 2020-11-23 08:45:00 to 2020-12-18 19:30:00 ]
2020-12-19 11:54:44,197 read XLV from av [ 2020-11-23 04:45:00 to 2020-12-18 19:05:00 ]
2020-12-19 11:54:44,861 read IBB from av [ 2020-11-23 07:05:00 to 2020-12-18 17:30:00 ]
2020-12-19 11:54:45,488 read KRE from av [ 2020-11-23 07:25:00 to 2020-12-18 20:00:00 ]
2020-12-19 11:54:46,089 read KBE from av [ 2020-11-23 09:35:00 to 2020-12-18 20:00:00 ]
2020-12-19 11:56:47,065 read XLF from av [ 2020-11-23 04:05:00 to 2020-12-18 20:00:00 ]
2020-12-19 11:56:47,741 read XLP from av [ 2020-11-23 06:35:00 to 2020-12-18 16:35:00 ]
2020-12-19 11:56:48,345 read XLY from av [ 2020-11-23 08:30:00 to 2020-12-18 20:00:00 ]
2020-12-19 11:56:48,919 read VNQ from av [ 2020-11-23 07:40:00 to 2020-12-18 18:45:00 ]
2020-12-19 11:56:49,581 read XLB from av [ 2020-11-23 08:45:00 to 2020-12-18 19:20:00 ]
2020-12-19 11:58:50,834 read XLI from av [ 2020-11-23 07:30:00 to 2020-12-18 19:10:00 ]
2020-12-19 11:58:51,558 read KBWB from av [ 2020-11-23 09:30:00 to 2020-12-18 17:05:00 ]
2020-12-19 12:04:52,491 Time out TVIX
2020-12-19 12:10:53,167 Time out ^VVIX
2020-12-19 12:10:53,569 read VIXM from av [ 2020-11-23 07:10:00 to 2020-12-18 16:05:00 ]
2020-12-19 12:10:54,241 read VIXY from av [ 2020-11-23 04:05:00 to 2020-12-18 19:55:00 ]
2020-12-19 12:10:55,047 read VXX from av [ 2020-11-23 04:05:00 to 2020-12-18 20:00:00 ]
2020-12-19 12:10:55,735 read SVXY from av [ 2020-11-23 04:05:00 to 2020-12-18 20:00:00 ]
2020-12-19 12:10:56,654 read UVXY from av [ 2020-11-23 04:05:00 to 2020-12-18 20:00:00 ]
2020-12-19 12:12:57,621 read VIXY from av [ 2020-11-23 04:05:00 to 2020-12-18 19:55:00 ]
