2020-05-16 09:01:28,185 read QQQ from av [ 2020-04-27 09:35:00 to 2020-05-15 16:00:00 ]
2020-05-16 09:01:29,199 read ^VIX from av [ 2020-04-27 09:35:00 to 2020-05-15 16:00:00 ]
2020-05-16 09:01:30,222 read FAS from av [ 2020-04-27 09:35:00 to 2020-05-15 16:00:00 ]
2020-05-16 09:01:31,222 read MIDU from av [ 2020-04-27 09:35:00 to 2020-05-15 16:00:00 ]
2020-05-16 09:01:31,638 read AAPL from av [ 2020-04-27 09:35:00 to 2020-05-15 16:00:00 ]
2020-05-16 09:03:32,221 read GOOG from av [ 2020-04-27 09:35:00 to 2020-05-15 16:00:00 ]
2020-05-16 09:09:32,868 Time out ^GSPC
2020-05-16 09:15:33,396 Time out ^DJI
2020-05-16 09:15:34,325 read ^TNX from av [ 2020-04-29 08:25:00 to 2020-05-15 15:00:00 ]
2020-05-16 09:15:34,655 read MSFT from av [ 2020-04-27 09:35:00 to 2020-05-15 16:00:00 ]
2020-05-16 09:15:35,592 read ^VXGOG from av [ 2020-04-27 09:35:00 to 2020-05-15 16:00:00 ]
2020-05-16 09:15:36,482 read ^VXAPL from av [ 2020-04-27 09:35:00 to 2020-05-15 16:00:00 ]
2020-05-16 09:15:37,376 read ^VXGS from av [ 2020-04-27 09:35:00 to 2020-05-15 16:00:00 ]
2020-05-16 09:17:38,479 read ^VXAZN from av [ 2020-04-27 09:35:00 to 2020-05-15 16:00:00 ]
2020-05-16 09:17:39,431 read ^VXIBM from av [ 2020-04-27 09:35:00 to 2020-05-15 16:00:00 ]
2020-05-16 09:17:40,397 read GS from av [ 2020-04-27 09:35:00 to 2020-05-15 16:00:00 ]
2020-05-16 09:17:41,384 read IBM from av [ 2020-04-27 09:35:00 to 2020-05-15 16:00:00 ]
2020-05-16 09:17:41,678 read FB from av [ 2020-04-27 09:35:00 to 2020-05-15 16:00:00 ]
2020-05-16 09:19:42,726 read ^TYVIX from av [ 2020-04-27 09:35:00 to 2020-05-15 16:00:00 ]
2020-05-16 09:19:43,703 read SPY from av [ 2020-04-27 09:35:00 to 2020-05-15 16:00:00 ]
2020-05-16 09:19:44,810 read GOOGL from av [ 2020-04-27 09:35:00 to 2020-05-15 16:00:00 ]
2020-05-16 09:19:45,946 read JPM from av [ 2020-04-27 09:35:00 to 2020-05-15 16:00:00 ]
2020-05-16 09:19:46,956 read JNJ from av [ 2020-04-27 09:35:00 to 2020-05-15 16:00:00 ]
2020-05-16 09:21:48,192 read BAC from av [ 2020-04-27 09:35:00 to 2020-05-15 16:00:00 ]
2020-05-16 09:21:49,179 read V from av [ 2020-04-27 09:35:00 to 2020-05-15 16:00:00 ]
2020-05-16 09:21:50,156 read WFC from av [ 2020-04-27 09:35:00 to 2020-05-15 16:00:00 ]
2020-05-16 09:21:51,138 read MA from av [ 2020-04-27 09:35:00 to 2020-05-15 16:00:00 ]
2020-05-16 09:21:52,248 read C from av [ 2020-04-27 09:35:00 to 2020-05-15 16:00:00 ]
2020-05-16 09:23:53,391 read PYPL from av [ 2020-04-27 09:35:00 to 2020-05-15 16:00:00 ]
2020-05-16 09:29:54,283 Time out OIL
2020-05-16 09:29:55,542 read DX-Y.NYB from av [ 2020-04-29 00:00:00 to 2020-05-15 17:55:00 ]
2020-05-16 09:29:56,663 read GLD from av [ 2020-04-27 09:35:00 to 2020-05-15 16:00:00 ]
2020-05-16 09:29:58,627 read UUP from av [ 2020-04-27 09:35:00 to 2020-05-15 16:00:00 ]
2020-05-16 09:29:59,669 read SHY from av [ 2020-04-27 09:35:00 to 2020-05-15 16:00:00 ]
2020-05-16 09:32:01,974 read SHV from av [ 2020-04-27 09:35:00 to 2020-05-15 16:00:00 ]
2020-05-16 09:32:02,988 read IEF from av [ 2020-04-27 09:35:00 to 2020-05-15 16:00:00 ]
2020-05-16 09:32:03,931 read ^IRX from av [ 2020-04-29 08:25:00 to 2020-05-15 15:00:00 ]
2020-05-16 09:32:04,874 read ^FVX from av [ 2020-04-29 08:25:00 to 2020-05-15 15:00:00 ]
2020-05-16 09:32:05,925 read ^TYX from av [ 2020-04-29 08:25:00 to 2020-05-15 15:00:00 ]
2020-05-16 09:32:06,978 read SQQQ from av [ 2020-04-27 09:35:00 to 2020-05-15 16:00:00 ]
2020-05-16 09:34:08,213 read TQQQ from av [ 2020-04-27 09:35:00 to 2020-05-15 16:00:00 ]
2020-05-16 09:34:09,160 read ^VXX from av [ 2020-04-27 09:35:00 to 2020-05-15 16:00:00 ]
2020-05-16 09:34:10,338 read ^VXZ from av [ 2020-04-27 09:35:00 to 2020-05-15 16:00:00 ]
2020-05-16 09:34:11,448 read IYE from av [ 2020-04-27 09:35:00 to 2020-05-15 16:00:00 ]
2020-05-16 09:34:12,341 read IYY from av [ 2020-04-27 09:35:00 to 2020-05-15 16:00:00 ]
2020-05-16 09:36:13,451 read IYF from av [ 2020-04-27 09:35:00 to 2020-05-15 16:00:00 ]
2020-05-16 09:36:14,520 read IYR from av [ 2020-04-27 09:35:00 to 2020-05-15 16:00:00 ]
2020-05-16 09:36:15,603 read IYW from av [ 2020-04-27 09:35:00 to 2020-05-15 16:00:00 ]
2020-05-16 09:36:16,616 read IYT from av [ 2020-04-27 09:35:00 to 2020-05-15 16:00:00 ]
2020-05-16 09:36:17,548 read PEJ from av [ 2020-04-27 09:35:00 to 2020-05-15 16:00:00 ]
2020-05-16 09:38:18,724 read USO from av [ 2020-04-27 09:35:00 to 2020-05-15 16:00:00 ]
2020-05-16 09:38:19,787 read DBC from av [ 2020-04-27 09:35:00 to 2020-05-15 16:00:00 ]
2020-05-16 09:38:20,789 read GSG from av [ 2020-04-27 09:35:00 to 2020-05-15 16:00:00 ]
2020-05-16 09:38:21,860 read VTI from av [ 2020-04-27 09:35:00 to 2020-05-15 16:00:00 ]
2020-05-16 09:38:22,766 read ^RUT from av [ 2020-04-27 09:35:00 to 2020-05-15 16:00:00 ]
2020-05-16 09:40:25,716 read FDN from av [ 2020-04-27 09:35:00 to 2020-05-15 16:00:00 ]
2020-05-16 09:40:26,716 read XLV from av [ 2020-04-27 09:35:00 to 2020-05-15 16:00:00 ]
2020-05-16 09:40:27,726 read IBB from av [ 2020-04-27 09:35:00 to 2020-05-15 16:00:00 ]
2020-05-16 09:40:28,835 read KRE from av [ 2020-04-27 09:35:00 to 2020-05-15 16:00:00 ]
2020-05-16 09:40:29,864 read KBE from av [ 2020-04-27 09:35:00 to 2020-05-15 16:00:00 ]
2020-05-16 09:42:31,057 read XLF from av [ 2020-04-27 09:35:00 to 2020-05-15 16:00:00 ]
2020-05-16 09:42:32,048 read XLP from av [ 2020-04-27 09:35:00 to 2020-05-15 16:00:00 ]
2020-05-16 09:42:33,037 read XLY from av [ 2020-04-27 09:35:00 to 2020-05-15 16:00:00 ]
2020-05-16 09:42:34,132 read VNQ from av [ 2020-04-27 09:35:00 to 2020-05-15 16:00:00 ]
2020-05-16 09:42:35,137 read XLB from av [ 2020-04-27 09:35:00 to 2020-05-15 16:00:00 ]
2020-05-16 09:44:36,329 read XLI from av [ 2020-04-27 09:35:00 to 2020-05-15 16:00:00 ]
2020-05-16 09:44:37,411 read KBWB from av [ 2020-04-27 09:35:00 to 2020-05-15 16:00:00 ]
2020-05-16 09:44:38,379 read TVIX from av [ 2020-04-27 09:35:00 to 2020-05-15 16:00:00 ]
2020-05-16 09:44:39,362 read ^VVIX from av [ 2020-04-27 09:35:00 to 2020-05-15 16:00:00 ]
2020-05-16 09:44:40,253 read VIXM from av [ 2020-04-27 09:35:00 to 2020-05-15 16:00:00 ]
2020-05-16 09:46:41,384 read VIXY from av [ 2020-04-27 09:35:00 to 2020-05-15 16:00:00 ]
2020-05-16 09:46:42,380 read VXX from av [ 2020-04-27 09:35:00 to 2020-05-15 16:00:00 ]
2020-05-16 09:46:43,360 read SVXY from av [ 2020-04-27 09:35:00 to 2020-05-15 16:00:00 ]
2020-05-16 09:46:44,353 read UVXY from av [ 2020-04-27 09:35:00 to 2020-05-15 16:00:00 ]
2020-05-16 09:46:44,655 read VIXY from av [ 2020-04-27 09:35:00 to 2020-05-15 16:00:00 ]
