2020-03-01 01:41:41,690 read QQQ from av [ 2020-02-07 09:35:00 to 2020-02-28 16:00:00 ]
2020-03-01 01:41:42,190 read ^VIX from av [ 2020-02-07 09:35:00 to 2020-02-28 16:00:00 ]
2020-03-01 01:41:42,567 read FAS from av [ 2020-02-07 09:35:00 to 2020-02-28 16:00:00 ]
2020-03-01 01:41:43,536 read MIDU from av [ 2020-02-07 09:35:00 to 2020-02-28 16:00:00 ]
2020-03-01 01:41:43,810 read AAPL from av [ 2020-02-07 09:35:00 to 2020-02-28 16:00:00 ]
2020-03-01 01:43:44,284 read GOOG from av [ 2020-02-07 09:35:00 to 2020-02-28 16:00:00 ]
2020-03-01 01:43:44,632 read ^GSPC from av [ 2020-02-07 09:35:00 to 2020-02-28 16:00:00 ]
2020-03-01 01:43:44,990 read ^DJI from av [ 2020-02-07 09:35:00 to 2020-02-28 16:00:00 ]
2020-03-01 01:43:46,747 read ^TNX from av [ 2020-02-11 08:25:00 to 2020-02-28 15:00:00 ]
2020-03-01 01:43:47,042 read MSFT from av [ 2020-02-07 09:35:00 to 2020-02-28 16:00:00 ]
2020-03-01 01:45:48,448 read ^VXGOG from av [ 2020-02-07 09:35:00 to 2020-02-28 16:00:00 ]
2020-03-01 01:45:49,565 read ^VXAPL from av [ 2020-02-07 09:35:00 to 2020-02-28 16:00:00 ]
2020-03-01 01:45:50,612 read ^VXGS from av [ 2020-02-07 09:35:00 to 2020-02-28 16:00:00 ]
2020-03-01 01:45:51,695 read ^VXAZN from av [ 2020-02-07 09:35:00 to 2020-02-28 16:00:00 ]
2020-03-01 01:45:53,003 read ^VXIBM from av [ 2020-02-07 09:35:00 to 2020-02-28 16:00:00 ]
2020-03-01 01:47:54,389 read GS from av [ 2020-02-07 09:35:00 to 2020-02-28 16:00:00 ]
2020-03-01 01:47:55,632 read IBM from av [ 2020-02-07 09:35:00 to 2020-02-28 16:00:00 ]
2020-03-01 01:47:55,911 read FB from av [ 2020-02-07 09:35:00 to 2020-02-28 16:00:00 ]
2020-03-01 01:47:57,743 read ^TYVIX from av [ 2020-02-07 09:35:00 to 2020-02-28 16:00:00 ]
2020-03-01 01:47:58,030 read SPY from av [ 2020-02-07 09:35:00 to 2020-02-28 16:00:00 ]
2020-03-01 01:49:58,518 read GOOGL from av [ 2020-02-07 09:35:00 to 2020-02-28 16:00:00 ]
2020-03-01 01:49:59,695 read JPM from av [ 2020-02-07 09:35:00 to 2020-02-28 16:00:00 ]
2020-03-01 01:50:00,808 read JNJ from av [ 2020-02-07 09:35:00 to 2020-02-28 16:00:00 ]
2020-03-01 01:50:02,126 read BAC from av [ 2020-02-07 09:35:00 to 2020-02-28 16:00:00 ]
2020-03-01 01:50:03,715 read V from av [ 2020-02-07 09:35:00 to 2020-02-28 16:00:00 ]
2020-03-01 01:50:04,915 read WFC from av [ 2020-02-07 09:35:00 to 2020-02-28 16:00:00 ]
2020-03-01 01:50:06,223 read MA from av [ 2020-02-07 09:35:00 to 2020-02-28 16:00:00 ]
2020-03-01 01:50:06,636 read C from av [ 2020-02-07 09:35:00 to 2020-02-28 16:00:00 ]
2020-03-01 01:50:07,912 read PYPL from av [ 2020-02-07 09:35:00 to 2020-02-28 16:00:00 ]
2020-03-01 01:52:09,145 read OIL from av [ 2020-02-07 09:35:00 to 2020-02-28 16:00:00 ]
2020-03-01 01:52:10,663 read DX-Y.NYB from av [ 2020-02-11 00:00:00 to 2020-02-28 17:25:00 ]
2020-03-01 01:52:11,766 read GLD from av [ 2020-02-07 09:35:00 to 2020-02-28 16:00:00 ]
2020-03-01 01:52:12,957 read UUP from av [ 2020-02-07 09:35:00 to 2020-02-28 16:00:00 ]
2020-03-01 01:52:14,184 read SHY from av [ 2020-02-07 09:35:00 to 2020-02-28 16:00:00 ]
2020-03-01 01:54:15,528 read SHV from av [ 2020-02-07 09:35:00 to 2020-02-28 16:00:00 ]
2020-03-01 01:54:16,881 read IEF from av [ 2020-02-07 09:35:00 to 2020-02-28 16:00:00 ]
2020-03-01 01:54:18,048 read ^IRX from av [ 2020-02-11 08:25:00 to 2020-02-28 15:00:00 ]
2020-03-01 01:54:19,262 read ^FVX from av [ 2020-02-11 08:25:00 to 2020-02-28 15:00:00 ]
2020-03-01 01:54:20,386 read ^TYX from av [ 2020-02-11 08:25:00 to 2020-02-28 15:00:00 ]
2020-03-01 01:56:22,784 read SQQQ from av [ 2020-02-07 09:35:00 to 2020-02-28 16:00:00 ]
2020-03-01 01:56:23,838 read TQQQ from av [ 2020-02-07 09:35:00 to 2020-02-28 16:00:00 ]
2020-03-01 01:56:24,971 read ^VXX from av [ 2020-02-07 09:35:00 to 2020-02-28 16:00:00 ]
2020-03-01 01:56:26,069 read ^VXZ from av [ 2020-02-07 09:35:00 to 2020-02-28 16:00:00 ]
2020-03-01 01:56:27,331 read IYE from av [ 2020-02-07 09:35:00 to 2020-02-28 16:00:00 ]
2020-03-01 01:58:28,517 read IYY from av [ 2020-02-07 09:35:00 to 2020-02-28 16:00:00 ]
2020-03-01 01:58:29,650 read IYF from av [ 2020-02-07 09:35:00 to 2020-02-28 16:00:00 ]
2020-03-01 01:58:30,750 read IYR from av [ 2020-02-07 09:35:00 to 2020-02-28 16:00:00 ]
2020-03-01 01:58:31,970 read IYW from av [ 2020-02-07 09:35:00 to 2020-02-28 16:00:00 ]
2020-03-01 01:58:33,114 read IYT from av [ 2020-02-07 09:35:00 to 2020-02-28 16:00:00 ]
2020-03-01 02:00:34,873 read PEJ from av [ 2020-02-07 09:35:00 to 2020-02-28 15:50:00 ]
2020-03-01 02:00:35,148 read USO from av [ 2020-02-07 09:35:00 to 2020-02-28 16:00:00 ]
2020-03-01 02:00:36,334 read DBC from av [ 2020-02-07 09:35:00 to 2020-02-28 16:00:00 ]
2020-03-01 02:00:37,467 read GSG from av [ 2020-02-07 09:35:00 to 2020-02-28 16:00:00 ]
2020-03-01 02:00:38,783 read VTI from av [ 2020-02-07 09:35:00 to 2020-02-28 16:00:00 ]
2020-03-01 02:02:40,212 read ^RUT from av [ 2020-02-07 09:35:00 to 2020-02-28 16:00:00 ]
2020-03-01 02:02:41,261 read FDN from av [ 2020-02-07 09:35:00 to 2020-02-28 16:00:00 ]
2020-03-01 02:02:42,509 read XLV from av [ 2020-02-07 09:35:00 to 2020-02-28 16:00:00 ]
2020-03-01 02:02:43,767 read IBB from av [ 2020-02-07 09:35:00 to 2020-02-28 16:00:00 ]
2020-03-01 02:02:44,856 read KRE from av [ 2020-02-07 09:35:00 to 2020-02-28 16:00:00 ]
2020-03-01 02:04:46,491 read KBE from av [ 2020-02-07 09:35:00 to 2020-02-28 16:00:00 ]
2020-03-01 02:04:47,762 read XLF from av [ 2020-02-07 09:35:00 to 2020-02-28 16:00:00 ]
2020-03-01 02:04:48,903 read XLP from av [ 2020-02-07 09:35:00 to 2020-02-28 16:00:00 ]
2020-03-01 02:04:50,043 read XLY from av [ 2020-02-07 09:35:00 to 2020-02-28 16:00:00 ]
2020-03-01 02:04:51,181 read VNQ from av [ 2020-02-07 09:35:00 to 2020-02-28 16:00:00 ]
2020-03-01 02:06:52,553 read XLB from av [ 2020-02-07 09:35:00 to 2020-02-28 16:00:00 ]
2020-03-01 02:06:53,685 read XLI from av [ 2020-02-07 09:35:00 to 2020-02-28 16:00:00 ]
2020-03-01 02:06:54,767 read KBWB from av [ 2020-02-07 09:35:00 to 2020-02-28 16:00:00 ]
2020-03-01 02:06:56,005 read TVIX from av [ 2020-02-07 09:35:00 to 2020-02-28 16:00:00 ]
2020-03-01 02:06:57,014 read ^VVIX from av [ 2020-02-07 09:35:00 to 2020-02-28 16:00:00 ]
2020-03-01 02:08:58,183 read VIXM from av [ 2020-02-07 09:35:00 to 2020-02-28 16:00:00 ]
2020-03-01 02:08:59,343 read VIXY from av [ 2020-02-07 09:35:00 to 2020-02-28 16:00:00 ]
2020-03-01 02:09:00,495 read VXX from av [ 2020-02-07 09:35:00 to 2020-02-28 16:00:00 ]
2020-03-01 02:09:01,493 read nan from av [ 2020-02-07 09:35:00 to 2020-02-28 16:00:00 ]
