2020-04-18 09:01:29,644 read QQQ from av [ 2020-03-27 09:35:00 to 2020-04-17 16:00:00 ]
2020-04-18 09:01:30,750 read ^VIX from av [ 2020-03-27 09:35:00 to 2020-04-17 16:00:00 ]
2020-04-18 09:01:31,926 read FAS from av [ 2020-03-27 09:35:00 to 2020-04-17 16:00:00 ]
2020-04-18 09:01:32,985 read MIDU from av [ 2020-03-27 09:35:00 to 2020-04-17 16:00:00 ]
2020-04-18 09:01:33,293 read AAPL from av [ 2020-03-27 09:35:00 to 2020-04-17 16:00:00 ]
2020-04-18 09:03:33,787 read GOOG from av [ 2020-03-27 09:35:00 to 2020-04-17 16:00:00 ]
2020-04-18 09:03:34,213 read ^GSPC from av [ 2020-03-27 09:35:00 to 2020-04-17 16:00:00 ]
2020-04-18 09:03:35,230 read ^DJI from av [ 2020-03-27 09:35:00 to 2020-04-17 16:00:00 ]
2020-04-18 09:03:36,358 read ^TNX from av [ 2020-03-31 08:25:00 to 2020-04-17 15:00:00 ]
2020-04-18 09:03:36,661 read MSFT from av [ 2020-03-27 09:35:00 to 2020-04-17 16:00:00 ]
2020-04-18 09:05:37,918 read ^VXGOG from av [ 2020-03-27 09:35:00 to 2020-04-17 16:00:00 ]
2020-04-18 09:05:38,898 read ^VXAPL from av [ 2020-03-27 09:35:00 to 2020-04-17 16:00:00 ]
2020-04-18 09:05:47,248 read ^VXGS from av [ 2020-03-27 09:35:00 to 2020-04-17 16:00:00 ]
2020-04-18 09:05:48,297 read ^VXAZN from av [ 2020-03-27 09:35:00 to 2020-04-17 16:00:00 ]
2020-04-18 09:05:49,379 read ^VXIBM from av [ 2020-03-27 09:35:00 to 2020-04-17 16:00:00 ]
2020-04-18 09:07:50,510 read GS from av [ 2020-03-27 09:35:00 to 2020-04-17 16:00:00 ]
2020-04-18 09:07:50,892 read IBM from av [ 2020-03-27 09:35:00 to 2020-04-17 16:00:00 ]
2020-04-18 09:07:51,908 read FB from av [ 2020-03-27 09:35:00 to 2020-04-17 16:00:00 ]
2020-04-18 09:07:52,905 read ^TYVIX from av [ 2020-03-27 09:35:00 to 2020-04-17 16:00:00 ]
2020-04-18 09:07:53,186 read SPY from av [ 2020-03-27 09:35:00 to 2020-04-17 16:00:00 ]
2020-04-18 09:09:54,473 read GOOGL from av [ 2020-03-27 09:35:00 to 2020-04-17 16:00:00 ]
2020-04-18 09:09:55,577 read JPM from av [ 2020-03-27 09:35:00 to 2020-04-17 16:00:00 ]
2020-04-18 09:09:56,674 read JNJ from av [ 2020-03-27 09:35:00 to 2020-04-17 16:00:00 ]
2020-04-18 09:09:57,777 read BAC from av [ 2020-03-27 09:35:00 to 2020-04-17 16:00:00 ]
2020-04-18 09:09:58,085 read V from av [ 2020-03-27 09:35:00 to 2020-04-17 16:00:00 ]
2020-04-18 09:11:59,980 read WFC from av [ 2020-03-27 09:35:00 to 2020-04-17 16:00:00 ]
2020-04-18 09:12:01,093 read MA from av [ 2020-03-27 09:35:00 to 2020-04-17 16:00:00 ]
2020-04-18 09:12:07,622 read C from av [ 2020-03-27 09:35:00 to 2020-04-17 16:00:00 ]
2020-04-18 09:12:09,395 read PYPL from av [ 2020-03-27 09:35:00 to 2020-04-17 16:00:00 ]
2020-04-18 09:12:10,711 read OIL from av [ 2020-03-27 09:35:00 to 2020-04-17 16:00:00 ]
2020-04-18 09:12:12,134 read DX-Y.NYB from av [ 2020-03-31 01:05:00 to 2020-04-17 17:55:00 ]
2020-04-18 09:12:13,358 read GLD from av [ 2020-03-27 09:35:00 to 2020-04-17 16:00:00 ]
2020-04-18 09:14:16,483 read UUP from av [ 2020-03-27 09:35:00 to 2020-04-17 16:00:00 ]
2020-04-18 09:14:17,677 read SHY from av [ 2020-03-27 09:35:00 to 2020-04-17 16:00:00 ]
2020-04-18 09:14:21,304 read SHV from av [ 2020-03-27 09:35:00 to 2020-04-17 16:00:00 ]
2020-04-18 09:14:23,689 read IEF from av [ 2020-03-27 09:35:00 to 2020-04-17 16:00:00 ]
2020-04-18 09:14:28,443 read ^IRX from av [ 2020-03-31 08:25:00 to 2020-04-17 15:00:00 ]
2020-04-18 09:16:29,629 read ^FVX from av [ 2020-03-31 08:25:00 to 2020-04-17 15:00:00 ]
2020-04-18 09:16:30,688 read ^TYX from av [ 2020-03-31 08:25:00 to 2020-04-17 15:00:00 ]
2020-04-18 09:16:31,783 read SQQQ from av [ 2020-03-27 09:35:00 to 2020-04-17 16:00:00 ]
2020-04-18 09:16:33,089 read TQQQ from av [ 2020-03-27 09:35:00 to 2020-04-17 16:00:00 ]
2020-04-18 09:16:34,037 read ^VXX from av [ 2020-03-27 09:35:00 to 2020-04-17 16:00:00 ]
2020-04-18 09:18:35,442 read ^VXZ from av [ 2020-03-27 09:35:00 to 2020-04-17 16:00:00 ]
2020-04-18 09:18:36,606 read IYE from av [ 2020-03-27 09:35:00 to 2020-04-17 16:00:00 ]
2020-04-18 09:18:37,675 read IYY from av [ 2020-03-27 09:35:00 to 2020-04-17 16:00:00 ]
2020-04-18 09:18:38,691 read IYF from av [ 2020-03-27 09:35:00 to 2020-04-17 16:00:00 ]
2020-04-18 09:18:40,487 read IYR from av [ 2020-03-27 09:35:00 to 2020-04-17 16:00:00 ]
2020-04-18 09:20:41,831 read IYW from av [ 2020-03-27 09:35:00 to 2020-04-17 16:00:00 ]
2020-04-18 09:20:43,008 read IYT from av [ 2020-03-27 09:35:00 to 2020-04-17 16:00:00 ]
2020-04-18 09:20:44,052 read PEJ from av [ 2020-03-27 09:35:00 to 2020-04-17 16:00:00 ]
2020-04-18 09:20:45,172 read USO from av [ 2020-03-27 09:35:00 to 2020-04-17 16:00:00 ]
2020-04-18 09:20:46,211 read DBC from av [ 2020-03-27 09:35:00 to 2020-04-17 16:00:00 ]
2020-04-18 09:22:48,090 read GSG from av [ 2020-03-27 09:35:00 to 2020-04-17 16:00:00 ]
2020-04-18 09:22:49,816 read VTI from av [ 2020-03-27 09:35:00 to 2020-04-17 16:00:00 ]
2020-04-18 09:22:51,031 read ^RUT from av [ 2020-03-27 09:35:00 to 2020-04-17 16:00:00 ]
2020-04-18 09:22:52,171 read FDN from av [ 2020-03-27 09:35:00 to 2020-04-17 16:00:00 ]
2020-04-18 09:22:53,390 read XLV from av [ 2020-03-27 09:35:00 to 2020-04-17 16:00:00 ]
2020-04-18 09:24:54,623 read IBB from av [ 2020-03-27 09:35:00 to 2020-04-17 16:00:00 ]
2020-04-18 09:24:55,789 read KRE from av [ 2020-03-27 09:35:00 to 2020-04-17 16:00:00 ]
2020-04-18 09:24:56,989 read KBE from av [ 2020-03-27 09:35:00 to 2020-04-17 16:00:00 ]
2020-04-18 09:24:58,176 read XLF from av [ 2020-03-27 09:35:00 to 2020-04-17 16:00:00 ]
2020-04-18 09:24:59,229 read XLP from av [ 2020-03-27 09:35:00 to 2020-04-17 16:00:00 ]
2020-04-18 09:27:00,525 read XLY from av [ 2020-03-27 09:35:00 to 2020-04-17 16:00:00 ]
2020-04-18 09:27:01,723 read VNQ from av [ 2020-03-27 09:35:00 to 2020-04-17 16:00:00 ]
2020-04-18 09:27:02,897 read XLB from av [ 2020-03-27 09:35:00 to 2020-04-17 16:00:00 ]
2020-04-18 09:27:04,145 read XLI from av [ 2020-03-27 09:35:00 to 2020-04-17 16:00:00 ]
2020-04-18 09:27:06,280 read KBWB from av [ 2020-03-27 09:35:00 to 2020-04-17 16:00:00 ]
2020-04-18 09:27:07,437 read TVIX from av [ 2020-03-27 09:35:00 to 2020-04-17 16:00:00 ]
2020-04-18 09:27:13,271 read ^VVIX from av [ 2020-03-27 09:35:00 to 2020-04-17 16:00:00 ]
2020-04-18 09:29:14,620 read VIXM from av [ 2020-03-27 09:35:00 to 2020-04-17 16:00:00 ]
2020-04-18 09:29:15,652 read VIXY from av [ 2020-03-27 09:35:00 to 2020-04-17 16:00:00 ]
2020-04-18 09:29:17,852 read VXX from av [ 2020-03-27 09:35:00 to 2020-04-17 16:00:00 ]
2020-04-18 09:29:18,953 read SVXY from av [ 2020-03-27 09:35:00 to 2020-04-17 16:00:00 ]
2020-04-18 09:29:23,086 read UVXY from av [ 2020-03-27 09:35:00 to 2020-04-17 16:00:00 ]
2020-04-18 09:31:24,347 read VIXY from av [ 2020-03-27 09:35:00 to 2020-04-17 16:00:00 ]
