2020-10-03 09:01:24,969 read QQQ from av [ 2020-09-04 04:05:00 to 2020-10-02 20:00:00 ]
2020-10-03 09:07:26,239 Time out ^VIX
2020-10-03 09:07:27,223 read FAS from av [ 2020-09-04 05:00:00 to 2020-10-02 20:00:00 ]
2020-10-03 09:07:27,748 read MIDU from av [ 2020-09-08 08:15:00 to 2020-10-02 19:25:00 ]
2020-10-03 09:07:28,448 read AAPL from av [ 2020-09-04 04:05:00 to 2020-10-02 20:00:00 ]
2020-10-03 09:07:28,966 read GOOG from av [ 2020-09-04 04:10:00 to 2020-10-02 18:50:00 ]
2020-10-03 09:13:29,654 Time out ^GSPC
2020-10-03 09:19:30,274 Time out ^DJI
2020-10-03 09:25:30,902 Time out ^TNX
2020-10-03 09:25:31,552 read MSFT from av [ 2020-09-04 04:05:00 to 2020-10-02 20:00:00 ]
2020-10-03 09:31:32,367 Time out ^VXGOG
2020-10-03 09:37:32,946 Time out ^VXAPL
2020-10-03 09:43:33,603 Time out ^VXGS
2020-10-03 09:49:34,148 Time out ^VXAZN
2020-10-03 09:55:34,752 Time out ^VXIBM
2020-10-03 09:55:35,200 read GS from av [ 2020-09-04 04:55:00 to 2020-10-02 19:05:00 ]
2020-10-03 09:55:35,726 read IBM from av [ 2020-09-04 04:05:00 to 2020-10-02 19:50:00 ]
2020-10-03 09:55:36,452 read FB from av [ 2020-09-04 04:05:00 to 2020-10-02 20:00:00 ]
2020-10-03 10:01:37,283 Time out ^TYVIX
2020-10-03 10:01:37,971 read SPY from av [ 2020-09-04 04:05:00 to 2020-10-02 20:00:00 ]
2020-10-03 10:01:38,771 read GOOGL from av [ 2020-09-04 07:05:00 to 2020-10-02 18:55:00 ]
2020-10-03 10:01:39,357 read JPM from av [ 2020-09-04 04:05:00 to 2020-10-02 20:00:00 ]
2020-10-03 10:01:40,032 read JNJ from av [ 2020-09-04 04:35:00 to 2020-10-02 19:30:00 ]
2020-10-03 10:01:40,666 read BAC from av [ 2020-09-04 04:05:00 to 2020-10-02 20:00:00 ]
2020-10-03 10:03:41,509 read V from av [ 2020-09-04 04:15:00 to 2020-10-02 19:15:00 ]
2020-10-03 10:03:42,120 read WFC from av [ 2020-09-04 04:05:00 to 2020-10-02 20:00:00 ]
2020-10-03 10:03:42,683 read MA from av [ 2020-09-04 04:20:00 to 2020-10-02 17:20:00 ]
2020-10-03 10:03:43,266 read C from av [ 2020-09-04 04:05:00 to 2020-10-02 20:00:00 ]
2020-10-03 10:03:43,887 read PYPL from av [ 2020-09-04 04:05:00 to 2020-10-02 20:00:00 ]
2020-10-03 10:05:44,531 read OIL from av [ 2020-09-08 09:35:00 to 2020-10-02 16:00:00 ]
2020-10-03 10:11:45,253 Time out DX-Y.NYB
2020-10-03 10:11:45,761 read GLD from av [ 2020-09-04 04:05:00 to 2020-10-02 19:55:00 ]
2020-10-03 10:11:46,724 read UUP from av [ 2020-09-08 06:00:00 to 2020-10-02 18:10:00 ]
2020-10-03 10:11:47,188 read SHY from av [ 2020-09-08 09:25:00 to 2020-10-02 17:45:00 ]
2020-10-03 10:11:47,710 read SHV from av [ 2020-09-04 09:25:00 to 2020-10-02 16:55:00 ]
2020-10-03 10:13:48,424 read IEF from av [ 2020-09-04 08:35:00 to 2020-10-02 17:00:00 ]
2020-10-03 10:19:49,053 Time out ^IRX
2020-10-03 10:25:49,658 Time out ^FVX
2020-10-03 10:31:50,228 Time out ^TYX
2020-10-03 10:31:50,846 read SQQQ from av [ 2020-09-04 04:05:00 to 2020-10-02 20:00:00 ]
2020-10-03 10:31:51,624 read TQQQ from av [ 2020-09-04 04:05:00 to 2020-10-02 20:00:00 ]
2020-10-03 10:37:52,375 Time out ^VXX
2020-10-03 10:43:52,927 Time out ^VXZ
2020-10-03 10:43:53,233 read IYE from av [ 2020-09-08 09:35:00 to 2020-10-02 17:25:00 ]
2020-10-03 10:43:54,555 read IYY from av [ 2020-09-08 09:35:00 to 2020-10-02 16:00:00 ]
2020-10-03 10:43:54,962 read IYF from av [ 2020-09-08 08:15:00 to 2020-10-02 16:00:00 ]
2020-10-03 10:43:55,437 read IYR from av [ 2020-09-04 09:35:00 to 2020-10-02 16:30:00 ]
2020-10-03 10:43:55,868 read IYW from av [ 2020-09-08 07:05:00 to 2020-10-02 18:50:00 ]
2020-10-03 10:45:56,813 read IYT from av [ 2020-09-08 08:15:00 to 2020-10-02 16:10:00 ]
2020-10-03 10:45:57,220 read PEJ from av [ 2020-09-08 09:20:00 to 2020-10-02 16:00:00 ]
2020-10-03 10:45:57,724 read USO from av [ 2020-09-04 04:10:00 to 2020-10-02 19:55:00 ]
2020-10-03 10:45:58,197 read DBC from av [ 2020-09-08 07:45:00 to 2020-10-02 16:00:00 ]
2020-10-03 10:45:58,617 read GSG from av [ 2020-09-08 09:30:00 to 2020-10-02 16:00:00 ]
2020-10-03 10:47:59,277 read VTI from av [ 2020-09-04 07:15:00 to 2020-10-02 19:00:00 ]
2020-10-03 10:53:59,925 Time out ^RUT
2020-10-03 10:54:00,233 read FDN from av [ 2020-09-08 08:50:00 to 2020-10-02 17:40:00 ]
2020-10-03 10:54:00,760 read XLV from av [ 2020-09-04 07:05:00 to 2020-10-02 18:25:00 ]
2020-10-03 10:54:01,275 read IBB from av [ 2020-09-04 07:10:00 to 2020-10-02 18:45:00 ]
2020-10-03 10:54:01,863 read KRE from av [ 2020-09-04 08:40:00 to 2020-10-02 17:35:00 ]
2020-10-03 10:54:02,485 read KBE from av [ 2020-09-08 04:35:00 to 2020-10-02 18:50:00 ]
2020-10-03 10:54:03,168 read XLF from av [ 2020-09-04 04:05:00 to 2020-10-02 20:00:00 ]
2020-10-03 10:54:03,687 read XLP from av [ 2020-09-04 07:05:00 to 2020-10-02 16:45:00 ]
2020-10-03 10:54:04,129 read XLY from av [ 2020-09-04 07:05:00 to 2020-10-02 17:30:00 ]
2020-10-03 10:56:04,892 read VNQ from av [ 2020-09-04 08:35:00 to 2020-10-02 16:25:00 ]
2020-10-03 10:56:05,418 read XLB from av [ 2020-09-04 05:30:00 to 2020-10-02 16:20:00 ]
2020-10-03 10:56:06,176 read XLI from av [ 2020-09-04 04:05:00 to 2020-10-02 17:35:00 ]
2020-10-03 10:56:07,139 read KBWB from av [ 2020-09-08 07:45:00 to 2020-10-02 16:00:00 ]
2020-10-03 11:02:08,973 Time out TVIX
2020-10-03 11:08:09,604 Time out ^VVIX
2020-10-03 11:08:09,833 read VIXM from av [ 2020-09-08 09:35:00 to 2020-10-02 16:00:00 ]
2020-10-03 11:08:10,501 read VIXY from av [ 2020-09-08 04:05:00 to 2020-10-02 20:00:00 ]
2020-10-03 11:08:11,251 read VXX from av [ 2020-09-04 04:05:00 to 2020-10-02 20:00:00 ]
2020-10-03 11:08:11,773 read SVXY from av [ 2020-09-08 04:05:00 to 2020-10-02 20:00:00 ]
2020-10-03 11:08:12,536 read UVXY from av [ 2020-09-04 04:05:00 to 2020-10-02 20:00:00 ]
2020-10-03 11:10:13,354 read VIXY from av [ 2020-09-08 04:05:00 to 2020-10-02 20:00:00 ]
