2020-10-10 09:01:23,705 read QQQ from av [ 2020-09-11 04:05:00 to 2020-10-09 20:00:00 ]
2020-10-10 09:07:24,509 Time out ^VIX
2020-10-10 09:07:24,941 read FAS from av [ 2020-09-11 07:35:00 to 2020-10-09 20:00:00 ]
2020-10-10 09:07:25,551 read MIDU from av [ 2020-09-14 08:05:00 to 2020-10-09 16:05:00 ]
2020-10-10 09:07:26,210 read AAPL from av [ 2020-09-11 04:05:00 to 2020-10-09 20:00:00 ]
2020-10-10 09:07:26,793 read GOOG from av [ 2020-09-11 04:25:00 to 2020-10-09 17:00:00 ]
2020-10-10 09:13:27,557 Time out ^GSPC
2020-10-10 09:19:28,192 Time out ^DJI
2020-10-10 09:25:28,862 Time out ^TNX
2020-10-10 09:25:29,434 read MSFT from av [ 2020-09-11 04:05:00 to 2020-10-09 20:00:00 ]
2020-10-10 09:31:30,170 Time out ^VXGOG
2020-10-10 09:37:30,778 Time out ^VXAPL
2020-10-10 09:43:31,295 Time out ^VXGS
2020-10-10 09:49:31,801 Time out ^VXAZN
2020-10-10 09:55:32,345 Time out ^VXIBM
2020-10-10 09:55:32,809 read GS from av [ 2020-09-11 04:15:00 to 2020-10-09 20:00:00 ]
2020-10-10 09:55:33,354 read IBM from av [ 2020-09-11 07:05:00 to 2020-10-09 19:55:00 ]
2020-10-10 09:55:34,095 read FB from av [ 2020-09-11 04:05:00 to 2020-10-09 20:00:00 ]
2020-10-10 10:01:34,981 Time out ^TYVIX
2020-10-10 10:01:35,596 read SPY from av [ 2020-09-11 04:05:00 to 2020-10-09 20:00:00 ]
2020-10-10 10:01:36,270 read GOOGL from av [ 2020-09-11 07:30:00 to 2020-10-09 19:55:00 ]
2020-10-10 10:01:36,971 read JPM from av [ 2020-09-11 04:20:00 to 2020-10-09 20:00:00 ]
2020-10-10 10:01:37,596 read JNJ from av [ 2020-09-11 08:35:00 to 2020-10-09 19:30:00 ]
2020-10-10 10:01:38,483 read BAC from av [ 2020-09-11 04:05:00 to 2020-10-09 20:00:00 ]
2020-10-10 10:03:39,326 read V from av [ 2020-09-11 04:40:00 to 2020-10-09 20:00:00 ]
2020-10-10 10:03:40,010 read WFC from av [ 2020-09-11 04:05:00 to 2020-10-09 20:00:00 ]
2020-10-10 10:03:40,741 read MA from av [ 2020-09-11 08:05:00 to 2020-10-09 18:20:00 ]
2020-10-10 10:03:41,538 read C from av [ 2020-09-11 04:10:00 to 2020-10-09 20:00:00 ]
2020-10-10 10:03:42,221 read PYPL from av [ 2020-09-11 04:05:00 to 2020-10-09 20:00:00 ]
2020-10-10 10:05:42,718 read OIL from av [ 2020-09-11 09:35:00 to 2020-10-09 15:50:00 ]
2020-10-10 10:11:43,414 Time out DX-Y.NYB
2020-10-10 10:11:44,029 read GLD from av [ 2020-09-11 04:05:00 to 2020-10-09 20:00:00 ]
2020-10-10 10:11:44,622 read UUP from av [ 2020-09-11 04:30:00 to 2020-10-09 19:00:00 ]
2020-10-10 10:11:45,088 read SHY from av [ 2020-09-11 07:25:00 to 2020-10-09 17:40:00 ]
2020-10-10 10:11:47,228 read SHV from av [ 2020-09-14 07:05:00 to 2020-10-09 16:00:00 ]
2020-10-10 10:13:47,921 read IEF from av [ 2020-09-11 08:40:00 to 2020-10-09 16:45:00 ]
2020-10-10 10:19:48,664 Time out ^IRX
2020-10-10 10:25:49,357 Time out ^FVX
2020-10-10 10:31:49,955 Time out ^TYX
2020-10-10 10:31:50,582 read SQQQ from av [ 2020-09-11 04:05:00 to 2020-10-09 20:00:00 ]
2020-10-10 10:31:51,498 read TQQQ from av [ 2020-09-11 04:05:00 to 2020-10-09 20:00:00 ]
2020-10-10 10:37:52,360 Time out ^VXX
2020-10-10 10:43:52,856 Time out ^VXZ
2020-10-10 10:43:53,414 read IYE from av [ 2020-09-14 09:35:00 to 2020-10-09 16:00:00 ]
2020-10-10 10:43:53,796 read IYY from av [ 2020-09-14 08:35:00 to 2020-10-09 15:55:00 ]
2020-10-10 10:43:54,211 read IYF from av [ 2020-09-14 09:35:00 to 2020-10-09 16:00:00 ]
2020-10-10 10:43:54,689 read IYR from av [ 2020-09-11 09:35:00 to 2020-10-09 17:10:00 ]
2020-10-10 10:43:55,130 read IYW from av [ 2020-09-11 09:35:00 to 2020-10-09 19:00:00 ]
2020-10-10 10:45:55,863 read IYT from av [ 2020-09-11 09:35:00 to 2020-10-09 16:00:00 ]
2020-10-10 10:45:56,268 read PEJ from av [ 2020-09-14 09:35:00 to 2020-10-09 16:00:00 ]
2020-10-10 10:45:56,834 read USO from av [ 2020-09-11 04:55:00 to 2020-10-09 20:00:00 ]
2020-10-10 10:45:57,319 read DBC from av [ 2020-09-11 09:30:00 to 2020-10-09 16:00:00 ]
2020-10-10 10:45:57,753 read GSG from av [ 2020-09-11 08:10:00 to 2020-10-09 16:00:00 ]
2020-10-10 10:47:58,448 read VTI from av [ 2020-09-11 09:05:00 to 2020-10-09 20:00:00 ]
2020-10-10 10:53:59,166 Time out ^RUT
2020-10-10 10:53:59,489 read FDN from av [ 2020-09-11 09:35:00 to 2020-10-09 16:00:00 ]
2020-10-10 10:54:00,043 read XLV from av [ 2020-09-11 08:15:00 to 2020-10-09 17:00:00 ]
2020-10-10 10:54:00,716 read IBB from av [ 2020-09-11 08:05:00 to 2020-10-09 16:35:00 ]
2020-10-10 10:54:01,284 read KRE from av [ 2020-09-11 08:05:00 to 2020-10-09 16:55:00 ]
2020-10-10 10:54:01,844 read KBE from av [ 2020-09-14 09:35:00 to 2020-10-09 18:20:00 ]
2020-10-10 10:54:02,773 read XLF from av [ 2020-09-11 06:15:00 to 2020-10-09 20:00:00 ]
2020-10-10 10:54:03,433 read XLP from av [ 2020-09-11 07:05:00 to 2020-10-09 19:20:00 ]
2020-10-10 10:54:04,083 read XLY from av [ 2020-09-11 08:15:00 to 2020-10-09 16:00:00 ]
2020-10-10 10:54:04,578 read VNQ from av [ 2020-09-11 09:00:00 to 2020-10-09 17:00:00 ]
2020-10-10 10:56:05,199 read XLB from av [ 2020-09-11 04:25:00 to 2020-10-09 17:40:00 ]
2020-10-10 10:56:05,867 read XLI from av [ 2020-09-11 07:35:00 to 2020-10-09 19:00:00 ]
2020-10-10 10:56:07,706 read KBWB from av [ 2020-09-14 09:35:00 to 2020-10-09 20:00:00 ]
2020-10-10 11:02:08,513 Time out TVIX
2020-10-10 11:08:13,279 Time out ^VVIX
2020-10-10 11:08:20,420 read VIXM from av [ 2020-09-14 09:35:00 to 2020-10-09 19:55:00 ]
2020-10-10 11:08:21,176 read VIXY from av [ 2020-09-14 04:05:00 to 2020-10-09 19:55:00 ]
2020-10-10 11:08:21,934 read VXX from av [ 2020-09-11 04:05:00 to 2020-10-09 20:00:00 ]
2020-10-10 11:08:22,698 read SVXY from av [ 2020-09-11 04:20:00 to 2020-10-09 19:25:00 ]
2020-10-10 11:08:23,453 read UVXY from av [ 2020-09-11 04:05:00 to 2020-10-09 20:00:00 ]
2020-10-10 11:10:24,308 read VIXY from av [ 2020-09-14 04:05:00 to 2020-10-09 19:55:00 ]
