2020-03-21 09:01:22,015 read QQQ from av [ 2020-03-02 09:35:00 to 2020-03-20 16:00:00 ]
2020-03-21 09:01:23,141 read ^VIX from av [ 2020-03-02 09:35:00 to 2020-03-20 16:00:00 ]
2020-03-21 09:01:24,400 read FAS from av [ 2020-03-02 09:35:00 to 2020-03-20 16:00:00 ]
2020-03-21 09:01:25,662 read MIDU from av [ 2020-03-02 09:35:00 to 2020-03-20 16:00:00 ]
2020-03-21 09:01:25,972 read AAPL from av [ 2020-03-02 09:35:00 to 2020-03-20 16:00:00 ]
2020-03-21 09:03:27,435 read GOOG from av [ 2020-03-02 09:35:00 to 2020-03-20 16:00:00 ]
2020-03-21 09:03:28,636 read ^GSPC from av [ 2020-03-02 09:35:00 to 2020-03-20 16:00:00 ]
2020-03-21 09:03:32,532 read ^DJI from av [ 2020-03-02 09:35:00 to 2020-03-20 16:00:00 ]
2020-03-21 09:03:33,644 read ^TNX from av [ 2020-03-04 08:25:00 to 2020-03-20 15:00:00 ]
2020-03-21 09:03:33,971 read MSFT from av [ 2020-03-02 09:35:00 to 2020-03-20 16:00:00 ]
2020-03-21 09:05:35,317 read ^VXGOG from av [ 2020-03-02 09:35:00 to 2020-03-20 16:00:00 ]
2020-03-21 09:05:36,732 read ^VXAPL from av [ 2020-03-02 09:35:00 to 2020-03-20 16:00:00 ]
2020-03-21 09:05:37,792 read ^VXGS from av [ 2020-03-02 09:35:00 to 2020-03-20 16:00:00 ]
2020-03-21 09:05:38,914 read ^VXAZN from av [ 2020-03-02 09:35:00 to 2020-03-20 16:00:00 ]
2020-03-21 09:05:39,998 read ^VXIBM from av [ 2020-03-02 09:35:00 to 2020-03-20 16:00:00 ]
2020-03-21 09:07:41,315 read GS from av [ 2020-03-02 09:35:00 to 2020-03-20 16:00:00 ]
2020-03-21 09:07:42,607 read IBM from av [ 2020-03-02 09:35:00 to 2020-03-20 16:00:00 ]
2020-03-21 09:07:42,897 read FB from av [ 2020-03-02 09:35:00 to 2020-03-20 16:00:00 ]
2020-03-21 09:07:45,304 read ^TYVIX from av [ 2020-03-02 09:35:00 to 2020-03-20 16:00:00 ]
2020-03-21 09:07:46,504 read SPY from av [ 2020-03-02 09:35:00 to 2020-03-20 16:00:00 ]
2020-03-21 09:09:47,916 read GOOGL from av [ 2020-03-02 09:35:00 to 2020-03-20 16:00:00 ]
2020-03-21 09:09:49,100 read JPM from av [ 2020-03-02 09:35:00 to 2020-03-20 16:00:00 ]
2020-03-21 09:09:50,195 read JNJ from av [ 2020-03-02 09:35:00 to 2020-03-20 16:00:00 ]
2020-03-21 09:09:51,212 read BAC from av [ 2020-03-02 09:35:00 to 2020-03-20 16:00:00 ]
2020-03-21 09:09:52,503 read V from av [ 2020-03-02 09:35:00 to 2020-03-20 16:00:00 ]
2020-03-21 09:11:53,834 read WFC from av [ 2020-03-02 09:35:00 to 2020-03-20 16:00:00 ]
2020-03-21 09:11:55,006 read MA from av [ 2020-03-02 09:35:00 to 2020-03-20 16:00:00 ]
2020-03-21 09:11:56,137 read C from av [ 2020-03-02 09:35:00 to 2020-03-20 16:00:00 ]
2020-03-21 09:11:57,265 read PYPL from av [ 2020-03-02 09:35:00 to 2020-03-20 16:00:00 ]
2020-03-21 09:11:58,133 read OIL from av [ 2020-03-20 09:35:00 to 2020-03-20 16:00:00 ]
2020-03-21 09:13:59,953 read DX-Y.NYB from av [ 2020-03-04 00:00:00 to 2020-03-20 18:00:00 ]
2020-03-21 09:14:01,207 read GLD from av [ 2020-03-02 09:35:00 to 2020-03-20 16:00:00 ]
2020-03-21 09:14:02,548 read UUP from av [ 2020-03-02 09:35:00 to 2020-03-20 16:00:00 ]
2020-03-21 09:14:03,904 read SHY from av [ 2020-03-02 09:35:00 to 2020-03-20 16:00:00 ]
2020-03-21 09:14:05,388 read SHV from av [ 2020-03-02 09:35:00 to 2020-03-20 16:00:00 ]
2020-03-21 09:14:06,551 read IEF from av [ 2020-03-02 09:35:00 to 2020-03-20 16:00:00 ]
2020-03-21 09:14:07,702 read ^IRX from av [ 2020-03-04 08:25:00 to 2020-03-20 15:00:00 ]
2020-03-21 09:16:09,365 read ^FVX from av [ 2020-03-04 08:25:00 to 2020-03-20 15:00:00 ]
2020-03-21 09:16:10,505 read ^TYX from av [ 2020-03-04 08:25:00 to 2020-03-20 15:00:00 ]
2020-03-21 09:16:11,754 read SQQQ from av [ 2020-03-02 09:35:00 to 2020-03-20 16:00:00 ]
2020-03-21 09:16:12,990 read TQQQ from av [ 2020-03-02 09:35:00 to 2020-03-20 16:00:00 ]
2020-03-21 09:16:14,001 read ^VXX from av [ 2020-03-02 09:35:00 to 2020-03-20 16:00:00 ]
2020-03-21 09:18:15,249 read ^VXZ from av [ 2020-03-02 09:35:00 to 2020-03-20 16:00:00 ]
2020-03-21 09:18:16,431 read IYE from av [ 2020-03-02 09:35:00 to 2020-03-20 16:00:00 ]
2020-03-21 09:18:17,448 read IYY from av [ 2020-03-02 09:35:00 to 2020-03-20 16:00:00 ]
2020-03-21 09:18:18,575 read IYF from av [ 2020-03-02 09:35:00 to 2020-03-20 16:00:00 ]
2020-03-21 09:18:19,632 read IYR from av [ 2020-03-20 09:35:00 to 2020-03-20 16:00:00 ]
2020-03-21 09:20:20,851 read IYW from av [ 2020-03-02 09:35:00 to 2020-03-20 16:00:00 ]
2020-03-21 09:20:22,084 read IYT from av [ 2020-03-02 09:45:00 to 2020-03-20 16:00:00 ]
2020-03-21 09:20:23,138 read PEJ from av [ 2020-03-02 09:35:00 to 2020-03-20 16:00:00 ]
2020-03-21 09:20:24,033 read USO from av [ 2020-03-20 09:35:00 to 2020-03-20 16:00:00 ]
2020-03-21 09:20:25,247 read DBC from av [ 2020-03-02 09:35:00 to 2020-03-20 16:00:00 ]
2020-03-21 09:22:26,555 read GSG from av [ 2020-03-02 09:35:00 to 2020-03-20 16:00:00 ]
2020-03-21 09:22:27,832 read VTI from av [ 2020-03-02 09:35:00 to 2020-03-20 16:00:00 ]
2020-03-21 09:22:28,866 read ^RUT from av [ 2020-03-02 09:35:00 to 2020-03-20 16:00:00 ]
2020-03-21 09:22:30,066 read FDN from av [ 2020-03-02 09:35:00 to 2020-03-20 16:00:00 ]
2020-03-21 09:22:31,219 read XLV from av [ 2020-03-02 09:35:00 to 2020-03-20 16:00:00 ]
2020-03-21 09:24:32,557 read IBB from av [ 2020-03-02 09:35:00 to 2020-03-20 16:00:00 ]
2020-03-21 09:24:33,497 read KRE from av [ 2020-03-20 09:35:00 to 2020-03-20 16:00:00 ]
2020-03-21 09:24:34,697 read KBE from av [ 2020-03-02 09:35:00 to 2020-03-20 16:00:00 ]
2020-03-21 09:24:35,830 read XLF from av [ 2020-03-02 09:35:00 to 2020-03-20 16:00:00 ]
2020-03-21 09:24:36,904 read XLP from av [ 2020-03-02 09:35:00 to 2020-03-20 16:00:00 ]
2020-03-21 09:26:38,662 read XLY from av [ 2020-03-02 09:35:00 to 2020-03-20 16:00:00 ]
2020-03-21 09:26:39,882 read VNQ from av [ 2020-03-02 09:35:00 to 2020-03-20 16:00:00 ]
2020-03-21 09:26:41,026 read XLB from av [ 2020-03-02 09:35:00 to 2020-03-20 16:00:00 ]
2020-03-21 09:26:41,798 read XLI from av [ 2020-03-20 09:35:00 to 2020-03-20 16:00:00 ]
2020-03-21 09:26:42,908 read KBWB from av [ 2020-03-02 09:35:00 to 2020-03-20 16:00:00 ]
2020-03-21 09:28:44,295 read TVIX from av [ 2020-03-02 09:35:00 to 2020-03-20 16:00:00 ]
2020-03-21 09:28:45,499 read ^VVIX from av [ 2020-03-02 09:35:00 to 2020-03-20 16:00:00 ]
2020-03-21 09:28:46,581 read VIXM from av [ 2020-03-02 09:35:00 to 2020-03-20 16:00:00 ]
2020-03-21 09:28:47,731 read VIXY from av [ 2020-03-02 09:35:00 to 2020-03-20 16:00:00 ]
2020-03-21 09:28:48,883 read VXX from av [ 2020-03-02 09:35:00 to 2020-03-20 16:00:00 ]
2020-03-21 09:30:50,175 read SVXY from av [ 2020-03-02 09:35:00 to 2020-03-20 16:00:00 ]
2020-03-21 09:30:51,323 read UVXY from av [ 2020-03-02 09:35:00 to 2020-03-20 16:00:00 ]
2020-03-21 09:30:52,504 read VIXY from av [ 2020-03-02 09:35:00 to 2020-03-20 16:00:00 ]
