2020-08-08 09:01:24,003 read QQQ from av [ 2020-07-17 04:05:00 to 2020-08-07 20:00:00 ]
2020-08-08 09:07:25,132 Time out ^VIX
2020-08-08 09:07:25,819 read FAS from av [ 2020-07-17 04:05:00 to 2020-08-07 20:00:00 ]
2020-08-08 09:07:26,269 read MIDU from av [ 2020-07-17 08:50:00 to 2020-08-07 16:00:00 ]
2020-08-08 09:07:26,772 read AAPL from av [ 2020-07-17 04:05:00 to 2020-08-07 20:00:00 ]
2020-08-08 09:07:27,323 read GOOG from av [ 2020-07-17 09:00:00 to 2020-08-07 19:55:00 ]
2020-08-08 09:13:28,089 Time out ^GSPC
2020-08-08 09:19:28,691 Time out ^DJI
2020-08-08 09:25:29,300 Time out ^TNX
2020-08-08 09:25:29,839 read MSFT from av [ 2020-07-17 04:10:00 to 2020-08-07 20:00:00 ]
2020-08-08 09:31:31,886 Time out ^VXGOG
2020-08-08 09:37:32,509 Time out ^VXAPL
2020-08-08 09:43:33,053 Time out ^VXGS
2020-08-08 09:49:33,687 Time out ^VXAZN
2020-08-08 09:55:34,344 Time out ^VXIBM
2020-08-08 09:55:34,695 read GS from av [ 2020-07-17 07:05:00 to 2020-08-07 20:00:00 ]
2020-08-08 09:55:35,153 read IBM from av [ 2020-07-17 07:05:00 to 2020-08-07 17:05:00 ]
2020-08-08 09:55:35,746 read FB from av [ 2020-07-17 04:05:00 to 2020-08-07 20:00:00 ]
2020-08-08 10:01:36,470 Time out ^TYVIX
2020-08-08 10:01:36,935 read SPY from av [ 2020-07-17 04:05:00 to 2020-08-07 20:00:00 ]
2020-08-08 10:01:37,461 read GOOGL from av [ 2020-07-17 06:55:00 to 2020-08-07 19:50:00 ]
2020-08-08 10:01:37,982 read JPM from av [ 2020-07-17 04:25:00 to 2020-08-07 20:00:00 ]
2020-08-08 10:01:38,432 read JNJ from av [ 2020-07-17 04:40:00 to 2020-08-07 19:00:00 ]
2020-08-08 10:01:39,000 read BAC from av [ 2020-07-17 04:15:00 to 2020-08-07 20:00:00 ]
2020-08-08 10:03:39,629 read V from av [ 2020-07-17 07:05:00 to 2020-08-07 20:00:00 ]
2020-08-08 10:03:40,177 read WFC from av [ 2020-07-17 04:05:00 to 2020-08-07 20:00:00 ]
2020-08-08 10:03:40,631 read MA from av [ 2020-07-17 07:10:00 to 2020-08-07 17:15:00 ]
2020-08-08 10:03:41,190 read C from av [ 2020-07-17 07:05:00 to 2020-08-07 19:55:00 ]
2020-08-08 10:03:42,139 read PYPL from av [ 2020-07-17 06:30:00 to 2020-08-07 20:00:00 ]
2020-08-08 10:05:42,584 read OIL from av [ 2020-07-29 09:40:00 to 2020-08-07 14:15:00 ]
2020-08-08 10:11:43,271 Time out DX-Y.NYB
2020-08-08 10:11:43,812 read GLD from av [ 2020-07-17 04:05:00 to 2020-08-07 20:00:00 ]
2020-08-08 10:11:44,214 read UUP from av [ 2020-07-17 07:40:00 to 2020-08-07 19:30:00 ]
2020-08-08 10:11:44,586 read SHY from av [ 2020-07-17 09:35:00 to 2020-08-07 16:10:00 ]
2020-08-08 10:11:45,021 read SHV from av [ 2020-07-17 09:35:00 to 2020-08-07 17:10:00 ]
2020-08-08 10:13:45,610 read IEF from av [ 2020-07-17 08:50:00 to 2020-08-07 16:15:00 ]
2020-08-08 10:19:46,250 Time out ^IRX
2020-08-08 10:25:46,907 Time out ^FVX
2020-08-08 10:31:47,672 Time out ^TYX
2020-08-08 10:31:48,236 read SQQQ from av [ 2020-07-17 04:05:00 to 2020-08-07 20:00:00 ]
2020-08-08 10:31:48,896 read TQQQ from av [ 2020-07-17 04:05:00 to 2020-08-07 20:00:00 ]
2020-08-08 10:37:49,666 Time out ^VXX
2020-08-08 10:43:50,232 Time out ^VXZ
2020-08-08 10:43:50,503 read IYE from av [ 2020-07-17 09:35:00 to 2020-08-07 16:00:00 ]
2020-08-08 10:43:50,820 read IYY from av [ 2020-07-17 09:35:00 to 2020-08-07 16:00:00 ]
2020-08-08 10:43:51,239 read IYF from av [ 2020-07-17 09:35:00 to 2020-08-07 16:00:00 ]
2020-08-08 10:43:51,668 read IYR from av [ 2020-07-17 09:35:00 to 2020-08-07 16:25:00 ]
2020-08-08 10:43:52,015 read IYW from av [ 2020-07-17 09:35:00 to 2020-08-07 16:00:00 ]
2020-08-08 10:49:54,030 Time out IYT
2020-08-08 10:49:54,274 read PEJ from av [ 2020-07-17 09:35:00 to 2020-08-07 16:00:00 ]
2020-08-08 10:49:54,720 read USO from av [ 2020-07-17 04:05:00 to 2020-08-07 19:25:00 ]
2020-08-08 10:49:55,130 read DBC from av [ 2020-07-17 09:30:00 to 2020-08-07 16:00:00 ]
2020-08-08 10:49:55,476 read GSG from av [ 2020-07-17 09:35:00 to 2020-08-07 16:10:00 ]
2020-08-08 10:51:56,093 read VTI from av [ 2020-07-17 08:25:00 to 2020-08-07 18:25:00 ]
2020-08-08 10:57:56,889 Time out ^RUT
2020-08-08 10:57:57,162 read FDN from av [ 2020-07-17 09:25:00 to 2020-08-07 16:05:00 ]
2020-08-08 10:57:57,646 read XLV from av [ 2020-07-17 07:05:00 to 2020-08-07 17:05:00 ]
2020-08-08 10:57:58,047 read IBB from av [ 2020-07-17 08:55:00 to 2020-08-07 20:00:00 ]
2020-08-08 10:57:59,356 read KRE from av [ 2020-07-17 09:30:00 to 2020-08-07 17:50:00 ]
2020-08-08 10:57:59,764 read KBE from av [ 2020-07-17 08:15:00 to 2020-08-07 20:00:00 ]
2020-08-08 11:00:00,435 read XLF from av [ 2020-07-17 04:45:00 to 2020-08-07 20:00:00 ]
2020-08-08 11:00:01,868 read XLP from av [ 2020-07-17 08:10:00 to 2020-08-07 20:00:00 ]
2020-08-08 11:00:02,546 read XLY from av [ 2020-07-17 08:05:00 to 2020-08-07 17:20:00 ]
2020-08-08 11:00:03,210 read VNQ from av [ 2020-07-17 08:55:00 to 2020-08-07 20:00:00 ]
2020-08-08 11:00:03,749 read XLB from av [ 2020-07-17 08:10:00 to 2020-08-07 16:35:00 ]
2020-08-08 11:00:04,365 read XLI from av [ 2020-07-17 08:05:00 to 2020-08-07 20:00:00 ]
2020-08-08 11:02:04,958 read KBWB from av [ 2020-07-17 09:35:00 to 2020-08-07 16:00:00 ]
2020-08-08 11:08:05,817 Time out TVIX
2020-08-08 11:14:06,646 Time out ^VVIX
2020-08-08 11:14:06,859 read VIXM from av [ 2020-07-17 08:15:00 to 2020-08-07 16:00:00 ]
2020-08-08 11:14:07,275 read VIXY from av [ 2020-07-17 08:05:00 to 2020-08-07 19:35:00 ]
2020-08-08 11:20:08,074 Time out VXX
2020-08-08 11:20:08,404 read SVXY from av [ 2020-07-17 04:15:00 to 2020-08-07 16:55:00 ]
2020-08-08 11:20:09,059 read UVXY from av [ 2020-07-17 04:05:00 to 2020-08-07 20:00:00 ]
2020-08-08 11:20:09,541 read VIXY from av [ 2020-07-17 08:05:00 to 2020-08-07 19:35:00 ]
