2020-03-07 05:01:21,620 read QQQ from av [ 2020-02-14 09:35:00 to 2020-03-06 16:00:00 ]
2020-03-07 05:01:21,913 read ^VIX from av [ 2020-02-14 09:35:00 to 2020-03-06 16:00:00 ]
2020-03-07 05:01:23,316 read FAS from av [ 2020-02-14 09:35:00 to 2020-03-06 16:00:00 ]
2020-03-07 05:01:26,235 read MIDU from av [ 2020-02-14 09:35:00 to 2020-03-06 16:00:00 ]
2020-03-07 05:01:26,493 read AAPL from av [ 2020-02-14 09:35:00 to 2020-03-06 16:00:00 ]
2020-03-07 05:03:27,851 read GOOG from av [ 2020-02-14 09:35:00 to 2020-03-06 16:00:00 ]
2020-03-07 05:03:29,020 read ^GSPC from av [ 2020-02-14 09:35:00 to 2020-03-06 16:00:00 ]
2020-03-07 05:03:29,386 read ^DJI from av [ 2020-02-14 09:35:00 to 2020-03-06 16:00:00 ]
2020-03-07 05:03:30,576 read ^TNX from av [ 2020-02-19 08:25:00 to 2020-03-06 15:00:00 ]
2020-03-07 05:03:30,846 read MSFT from av [ 2020-02-14 09:35:00 to 2020-03-06 16:00:00 ]
2020-03-07 05:05:32,314 read ^VXGOG from av [ 2020-02-14 09:35:00 to 2020-03-06 16:00:00 ]
2020-03-07 05:05:33,562 read ^VXAPL from av [ 2020-02-14 09:35:00 to 2020-03-06 16:00:00 ]
2020-03-07 05:05:34,729 read ^VXGS from av [ 2020-02-14 09:35:00 to 2020-03-06 16:00:00 ]
2020-03-07 05:05:35,746 read ^VXAZN from av [ 2020-02-14 09:35:00 to 2020-03-06 16:00:00 ]
2020-03-07 05:05:37,070 read ^VXIBM from av [ 2020-02-14 09:35:00 to 2020-03-06 16:00:00 ]
2020-03-07 05:07:38,360 read GS from av [ 2020-02-14 09:35:00 to 2020-03-06 16:00:00 ]
2020-03-07 05:07:39,530 read IBM from av [ 2020-02-14 09:35:00 to 2020-03-06 16:00:00 ]
2020-03-07 05:07:39,891 read FB from av [ 2020-02-14 09:35:00 to 2020-03-06 16:00:00 ]
2020-03-07 05:07:41,060 read ^TYVIX from av [ 2020-02-14 09:35:00 to 2020-03-06 16:00:00 ]
2020-03-07 05:07:41,495 read SPY from av [ 2020-02-14 09:35:00 to 2020-03-06 16:00:00 ]
2020-03-07 05:09:42,867 read GOOGL from av [ 2020-02-14 09:35:00 to 2020-03-06 16:00:00 ]
2020-03-07 05:09:43,987 read JPM from av [ 2020-02-14 09:35:00 to 2020-03-06 16:00:00 ]
2020-03-07 05:09:45,246 read JNJ from av [ 2020-02-14 09:35:00 to 2020-03-06 16:00:00 ]
2020-03-07 05:09:45,516 read BAC from av [ 2020-02-14 09:35:00 to 2020-03-06 16:00:00 ]
2020-03-07 05:09:46,688 read V from av [ 2020-02-14 09:35:00 to 2020-03-06 16:00:00 ]
2020-03-07 05:11:48,063 read WFC from av [ 2020-02-14 09:35:00 to 2020-03-06 16:00:00 ]
2020-03-07 05:11:49,493 read MA from av [ 2020-02-14 09:35:00 to 2020-03-06 16:00:00 ]
2020-03-07 05:11:50,809 read C from av [ 2020-02-14 09:35:00 to 2020-03-06 16:00:00 ]
2020-03-07 05:11:52,060 read PYPL from av [ 2020-02-14 09:35:00 to 2020-03-06 16:00:00 ]
2020-03-07 05:11:53,118 read OIL from av [ 2020-02-14 09:35:00 to 2020-03-06 16:00:00 ]
2020-03-07 05:13:54,635 read DX-Y.NYB from av [ 2020-02-19 00:00:00 to 2020-03-06 17:25:00 ]
2020-03-07 05:13:55,898 read GLD from av [ 2020-02-14 09:35:00 to 2020-03-06 16:00:00 ]
2020-03-07 05:13:57,142 read UUP from av [ 2020-02-14 09:35:00 to 2020-03-06 16:00:00 ]
2020-03-07 05:13:58,307 read SHY from av [ 2020-02-14 09:35:00 to 2020-03-06 16:00:00 ]
2020-03-07 05:13:59,447 read SHV from av [ 2020-02-14 09:35:00 to 2020-03-06 16:00:00 ]
2020-03-07 05:16:00,750 read IEF from av [ 2020-02-14 09:35:00 to 2020-03-06 16:00:00 ]
2020-03-07 05:16:02,027 read ^IRX from av [ 2020-02-19 08:25:00 to 2020-03-06 15:00:00 ]
2020-03-07 05:16:03,134 read ^FVX from av [ 2020-02-19 08:25:00 to 2020-03-06 15:00:00 ]
2020-03-07 05:16:04,157 read ^TYX from av [ 2020-02-19 08:25:00 to 2020-03-06 15:00:00 ]
2020-03-07 05:16:05,240 read SQQQ from av [ 2020-02-14 09:35:00 to 2020-03-06 16:00:00 ]
2020-03-07 05:16:06,941 read TQQQ from av [ 2020-02-14 09:35:00 to 2020-03-06 16:00:00 ]
2020-03-07 05:16:07,956 read ^VXX from av [ 2020-02-14 09:35:00 to 2020-03-06 16:00:00 ]
2020-03-07 05:18:09,275 read ^VXZ from av [ 2020-02-14 09:35:00 to 2020-03-06 16:00:00 ]
2020-03-07 05:18:10,512 read IYE from av [ 2020-02-14 09:35:00 to 2020-03-06 16:00:00 ]
2020-03-07 05:18:11,559 read IYY from av [ 2020-02-14 09:35:00 to 2020-03-06 16:00:00 ]
2020-03-07 05:18:12,914 read IYF from av [ 2020-02-14 09:35:00 to 2020-03-06 16:00:00 ]
2020-03-07 05:18:14,341 read IYR from av [ 2020-02-14 09:35:00 to 2020-03-06 16:00:00 ]
2020-03-07 05:20:15,680 read IYW from av [ 2020-02-14 09:35:00 to 2020-03-06 16:00:00 ]
2020-03-07 05:20:16,856 read IYT from av [ 2020-02-14 09:35:00 to 2020-03-06 16:00:00 ]
2020-03-07 05:20:17,869 read PEJ from av [ 2020-02-14 11:50:00 to 2020-03-06 16:00:00 ]
2020-03-07 05:20:19,132 read USO from av [ 2020-02-14 09:35:00 to 2020-03-06 16:00:00 ]
2020-03-07 05:20:20,215 read DBC from av [ 2020-02-14 09:35:00 to 2020-03-06 16:00:00 ]
2020-03-07 05:22:21,571 read GSG from av [ 2020-02-14 09:35:00 to 2020-03-06 16:00:00 ]
2020-03-07 05:22:24,736 read VTI from av [ 2020-02-14 09:35:00 to 2020-03-06 16:00:00 ]
2020-03-07 05:22:25,856 read ^RUT from av [ 2020-02-14 09:35:00 to 2020-03-06 16:00:00 ]
2020-03-07 05:22:26,965 read FDN from av [ 2020-02-14 09:35:00 to 2020-03-06 16:00:00 ]
2020-03-07 05:22:28,277 read XLV from av [ 2020-02-14 09:35:00 to 2020-03-06 16:00:00 ]
2020-03-07 05:24:29,756 read IBB from av [ 2020-02-14 09:35:00 to 2020-03-06 16:00:00 ]
2020-03-07 05:24:32,463 read KRE from av [ 2020-02-14 09:35:00 to 2020-03-06 16:00:00 ]
2020-03-07 05:24:33,698 read KBE from av [ 2020-02-14 09:35:00 to 2020-03-06 16:00:00 ]
2020-03-07 05:24:34,976 read XLF from av [ 2020-02-14 09:35:00 to 2020-03-06 16:00:00 ]
2020-03-07 05:24:36,229 read XLP from av [ 2020-02-14 09:35:00 to 2020-03-06 16:00:00 ]
2020-03-07 05:26:37,687 read XLY from av [ 2020-02-14 09:35:00 to 2020-03-06 16:00:00 ]
2020-03-07 05:26:38,871 read VNQ from av [ 2020-02-14 09:35:00 to 2020-03-06 16:00:00 ]
2020-03-07 05:26:40,023 read XLB from av [ 2020-02-14 09:35:00 to 2020-03-06 16:00:00 ]
2020-03-07 05:26:41,361 read XLI from av [ 2020-02-14 09:35:00 to 2020-03-06 16:00:00 ]
2020-03-07 05:26:42,586 read KBWB from av [ 2020-02-14 09:35:00 to 2020-03-06 16:00:00 ]
2020-03-07 05:28:43,997 read TVIX from av [ 2020-02-14 09:35:00 to 2020-03-06 16:00:00 ]
2020-03-07 05:28:45,114 read ^VVIX from av [ 2020-02-14 09:35:00 to 2020-03-06 16:00:00 ]
2020-03-07 05:28:47,086 read VIXM from av [ 2020-02-14 09:40:00 to 2020-03-06 16:00:00 ]
2020-03-07 05:28:49,060 read VIXY from av [ 2020-02-14 09:35:00 to 2020-03-06 16:00:00 ]
2020-03-07 05:28:50,277 read VXX from av [ 2020-02-14 09:35:00 to 2020-03-06 16:00:00 ]
2020-03-07 05:30:51,654 read SVXY from av [ 2020-02-14 09:35:00 to 2020-03-06 16:00:00 ]
2020-03-07 05:30:52,897 read UVXY from av [ 2020-02-14 09:35:00 to 2020-03-06 16:00:00 ]
2020-03-07 05:30:54,158 read VIXY from av [ 2020-02-14 09:35:00 to 2020-03-06 16:00:00 ]
