2020-07-25 09:01:26,918 read QQQ from av [ 2020-07-09 04:05:00 to 2020-07-24 20:00:00 ]
2020-07-25 09:07:27,779 Time out ^VIX
2020-07-25 09:07:30,950 read FAS from av [ 2020-07-09 04:10:00 to 2020-07-24 20:00:00 ]
2020-07-25 09:07:33,303 read MIDU from av [ 2020-07-09 09:35:00 to 2020-07-24 16:00:00 ]
2020-07-25 09:07:33,767 read AAPL from av [ 2020-07-09 04:25:00 to 2020-07-24 20:00:00 ]
2020-07-25 09:07:34,134 read GOOG from av [ 2020-07-09 05:55:00 to 2020-07-24 18:15:00 ]
2020-07-25 09:13:35,032 Time out ^GSPC
2020-07-25 09:19:35,832 Time out ^DJI
2020-07-25 09:25:36,434 Time out ^TNX
2020-07-25 09:25:36,847 read MSFT from av [ 2020-07-09 04:05:00 to 2020-07-24 19:55:00 ]
2020-07-25 09:31:37,652 Time out ^VXGOG
2020-07-25 09:37:38,290 Time out ^VXAPL
2020-07-25 09:43:38,855 Time out ^VXGS
2020-07-25 09:49:39,558 Time out ^VXAZN
2020-07-25 09:55:40,275 Time out ^VXIBM
2020-07-25 09:55:42,396 read GS from av [ 2020-07-09 06:55:00 to 2020-07-24 20:00:00 ]
2020-07-25 09:55:44,705 read IBM from av [ 2020-07-09 04:40:00 to 2020-07-24 20:00:00 ]
2020-07-25 09:55:46,988 read FB from av [ 2020-07-09 04:10:00 to 2020-07-24 20:00:00 ]
2020-07-25 10:01:47,663 Time out ^TYVIX
2020-07-25 10:01:49,030 read SPY from av [ 2020-07-09 04:05:00 to 2020-07-24 20:00:00 ]
2020-07-25 10:01:49,617 read GOOGL from av [ 2020-07-09 05:55:00 to 2020-07-24 18:15:00 ]
2020-07-25 10:01:52,111 read JPM from av [ 2020-07-09 06:55:00 to 2020-07-24 19:15:00 ]
2020-07-25 10:01:54,401 read JNJ from av [ 2020-07-09 07:00:00 to 2020-07-24 20:00:00 ]
2020-07-25 10:01:56,869 read BAC from av [ 2020-07-09 04:05:00 to 2020-07-24 20:00:00 ]
2020-07-25 10:04:00,206 read V from av [ 2020-07-09 06:45:00 to 2020-07-24 19:00:00 ]
2020-07-25 10:04:02,340 read WFC from av [ 2020-07-09 04:05:00 to 2020-07-24 20:00:00 ]
2020-07-25 10:04:04,546 read MA from av [ 2020-07-09 05:50:00 to 2020-07-24 20:00:00 ]
2020-07-25 10:04:07,116 read C from av [ 2020-07-09 07:05:00 to 2020-07-24 20:00:00 ]
2020-07-25 10:04:09,409 read PYPL from av [ 2020-07-09 05:50:00 to 2020-07-24 20:00:00 ]
2020-07-25 10:10:10,734 Time out OIL
2020-07-25 10:16:11,410 Time out DX-Y.NYB
2020-07-25 10:16:14,163 read GLD from av [ 2020-07-09 04:05:00 to 2020-07-24 20:00:00 ]
2020-07-25 10:16:16,634 read UUP from av [ 2020-07-09 07:40:00 to 2020-07-24 20:00:00 ]
2020-07-25 10:16:19,480 read SHY from av [ 2020-07-09 07:25:00 to 2020-07-24 16:45:00 ]
2020-07-25 10:16:22,183 read SHV from av [ 2020-07-09 07:30:00 to 2020-07-24 16:50:00 ]
2020-07-25 10:18:25,322 read IEF from av [ 2020-07-09 09:15:00 to 2020-07-24 17:00:00 ]
2020-07-25 10:24:26,043 Time out ^IRX
2020-07-25 10:30:26,607 Time out ^FVX
2020-07-25 10:36:28,007 Time out ^TYX
2020-07-25 10:36:30,866 read SQQQ from av [ 2020-07-10 04:05:00 to 2020-07-24 20:00:00 ]
2020-07-25 10:36:31,385 read TQQQ from av [ 2020-07-09 04:05:00 to 2020-07-24 20:00:00 ]
2020-07-25 10:42:32,086 Time out ^VXX
2020-07-25 10:48:32,634 Time out ^VXZ
2020-07-25 10:48:35,423 read IYE from av [ 2020-07-09 09:35:00 to 2020-07-24 16:00:00 ]
2020-07-25 10:48:37,567 read IYY from av [ 2020-07-09 09:35:00 to 2020-07-24 16:00:00 ]
2020-07-25 10:48:40,309 read IYF from av [ 2020-07-09 09:35:00 to 2020-07-24 16:00:00 ]
2020-07-25 10:48:43,117 read IYR from av [ 2020-07-09 09:35:00 to 2020-07-24 19:30:00 ]
2020-07-25 10:48:46,154 read IYW from av [ 2020-07-09 09:35:00 to 2020-07-24 16:00:00 ]
2020-07-25 10:50:50,173 read IYT from av [ 2020-07-06 09:40:00 to 2020-07-24 14:50:00 ]
2020-07-25 10:50:53,081 read PEJ from av [ 2020-07-09 09:35:00 to 2020-07-24 16:00:00 ]
2020-07-25 10:50:55,737 read USO from av [ 2020-07-09 05:00:00 to 2020-07-24 19:40:00 ]
2020-07-25 10:50:58,405 read DBC from av [ 2020-07-09 09:35:00 to 2020-07-24 16:20:00 ]
2020-07-25 10:51:00,867 read GSG from av [ 2020-07-09 09:35:00 to 2020-07-24 16:00:00 ]
2020-07-25 10:51:03,829 read VTI from av [ 2020-07-09 08:15:00 to 2020-07-24 17:05:00 ]
2020-07-25 10:57:04,494 Time out ^RUT
2020-07-25 10:57:07,449 read FDN from av [ 2020-07-10 09:35:00 to 2020-07-24 16:00:00 ]
2020-07-25 10:57:10,874 read XLV from av [ 2020-07-09 08:25:00 to 2020-07-24 20:00:00 ]
2020-07-25 10:57:13,707 read IBB from av [ 2020-07-10 08:30:00 to 2020-07-24 19:55:00 ]
2020-07-25 10:57:16,640 read KRE from av [ 2020-07-09 09:10:00 to 2020-07-24 18:55:00 ]
2020-07-25 10:57:19,373 read KBE from av [ 2020-07-09 08:50:00 to 2020-07-24 16:20:00 ]
2020-07-25 10:59:23,629 read XLF from av [ 2020-07-09 05:05:00 to 2020-07-24 20:00:00 ]
2020-07-25 10:59:26,752 read XLP from av [ 2020-07-09 08:15:00 to 2020-07-24 17:00:00 ]
2020-07-25 10:59:29,774 read XLY from av [ 2020-07-09 07:25:00 to 2020-07-24 17:15:00 ]
2020-07-25 10:59:32,571 read VNQ from av [ 2020-07-09 07:35:00 to 2020-07-24 16:20:00 ]
2020-07-25 10:59:35,437 read XLB from av [ 2020-07-09 09:35:00 to 2020-07-24 19:00:00 ]
2020-07-25 11:01:38,493 read XLI from av [ 2020-07-09 08:15:00 to 2020-07-24 19:00:00 ]
2020-07-25 11:01:41,596 read KBWB from av [ 2020-07-09 09:35:00 to 2020-07-24 16:00:00 ]
2020-07-25 11:07:42,709 Time out TVIX
2020-07-25 11:13:43,394 Time out ^VVIX
2020-07-25 11:13:45,109 read VIXM from av [ 2020-07-09 09:35:00 to 2020-07-24 16:35:00 ]
2020-07-25 11:13:48,132 read VIXY from av [ 2020-07-09 06:40:00 to 2020-07-24 20:00:00 ]
2020-07-25 11:13:51,369 read VXX from av [ 2020-07-06 09:35:00 to 2020-07-24 15:10:00 ]
2020-07-25 11:13:54,626 read SVXY from av [ 2020-07-09 07:50:00 to 2020-07-24 20:00:00 ]
2020-07-25 11:13:57,807 read UVXY from av [ 2020-07-10 04:05:00 to 2020-07-24 20:00:00 ]
2020-07-25 11:16:01,563 read VIXY from av [ 2020-07-09 06:40:00 to 2020-07-24 20:00:00 ]
