2020-11-14 10:01:54,939 read QQQ from av [ 2020-10-16 04:05:00 to 2020-11-13 20:00:00 ]
2020-11-14 10:07:56,072 Time out ^VIX
2020-11-14 10:07:56,483 read FAS from av [ 2020-10-19 07:05:00 to 2020-11-13 19:50:00 ]
2020-11-14 10:07:57,429 read MIDU from av [ 2020-10-19 09:30:00 to 2020-11-13 16:10:00 ]
2020-11-14 10:07:58,099 read AAPL from av [ 2020-10-16 04:05:00 to 2020-11-13 20:00:00 ]
2020-11-14 10:07:58,743 read GOOG from av [ 2020-10-16 06:35:00 to 2020-11-13 19:10:00 ]
2020-11-14 10:13:59,618 Time out ^GSPC
2020-11-14 10:20:00,395 Time out ^DJI
2020-11-14 10:26:00,980 Time out ^TNX
2020-11-14 10:26:01,672 read MSFT from av [ 2020-10-16 04:20:00 to 2020-11-13 19:50:00 ]
2020-11-14 10:32:04,124 Time out ^VXGOG
2020-11-14 10:38:04,728 Time out ^VXAPL
2020-11-14 10:44:05,376 Time out ^VXGS
2020-11-14 10:50:05,945 Time out ^VXAZN
2020-11-14 10:56:06,594 Time out ^VXIBM
2020-11-14 10:56:07,014 read GS from av [ 2020-10-19 06:35:00 to 2020-11-13 18:45:00 ]
2020-11-14 10:56:07,736 read IBM from av [ 2020-10-16 04:05:00 to 2020-11-13 20:00:00 ]
2020-11-14 10:56:08,520 read FB from av [ 2020-10-16 04:30:00 to 2020-11-13 20:00:00 ]
2020-11-14 11:02:09,382 Time out ^TYVIX
2020-11-14 11:02:09,967 read SPY from av [ 2020-10-16 04:05:00 to 2020-11-13 20:00:00 ]
2020-11-14 11:02:10,676 read GOOGL from av [ 2020-10-16 07:30:00 to 2020-11-13 19:25:00 ]
2020-11-14 11:02:11,394 read JPM from av [ 2020-10-16 07:05:00 to 2020-11-13 20:00:00 ]
2020-11-14 11:02:11,992 read JNJ from av [ 2020-10-19 04:05:00 to 2020-11-13 19:55:00 ]
2020-11-14 11:02:12,793 read BAC from av [ 2020-10-19 04:20:00 to 2020-11-13 20:00:00 ]
2020-11-14 11:04:13,685 read V from av [ 2020-10-19 04:10:00 to 2020-11-13 19:45:00 ]
2020-11-14 11:04:14,457 read WFC from av [ 2020-10-19 04:05:00 to 2020-11-13 20:00:00 ]
2020-11-14 11:04:15,028 read MA from av [ 2020-10-19 04:05:00 to 2020-11-13 18:45:00 ]
2020-11-14 11:04:15,709 read C from av [ 2020-10-19 04:05:00 to 2020-11-13 20:00:00 ]
2020-11-14 11:04:16,647 read PYPL from av [ 2020-10-16 05:35:00 to 2020-11-13 20:00:00 ]
2020-11-14 11:06:17,196 read OIL from av [ 2020-10-19 09:35:00 to 2020-11-13 15:35:00 ]
2020-11-14 11:12:17,996 Time out DX-Y.NYB
2020-11-14 11:12:19,177 read GLD from av [ 2020-10-19 04:05:00 to 2020-11-13 18:35:00 ]
2020-11-14 11:12:19,791 read UUP from av [ 2020-10-19 05:30:00 to 2020-11-13 17:55:00 ]
2020-11-14 11:12:20,272 read SHY from av [ 2020-10-19 09:35:00 to 2020-11-13 16:20:00 ]
2020-11-14 11:12:22,352 read SHV from av [ 2020-10-19 09:35:00 to 2020-11-13 17:55:00 ]
2020-11-14 11:14:23,131 read IEF from av [ 2020-10-19 08:25:00 to 2020-11-13 17:55:00 ]
2020-11-14 11:20:23,938 Time out ^IRX
2020-11-14 11:26:24,441 Time out ^FVX
2020-11-14 11:32:25,109 Time out ^TYX
2020-11-14 11:32:25,942 read SQQQ from av [ 2020-10-19 04:05:00 to 2020-11-13 20:00:00 ]
2020-11-14 11:32:26,911 read TQQQ from av [ 2020-10-19 04:05:00 to 2020-11-13 20:00:00 ]
2020-11-14 11:38:27,851 Time out ^VXX
2020-11-14 11:44:28,451 Time out ^VXZ
2020-11-14 11:44:28,772 read IYE from av [ 2020-10-19 09:35:00 to 2020-11-13 16:15:00 ]
2020-11-14 11:44:29,181 read IYY from av [ 2020-10-19 09:35:00 to 2020-11-13 16:00:00 ]
2020-11-14 11:44:29,587 read IYF from av [ 2020-10-19 09:35:00 to 2020-11-13 16:00:00 ]
2020-11-14 11:44:30,146 read IYR from av [ 2020-10-19 09:30:00 to 2020-11-13 16:50:00 ]
2020-11-14 11:44:30,650 read IYW from av [ 2020-10-19 09:35:00 to 2020-11-13 16:05:00 ]
2020-11-14 11:46:33,611 read IYT from av [ 2020-10-19 09:30:00 to 2020-11-13 16:00:00 ]
2020-11-14 11:46:35,729 read PEJ from av [ 2020-10-19 07:55:00 to 2020-11-13 16:00:00 ]
2020-11-14 11:46:36,260 read USO from av [ 2020-10-19 04:05:00 to 2020-11-13 19:35:00 ]
2020-11-14 11:46:36,954 read DBC from av [ 2020-10-19 09:30:00 to 2020-11-13 16:05:00 ]
2020-11-14 11:46:37,592 read GSG from av [ 2020-10-19 09:35:00 to 2020-11-13 16:00:00 ]
2020-11-14 11:48:38,274 read VTI from av [ 2020-10-16 09:15:00 to 2020-11-13 19:55:00 ]
2020-11-14 11:54:39,688 Time out ^RUT
2020-11-14 11:54:40,497 read FDN from av [ 2020-10-19 09:35:00 to 2020-11-13 16:15:00 ]
2020-11-14 11:54:41,196 read XLV from av [ 2020-10-19 04:45:00 to 2020-11-13 18:20:00 ]
2020-11-14 11:54:41,688 read IBB from av [ 2020-10-19 08:20:00 to 2020-11-13 16:30:00 ]
2020-11-14 11:54:42,211 read KRE from av [ 2020-10-19 04:35:00 to 2020-11-13 18:15:00 ]
2020-11-14 11:54:42,705 read KBE from av [ 2020-10-19 09:30:00 to 2020-11-13 19:05:00 ]
2020-11-14 11:56:43,501 read XLF from av [ 2020-10-19 04:05:00 to 2020-11-13 20:00:00 ]
2020-11-14 11:56:44,061 read XLP from av [ 2020-10-19 05:40:00 to 2020-11-13 17:10:00 ]
2020-11-14 11:56:44,566 read XLY from av [ 2020-10-19 05:55:00 to 2020-11-13 16:55:00 ]
2020-11-14 11:56:45,042 read VNQ from av [ 2020-10-19 08:15:00 to 2020-11-13 18:45:00 ]
2020-11-14 11:56:45,597 read XLB from av [ 2020-10-19 08:15:00 to 2020-11-13 17:55:00 ]
2020-11-14 11:58:46,354 read XLI from av [ 2020-10-19 08:05:00 to 2020-11-13 20:00:00 ]
2020-11-14 11:58:46,859 read KBWB from av [ 2020-10-19 09:35:00 to 2020-11-13 16:05:00 ]
2020-11-14 12:04:47,663 Time out TVIX
2020-11-14 12:10:48,315 Time out ^VVIX
2020-11-14 12:10:48,619 read VIXM from av [ 2020-10-16 09:55:00 to 2020-11-13 16:05:00 ]
2020-11-14 12:10:49,255 read VIXY from av [ 2020-10-19 08:05:00 to 2020-11-13 19:35:00 ]
2020-11-14 12:10:50,002 read VXX from av [ 2020-10-19 04:05:00 to 2020-11-13 20:00:00 ]
2020-11-14 12:10:50,763 read SVXY from av [ 2020-10-19 07:35:00 to 2020-11-13 18:55:00 ]
2020-11-14 12:10:51,641 read UVXY from av [ 2020-10-19 04:05:00 to 2020-11-13 20:00:00 ]
2020-11-14 12:12:52,667 read VIXY from av [ 2020-10-19 08:05:00 to 2020-11-13 19:35:00 ]
