2020-04-04 09:01:29,602 read QQQ from av [ 2020-03-16 09:35:00 to 2020-04-03 16:00:00 ]
2020-04-04 09:01:30,818 read ^VIX from av [ 2020-03-16 09:50:00 to 2020-04-03 16:00:00 ]
2020-04-04 09:01:31,995 read FAS from av [ 2020-03-16 09:35:00 to 2020-04-03 16:00:00 ]
2020-04-04 09:01:33,124 read MIDU from av [ 2020-03-16 09:35:00 to 2020-04-03 16:00:00 ]
2020-04-04 09:01:33,393 read AAPL from av [ 2020-03-16 09:35:00 to 2020-04-03 16:00:00 ]
2020-04-04 09:03:34,108 read GOOG from av [ 2020-03-16 09:50:00 to 2020-04-03 16:00:00 ]
2020-04-04 09:03:35,104 read ^GSPC from av [ 2020-03-16 09:35:00 to 2020-04-03 16:00:00 ]
2020-04-04 09:03:35,406 read ^DJI from av [ 2020-03-16 09:35:00 to 2020-04-03 16:00:00 ]
2020-04-04 09:03:36,418 read ^TNX from av [ 2020-03-18 08:25:00 to 2020-04-03 15:00:00 ]
2020-04-04 09:03:36,700 read MSFT from av [ 2020-03-16 09:35:00 to 2020-04-03 16:00:00 ]
2020-04-04 09:05:37,924 read ^VXGOG from av [ 2020-03-16 09:35:00 to 2020-04-03 16:00:00 ]
2020-04-04 09:05:39,007 read ^VXAPL from av [ 2020-03-16 09:35:00 to 2020-04-03 16:00:00 ]
2020-04-04 09:05:40,060 read ^VXGS from av [ 2020-03-16 09:35:00 to 2020-04-03 16:00:00 ]
2020-04-04 09:05:41,096 read ^VXAZN from av [ 2020-03-16 09:35:00 to 2020-04-03 16:00:00 ]
2020-04-04 09:05:42,028 read ^VXIBM from av [ 2020-03-16 09:35:00 to 2020-04-03 16:00:00 ]
2020-04-04 09:07:43,370 read GS from av [ 2020-03-16 09:50:00 to 2020-04-03 16:00:00 ]
2020-04-04 09:07:44,621 read IBM from av [ 2020-03-16 09:35:00 to 2020-04-03 16:00:00 ]
2020-04-04 09:07:45,719 read FB from av [ 2020-03-16 09:35:00 to 2020-04-03 16:00:00 ]
2020-04-04 09:07:46,628 read ^TYVIX from av [ 2020-03-16 09:35:00 to 2020-04-03 16:00:00 ]
2020-04-04 09:07:47,699 read SPY from av [ 2020-03-16 09:35:00 to 2020-04-03 16:00:00 ]
2020-04-04 09:09:49,056 read GOOGL from av [ 2020-03-16 09:35:00 to 2020-04-03 16:00:00 ]
2020-04-04 09:09:50,232 read JPM from av [ 2020-03-16 09:35:00 to 2020-04-03 16:00:00 ]
2020-04-04 09:09:51,342 read JNJ from av [ 2020-03-16 09:35:00 to 2020-04-03 16:00:00 ]
2020-04-04 09:09:52,657 read BAC from av [ 2020-03-16 09:35:00 to 2020-04-03 16:00:00 ]
2020-04-04 09:09:53,701 read V from av [ 2020-03-16 09:35:00 to 2020-04-03 16:00:00 ]
2020-04-04 09:11:54,193 read WFC from av [ 2020-03-16 09:35:00 to 2020-04-03 16:00:00 ]
2020-04-04 09:11:55,278 read MA from av [ 2020-03-16 09:35:00 to 2020-04-03 16:00:00 ]
2020-04-04 09:11:56,381 read C from av [ 2020-03-16 09:35:00 to 2020-04-03 16:00:00 ]
2020-04-04 09:11:57,417 read PYPL from av [ 2020-03-16 09:50:00 to 2020-04-03 16:00:00 ]
2020-04-04 09:11:58,272 read OIL from av [ 2020-04-03 09:35:00 to 2020-04-03 16:00:00 ]
2020-04-04 09:13:59,709 read DX-Y.NYB from av [ 2020-03-18 00:00:00 to 2020-04-03 18:00:00 ]
2020-04-04 09:14:00,072 read GLD from av [ 2020-03-16 09:35:00 to 2020-04-03 16:00:00 ]
2020-04-04 09:14:01,146 read UUP from av [ 2020-03-16 09:35:00 to 2020-04-03 16:00:00 ]
2020-04-04 09:14:02,300 read SHY from av [ 2020-03-16 09:35:00 to 2020-04-03 16:00:00 ]
2020-04-04 09:14:03,544 read SHV from av [ 2020-03-16 09:35:00 to 2020-04-03 16:00:00 ]
2020-04-04 09:14:05,550 read IEF from av [ 2020-03-16 09:35:00 to 2020-04-03 16:00:00 ]
2020-04-04 09:14:06,924 read ^IRX from av [ 2020-03-16 09:35:00 to 2020-04-03 15:00:00 ]
2020-04-04 09:14:07,989 read ^FVX from av [ 2020-03-18 08:25:00 to 2020-04-03 15:00:00 ]
2020-04-04 09:16:09,183 read ^TYX from av [ 2020-03-18 08:25:00 to 2020-04-03 15:00:00 ]
2020-04-04 09:16:10,342 read SQQQ from av [ 2020-03-16 09:35:00 to 2020-04-03 16:00:00 ]
2020-04-04 09:16:11,489 read TQQQ from av [ 2020-03-16 09:35:00 to 2020-04-03 16:00:00 ]
2020-04-04 09:16:12,548 read ^VXX from av [ 2020-03-16 09:35:00 to 2020-04-03 16:00:00 ]
2020-04-04 09:16:13,567 read ^VXZ from av [ 2020-03-16 09:35:00 to 2020-04-03 16:00:00 ]
2020-04-04 09:18:14,953 read IYE from av [ 2020-03-16 09:35:00 to 2020-04-03 16:00:00 ]
2020-04-04 09:18:17,217 read IYY from av [ 2020-03-16 09:35:00 to 2020-04-03 16:00:00 ]
2020-04-04 09:18:18,305 read IYF from av [ 2020-03-16 09:35:00 to 2020-04-03 16:00:00 ]
2020-04-04 09:18:19,320 read IYR from av [ 2020-03-16 09:35:00 to 2020-04-03 16:00:00 ]
2020-04-04 09:18:20,329 read IYW from av [ 2020-03-16 09:35:00 to 2020-04-03 16:00:00 ]
2020-04-04 09:20:21,475 read IYT from av [ 2020-03-16 09:35:00 to 2020-04-03 16:00:00 ]
2020-04-04 09:20:22,483 read PEJ from av [ 2020-03-16 09:35:00 to 2020-04-03 16:00:00 ]
2020-04-04 09:20:23,627 read USO from av [ 2020-03-16 09:35:00 to 2020-04-03 16:00:00 ]
2020-04-04 09:20:24,673 read DBC from av [ 2020-03-16 09:35:00 to 2020-04-03 16:00:00 ]
2020-04-04 09:20:25,685 read GSG from av [ 2020-03-16 09:35:00 to 2020-04-03 16:00:00 ]
2020-04-04 09:22:26,918 read VTI from av [ 2020-03-16 09:35:00 to 2020-04-03 16:00:00 ]
2020-04-04 09:22:27,970 read ^RUT from av [ 2020-03-16 09:35:00 to 2020-04-03 16:00:00 ]
2020-04-04 09:22:28,997 read FDN from av [ 2020-03-16 09:35:00 to 2020-04-03 16:00:00 ]
2020-04-04 09:22:30,054 read XLV from av [ 2020-03-16 09:35:00 to 2020-04-03 16:00:00 ]
2020-04-04 09:22:31,240 read IBB from av [ 2020-03-16 09:35:00 to 2020-04-03 16:00:00 ]
2020-04-04 09:24:32,508 read KRE from av [ 2020-03-16 09:35:00 to 2020-04-03 16:00:00 ]
2020-04-04 09:24:33,593 read KBE from av [ 2020-03-16 09:35:00 to 2020-04-03 16:00:00 ]
2020-04-04 09:24:34,667 read XLF from av [ 2020-03-16 09:35:00 to 2020-04-03 16:00:00 ]
2020-04-04 09:24:35,722 read XLP from av [ 2020-03-16 09:35:00 to 2020-04-03 16:00:00 ]
2020-04-04 09:24:36,732 read XLY from av [ 2020-03-16 09:35:00 to 2020-04-03 16:00:00 ]
2020-04-04 09:26:37,917 read VNQ from av [ 2020-03-16 09:35:00 to 2020-04-03 16:00:00 ]
2020-04-04 09:26:39,088 read XLB from av [ 2020-03-16 09:35:00 to 2020-04-03 16:00:00 ]
2020-04-04 09:26:39,925 read XLI from av [ 2020-04-03 09:35:00 to 2020-04-03 16:00:00 ]
2020-04-04 09:26:40,974 read KBWB from av [ 2020-03-16 09:35:00 to 2020-04-03 16:00:00 ]
2020-04-04 09:26:42,032 read TVIX from av [ 2020-03-16 09:35:00 to 2020-04-03 16:00:00 ]
2020-04-04 09:28:43,198 read ^VVIX from av [ 2020-03-16 09:35:00 to 2020-04-03 16:00:00 ]
2020-04-04 09:28:44,232 read VIXM from av [ 2020-03-16 09:35:00 to 2020-04-03 16:00:00 ]
2020-04-04 09:28:45,364 read VIXY from av [ 2020-03-16 09:35:00 to 2020-04-03 16:00:00 ]
2020-04-04 09:28:46,420 read VXX from av [ 2020-03-16 09:35:00 to 2020-04-03 16:00:00 ]
2020-04-04 09:28:47,440 read SVXY from av [ 2020-03-16 09:35:00 to 2020-04-03 16:00:00 ]
2020-04-04 09:30:48,735 read UVXY from av [ 2020-03-16 09:35:00 to 2020-04-03 16:00:00 ]
2020-04-04 09:30:49,917 read VIXY from av [ 2020-03-16 09:35:00 to 2020-04-03 16:00:00 ]
