2020-06-06 09:01:23,633 read QQQ from av [ 2020-05-15 09:35:00 to 2020-06-05 16:00:00 ]
2020-06-06 09:01:24,581 read ^VIX from av [ 2020-05-15 09:35:00 to 2020-06-05 16:00:00 ]
2020-06-06 09:01:26,295 read FAS from av [ 2020-05-15 09:35:00 to 2020-06-05 16:00:00 ]
2020-06-06 09:01:27,682 read MIDU from av [ 2020-05-15 09:35:00 to 2020-06-05 16:00:00 ]
2020-06-06 09:01:28,033 read AAPL from av [ 2020-05-15 09:35:00 to 2020-06-05 16:00:00 ]
2020-06-06 09:03:29,607 read GOOG from av [ 2020-05-15 09:35:00 to 2020-06-05 16:00:00 ]
2020-06-06 09:09:30,319 Time out ^GSPC
2020-06-06 09:15:31,062 Time out ^DJI
2020-06-06 09:15:31,930 read ^TNX from av [ 2020-05-20 08:25:00 to 2020-06-05 15:00:00 ]
2020-06-06 09:15:32,302 read MSFT from av [ 2020-05-15 09:35:00 to 2020-06-05 16:00:00 ]
2020-06-06 09:15:33,217 read ^VXGOG from av [ 2020-05-15 09:35:00 to 2020-06-05 16:00:00 ]
2020-06-06 09:15:34,149 read ^VXAPL from av [ 2020-05-15 09:35:00 to 2020-06-05 16:00:00 ]
2020-06-06 09:15:35,033 read ^VXGS from av [ 2020-05-15 09:35:00 to 2020-06-05 16:00:00 ]
2020-06-06 09:17:36,158 read ^VXAZN from av [ 2020-05-15 09:35:00 to 2020-06-05 16:00:00 ]
2020-06-06 09:17:37,080 read ^VXIBM from av [ 2020-05-15 09:35:00 to 2020-06-05 16:00:00 ]
2020-06-06 09:17:38,976 read GS from av [ 2020-05-15 09:35:00 to 2020-06-05 16:00:00 ]
2020-06-06 09:17:39,310 read IBM from av [ 2020-05-15 09:35:00 to 2020-06-05 16:00:00 ]
2020-06-06 09:17:39,611 read FB from av [ 2020-05-15 09:35:00 to 2020-06-05 16:00:00 ]
2020-06-06 09:19:40,780 read ^TYVIX from av [ 2020-05-15 09:35:00 to 2020-05-15 16:00:00 ]
2020-06-06 09:19:41,116 read SPY from av [ 2020-05-15 09:35:00 to 2020-06-05 16:00:00 ]
2020-06-06 09:19:42,580 read GOOGL from av [ 2020-05-15 09:35:00 to 2020-06-05 16:00:00 ]
2020-06-06 09:19:42,905 read JPM from av [ 2020-05-15 09:35:00 to 2020-06-05 16:00:00 ]
2020-06-06 09:19:43,324 read JNJ from av [ 2020-05-15 09:35:00 to 2020-06-05 16:00:00 ]
2020-06-06 09:21:44,932 read BAC from av [ 2020-05-15 09:35:00 to 2020-06-05 16:00:00 ]
2020-06-06 09:21:46,462 read V from av [ 2020-05-15 09:35:00 to 2020-06-05 16:00:00 ]
2020-06-06 09:21:47,917 read WFC from av [ 2020-05-15 09:35:00 to 2020-06-05 16:00:00 ]
2020-06-06 09:21:49,404 read MA from av [ 2020-05-15 09:35:00 to 2020-06-05 16:00:00 ]
2020-06-06 09:21:50,872 read C from av [ 2020-05-15 09:35:00 to 2020-06-05 16:00:00 ]
2020-06-06 09:23:52,693 read PYPL from av [ 2020-05-15 09:35:00 to 2020-06-05 16:00:00 ]
2020-06-06 09:29:53,564 Time out OIL
2020-06-06 09:29:54,751 read DX-Y.NYB from av [ 2020-05-20 00:00:00 to 2020-06-05 18:00:00 ]
2020-06-06 09:29:56,580 read GLD from av [ 2020-05-15 09:35:00 to 2020-06-05 16:00:00 ]
2020-06-06 09:29:58,010 read UUP from av [ 2020-05-15 09:35:00 to 2020-06-05 16:00:00 ]
2020-06-06 09:29:59,457 read SHY from av [ 2020-05-15 09:35:00 to 2020-06-05 15:55:00 ]
2020-06-06 09:32:01,028 read SHV from av [ 2020-05-15 09:35:00 to 2020-06-05 16:00:00 ]
2020-06-06 09:32:02,522 read IEF from av [ 2020-05-15 09:35:00 to 2020-06-05 16:00:00 ]
2020-06-06 09:32:03,484 read ^IRX from av [ 2020-05-20 08:25:00 to 2020-06-05 15:00:00 ]
2020-06-06 09:32:04,466 read ^FVX from av [ 2020-05-20 08:25:00 to 2020-06-05 15:00:00 ]
2020-06-06 09:32:05,570 read ^TYX from av [ 2020-05-20 08:25:00 to 2020-06-05 15:00:00 ]
2020-06-06 09:32:07,091 read SQQQ from av [ 2020-05-15 09:35:00 to 2020-06-05 16:00:00 ]
2020-06-06 09:34:08,767 read TQQQ from av [ 2020-05-15 09:35:00 to 2020-06-05 16:00:00 ]
2020-06-06 09:34:09,747 read ^VXX from av [ 2020-05-15 09:35:00 to 2020-06-05 16:00:00 ]
2020-06-06 09:34:10,666 read ^VXZ from av [ 2020-05-15 09:35:00 to 2020-06-05 16:00:00 ]
2020-06-06 09:34:12,311 read IYE from av [ 2020-05-15 09:35:00 to 2020-06-05 16:00:00 ]
2020-06-06 09:34:13,609 read IYY from av [ 2020-05-15 09:35:00 to 2020-06-05 16:00:00 ]
2020-06-06 09:36:15,271 read IYF from av [ 2020-05-15 09:35:00 to 2020-06-05 16:00:00 ]
2020-06-06 09:36:16,755 read IYR from av [ 2020-05-15 09:35:00 to 2020-06-05 16:00:00 ]
2020-06-06 09:36:18,235 read IYW from av [ 2020-05-15 09:35:00 to 2020-06-05 16:00:00 ]
2020-06-06 09:36:19,898 read IYT from av [ 2020-05-15 09:35:00 to 2020-06-05 16:00:00 ]
2020-06-06 09:36:21,287 read PEJ from av [ 2020-05-15 09:35:00 to 2020-06-05 16:00:00 ]
2020-06-06 09:38:23,111 read USO from av [ 2020-05-15 09:35:00 to 2020-06-05 16:00:00 ]
2020-06-06 09:38:24,574 read DBC from av [ 2020-05-15 09:35:00 to 2020-06-05 16:00:00 ]
2020-06-06 09:38:25,977 read GSG from av [ 2020-05-15 09:35:00 to 2020-06-05 16:00:00 ]
2020-06-06 09:38:27,417 read VTI from av [ 2020-05-15 09:35:00 to 2020-06-05 16:00:00 ]
2020-06-06 09:38:28,444 read ^RUT from av [ 2020-05-15 09:35:00 to 2020-06-05 16:00:00 ]
2020-06-06 09:40:30,656 read FDN from av [ 2020-05-15 09:35:00 to 2020-06-05 16:00:00 ]
2020-06-06 09:40:32,136 read XLV from av [ 2020-05-15 09:35:00 to 2020-06-05 16:00:00 ]
2020-06-06 09:40:33,664 read IBB from av [ 2020-05-15 09:35:00 to 2020-06-05 16:00:00 ]
2020-06-06 09:40:35,027 read KRE from av [ 2020-05-15 09:35:00 to 2020-06-05 16:00:00 ]
2020-06-06 09:40:36,496 read KBE from av [ 2020-05-15 09:35:00 to 2020-06-05 16:00:00 ]
2020-06-06 09:42:38,043 read XLF from av [ 2020-05-15 09:35:00 to 2020-06-05 16:00:00 ]
2020-06-06 09:42:39,505 read XLP from av [ 2020-05-15 09:35:00 to 2020-06-05 16:00:00 ]
2020-06-06 09:42:40,934 read XLY from av [ 2020-05-15 09:35:00 to 2020-06-05 16:00:00 ]
2020-06-06 09:42:42,370 read VNQ from av [ 2020-05-15 09:35:00 to 2020-06-05 16:00:00 ]
2020-06-06 09:42:43,820 read XLB from av [ 2020-05-15 09:35:00 to 2020-06-05 16:00:00 ]
2020-06-06 09:44:45,462 read XLI from av [ 2020-05-15 09:35:00 to 2020-06-05 16:00:00 ]
2020-06-06 09:44:46,889 read KBWB from av [ 2020-05-15 09:35:00 to 2020-06-05 16:00:00 ]
2020-06-06 09:44:48,552 read TVIX from av [ 2020-05-15 09:35:00 to 2020-06-05 16:00:00 ]
2020-06-06 09:44:49,466 read ^VVIX from av [ 2020-05-15 09:35:00 to 2020-06-05 16:00:00 ]
2020-06-06 09:44:50,543 read VIXM from av [ 2020-05-15 09:35:00 to 2020-06-05 16:00:00 ]
2020-06-06 09:46:52,176 read VIXY from av [ 2020-05-15 09:35:00 to 2020-06-05 16:00:00 ]
2020-06-06 09:46:53,693 read VXX from av [ 2020-05-15 09:35:00 to 2020-06-05 16:00:00 ]
2020-06-06 09:46:55,225 read SVXY from av [ 2020-05-15 09:35:00 to 2020-06-05 16:00:00 ]
2020-06-06 09:46:56,879 read UVXY from av [ 2020-05-15 09:35:00 to 2020-06-05 16:00:00 ]
2020-06-06 09:46:57,228 read VIXY from av [ 2020-05-15 09:35:00 to 2020-06-05 16:00:00 ]
