2020-08-01 09:01:27,009 read QQQ from av [ 2020-07-10 04:05:00 to 2020-07-31 20:00:00 ]
2020-08-01 09:07:28,079 Time out ^VIX
2020-08-01 09:07:31,938 read FAS from av [ 2020-07-10 04:05:00 to 2020-07-31 20:00:00 ]
2020-08-01 09:07:34,571 read MIDU from av [ 2020-07-13 07:05:00 to 2020-07-31 16:15:00 ]
2020-08-01 09:07:35,152 read AAPL from av [ 2020-07-10 04:05:00 to 2020-07-31 20:00:00 ]
2020-08-01 09:07:35,541 read GOOG from av [ 2020-07-10 08:05:00 to 2020-07-31 19:55:00 ]
2020-08-01 09:13:36,259 Time out ^GSPC
2020-08-01 09:19:36,791 Time out ^DJI
2020-08-01 09:25:37,338 Time out ^TNX
2020-08-01 09:25:37,835 read MSFT from av [ 2020-07-10 04:10:00 to 2020-07-31 20:00:00 ]
2020-08-01 09:31:38,608 Time out ^VXGOG
2020-08-01 09:37:39,265 Time out ^VXAPL
2020-08-01 09:43:39,886 Time out ^VXGS
2020-08-01 09:49:40,466 Time out ^VXAZN
2020-08-01 09:55:41,000 Time out ^VXIBM
2020-08-01 09:55:43,161 read GS from av [ 2020-07-10 07:40:00 to 2020-07-31 19:15:00 ]
2020-08-01 09:55:43,642 read IBM from av [ 2020-07-10 04:05:00 to 2020-07-31 18:05:00 ]
2020-08-01 09:55:46,271 read FB from av [ 2020-07-10 04:05:00 to 2020-07-31 20:00:00 ]
2020-08-01 10:01:46,913 Time out ^TYVIX
2020-08-01 10:01:47,360 read SPY from av [ 2020-07-10 04:05:00 to 2020-07-31 20:00:00 ]
2020-08-01 10:01:47,965 read GOOGL from av [ 2020-07-10 08:05:00 to 2020-07-31 19:20:00 ]
2020-08-01 10:01:50,461 read JPM from av [ 2020-07-10 04:05:00 to 2020-07-31 20:00:00 ]
2020-08-01 10:01:52,845 read JNJ from av [ 2020-07-10 07:20:00 to 2020-07-31 18:55:00 ]
2020-08-01 10:01:55,119 read BAC from av [ 2020-07-10 04:05:00 to 2020-07-31 20:00:00 ]
2020-08-01 10:03:57,698 read V from av [ 2020-07-10 07:05:00 to 2020-07-31 19:55:00 ]
2020-08-01 10:03:59,843 read WFC from av [ 2020-07-10 04:05:00 to 2020-07-31 20:00:00 ]
2020-08-01 10:04:02,566 read MA from av [ 2020-07-10 07:25:00 to 2020-07-31 17:00:00 ]
2020-08-01 10:04:05,316 read C from av [ 2020-07-10 04:35:00 to 2020-07-31 19:55:00 ]
2020-08-01 10:04:07,791 read PYPL from av [ 2020-07-10 07:05:00 to 2020-07-31 20:00:00 ]
2020-08-01 10:04:16,701 read OIL from av [ 2020-07-29 09:40:00 to 2020-07-31 16:00:00 ]
2020-08-01 10:10:17,348 Time out DX-Y.NYB
2020-08-01 10:10:20,989 read GLD from av [ 2020-07-10 04:05:00 to 2020-07-31 20:00:00 ]
2020-08-01 10:10:23,850 read UUP from av [ 2020-07-10 09:05:00 to 2020-07-31 19:35:00 ]
2020-08-01 10:10:26,510 read SHY from av [ 2020-07-13 08:15:00 to 2020-07-31 18:55:00 ]
2020-08-01 10:10:29,282 read SHV from av [ 2020-07-13 08:25:00 to 2020-07-31 16:25:00 ]
2020-08-01 10:12:32,134 read IEF from av [ 2020-07-10 08:05:00 to 2020-07-31 16:40:00 ]
2020-08-01 10:18:32,859 Time out ^IRX
2020-08-01 10:24:33,520 Time out ^FVX
2020-08-01 10:30:34,040 Time out ^TYX
2020-08-01 10:30:37,542 read SQQQ from av [ 2020-07-10 04:05:00 to 2020-07-31 20:00:00 ]
2020-08-01 10:30:41,391 read TQQQ from av [ 2020-07-10 04:05:00 to 2020-07-31 20:00:00 ]
2020-08-01 10:36:42,109 Time out ^VXX
2020-08-01 10:42:42,748 Time out ^VXZ
2020-08-01 10:42:45,420 read IYE from av [ 2020-07-13 08:55:00 to 2020-07-31 18:20:00 ]
2020-08-01 10:42:47,798 read IYY from av [ 2020-07-13 09:35:00 to 2020-07-31 16:00:00 ]
2020-08-01 10:42:50,908 read IYF from av [ 2020-07-13 09:35:00 to 2020-07-31 16:05:00 ]
2020-08-01 10:42:54,049 read IYR from av [ 2020-07-10 07:50:00 to 2020-07-31 16:45:00 ]
2020-08-01 10:42:57,006 read IYW from av [ 2020-07-10 09:35:00 to 2020-07-31 16:05:00 ]
2020-08-01 10:45:00,126 read IYT from av [ 2020-07-13 09:35:00 to 2020-07-31 14:40:00 ]
2020-08-01 10:45:05,301 read PEJ from av [ 2020-07-13 07:15:00 to 2020-07-31 16:00:00 ]
2020-08-01 10:45:09,159 read USO from av [ 2020-07-10 04:05:00 to 2020-07-31 20:00:00 ]
2020-08-01 10:45:12,164 read DBC from av [ 2020-07-10 08:35:00 to 2020-07-31 18:35:00 ]
2020-08-01 10:45:15,216 read GSG from av [ 2020-07-10 09:05:00 to 2020-07-31 16:00:00 ]
2020-08-01 10:45:18,778 read VTI from av [ 2020-07-13 07:05:00 to 2020-07-31 17:45:00 ]
2020-08-01 10:51:19,461 Time out ^RUT
2020-08-01 10:51:22,549 read FDN from av [ 2020-07-10 09:35:00 to 2020-07-31 16:00:00 ]
2020-08-01 10:51:25,780 read XLV from av [ 2020-07-10 08:40:00 to 2020-07-31 16:45:00 ]
2020-08-01 10:51:29,181 read IBB from av [ 2020-07-10 08:30:00 to 2020-07-31 19:00:00 ]
2020-08-01 10:51:32,303 read KRE from av [ 2020-07-10 07:50:00 to 2020-07-31 17:05:00 ]
2020-08-01 10:51:38,167 read KBE from av [ 2020-07-13 08:10:00 to 2020-07-31 16:50:00 ]
2020-08-01 10:53:42,380 read XLF from av [ 2020-07-10 05:00:00 to 2020-07-31 20:00:00 ]
2020-08-01 10:53:45,694 read XLP from av [ 2020-07-10 09:30:00 to 2020-07-31 16:45:00 ]
2020-08-01 10:53:49,193 read XLY from av [ 2020-07-10 07:50:00 to 2020-07-31 18:40:00 ]
2020-08-01 10:53:51,759 read VNQ from av [ 2020-07-10 09:35:00 to 2020-07-31 17:30:00 ]
2020-08-01 10:53:55,130 read XLB from av [ 2020-07-10 07:40:00 to 2020-07-31 17:15:00 ]
2020-08-01 10:55:58,370 read XLI from av [ 2020-07-10 08:15:00 to 2020-07-31 17:45:00 ]
2020-08-01 10:56:01,348 read KBWB from av [ 2020-07-13 09:25:00 to 2020-07-31 16:00:00 ]
2020-08-01 11:02:02,688 Time out TVIX
2020-08-01 11:08:03,352 Time out ^VVIX
2020-08-01 11:08:05,359 read VIXM from av [ 2020-07-10 09:35:00 to 2020-07-31 16:00:00 ]
2020-08-01 11:08:08,902 read VIXY from av [ 2020-07-10 07:05:00 to 2020-07-31 19:45:00 ]
2020-08-01 11:08:11,910 read VXX from av [ 2020-07-13 09:35:00 to 2020-07-31 15:05:00 ]
2020-08-01 11:08:15,365 read SVXY from av [ 2020-07-13 04:10:00 to 2020-07-31 17:20:00 ]
2020-08-01 11:08:19,256 read UVXY from av [ 2020-07-10 04:05:00 to 2020-07-31 20:00:00 ]
2020-08-01 11:10:22,738 read VIXY from av [ 2020-07-10 07:05:00 to 2020-07-31 19:45:00 ]
