2020-07-18 09:01:23,243 read QQQ from av [ 2020-07-02 04:05:00 to 2020-07-17 20:00:00 ]
2020-07-18 09:07:24,352 Time out ^VIX
2020-07-18 09:07:27,902 read FAS from av [ 2020-07-02 04:05:00 to 2020-07-17 20:00:00 ]
2020-07-18 09:07:30,410 read MIDU from av [ 2020-07-02 08:35:00 to 2020-07-17 16:00:00 ]
2020-07-18 09:07:30,839 read AAPL from av [ 2020-07-02 04:05:00 to 2020-07-17 20:00:00 ]
2020-07-18 09:07:31,248 read GOOG from av [ 2020-07-02 07:35:00 to 2020-07-17 16:55:00 ]
2020-07-18 09:13:31,992 Time out ^GSPC
2020-07-18 09:19:32,421 Time out ^DJI
2020-07-18 09:25:33,081 Time out ^TNX
2020-07-18 09:25:33,403 read MSFT from av [ 2020-07-02 04:20:00 to 2020-07-17 20:00:00 ]
2020-07-18 09:31:34,064 Time out ^VXGOG
2020-07-18 09:37:34,593 Time out ^VXAPL
2020-07-18 09:43:35,146 Time out ^VXGS
2020-07-18 09:49:35,680 Time out ^VXAZN
2020-07-18 09:55:36,207 Time out ^VXIBM
2020-07-18 09:55:38,691 read GS from av [ 2020-07-02 07:00:00 to 2020-07-17 19:55:00 ]
2020-07-18 09:55:41,273 read IBM from av [ 2020-07-02 05:05:00 to 2020-07-17 19:25:00 ]
2020-07-18 09:55:41,676 read FB from av [ 2020-07-02 04:10:00 to 2020-07-17 13:55:00 ]
2020-07-18 10:01:42,405 Time out ^TYVIX
2020-07-18 10:01:42,829 read SPY from av [ 2020-07-02 04:05:00 to 2020-07-17 20:00:00 ]
2020-07-18 10:01:43,352 read GOOGL from av [ 2020-07-02 07:05:00 to 2020-07-17 20:00:00 ]
2020-07-18 10:01:46,014 read JPM from av [ 2020-07-02 04:05:00 to 2020-07-17 14:00:00 ]
2020-07-18 10:01:48,602 read JNJ from av [ 2020-07-02 07:05:00 to 2020-07-17 20:00:00 ]
2020-07-18 10:01:50,935 read BAC from av [ 2020-07-02 04:10:00 to 2020-07-17 20:00:00 ]
2020-07-18 10:03:53,751 read V from av [ 2020-07-02 04:25:00 to 2020-07-17 19:55:00 ]
2020-07-18 10:03:55,892 read WFC from av [ 2020-07-02 04:05:00 to 2020-07-17 20:00:00 ]
2020-07-18 10:03:56,267 read MA from av [ 2020-07-02 04:05:00 to 2020-07-17 16:30:00 ]
2020-07-18 10:03:58,822 read C from av [ 2020-07-02 04:40:00 to 2020-07-17 20:00:00 ]
2020-07-18 10:04:01,321 read PYPL from av [ 2020-07-02 04:35:00 to 2020-07-17 20:00:00 ]
2020-07-18 10:10:02,588 Time out OIL
2020-07-18 10:16:03,282 Time out DX-Y.NYB
2020-07-18 10:16:06,693 read GLD from av [ 2020-07-02 04:05:00 to 2020-07-17 20:00:00 ]
2020-07-18 10:16:09,256 read UUP from av [ 2020-07-02 09:00:00 to 2020-07-17 18:50:00 ]
2020-07-18 10:16:11,899 read SHY from av [ 2020-07-06 08:15:00 to 2020-07-17 17:05:00 ]
2020-07-18 10:16:14,347 read SHV from av [ 2020-07-06 08:45:00 to 2020-07-17 18:25:00 ]
2020-07-18 10:18:17,508 read IEF from av [ 2020-07-02 07:20:00 to 2020-07-17 16:15:00 ]
2020-07-18 10:24:18,168 Time out ^IRX
2020-07-18 10:30:18,753 Time out ^FVX
2020-07-18 10:36:19,401 Time out ^TYX
2020-07-18 10:36:22,756 read SQQQ from av [ 2020-07-02 04:05:00 to 2020-07-17 20:00:00 ]
2020-07-18 10:36:26,053 read TQQQ from av [ 2020-07-02 04:05:00 to 2020-07-17 20:00:00 ]
2020-07-18 10:42:26,900 Time out ^VXX
2020-07-18 10:48:27,460 Time out ^VXZ
2020-07-18 10:48:30,238 read IYE from av [ 2020-07-02 09:35:00 to 2020-07-17 16:00:00 ]
2020-07-18 10:48:32,314 read IYY from av [ 2020-07-02 09:35:00 to 2020-07-17 16:00:00 ]
2020-07-18 10:48:35,381 read IYF from av [ 2020-07-02 09:35:00 to 2020-07-17 16:00:00 ]
2020-07-18 10:48:38,051 read IYR from av [ 2020-07-02 08:35:00 to 2020-07-17 16:20:00 ]
2020-07-18 10:48:41,158 read IYW from av [ 2020-07-02 09:30:00 to 2020-07-17 16:00:00 ]
2020-07-18 10:50:43,936 read IYT from av [ 2020-06-26 09:35:00 to 2020-07-17 14:50:00 ]
2020-07-18 10:50:46,599 read PEJ from av [ 2020-07-02 09:35:00 to 2020-07-17 16:00:00 ]
2020-07-18 10:50:49,575 read USO from av [ 2020-07-02 04:05:00 to 2020-07-17 20:00:00 ]
2020-07-18 10:50:52,253 read DBC from av [ 2020-07-02 08:10:00 to 2020-07-17 19:50:00 ]
2020-07-18 10:50:54,671 read GSG from av [ 2020-07-02 09:35:00 to 2020-07-17 16:00:00 ]
2020-07-18 10:52:57,720 read VTI from av [ 2020-07-06 07:05:00 to 2020-07-17 16:55:00 ]
2020-07-18 10:58:58,377 Time out ^RUT
2020-07-18 10:59:01,223 read FDN from av [ 2020-07-02 08:05:00 to 2020-07-17 16:00:00 ]
2020-07-18 10:59:04,621 read XLV from av [ 2020-07-02 07:05:00 to 2020-07-17 18:30:00 ]
2020-07-18 10:59:08,879 read IBB from av [ 2020-07-02 06:35:00 to 2020-07-17 19:55:00 ]
2020-07-18 10:59:11,489 read KRE from av [ 2020-07-02 07:45:00 to 2020-07-17 19:30:00 ]
2020-07-18 10:59:16,986 read KBE from av [ 2020-07-02 08:10:00 to 2020-07-17 18:25:00 ]
2020-07-18 10:59:19,986 read XLF from av [ 2020-07-02 04:05:00 to 2020-07-17 20:00:00 ]
2020-07-18 11:01:23,512 read XLP from av [ 2020-07-02 08:05:00 to 2020-07-17 16:20:00 ]
2020-07-18 11:01:26,625 read XLY from av [ 2020-07-02 06:55:00 to 2020-07-17 17:30:00 ]
2020-07-18 11:01:29,181 read VNQ from av [ 2020-07-02 07:05:00 to 2020-07-17 17:35:00 ]
2020-07-18 11:01:32,192 read XLB from av [ 2020-07-02 08:30:00 to 2020-07-17 20:00:00 ]
2020-07-18 11:01:34,954 read XLI from av [ 2020-07-02 08:40:00 to 2020-07-17 18:30:00 ]
2020-07-18 11:03:38,080 read KBWB from av [ 2020-07-02 09:35:00 to 2020-07-17 17:40:00 ]
2020-07-18 11:03:40,126 read TVIX from av [ 2020-06-26 09:35:00 to 2020-07-02 16:00:00 ]
2020-07-18 11:09:40,859 Time out ^VVIX
2020-07-18 11:09:42,789 read VIXM from av [ 2020-07-06 09:35:00 to 2020-07-17 16:00:00 ]
2020-07-18 11:09:45,809 read VIXY from av [ 2020-07-06 04:05:00 to 2020-07-17 18:35:00 ]
2020-07-18 11:09:48,810 read VXX from av [ 2020-06-26 09:35:00 to 2020-07-17 15:05:00 ]
2020-07-18 11:09:51,807 read SVXY from av [ 2020-07-06 04:05:00 to 2020-07-17 19:50:00 ]
2020-07-18 11:09:54,971 read UVXY from av [ 2020-07-02 04:05:00 to 2020-07-17 20:00:00 ]
2020-07-18 11:11:58,242 read VIXY from av [ 2020-07-06 04:05:00 to 2020-07-17 18:35:00 ]
