2020-08-15 09:01:25,692 read QQQ from av [ 2020-07-17 04:05:00 to 2020-08-14 20:00:00 ]
2020-08-15 09:07:26,743 Time out ^VIX
2020-08-15 09:07:27,705 read FAS from av [ 2020-07-17 04:05:00 to 2020-08-14 20:00:00 ]
2020-08-15 09:07:28,308 read MIDU from av [ 2020-07-17 08:50:00 to 2020-08-14 16:00:00 ]
2020-08-15 09:07:29,035 read AAPL from av [ 2020-07-17 04:05:00 to 2020-08-14 20:00:00 ]
2020-08-15 09:07:29,516 read GOOG from av [ 2020-07-17 09:00:00 to 2020-08-14 18:55:00 ]
2020-08-15 09:13:30,159 Time out ^GSPC
2020-08-15 09:19:30,695 Time out ^DJI
2020-08-15 09:25:31,589 Time out ^TNX
2020-08-15 09:25:32,128 read MSFT from av [ 2020-07-17 04:10:00 to 2020-08-14 20:00:00 ]
2020-08-15 09:31:32,945 Time out ^VXGOG
2020-08-15 09:37:33,602 Time out ^VXAPL
2020-08-15 09:43:34,188 Time out ^VXGS
2020-08-15 09:49:34,711 Time out ^VXAZN
2020-08-15 09:55:35,374 Time out ^VXIBM
2020-08-15 09:55:36,043 read GS from av [ 2020-07-17 07:05:00 to 2020-08-14 20:00:00 ]
2020-08-15 09:55:36,601 read IBM from av [ 2020-07-17 07:05:00 to 2020-08-14 19:45:00 ]
2020-08-15 09:55:37,246 read FB from av [ 2020-07-17 04:05:00 to 2020-08-14 20:00:00 ]
2020-08-15 10:01:37,914 Time out ^TYVIX
2020-08-15 10:01:38,473 read SPY from av [ 2020-07-17 04:05:00 to 2020-08-14 20:00:00 ]
2020-08-15 10:01:39,059 read GOOGL from av [ 2020-07-17 06:55:00 to 2020-08-14 19:15:00 ]
2020-08-15 10:01:39,656 read JPM from av [ 2020-07-17 04:25:00 to 2020-08-14 20:00:00 ]
2020-08-15 10:01:40,202 read JNJ from av [ 2020-07-17 04:40:00 to 2020-08-14 19:10:00 ]
2020-08-15 10:01:40,876 read BAC from av [ 2020-07-17 04:15:00 to 2020-08-14 20:00:00 ]
2020-08-15 10:03:41,681 read V from av [ 2020-07-17 07:05:00 to 2020-08-14 20:00:00 ]
2020-08-15 10:03:42,411 read WFC from av [ 2020-07-20 04:05:00 to 2020-08-14 20:00:00 ]
2020-08-15 10:03:42,928 read MA from av [ 2020-07-17 07:10:00 to 2020-08-14 18:20:00 ]
2020-08-15 10:03:43,475 read C from av [ 2020-07-17 07:05:00 to 2020-08-14 20:00:00 ]
2020-08-15 10:03:44,371 read PYPL from av [ 2020-07-17 06:30:00 to 2020-08-14 20:00:00 ]
2020-08-15 10:05:44,798 read OIL from av [ 2020-07-29 09:40:00 to 2020-08-14 15:00:00 ]
2020-08-15 10:11:53,119 Time out DX-Y.NYB
2020-08-15 10:11:53,784 read GLD from av [ 2020-07-17 04:05:00 to 2020-08-14 20:00:00 ]
2020-08-15 10:11:54,306 read UUP from av [ 2020-07-17 07:40:00 to 2020-08-14 18:30:00 ]
2020-08-15 10:11:54,844 read SHY from av [ 2020-07-17 09:35:00 to 2020-08-14 16:15:00 ]
2020-08-15 10:11:55,303 read SHV from av [ 2020-07-17 09:35:00 to 2020-08-14 16:10:00 ]
2020-08-15 10:13:55,973 read IEF from av [ 2020-07-17 08:50:00 to 2020-08-14 17:40:00 ]
2020-08-15 10:19:56,687 Time out ^IRX
2020-08-15 10:25:57,192 Time out ^FVX
2020-08-15 10:31:57,824 Time out ^TYX
2020-08-15 10:31:58,380 read SQQQ from av [ 2020-07-17 04:05:00 to 2020-08-14 20:00:00 ]
2020-08-15 10:32:00,591 read TQQQ from av [ 2020-07-17 04:05:00 to 2020-08-14 20:00:00 ]
2020-08-15 10:38:01,274 Time out ^VXX
2020-08-15 10:44:01,966 Time out ^VXZ
2020-08-15 10:44:02,319 read IYE from av [ 2020-07-17 09:35:00 to 2020-08-14 16:00:00 ]
2020-08-15 10:44:02,722 read IYY from av [ 2020-07-17 09:35:00 to 2020-08-14 16:00:00 ]
2020-08-15 10:44:03,181 read IYF from av [ 2020-07-17 09:35:00 to 2020-08-14 16:20:00 ]
2020-08-15 10:44:03,678 read IYR from av [ 2020-07-17 09:35:00 to 2020-08-14 16:15:00 ]
2020-08-15 10:44:04,061 read IYW from av [ 2020-07-17 09:35:00 to 2020-08-14 16:05:00 ]
2020-08-15 10:50:07,477 Time out IYT
2020-08-15 10:50:07,796 read PEJ from av [ 2020-07-17 09:35:00 to 2020-08-14 16:00:00 ]
2020-08-15 10:50:08,358 read USO from av [ 2020-07-17 04:05:00 to 2020-08-14 19:40:00 ]
2020-08-15 10:50:08,856 read DBC from av [ 2020-07-17 09:30:00 to 2020-08-14 16:00:00 ]
2020-08-15 10:50:09,252 read GSG from av [ 2020-07-17 09:35:00 to 2020-08-14 16:00:00 ]
2020-08-15 10:52:09,851 read VTI from av [ 2020-07-17 08:25:00 to 2020-08-14 17:00:00 ]
2020-08-15 10:58:10,557 Time out ^RUT
2020-08-15 10:58:10,885 read FDN from av [ 2020-07-17 09:25:00 to 2020-08-14 16:00:00 ]
2020-08-15 10:58:11,350 read XLV from av [ 2020-07-17 07:05:00 to 2020-08-14 17:35:00 ]
2020-08-15 10:58:11,797 read IBB from av [ 2020-07-17 08:55:00 to 2020-08-14 16:10:00 ]
2020-08-15 10:58:12,242 read KRE from av [ 2020-07-17 09:30:00 to 2020-08-14 19:40:00 ]
2020-08-15 10:58:12,663 read KBE from av [ 2020-07-17 08:15:00 to 2020-08-14 16:35:00 ]
2020-08-15 11:00:13,383 read XLF from av [ 2020-07-17 04:45:00 to 2020-08-14 19:55:00 ]
2020-08-15 11:00:13,844 read XLP from av [ 2020-07-17 08:10:00 to 2020-08-14 17:35:00 ]
2020-08-15 11:00:14,569 read XLY from av [ 2020-07-17 08:05:00 to 2020-08-14 17:35:00 ]
2020-08-15 11:00:15,227 read VNQ from av [ 2020-07-17 08:55:00 to 2020-08-14 17:35:00 ]
2020-08-15 11:00:15,727 read XLB from av [ 2020-07-17 08:10:00 to 2020-08-14 19:15:00 ]
2020-08-15 11:02:16,364 read XLI from av [ 2020-07-17 08:05:00 to 2020-08-14 19:50:00 ]
2020-08-15 11:02:16,774 read KBWB from av [ 2020-07-17 09:35:00 to 2020-08-14 16:00:00 ]
2020-08-15 11:08:17,460 Time out TVIX
2020-08-15 11:14:18,093 Time out ^VVIX
2020-08-15 11:14:18,341 read VIXM from av [ 2020-07-20 09:35:00 to 2020-08-14 19:35:00 ]
2020-08-15 11:14:18,815 read VIXY from av [ 2020-07-20 04:50:00 to 2020-08-14 20:00:00 ]
2020-08-15 11:20:19,520 Time out VXX
2020-08-15 11:20:19,985 read SVXY from av [ 2020-07-20 04:10:00 to 2020-08-14 16:55:00 ]
2020-08-15 11:20:20,740 read UVXY from av [ 2020-07-17 04:05:00 to 2020-08-14 20:00:00 ]
2020-08-15 11:20:21,265 read VIXY from av [ 2020-07-20 04:50:00 to 2020-08-14 20:00:00 ]
