2020-10-31 09:02:01,149 read QQQ from av [ 2020-10-02 04:05:00 to 2020-10-30 20:00:00 ]
2020-10-31 09:08:02,134 Time out ^VIX
2020-10-31 09:08:02,559 read FAS from av [ 2020-10-05 07:05:00 to 2020-10-30 20:00:00 ]
2020-10-31 09:08:03,006 read MIDU from av [ 2020-10-02 07:35:00 to 2020-10-30 16:00:00 ]
2020-10-31 09:08:03,754 read AAPL from av [ 2020-10-02 04:05:00 to 2020-10-30 20:00:00 ]
2020-10-31 09:08:04,437 read GOOG from av [ 2020-10-02 07:30:00 to 2020-10-30 19:55:00 ]
2020-10-31 09:14:05,449 Time out ^GSPC
2020-10-31 09:20:06,741 Time out ^DJI
2020-10-31 09:26:07,567 Time out ^TNX
2020-10-31 09:26:08,180 read MSFT from av [ 2020-10-02 04:05:00 to 2020-10-30 20:00:00 ]
2020-10-31 09:32:08,987 Time out ^VXGOG
2020-10-31 09:38:09,607 Time out ^VXAPL
2020-10-31 09:44:10,195 Time out ^VXGS
2020-10-31 09:50:10,863 Time out ^VXAZN
2020-10-31 09:56:11,689 Time out ^VXIBM
2020-10-31 09:56:12,092 read GS from av [ 2020-10-02 04:05:00 to 2020-10-30 20:00:00 ]
2020-10-31 09:56:12,790 read IBM from av [ 2020-10-02 04:15:00 to 2020-10-30 19:50:00 ]
2020-10-31 09:56:13,503 read FB from av [ 2020-10-02 04:05:00 to 2020-10-30 20:00:00 ]
2020-10-31 10:02:14,291 Time out ^TYVIX
2020-10-31 10:02:14,907 read SPY from av [ 2020-10-02 04:05:00 to 2020-10-30 20:00:00 ]
2020-10-31 10:02:15,574 read GOOGL from av [ 2020-10-02 07:30:00 to 2020-10-30 20:00:00 ]
2020-10-31 10:02:16,276 read JPM from av [ 2020-10-02 04:05:00 to 2020-10-30 20:00:00 ]
2020-10-31 10:02:17,079 read JNJ from av [ 2020-10-02 05:40:00 to 2020-10-30 17:50:00 ]
2020-10-31 10:02:17,998 read BAC from av [ 2020-10-02 04:05:00 to 2020-10-30 20:00:00 ]
2020-10-31 10:04:18,804 read V from av [ 2020-10-02 04:55:00 to 2020-10-30 19:50:00 ]
2020-10-31 10:04:19,494 read WFC from av [ 2020-10-02 04:05:00 to 2020-10-30 20:00:00 ]
2020-10-31 10:04:20,203 read MA from av [ 2020-10-02 08:05:00 to 2020-10-30 19:25:00 ]
2020-10-31 10:04:21,162 read C from av [ 2020-10-05 04:05:00 to 2020-10-30 20:00:00 ]
2020-10-31 10:04:21,891 read PYPL from av [ 2020-10-05 04:05:00 to 2020-10-30 20:00:00 ]
2020-10-31 10:06:22,497 read OIL from av [ 2020-10-05 09:35:00 to 2020-10-30 15:55:00 ]
2020-10-31 10:12:23,276 Time out DX-Y.NYB
2020-10-31 10:12:23,785 read GLD from av [ 2020-10-05 04:05:00 to 2020-10-30 19:45:00 ]
2020-10-31 10:12:24,412 read UUP from av [ 2020-10-05 07:50:00 to 2020-10-30 18:00:00 ]
2020-10-31 10:12:24,964 read SHY from av [ 2020-10-02 09:35:00 to 2020-10-30 16:50:00 ]
2020-10-31 10:12:25,466 read SHV from av [ 2020-10-05 09:00:00 to 2020-10-30 16:05:00 ]
2020-10-31 10:14:26,190 read IEF from av [ 2020-10-05 08:05:00 to 2020-10-30 20:00:00 ]
2020-10-31 10:20:27,281 Time out ^IRX
2020-10-31 10:26:27,975 Time out ^FVX
2020-10-31 10:32:28,486 Time out ^TYX
2020-10-31 10:32:29,164 read SQQQ from av [ 2020-10-05 04:05:00 to 2020-10-30 20:00:00 ]
2020-10-31 10:32:30,423 read TQQQ from av [ 2020-10-02 04:05:00 to 2020-10-30 20:00:00 ]
2020-10-31 10:38:31,286 Time out ^VXX
2020-10-31 10:44:31,878 Time out ^VXZ
2020-10-31 10:44:32,206 read IYE from av [ 2020-10-05 09:35:00 to 2020-10-30 16:00:00 ]
2020-10-31 10:44:32,579 read IYY from av [ 2020-10-05 09:35:00 to 2020-10-30 16:00:00 ]
2020-10-31 10:44:33,033 read IYF from av [ 2020-10-05 09:35:00 to 2020-10-30 16:00:00 ]
2020-10-31 10:44:33,482 read IYR from av [ 2020-10-05 09:20:00 to 2020-10-30 16:05:00 ]
2020-10-31 10:44:33,926 read IYW from av [ 2020-10-05 09:35:00 to 2020-10-30 16:05:00 ]
2020-10-31 10:46:35,958 read IYT from av [ 2020-10-05 09:35:00 to 2020-10-30 16:00:00 ]
2020-10-31 10:46:36,398 read PEJ from av [ 2020-10-02 09:35:00 to 2020-10-30 16:00:00 ]
2020-10-31 10:46:36,934 read USO from av [ 2020-10-02 04:05:00 to 2020-10-30 18:50:00 ]
2020-10-31 10:46:37,467 read DBC from av [ 2020-10-05 07:05:00 to 2020-10-30 16:20:00 ]
2020-10-31 10:46:37,911 read GSG from av [ 2020-10-05 06:55:00 to 2020-10-30 16:00:00 ]
2020-10-31 10:48:38,741 read VTI from av [ 2020-10-02 07:05:00 to 2020-10-30 20:00:00 ]
2020-10-31 10:54:39,447 Time out ^RUT
2020-10-31 10:54:40,312 read FDN from av [ 2020-10-02 08:05:00 to 2020-10-30 16:00:00 ]
2020-10-31 10:54:40,847 read XLV from av [ 2020-10-02 07:05:00 to 2020-10-30 17:10:00 ]
2020-10-31 10:54:41,374 read IBB from av [ 2020-10-05 07:05:00 to 2020-10-30 19:45:00 ]
2020-10-31 10:54:41,880 read KRE from av [ 2020-10-02 08:05:00 to 2020-10-30 20:00:00 ]
2020-10-31 10:54:42,390 read KBE from av [ 2020-10-05 09:35:00 to 2020-10-30 16:00:00 ]
2020-10-31 10:56:43,216 read XLF from av [ 2020-10-05 04:05:00 to 2020-10-30 20:00:00 ]
2020-10-31 10:56:43,765 read XLP from av [ 2020-10-02 08:05:00 to 2020-10-30 19:00:00 ]
2020-10-31 10:56:44,334 read XLY from av [ 2020-10-02 07:45:00 to 2020-10-30 16:40:00 ]
2020-10-31 10:56:44,814 read VNQ from av [ 2020-10-02 08:10:00 to 2020-10-30 16:40:00 ]
2020-10-31 10:56:45,304 read XLB from av [ 2020-10-02 07:05:00 to 2020-10-30 16:40:00 ]
2020-10-31 10:58:46,758 read XLI from av [ 2020-10-05 07:05:00 to 2020-10-30 20:00:00 ]
2020-10-31 10:58:47,479 read KBWB from av [ 2020-10-05 09:35:00 to 2020-10-30 16:00:00 ]
2020-10-31 11:04:48,300 Time out TVIX
2020-10-31 11:10:48,989 Time out ^VVIX
2020-10-31 11:10:49,247 read VIXM from av [ 2020-10-05 09:35:00 to 2020-10-30 16:40:00 ]
2020-10-31 11:10:49,797 read VIXY from av [ 2020-10-02 04:05:00 to 2020-10-30 19:50:00 ]
2020-10-31 11:10:50,530 read VXX from av [ 2020-10-02 04:05:00 to 2020-10-30 20:00:00 ]
2020-10-31 11:10:51,122 read SVXY from av [ 2020-10-02 04:05:00 to 2020-10-30 19:45:00 ]
2020-10-31 11:10:52,226 read UVXY from av [ 2020-10-05 04:05:00 to 2020-10-30 20:00:00 ]
2020-10-31 11:12:53,140 read VIXY from av [ 2020-10-02 04:05:00 to 2020-10-30 19:50:00 ]
