2020-05-30 09:01:27,911 read QQQ from av [ 2020-05-08 09:35:00 to 2020-05-29 16:00:00 ]
2020-05-30 09:01:28,980 read ^VIX from av [ 2020-05-08 09:35:00 to 2020-05-29 16:00:00 ]
2020-05-30 09:01:30,365 read FAS from av [ 2020-05-08 09:35:00 to 2020-05-29 16:00:00 ]
2020-05-30 09:01:31,695 read MIDU from av [ 2020-05-08 09:35:00 to 2020-05-29 16:00:00 ]
2020-05-30 09:01:32,066 read AAPL from av [ 2020-05-08 09:35:00 to 2020-05-29 16:00:00 ]
2020-05-30 09:03:33,585 read GOOG from av [ 2020-05-08 09:35:00 to 2020-05-29 16:00:00 ]
2020-05-30 09:09:34,409 Time out ^GSPC
2020-05-30 09:15:35,014 Time out ^DJI
2020-05-30 09:15:37,879 read ^TNX from av [ 2020-05-13 08:25:00 to 2020-05-29 15:00:00 ]
2020-05-30 09:15:38,313 read MSFT from av [ 2020-05-08 09:35:00 to 2020-05-29 16:00:00 ]
2020-05-30 09:15:40,202 read ^VXGOG from av [ 2020-05-08 09:35:00 to 2020-05-29 16:00:00 ]
2020-05-30 09:15:41,342 read ^VXAPL from av [ 2020-05-08 09:35:00 to 2020-05-29 16:00:00 ]
2020-05-30 09:15:42,276 read ^VXGS from av [ 2020-05-08 09:35:00 to 2020-05-29 16:00:00 ]
2020-05-30 09:17:43,800 read ^VXAZN from av [ 2020-05-08 09:35:00 to 2020-05-29 16:00:00 ]
2020-05-30 09:17:44,782 read ^VXIBM from av [ 2020-05-08 09:35:00 to 2020-05-29 16:00:00 ]
2020-05-30 09:17:47,133 read GS from av [ 2020-05-08 09:35:00 to 2020-05-29 16:00:00 ]
2020-05-30 09:17:47,430 read IBM from av [ 2020-05-08 09:35:00 to 2020-05-29 16:00:00 ]
2020-05-30 09:17:47,739 read FB from av [ 2020-05-08 09:35:00 to 2020-05-29 16:00:00 ]
2020-05-30 09:19:49,455 read ^TYVIX from av [ 2020-05-08 09:35:00 to 2020-05-15 16:00:00 ]
2020-05-30 09:19:50,873 read SPY from av [ 2020-05-08 09:35:00 to 2020-05-29 16:00:00 ]
2020-05-30 09:19:52,251 read GOOGL from av [ 2020-05-08 09:35:00 to 2020-05-29 16:00:00 ]
2020-05-30 09:19:52,631 read JPM from av [ 2020-05-08 09:35:00 to 2020-05-29 16:00:00 ]
2020-05-30 09:19:52,977 read JNJ from av [ 2020-05-08 09:35:00 to 2020-05-29 16:00:00 ]
2020-05-30 09:21:54,502 read BAC from av [ 2020-05-08 09:35:00 to 2020-05-29 16:00:00 ]
2020-05-30 09:21:55,841 read V from av [ 2020-05-08 09:35:00 to 2020-05-29 16:00:00 ]
2020-05-30 09:21:56,170 read WFC from av [ 2020-05-08 09:35:00 to 2020-05-29 16:00:00 ]
2020-05-30 09:21:57,755 read MA from av [ 2020-05-08 09:35:00 to 2020-05-29 16:00:00 ]
2020-05-30 09:21:59,112 read C from av [ 2020-05-08 09:35:00 to 2020-05-29 16:00:00 ]
2020-05-30 09:23:59,595 read PYPL from av [ 2020-05-08 09:35:00 to 2020-05-29 16:00:00 ]
2020-05-30 09:30:00,567 Time out OIL
2020-05-30 09:30:02,407 read DX-Y.NYB from av [ 2020-05-13 00:00:00 to 2020-05-29 17:55:00 ]
2020-05-30 09:30:03,941 read GLD from av [ 2020-05-08 09:35:00 to 2020-05-29 16:00:00 ]
2020-05-30 09:30:05,624 read UUP from av [ 2020-05-08 09:35:00 to 2020-05-29 16:00:00 ]
2020-05-30 09:30:07,133 read SHY from av [ 2020-05-08 09:35:00 to 2020-05-29 16:00:00 ]
2020-05-30 09:30:08,340 read SHV from av [ 2020-05-08 09:35:00 to 2020-05-29 16:00:00 ]
2020-05-30 09:30:09,758 read IEF from av [ 2020-05-08 09:35:00 to 2020-05-29 16:00:00 ]
2020-05-30 09:32:10,925 read ^IRX from av [ 2020-05-13 08:25:00 to 2020-05-29 15:00:00 ]
2020-05-30 09:32:11,894 read ^FVX from av [ 2020-05-13 08:25:00 to 2020-05-29 15:00:00 ]
2020-05-30 09:32:12,817 read ^TYX from av [ 2020-05-13 08:25:00 to 2020-05-29 15:00:00 ]
2020-05-30 09:32:14,214 read SQQQ from av [ 2020-05-08 09:35:00 to 2020-05-29 16:00:00 ]
2020-05-30 09:32:15,630 read TQQQ from av [ 2020-05-08 09:35:00 to 2020-05-29 16:00:00 ]
2020-05-30 09:34:16,780 read ^VXX from av [ 2020-05-08 09:35:00 to 2020-05-29 16:00:00 ]
2020-05-30 09:34:17,693 read ^VXZ from av [ 2020-05-08 09:35:00 to 2020-05-29 16:00:00 ]
2020-05-30 09:34:19,083 read IYE from av [ 2020-05-08 09:35:00 to 2020-05-29 16:00:00 ]
2020-05-30 09:34:20,093 read IYY from av [ 2020-05-08 09:35:00 to 2020-05-29 16:00:00 ]
2020-05-30 09:34:21,545 read IYF from av [ 2020-05-08 09:35:00 to 2020-05-29 16:00:00 ]
2020-05-30 09:36:23,222 read IYR from av [ 2020-05-08 09:35:00 to 2020-05-29 16:00:00 ]
2020-05-30 09:36:24,645 read IYW from av [ 2020-05-08 09:35:00 to 2020-05-29 16:00:00 ]
2020-05-30 09:36:25,980 read IYT from av [ 2020-05-08 09:35:00 to 2020-05-29 16:00:00 ]
2020-05-30 09:36:27,383 read PEJ from av [ 2020-05-08 09:35:00 to 2020-05-29 16:00:00 ]
2020-05-30 09:36:28,740 read USO from av [ 2020-05-08 09:35:00 to 2020-05-29 16:00:00 ]
2020-05-30 09:38:30,242 read DBC from av [ 2020-05-08 09:35:00 to 2020-05-29 16:00:00 ]
2020-05-30 09:38:31,557 read GSG from av [ 2020-05-08 09:35:00 to 2020-05-29 16:00:00 ]
2020-05-30 09:38:32,903 read VTI from av [ 2020-05-08 09:35:00 to 2020-05-29 16:00:00 ]
2020-05-30 09:38:33,834 read ^RUT from av [ 2020-05-08 09:35:00 to 2020-05-29 16:00:00 ]
2020-05-30 09:38:35,180 read FDN from av [ 2020-05-08 09:35:00 to 2020-05-29 16:00:00 ]
2020-05-30 09:40:36,678 read XLV from av [ 2020-05-08 09:35:00 to 2020-05-29 16:00:00 ]
2020-05-30 09:40:38,073 read IBB from av [ 2020-05-08 09:35:00 to 2020-05-29 16:00:00 ]
2020-05-30 09:40:39,569 read KRE from av [ 2020-05-08 09:35:00 to 2020-05-29 16:00:00 ]
2020-05-30 09:40:40,953 read KBE from av [ 2020-05-08 09:35:00 to 2020-05-29 16:00:00 ]
2020-05-30 09:40:42,375 read XLF from av [ 2020-05-08 09:35:00 to 2020-05-29 16:00:00 ]
2020-05-30 09:42:43,986 read XLP from av [ 2020-05-08 09:35:00 to 2020-05-29 16:00:00 ]
2020-05-30 09:42:45,625 read XLY from av [ 2020-05-08 09:35:00 to 2020-05-29 16:00:00 ]
2020-05-30 09:42:46,976 read VNQ from av [ 2020-05-08 09:35:00 to 2020-05-29 16:00:00 ]
2020-05-30 09:42:48,423 read XLB from av [ 2020-05-08 09:35:00 to 2020-05-29 16:00:00 ]
2020-05-30 09:42:49,858 read XLI from av [ 2020-05-08 09:35:00 to 2020-05-29 16:00:00 ]
2020-05-30 09:44:51,406 read KBWB from av [ 2020-05-08 09:35:00 to 2020-05-29 16:00:00 ]
2020-05-30 09:44:52,764 read TVIX from av [ 2020-05-08 09:35:00 to 2020-05-29 16:00:00 ]
2020-05-30 09:44:54,586 read ^VVIX from av [ 2020-05-08 09:35:00 to 2020-05-29 16:00:00 ]
2020-05-30 09:44:55,475 read VIXM from av [ 2020-05-08 09:35:00 to 2020-05-29 16:00:00 ]
2020-05-30 09:44:56,849 read VIXY from av [ 2020-05-08 09:35:00 to 2020-05-29 16:00:00 ]
2020-05-30 09:46:58,411 read VXX from av [ 2020-05-08 09:35:00 to 2020-05-29 16:00:00 ]
2020-05-30 09:46:59,885 read SVXY from av [ 2020-05-08 09:35:00 to 2020-05-29 16:00:00 ]
2020-05-30 09:47:02,027 read UVXY from av [ 2020-05-08 09:35:00 to 2020-05-29 16:00:00 ]
2020-05-30 09:47:03,345 read VIXY from av [ 2020-05-08 09:35:00 to 2020-05-29 16:00:00 ]
