2020-08-29 09:01:30,129 read QQQ from av [ 2020-07-31 04:05:00 to 2020-08-28 20:00:00 ]
2020-08-29 09:07:31,190 Time out ^VIX
2020-08-29 09:07:32,022 read FAS from av [ 2020-07-31 04:05:00 to 2020-08-28 19:55:00 ]
2020-08-29 09:07:32,694 read MIDU from av [ 2020-07-31 09:35:00 to 2020-08-28 16:00:00 ]
2020-08-29 09:07:33,298 read AAPL from av [ 2020-07-31 04:05:00 to 2020-08-28 20:00:00 ]
2020-08-29 09:07:33,800 read GOOG from av [ 2020-07-31 04:45:00 to 2020-08-28 19:50:00 ]
2020-08-29 09:13:34,581 Time out ^GSPC
2020-08-29 09:19:35,128 Time out ^DJI
2020-08-29 09:25:35,817 Time out ^TNX
2020-08-29 09:25:36,387 read MSFT from av [ 2020-07-31 04:05:00 to 2020-08-28 20:00:00 ]
2020-08-29 09:31:37,142 Time out ^VXGOG
2020-08-29 09:37:37,923 Time out ^VXAPL
2020-08-29 09:43:38,492 Time out ^VXGS
2020-08-29 09:49:39,144 Time out ^VXAZN
2020-08-29 09:55:39,638 Time out ^VXIBM
2020-08-29 09:55:40,019 read GS from av [ 2020-07-31 05:20:00 to 2020-08-28 19:35:00 ]
2020-08-29 09:55:40,561 read IBM from av [ 2020-07-31 04:35:00 to 2020-08-28 17:00:00 ]
2020-08-29 09:55:41,157 read FB from av [ 2020-07-31 04:05:00 to 2020-08-28 20:00:00 ]
2020-08-29 10:01:41,898 Time out ^TYVIX
2020-08-29 10:01:42,536 read SPY from av [ 2020-07-31 04:05:00 to 2020-08-28 20:00:00 ]
2020-08-29 10:01:43,076 read GOOGL from av [ 2020-07-31 04:05:00 to 2020-08-28 17:45:00 ]
2020-08-29 10:01:43,676 read JPM from av [ 2020-07-31 04:25:00 to 2020-08-28 20:00:00 ]
2020-08-29 10:01:44,189 read JNJ from av [ 2020-07-31 04:05:00 to 2020-08-28 19:15:00 ]
2020-08-29 10:01:44,846 read BAC from av [ 2020-07-31 04:05:00 to 2020-08-28 20:00:00 ]
2020-08-29 10:03:45,571 read V from av [ 2020-07-31 05:15:00 to 2020-08-28 19:35:00 ]
2020-08-29 10:03:46,246 read WFC from av [ 2020-07-31 04:05:00 to 2020-08-28 20:00:00 ]
2020-08-29 10:03:46,764 read MA from av [ 2020-07-31 04:45:00 to 2020-08-28 19:05:00 ]
2020-08-29 10:03:47,313 read C from av [ 2020-07-31 04:05:00 to 2020-08-28 19:40:00 ]
2020-08-29 10:03:47,905 read PYPL from av [ 2020-07-31 05:00:00 to 2020-08-28 20:00:00 ]
2020-08-29 10:05:49,678 read OIL from av [ 2020-07-31 09:35:00 to 2020-08-28 10:55:00 ]
2020-08-29 10:11:54,057 Time out DX-Y.NYB
2020-08-29 10:11:54,744 read GLD from av [ 2020-07-31 04:05:00 to 2020-08-28 20:00:00 ]
2020-08-29 10:11:55,335 read UUP from av [ 2020-07-31 04:30:00 to 2020-08-28 19:30:00 ]
2020-08-29 10:11:55,810 read SHY from av [ 2020-07-31 07:05:00 to 2020-08-28 17:45:00 ]
2020-08-29 10:11:56,295 read SHV from av [ 2020-07-31 07:25:00 to 2020-08-28 18:40:00 ]
2020-08-29 10:13:57,003 read IEF from av [ 2020-07-31 04:30:00 to 2020-08-28 16:05:00 ]
2020-08-29 10:19:57,765 Time out ^IRX
2020-08-29 10:25:59,112 Time out ^FVX
2020-08-29 10:31:59,888 Time out ^TYX
2020-08-29 10:32:00,870 read SQQQ from av [ 2020-07-31 04:05:00 to 2020-08-28 20:00:00 ]
2020-08-29 10:32:03,312 read TQQQ from av [ 2020-07-31 04:05:00 to 2020-08-28 20:00:00 ]
2020-08-29 10:38:03,969 Time out ^VXX
2020-08-29 10:44:04,633 Time out ^VXZ
2020-08-29 10:44:04,970 read IYE from av [ 2020-07-31 09:00:00 to 2020-08-28 16:00:00 ]
2020-08-29 10:44:05,415 read IYY from av [ 2020-07-31 09:35:00 to 2020-08-28 16:00:00 ]
2020-08-29 10:44:05,992 read IYF from av [ 2020-07-31 09:35:00 to 2020-08-28 16:00:00 ]
2020-08-29 10:44:06,655 read IYR from av [ 2020-07-31 09:35:00 to 2020-08-28 18:30:00 ]
2020-08-29 10:44:07,085 read IYW from av [ 2020-07-31 09:35:00 to 2020-08-28 16:00:00 ]
2020-08-29 10:46:08,060 read IYT from av [ 2020-07-31 09:35:00 to 2020-08-28 16:00:00 ]
2020-08-29 10:46:08,527 read PEJ from av [ 2020-07-31 09:35:00 to 2020-08-28 16:00:00 ]
2020-08-29 10:46:09,064 read USO from av [ 2020-07-31 04:05:00 to 2020-08-28 19:15:00 ]
2020-08-29 10:46:09,546 read DBC from av [ 2020-07-31 08:50:00 to 2020-08-28 18:30:00 ]
2020-08-29 10:46:09,983 read GSG from av [ 2020-07-31 09:35:00 to 2020-08-28 16:00:00 ]
2020-08-29 10:48:10,760 read VTI from av [ 2020-07-31 07:05:00 to 2020-08-28 18:55:00 ]
2020-08-29 10:54:11,413 Time out ^RUT
2020-08-29 10:54:11,757 read FDN from av [ 2020-07-31 08:05:00 to 2020-08-28 17:30:00 ]
2020-08-29 10:54:12,241 read XLV from av [ 2020-07-31 04:25:00 to 2020-08-28 17:20:00 ]
2020-08-29 10:54:12,692 read IBB from av [ 2020-07-31 08:05:00 to 2020-08-28 16:55:00 ]
2020-08-29 10:54:13,343 read KRE from av [ 2020-07-31 07:30:00 to 2020-08-28 20:00:00 ]
2020-08-29 10:54:13,783 read KBE from av [ 2020-07-31 08:40:00 to 2020-08-28 19:30:00 ]
2020-08-29 10:56:14,521 read XLF from av [ 2020-07-31 04:05:00 to 2020-08-28 19:50:00 ]
2020-08-29 10:56:15,002 read XLP from av [ 2020-07-31 07:05:00 to 2020-08-28 16:05:00 ]
2020-08-29 10:56:15,452 read XLY from av [ 2020-07-31 07:05:00 to 2020-08-28 16:20:00 ]
2020-08-29 10:56:15,897 read VNQ from av [ 2020-07-31 09:00:00 to 2020-08-28 18:50:00 ]
2020-08-29 10:56:16,375 read XLB from av [ 2020-07-31 07:05:00 to 2020-08-28 17:40:00 ]
2020-08-29 10:58:16,991 read XLI from av [ 2020-07-31 07:50:00 to 2020-08-28 17:50:00 ]
2020-08-29 10:58:17,464 read KBWB from av [ 2020-07-31 09:35:00 to 2020-08-28 16:00:00 ]
2020-08-29 11:04:18,927 Time out TVIX
2020-08-29 11:10:19,552 Time out ^VVIX
2020-08-29 11:10:19,780 read VIXM from av [ 2020-08-03 09:35:00 to 2020-08-28 16:10:00 ]
2020-08-29 11:10:20,236 read VIXY from av [ 2020-07-31 04:10:00 to 2020-08-28 20:00:00 ]
2020-08-29 11:10:20,985 read VXX from av [ 2020-07-31 04:05:00 to 2020-08-28 20:00:00 ]
2020-08-29 11:10:21,706 read SVXY from av [ 2020-07-31 05:35:00 to 2020-08-28 18:30:00 ]
2020-08-29 11:10:22,468 read UVXY from av [ 2020-07-31 04:05:00 to 2020-08-28 20:00:00 ]
2020-08-29 11:12:23,247 read VIXY from av [ 2020-07-31 04:10:00 to 2020-08-28 20:00:00 ]
