2020-11-28 10:02:01,270 read QQQ from av [ 2020-10-30 04:05:00 to 2020-11-27 17:00:00 ]
2020-11-28 10:08:02,452 Time out ^VIX
2020-11-28 10:08:02,976 read FAS from av [ 2020-11-02 04:05:00 to 2020-11-27 17:00:00 ]
2020-11-28 10:08:04,304 read MIDU from av [ 2020-11-02 07:05:00 to 2020-11-27 15:35:00 ]
2020-11-28 10:08:05,050 read AAPL from av [ 2020-10-30 04:05:00 to 2020-11-27 17:00:00 ]
2020-11-28 10:08:06,123 read GOOG from av [ 2020-10-30 04:10:00 to 2020-11-27 13:05:00 ]
2020-11-28 10:14:07,134 Time out ^GSPC
2020-11-28 10:20:07,733 Time out ^DJI
2020-11-28 10:26:08,359 Time out ^TNX
2020-11-28 10:26:08,975 read MSFT from av [ 2020-10-30 04:05:00 to 2020-11-27 17:00:00 ]
2020-11-28 10:32:09,862 Time out ^VXGOG
2020-11-28 10:38:10,498 Time out ^VXAPL
2020-11-28 10:44:11,206 Time out ^VXGS
2020-11-28 10:50:11,882 Time out ^VXAZN
2020-11-28 10:56:12,558 Time out ^VXIBM
2020-11-28 10:56:13,003 read GS from av [ 2020-10-30 04:05:00 to 2020-11-27 15:35:00 ]
2020-11-28 10:56:13,741 read IBM from av [ 2020-10-30 05:55:00 to 2020-11-27 15:35:00 ]
2020-11-28 10:56:14,490 read FB from av [ 2020-10-30 04:05:00 to 2020-11-27 16:50:00 ]
2020-11-28 11:02:15,355 Time out ^TYVIX
2020-11-28 11:02:16,024 read SPY from av [ 2020-10-30 04:05:00 to 2020-11-27 17:00:00 ]
2020-11-28 11:02:16,782 read GOOGL from av [ 2020-10-30 04:05:00 to 2020-11-27 13:05:00 ]
2020-11-28 11:02:17,541 read JPM from av [ 2020-11-02 04:05:00 to 2020-11-27 16:50:00 ]
2020-11-28 11:02:18,317 read JNJ from av [ 2020-11-02 05:10:00 to 2020-11-27 17:00:00 ]
2020-11-28 11:02:19,078 read BAC from av [ 2020-11-02 04:05:00 to 2020-11-27 17:00:00 ]
2020-11-28 11:04:19,975 read V from av [ 2020-11-02 04:05:00 to 2020-11-27 17:00:00 ]
2020-11-28 11:04:20,744 read WFC from av [ 2020-11-02 04:05:00 to 2020-11-27 17:00:00 ]
2020-11-28 11:04:21,405 read MA from av [ 2020-11-02 04:35:00 to 2020-11-27 15:35:00 ]
2020-11-28 11:04:22,153 read C from av [ 2020-11-02 04:05:00 to 2020-11-27 16:40:00 ]
2020-11-28 11:04:22,969 read PYPL from av [ 2020-11-02 04:05:00 to 2020-11-27 16:50:00 ]
2020-11-28 11:06:23,605 read OIL from av [ 2020-11-02 09:35:00 to 2020-11-27 15:35:00 ]
2020-11-28 11:12:24,350 Time out DX-Y.NYB
2020-11-28 11:12:24,920 read GLD from av [ 2020-11-02 04:05:00 to 2020-11-27 17:00:00 ]
2020-11-28 11:12:25,663 read UUP from av [ 2020-11-02 05:05:00 to 2020-11-27 15:35:00 ]
2020-11-28 11:12:26,227 read SHY from av [ 2020-11-02 09:35:00 to 2020-11-27 13:05:00 ]
2020-11-28 11:12:26,872 read SHV from av [ 2020-11-02 08:15:00 to 2020-11-27 13:05:00 ]
2020-11-28 11:14:27,810 read IEF from av [ 2020-11-02 05:20:00 to 2020-11-27 13:05:00 ]
2020-11-28 11:20:28,709 Time out ^IRX
2020-11-28 11:26:29,277 Time out ^FVX
2020-11-28 11:32:30,070 Time out ^TYX
2020-11-28 11:32:30,741 read SQQQ from av [ 2020-11-02 04:05:00 to 2020-11-27 17:00:00 ]
2020-11-28 11:32:31,661 read TQQQ from av [ 2020-11-02 04:05:00 to 2020-11-27 17:00:00 ]
2020-11-28 11:38:32,646 Time out ^VXX
2020-11-28 11:44:33,441 Time out ^VXZ
2020-11-28 11:44:35,463 read IYE from av [ 2020-11-02 09:35:00 to 2020-11-27 15:35:00 ]
2020-11-28 11:44:38,014 read IYY from av [ 2020-11-02 09:35:00 to 2020-11-27 15:35:00 ]
2020-11-28 11:44:39,161 read IYF from av [ 2020-11-02 09:35:00 to 2020-11-27 15:35:00 ]
2020-11-28 11:44:40,311 read IYR from av [ 2020-11-02 09:35:00 to 2020-11-27 15:35:00 ]
2020-11-28 11:44:40,856 read IYW from av [ 2020-11-02 09:35:00 to 2020-11-27 15:35:00 ]
2020-11-28 11:46:44,086 read IYT from av [ 2020-11-02 09:35:00 to 2020-11-27 15:35:00 ]
2020-11-28 11:46:46,765 read PEJ from av [ 2020-11-02 09:35:00 to 2020-11-27 15:35:00 ]
2020-11-28 11:46:47,441 read USO from av [ 2020-11-02 04:05:00 to 2020-11-27 16:50:00 ]
2020-11-28 11:46:49,181 read DBC from av [ 2020-11-02 09:35:00 to 2020-11-27 15:35:00 ]
2020-11-28 11:46:51,326 read GSG from av [ 2020-11-02 07:55:00 to 2020-11-27 15:35:00 ]
2020-11-28 11:48:52,129 read VTI from av [ 2020-11-02 07:55:00 to 2020-11-27 15:35:00 ]
2020-11-28 11:54:53,197 Time out ^RUT
2020-11-28 11:54:54,913 read FDN from av [ 2020-11-02 09:35:00 to 2020-11-27 15:35:00 ]
2020-11-28 11:54:55,596 read XLV from av [ 2020-11-02 07:05:00 to 2020-11-27 16:20:00 ]
2020-11-28 11:54:56,219 read IBB from av [ 2020-11-02 06:45:00 to 2020-11-27 16:25:00 ]
2020-11-28 11:54:56,810 read KRE from av [ 2020-11-02 07:15:00 to 2020-11-27 15:35:00 ]
2020-11-28 11:54:59,055 read KBE from av [ 2020-11-02 07:45:00 to 2020-11-27 15:35:00 ]
2020-11-28 11:56:59,902 read XLF from av [ 2020-11-02 04:10:00 to 2020-11-27 15:35:00 ]
2020-11-28 11:57:00,561 read XLP from av [ 2020-11-02 04:10:00 to 2020-11-27 15:35:00 ]
2020-11-28 11:57:01,203 read XLY from av [ 2020-11-02 07:05:00 to 2020-11-27 15:35:00 ]
2020-11-28 11:57:01,796 read VNQ from av [ 2020-11-02 07:15:00 to 2020-11-27 15:35:00 ]
2020-11-28 11:57:02,381 read XLB from av [ 2020-11-02 04:05:00 to 2020-11-27 15:35:00 ]
2020-11-28 11:57:02,973 read XLI from av [ 2020-11-02 06:50:00 to 2020-11-27 15:35:00 ]
2020-11-28 11:57:03,537 read KBWB from av [ 2020-11-02 09:35:00 to 2020-11-27 13:00:00 ]
2020-11-28 12:03:04,441 Time out TVIX
2020-11-28 12:09:04,985 Time out ^VVIX
2020-11-28 12:09:06,682 read VIXM from av [ 2020-11-02 07:05:00 to 2020-11-27 15:35:00 ]
2020-11-28 12:09:07,429 read VIXY from av [ 2020-11-02 04:05:00 to 2020-11-27 17:00:00 ]
2020-11-28 12:09:08,239 read VXX from av [ 2020-11-02 04:05:00 to 2020-11-27 17:00:00 ]
2020-11-28 12:09:09,086 read SVXY from av [ 2020-11-02 04:05:00 to 2020-11-27 16:20:00 ]
2020-11-28 12:09:09,974 read UVXY from av [ 2020-11-02 04:05:00 to 2020-11-27 17:00:00 ]
2020-11-28 12:11:10,962 read VIXY from av [ 2020-11-02 04:05:00 to 2020-11-27 17:00:00 ]
