2020-10-07 00:08:07,862 read QQQ from av [ 2020-09-08 04:05:00 to 2020-10-05 20:00:00 ]
2020-10-07 00:14:08,832 Time out ^VIX
2020-10-07 00:14:09,276 read FAS from av [ 2020-09-08 06:35:00 to 2020-10-05 20:00:00 ]
2020-10-07 00:14:09,745 read MIDU from av [ 2020-09-08 08:15:00 to 2020-10-05 20:00:00 ]
2020-10-07 00:14:10,440 read AAPL from av [ 2020-09-08 04:05:00 to 2020-10-05 20:00:00 ]
2020-10-07 00:14:11,001 read GOOG from av [ 2020-09-08 04:15:00 to 2020-10-05 19:05:00 ]
2020-10-07 00:20:11,772 Time out ^GSPC
2020-10-07 00:26:12,273 Time out ^DJI
2020-10-07 00:32:12,850 Time out ^TNX
2020-10-07 00:32:13,599 read MSFT from av [ 2020-09-08 04:05:00 to 2020-10-05 20:00:00 ]
2020-10-07 00:38:14,293 Time out ^VXGOG
2020-10-07 00:44:14,860 Time out ^VXAPL
2020-10-07 00:50:15,368 Time out ^VXGS
2020-10-07 00:56:16,050 Time out ^VXAZN
2020-10-07 01:02:16,815 Time out ^VXIBM
2020-10-07 01:02:17,200 read GS from av [ 2020-09-08 04:30:00 to 2020-10-05 20:00:00 ]
2020-10-07 01:02:17,750 read IBM from av [ 2020-09-08 04:20:00 to 2020-10-05 18:55:00 ]
2020-10-07 01:02:18,382 read FB from av [ 2020-09-08 04:05:00 to 2020-10-05 20:00:00 ]
2020-10-07 01:08:19,161 Time out ^TYVIX
2020-10-07 01:08:19,784 read SPY from av [ 2020-09-08 04:05:00 to 2020-10-05 20:00:00 ]
2020-10-07 01:08:20,349 read GOOGL from av [ 2020-09-08 04:15:00 to 2020-10-05 19:10:00 ]
2020-10-07 01:08:21,059 read JPM from av [ 2020-09-08 04:05:00 to 2020-10-05 20:00:00 ]
2020-10-07 01:08:21,616 read JNJ from av [ 2020-09-08 04:05:00 to 2020-10-05 19:10:00 ]
2020-10-07 01:08:22,318 read BAC from av [ 2020-09-08 04:05:00 to 2020-10-05 20:00:00 ]
2020-10-07 01:10:23,115 read V from av [ 2020-09-08 04:15:00 to 2020-10-05 19:10:00 ]
2020-10-07 01:10:23,797 read WFC from av [ 2020-09-08 04:05:00 to 2020-10-05 20:00:00 ]
2020-10-07 01:10:24,392 read MA from av [ 2020-09-08 04:25:00 to 2020-10-05 18:55:00 ]
2020-10-07 01:10:25,095 read C from av [ 2020-09-08 04:05:00 to 2020-10-05 20:00:00 ]
2020-10-07 01:10:25,782 read PYPL from av [ 2020-09-08 04:10:00 to 2020-10-05 20:00:00 ]
