2020-10-24 09:01:54,197 read QQQ from av [ 2020-09-25 04:05:00 to 2020-10-23 20:00:00 ]
2020-10-24 09:07:55,346 Time out ^VIX
2020-10-24 09:07:55,759 read FAS from av [ 2020-09-25 06:45:00 to 2020-10-23 20:00:00 ]
2020-10-24 09:07:56,269 read MIDU from av [ 2020-09-25 09:35:00 to 2020-10-23 18:05:00 ]
2020-10-24 09:07:57,066 read AAPL from av [ 2020-09-25 04:05:00 to 2020-10-23 20:00:00 ]
2020-10-24 09:07:57,727 read GOOG from av [ 2020-09-25 07:45:00 to 2020-10-23 17:15:00 ]
2020-10-24 09:13:58,478 Time out ^GSPC
2020-10-24 09:19:59,194 Time out ^DJI
2020-10-24 09:25:59,835 Time out ^TNX
2020-10-24 09:26:00,329 read MSFT from av [ 2020-09-25 04:05:00 to 2020-10-23 20:00:00 ]
2020-10-24 09:32:03,406 Time out ^VXGOG
2020-10-24 09:38:04,015 Time out ^VXAPL
2020-10-24 09:44:04,669 Time out ^VXGS
2020-10-24 09:50:05,178 Time out ^VXAZN
2020-10-24 09:56:05,891 Time out ^VXIBM
2020-10-24 09:56:06,565 read GS from av [ 2020-09-25 06:05:00 to 2020-10-23 20:00:00 ]
2020-10-24 09:56:07,306 read IBM from av [ 2020-09-25 07:05:00 to 2020-10-23 20:00:00 ]
2020-10-24 09:56:08,062 read FB from av [ 2020-09-25 04:10:00 to 2020-10-23 20:00:00 ]
2020-10-24 10:02:08,840 Time out ^TYVIX
2020-10-24 10:02:09,460 read SPY from av [ 2020-09-25 04:05:00 to 2020-10-23 20:00:00 ]
2020-10-24 10:02:10,115 read GOOGL from av [ 2020-09-25 07:10:00 to 2020-10-23 19:55:00 ]
2020-10-24 10:02:10,781 read JPM from av [ 2020-09-25 04:05:00 to 2020-10-23 19:55:00 ]
2020-10-24 10:02:11,444 read JNJ from av [ 2020-09-25 04:15:00 to 2020-10-23 20:00:00 ]
2020-10-24 10:02:12,206 read BAC from av [ 2020-09-25 05:35:00 to 2020-10-23 20:00:00 ]
2020-10-24 10:04:12,980 read V from av [ 2020-09-25 06:50:00 to 2020-10-23 20:00:00 ]
2020-10-24 10:04:13,679 read WFC from av [ 2020-09-25 04:10:00 to 2020-10-23 20:00:00 ]
2020-10-24 10:04:14,229 read MA from av [ 2020-09-25 07:10:00 to 2020-10-23 17:25:00 ]
2020-10-24 10:04:14,919 read C from av [ 2020-09-25 05:40:00 to 2020-10-23 20:00:00 ]
2020-10-24 10:04:15,546 read PYPL from av [ 2020-09-25 06:45:00 to 2020-10-23 20:00:00 ]
2020-10-24 10:06:16,136 read OIL from av [ 2020-09-25 13:20:00 to 2020-10-23 14:15:00 ]
2020-10-24 10:12:16,801 Time out DX-Y.NYB
2020-10-24 10:12:17,305 read GLD from av [ 2020-09-25 04:10:00 to 2020-10-23 20:00:00 ]
2020-10-24 10:12:17,886 read UUP from av [ 2020-09-28 07:55:00 to 2020-10-23 16:10:00 ]
2020-10-24 10:12:18,416 read SHY from av [ 2020-09-25 08:50:00 to 2020-10-23 17:00:00 ]
2020-10-24 10:12:18,959 read SHV from av [ 2020-09-25 07:05:00 to 2020-10-23 17:10:00 ]
2020-10-24 10:14:19,705 read IEF from av [ 2020-09-25 08:00:00 to 2020-10-23 16:15:00 ]
2020-10-24 10:20:20,504 Time out ^IRX
2020-10-24 10:26:21,112 Time out ^FVX
2020-10-24 10:32:21,684 Time out ^TYX
2020-10-24 10:32:22,305 read SQQQ from av [ 2020-09-25 04:05:00 to 2020-10-23 20:00:00 ]
2020-10-24 10:32:23,158 read TQQQ from av [ 2020-09-25 04:05:00 to 2020-10-23 20:00:00 ]
2020-10-24 10:38:24,063 Time out ^VXX
2020-10-24 10:44:24,730 Time out ^VXZ
2020-10-24 10:44:25,326 read IYE from av [ 2020-09-25 09:30:00 to 2020-10-23 16:00:00 ]
2020-10-24 10:44:25,693 read IYY from av [ 2020-09-25 09:35:00 to 2020-10-23 16:00:00 ]
2020-10-24 10:44:26,273 read IYF from av [ 2020-09-25 09:35:00 to 2020-10-23 16:00:00 ]
2020-10-24 10:44:26,770 read IYR from av [ 2020-09-25 09:35:00 to 2020-10-23 16:30:00 ]
2020-10-24 10:44:27,391 read IYW from av [ 2020-09-25 09:35:00 to 2020-10-23 17:00:00 ]
2020-10-24 10:46:28,467 read IYT from av [ 2020-09-25 09:35:00 to 2020-10-23 16:00:00 ]
2020-10-24 10:46:28,863 read PEJ from av [ 2020-09-25 09:35:00 to 2020-10-23 16:00:00 ]
2020-10-24 10:46:29,443 read USO from av [ 2020-09-28 04:05:00 to 2020-10-23 19:50:00 ]
2020-10-24 10:46:29,955 read DBC from av [ 2020-09-25 09:35:00 to 2020-10-23 16:00:00 ]
2020-10-24 10:46:30,410 read GSG from av [ 2020-09-25 09:35:00 to 2020-10-23 16:00:00 ]
2020-10-24 10:48:31,065 read VTI from av [ 2020-09-25 04:10:00 to 2020-10-23 18:00:00 ]
2020-10-24 10:54:31,954 Time out ^RUT
2020-10-24 10:54:32,287 read FDN from av [ 2020-09-25 09:35:00 to 2020-10-23 16:00:00 ]
2020-10-24 10:54:32,913 read XLV from av [ 2020-09-25 08:15:00 to 2020-10-23 16:35:00 ]
2020-10-24 10:54:33,497 read IBB from av [ 2020-09-25 09:35:00 to 2020-10-23 16:05:00 ]
2020-10-24 10:54:34,005 read KRE from av [ 2020-09-25 09:35:00 to 2020-10-23 17:15:00 ]
2020-10-24 10:54:34,607 read KBE from av [ 2020-09-28 04:05:00 to 2020-10-23 20:00:00 ]
2020-10-24 10:56:35,411 read XLF from av [ 2020-09-25 06:15:00 to 2020-10-23 20:00:00 ]
2020-10-24 10:56:36,042 read XLP from av [ 2020-09-25 07:30:00 to 2020-10-23 17:35:00 ]
2020-10-24 10:56:36,557 read XLY from av [ 2020-09-25 09:00:00 to 2020-10-23 17:25:00 ]
2020-10-24 10:56:37,044 read VNQ from av [ 2020-09-25 07:05:00 to 2020-10-23 18:00:00 ]
2020-10-24 10:56:37,556 read XLB from av [ 2020-09-25 07:10:00 to 2020-10-23 16:10:00 ]
2020-10-24 10:58:38,216 read XLI from av [ 2020-09-25 07:05:00 to 2020-10-23 16:40:00 ]
2020-10-24 10:58:38,722 read KBWB from av [ 2020-09-28 07:05:00 to 2020-10-23 16:00:00 ]
2020-10-24 11:04:39,451 Time out TVIX
2020-10-24 11:10:40,235 Time out ^VVIX
2020-10-24 11:10:40,543 read VIXM from av [ 2020-09-28 09:35:00 to 2020-10-23 16:00:00 ]
2020-10-24 11:10:41,162 read VIXY from av [ 2020-09-25 07:05:00 to 2020-10-23 19:30:00 ]
2020-10-24 11:10:41,930 read VXX from av [ 2020-09-25 04:05:00 to 2020-10-23 20:00:00 ]
2020-10-24 11:10:42,536 read SVXY from av [ 2020-09-28 07:35:00 to 2020-10-23 17:25:00 ]
2020-10-24 11:10:43,316 read UVXY from av [ 2020-09-25 04:05:00 to 2020-10-23 20:00:00 ]
2020-10-24 11:12:44,199 read VIXY from av [ 2020-09-25 07:05:00 to 2020-10-23 19:30:00 ]
