2020-12-05 10:02:15,014 read QQQ from av [ 2020-11-06 04:05:00 to 2020-12-04 20:00:00 ]
2020-12-05 10:08:16,124 Time out ^VIX
2020-12-05 10:08:18,266 read FAS from av [ 2020-11-09 06:50:00 to 2020-12-04 20:00:00 ]
2020-12-05 10:08:19,326 read MIDU from av [ 2020-11-09 06:55:00 to 2020-12-04 16:45:00 ]
2020-12-05 10:08:20,119 read AAPL from av [ 2020-11-06 04:05:00 to 2020-12-04 20:00:00 ]
2020-12-05 10:08:20,852 read GOOG from av [ 2020-11-06 04:45:00 to 2020-12-04 17:35:00 ]
2020-12-05 10:14:21,728 Time out ^GSPC
2020-12-05 10:20:22,223 Time out ^DJI
2020-12-05 10:26:22,852 Time out ^TNX
2020-12-05 10:26:23,483 read MSFT from av [ 2020-11-06 04:05:00 to 2020-12-04 20:00:00 ]
2020-12-05 10:32:24,602 Time out ^VXGOG
2020-12-05 10:38:25,291 Time out ^VXAPL
2020-12-05 10:44:25,855 Time out ^VXGS
2020-12-05 10:50:26,479 Time out ^VXAZN
2020-12-05 10:56:27,165 Time out ^VXIBM
2020-12-05 10:56:27,631 read GS from av [ 2020-11-09 06:35:00 to 2020-12-04 19:55:00 ]
2020-12-05 10:56:28,369 read IBM from av [ 2020-11-06 04:05:00 to 2020-12-04 19:25:00 ]
2020-12-05 10:56:29,196 read FB from av [ 2020-11-06 04:05:00 to 2020-12-04 20:00:00 ]
2020-12-05 11:02:30,015 Time out ^TYVIX
2020-12-05 11:02:30,684 read SPY from av [ 2020-11-06 04:05:00 to 2020-12-04 20:00:00 ]
2020-12-05 11:02:31,475 read GOOGL from av [ 2020-11-06 04:15:00 to 2020-12-04 19:45:00 ]
2020-12-05 11:02:32,206 read JPM from av [ 2020-11-06 04:25:00 to 2020-12-04 18:05:00 ]
2020-12-05 11:02:32,948 read JNJ from av [ 2020-11-06 06:50:00 to 2020-12-04 19:35:00 ]
2020-12-05 11:02:33,776 read BAC from av [ 2020-11-09 04:05:00 to 2020-12-04 20:00:00 ]
2020-12-05 11:04:34,646 read V from av [ 2020-11-09 04:15:00 to 2020-12-04 19:05:00 ]
2020-12-05 11:04:35,546 read WFC from av [ 2020-11-09 04:05:00 to 2020-12-04 20:00:00 ]
2020-12-05 11:04:36,232 read MA from av [ 2020-11-09 06:15:00 to 2020-12-04 19:35:00 ]
2020-12-05 11:04:36,970 read C from av [ 2020-11-09 05:10:00 to 2020-12-04 19:50:00 ]
2020-12-05 11:04:37,743 read PYPL from av [ 2020-11-09 04:05:00 to 2020-12-04 20:00:00 ]
2020-12-05 11:06:38,425 read OIL from av [ 2020-11-09 07:50:00 to 2020-12-04 16:00:00 ]
2020-12-05 11:12:39,188 Time out DX-Y.NYB
2020-12-05 11:12:39,780 read GLD from av [ 2020-11-09 04:05:00 to 2020-12-04 19:40:00 ]
2020-12-05 11:12:40,463 read UUP from av [ 2020-11-09 04:25:00 to 2020-12-04 18:15:00 ]
2020-12-05 11:12:42,543 read SHY from av [ 2020-11-09 08:10:00 to 2020-12-04 16:50:00 ]
2020-12-05 11:12:43,147 read SHV from av [ 2020-11-09 07:20:00 to 2020-12-04 16:25:00 ]
2020-12-05 11:14:44,093 read IEF from av [ 2020-11-09 07:20:00 to 2020-12-04 16:35:00 ]
2020-12-05 11:20:44,940 Time out ^IRX
2020-12-05 11:26:45,586 Time out ^FVX
2020-12-05 11:32:46,403 Time out ^TYX
2020-12-05 11:32:46,991 read SQQQ from av [ 2020-11-09 04:05:00 to 2020-12-04 20:00:00 ]
2020-12-05 11:32:47,894 read TQQQ from av [ 2020-11-09 04:05:00 to 2020-12-04 20:00:00 ]
2020-12-05 11:38:48,855 Time out ^VXX
2020-12-05 11:44:49,539 Time out ^VXZ
2020-12-05 11:44:50,042 read IYE from av [ 2020-11-09 07:20:00 to 2020-12-04 19:55:00 ]
2020-12-05 11:44:52,078 read IYY from av [ 2020-11-09 09:30:00 to 2020-12-04 16:00:00 ]
2020-12-05 11:44:54,603 read IYF from av [ 2020-11-09 09:35:00 to 2020-12-04 16:00:00 ]
2020-12-05 11:44:55,304 read IYR from av [ 2020-11-09 07:05:00 to 2020-12-04 17:20:00 ]
2020-12-05 11:44:55,915 read IYW from av [ 2020-11-09 07:40:00 to 2020-12-04 16:00:00 ]
2020-12-05 11:46:57,593 read IYT from av [ 2020-11-09 09:35:00 to 2020-12-04 16:00:00 ]
2020-12-05 11:47:00,223 read PEJ from av [ 2020-11-09 08:05:00 to 2020-12-04 18:05:00 ]
2020-12-05 11:47:00,830 read USO from av [ 2020-11-09 04:05:00 to 2020-12-04 19:25:00 ]
2020-12-05 11:47:01,518 read DBC from av [ 2020-11-09 07:55:00 to 2020-12-04 16:05:00 ]
2020-12-05 11:47:02,087 read GSG from av [ 2020-11-09 08:35:00 to 2020-12-04 16:00:00 ]
2020-12-05 11:47:02,669 read VTI from av [ 2020-11-06 08:05:00 to 2020-12-04 16:50:00 ]
2020-12-05 11:53:03,516 Time out ^RUT
2020-12-05 11:53:03,982 read FDN from av [ 2020-11-09 06:50:00 to 2020-12-04 16:05:00 ]
2020-12-05 11:53:04,614 read XLV from av [ 2020-11-09 06:35:00 to 2020-12-04 16:50:00 ]
2020-12-05 11:53:05,213 read IBB from av [ 2020-11-09 04:05:00 to 2020-12-04 16:15:00 ]
2020-12-05 11:53:05,928 read KRE from av [ 2020-11-09 06:55:00 to 2020-12-04 20:00:00 ]
2020-12-05 11:53:06,891 read KBE from av [ 2020-11-09 08:05:00 to 2020-12-04 16:15:00 ]
2020-12-05 11:55:07,776 read XLF from av [ 2020-11-09 04:05:00 to 2020-12-04 20:00:00 ]
2020-12-05 11:55:08,502 read XLP from av [ 2020-11-09 06:50:00 to 2020-12-04 16:25:00 ]
2020-12-05 11:55:09,141 read XLY from av [ 2020-11-09 07:05:00 to 2020-12-04 18:25:00 ]
2020-12-05 11:55:09,743 read VNQ from av [ 2020-11-09 07:10:00 to 2020-12-04 16:35:00 ]
2020-12-05 11:55:10,299 read XLB from av [ 2020-11-09 07:05:00 to 2020-12-04 19:30:00 ]
2020-12-05 11:57:11,091 read XLI from av [ 2020-11-09 04:05:00 to 2020-12-04 19:30:00 ]
2020-12-05 11:57:11,686 read KBWB from av [ 2020-11-09 04:35:00 to 2020-12-04 16:00:00 ]
2020-12-05 12:03:12,545 Time out TVIX
2020-12-05 12:09:13,191 Time out ^VVIX
2020-12-05 12:09:13,525 read VIXM from av [ 2020-11-09 07:00:00 to 2020-12-04 16:00:00 ]
2020-12-05 12:09:14,116 read VIXY from av [ 2020-11-09 04:05:00 to 2020-12-04 19:25:00 ]
2020-12-05 12:09:14,897 read VXX from av [ 2020-11-09 04:05:00 to 2020-12-04 20:00:00 ]
2020-12-05 12:09:15,615 read SVXY from av [ 2020-11-09 05:30:00 to 2020-12-04 20:00:00 ]
2020-12-05 12:09:16,609 read UVXY from av [ 2020-11-09 04:05:00 to 2020-12-04 20:00:00 ]
2020-12-05 12:11:17,626 read VIXY from av [ 2020-11-09 04:05:00 to 2020-12-04 19:25:00 ]
