2020-05-02 09:01:23,257 read QQQ from av [ 2020-04-13 09:35:00 to 2020-05-01 16:00:00 ]
2020-05-02 09:01:25,214 read ^VIX from av [ 2020-04-13 09:35:00 to 2020-05-01 16:00:00 ]
2020-05-02 09:01:26,224 read FAS from av [ 2020-04-13 09:35:00 to 2020-05-01 16:00:00 ]
2020-05-02 09:01:29,046 read MIDU from av [ 2020-04-13 09:35:00 to 2020-05-01 16:00:00 ]
2020-05-02 09:01:29,344 read AAPL from av [ 2020-04-13 09:35:00 to 2020-05-01 16:00:00 ]
2020-05-02 09:03:29,838 read GOOG from av [ 2020-04-13 09:35:00 to 2020-05-01 16:00:00 ]
2020-05-02 09:09:30,540 Time out ^GSPC
2020-05-02 09:15:31,145 Time out ^DJI
2020-05-02 09:15:32,107 read ^TNX from av [ 2020-04-15 08:25:00 to 2020-05-01 15:00:00 ]
2020-05-02 09:15:32,401 read MSFT from av [ 2020-04-13 09:35:00 to 2020-05-01 16:00:00 ]
2020-05-02 09:15:33,397 read ^VXGOG from av [ 2020-04-13 09:35:00 to 2020-05-01 16:00:00 ]
2020-05-02 09:15:34,601 read ^VXAPL from av [ 2020-04-13 09:35:00 to 2020-05-01 16:00:00 ]
2020-05-02 09:15:35,499 read ^VXGS from av [ 2020-04-13 09:35:00 to 2020-05-01 16:00:00 ]
2020-05-02 09:17:36,584 read ^VXAZN from av [ 2020-04-13 09:35:00 to 2020-05-01 16:00:00 ]
2020-05-02 09:17:37,577 read ^VXIBM from av [ 2020-04-13 09:35:00 to 2020-05-01 16:00:00 ]
2020-05-02 09:17:38,592 read GS from av [ 2020-04-13 09:35:00 to 2020-05-01 16:00:00 ]
2020-05-02 09:17:38,913 read IBM from av [ 2020-04-13 09:35:00 to 2020-05-01 16:00:00 ]
2020-05-02 09:17:39,202 read FB from av [ 2020-04-13 09:35:00 to 2020-05-01 16:00:00 ]
2020-05-02 09:19:40,289 read ^TYVIX from av [ 2020-04-13 09:35:00 to 2020-05-01 16:00:00 ]
2020-05-02 09:19:40,607 read SPY from av [ 2020-04-13 09:35:00 to 2020-05-01 16:00:00 ]
2020-05-02 09:22:03,902 read GOOGL from av [ 2020-04-13 09:35:00 to 2020-05-01 16:00:00 ]
2020-05-02 09:22:04,905 read JPM from av [ 2020-04-13 09:35:00 to 2020-05-01 16:00:00 ]
2020-05-02 09:22:05,965 read JNJ from av [ 2020-04-13 09:35:00 to 2020-05-01 16:00:00 ]
2020-05-02 09:22:07,087 read BAC from av [ 2020-04-13 09:35:00 to 2020-05-01 16:00:00 ]
2020-05-02 09:22:08,373 read V from av [ 2020-04-13 09:35:00 to 2020-05-01 16:00:00 ]
2020-05-02 09:24:09,689 read WFC from av [ 2020-04-13 09:35:00 to 2020-05-01 16:00:00 ]
2020-05-02 09:24:10,739 read MA from av [ 2020-04-13 09:35:00 to 2020-05-01 16:00:00 ]
2020-05-02 09:24:11,787 read C from av [ 2020-04-13 09:35:00 to 2020-05-01 16:00:00 ]
2020-05-02 09:24:12,824 read PYPL from av [ 2020-04-13 09:35:00 to 2020-05-01 16:00:00 ]
2020-05-02 09:24:13,704 read OIL from av [ 2020-04-13 09:35:00 to 2020-04-24 16:00:00 ]
2020-05-02 09:26:15,171 read DX-Y.NYB from av [ 2020-04-15 00:00:00 to 2020-05-01 18:00:00 ]
2020-05-02 09:26:16,314 read GLD from av [ 2020-04-13 09:35:00 to 2020-05-01 16:00:00 ]
2020-05-02 09:26:17,357 read UUP from av [ 2020-04-13 09:35:00 to 2020-05-01 16:00:00 ]
2020-05-02 09:26:18,388 read SHY from av [ 2020-04-13 09:35:00 to 2020-05-01 16:00:00 ]
2020-05-02 09:26:19,403 read SHV from av [ 2020-04-13 09:35:00 to 2020-05-01 16:00:00 ]
2020-05-02 09:28:20,622 read IEF from av [ 2020-04-13 09:35:00 to 2020-05-01 16:00:00 ]
2020-05-02 09:28:22,461 read ^IRX from av [ 2020-04-15 08:25:00 to 2020-05-01 15:00:00 ]
2020-05-02 09:28:23,424 read ^FVX from av [ 2020-04-15 08:25:00 to 2020-05-01 15:00:00 ]
2020-05-02 09:28:24,368 read ^TYX from av [ 2020-04-15 08:25:00 to 2020-05-01 15:00:00 ]
2020-05-02 09:28:25,400 read SQQQ from av [ 2020-04-13 09:35:00 to 2020-05-01 16:00:00 ]
2020-05-02 09:30:26,614 read TQQQ from av [ 2020-04-13 09:35:00 to 2020-05-01 16:00:00 ]
2020-05-02 09:30:27,522 read ^VXX from av [ 2020-04-13 09:35:00 to 2020-05-01 16:00:00 ]
2020-05-02 09:30:28,507 read ^VXZ from av [ 2020-04-13 09:35:00 to 2020-05-01 16:00:00 ]
2020-05-02 09:30:29,669 read IYE from av [ 2020-04-13 09:35:00 to 2020-05-01 16:00:00 ]
2020-05-02 09:30:30,817 read IYY from av [ 2020-04-13 09:35:00 to 2020-05-01 16:00:00 ]
2020-05-02 09:32:31,897 read IYF from av [ 2020-04-13 09:35:00 to 2020-05-01 16:00:00 ]
2020-05-02 09:32:32,944 read IYR from av [ 2020-04-13 09:35:00 to 2020-05-01 16:00:00 ]
2020-05-02 09:32:33,920 read IYW from av [ 2020-04-13 09:35:00 to 2020-05-01 16:00:00 ]
2020-05-02 09:32:34,911 read IYT from av [ 2020-04-13 09:35:00 to 2020-05-01 16:00:00 ]
2020-05-02 09:32:35,890 read PEJ from av [ 2020-04-13 09:35:00 to 2020-05-01 16:00:00 ]
2020-05-02 09:34:37,151 read USO from av [ 2020-04-13 09:35:00 to 2020-05-01 16:00:00 ]
2020-05-02 09:34:38,151 read DBC from av [ 2020-04-13 09:35:00 to 2020-05-01 16:00:00 ]
2020-05-02 09:34:39,133 read GSG from av [ 2020-04-13 09:35:00 to 2020-05-01 16:00:00 ]
2020-05-02 09:34:40,147 read VTI from av [ 2020-04-13 09:35:00 to 2020-05-01 16:00:00 ]
2020-05-02 09:34:41,076 read ^RUT from av [ 2020-04-13 09:35:00 to 2020-05-01 16:00:00 ]
2020-05-02 09:36:42,254 read FDN from av [ 2020-04-13 09:35:00 to 2020-05-01 16:00:00 ]
2020-05-02 09:36:43,292 read XLV from av [ 2020-04-13 09:35:00 to 2020-05-01 16:00:00 ]
2020-05-02 09:36:44,445 read IBB from av [ 2020-04-13 09:35:00 to 2020-05-01 16:00:00 ]
2020-05-02 09:36:45,445 read KRE from av [ 2020-04-13 09:35:00 to 2020-05-01 16:00:00 ]
2020-05-02 09:36:46,470 read KBE from av [ 2020-04-13 09:35:00 to 2020-05-01 16:00:00 ]
2020-05-02 09:38:47,716 read XLF from av [ 2020-04-13 09:35:00 to 2020-05-01 16:00:00 ]
2020-05-02 09:38:48,815 read XLP from av [ 2020-04-13 09:35:00 to 2020-05-01 16:00:00 ]
2020-05-02 09:38:49,807 read XLY from av [ 2020-04-13 09:35:00 to 2020-05-01 16:00:00 ]
2020-05-02 09:38:50,798 read VNQ from av [ 2020-04-13 09:35:00 to 2020-05-01 16:00:00 ]
2020-05-02 09:38:51,772 read XLB from av [ 2020-04-13 09:35:00 to 2020-05-01 16:00:00 ]
2020-05-02 09:40:52,958 read XLI from av [ 2020-04-13 09:35:00 to 2020-05-01 16:00:00 ]
2020-05-02 09:40:54,289 read KBWB from av [ 2020-04-13 09:35:00 to 2020-05-01 16:00:00 ]
2020-05-02 09:40:55,343 read TVIX from av [ 2020-04-13 09:35:00 to 2020-05-01 16:00:00 ]
2020-05-02 09:40:56,302 read ^VVIX from av [ 2020-04-13 09:35:00 to 2020-05-01 16:00:00 ]
2020-05-02 09:40:57,174 read VIXM from av [ 2020-04-13 09:35:00 to 2020-05-01 16:00:00 ]
2020-05-02 09:42:58,359 read VIXY from av [ 2020-04-13 09:35:00 to 2020-05-01 16:00:00 ]
2020-05-02 09:42:59,393 read VXX from av [ 2020-04-13 09:35:00 to 2020-05-01 16:00:00 ]
2020-05-02 09:43:00,445 read SVXY from av [ 2020-04-13 09:35:00 to 2020-05-01 16:00:00 ]
2020-05-02 09:43:01,509 read UVXY from av [ 2020-04-13 09:35:00 to 2020-05-01 16:00:00 ]
2020-05-02 09:43:02,457 read VIXY from av [ 2020-04-13 09:35:00 to 2020-05-01 16:00:00 ]
