2020-03-01 21:16:19,987 read QQQ from av [ 2020-02-07 09:35:00 to 2020-02-28 16:00:00 ]
2020-03-01 21:16:20,290 read ^VIX from av [ 2020-02-07 09:35:00 to 2020-02-28 16:00:00 ]
2020-03-01 21:16:21,432 read FAS from av [ 2020-02-07 09:35:00 to 2020-02-28 16:00:00 ]
2020-03-01 21:16:22,256 read MIDU from av [ 2020-02-07 09:35:00 to 2020-02-28 16:00:00 ]
2020-03-01 21:16:22,534 read AAPL from av [ 2020-02-07 09:35:00 to 2020-02-28 16:00:00 ]
2020-03-01 21:18:23,077 read GOOG from av [ 2020-02-07 09:35:00 to 2020-02-28 16:00:00 ]
2020-03-01 21:18:23,435 read ^GSPC from av [ 2020-02-07 09:35:00 to 2020-02-28 16:00:00 ]
2020-03-01 21:18:24,567 read ^DJI from av [ 2020-02-07 09:35:00 to 2020-02-28 16:00:00 ]
2020-03-01 21:18:25,573 read ^TNX from av [ 2020-02-12 08:25:00 to 2020-02-28 15:00:00 ]
2020-03-01 21:18:25,895 read MSFT from av [ 2020-02-07 09:35:00 to 2020-02-28 16:00:00 ]
2020-03-01 21:20:27,029 read ^VXGOG from av [ 2020-02-07 09:35:00 to 2020-02-28 16:00:00 ]
2020-03-01 21:20:27,964 read ^VXAPL from av [ 2020-02-07 09:35:00 to 2020-02-28 16:00:00 ]
2020-03-01 21:20:28,950 read ^VXGS from av [ 2020-02-07 09:35:00 to 2020-02-28 16:00:00 ]
2020-03-01 21:20:29,847 read ^VXAZN from av [ 2020-02-07 09:35:00 to 2020-02-28 16:00:00 ]
2020-03-01 21:20:31,457 read ^VXIBM from av [ 2020-02-07 09:35:00 to 2020-02-28 16:00:00 ]
2020-03-01 21:22:32,857 read GS from av [ 2020-02-07 09:35:00 to 2020-02-28 16:00:00 ]
2020-03-01 21:22:33,941 read IBM from av [ 2020-02-07 09:35:00 to 2020-02-28 16:00:00 ]
2020-03-01 21:22:35,020 read FB from av [ 2020-02-07 09:35:00 to 2020-02-28 16:00:00 ]
2020-03-01 21:22:36,057 read ^TYVIX from av [ 2020-02-07 09:35:00 to 2020-02-28 16:00:00 ]
2020-03-01 21:22:37,071 read SPY from av [ 2020-02-07 09:35:00 to 2020-02-28 16:00:00 ]
2020-03-01 21:24:37,586 read GOOGL from av [ 2020-02-07 09:35:00 to 2020-02-28 16:00:00 ]
2020-03-01 21:24:37,888 read JPM from av [ 2020-02-07 09:35:00 to 2020-02-28 16:00:00 ]
2020-03-01 21:24:38,993 read JNJ from av [ 2020-02-07 09:35:00 to 2020-02-28 16:00:00 ]
2020-03-01 21:24:40,148 read BAC from av [ 2020-02-07 09:35:00 to 2020-02-28 16:00:00 ]
2020-03-01 21:24:41,364 read V from av [ 2020-02-07 09:35:00 to 2020-02-28 16:00:00 ]
2020-03-01 21:26:42,701 read WFC from av [ 2020-02-07 09:35:00 to 2020-02-28 16:00:00 ]
2020-03-01 21:26:43,791 read MA from av [ 2020-02-07 09:35:00 to 2020-02-28 16:00:00 ]
2020-03-01 21:26:44,106 read C from av [ 2020-02-07 09:35:00 to 2020-02-28 16:00:00 ]
2020-03-01 21:26:45,286 read PYPL from av [ 2020-02-07 09:35:00 to 2020-02-28 16:00:00 ]
2020-03-01 21:26:46,242 read OIL from av [ 2020-02-07 09:35:00 to 2020-02-28 16:00:00 ]
2020-03-01 21:28:48,730 read DX-Y.NYB from av [ 2020-02-12 00:00:00 to 2020-02-28 17:25:00 ]
2020-03-01 21:28:49,972 read GLD from av [ 2020-02-07 09:35:00 to 2020-02-28 16:00:00 ]
2020-03-01 21:28:51,095 read UUP from av [ 2020-02-07 09:35:00 to 2020-02-28 16:00:00 ]
2020-03-01 21:28:52,237 read SHY from av [ 2020-02-07 09:35:00 to 2020-02-28 16:00:00 ]
2020-03-01 21:28:53,379 read SHV from av [ 2020-02-07 09:35:00 to 2020-02-28 16:00:00 ]
2020-03-01 21:30:54,650 read IEF from av [ 2020-02-07 09:35:00 to 2020-02-28 16:00:00 ]
2020-03-01 21:30:55,690 read ^IRX from av [ 2020-02-12 08:25:00 to 2020-02-28 15:00:00 ]
2020-03-01 21:30:56,723 read ^FVX from av [ 2020-02-12 08:25:00 to 2020-02-28 15:00:00 ]
2020-03-01 21:30:57,734 read ^TYX from av [ 2020-02-12 08:25:00 to 2020-02-28 15:00:00 ]
2020-03-01 21:30:58,866 read SQQQ from av [ 2020-02-07 09:35:00 to 2020-02-28 16:00:00 ]
2020-03-01 21:33:00,067 read TQQQ from av [ 2020-02-07 09:35:00 to 2020-02-28 16:00:00 ]
2020-03-01 21:33:01,147 read ^VXX from av [ 2020-02-07 09:35:00 to 2020-02-28 16:00:00 ]
2020-03-01 21:33:02,288 read ^VXZ from av [ 2020-02-07 09:35:00 to 2020-02-28 16:00:00 ]
2020-03-01 21:33:03,552 read IYE from av [ 2020-02-07 09:35:00 to 2020-02-28 16:00:00 ]
2020-03-01 21:33:04,493 read IYY from av [ 2020-02-07 09:35:00 to 2020-02-28 16:00:00 ]
2020-03-01 21:33:05,555 read IYF from av [ 2020-02-07 09:35:00 to 2020-02-28 16:00:00 ]
2020-03-01 21:33:06,626 read IYR from av [ 2020-02-07 09:35:00 to 2020-02-28 16:00:00 ]
2020-03-01 21:35:08,005 read IYW from av [ 2020-02-07 09:35:00 to 2020-02-28 16:00:00 ]
2020-03-01 21:35:09,105 read IYT from av [ 2020-02-07 09:35:00 to 2020-02-28 16:00:00 ]
2020-03-01 21:35:09,936 read PEJ from av [ 2020-02-07 09:35:00 to 2020-02-28 15:50:00 ]
2020-03-01 21:35:11,077 read USO from av [ 2020-02-07 09:35:00 to 2020-02-28 16:00:00 ]
2020-03-01 21:35:12,153 read DBC from av [ 2020-02-07 09:35:00 to 2020-02-28 16:00:00 ]
2020-03-01 21:37:13,368 read GSG from av [ 2020-02-07 09:35:00 to 2020-02-28 16:00:00 ]
2020-03-01 21:37:14,569 read VTI from av [ 2020-02-07 09:35:00 to 2020-02-28 16:00:00 ]
2020-03-01 21:37:15,579 read ^RUT from av [ 2020-02-07 09:35:00 to 2020-02-28 16:00:00 ]
2020-03-01 21:37:16,720 read FDN from av [ 2020-02-07 09:35:00 to 2020-02-28 16:00:00 ]
2020-03-01 21:37:17,829 read XLV from av [ 2020-02-07 09:35:00 to 2020-02-28 16:00:00 ]
2020-03-01 21:39:19,144 read IBB from av [ 2020-02-07 09:35:00 to 2020-02-28 16:00:00 ]
2020-03-01 21:39:21,025 read KRE from av [ 2020-02-07 09:35:00 to 2020-02-28 16:00:00 ]
2020-03-01 21:39:22,122 read KBE from av [ 2020-02-07 09:35:00 to 2020-02-28 16:00:00 ]
2020-03-01 21:39:23,195 read XLF from av [ 2020-02-07 09:35:00 to 2020-02-28 16:00:00 ]
2020-03-01 21:39:24,256 read XLP from av [ 2020-02-07 09:35:00 to 2020-02-28 16:00:00 ]
2020-03-01 21:41:25,588 read XLY from av [ 2020-02-07 09:35:00 to 2020-02-28 16:00:00 ]
2020-03-01 21:41:26,817 read VNQ from av [ 2020-02-07 09:35:00 to 2020-02-28 16:00:00 ]
2020-03-01 21:41:27,873 read XLB from av [ 2020-02-07 09:35:00 to 2020-02-28 16:00:00 ]
2020-03-01 21:41:29,126 read XLI from av [ 2020-02-07 09:35:00 to 2020-02-28 16:00:00 ]
2020-03-01 21:41:30,149 read KBWB from av [ 2020-02-07 09:35:00 to 2020-02-28 16:00:00 ]
2020-03-01 21:43:31,399 read TVIX from av [ 2020-02-07 09:35:00 to 2020-02-28 16:00:00 ]
2020-03-01 21:43:32,489 read ^VVIX from av [ 2020-02-07 09:35:00 to 2020-02-28 16:00:00 ]
2020-03-01 21:43:33,434 read VIXM from av [ 2020-02-07 09:35:00 to 2020-02-28 16:00:00 ]
2020-03-01 21:43:34,542 read VIXY from av [ 2020-02-07 09:35:00 to 2020-02-28 16:00:00 ]
2020-03-01 21:43:35,657 read VXX from av [ 2020-02-07 09:35:00 to 2020-02-28 16:00:00 ]
2020-03-01 21:45:37,049 read SVXY from av [ 2020-02-07 09:35:00 to 2020-02-28 16:00:00 ]
2020-03-01 21:45:38,094 read UVXY from av [ 2020-02-07 09:35:00 to 2020-02-28 16:00:00 ]
2020-03-01 21:45:39,203 read VIXY from av [ 2020-02-07 09:35:00 to 2020-02-28 16:00:00 ]
