2020-02-29 17:21:00,370 read QQQ from av [ 2020-02-07 09:35:00 to 2020-02-28 16:00:00 ]
2020-02-29 17:21:01,636 read ^VIX from av [ 2020-02-07 09:35:00 to 2020-02-28 16:00:00 ]
2020-02-29 17:21:02,879 read FAS from av [ 2020-02-07 09:35:00 to 2020-02-28 16:00:00 ]
2020-02-29 17:21:03,803 read MIDU from av [ 2020-02-07 09:35:00 to 2020-02-28 16:00:00 ]
2020-02-29 17:21:04,144 read AAPL from av [ 2020-02-07 09:35:00 to 2020-02-28 16:00:00 ]
2020-02-29 17:21:05,886 read GOOG from av [ 2020-02-07 09:35:00 to 2020-02-28 16:00:00 ]
2020-02-29 17:21:06,953 read ^GSPC from av [ 2020-02-07 09:35:00 to 2020-02-28 16:00:00 ]
2020-02-29 17:23:08,301 read ^DJI from av [ 2020-02-07 09:35:00 to 2020-02-28 16:00:00 ]
2020-02-29 17:23:09,385 read ^TNX from av [ 2020-02-11 08:25:00 to 2020-02-28 15:00:00 ]
2020-02-29 17:23:09,655 read MSFT from av [ 2020-02-07 09:35:00 to 2020-02-28 16:00:00 ]
2020-02-29 17:23:10,739 read ^VXGOG from av [ 2020-02-07 09:35:00 to 2020-02-28 16:00:00 ]
2020-02-29 17:23:12,009 read ^VXAPL from av [ 2020-02-07 09:35:00 to 2020-02-28 16:00:00 ]
2020-02-29 17:25:14,374 read ^VXGS from av [ 2020-02-07 09:35:00 to 2020-02-28 16:00:00 ]
2020-02-29 17:25:15,672 read ^VXAZN from av [ 2020-02-07 09:35:00 to 2020-02-28 16:00:00 ]
2020-02-29 17:25:16,843 read ^VXIBM from av [ 2020-02-07 09:35:00 to 2020-02-28 16:00:00 ]
2020-02-29 17:25:18,167 read GS from av [ 2020-02-07 09:35:00 to 2020-02-28 16:00:00 ]
2020-02-29 17:25:19,382 read IBM from av [ 2020-02-07 09:35:00 to 2020-02-28 16:00:00 ]
2020-02-29 17:27:19,840 read FB from av [ 2020-02-07 09:35:00 to 2020-02-28 16:00:00 ]
2020-02-29 17:27:20,937 read ^TYVIX from av [ 2020-02-07 09:35:00 to 2020-02-28 16:00:00 ]
2020-02-29 17:27:22,230 read SPY from av [ 2020-02-07 09:35:00 to 2020-02-28 16:00:00 ]
