2020-10-17 09:01:24,883 read QQQ from av [ 2020-09-18 04:05:00 to 2020-10-16 20:00:00 ]
2020-10-17 09:07:25,909 Time out ^VIX
2020-10-17 09:07:26,407 read FAS from av [ 2020-09-18 07:05:00 to 2020-10-16 20:00:00 ]
2020-10-17 09:07:26,945 read MIDU from av [ 2020-09-18 09:40:00 to 2020-10-16 16:00:00 ]
2020-10-17 09:07:27,638 read AAPL from av [ 2020-09-18 04:05:00 to 2020-10-16 20:00:00 ]
2020-10-17 09:07:28,247 read GOOG from av [ 2020-09-18 07:20:00 to 2020-10-16 17:40:00 ]
2020-10-17 09:13:28,984 Time out ^GSPC
2020-10-17 09:19:29,574 Time out ^DJI
2020-10-17 09:25:30,182 Time out ^TNX
2020-10-17 09:25:30,690 read MSFT from av [ 2020-09-18 04:15:00 to 2020-10-16 20:00:00 ]
2020-10-17 09:31:31,562 Time out ^VXGOG
2020-10-17 09:37:32,151 Time out ^VXAPL
2020-10-17 09:43:32,667 Time out ^VXGS
2020-10-17 09:49:33,342 Time out ^VXAZN
2020-10-17 09:55:34,026 Time out ^VXIBM
2020-10-17 09:55:34,494 read GS from av [ 2020-09-18 04:05:00 to 2020-10-16 19:45:00 ]
2020-10-17 09:55:35,064 read IBM from av [ 2020-09-18 08:05:00 to 2020-10-16 19:55:00 ]
2020-10-17 09:55:35,719 read FB from av [ 2020-09-18 04:05:00 to 2020-10-16 20:00:00 ]
2020-10-17 10:01:36,472 Time out ^TYVIX
2020-10-17 10:01:37,058 read SPY from av [ 2020-09-18 04:05:00 to 2020-10-16 20:00:00 ]
2020-10-17 10:01:38,462 read GOOGL from av [ 2020-09-18 08:05:00 to 2020-10-16 20:00:00 ]
2020-10-17 10:01:39,161 read JPM from av [ 2020-09-18 04:05:00 to 2020-10-16 18:40:00 ]
2020-10-17 10:01:39,847 read JNJ from av [ 2020-09-18 07:15:00 to 2020-10-16 20:00:00 ]
2020-10-17 10:01:40,629 read BAC from av [ 2020-09-18 04:40:00 to 2020-10-16 20:00:00 ]
2020-10-17 10:03:41,462 read V from av [ 2020-09-18 06:50:00 to 2020-10-16 20:00:00 ]
2020-10-17 10:03:42,234 read WFC from av [ 2020-09-18 04:05:00 to 2020-10-16 20:00:00 ]
2020-10-17 10:03:42,838 read MA from av [ 2020-09-18 09:25:00 to 2020-10-16 19:35:00 ]
2020-10-17 10:03:43,604 read C from av [ 2020-09-18 06:55:00 to 2020-10-16 20:00:00 ]
2020-10-17 10:03:44,226 read PYPL from av [ 2020-09-18 07:05:00 to 2020-10-16 19:55:00 ]
2020-10-17 10:05:44,740 read OIL from av [ 2020-09-18 09:35:00 to 2020-10-16 16:00:00 ]
2020-10-17 10:11:45,409 Time out DX-Y.NYB
2020-10-17 10:11:45,902 read GLD from av [ 2020-09-18 04:05:00 to 2020-10-16 19:20:00 ]
2020-10-17 10:11:46,473 read UUP from av [ 2020-09-18 07:55:00 to 2020-10-16 17:05:00 ]
2020-10-17 10:11:47,040 read SHY from av [ 2020-09-18 08:15:00 to 2020-10-16 16:05:00 ]
2020-10-17 10:11:47,551 read SHV from av [ 2020-09-18 09:35:00 to 2020-10-16 16:15:00 ]
2020-10-17 10:13:48,292 read IEF from av [ 2020-09-18 09:15:00 to 2020-10-16 16:20:00 ]
2020-10-17 10:19:49,123 Time out ^IRX
2020-10-17 10:25:49,749 Time out ^FVX
2020-10-17 10:31:50,354 Time out ^TYX
2020-10-17 10:31:50,927 read SQQQ from av [ 2020-09-18 04:05:00 to 2020-10-16 20:00:00 ]
2020-10-17 10:31:51,810 read TQQQ from av [ 2020-09-18 04:05:00 to 2020-10-16 20:00:00 ]
2020-10-17 10:37:52,665 Time out ^VXX
2020-10-17 10:43:53,112 Time out ^VXZ
2020-10-17 10:43:53,632 read IYE from av [ 2020-09-18 09:30:00 to 2020-10-16 17:30:00 ]
2020-10-17 10:43:53,980 read IYY from av [ 2020-09-18 09:35:00 to 2020-10-16 15:45:00 ]
2020-10-17 10:43:54,420 read IYF from av [ 2020-09-18 09:35:00 to 2020-10-16 16:00:00 ]
2020-10-17 10:43:54,963 read IYR from av [ 2020-09-18 09:30:00 to 2020-10-16 18:05:00 ]
2020-10-17 10:43:55,478 read IYW from av [ 2020-09-18 09:35:00 to 2020-10-16 16:05:00 ]
2020-10-17 10:45:56,287 read IYT from av [ 2020-09-18 09:35:00 to 2020-10-16 16:00:00 ]
2020-10-17 10:45:56,691 read PEJ from av [ 2020-09-18 09:35:00 to 2020-10-16 16:00:00 ]
2020-10-17 10:45:57,239 read USO from av [ 2020-09-18 04:30:00 to 2020-10-16 19:50:00 ]
2020-10-17 10:45:57,781 read DBC from av [ 2020-09-18 07:55:00 to 2020-10-16 16:15:00 ]
2020-10-17 10:45:58,265 read GSG from av [ 2020-09-18 09:35:00 to 2020-10-16 16:00:00 ]
2020-10-17 10:47:58,906 read VTI from av [ 2020-09-18 05:50:00 to 2020-10-16 20:00:00 ]
2020-10-17 10:53:59,681 Time out ^RUT
2020-10-17 10:53:59,997 read FDN from av [ 2020-09-18 09:35:00 to 2020-10-16 16:00:00 ]
2020-10-17 10:54:00,640 read XLV from av [ 2020-09-18 08:15:00 to 2020-10-16 16:50:00 ]
2020-10-17 10:54:01,191 read IBB from av [ 2020-09-18 09:35:00 to 2020-10-16 16:50:00 ]
2020-10-17 10:54:01,910 read KRE from av [ 2020-09-18 09:30:00 to 2020-10-16 19:05:00 ]
2020-10-17 10:54:02,688 read KBE from av [ 2020-09-21 04:05:00 to 2020-10-16 16:10:00 ]
2020-10-17 10:54:03,418 read XLF from av [ 2020-09-18 05:20:00 to 2020-10-16 20:00:00 ]
2020-10-17 10:54:03,978 read XLP from av [ 2020-09-18 08:15:00 to 2020-10-16 17:30:00 ]
2020-10-17 10:54:04,463 read XLY from av [ 2020-09-18 08:15:00 to 2020-10-16 16:15:00 ]
2020-10-17 10:56:05,286 read VNQ from av [ 2020-09-18 09:30:00 to 2020-10-16 16:00:00 ]
2020-10-17 10:56:05,849 read XLB from av [ 2020-09-18 07:25:00 to 2020-10-16 16:40:00 ]
2020-10-17 10:56:06,501 read XLI from av [ 2020-09-18 08:05:00 to 2020-10-16 17:20:00 ]
2020-10-17 10:56:07,029 read KBWB from av [ 2020-09-21 09:15:00 to 2020-10-16 16:00:00 ]
2020-10-17 11:02:07,831 Time out TVIX
2020-10-17 11:08:08,485 Time out ^VVIX
2020-10-17 11:08:09,031 read VIXM from av [ 2020-09-18 09:35:00 to 2020-10-16 16:05:00 ]
2020-10-17 11:08:10,198 read VIXY from av [ 2020-09-18 07:05:00 to 2020-10-16 20:00:00 ]
2020-10-17 11:08:10,955 read VXX from av [ 2020-09-18 04:05:00 to 2020-10-16 20:00:00 ]
2020-10-17 11:08:11,666 read SVXY from av [ 2020-09-18 07:05:00 to 2020-10-16 17:30:00 ]
2020-10-17 11:08:12,442 read UVXY from av [ 2020-09-18 04:05:00 to 2020-10-16 20:00:00 ]
2020-10-17 11:10:13,241 read VIXY from av [ 2020-09-18 07:05:00 to 2020-10-16 20:00:00 ]
