2020-08-22 09:01:23,432 read QQQ from av [ 2020-07-24 04:05:00 to 2020-08-21 20:00:00 ]
2020-08-22 09:07:24,605 Time out ^VIX
2020-08-22 09:07:25,865 read FAS from av [ 2020-07-24 04:05:00 to 2020-08-21 20:00:00 ]
2020-08-22 09:07:26,453 read MIDU from av [ 2020-07-24 09:35:00 to 2020-08-21 16:00:00 ]
2020-08-22 09:07:27,173 read AAPL from av [ 2020-07-24 04:05:00 to 2020-08-21 20:00:00 ]
2020-08-22 09:07:27,789 read GOOG from av [ 2020-07-24 05:45:00 to 2020-08-21 19:55:00 ]
2020-08-22 09:13:28,543 Time out ^GSPC
2020-08-22 09:19:29,152 Time out ^DJI
2020-08-22 09:25:29,804 Time out ^TNX
2020-08-22 09:25:31,520 read MSFT from av [ 2020-07-24 04:05:00 to 2020-08-21 20:00:00 ]
2020-08-22 09:31:32,342 Time out ^VXGOG
2020-08-22 09:37:32,987 Time out ^VXAPL
2020-08-22 09:43:33,501 Time out ^VXGS
2020-08-22 09:49:34,145 Time out ^VXAZN
2020-08-22 09:55:34,653 Time out ^VXIBM
2020-08-22 09:55:35,061 read GS from av [ 2020-07-24 04:05:00 to 2020-08-21 18:45:00 ]
2020-08-22 09:55:35,560 read IBM from av [ 2020-07-24 04:55:00 to 2020-08-21 19:40:00 ]
2020-08-22 09:55:36,171 read FB from av [ 2020-07-24 04:05:00 to 2020-08-21 20:00:00 ]
2020-08-22 10:01:37,347 Time out ^TYVIX
2020-08-22 10:01:37,893 read SPY from av [ 2020-07-24 04:05:00 to 2020-08-21 20:00:00 ]
2020-08-22 10:01:38,982 read GOOGL from av [ 2020-07-24 05:35:00 to 2020-08-21 18:30:00 ]
2020-08-22 10:01:39,742 read JPM from av [ 2020-07-24 04:05:00 to 2020-08-21 20:00:00 ]
2020-08-22 10:01:40,248 read JNJ from av [ 2020-07-24 05:30:00 to 2020-08-21 20:00:00 ]
2020-08-22 10:01:40,940 read BAC from av [ 2020-07-24 04:05:00 to 2020-08-21 20:00:00 ]
2020-08-22 10:03:41,600 read V from av [ 2020-07-24 05:40:00 to 2020-08-21 19:05:00 ]
2020-08-22 10:03:42,294 read WFC from av [ 2020-07-24 04:05:00 to 2020-08-21 20:00:00 ]
2020-08-22 10:03:42,851 read MA from av [ 2020-07-24 05:55:00 to 2020-08-21 17:05:00 ]
2020-08-22 10:03:43,422 read C from av [ 2020-07-24 04:05:00 to 2020-08-21 20:00:00 ]
2020-08-22 10:03:43,992 read PYPL from av [ 2020-07-24 04:05:00 to 2020-08-21 19:40:00 ]
2020-08-22 10:05:44,462 read OIL from av [ 2020-07-29 09:40:00 to 2020-08-21 15:35:00 ]
2020-08-22 10:11:45,174 Time out DX-Y.NYB
2020-08-22 10:11:45,819 read GLD from av [ 2020-07-24 04:05:00 to 2020-08-21 20:00:00 ]
2020-08-22 10:11:46,416 read UUP from av [ 2020-07-24 04:05:00 to 2020-08-21 19:50:00 ]
2020-08-22 10:11:46,930 read SHY from av [ 2020-07-24 07:10:00 to 2020-08-21 16:05:00 ]
2020-08-22 10:11:47,397 read SHV from av [ 2020-07-24 07:05:00 to 2020-08-21 16:10:00 ]
2020-08-22 10:13:48,043 read IEF from av [ 2020-07-24 08:05:00 to 2020-08-21 18:00:00 ]
2020-08-22 10:19:50,745 Time out ^IRX
2020-08-22 10:25:51,404 Time out ^FVX
2020-08-22 10:31:52,030 Time out ^TYX
2020-08-22 10:31:52,619 read SQQQ from av [ 2020-07-24 04:05:00 to 2020-08-21 20:00:00 ]
2020-08-22 10:31:53,977 read TQQQ from av [ 2020-07-24 04:05:00 to 2020-08-21 20:00:00 ]
2020-08-22 10:37:54,705 Time out ^VXX
2020-08-22 10:43:55,735 Time out ^VXZ
2020-08-22 10:43:56,550 read IYE from av [ 2020-07-24 09:30:00 to 2020-08-21 16:00:00 ]
2020-08-22 10:43:57,055 read IYY from av [ 2020-07-24 09:35:00 to 2020-08-21 16:00:00 ]
2020-08-22 10:43:57,441 read IYF from av [ 2020-07-24 09:35:00 to 2020-08-21 16:00:00 ]
2020-08-22 10:43:57,875 read IYR from av [ 2020-07-24 09:30:00 to 2020-08-21 16:20:00 ]
2020-08-22 10:43:58,370 read IYW from av [ 2020-07-24 07:30:00 to 2020-08-21 16:00:00 ]
2020-08-22 10:49:59,395 Time out IYT
2020-08-22 10:49:59,670 read PEJ from av [ 2020-07-24 09:35:00 to 2020-08-21 16:00:00 ]
2020-08-22 10:50:00,760 read USO from av [ 2020-07-24 04:25:00 to 2020-08-21 20:00:00 ]
2020-08-22 10:50:01,230 read DBC from av [ 2020-07-24 09:25:00 to 2020-08-21 16:00:00 ]
2020-08-22 10:50:01,717 read GSG from av [ 2020-07-24 09:00:00 to 2020-08-21 16:00:00 ]
2020-08-22 10:50:02,262 read VTI from av [ 2020-07-24 04:05:00 to 2020-08-21 18:30:00 ]
2020-08-22 10:56:03,037 Time out ^RUT
2020-08-22 10:56:03,394 read FDN from av [ 2020-07-24 09:30:00 to 2020-08-21 16:05:00 ]
2020-08-22 10:56:03,827 read XLV from av [ 2020-07-24 04:05:00 to 2020-08-21 17:35:00 ]
2020-08-22 10:56:04,266 read IBB from av [ 2020-07-24 07:05:00 to 2020-08-21 16:05:00 ]
2020-08-22 10:56:04,726 read KRE from av [ 2020-07-24 08:05:00 to 2020-08-21 19:50:00 ]
2020-08-22 10:56:05,216 read KBE from av [ 2020-07-24 09:30:00 to 2020-08-21 16:30:00 ]
2020-08-22 10:58:06,102 read XLF from av [ 2020-07-24 04:05:00 to 2020-08-21 20:00:00 ]
2020-08-22 10:58:07,112 read XLP from av [ 2020-07-24 08:05:00 to 2020-08-21 16:15:00 ]
2020-08-22 10:58:07,619 read XLY from av [ 2020-07-24 09:10:00 to 2020-08-21 17:50:00 ]
2020-08-22 10:58:08,046 read VNQ from av [ 2020-07-24 09:30:00 to 2020-08-21 18:15:00 ]
2020-08-22 10:58:08,498 read XLB from av [ 2020-07-24 09:30:00 to 2020-08-21 16:05:00 ]
2020-08-22 11:00:09,158 read XLI from av [ 2020-07-24 06:05:00 to 2020-08-21 16:15:00 ]
2020-08-22 11:00:09,631 read KBWB from av [ 2020-07-24 07:55:00 to 2020-08-21 16:00:00 ]
2020-08-22 11:06:10,398 Time out TVIX
2020-08-22 11:12:10,948 Time out ^VVIX
2020-08-22 11:12:11,160 read VIXM from av [ 2020-07-24 08:05:00 to 2020-08-21 16:15:00 ]
2020-08-22 11:12:11,777 read VIXY from av [ 2020-07-24 04:05:00 to 2020-08-21 19:00:00 ]
2020-08-22 11:18:12,427 Time out VXX
2020-08-22 11:18:12,816 read SVXY from av [ 2020-07-24 04:05:00 to 2020-08-21 16:40:00 ]
2020-08-22 11:18:13,491 read UVXY from av [ 2020-07-24 04:05:00 to 2020-08-21 20:00:00 ]
2020-08-22 11:18:14,010 read VIXY from av [ 2020-07-24 04:05:00 to 2020-08-21 19:00:00 ]
