2020-12-12 10:01:57,687 read QQQ from av [ 2020-11-13 04:05:00 to 2020-12-11 20:00:00 ]
2020-12-12 10:07:58,651 Time out ^VIX
2020-12-12 10:07:59,172 read FAS from av [ 2020-11-16 07:05:00 to 2020-12-11 20:00:00 ]
2020-12-12 10:08:00,110 read MIDU from av [ 2020-11-16 04:20:00 to 2020-12-11 18:50:00 ]
2020-12-12 10:08:00,867 read AAPL from av [ 2020-11-13 04:05:00 to 2020-12-11 20:00:00 ]
2020-12-12 10:08:01,739 read GOOG from av [ 2020-11-13 07:05:00 to 2020-12-11 16:45:00 ]
2020-12-12 10:14:02,914 Time out ^GSPC
2020-12-12 10:20:03,575 Time out ^DJI
2020-12-12 10:26:04,282 Time out ^TNX
2020-12-12 10:26:04,971 read MSFT from av [ 2020-11-13 04:10:00 to 2020-12-11 20:00:00 ]
2020-12-12 10:32:05,979 Time out ^VXGOG
2020-12-12 10:38:06,556 Time out ^VXAPL
2020-12-12 10:44:07,157 Time out ^VXGS
2020-12-12 10:50:07,884 Time out ^VXAZN
2020-12-12 10:56:08,506 Time out ^VXIBM
2020-12-12 10:56:08,957 read GS from av [ 2020-11-16 04:05:00 to 2020-12-11 18:15:00 ]
2020-12-12 10:56:09,783 read IBM from av [ 2020-11-13 04:05:00 to 2020-12-11 19:35:00 ]
2020-12-12 10:56:10,556 read FB from av [ 2020-11-13 04:45:00 to 2020-12-11 20:00:00 ]
2020-12-12 11:02:11,503 Time out ^TYVIX
2020-12-12 11:02:12,121 read SPY from av [ 2020-11-13 04:05:00 to 2020-12-11 20:00:00 ]
2020-12-12 11:02:12,855 read GOOGL from av [ 2020-11-13 07:05:00 to 2020-12-11 17:05:00 ]
2020-12-12 11:02:13,575 read JPM from av [ 2020-11-13 04:05:00 to 2020-12-11 18:55:00 ]
2020-12-12 11:02:14,268 read JNJ from av [ 2020-11-16 05:00:00 to 2020-12-11 19:55:00 ]
2020-12-12 11:02:15,096 read BAC from av [ 2020-11-16 04:05:00 to 2020-12-11 20:00:00 ]
2020-12-12 11:04:15,996 read V from av [ 2020-11-16 04:30:00 to 2020-12-11 20:00:00 ]
2020-12-12 11:04:16,864 read WFC from av [ 2020-11-16 04:05:00 to 2020-12-11 20:00:00 ]
2020-12-12 11:04:17,765 read MA from av [ 2020-11-16 07:10:00 to 2020-12-11 19:30:00 ]
2020-12-12 11:04:18,447 read C from av [ 2020-11-16 04:15:00 to 2020-12-11 20:00:00 ]
2020-12-12 11:04:19,256 read PYPL from av [ 2020-11-13 04:05:00 to 2020-12-11 20:00:00 ]
2020-12-12 11:06:19,926 read OIL from av [ 2020-11-16 08:05:00 to 2020-12-11 16:00:00 ]
2020-12-12 11:12:20,683 Time out DX-Y.NYB
2020-12-12 11:12:21,292 read GLD from av [ 2020-11-16 04:05:00 to 2020-12-11 19:15:00 ]
2020-12-12 11:12:22,159 read UUP from av [ 2020-11-16 04:05:00 to 2020-12-11 16:10:00 ]
2020-12-12 11:12:22,878 read SHY from av [ 2020-11-16 08:45:00 to 2020-12-11 16:15:00 ]
2020-12-12 11:12:23,623 read SHV from av [ 2020-11-16 07:10:00 to 2020-12-11 17:05:00 ]
2020-12-12 11:14:24,389 read IEF from av [ 2020-11-16 08:35:00 to 2020-12-11 16:25:00 ]
2020-12-12 11:20:25,338 Time out ^IRX
2020-12-12 11:26:25,997 Time out ^FVX
2020-12-12 11:32:26,652 Time out ^TYX
2020-12-12 11:32:27,316 read SQQQ from av [ 2020-11-16 04:05:00 to 2020-12-11 20:00:00 ]
2020-12-12 11:32:28,203 read TQQQ from av [ 2020-11-16 04:05:00 to 2020-12-11 20:00:00 ]
2020-12-12 11:38:29,048 Time out ^VXX
2020-12-12 11:44:29,657 Time out ^VXZ
2020-12-12 11:44:33,124 read IYE from av [ 2020-11-16 07:05:00 to 2020-12-11 16:00:00 ]
2020-12-12 11:44:36,792 read IYY from av [ 2020-11-16 09:35:00 to 2020-12-11 16:00:00 ]
2020-12-12 11:44:39,485 read IYF from av [ 2020-11-16 09:30:00 to 2020-12-11 16:00:00 ]
2020-12-12 11:44:40,051 read IYR from av [ 2020-11-16 09:35:00 to 2020-12-11 16:10:00 ]
2020-12-12 11:44:40,596 read IYW from av [ 2020-11-16 09:35:00 to 2020-12-11 16:00:00 ]
2020-12-12 11:46:41,618 read IYT from av [ 2020-11-16 07:10:00 to 2020-12-11 16:00:00 ]
2020-12-12 11:46:44,747 read PEJ from av [ 2020-11-16 07:05:00 to 2020-12-11 16:00:00 ]
2020-12-12 11:46:45,387 read USO from av [ 2020-11-16 04:05:00 to 2020-12-11 19:20:00 ]
2020-12-12 11:46:46,078 read DBC from av [ 2020-11-16 07:55:00 to 2020-12-11 16:00:00 ]
2020-12-12 11:46:46,730 read GSG from av [ 2020-11-16 09:35:00 to 2020-12-11 16:00:00 ]
2020-12-12 11:48:47,493 read VTI from av [ 2020-11-13 04:55:00 to 2020-12-11 19:55:00 ]
2020-12-12 11:54:48,486 Time out ^RUT
2020-12-12 11:54:50,004 read FDN from av [ 2020-11-16 09:25:00 to 2020-12-11 16:15:00 ]
2020-12-12 11:54:50,677 read XLV from av [ 2020-11-16 07:00:00 to 2020-12-11 17:00:00 ]
2020-12-12 11:54:51,295 read IBB from av [ 2020-11-16 04:05:00 to 2020-12-11 19:55:00 ]
2020-12-12 11:54:51,893 read KRE from av [ 2020-11-13 08:05:00 to 2020-12-11 19:35:00 ]
2020-12-12 11:54:52,485 read KBE from av [ 2020-11-16 09:30:00 to 2020-12-11 16:00:00 ]
2020-12-12 11:56:53,415 read XLF from av [ 2020-11-16 04:05:00 to 2020-12-11 19:50:00 ]
2020-12-12 11:56:54,050 read XLP from av [ 2020-11-16 08:05:00 to 2020-12-11 16:40:00 ]
2020-12-12 11:56:54,621 read XLY from av [ 2020-11-16 07:10:00 to 2020-12-11 17:25:00 ]
2020-12-12 11:56:55,194 read VNQ from av [ 2020-11-16 07:05:00 to 2020-12-11 16:05:00 ]
2020-12-12 11:56:55,765 read XLB from av [ 2020-11-16 07:05:00 to 2020-12-11 16:15:00 ]
2020-12-12 11:58:56,473 read XLI from av [ 2020-11-16 06:40:00 to 2020-12-11 17:35:00 ]
2020-12-12 11:58:57,056 read KBWB from av [ 2020-11-16 09:15:00 to 2020-12-11 16:00:00 ]
2020-12-12 12:04:57,899 Time out TVIX
2020-12-12 12:10:58,447 Time out ^VVIX
2020-12-12 12:10:58,741 read VIXM from av [ 2020-11-16 09:35:00 to 2020-12-11 16:00:00 ]
2020-12-12 12:11:01,494 read VIXY from av [ 2020-11-16 04:05:00 to 2020-12-11 19:50:00 ]
2020-12-12 12:11:02,308 read VXX from av [ 2020-11-16 04:05:00 to 2020-12-11 20:00:00 ]
2020-12-12 12:11:03,091 read SVXY from av [ 2020-11-13 04:35:00 to 2020-12-11 19:00:00 ]
2020-12-12 12:11:04,026 read UVXY from av [ 2020-11-16 04:05:00 to 2020-12-11 20:00:00 ]
2020-12-12 12:11:04,775 read VIXY from av [ 2020-11-16 04:05:00 to 2020-12-11 19:50:00 ]
