2021-11-27 05:01:07,537 read QQQ from av [ 2021-11-26 17:00:00 to 2021-10-29 04:05:00 ]
2021-11-27 05:07:08,925 Time out ^VIX
2021-11-27 05:07:10,472 read FAS from av [ 2021-11-26 17:00:00 to 2021-11-01 04:15:00 ]
2021-11-27 05:07:11,324 read MIDU from av [ 2021-11-26 15:35:00 to 2021-11-01 09:35:00 ]
2021-11-27 05:07:12,056 read AAPL from av [ 2021-11-26 17:00:00 to 2021-10-29 04:05:00 ]
2021-11-27 05:07:12,963 read GOOG from av [ 2021-11-26 13:05:00 to 2021-10-29 07:50:00 ]
2021-11-27 05:13:14,343 Time out ^GSPC
2021-11-27 05:19:15,091 Time out ^DJI
2021-11-27 05:25:15,820 Time out ^TNX
2021-11-27 05:25:16,223 read MSFT from av [ 2021-11-26 17:00:00 to 2021-10-29 04:05:00 ]
2021-11-27 05:31:17,803 Time out ^VXGOG
2021-11-27 05:37:18,508 Time out ^VXAPL
2021-11-27 05:43:19,318 Time out ^VXGS
2021-11-27 05:49:19,948 Time out ^VXAZN
2021-11-27 05:55:21,516 Time out ^VXIBM
2021-11-27 05:55:21,825 read GS from av [ 2021-11-26 15:35:00 to 2021-11-01 07:25:00 ]
2021-11-27 05:55:22,754 read IBM from av [ 2021-11-26 16:25:00 to 2021-10-29 05:00:00 ]
2021-11-27 05:55:23,465 read FB from av [ 2021-11-26 17:00:00 to 2021-10-29 04:05:00 ]
2021-11-27 06:01:24,609 Time out ^TYVIX
2021-11-27 06:01:25,275 read SPY from av [ 2021-11-26 17:00:00 to 2021-10-29 04:05:00 ]
2021-11-27 06:01:26,372 read GOOGL from av [ 2021-11-26 13:05:00 to 2021-10-29 04:30:00 ]
2021-11-27 06:01:27,045 read JPM from av [ 2021-11-26 17:00:00 to 2021-11-01 04:35:00 ]
2021-11-27 06:01:27,857 read JNJ from av [ 2021-11-26 15:35:00 to 2021-11-01 04:05:00 ]
2021-11-27 06:01:28,713 read BAC from av [ 2021-11-26 17:00:00 to 2021-11-01 04:05:00 ]
2021-11-27 06:01:29,704 read V from av [ 2021-11-26 17:00:00 to 2021-11-01 04:30:00 ]
2021-11-27 06:01:30,423 read WFC from av [ 2021-11-26 17:00:00 to 2021-11-01 05:05:00 ]
2021-11-27 06:01:31,225 read MA from av [ 2021-11-26 16:50:00 to 2021-11-01 04:40:00 ]
2021-11-27 06:01:32,064 read C from av [ 2021-11-26 17:00:00 to 2021-11-01 05:30:00 ]
2021-11-27 06:01:33,012 read PYPL from av [ 2021-11-26 16:45:00 to 2021-11-01 04:05:00 ]
2021-11-27 06:01:33,955 read OIL from av [ 2021-11-26 15:35:00 to 2021-11-01 07:25:00 ]
2021-11-27 06:07:34,871 Time out DX-Y.NYB
2021-11-27 06:07:35,370 read GLD from av [ 2021-11-26 16:40:00 to 2021-11-01 04:25:00 ]
2021-11-27 06:07:36,122 read UUP from av [ 2021-11-26 15:35:00 to 2021-11-01 07:15:00 ]
2021-11-27 06:07:37,945 read SHY from av [ 2021-11-26 13:05:00 to 2021-11-01 07:45:00 ]
2021-11-27 06:07:39,356 read SHV from av [ 2021-11-26 13:05:00 to 2021-11-01 07:20:00 ]
2021-11-27 06:07:40,980 read IEF from av [ 2021-11-26 13:05:00 to 2021-11-01 04:50:00 ]
2021-11-27 06:13:42,424 Time out ^IRX
2021-11-27 06:19:42,930 Time out ^FVX
2021-11-27 06:25:43,682 Time out ^TYX
2021-11-27 06:25:46,009 read SQQQ from av [ 2021-11-26 17:00:00 to 2021-11-01 04:05:00 ]
2021-11-27 06:25:47,304 read TQQQ from av [ 2021-11-26 17:00:00 to 2021-10-29 04:05:00 ]
2021-11-27 06:31:48,637 Time out ^VXX
2021-11-27 06:37:49,314 Time out ^VXZ
2021-11-27 06:37:51,951 read IYE from av [ 2021-11-26 15:35:00 to 2021-11-01 09:30:00 ]
2021-11-27 06:37:53,002 read IYY from av [ 2021-11-26 15:35:00 to 2021-11-01 09:35:00 ]
2021-11-27 06:37:54,714 read IYF from av [ 2021-11-26 15:35:00 to 2021-11-01 09:35:00 ]
2021-11-27 06:37:56,271 read IYR from av [ 2021-11-26 15:35:00 to 2021-11-01 08:35:00 ]
2021-11-27 06:37:57,910 read IYW from av [ 2021-11-26 15:35:00 to 2021-11-01 09:30:00 ]
2021-11-27 06:37:58,994 read IYT from av [ 2021-11-26 17:00:00 to 2021-11-01 09:35:00 ]
2021-11-27 06:38:00,245 read PEJ from av [ 2021-11-26 15:35:00 to 2021-11-01 09:35:00 ]
2021-11-27 06:38:01,005 read USO from av [ 2021-11-26 17:00:00 to 2021-11-01 04:25:00 ]
2021-11-27 06:38:01,946 read DBC from av [ 2021-11-26 15:35:00 to 2021-11-01 04:55:00 ]
2021-11-27 06:38:03,455 read GSG from av [ 2021-11-26 15:35:00 to 2021-11-01 04:35:00 ]
2021-11-27 06:38:04,033 read VTI from av [ 2021-11-26 17:00:00 to 2021-11-01 04:25:00 ]
2021-11-27 06:44:05,085 Time out ^RUT
2021-11-27 06:44:06,034 read FDN from av [ 2021-11-26 15:35:00 to 2021-11-01 04:45:00 ]
2021-11-27 06:44:06,789 read XLV from av [ 2021-11-26 17:00:00 to 2021-11-01 06:15:00 ]
2021-11-27 06:44:08,482 read IBB from av [ 2021-11-26 13:05:00 to 2021-11-01 08:05:00 ]
2021-11-27 06:44:10,189 read KRE from av [ 2021-11-26 17:00:00 to 2021-11-01 07:25:00 ]
2021-11-27 06:44:11,672 read KBE from av [ 2021-11-26 15:35:00 to 2021-11-01 04:15:00 ]
2021-11-27 06:44:12,387 read XLF from av [ 2021-11-26 16:35:00 to 2021-11-01 04:20:00 ]
2021-11-27 06:44:13,215 read XLP from av [ 2021-11-26 15:35:00 to 2021-11-01 06:15:00 ]
2021-11-27 06:44:14,078 read XLY from av [ 2021-11-26 15:35:00 to 2021-11-01 07:00:00 ]
2021-11-27 06:44:14,738 read VNQ from av [ 2021-11-26 16:15:00 to 2021-11-01 05:25:00 ]
2021-11-27 06:44:15,588 read XLB from av [ 2021-11-26 15:35:00 to 2021-11-01 04:30:00 ]
2021-11-27 06:44:16,216 read XLI from av [ 2021-11-26 15:35:00 to 2021-11-01 05:40:00 ]
2021-11-27 06:44:17,755 read KBWB from av [ 2021-11-26 16:50:00 to 2021-11-01 09:00:00 ]
2021-11-27 06:50:19,311 Time out TVIX
2021-11-27 06:56:19,983 Time out ^VVIX
2021-11-27 06:56:20,473 read VIXM from av [ 2021-11-26 15:35:00 to 2021-11-01 09:35:00 ]
2021-11-27 06:56:22,152 read VIXY from av [ 2021-11-26 17:00:00 to 2021-11-01 04:10:00 ]
2021-11-27 06:56:23,167 read VXX from av [ 2021-11-26 17:00:00 to 2021-11-01 04:05:00 ]
2021-11-27 06:56:25,081 read SVXY from av [ 2021-11-26 17:00:00 to 2021-11-01 04:05:00 ]
2021-11-27 06:56:27,632 read UVXY from av [ 2021-11-26 17:00:00 to 2021-11-01 04:05:00 ]
2021-11-27 06:56:28,752 read VIXY from av [ 2021-11-26 17:00:00 to 2021-11-01 04:10:00 ]
