2021-08-21 05:01:06,934 read QQQ from av [ 2021-08-20 20:00:00 to 2021-07-23 04:05:00 ]
2021-08-21 05:07:08,427 Time out ^VIX
2021-08-21 05:07:09,022 read FAS from av [ 2021-08-20 20:00:00 to 2021-07-26 04:05:00 ]
2021-08-21 05:07:09,882 read MIDU from av [ 2021-08-20 16:00:00 to 2021-07-26 05:55:00 ]
2021-08-21 05:07:10,944 read AAPL from av [ 2021-08-20 20:00:00 to 2021-07-23 04:05:00 ]
2021-08-21 05:07:11,988 read GOOG from av [ 2021-08-20 17:20:00 to 2021-07-23 04:45:00 ]
2021-08-21 05:13:13,012 Time out ^GSPC
2021-08-21 05:19:13,820 Time out ^DJI
2021-08-21 05:25:14,549 Time out ^TNX
2021-08-21 05:25:15,232 read MSFT from av [ 2021-08-20 20:00:00 to 2021-07-23 04:10:00 ]
2021-08-21 05:31:16,482 Time out ^VXGOG
2021-08-21 05:37:17,252 Time out ^VXAPL
2021-08-21 05:43:17,977 Time out ^VXGS
2021-08-21 05:49:18,813 Time out ^VXAZN
2021-08-21 05:55:19,643 Time out ^VXIBM
2021-08-21 05:55:19,954 read GS from av [ 2021-08-20 20:00:00 to 2021-07-26 07:40:00 ]
2021-08-21 05:55:20,660 read IBM from av [ 2021-08-20 19:05:00 to 2021-07-26 07:45:00 ]
2021-08-21 05:55:21,647 read FB from av [ 2021-08-20 20:00:00 to 2021-07-23 04:05:00 ]
2021-08-21 06:01:22,907 Time out ^TYVIX
2021-08-21 06:01:23,341 read SPY from av [ 2021-08-20 20:00:00 to 2021-07-23 04:05:00 ]
2021-08-21 06:01:24,368 read GOOGL from av [ 2021-08-20 20:00:00 to 2021-07-23 04:05:00 ]
2021-08-21 06:01:25,281 read JPM from av [ 2021-08-20 19:20:00 to 2021-07-23 04:40:00 ]
2021-08-21 06:01:26,010 read JNJ from av [ 2021-08-20 20:00:00 to 2021-07-23 07:20:00 ]
2021-08-21 06:01:27,008 read BAC from av [ 2021-08-20 20:00:00 to 2021-07-23 05:10:00 ]
2021-08-21 06:01:28,090 read V from av [ 2021-08-20 18:15:00 to 2021-07-26 04:20:00 ]
2021-08-21 06:01:28,870 read WFC from av [ 2021-08-20 19:55:00 to 2021-07-23 05:00:00 ]
2021-08-21 06:01:29,600 read MA from av [ 2021-08-20 20:00:00 to 2021-07-26 07:45:00 ]
2021-08-21 06:01:30,481 read C from av [ 2021-08-20 20:00:00 to 2021-07-26 04:05:00 ]
2021-08-21 06:01:31,513 read PYPL from av [ 2021-08-20 18:10:00 to 2021-07-26 04:05:00 ]
2021-08-21 06:01:32,310 read OIL from av [ 2021-08-20 16:45:00 to 2021-07-26 09:35:00 ]
2021-08-21 06:07:33,158 Time out DX-Y.NYB
2021-08-21 06:07:33,827 read GLD from av [ 2021-08-20 19:35:00 to 2021-07-26 04:05:00 ]
2021-08-21 06:07:34,602 read UUP from av [ 2021-08-20 20:00:00 to 2021-07-26 06:00:00 ]
2021-08-21 06:07:36,362 read SHY from av [ 2021-08-20 16:40:00 to 2021-07-26 09:30:00 ]
2021-08-21 06:07:37,759 read SHV from av [ 2021-08-20 16:00:00 to 2021-07-26 09:35:00 ]
2021-08-21 06:07:39,608 read IEF from av [ 2021-08-20 16:25:00 to 2021-07-26 04:05:00 ]
2021-08-21 06:13:40,535 Time out ^IRX
2021-08-21 06:19:41,398 Time out ^FVX
2021-08-21 06:25:42,164 Time out ^TYX
2021-08-21 06:25:44,487 read SQQQ from av [ 2021-08-20 20:00:00 to 2021-07-26 04:05:00 ]
2021-08-21 06:25:45,878 read TQQQ from av [ 2021-08-20 20:00:00 to 2021-07-26 04:05:00 ]
2021-08-21 06:31:47,240 Time out ^VXX
2021-08-21 06:37:48,130 Time out ^VXZ
2021-08-21 06:37:49,578 read IYE from av [ 2021-08-20 16:00:00 to 2021-07-26 08:20:00 ]
2021-08-21 06:37:50,272 read IYY from av [ 2021-08-20 16:00:00 to 2021-07-26 09:35:00 ]
2021-08-21 06:37:51,584 read IYF from av [ 2021-08-20 16:00:00 to 2021-07-26 09:35:00 ]
2021-08-21 06:37:53,177 read IYR from av [ 2021-08-20 16:45:00 to 2021-07-26 09:35:00 ]
2021-08-21 06:37:54,664 read IYW from av [ 2021-08-20 16:05:00 to 2021-07-26 04:50:00 ]
2021-08-21 06:37:56,034 read IYT from av [ 2021-08-20 16:35:00 to 2021-07-26 09:35:00 ]
2021-08-21 06:37:57,045 read PEJ from av [ 2021-08-20 16:00:00 to 2021-07-26 07:25:00 ]
2021-08-21 06:37:57,860 read USO from av [ 2021-08-20 19:45:00 to 2021-07-26 04:05:00 ]
2021-08-21 06:37:59,439 read DBC from av [ 2021-08-20 16:20:00 to 2021-07-26 04:10:00 ]
2021-08-21 06:38:00,645 read GSG from av [ 2021-08-20 16:00:00 to 2021-07-26 07:20:00 ]
2021-08-21 06:38:01,211 read VTI from av [ 2021-08-20 20:00:00 to 2021-07-26 04:20:00 ]
2021-08-21 06:44:02,722 Time out ^RUT
2021-08-21 06:44:02,988 read FDN from av [ 2021-08-20 16:00:00 to 2021-07-26 09:35:00 ]
2021-08-21 06:44:03,607 read XLV from av [ 2021-08-20 16:35:00 to 2021-07-26 08:00:00 ]
2021-08-21 06:44:05,325 read IBB from av [ 2021-08-20 19:45:00 to 2021-07-26 04:05:00 ]
2021-08-21 06:44:06,111 read KRE from av [ 2021-08-20 18:20:00 to 2021-07-26 04:05:00 ]
2021-08-21 06:44:08,051 read KBE from av [ 2021-08-20 18:20:00 to 2021-07-26 09:30:00 ]
2021-08-21 06:44:08,995 read XLF from av [ 2021-08-20 19:55:00 to 2021-07-26 04:05:00 ]
2021-08-21 06:44:09,866 read XLP from av [ 2021-08-20 17:00:00 to 2021-07-26 04:10:00 ]
2021-08-21 06:44:10,608 read XLY from av [ 2021-08-20 16:35:00 to 2021-07-26 04:20:00 ]
2021-08-21 06:44:11,355 read VNQ from av [ 2021-08-20 16:55:00 to 2021-07-26 04:05:00 ]
2021-08-21 06:44:12,122 read XLB from av [ 2021-08-20 19:55:00 to 2021-07-26 05:50:00 ]
2021-08-21 06:44:12,702 read XLI from av [ 2021-08-20 17:20:00 to 2021-07-26 04:50:00 ]
2021-08-21 06:44:14,546 read KBWB from av [ 2021-08-20 16:00:00 to 2021-07-26 09:35:00 ]
2021-08-21 06:50:15,486 Time out TVIX
2021-08-21 06:56:16,291 Time out ^VVIX
2021-08-21 06:56:16,696 read VIXM from av [ 2021-08-20 16:00:00 to 2021-07-26 09:35:00 ]
2021-08-21 06:56:18,783 read VIXY from av [ 2021-08-20 19:30:00 to 2021-07-26 04:05:00 ]
2021-08-21 06:56:19,547 read VXX from av [ 2021-08-20 20:00:00 to 2021-07-26 04:05:00 ]
2021-08-21 06:56:21,939 read SVXY from av [ 2021-08-20 20:00:00 to 2021-07-26 04:05:00 ]
2021-08-21 06:56:25,408 read UVXY from av [ 2021-08-20 20:00:00 to 2021-07-26 04:05:00 ]
2021-08-21 06:56:26,316 read VIXY from av [ 2021-08-20 19:30:00 to 2021-07-26 04:05:00 ]
