2021-02-20 10:02:01,534 read QQQ from av [ 2021-01-22 04:05:00 to 2021-02-19 20:00:00 ]
2021-02-20 10:08:02,772 Time out ^VIX
2021-02-20 10:08:03,240 read FAS from av [ 2021-01-25 05:10:00 to 2021-02-19 18:50:00 ]
2021-02-20 10:08:04,352 read MIDU from av [ 2021-01-25 08:45:00 to 2021-02-19 18:40:00 ]
2021-02-20 10:08:05,152 read AAPL from av [ 2021-01-22 04:05:00 to 2021-02-19 20:00:00 ]
2021-02-20 10:08:05,960 read GOOG from av [ 2021-01-22 04:35:00 to 2021-02-19 18:10:00 ]
2021-02-20 10:14:07,089 Time out ^GSPC
2021-02-20 10:20:07,706 Time out ^DJI
2021-02-20 10:26:08,358 Time out ^TNX
2021-02-20 10:26:09,005 read MSFT from av [ 2021-01-22 04:05:00 to 2021-02-19 20:00:00 ]
2021-02-20 10:32:10,100 Time out ^VXGOG
2021-02-20 10:38:10,667 Time out ^VXAPL
2021-02-20 10:44:11,353 Time out ^VXGS
2021-02-20 10:50:12,008 Time out ^VXAZN
2021-02-20 10:56:12,682 Time out ^VXIBM
2021-02-20 10:56:13,125 read GS from av [ 2021-01-25 05:10:00 to 2021-02-19 20:00:00 ]
2021-02-20 10:56:13,881 read IBM from av [ 2021-01-22 04:05:00 to 2021-02-19 18:45:00 ]
2021-02-20 10:56:14,708 read FB from av [ 2021-01-22 04:05:00 to 2021-02-19 20:00:00 ]
2021-02-20 11:02:15,685 Time out ^TYVIX
2021-02-20 11:02:16,379 read SPY from av [ 2021-01-22 04:05:00 to 2021-02-19 20:00:00 ]
2021-02-20 11:02:17,275 read GOOGL from av [ 2021-01-22 07:05:00 to 2021-02-19 16:45:00 ]
2021-02-20 11:02:18,230 read JPM from av [ 2021-01-25 04:05:00 to 2021-02-19 19:55:00 ]
2021-02-20 11:02:19,191 read JNJ from av [ 2021-01-25 04:05:00 to 2021-02-19 20:00:00 ]
2021-02-20 11:02:20,065 read BAC from av [ 2021-01-25 04:10:00 to 2021-02-19 20:00:00 ]
2021-02-20 11:04:21,424 read V from av [ 2021-01-25 04:05:00 to 2021-02-19 20:00:00 ]
2021-02-20 11:04:22,455 read WFC from av [ 2021-01-25 04:05:00 to 2021-02-19 20:00:00 ]
2021-02-20 11:04:23,411 read MA from av [ 2021-01-25 04:05:00 to 2021-02-19 17:00:00 ]
2021-02-20 11:04:24,450 read C from av [ 2021-01-25 04:05:00 to 2021-02-19 20:00:00 ]
2021-02-20 11:04:25,323 read PYPL from av [ 2021-01-22 04:05:00 to 2021-02-19 20:00:00 ]
2021-02-20 11:06:28,096 read OIL from av [ 2021-01-25 07:20:00 to 2021-02-19 16:00:00 ]
2021-02-20 11:12:28,902 Time out DX-Y.NYB
2021-02-20 11:12:29,494 read GLD from av [ 2021-01-25 04:05:00 to 2021-02-19 20:00:00 ]
2021-02-20 11:12:30,260 read UUP from av [ 2021-01-25 09:35:00 to 2021-02-19 16:10:00 ]
2021-02-20 11:12:31,060 read SHY from av [ 2021-01-25 08:20:00 to 2021-02-19 16:05:00 ]
2021-02-20 11:12:31,733 read SHV from av [ 2021-01-25 08:10:00 to 2021-02-19 16:10:00 ]
2021-02-20 11:14:34,007 read IEF from av [ 2021-01-25 09:35:00 to 2021-02-19 16:30:00 ]
2021-02-20 11:20:35,840 Time out ^IRX
2021-02-20 11:26:36,450 Time out ^FVX
2021-02-20 11:32:37,310 Time out ^TYX
2021-02-20 11:32:40,050 read SQQQ from av [ 2021-01-25 04:05:00 to 2021-02-19 20:00:00 ]
2021-02-20 11:32:41,737 read TQQQ from av [ 2021-01-25 04:05:00 to 2021-02-19 20:00:00 ]
2021-02-20 11:38:42,767 Time out ^VXX
2021-02-20 11:44:43,446 Time out ^VXZ
2021-02-20 11:44:46,820 read IYE from av [ 2021-01-25 04:05:00 to 2021-02-19 16:00:00 ]
2021-02-20 11:44:49,575 read IYY from av [ 2021-01-25 07:05:00 to 2021-02-19 16:00:00 ]
2021-02-20 11:44:56,530 read IYF from av [ 2021-01-25 09:35:00 to 2021-02-19 16:00:00 ]
2021-02-20 11:45:00,046 read IYR from av [ 2021-01-25 09:35:00 to 2021-02-19 16:10:00 ]
2021-02-20 11:47:25,322 read IYW from av [ 2021-01-25 07:55:00 to 2021-02-19 16:00:00 ]
2021-02-20 11:47:28,447 read IYT from av [ 2021-01-25 09:35:00 to 2021-02-19 17:05:00 ]
2021-02-20 11:47:31,219 read PEJ from av [ 2021-01-25 07:05:00 to 2021-02-19 17:10:00 ]
2021-02-20 11:47:31,916 read USO from av [ 2021-01-25 04:05:00 to 2021-02-19 20:00:00 ]
2021-02-20 11:47:35,109 read DBC from av [ 2021-01-25 07:25:00 to 2021-02-19 19:45:00 ]
2021-02-20 11:49:41,206 read GSG from av [ 2021-01-25 09:35:00 to 2021-02-19 16:05:00 ]
2021-02-20 11:49:41,871 read VTI from av [ 2021-01-22 07:05:00 to 2021-02-19 20:00:00 ]
2021-02-20 11:55:42,866 Time out ^RUT
2021-02-20 11:55:43,627 read FDN from av [ 2021-01-25 09:10:00 to 2021-02-19 16:00:00 ]
2021-02-20 11:55:53,736 read XLV from av [ 2021-01-25 07:35:00 to 2021-02-19 18:35:00 ]
2021-02-20 11:55:54,466 read IBB from av [ 2021-01-25 08:55:00 to 2021-02-19 16:35:00 ]
2021-02-20 11:55:58,751 read KRE from av [ 2021-01-25 07:05:00 to 2021-02-19 17:50:00 ]
2021-02-20 11:56:04,559 read KBE from av [ 2021-01-25 09:00:00 to 2021-02-19 17:00:00 ]
2021-02-20 11:56:05,425 read XLF from av [ 2021-01-25 04:05:00 to 2021-02-19 20:00:00 ]
2021-02-20 11:56:10,093 read XLP from av [ 2021-01-25 04:55:00 to 2021-02-19 18:50:00 ]
2021-02-20 11:56:10,852 read XLY from av [ 2021-01-25 05:05:00 to 2021-02-19 18:25:00 ]
2021-02-20 11:56:11,616 read VNQ from av [ 2021-01-22 09:25:00 to 2021-02-19 16:10:00 ]
2021-02-20 11:56:12,447 read XLB from av [ 2021-01-25 04:05:00 to 2021-02-19 19:35:00 ]
2021-02-20 11:58:16,506 read XLI from av [ 2021-01-25 04:05:00 to 2021-02-19 16:15:00 ]
2021-02-20 11:58:17,347 read KBWB from av [ 2021-01-25 09:35:00 to 2021-02-19 16:00:00 ]
2021-02-20 12:04:18,323 Time out TVIX
2021-02-20 12:10:18,941 Time out ^VVIX
2021-02-20 12:10:22,808 read VIXM from av [ 2021-01-25 09:35:00 to 2021-02-19 16:00:00 ]
2021-02-20 12:10:23,764 read VIXY from av [ 2021-01-25 04:05:00 to 2021-02-19 20:00:00 ]
2021-02-20 12:10:26,014 read VXX from av [ 2021-01-25 04:05:00 to 2021-02-19 20:00:00 ]
2021-02-20 12:10:27,494 read SVXY from av [ 2021-01-25 04:05:00 to 2021-02-19 20:00:00 ]
2021-02-20 12:10:37,786 read UVXY from av [ 2021-01-25 04:05:00 to 2021-02-19 20:00:00 ]
2021-02-20 12:12:38,901 read VIXY from av [ 2021-01-25 04:05:00 to 2021-02-19 20:00:00 ]
