2021-11-13 05:01:07,643 read QQQ from av [ 2021-11-12 20:00:00 to 2021-10-15 04:05:00 ]
2021-11-13 05:07:09,030 Time out ^VIX
2021-11-13 05:07:09,347 read FAS from av [ 2021-11-12 18:30:00 to 2021-10-15 04:05:00 ]
2021-11-13 05:07:10,187 read MIDU from av [ 2021-11-12 16:20:00 to 2021-10-18 09:35:00 ]
2021-11-13 05:07:10,866 read AAPL from av [ 2021-11-12 20:00:00 to 2021-10-15 04:05:00 ]
2021-11-13 05:07:11,977 read GOOG from av [ 2021-11-12 17:45:00 to 2021-10-15 07:40:00 ]
2021-11-13 05:13:12,979 Time out ^GSPC
2021-11-13 05:19:13,685 Time out ^DJI
2021-11-13 05:25:14,484 Time out ^TNX
2021-11-13 05:25:14,884 read MSFT from av [ 2021-11-12 20:00:00 to 2021-10-15 04:05:00 ]
2021-11-13 05:31:16,218 Time out ^VXGOG
2021-11-13 05:37:16,939 Time out ^VXAPL
2021-11-13 05:43:17,632 Time out ^VXGS
2021-11-13 05:49:18,316 Time out ^VXAZN
2021-11-13 05:55:19,120 Time out ^VXIBM
2021-11-13 05:55:19,641 read GS from av [ 2021-11-12 18:55:00 to 2021-10-18 05:15:00 ]
2021-11-13 05:55:20,623 read IBM from av [ 2021-11-12 20:00:00 to 2021-10-15 04:25:00 ]
2021-11-13 05:55:21,894 read FB from av [ 2021-11-12 20:00:00 to 2021-10-15 04:10:00 ]
2021-11-13 06:01:23,208 Time out ^TYVIX
2021-11-13 06:01:23,732 read SPY from av [ 2021-11-12 20:00:00 to 2021-10-15 04:05:00 ]
2021-11-13 06:01:24,955 read GOOGL from av [ 2021-11-12 18:25:00 to 2021-10-15 07:05:00 ]
2021-11-13 06:01:25,638 read JPM from av [ 2021-11-12 19:10:00 to 2021-10-18 05:10:00 ]
2021-11-13 06:01:26,433 read JNJ from av [ 2021-11-12 20:00:00 to 2021-10-15 04:05:00 ]
2021-11-13 06:01:27,502 read BAC from av [ 2021-11-12 20:00:00 to 2021-10-18 04:05:00 ]
2021-11-13 06:01:28,412 read V from av [ 2021-11-12 20:00:00 to 2021-10-18 06:15:00 ]
2021-11-13 06:01:29,142 read WFC from av [ 2021-11-12 20:00:00 to 2021-10-18 04:05:00 ]
2021-11-13 06:01:30,033 read MA from av [ 2021-11-12 19:40:00 to 2021-10-18 06:50:00 ]
2021-11-13 06:01:30,753 read C from av [ 2021-11-12 20:00:00 to 2021-10-18 04:15:00 ]
2021-11-13 06:01:31,670 read PYPL from av [ 2021-11-12 20:00:00 to 2021-10-18 06:15:00 ]
2021-11-13 06:01:32,447 read OIL from av [ 2021-11-12 16:00:00 to 2021-10-18 09:00:00 ]
2021-11-13 06:07:33,225 Time out DX-Y.NYB
2021-11-13 06:07:33,699 read GLD from av [ 2021-11-12 19:45:00 to 2021-10-18 04:05:00 ]
2021-11-13 06:07:35,300 read UUP from av [ 2021-11-12 17:00:00 to 2021-10-18 07:40:00 ]
2021-11-13 06:07:36,892 read SHY from av [ 2021-11-12 16:05:00 to 2021-10-18 04:55:00 ]
2021-11-13 06:07:38,441 read SHV from av [ 2021-11-12 17:50:00 to 2021-10-18 07:05:00 ]
2021-11-13 06:07:40,122 read IEF from av [ 2021-11-12 16:20:00 to 2021-10-18 07:05:00 ]
2021-11-13 06:13:41,210 Time out ^IRX
2021-11-13 06:19:41,934 Time out ^FVX
2021-11-13 06:25:42,667 Time out ^TYX
2021-11-13 06:25:44,993 read SQQQ from av [ 2021-11-12 20:00:00 to 2021-10-18 04:05:00 ]
2021-11-13 06:25:45,928 read TQQQ from av [ 2021-11-12 20:00:00 to 2021-10-18 04:05:00 ]
2021-11-13 06:31:47,195 Time out ^VXX
2021-11-13 06:37:47,958 Time out ^VXZ
2021-11-13 06:37:49,227 read IYE from av [ 2021-11-12 16:00:00 to 2021-10-18 09:35:00 ]
2021-11-13 06:37:50,004 read IYY from av [ 2021-11-12 16:00:00 to 2021-10-18 07:05:00 ]
2021-11-13 06:37:51,308 read IYF from av [ 2021-11-12 16:00:00 to 2021-10-18 09:35:00 ]
2021-11-13 06:37:52,878 read IYR from av [ 2021-11-12 16:40:00 to 2021-10-18 07:05:00 ]
2021-11-13 06:37:54,240 read IYW from av [ 2021-11-12 16:00:00 to 2021-10-18 09:35:00 ]
2021-11-13 06:37:55,438 read IYT from av [ 2021-11-12 16:00:00 to 2021-10-18 08:05:00 ]
2021-11-13 06:37:56,921 read PEJ from av [ 2021-11-12 16:00:00 to 2021-10-18 09:15:00 ]
2021-11-13 06:37:57,594 read USO from av [ 2021-11-12 20:00:00 to 2021-10-18 04:05:00 ]
2021-11-13 06:37:59,526 read DBC from av [ 2021-11-12 19:10:00 to 2021-10-18 08:05:00 ]
2021-11-13 06:38:01,011 read GSG from av [ 2021-11-12 16:00:00 to 2021-10-18 08:05:00 ]
2021-11-13 06:38:01,603 read VTI from av [ 2021-11-12 19:30:00 to 2021-10-18 05:05:00 ]
2021-11-13 06:44:02,757 Time out ^RUT
2021-11-13 06:44:03,190 read FDN from av [ 2021-11-12 16:00:00 to 2021-10-18 09:30:00 ]
2021-11-13 06:44:04,041 read XLV from av [ 2021-11-12 18:10:00 to 2021-10-18 06:25:00 ]
2021-11-13 06:44:05,798 read IBB from av [ 2021-11-12 16:05:00 to 2021-10-18 07:35:00 ]
2021-11-13 06:44:07,565 read KRE from av [ 2021-11-12 16:50:00 to 2021-10-18 07:20:00 ]
2021-11-13 06:44:09,379 read KBE from av [ 2021-11-12 16:20:00 to 2021-10-18 07:10:00 ]
2021-11-13 06:44:10,051 read XLF from av [ 2021-11-12 20:00:00 to 2021-10-18 04:05:00 ]
2021-11-13 06:44:10,805 read XLP from av [ 2021-11-12 18:10:00 to 2021-10-18 07:30:00 ]
2021-11-13 06:44:11,434 read XLY from av [ 2021-11-12 17:35:00 to 2021-10-18 07:05:00 ]
2021-11-13 06:44:12,981 read VNQ from av [ 2021-11-12 19:40:00 to 2021-10-18 05:20:00 ]
2021-11-13 06:44:13,665 read XLB from av [ 2021-11-12 18:20:00 to 2021-10-18 07:30:00 ]
2021-11-13 06:44:14,419 read XLI from av [ 2021-11-12 16:50:00 to 2021-10-18 04:15:00 ]
2021-11-13 06:44:16,182 read KBWB from av [ 2021-11-12 16:05:00 to 2021-10-18 09:35:00 ]
2021-11-13 06:50:17,178 Time out TVIX
2021-11-13 06:56:17,858 Time out ^VVIX
2021-11-13 06:56:18,362 read VIXM from av [ 2021-11-12 16:00:00 to 2021-10-18 09:05:00 ]
2021-11-13 06:56:19,134 read VIXY from av [ 2021-11-12 19:05:00 to 2021-10-18 04:05:00 ]
2021-11-13 06:56:21,797 read VXX from av [ 2021-11-12 20:00:00 to 2021-10-18 04:05:00 ]
2021-11-13 06:56:23,935 read SVXY from av [ 2021-11-12 16:40:00 to 2021-10-18 04:05:00 ]
2021-11-13 06:56:26,844 read UVXY from av [ 2021-11-12 20:00:00 to 2021-10-18 04:05:00 ]
2021-11-13 06:56:27,802 read VIXY from av [ 2021-11-12 19:05:00 to 2021-10-18 04:05:00 ]
