2021-03-13 10:02:02,111 read QQQ from av [ 2021-02-12 04:05:00 to 2021-03-12 20:00:00 ]
2021-03-13 10:08:03,405 Time out ^VIX
2021-03-13 10:08:03,935 read FAS from av [ 2021-02-16 04:05:00 to 2021-03-12 20:00:00 ]
2021-03-13 10:08:04,793 read MIDU from av [ 2021-02-16 07:25:00 to 2021-03-12 16:05:00 ]
2021-03-13 10:08:05,641 read AAPL from av [ 2021-02-12 04:05:00 to 2021-03-12 20:00:00 ]
2021-03-13 10:08:06,442 read GOOG from av [ 2021-02-12 05:00:00 to 2021-03-12 17:20:00 ]
2021-03-13 10:14:07,334 Time out ^GSPC
2021-03-13 10:20:07,993 Time out ^DJI
2021-03-13 10:26:08,682 Time out ^TNX
2021-03-13 10:26:09,281 read MSFT from av [ 2021-02-12 04:05:00 to 2021-03-12 20:00:00 ]
2021-03-13 10:32:10,310 Time out ^VXGOG
2021-03-13 10:38:11,034 Time out ^VXAPL
2021-03-13 10:44:14,275 Time out ^VXGS
2021-03-13 10:50:15,061 Time out ^VXAZN
2021-03-13 10:56:15,718 Time out ^VXIBM
2021-03-13 10:56:16,273 read GS from av [ 2021-02-16 07:05:00 to 2021-03-12 19:55:00 ]
2021-03-13 10:56:17,097 read IBM from av [ 2021-02-12 06:00:00 to 2021-03-12 18:15:00 ]
2021-03-13 10:56:18,080 read FB from av [ 2021-02-12 04:15:00 to 2021-03-12 20:00:00 ]
2021-03-13 11:02:19,206 Time out ^TYVIX
2021-03-13 11:02:19,881 read SPY from av [ 2021-02-12 04:05:00 to 2021-03-12 20:00:00 ]
2021-03-13 11:02:20,796 read GOOGL from av [ 2021-02-12 07:20:00 to 2021-03-12 18:40:00 ]
2021-03-13 11:02:21,584 read JPM from av [ 2021-02-12 07:35:00 to 2021-03-12 20:00:00 ]
2021-03-13 11:02:22,390 read JNJ from av [ 2021-02-12 07:20:00 to 2021-03-12 19:45:00 ]
2021-03-13 11:02:23,383 read BAC from av [ 2021-02-16 04:05:00 to 2021-03-12 20:00:00 ]
2021-03-13 11:04:24,374 read V from av [ 2021-02-16 04:05:00 to 2021-03-12 19:55:00 ]
2021-03-13 11:04:25,210 read WFC from av [ 2021-02-16 04:05:00 to 2021-03-12 20:00:00 ]
2021-03-13 11:04:26,079 read MA from av [ 2021-02-12 08:25:00 to 2021-03-12 20:00:00 ]
2021-03-13 11:04:26,929 read C from av [ 2021-02-16 04:05:00 to 2021-03-12 20:00:00 ]
2021-03-13 11:04:27,834 read PYPL from av [ 2021-02-12 04:05:00 to 2021-03-12 20:00:00 ]
2021-03-13 11:06:28,625 read OIL from av [ 2021-02-16 09:05:00 to 2021-03-12 16:00:00 ]
2021-03-13 11:12:29,466 Time out DX-Y.NYB
2021-03-13 11:12:30,014 read GLD from av [ 2021-02-12 04:05:00 to 2021-03-12 20:00:00 ]
2021-03-13 11:12:30,844 read UUP from av [ 2021-02-16 07:25:00 to 2021-03-12 16:25:00 ]
2021-03-13 11:12:33,113 read SHY from av [ 2021-02-16 05:50:00 to 2021-03-12 16:40:00 ]
2021-03-13 11:12:35,296 read SHV from av [ 2021-02-16 08:25:00 to 2021-03-12 16:05:00 ]
2021-03-13 11:14:37,889 read IEF from av [ 2021-02-16 08:45:00 to 2021-03-12 16:30:00 ]
2021-03-13 11:20:38,804 Time out ^IRX
2021-03-13 11:26:39,477 Time out ^FVX
2021-03-13 11:32:40,110 Time out ^TYX
2021-03-13 11:32:40,733 read SQQQ from av [ 2021-02-16 04:05:00 to 2021-03-12 20:00:00 ]
2021-03-13 11:32:41,782 read TQQQ from av [ 2021-02-16 04:05:00 to 2021-03-12 20:00:00 ]
2021-03-13 11:38:42,820 Time out ^VXX
2021-03-13 11:44:43,558 Time out ^VXZ
2021-03-13 11:44:43,953 read IYE from av [ 2021-02-12 09:35:00 to 2021-03-12 16:00:00 ]
2021-03-13 11:44:44,934 read IYY from av [ 2021-02-12 09:35:00 to 2021-03-12 16:00:00 ]
2021-03-13 11:44:45,440 read IYF from av [ 2021-02-12 09:30:00 to 2021-03-12 16:00:00 ]
2021-03-13 11:44:46,047 read IYR from av [ 2021-02-12 09:30:00 to 2021-03-12 16:20:00 ]
2021-03-13 11:44:46,728 read IYW from av [ 2021-02-12 07:50:00 to 2021-03-12 16:00:00 ]
2021-03-13 11:46:47,808 read IYT from av [ 2021-02-12 09:35:00 to 2021-03-12 16:25:00 ]
2021-03-13 11:46:48,449 read PEJ from av [ 2021-02-16 08:45:00 to 2021-03-12 19:10:00 ]
2021-03-13 11:46:49,324 read USO from av [ 2021-02-16 04:05:00 to 2021-03-12 19:55:00 ]
2021-03-13 11:46:51,826 read DBC from av [ 2021-02-16 06:50:00 to 2021-03-12 18:00:00 ]
2021-03-13 11:46:52,490 read GSG from av [ 2021-02-12 09:15:00 to 2021-03-12 18:05:00 ]
2021-03-13 11:48:53,303 read VTI from av [ 2021-02-16 06:15:00 to 2021-03-12 19:45:00 ]
2021-03-13 11:54:54,276 Time out ^RUT
2021-03-13 11:54:56,980 read FDN from av [ 2021-02-16 09:30:00 to 2021-03-12 16:00:00 ]
2021-03-13 11:54:57,717 read XLV from av [ 2021-02-16 08:35:00 to 2021-03-12 18:00:00 ]
2021-03-13 11:55:01,563 read IBB from av [ 2021-02-16 04:05:00 to 2021-03-12 20:00:00 ]
2021-03-13 11:55:02,522 read KRE from av [ 2021-02-12 08:45:00 to 2021-03-12 20:00:00 ]
2021-03-13 11:55:03,351 read KBE from av [ 2021-02-12 09:35:00 to 2021-03-12 18:45:00 ]
2021-03-13 11:55:04,155 read XLF from av [ 2021-02-16 04:05:00 to 2021-03-12 19:45:00 ]
2021-03-13 11:55:05,096 read XLP from av [ 2021-02-16 04:15:00 to 2021-03-12 18:00:00 ]
2021-03-13 11:55:05,776 read XLY from av [ 2021-02-16 09:05:00 to 2021-03-12 19:35:00 ]
2021-03-13 11:57:06,634 read VNQ from av [ 2021-02-12 08:20:00 to 2021-03-12 17:35:00 ]
2021-03-13 11:57:07,304 read XLB from av [ 2021-02-16 07:05:00 to 2021-03-12 17:55:00 ]
2021-03-13 11:57:07,987 read XLI from av [ 2021-02-16 07:35:00 to 2021-03-12 19:35:00 ]
2021-03-13 11:57:10,207 read KBWB from av [ 2021-02-16 07:30:00 to 2021-03-12 16:00:00 ]
2021-03-13 12:03:11,497 Time out TVIX
2021-03-13 12:09:12,198 Time out ^VVIX
2021-03-13 12:09:12,576 read VIXM from av [ 2021-02-16 09:35:00 to 2021-03-12 16:00:00 ]
2021-03-13 12:09:13,517 read VIXY from av [ 2021-02-16 04:05:00 to 2021-03-12 19:55:00 ]
2021-03-13 12:09:14,462 read VXX from av [ 2021-02-16 04:05:00 to 2021-03-12 20:00:00 ]
2021-03-13 12:09:15,558 read SVXY from av [ 2021-02-16 04:05:00 to 2021-03-12 16:35:00 ]
2021-03-13 12:09:16,451 read UVXY from av [ 2021-02-16 04:05:00 to 2021-03-12 20:00:00 ]
2021-03-13 12:11:17,567 read VIXY from av [ 2021-02-16 04:05:00 to 2021-03-12 19:55:00 ]
