2021-07-03 09:02:11,901 read QQQ from av [ 2021-06-04 04:05:00 to 2021-07-02 20:00:00 ]
2021-07-03 09:08:13,550 Time out ^VIX
2021-07-03 09:08:14,115 read FAS from av [ 2021-06-07 05:00:00 to 2021-07-02 19:30:00 ]
2021-07-03 09:08:15,340 read MIDU from av [ 2021-06-07 08:05:00 to 2021-07-02 16:00:00 ]
2021-07-03 09:08:16,126 read AAPL from av [ 2021-06-04 04:15:00 to 2021-07-02 20:00:00 ]
2021-07-03 09:08:17,279 read GOOG from av [ 2021-06-04 06:25:00 to 2021-07-02 17:25:00 ]
2021-07-03 09:14:18,549 Time out ^GSPC
2021-07-03 09:20:19,551 Time out ^DJI
2021-07-03 09:26:20,389 Time out ^TNX
2021-07-03 09:26:21,115 read MSFT from av [ 2021-06-04 04:50:00 to 2021-07-02 20:00:00 ]
2021-07-03 09:32:22,498 Time out ^VXGOG
2021-07-03 09:38:23,297 Time out ^VXAPL
2021-07-03 09:44:24,228 Time out ^VXGS
2021-07-03 09:50:25,247 Time out ^VXAZN
2021-07-03 09:56:26,159 Time out ^VXIBM
2021-07-03 09:56:26,811 read GS from av [ 2021-06-07 05:15:00 to 2021-07-02 16:50:00 ]
2021-07-03 09:56:27,689 read IBM from av [ 2021-06-04 04:50:00 to 2021-07-02 20:00:00 ]
2021-07-03 09:56:28,893 read FB from av [ 2021-06-04 05:35:00 to 2021-07-02 19:45:00 ]
2021-07-03 10:02:30,255 Time out ^TYVIX
2021-07-03 10:02:30,975 read SPY from av [ 2021-06-04 04:05:00 to 2021-07-02 20:00:00 ]
2021-07-03 10:02:32,080 read GOOGL from av [ 2021-06-04 08:05:00 to 2021-07-02 19:50:00 ]
2021-07-03 10:02:33,079 read JPM from av [ 2021-06-07 07:15:00 to 2021-07-02 20:00:00 ]
2021-07-03 10:02:33,947 read JNJ from av [ 2021-06-07 05:10:00 to 2021-07-02 18:05:00 ]
2021-07-03 10:02:35,074 read BAC from av [ 2021-06-07 04:20:00 to 2021-07-02 20:00:00 ]
2021-07-03 10:02:35,970 read V from av [ 2021-06-07 04:05:00 to 2021-07-02 19:25:00 ]
2021-07-03 10:02:37,074 read WFC from av [ 2021-06-07 05:00:00 to 2021-07-02 19:50:00 ]
2021-07-03 10:02:37,920 read MA from av [ 2021-06-07 09:10:00 to 2021-07-02 19:10:00 ]
2021-07-03 10:02:38,727 read C from av [ 2021-06-07 07:05:00 to 2021-07-02 20:00:00 ]
2021-07-03 10:02:39,657 read PYPL from av [ 2021-06-07 07:25:00 to 2021-07-02 20:00:00 ]
2021-07-03 10:02:40,523 read OIL from av [ 2021-06-07 09:35:00 to 2021-07-02 17:30:00 ]
2021-07-03 10:08:41,556 Time out DX-Y.NYB
2021-07-03 10:08:42,372 read GLD from av [ 2021-06-07 04:05:00 to 2021-07-02 19:40:00 ]
2021-07-03 10:08:43,332 read UUP from av [ 2021-06-07 04:25:00 to 2021-07-02 16:35:00 ]
2021-07-03 10:08:44,067 read SHY from av [ 2021-06-07 09:35:00 to 2021-07-02 16:55:00 ]
2021-07-03 10:08:44,952 read SHV from av [ 2021-06-07 09:35:00 to 2021-07-02 16:05:00 ]
2021-07-03 10:08:45,795 read IEF from av [ 2021-06-07 08:15:00 to 2021-07-02 16:30:00 ]
2021-07-03 10:14:47,001 Time out ^IRX
2021-07-03 10:20:47,939 Time out ^FVX
2021-07-03 10:26:48,918 Time out ^TYX
2021-07-03 10:26:49,765 read SQQQ from av [ 2021-06-07 04:05:00 to 2021-07-02 20:00:00 ]
2021-07-03 10:26:51,187 read TQQQ from av [ 2021-06-07 04:05:00 to 2021-07-02 20:00:00 ]
2021-07-03 10:32:52,712 Time out ^VXX
2021-07-03 10:38:53,672 Time out ^VXZ
2021-07-03 10:38:54,283 read IYE from av [ 2021-06-07 09:35:00 to 2021-07-02 16:00:00 ]
2021-07-03 10:38:56,984 read IYY from av [ 2021-06-07 09:35:00 to 2021-07-02 16:00:00 ]
2021-07-03 10:39:01,427 read IYF from av [ 2021-06-07 08:10:00 to 2021-07-02 16:00:00 ]
2021-07-03 10:39:07,685 read IYR from av [ 2021-06-07 09:30:00 to 2021-07-02 16:10:00 ]
2021-07-03 10:39:13,689 read IYW from av [ 2021-06-07 09:35:00 to 2021-07-02 16:20:00 ]
2021-07-03 10:39:14,623 read IYT from av [ 2021-06-07 08:15:00 to 2021-07-02 16:00:00 ]
2021-07-03 10:39:18,027 read PEJ from av [ 2021-06-07 07:25:00 to 2021-07-02 16:00:00 ]
2021-07-03 10:39:18,888 read USO from av [ 2021-06-07 04:10:00 to 2021-07-02 19:55:00 ]
2021-07-03 10:39:23,203 read DBC from av [ 2021-06-07 09:10:00 to 2021-07-02 18:15:00 ]
2021-07-03 10:39:25,942 read GSG from av [ 2021-06-07 07:05:00 to 2021-07-02 16:00:00 ]
2021-07-03 10:39:26,766 read VTI from av [ 2021-06-07 07:50:00 to 2021-07-02 20:00:00 ]
2021-07-03 10:45:28,040 Time out ^RUT
2021-07-03 10:45:28,515 read FDN from av [ 2021-06-07 09:35:00 to 2021-07-02 16:00:00 ]
2021-07-03 10:45:29,366 read XLV from av [ 2021-06-07 04:10:00 to 2021-07-02 19:55:00 ]
2021-07-03 10:45:30,289 read IBB from av [ 2021-06-07 07:05:00 to 2021-07-02 16:05:00 ]
2021-07-03 10:45:31,143 read KRE from av [ 2021-06-07 09:35:00 to 2021-07-02 16:15:00 ]
2021-07-03 10:45:35,198 read KBE from av [ 2021-06-07 04:55:00 to 2021-07-02 16:20:00 ]
2021-07-03 10:45:36,215 read XLF from av [ 2021-06-07 04:10:00 to 2021-07-02 20:00:00 ]
2021-07-03 10:45:37,178 read XLP from av [ 2021-06-07 05:30:00 to 2021-07-02 16:50:00 ]
2021-07-03 10:45:38,008 read XLY from av [ 2021-06-07 07:20:00 to 2021-07-02 16:20:00 ]
2021-07-03 10:45:38,751 read VNQ from av [ 2021-06-07 07:05:00 to 2021-07-02 16:10:00 ]
2021-07-03 10:45:39,562 read XLB from av [ 2021-06-07 08:40:00 to 2021-07-02 18:50:00 ]
2021-07-03 10:45:40,390 read XLI from av [ 2021-06-07 07:05:00 to 2021-07-02 16:45:00 ]
2021-07-03 10:45:41,213 read KBWB from av [ 2021-06-07 09:35:00 to 2021-07-02 16:00:00 ]
2021-07-03 10:51:42,514 Time out TVIX
2021-07-03 10:57:43,423 Time out ^VVIX
2021-07-03 10:57:44,147 read VIXM from av [ 2021-06-07 09:35:00 to 2021-07-02 16:00:00 ]
2021-07-03 10:57:46,895 read VIXY from av [ 2021-06-07 04:05:00 to 2021-07-02 18:55:00 ]
2021-07-03 10:57:48,083 read VXX from av [ 2021-06-07 04:05:00 to 2021-07-02 20:00:00 ]
2021-07-03 10:57:52,509 read SVXY from av [ 2021-06-07 04:10:00 to 2021-07-02 19:40:00 ]
2021-07-03 10:57:53,738 read UVXY from av [ 2021-06-07 04:05:00 to 2021-07-02 20:00:00 ]
2021-07-03 10:57:54,926 read VIXY from av [ 2021-06-07 04:05:00 to 2021-07-02 18:55:00 ]
