2021-07-31 09:02:04,168 read QQQ from av [ 2021-07-02 04:05:00 to 2021-07-30 20:00:00 ]
2021-07-31 09:08:05,907 Time out ^VIX
2021-07-31 09:08:06,496 read FAS from av [ 2021-07-06 07:30:00 to 2021-07-30 20:00:00 ]
2021-07-31 09:08:07,705 read MIDU from av [ 2021-07-06 09:35:00 to 2021-07-30 16:00:00 ]
2021-07-31 09:08:08,529 read AAPL from av [ 2021-07-02 04:05:00 to 2021-07-30 20:00:00 ]
2021-07-31 09:08:09,584 read GOOG from av [ 2021-07-02 08:35:00 to 2021-07-30 19:45:00 ]
2021-07-31 09:14:10,751 Time out ^GSPC
2021-07-31 09:20:11,578 Time out ^DJI
2021-07-31 09:26:12,540 Time out ^TNX
2021-07-31 09:26:13,153 read MSFT from av [ 2021-07-02 04:05:00 to 2021-07-30 20:00:00 ]
2021-07-31 09:32:14,455 Time out ^VXGOG
2021-07-31 09:38:15,115 Time out ^VXAPL
2021-07-31 09:44:15,919 Time out ^VXGS
2021-07-31 09:50:16,692 Time out ^VXAZN
2021-07-31 09:56:17,603 Time out ^VXIBM
2021-07-31 09:56:18,056 read GS from av [ 2021-07-06 04:55:00 to 2021-07-30 18:10:00 ]
2021-07-31 09:56:18,907 read IBM from av [ 2021-07-02 06:40:00 to 2021-07-30 19:10:00 ]
2021-07-31 09:56:20,005 read FB from av [ 2021-07-02 04:05:00 to 2021-07-30 20:00:00 ]
2021-07-31 10:02:21,343 Time out ^TYVIX
2021-07-31 10:02:21,980 read SPY from av [ 2021-07-02 04:05:00 to 2021-07-30 20:00:00 ]
2021-07-31 10:02:23,117 read GOOGL from av [ 2021-07-02 07:55:00 to 2021-07-30 18:55:00 ]
2021-07-31 10:02:23,996 read JPM from av [ 2021-07-06 04:30:00 to 2021-07-30 19:25:00 ]
2021-07-31 10:02:24,893 read JNJ from av [ 2021-07-06 07:20:00 to 2021-07-30 19:50:00 ]
2021-07-31 10:02:26,007 read BAC from av [ 2021-07-02 05:20:00 to 2021-07-30 19:45:00 ]
2021-07-31 10:02:27,087 read V from av [ 2021-07-06 06:20:00 to 2021-07-30 20:00:00 ]
2021-07-31 10:02:28,077 read WFC from av [ 2021-07-06 04:05:00 to 2021-07-30 20:00:00 ]
2021-07-31 10:02:29,110 read MA from av [ 2021-07-06 07:05:00 to 2021-07-30 19:35:00 ]
2021-07-31 10:02:30,096 read C from av [ 2021-07-06 04:05:00 to 2021-07-30 19:50:00 ]
2021-07-31 10:02:31,092 read PYPL from av [ 2021-07-06 05:25:00 to 2021-07-30 20:00:00 ]
2021-07-31 10:02:32,046 read OIL from av [ 2021-07-06 04:05:00 to 2021-07-30 16:00:00 ]
2021-07-31 10:08:33,209 Time out DX-Y.NYB
2021-07-31 10:08:34,013 read GLD from av [ 2021-07-06 04:05:00 to 2021-07-30 20:00:00 ]
2021-07-31 10:08:34,986 read UUP from av [ 2021-07-06 04:25:00 to 2021-07-30 16:45:00 ]
2021-07-31 10:08:35,834 read SHY from av [ 2021-07-06 09:30:00 to 2021-07-30 16:35:00 ]
2021-07-31 10:08:36,698 read SHV from av [ 2021-07-06 09:20:00 to 2021-07-30 16:10:00 ]
2021-07-31 10:08:37,520 read IEF from av [ 2021-07-06 08:10:00 to 2021-07-30 17:40:00 ]
2021-07-31 10:14:38,627 Time out ^IRX
2021-07-31 10:20:39,528 Time out ^FVX
2021-07-31 10:26:40,447 Time out ^TYX
2021-07-31 10:26:41,238 read SQQQ from av [ 2021-07-06 04:05:00 to 2021-07-30 20:00:00 ]
2021-07-31 10:26:42,590 read TQQQ from av [ 2021-07-06 04:05:00 to 2021-07-30 20:00:00 ]
2021-07-31 10:32:44,052 Time out ^VXX
2021-07-31 10:38:46,592 Time out ^VXZ
2021-07-31 10:38:48,343 read IYE from av [ 2021-07-06 09:15:00 to 2021-07-30 16:00:00 ]
2021-07-31 10:39:01,820 read IYY from av [ 2021-07-06 09:35:00 to 2021-07-30 16:00:00 ]
2021-07-31 10:39:19,034 read IYF from av [ 2021-07-06 09:35:00 to 2021-07-30 16:00:00 ]
2021-07-31 10:39:21,513 read IYR from av [ 2021-07-06 08:45:00 to 2021-07-30 16:45:00 ]
2021-07-31 10:39:35,885 read IYW from av [ 2021-07-06 09:35:00 to 2021-07-30 16:00:00 ]
2021-07-31 10:39:38,068 read IYT from av [ 2021-07-06 09:35:00 to 2021-07-30 16:05:00 ]
2021-07-31 10:39:49,896 read PEJ from av [ 2021-07-06 09:35:00 to 2021-07-30 16:00:00 ]
2021-07-31 10:39:50,717 read USO from av [ 2021-07-06 04:05:00 to 2021-07-30 19:50:00 ]
2021-07-31 10:41:59,367 read DBC from av [ 2021-07-06 07:40:00 to 2021-07-30 17:40:00 ]
2021-07-31 10:42:01,283 read GSG from av [ 2021-07-06 04:05:00 to 2021-07-30 18:05:00 ]
2021-07-31 10:42:02,364 read VTI from av [ 2021-07-06 04:05:00 to 2021-07-30 19:45:00 ]
2021-07-31 10:48:03,528 Time out ^RUT
2021-07-31 10:48:04,330 read FDN from av [ 2021-07-06 08:05:00 to 2021-07-30 16:00:00 ]
2021-07-31 10:48:05,341 read XLV from av [ 2021-07-06 06:40:00 to 2021-07-30 19:45:00 ]
2021-07-31 10:48:06,157 read IBB from av [ 2021-07-06 07:05:00 to 2021-07-30 17:50:00 ]
2021-07-31 10:48:07,025 read KRE from av [ 2021-07-06 08:20:00 to 2021-07-30 16:50:00 ]
2021-07-31 10:48:10,099 read KBE from av [ 2021-07-06 09:30:00 to 2021-07-30 17:25:00 ]
2021-07-31 10:48:11,413 read XLF from av [ 2021-07-06 04:05:00 to 2021-07-30 20:00:00 ]
2021-07-31 10:48:14,590 read XLP from av [ 2021-07-06 06:50:00 to 2021-07-30 16:40:00 ]
2021-07-31 10:48:15,614 read XLY from av [ 2021-07-06 08:25:00 to 2021-07-30 17:15:00 ]
2021-07-31 10:48:16,672 read VNQ from av [ 2021-07-06 07:20:00 to 2021-07-30 16:10:00 ]
2021-07-31 10:48:17,831 read XLB from av [ 2021-07-06 07:20:00 to 2021-07-30 20:00:00 ]
2021-07-31 10:48:18,855 read XLI from av [ 2021-07-06 06:50:00 to 2021-07-30 20:00:00 ]
2021-07-31 10:48:20,372 read KBWB from av [ 2021-07-06 04:15:00 to 2021-07-30 16:00:00 ]
2021-07-31 10:54:22,111 Time out TVIX
2021-07-31 11:00:23,418 Time out ^VVIX
2021-07-31 11:00:24,241 read VIXM from av [ 2021-07-06 09:35:00 to 2021-07-30 19:10:00 ]
2021-07-31 11:00:25,175 read VIXY from av [ 2021-07-06 04:20:00 to 2021-07-30 20:00:00 ]
2021-07-31 11:00:26,190 read VXX from av [ 2021-07-06 04:05:00 to 2021-07-30 20:00:00 ]
2021-07-31 11:00:29,310 read SVXY from av [ 2021-07-06 04:25:00 to 2021-07-30 18:40:00 ]
2021-07-31 11:00:30,393 read UVXY from av [ 2021-07-06 04:05:00 to 2021-07-30 20:00:00 ]
2021-07-31 11:00:31,476 read VIXY from av [ 2021-07-06 04:20:00 to 2021-07-30 20:00:00 ]
