2021-03-06 10:02:02,024 read QQQ from av [ 2021-02-05 04:05:00 to 2021-03-05 20:00:00 ]
2021-03-06 10:08:04,371 Time out ^VIX
2021-03-06 10:08:04,885 read FAS from av [ 2021-02-08 05:05:00 to 2021-03-05 20:00:00 ]
2021-03-06 10:08:05,563 read MIDU from av [ 2021-02-08 07:05:00 to 2021-03-05 16:00:00 ]
2021-03-06 10:08:06,459 read AAPL from av [ 2021-02-05 04:05:00 to 2021-03-05 20:00:00 ]
2021-03-06 10:08:07,314 read GOOG from av [ 2021-02-05 07:30:00 to 2021-03-05 19:05:00 ]
2021-03-06 10:14:08,155 Time out ^GSPC
2021-03-06 10:20:08,700 Time out ^DJI
2021-03-06 10:26:09,402 Time out ^TNX
2021-03-06 10:26:10,075 read MSFT from av [ 2021-02-05 04:05:00 to 2021-03-05 19:55:00 ]
2021-03-06 10:32:12,834 Time out ^VXGOG
2021-03-06 10:38:13,520 Time out ^VXAPL
2021-03-06 10:44:14,109 Time out ^VXGS
2021-03-06 10:50:14,785 Time out ^VXAZN
2021-03-06 10:56:15,366 Time out ^VXIBM
2021-03-06 10:56:15,853 read GS from av [ 2021-02-05 07:10:00 to 2021-03-05 17:55:00 ]
2021-03-06 10:56:16,611 read IBM from av [ 2021-02-05 04:55:00 to 2021-03-05 19:55:00 ]
2021-03-06 10:56:17,462 read FB from av [ 2021-02-05 04:15:00 to 2021-03-05 20:00:00 ]
2021-03-06 11:02:18,469 Time out ^TYVIX
2021-03-06 11:02:19,159 read SPY from av [ 2021-02-05 04:05:00 to 2021-03-05 20:00:00 ]
2021-03-06 11:02:19,992 read GOOGL from av [ 2021-02-05 08:00:00 to 2021-03-05 20:00:00 ]
2021-03-06 11:02:20,766 read JPM from av [ 2021-02-08 06:20:00 to 2021-03-05 19:55:00 ]
2021-03-06 11:02:21,668 read JNJ from av [ 2021-02-08 04:05:00 to 2021-03-05 20:00:00 ]
2021-03-06 11:02:22,610 read BAC from av [ 2021-02-08 04:05:00 to 2021-03-05 20:00:00 ]
2021-03-06 11:04:23,697 read V from av [ 2021-02-08 06:35:00 to 2021-03-05 20:00:00 ]
2021-03-06 11:04:24,610 read WFC from av [ 2021-02-08 04:05:00 to 2021-03-05 20:00:00 ]
2021-03-06 11:04:25,364 read MA from av [ 2021-02-05 07:10:00 to 2021-03-05 20:00:00 ]
2021-03-06 11:04:26,103 read C from av [ 2021-02-08 04:05:00 to 2021-03-05 19:55:00 ]
2021-03-06 11:04:26,983 read PYPL from av [ 2021-02-08 04:05:00 to 2021-03-05 20:00:00 ]
2021-03-06 11:06:27,781 read OIL from av [ 2021-02-08 08:05:00 to 2021-03-05 16:05:00 ]
2021-03-06 11:12:28,572 Time out DX-Y.NYB
2021-03-06 11:12:29,132 read GLD from av [ 2021-02-05 04:10:00 to 2021-03-05 20:00:00 ]
2021-03-06 11:12:29,855 read UUP from av [ 2021-02-08 06:00:00 to 2021-03-05 19:45:00 ]
2021-03-06 11:12:30,467 read SHY from av [ 2021-02-08 08:05:00 to 2021-03-05 16:40:00 ]
2021-03-06 11:12:31,150 read SHV from av [ 2021-02-08 07:35:00 to 2021-03-05 19:50:00 ]
2021-03-06 11:14:32,065 read IEF from av [ 2021-02-08 06:10:00 to 2021-03-05 16:40:00 ]
2021-03-06 11:20:33,062 Time out ^IRX
2021-03-06 11:26:33,804 Time out ^FVX
2021-03-06 11:32:34,519 Time out ^TYX
2021-03-06 11:32:36,193 read SQQQ from av [ 2021-02-08 04:05:00 to 2021-03-05 20:00:00 ]
2021-03-06 11:32:37,695 read TQQQ from av [ 2021-02-08 04:05:00 to 2021-03-05 20:00:00 ]
2021-03-06 11:38:38,652 Time out ^VXX
2021-03-06 11:44:39,369 Time out ^VXZ
2021-03-06 11:44:39,782 read IYE from av [ 2021-02-05 08:15:00 to 2021-03-05 17:30:00 ]
2021-03-06 11:44:41,889 read IYY from av [ 2021-02-08 08:05:00 to 2021-03-05 19:35:00 ]
2021-03-06 11:44:42,449 read IYF from av [ 2021-02-05 08:45:00 to 2021-03-05 16:05:00 ]
2021-03-06 11:44:43,048 read IYR from av [ 2021-02-08 09:35:00 to 2021-03-05 16:10:00 ]
2021-03-06 11:44:43,717 read IYW from av [ 2021-02-08 09:35:00 to 2021-03-05 16:05:00 ]
2021-03-06 11:46:44,730 read IYT from av [ 2021-02-08 09:35:00 to 2021-03-05 16:00:00 ]
2021-03-06 11:46:45,331 read PEJ from av [ 2021-02-08 07:55:00 to 2021-03-05 18:35:00 ]
2021-03-06 11:46:46,051 read USO from av [ 2021-02-08 04:05:00 to 2021-03-05 20:00:00 ]
2021-03-06 11:46:48,282 read DBC from av [ 2021-02-08 08:40:00 to 2021-03-05 19:55:00 ]
2021-03-06 11:46:48,978 read GSG from av [ 2021-02-05 09:30:00 to 2021-03-05 18:55:00 ]
2021-03-06 11:48:49,895 read VTI from av [ 2021-02-05 07:40:00 to 2021-03-05 20:00:00 ]
2021-03-06 11:54:50,798 Time out ^RUT
2021-03-06 11:54:51,248 read FDN from av [ 2021-02-08 09:35:00 to 2021-03-05 16:10:00 ]
2021-03-06 11:54:51,913 read XLV from av [ 2021-02-08 07:05:00 to 2021-03-05 17:55:00 ]
2021-03-06 11:54:52,534 read IBB from av [ 2021-02-08 08:05:00 to 2021-03-05 17:45:00 ]
2021-03-06 11:54:53,322 read KRE from av [ 2021-02-08 08:05:00 to 2021-03-05 20:00:00 ]
2021-03-06 11:54:53,918 read KBE from av [ 2021-02-08 07:55:00 to 2021-03-05 16:55:00 ]
2021-03-06 11:56:54,944 read XLF from av [ 2021-02-08 04:10:00 to 2021-03-05 19:55:00 ]
2021-03-06 11:56:55,732 read XLP from av [ 2021-02-08 07:35:00 to 2021-03-05 19:25:00 ]
2021-03-06 11:56:56,338 read XLY from av [ 2021-02-08 07:05:00 to 2021-03-05 17:35:00 ]
2021-03-06 11:56:57,032 read VNQ from av [ 2021-02-05 08:05:00 to 2021-03-05 17:15:00 ]
2021-03-06 11:56:57,682 read XLB from av [ 2021-02-08 05:55:00 to 2021-03-05 17:40:00 ]
2021-03-06 11:58:58,498 read XLI from av [ 2021-02-08 06:55:00 to 2021-03-05 19:10:00 ]
2021-03-06 11:58:59,113 read KBWB from av [ 2021-02-08 08:40:00 to 2021-03-05 16:00:00 ]
2021-03-06 12:05:00,130 Time out TVIX
2021-03-06 12:11:00,794 Time out ^VVIX
2021-03-06 12:11:01,131 read VIXM from av [ 2021-02-08 09:35:00 to 2021-03-05 16:00:00 ]
2021-03-06 12:11:01,988 read VIXY from av [ 2021-02-08 04:05:00 to 2021-03-05 20:00:00 ]
2021-03-06 12:11:02,955 read VXX from av [ 2021-02-08 04:05:00 to 2021-03-05 20:00:00 ]
2021-03-06 12:11:03,893 read SVXY from av [ 2021-02-08 04:10:00 to 2021-03-05 20:00:00 ]
2021-03-06 12:11:04,888 read UVXY from av [ 2021-02-08 04:05:00 to 2021-03-05 20:00:00 ]
2021-03-06 12:11:05,853 read VIXY from av [ 2021-02-08 04:05:00 to 2021-03-05 20:00:00 ]
