2021-01-09 10:01:58,248 read QQQ from av [ 2020-12-11 04:05:00 to 2021-01-08 20:00:00 ]
2021-01-09 10:07:59,367 Time out ^VIX
2021-01-09 10:07:59,948 read FAS from av [ 2020-12-14 07:05:00 to 2021-01-08 20:00:00 ]
2021-01-09 10:08:00,519 read MIDU from av [ 2020-12-14 09:05:00 to 2021-01-08 18:50:00 ]
2021-01-09 10:08:01,282 read AAPL from av [ 2020-12-11 04:05:00 to 2021-01-08 20:00:00 ]
2021-01-09 10:08:02,192 read GOOG from av [ 2020-12-11 08:05:00 to 2021-01-08 18:10:00 ]
2021-01-09 10:14:03,034 Time out ^GSPC
2021-01-09 10:20:03,811 Time out ^DJI
2021-01-09 10:26:04,479 Time out ^TNX
2021-01-09 10:26:05,096 read MSFT from av [ 2020-12-11 04:05:00 to 2021-01-08 20:00:00 ]
2021-01-09 10:32:06,132 Time out ^VXGOG
2021-01-09 10:38:07,013 Time out ^VXAPL
2021-01-09 10:44:07,780 Time out ^VXGS
2021-01-09 10:50:08,431 Time out ^VXAZN
2021-01-09 10:56:09,116 Time out ^VXIBM
2021-01-09 10:56:09,557 read GS from av [ 2020-12-11 06:15:00 to 2021-01-08 20:00:00 ]
2021-01-09 10:56:10,314 read IBM from av [ 2020-12-11 04:05:00 to 2021-01-08 17:30:00 ]
2021-01-09 10:56:11,135 read FB from av [ 2020-12-11 04:05:00 to 2021-01-08 20:00:00 ]
2021-01-09 11:02:12,154 Time out ^TYVIX
2021-01-09 11:02:12,751 read SPY from av [ 2020-12-11 04:05:00 to 2021-01-08 20:00:00 ]
2021-01-09 11:02:13,524 read GOOGL from av [ 2020-12-11 05:45:00 to 2021-01-08 19:05:00 ]
2021-01-09 11:02:14,316 read JPM from av [ 2020-12-14 04:05:00 to 2021-01-08 20:00:00 ]
2021-01-09 11:02:14,996 read JNJ from av [ 2020-12-14 04:50:00 to 2021-01-08 20:00:00 ]
2021-01-09 11:02:15,785 read BAC from av [ 2020-12-14 04:05:00 to 2021-01-08 20:00:00 ]
2021-01-09 11:04:16,789 read V from av [ 2020-12-11 04:05:00 to 2021-01-08 20:00:00 ]
2021-01-09 11:04:17,552 read WFC from av [ 2020-12-14 04:05:00 to 2021-01-08 20:00:00 ]
2021-01-09 11:04:18,245 read MA from av [ 2020-12-14 04:05:00 to 2021-01-08 19:55:00 ]
2021-01-09 11:04:19,023 read C from av [ 2020-12-14 04:05:00 to 2021-01-08 20:00:00 ]
2021-01-09 11:04:19,789 read PYPL from av [ 2020-12-14 04:10:00 to 2021-01-08 20:00:00 ]
2021-01-09 11:06:20,531 read OIL from av [ 2020-12-14 09:35:00 to 2021-01-08 15:50:00 ]
2021-01-09 11:12:21,425 Time out DX-Y.NYB
2021-01-09 11:12:22,043 read GLD from av [ 2020-12-11 04:05:00 to 2021-01-08 20:00:00 ]
2021-01-09 11:12:22,771 read UUP from av [ 2020-12-14 07:05:00 to 2021-01-08 19:45:00 ]
2021-01-09 11:12:24,818 read SHY from av [ 2020-12-14 08:05:00 to 2021-01-08 16:05:00 ]
2021-01-09 11:12:26,797 read SHV from av [ 2020-12-14 09:10:00 to 2021-01-08 18:50:00 ]
2021-01-09 11:14:27,787 read IEF from av [ 2020-12-14 08:25:00 to 2021-01-08 19:55:00 ]
2021-01-09 11:20:28,632 Time out ^IRX
2021-01-09 11:26:29,222 Time out ^FVX
2021-01-09 11:32:31,427 Time out ^TYX
2021-01-09 11:32:32,963 read SQQQ from av [ 2020-12-14 04:05:00 to 2021-01-08 20:00:00 ]
2021-01-09 11:32:34,469 read TQQQ from av [ 2020-12-14 04:05:00 to 2021-01-08 20:00:00 ]
2021-01-09 11:38:36,625 Time out ^VXX
2021-01-09 11:44:37,290 Time out ^VXZ
2021-01-09 11:44:37,829 read IYE from av [ 2020-12-14 07:20:00 to 2021-01-08 16:00:00 ]
2021-01-09 11:44:38,572 read IYY from av [ 2020-12-14 09:35:00 to 2021-01-08 16:00:00 ]
2021-01-09 11:44:39,064 read IYF from av [ 2020-12-14 09:35:00 to 2021-01-08 16:00:00 ]
2021-01-09 11:44:39,673 read IYR from av [ 2020-12-14 07:05:00 to 2021-01-08 17:15:00 ]
2021-01-09 11:44:40,258 read IYW from av [ 2020-12-14 09:30:00 to 2021-01-08 16:00:00 ]
2021-01-09 11:46:41,258 read IYT from av [ 2020-12-14 09:35:00 to 2021-01-08 16:00:00 ]
2021-01-09 11:46:48,934 read PEJ from av [ 2020-12-14 07:05:00 to 2021-01-08 16:00:00 ]
2021-01-09 11:46:49,683 read USO from av [ 2020-12-14 04:10:00 to 2021-01-08 20:00:00 ]
2021-01-09 11:46:50,361 read DBC from av [ 2020-12-14 08:05:00 to 2021-01-08 18:40:00 ]
2021-01-09 11:46:50,929 read GSG from av [ 2020-12-11 07:05:00 to 2021-01-08 16:20:00 ]
2021-01-09 11:48:51,734 read VTI from av [ 2020-12-14 07:05:00 to 2021-01-08 19:40:00 ]
2021-01-09 11:54:52,654 Time out ^RUT
2021-01-09 11:54:54,179 read FDN from av [ 2020-12-14 08:10:00 to 2021-01-08 16:05:00 ]
2021-01-09 11:54:54,816 read XLV from av [ 2020-12-14 07:35:00 to 2021-01-08 18:20:00 ]
2021-01-09 11:54:55,507 read IBB from av [ 2020-12-14 07:05:00 to 2021-01-08 19:55:00 ]
2021-01-09 11:54:56,146 read KRE from av [ 2020-12-14 08:10:00 to 2021-01-08 16:20:00 ]
2021-01-09 11:54:56,733 read KBE from av [ 2020-12-14 09:35:00 to 2021-01-08 17:15:00 ]
2021-01-09 11:56:57,570 read XLF from av [ 2020-12-14 04:15:00 to 2021-01-08 20:00:00 ]
2021-01-09 11:56:58,262 read XLP from av [ 2020-12-14 09:30:00 to 2021-01-08 18:15:00 ]
2021-01-09 11:56:58,835 read XLY from av [ 2020-12-14 07:05:00 to 2021-01-08 19:55:00 ]
2021-01-09 11:56:59,432 read VNQ from av [ 2020-12-14 08:05:00 to 2021-01-08 16:20:00 ]
2021-01-09 11:57:00,024 read XLB from av [ 2020-12-14 09:30:00 to 2021-01-08 20:00:00 ]
2021-01-09 11:57:00,601 read XLI from av [ 2020-12-14 07:25:00 to 2021-01-08 20:00:00 ]
2021-01-09 11:57:02,475 read KBWB from av [ 2020-12-14 07:05:00 to 2021-01-08 16:10:00 ]
2021-01-09 12:03:03,522 Time out TVIX
2021-01-09 12:09:04,147 Time out ^VVIX
2021-01-09 12:09:04,460 read VIXM from av [ 2020-12-14 09:25:00 to 2021-01-08 16:15:00 ]
2021-01-09 12:09:05,099 read VIXY from av [ 2020-12-14 04:05:00 to 2021-01-08 19:50:00 ]
2021-01-09 12:09:05,984 read VXX from av [ 2020-12-14 04:05:00 to 2021-01-08 20:00:00 ]
2021-01-09 12:09:06,739 read SVXY from av [ 2020-12-14 04:10:00 to 2021-01-08 18:35:00 ]
2021-01-09 12:09:07,574 read UVXY from av [ 2020-12-14 04:05:00 to 2021-01-08 20:00:00 ]
2021-01-09 12:11:08,542 read VIXY from av [ 2020-12-14 04:05:00 to 2021-01-08 19:50:00 ]
