2021-02-13 10:01:58,298 read QQQ from av [ 2021-01-15 04:05:00 to 2021-02-12 20:00:00 ]
2021-02-13 10:07:59,342 Time out ^VIX
2021-02-13 10:07:59,867 read FAS from av [ 2021-01-19 04:05:00 to 2021-02-12 19:55:00 ]
2021-02-13 10:08:00,567 read MIDU from av [ 2021-01-19 07:45:00 to 2021-02-12 16:20:00 ]
2021-02-13 10:08:01,480 read AAPL from av [ 2021-01-15 04:05:00 to 2021-02-12 20:00:00 ]
2021-02-13 10:08:02,301 read GOOG from av [ 2021-01-15 07:10:00 to 2021-02-12 17:10:00 ]
2021-02-13 10:14:03,126 Time out ^GSPC
2021-02-13 10:20:03,730 Time out ^DJI
2021-02-13 10:26:04,435 Time out ^TNX
2021-02-13 10:26:05,084 read MSFT from av [ 2021-01-15 04:05:00 to 2021-02-12 20:00:00 ]
2021-02-13 10:32:06,104 Time out ^VXGOG
2021-02-13 10:38:06,710 Time out ^VXAPL
2021-02-13 10:44:07,369 Time out ^VXGS
2021-02-13 10:50:08,012 Time out ^VXAZN
2021-02-13 10:56:08,627 Time out ^VXIBM
2021-02-13 10:56:09,193 read GS from av [ 2021-01-15 05:45:00 to 2021-02-12 19:20:00 ]
2021-02-13 10:56:09,994 read IBM from av [ 2021-01-15 05:05:00 to 2021-02-12 19:50:00 ]
2021-02-13 10:56:10,834 read FB from av [ 2021-01-15 04:05:00 to 2021-02-12 20:00:00 ]
2021-02-13 11:02:11,675 Time out ^TYVIX
2021-02-13 11:02:12,313 read SPY from av [ 2021-01-15 04:05:00 to 2021-02-12 20:00:00 ]
2021-02-13 11:02:13,172 read GOOGL from av [ 2021-01-15 07:10:00 to 2021-02-12 17:55:00 ]
2021-02-13 11:02:13,922 read JPM from av [ 2021-01-15 04:10:00 to 2021-02-12 20:00:00 ]
2021-02-13 11:02:14,842 read JNJ from av [ 2021-01-19 04:05:00 to 2021-02-12 20:00:00 ]
2021-02-13 11:02:15,708 read BAC from av [ 2021-01-19 04:05:00 to 2021-02-12 20:00:00 ]
2021-02-13 11:04:16,859 read V from av [ 2021-01-19 05:15:00 to 2021-02-12 19:15:00 ]
2021-02-13 11:04:17,713 read WFC from av [ 2021-01-19 04:05:00 to 2021-02-12 20:00:00 ]
2021-02-13 11:04:18,522 read MA from av [ 2021-01-15 04:50:00 to 2021-02-12 16:35:00 ]
2021-02-13 11:04:19,415 read C from av [ 2021-01-19 04:05:00 to 2021-02-12 20:00:00 ]
2021-02-13 11:04:20,276 read PYPL from av [ 2021-01-19 04:05:00 to 2021-02-12 20:00:00 ]
2021-02-13 11:06:21,014 read OIL from av [ 2021-01-19 09:30:00 to 2021-02-12 16:00:00 ]
2021-02-13 11:12:21,694 Time out DX-Y.NYB
2021-02-13 11:12:22,258 read GLD from av [ 2021-01-15 04:05:00 to 2021-02-12 18:30:00 ]
2021-02-13 11:12:23,004 read UUP from av [ 2021-01-19 04:15:00 to 2021-02-12 16:25:00 ]
2021-02-13 11:12:25,292 read SHY from av [ 2021-01-19 08:05:00 to 2021-02-12 18:45:00 ]
2021-02-13 11:12:27,493 read SHV from av [ 2021-01-19 09:05:00 to 2021-02-12 16:15:00 ]
2021-02-13 11:14:29,862 read IEF from av [ 2021-01-19 09:35:00 to 2021-02-12 16:35:00 ]
2021-02-13 11:20:30,815 Time out ^IRX
2021-02-13 11:26:31,709 Time out ^FVX
2021-02-13 11:32:32,433 Time out ^TYX
2021-02-13 11:32:33,218 read SQQQ from av [ 2021-01-19 04:05:00 to 2021-02-12 20:00:00 ]
2021-02-13 11:32:34,373 read TQQQ from av [ 2021-01-19 04:05:00 to 2021-02-12 20:00:00 ]
2021-02-13 11:38:35,420 Time out ^VXX
2021-02-13 11:44:36,032 Time out ^VXZ
2021-02-13 11:44:36,432 read IYE from av [ 2021-01-15 09:35:00 to 2021-02-12 16:00:00 ]
2021-02-13 11:44:37,022 read IYY from av [ 2021-01-15 09:35:00 to 2021-02-12 16:00:00 ]
2021-02-13 11:44:38,967 read IYF from av [ 2021-01-15 09:05:00 to 2021-02-12 16:00:00 ]
2021-02-13 11:44:39,549 read IYR from av [ 2021-01-15 09:35:00 to 2021-02-12 17:05:00 ]
2021-02-13 11:44:40,160 read IYW from av [ 2021-01-15 09:05:00 to 2021-02-12 16:00:00 ]
2021-02-13 11:46:41,301 read IYT from av [ 2021-01-15 07:05:00 to 2021-02-12 16:00:00 ]
2021-02-13 11:46:41,877 read PEJ from av [ 2021-01-19 07:05:00 to 2021-02-12 16:00:00 ]
2021-02-13 11:46:42,605 read USO from av [ 2021-01-19 04:05:00 to 2021-02-12 19:40:00 ]
2021-02-13 11:46:43,250 read DBC from av [ 2021-01-19 05:10:00 to 2021-02-12 16:55:00 ]
2021-02-13 11:46:43,895 read GSG from av [ 2021-01-15 07:45:00 to 2021-02-12 16:00:00 ]
2021-02-13 11:48:44,730 read VTI from av [ 2021-01-19 04:05:00 to 2021-02-12 20:00:00 ]
2021-02-13 11:54:45,445 Time out ^RUT
2021-02-13 11:54:46,942 read FDN from av [ 2021-01-19 09:30:00 to 2021-02-12 16:00:00 ]
2021-02-13 11:54:47,534 read XLV from av [ 2021-01-19 06:05:00 to 2021-02-12 17:05:00 ]
2021-02-13 11:54:49,749 read IBB from av [ 2021-01-19 07:05:00 to 2021-02-12 16:20:00 ]
2021-02-13 11:54:50,486 read KRE from av [ 2021-01-19 06:40:00 to 2021-02-12 20:00:00 ]
2021-02-13 11:54:51,067 read KBE from av [ 2021-01-19 07:05:00 to 2021-02-12 20:00:00 ]
2021-02-13 11:56:52,026 read XLF from av [ 2021-01-19 04:05:00 to 2021-02-12 19:45:00 ]
2021-02-13 11:56:52,778 read XLP from av [ 2021-01-19 04:05:00 to 2021-02-12 16:35:00 ]
2021-02-13 11:56:53,439 read XLY from av [ 2021-01-19 07:10:00 to 2021-02-12 16:45:00 ]
2021-02-13 11:56:54,048 read VNQ from av [ 2021-01-15 04:05:00 to 2021-02-12 17:00:00 ]
2021-02-13 11:56:54,627 read XLB from av [ 2021-01-19 07:05:00 to 2021-02-12 16:05:00 ]
2021-02-13 11:58:55,451 read XLI from av [ 2021-01-19 07:05:00 to 2021-02-12 16:40:00 ]
2021-02-13 11:58:57,328 read KBWB from av [ 2021-01-19 08:10:00 to 2021-02-12 16:00:00 ]
2021-02-13 12:04:58,214 Time out TVIX
2021-02-13 12:10:58,925 Time out ^VVIX
2021-02-13 12:10:59,208 read VIXM from av [ 2021-01-19 09:35:00 to 2021-02-12 16:00:00 ]
2021-02-13 12:10:59,913 read VIXY from av [ 2021-01-19 04:20:00 to 2021-02-12 19:40:00 ]
2021-02-13 12:11:00,970 read VXX from av [ 2021-01-19 04:05:00 to 2021-02-12 20:00:00 ]
2021-02-13 12:11:01,761 read SVXY from av [ 2021-01-19 04:10:00 to 2021-02-12 19:25:00 ]
2021-02-13 12:11:02,710 read UVXY from av [ 2021-01-19 04:05:00 to 2021-02-12 20:00:00 ]
2021-02-13 12:11:03,621 read VIXY from av [ 2021-01-19 04:20:00 to 2021-02-12 19:40:00 ]
