2021-05-15 09:02:02,347 read QQQ from av [ 2021-04-16 04:05:00 to 2021-05-13 20:00:00 ]
2021-05-15 09:08:04,244 Time out ^VIX
2021-05-15 09:08:04,801 read FAS from av [ 2021-04-19 04:05:00 to 2021-05-13 19:45:00 ]
2021-05-15 09:08:06,174 read MIDU from av [ 2021-04-19 07:05:00 to 2021-05-13 16:00:00 ]
2021-05-15 09:08:07,147 read AAPL from av [ 2021-04-16 04:05:00 to 2021-05-13 20:00:00 ]
2021-05-15 09:08:08,153 read GOOG from av [ 2021-04-16 08:10:00 to 2021-05-13 19:35:00 ]
2021-05-15 09:14:09,391 Time out ^GSPC
2021-05-15 09:20:10,198 Time out ^DJI
2021-05-15 09:26:11,203 Time out ^TNX
2021-05-15 09:26:11,905 read MSFT from av [ 2021-04-16 04:05:00 to 2021-05-13 20:00:00 ]
2021-05-15 09:32:13,191 Time out ^VXGOG
2021-05-15 09:38:14,113 Time out ^VXAPL
2021-05-15 09:44:14,992 Time out ^VXGS
2021-05-15 09:50:15,973 Time out ^VXAZN
2021-05-15 09:56:16,838 Time out ^VXIBM
2021-05-15 09:56:17,354 read GS from av [ 2021-04-19 04:05:00 to 2021-05-13 18:30:00 ]
2021-05-15 09:56:18,269 read IBM from av [ 2021-04-16 06:20:00 to 2021-05-13 19:55:00 ]
2021-05-15 09:56:19,229 read FB from av [ 2021-04-16 04:05:00 to 2021-05-13 20:00:00 ]
2021-05-15 10:02:20,419 Time out ^TYVIX
2021-05-15 10:02:21,156 read SPY from av [ 2021-04-16 04:05:00 to 2021-05-13 20:00:00 ]
2021-05-15 10:02:22,089 read GOOGL from av [ 2021-04-16 07:20:00 to 2021-05-13 19:30:00 ]
2021-05-15 10:02:23,053 read JPM from av [ 2021-04-19 04:05:00 to 2021-05-13 20:00:00 ]
2021-05-15 10:02:23,846 read JNJ from av [ 2021-04-19 04:35:00 to 2021-05-13 19:30:00 ]
2021-05-15 10:02:24,735 read BAC from av [ 2021-04-19 04:05:00 to 2021-05-13 20:00:00 ]
2021-05-15 10:02:25,647 read V from av [ 2021-04-19 07:15:00 to 2021-05-13 17:40:00 ]
2021-05-15 10:02:26,518 read WFC from av [ 2021-04-19 04:30:00 to 2021-05-13 20:00:00 ]
2021-05-15 10:02:27,301 read MA from av [ 2021-04-19 08:45:00 to 2021-05-13 19:50:00 ]
2021-05-15 10:02:28,159 read C from av [ 2021-04-19 05:40:00 to 2021-05-13 19:55:00 ]
2021-05-15 10:02:29,085 read PYPL from av [ 2021-04-19 04:05:00 to 2021-05-13 19:45:00 ]
2021-05-15 10:02:29,698 read OIL from av [ 2021-04-19 09:35:00 to 2021-05-13 17:50:00 ]
2021-05-15 10:08:30,707 Time out DX-Y.NYB
2021-05-15 10:08:31,263 read GLD from av [ 2021-04-19 04:05:00 to 2021-05-13 20:00:00 ]
2021-05-15 10:08:32,121 read UUP from av [ 2021-04-19 07:10:00 to 2021-05-13 16:55:00 ]
2021-05-15 10:08:32,815 read SHY from av [ 2021-04-19 08:55:00 to 2021-05-13 19:35:00 ]
2021-05-15 10:08:33,494 read SHV from av [ 2021-04-19 08:15:00 to 2021-05-13 16:05:00 ]
2021-05-15 10:08:34,257 read IEF from av [ 2021-04-19 06:25:00 to 2021-05-13 16:55:00 ]
2021-05-15 10:14:35,381 Time out ^IRX
2021-05-15 10:20:36,618 Time out ^FVX
2021-05-15 10:26:37,530 Time out ^TYX
2021-05-15 10:26:38,222 read SQQQ from av [ 2021-04-19 04:05:00 to 2021-05-13 20:00:00 ]
2021-05-15 10:26:39,465 read TQQQ from av [ 2021-04-19 04:05:00 to 2021-05-13 20:00:00 ]
2021-05-15 10:32:40,838 Time out ^VXX
2021-05-15 10:38:41,689 Time out ^VXZ
2021-05-15 10:38:45,191 read IYE from av [ 2021-04-19 07:05:00 to 2021-05-13 19:45:00 ]
2021-05-15 10:38:46,273 read IYY from av [ 2021-04-19 08:25:00 to 2021-05-13 16:00:00 ]
2021-05-15 10:38:49,749 read IYF from av [ 2021-04-19 09:35:00 to 2021-05-13 16:05:00 ]
2021-05-15 10:38:54,086 read IYR from av [ 2021-04-19 04:05:00 to 2021-05-13 16:30:00 ]
2021-05-15 10:38:57,380 read IYW from av [ 2021-04-19 08:20:00 to 2021-05-13 16:00:00 ]
2021-05-15 10:39:02,118 read IYT from av [ 2021-04-19 09:35:00 to 2021-05-13 16:00:00 ]
2021-05-15 10:39:04,601 read PEJ from av [ 2021-04-19 08:05:00 to 2021-05-13 18:25:00 ]
2021-05-15 10:39:05,418 read USO from av [ 2021-04-19 04:05:00 to 2021-05-13 19:20:00 ]
2021-05-15 10:39:09,686 read DBC from av [ 2021-04-19 05:00:00 to 2021-05-13 18:50:00 ]
2021-05-15 10:39:13,462 read GSG from av [ 2021-04-19 08:15:00 to 2021-05-13 18:20:00 ]
2021-05-15 10:39:16,200 read VTI from av [ 2021-04-19 04:05:00 to 2021-05-13 17:10:00 ]
2021-05-15 10:45:17,399 Time out ^RUT
2021-05-15 10:45:17,828 read FDN from av [ 2021-04-19 09:35:00 to 2021-05-13 16:00:00 ]
2021-05-15 10:45:18,629 read XLV from av [ 2021-04-19 04:05:00 to 2021-05-13 17:35:00 ]
2021-05-15 10:45:19,422 read IBB from av [ 2021-04-19 05:45:00 to 2021-05-13 18:25:00 ]
2021-05-15 10:45:20,288 read KRE from av [ 2021-04-19 08:05:00 to 2021-05-13 17:40:00 ]
2021-05-15 10:45:23,761 read KBE from av [ 2021-04-19 07:35:00 to 2021-05-13 16:05:00 ]
2021-05-15 10:45:24,588 read XLF from av [ 2021-04-19 04:10:00 to 2021-05-13 19:55:00 ]
2021-05-15 10:45:25,391 read XLP from av [ 2021-04-19 05:25:00 to 2021-05-13 19:15:00 ]
2021-05-15 10:45:26,126 read XLY from av [ 2021-04-19 08:05:00 to 2021-05-13 16:05:00 ]
2021-05-15 10:45:27,004 read VNQ from av [ 2021-04-19 06:00:00 to 2021-05-13 17:00:00 ]
2021-05-15 10:45:27,870 read XLB from av [ 2021-04-19 04:05:00 to 2021-05-13 18:45:00 ]
2021-05-15 10:45:28,794 read XLI from av [ 2021-04-19 04:05:00 to 2021-05-13 18:40:00 ]
2021-05-15 10:45:29,478 read KBWB from av [ 2021-04-19 09:35:00 to 2021-05-13 16:00:00 ]
2021-05-15 10:51:30,724 Time out TVIX
2021-05-15 10:57:31,581 Time out ^VVIX
2021-05-15 10:57:32,530 read VIXM from av [ 2021-04-19 08:05:00 to 2021-05-13 19:45:00 ]
2021-05-15 10:57:35,457 read VIXY from av [ 2021-04-19 06:15:00 to 2021-05-13 20:00:00 ]
2021-05-15 10:57:36,444 read VXX from av [ 2021-04-19 04:05:00 to 2021-05-13 20:00:00 ]
2021-05-15 10:57:39,515 read SVXY from av [ 2021-04-19 04:20:00 to 2021-05-13 20:00:00 ]
2021-05-15 10:57:40,646 read UVXY from av [ 2021-04-19 04:05:00 to 2021-05-13 20:00:00 ]
2021-05-15 10:57:41,664 read VIXY from av [ 2021-04-19 06:15:00 to 2021-05-13 20:00:00 ]
