2021-12-25 05:01:07,212 read QQQ from av [ 2021-12-23 20:00:00 to 2021-11-26 04:05:00 ]
2021-12-25 05:07:08,668 Time out ^VIX
2021-12-25 05:07:10,129 read FAS from av [ 2021-12-23 19:55:00 to 2021-11-29 04:35:00 ]
2021-12-25 05:07:11,017 read MIDU from av [ 2021-12-23 16:00:00 to 2021-11-29 04:15:00 ]
2021-12-25 05:07:11,830 read AAPL from av [ 2021-12-23 20:00:00 to 2021-11-26 04:05:00 ]
2021-12-25 05:07:12,934 read GOOG from av [ 2021-12-23 17:55:00 to 2021-11-26 04:40:00 ]
2021-12-25 05:13:13,929 Time out ^GSPC
2021-12-25 05:19:14,520 Time out ^DJI
2021-12-25 05:25:15,321 Time out ^TNX
2021-12-25 05:25:15,967 read MSFT from av [ 2021-12-23 20:00:00 to 2021-11-26 04:05:00 ]
2021-12-25 05:31:17,331 Time out ^VXGOG
2021-12-25 05:37:18,107 Time out ^VXAPL
2021-12-25 05:43:18,871 Time out ^VXGS
2021-12-25 05:49:19,539 Time out ^VXAZN
2021-12-25 05:55:20,229 Time out ^VXIBM
2021-12-25 05:55:20,545 read GS from av [ 2021-12-23 16:50:00 to 2021-11-29 07:05:00 ]
2021-12-25 05:55:21,471 read IBM from av [ 2021-12-23 19:55:00 to 2021-11-26 04:05:00 ]
2021-12-25 05:55:22,533 read FB from av [ 2021-12-23 20:00:00 to 2021-11-26 04:05:00 ]
2021-12-25 06:01:23,683 Time out ^TYVIX
2021-12-25 06:01:24,141 read SPY from av [ 2021-12-23 20:00:00 to 2021-11-26 04:05:00 ]
2021-12-25 06:01:25,079 read GOOGL from av [ 2021-12-23 20:00:00 to 2021-11-26 04:05:00 ]
2021-12-25 06:01:25,820 read JPM from av [ 2021-12-23 20:00:00 to 2021-11-26 04:05:00 ]
2021-12-25 06:01:26,593 read JNJ from av [ 2021-12-23 19:20:00 to 2021-11-29 04:05:00 ]
2021-12-25 06:01:27,525 read BAC from av [ 2021-12-23 20:00:00 to 2021-11-26 04:05:00 ]
2021-12-25 06:01:28,511 read V from av [ 2021-12-23 19:35:00 to 2021-11-26 04:05:00 ]
2021-12-25 06:01:29,308 read WFC from av [ 2021-12-23 19:55:00 to 2021-11-29 04:05:00 ]
2021-12-25 06:01:30,164 read MA from av [ 2021-12-23 16:55:00 to 2021-11-26 04:10:00 ]
2021-12-25 06:01:30,941 read C from av [ 2021-12-23 20:00:00 to 2021-11-26 04:05:00 ]
2021-12-25 06:01:31,910 read PYPL from av [ 2021-12-23 20:00:00 to 2021-11-29 04:05:00 ]
2021-12-25 06:01:32,812 read OIL from av [ 2021-12-23 16:00:00 to 2021-11-29 09:00:00 ]
2021-12-25 06:07:33,708 Time out DX-Y.NYB
2021-12-25 06:07:34,032 read GLD from av [ 2021-12-23 19:45:00 to 2021-11-29 04:05:00 ]
2021-12-25 06:07:35,695 read UUP from av [ 2021-12-23 17:05:00 to 2021-11-29 07:30:00 ]
2021-12-25 06:07:37,934 read SHY from av [ 2021-12-23 17:15:00 to 2021-11-29 05:15:00 ]
2021-12-25 06:07:39,500 read SHV from av [ 2021-12-23 18:45:00 to 2021-11-29 08:25:00 ]
2021-12-25 06:07:41,489 read IEF from av [ 2021-12-23 16:45:00 to 2021-11-29 04:20:00 ]
2021-12-25 06:13:42,569 Time out ^IRX
2021-12-25 06:19:43,209 Time out ^FVX
2021-12-25 06:25:43,981 Time out ^TYX
2021-12-25 06:25:46,604 read SQQQ from av [ 2021-12-23 20:00:00 to 2021-11-29 04:05:00 ]
2021-12-25 06:25:49,842 read TQQQ from av [ 2021-12-23 20:00:00 to 2021-11-29 04:05:00 ]
2021-12-25 06:31:51,212 Time out ^VXX
2021-12-25 06:37:51,945 Time out ^VXZ
2021-12-25 06:37:53,380 read IYE from av [ 2021-12-23 16:50:00 to 2021-11-29 09:35:00 ]
2021-12-25 06:37:54,502 read IYY from av [ 2021-12-23 16:00:00 to 2021-11-29 09:35:00 ]
2021-12-25 06:37:55,934 read IYF from av [ 2021-12-23 16:00:00 to 2021-11-29 09:35:00 ]
2021-12-25 06:37:57,803 read IYR from av [ 2021-12-23 16:10:00 to 2021-11-29 09:35:00 ]
2021-12-25 06:37:59,393 read IYW from av [ 2021-12-23 16:05:00 to 2021-11-29 09:30:00 ]
2021-12-25 06:38:00,791 read IYT from av [ 2021-12-23 16:00:00 to 2021-11-29 09:35:00 ]
2021-12-25 06:38:02,213 read PEJ from av [ 2021-12-23 16:00:00 to 2021-11-29 04:15:00 ]
2021-12-25 06:38:02,880 read USO from av [ 2021-12-23 17:55:00 to 2021-11-29 04:05:00 ]
2021-12-25 06:38:04,761 read DBC from av [ 2021-12-23 16:15:00 to 2021-11-29 04:10:00 ]
2021-12-25 06:38:06,262 read GSG from av [ 2021-12-23 16:00:00 to 2021-11-29 04:05:00 ]
2021-12-25 06:38:06,929 read VTI from av [ 2021-12-23 18:45:00 to 2021-11-29 04:05:00 ]
2021-12-25 06:44:09,200 Time out ^RUT
2021-12-25 06:44:11,109 read FDN from av [ 2021-12-23 16:00:00 to 2021-11-29 09:35:00 ]
2021-12-25 06:44:12,822 read XLV from av [ 2021-12-23 20:00:00 to 2021-11-29 04:50:00 ]
2021-12-25 06:44:14,514 read IBB from av [ 2021-12-23 19:45:00 to 2021-11-29 05:10:00 ]
2021-12-25 06:44:16,671 read KRE from av [ 2021-12-23 18:15:00 to 2021-11-29 07:50:00 ]
2021-12-25 06:44:18,232 read KBE from av [ 2021-12-23 16:05:00 to 2021-11-29 08:00:00 ]
2021-12-25 06:44:18,959 read XLF from av [ 2021-12-23 20:00:00 to 2021-11-29 04:05:00 ]
2021-12-25 06:44:21,131 read XLP from av [ 2021-12-23 20:00:00 to 2021-11-29 04:20:00 ]
2021-12-25 06:44:23,175 read XLY from av [ 2021-12-23 16:25:00 to 2021-11-29 05:25:00 ]
2021-12-25 06:44:25,048 read VNQ from av [ 2021-12-23 18:40:00 to 2021-11-29 05:50:00 ]
2021-12-25 06:44:26,916 read XLB from av [ 2021-12-23 19:55:00 to 2021-11-29 04:25:00 ]
2021-12-25 06:44:28,805 read XLI from av [ 2021-12-23 19:05:00 to 2021-11-29 04:50:00 ]
2021-12-25 06:44:30,415 read KBWB from av [ 2021-12-23 16:10:00 to 2021-11-29 09:35:00 ]
2021-12-25 06:50:31,561 Time out TVIX
2021-12-25 06:56:32,200 Time out ^VVIX
2021-12-25 06:56:33,749 read VIXM from av [ 2021-12-23 16:00:00 to 2021-11-29 08:45:00 ]
2021-12-25 06:56:36,989 read VIXY from av [ 2021-12-23 20:00:00 to 2021-11-29 04:05:00 ]
2021-12-25 06:56:37,865 read VXX from av [ 2021-12-23 20:00:00 to 2021-11-29 04:05:00 ]
2021-12-25 06:56:40,015 read SVXY from av [ 2021-12-23 19:35:00 to 2021-11-29 04:05:00 ]
2021-12-25 06:56:41,003 read UVXY from av [ 2021-12-23 20:00:00 to 2021-11-29 04:05:00 ]
2021-12-25 06:56:42,249 read VIXY from av [ 2021-12-23 20:00:00 to 2021-11-29 04:05:00 ]
