2021-06-26 09:02:17,710 read QQQ from av [ 2021-05-28 04:05:00 to 2021-06-25 20:00:00 ]
2021-06-26 09:08:19,251 Time out ^VIX
2021-06-26 09:08:19,828 read FAS from av [ 2021-06-01 04:05:00 to 2021-06-25 19:55:00 ]
2021-06-26 09:08:20,936 read MIDU from av [ 2021-06-01 07:05:00 to 2021-06-25 16:55:00 ]
2021-06-26 09:08:22,048 read AAPL from av [ 2021-05-28 04:05:00 to 2021-06-25 20:00:00 ]
2021-06-26 09:08:23,017 read GOOG from av [ 2021-05-28 07:45:00 to 2021-06-25 17:00:00 ]
2021-06-26 09:14:24,374 Time out ^GSPC
2021-06-26 09:20:25,454 Time out ^DJI
2021-06-26 09:26:26,386 Time out ^TNX
2021-06-26 09:26:27,031 read MSFT from av [ 2021-05-28 04:20:00 to 2021-06-25 20:00:00 ]
2021-06-26 09:32:28,453 Time out ^VXGOG
2021-06-26 09:38:29,236 Time out ^VXAPL
2021-06-26 09:44:30,075 Time out ^VXGS
2021-06-26 09:50:31,030 Time out ^VXAZN
2021-06-26 09:56:32,061 Time out ^VXIBM
2021-06-26 09:56:32,676 read GS from av [ 2021-06-01 08:05:00 to 2021-06-25 20:00:00 ]
2021-06-26 09:56:33,509 read IBM from av [ 2021-05-28 04:05:00 to 2021-06-25 19:50:00 ]
2021-06-26 09:56:34,449 read FB from av [ 2021-05-28 04:25:00 to 2021-06-25 20:00:00 ]
2021-06-26 10:02:35,737 Time out ^TYVIX
2021-06-26 10:02:36,372 read SPY from av [ 2021-05-28 04:05:00 to 2021-06-25 20:00:00 ]
2021-06-26 10:02:37,464 read GOOGL from av [ 2021-05-28 09:00:00 to 2021-06-25 17:40:00 ]
2021-06-26 10:02:38,291 read JPM from av [ 2021-05-28 04:05:00 to 2021-06-25 19:55:00 ]
2021-06-26 10:02:39,348 read JNJ from av [ 2021-06-01 07:10:00 to 2021-06-25 19:55:00 ]
2021-06-26 10:02:40,400 read BAC from av [ 2021-05-28 04:05:00 to 2021-06-25 20:00:00 ]
2021-06-26 10:02:41,395 read V from av [ 2021-06-01 07:10:00 to 2021-06-25 20:00:00 ]
2021-06-26 10:02:42,412 read WFC from av [ 2021-06-01 04:05:00 to 2021-06-25 20:00:00 ]
2021-06-26 10:02:43,351 read MA from av [ 2021-06-01 08:05:00 to 2021-06-25 20:00:00 ]
2021-06-26 10:02:44,273 read C from av [ 2021-06-01 05:30:00 to 2021-06-25 20:00:00 ]
2021-06-26 10:02:45,386 read PYPL from av [ 2021-05-28 06:55:00 to 2021-06-25 20:00:00 ]
2021-06-26 10:02:46,281 read OIL from av [ 2021-06-01 09:35:00 to 2021-06-25 16:00:00 ]
2021-06-26 10:08:47,387 Time out DX-Y.NYB
2021-06-26 10:08:48,052 read GLD from av [ 2021-05-28 04:15:00 to 2021-06-25 19:35:00 ]
2021-06-26 10:08:49,095 read UUP from av [ 2021-06-01 04:05:00 to 2021-06-25 17:30:00 ]
2021-06-26 10:08:51,378 read SHY from av [ 2021-06-01 08:50:00 to 2021-06-25 16:30:00 ]
2021-06-26 10:08:53,282 read SHV from av [ 2021-06-01 09:35:00 to 2021-06-25 16:00:00 ]
2021-06-26 10:08:56,181 read IEF from av [ 2021-06-01 04:25:00 to 2021-06-25 16:15:00 ]
2021-06-26 10:14:57,392 Time out ^IRX
2021-06-26 10:20:58,261 Time out ^FVX
2021-06-26 10:26:59,174 Time out ^TYX
2021-06-26 10:26:59,923 read SQQQ from av [ 2021-06-01 04:05:00 to 2021-06-25 20:00:00 ]
2021-06-26 10:27:01,405 read TQQQ from av [ 2021-06-01 04:05:00 to 2021-06-25 20:00:00 ]
2021-06-26 10:33:03,106 Time out ^VXX
2021-06-26 10:39:04,021 Time out ^VXZ
2021-06-26 10:39:08,281 read IYE from av [ 2021-06-01 09:30:00 to 2021-06-25 18:20:00 ]
2021-06-26 10:39:10,743 read IYY from av [ 2021-06-01 09:35:00 to 2021-06-25 16:00:00 ]
2021-06-26 10:39:16,171 read IYF from av [ 2021-06-01 09:30:00 to 2021-06-25 16:00:00 ]
2021-06-26 10:39:20,607 read IYR from av [ 2021-06-01 09:20:00 to 2021-06-25 19:05:00 ]
2021-06-26 10:39:24,557 read IYW from av [ 2021-06-01 09:35:00 to 2021-06-25 16:00:00 ]
2021-06-26 10:39:25,908 read IYT from av [ 2021-06-01 09:30:00 to 2021-06-25 16:00:00 ]
2021-06-26 10:39:30,476 read PEJ from av [ 2021-06-01 04:30:00 to 2021-06-25 16:00:00 ]
2021-06-26 10:39:31,269 read USO from av [ 2021-06-01 04:05:00 to 2021-06-25 17:30:00 ]
2021-06-26 10:39:34,739 read DBC from av [ 2021-06-01 04:05:00 to 2021-06-25 18:15:00 ]
2021-06-26 10:39:38,517 read GSG from av [ 2021-06-01 04:05:00 to 2021-06-25 16:00:00 ]
2021-06-26 10:39:39,288 read VTI from av [ 2021-06-01 07:05:00 to 2021-06-25 19:30:00 ]
2021-06-26 10:45:40,440 Time out ^RUT
2021-06-26 10:45:41,258 read FDN from av [ 2021-06-01 09:00:00 to 2021-06-25 17:55:00 ]
2021-06-26 10:45:42,060 read XLV from av [ 2021-06-01 04:30:00 to 2021-06-25 19:35:00 ]
2021-06-26 10:45:42,841 read IBB from av [ 2021-06-01 04:15:00 to 2021-06-25 20:00:00 ]
2021-06-26 10:45:43,716 read KRE from av [ 2021-06-01 04:05:00 to 2021-06-25 18:15:00 ]
2021-06-26 10:45:47,983 read KBE from av [ 2021-06-01 06:15:00 to 2021-06-25 16:15:00 ]
2021-06-26 10:45:48,907 read XLF from av [ 2021-06-01 04:05:00 to 2021-06-25 20:00:00 ]
2021-06-26 10:45:53,081 read XLP from av [ 2021-06-01 04:20:00 to 2021-06-25 17:00:00 ]
2021-06-26 10:45:53,913 read XLY from av [ 2021-06-01 05:00:00 to 2021-06-25 17:00:00 ]
2021-06-26 10:45:54,680 read VNQ from av [ 2021-06-01 05:30:00 to 2021-06-25 16:35:00 ]
2021-06-26 10:45:55,454 read XLB from av [ 2021-06-01 04:10:00 to 2021-06-25 19:55:00 ]
2021-06-26 10:45:56,180 read XLI from av [ 2021-06-01 06:00:00 to 2021-06-25 17:25:00 ]
2021-06-26 10:46:00,063 read KBWB from av [ 2021-06-01 09:30:00 to 2021-06-25 18:15:00 ]
2021-06-26 10:52:01,300 Time out TVIX
2021-06-26 10:58:02,202 Time out ^VVIX
2021-06-26 10:58:04,012 read VIXM from av [ 2021-06-01 08:45:00 to 2021-06-25 16:00:00 ]
2021-06-26 10:58:06,644 read VIXY from av [ 2021-06-01 04:05:00 to 2021-06-25 20:00:00 ]
2021-06-26 10:58:07,688 read VXX from av [ 2021-06-01 04:05:00 to 2021-06-25 20:00:00 ]
2021-06-26 10:58:11,212 read SVXY from av [ 2021-06-01 04:05:00 to 2021-06-25 19:55:00 ]
2021-06-26 10:58:12,266 read UVXY from av [ 2021-06-01 04:05:00 to 2021-06-25 20:00:00 ]
2021-06-26 10:58:13,321 read VIXY from av [ 2021-06-01 04:05:00 to 2021-06-25 20:00:00 ]
