2021-04-03 09:01:58,005 read QQQ from av [ 2021-03-05 04:05:00 to 2021-04-01 20:00:00 ]
2021-04-03 09:07:59,207 Time out ^VIX
2021-04-03 09:07:59,765 read FAS from av [ 2021-03-08 04:10:00 to 2021-04-01 19:55:00 ]
2021-04-03 09:08:01,131 read MIDU from av [ 2021-03-08 08:05:00 to 2021-04-01 16:25:00 ]
2021-04-03 09:08:02,377 read AAPL from av [ 2021-03-05 04:05:00 to 2021-04-01 20:00:00 ]
2021-04-03 09:08:03,319 read GOOG from av [ 2021-03-05 04:15:00 to 2021-04-01 18:45:00 ]
2021-04-03 09:14:05,160 Time out ^GSPC
2021-04-03 09:20:05,828 Time out ^DJI
2021-04-03 09:26:06,504 Time out ^TNX
2021-04-03 09:26:07,071 read MSFT from av [ 2021-03-05 04:10:00 to 2021-04-01 20:00:00 ]
2021-04-03 09:32:07,986 Time out ^VXGOG
2021-04-03 09:38:08,570 Time out ^VXAPL
2021-04-03 09:44:09,370 Time out ^VXGS
2021-04-03 09:50:10,123 Time out ^VXAZN
2021-04-03 09:56:10,829 Time out ^VXIBM
2021-04-03 09:56:11,369 read GS from av [ 2021-03-05 06:45:00 to 2021-04-01 18:50:00 ]
2021-04-03 09:56:12,153 read IBM from av [ 2021-03-05 06:00:00 to 2021-04-01 18:05:00 ]
2021-04-03 09:56:12,996 read FB from av [ 2021-03-05 04:05:00 to 2021-04-01 20:00:00 ]
2021-04-03 10:02:13,917 Time out ^TYVIX
2021-04-03 10:02:14,604 read SPY from av [ 2021-03-05 04:05:00 to 2021-04-01 20:00:00 ]
2021-04-03 10:02:15,620 read GOOGL from av [ 2021-03-05 07:05:00 to 2021-04-01 18:50:00 ]
2021-04-03 10:02:16,534 read JPM from av [ 2021-03-08 04:05:00 to 2021-04-01 20:00:00 ]
2021-04-03 10:02:17,415 read JNJ from av [ 2021-03-08 04:10:00 to 2021-04-01 20:00:00 ]
2021-04-03 10:02:18,347 read BAC from av [ 2021-03-08 04:05:00 to 2021-04-01 20:00:00 ]
2021-04-03 10:04:19,386 read V from av [ 2021-03-08 04:05:00 to 2021-04-01 20:00:00 ]
2021-04-03 10:04:20,234 read WFC from av [ 2021-03-08 04:05:00 to 2021-04-01 20:00:00 ]
2021-04-03 10:04:20,971 read MA from av [ 2021-03-08 05:55:00 to 2021-04-01 19:55:00 ]
2021-04-03 10:04:21,706 read C from av [ 2021-03-08 04:05:00 to 2021-04-01 20:00:00 ]
2021-04-03 10:04:22,547 read PYPL from av [ 2021-03-05 04:05:00 to 2021-04-01 20:00:00 ]
2021-04-03 10:06:23,625 read OIL from av [ 2021-03-08 07:05:00 to 2021-04-01 16:00:00 ]
2021-04-03 10:12:24,759 Time out DX-Y.NYB
2021-04-03 10:12:25,580 read GLD from av [ 2021-03-08 04:05:00 to 2021-04-01 18:35:00 ]
2021-04-03 10:12:26,583 read UUP from av [ 2021-03-08 05:40:00 to 2021-04-01 16:15:00 ]
2021-04-03 10:12:28,909 read SHY from av [ 2021-03-08 09:00:00 to 2021-04-01 16:30:00 ]
2021-04-03 10:12:29,577 read SHV from av [ 2021-03-08 07:05:00 to 2021-04-01 17:15:00 ]
2021-04-03 10:14:32,161 read IEF from av [ 2021-03-08 05:40:00 to 2021-04-01 17:10:00 ]
2021-04-03 10:20:32,987 Time out ^IRX
2021-04-03 10:26:33,576 Time out ^FVX
2021-04-03 10:32:34,183 Time out ^TYX
2021-04-03 10:32:39,541 read SQQQ from av [ 2021-03-08 04:05:00 to 2021-04-01 20:00:00 ]
2021-04-03 10:32:40,587 read TQQQ from av [ 2021-03-08 04:05:00 to 2021-04-01 20:00:00 ]
2021-04-03 10:38:41,540 Time out ^VXX
2021-04-03 10:44:42,121 Time out ^VXZ
2021-04-03 10:44:45,989 read IYE from av [ 2021-03-08 05:30:00 to 2021-04-01 16:00:00 ]
2021-04-03 10:44:49,121 read IYY from av [ 2021-03-08 09:35:00 to 2021-04-01 16:00:00 ]
2021-04-03 10:44:54,704 read IYF from av [ 2021-03-08 09:35:00 to 2021-04-01 18:45:00 ]
2021-04-03 10:44:56,990 read IYR from av [ 2021-03-08 08:00:00 to 2021-04-01 18:10:00 ]
2021-04-03 10:45:02,599 read IYW from av [ 2021-03-08 08:20:00 to 2021-04-01 18:35:00 ]
2021-04-03 10:45:08,215 read IYT from av [ 2021-03-08 08:55:00 to 2021-04-01 16:00:00 ]
2021-04-03 10:45:13,588 read PEJ from av [ 2021-03-08 04:25:00 to 2021-04-01 19:30:00 ]
2021-04-03 10:45:14,384 read USO from av [ 2021-03-08 04:05:00 to 2021-04-01 19:50:00 ]
2021-04-03 10:45:18,623 read DBC from av [ 2021-03-08 04:10:00 to 2021-04-01 19:10:00 ]
2021-04-03 10:45:21,891 read GSG from av [ 2021-03-08 07:05:00 to 2021-04-01 19:40:00 ]
2021-04-03 10:47:22,701 read VTI from av [ 2021-03-05 07:10:00 to 2021-04-01 19:40:00 ]
2021-04-03 10:53:23,580 Time out ^RUT
2021-04-03 10:53:25,222 read FDN from av [ 2021-03-08 08:05:00 to 2021-04-01 16:40:00 ]
2021-04-03 10:53:25,914 read XLV from av [ 2021-03-08 04:50:00 to 2021-04-01 18:55:00 ]
2021-04-03 10:53:26,561 read IBB from av [ 2021-03-08 04:05:00 to 2021-04-01 16:55:00 ]
2021-04-03 10:53:27,357 read KRE from av [ 2021-03-08 04:40:00 to 2021-04-01 19:55:00 ]
2021-04-03 10:53:31,256 read KBE from av [ 2021-03-08 04:30:00 to 2021-04-01 16:00:00 ]
2021-04-03 10:55:32,271 read XLF from av [ 2021-03-08 04:05:00 to 2021-04-01 20:00:00 ]
2021-04-03 10:55:32,988 read XLP from av [ 2021-03-08 04:10:00 to 2021-04-01 17:05:00 ]
2021-04-03 10:55:33,663 read XLY from av [ 2021-03-08 08:30:00 to 2021-04-01 17:20:00 ]
2021-04-03 10:55:34,321 read VNQ from av [ 2021-03-05 08:05:00 to 2021-04-01 19:55:00 ]
2021-04-03 10:55:35,073 read XLB from av [ 2021-03-08 05:20:00 to 2021-04-01 16:25:00 ]
2021-04-03 10:57:36,026 read XLI from av [ 2021-03-08 04:05:00 to 2021-04-01 18:35:00 ]
2021-04-03 10:57:38,363 read KBWB from av [ 2021-03-08 08:05:00 to 2021-04-01 16:00:00 ]
2021-04-03 11:03:39,422 Time out TVIX
2021-04-03 11:09:40,092 Time out ^VVIX
2021-04-03 11:09:41,376 read VIXM from av [ 2021-03-08 09:35:00 to 2021-04-01 16:00:00 ]
2021-04-03 11:09:42,038 read VIXY from av [ 2021-03-05 04:10:00 to 2021-04-01 19:55:00 ]
2021-04-03 11:09:43,011 read VXX from av [ 2021-03-08 04:05:00 to 2021-04-01 20:00:00 ]
2021-04-03 11:09:46,114 read SVXY from av [ 2021-03-08 04:05:00 to 2021-04-01 19:10:00 ]
2021-04-03 11:09:53,175 read UVXY from av [ 2021-03-08 04:05:00 to 2021-04-01 20:00:00 ]
2021-04-03 11:11:54,371 read VIXY from av [ 2021-03-05 04:10:00 to 2021-04-01 19:55:00 ]
