2021-04-10 09:01:59,868 read QQQ from av [ 2021-03-12 04:05:00 to 2021-04-09 20:00:00 ]
2021-04-10 09:08:01,084 Time out ^VIX
2021-04-10 09:08:02,250 read FAS from av [ 2021-03-15 05:10:00 to 2021-04-09 20:00:00 ]
2021-04-10 09:08:03,702 read MIDU from av [ 2021-03-15 09:35:00 to 2021-04-09 16:25:00 ]
2021-04-10 09:08:04,899 read AAPL from av [ 2021-03-12 04:05:00 to 2021-04-09 20:00:00 ]
2021-04-10 09:08:05,883 read GOOG from av [ 2021-03-12 07:55:00 to 2021-04-09 16:15:00 ]
2021-04-10 09:14:06,772 Time out ^GSPC
2021-04-10 09:20:07,429 Time out ^DJI
2021-04-10 09:26:08,036 Time out ^TNX
2021-04-10 09:26:08,660 read MSFT from av [ 2021-03-12 04:05:00 to 2021-04-09 20:00:00 ]
2021-04-10 09:32:09,673 Time out ^VXGOG
2021-04-10 09:38:10,270 Time out ^VXAPL
2021-04-10 09:44:10,940 Time out ^VXGS
2021-04-10 09:50:11,561 Time out ^VXAZN
2021-04-10 09:56:12,241 Time out ^VXIBM
2021-04-10 09:56:12,659 read GS from av [ 2021-03-15 05:55:00 to 2021-04-09 20:00:00 ]
2021-04-10 09:56:13,616 read IBM from av [ 2021-03-12 04:20:00 to 2021-04-09 18:25:00 ]
2021-04-10 09:56:14,451 read FB from av [ 2021-03-12 04:05:00 to 2021-04-09 20:00:00 ]
2021-04-10 10:02:15,583 Time out ^TYVIX
2021-04-10 10:02:16,252 read SPY from av [ 2021-03-12 04:05:00 to 2021-04-09 20:00:00 ]
2021-04-10 10:02:17,201 read GOOGL from av [ 2021-03-12 07:05:00 to 2021-04-09 20:00:00 ]
2021-04-10 10:02:18,026 read JPM from av [ 2021-03-15 05:55:00 to 2021-04-09 20:00:00 ]
2021-04-10 10:02:18,767 read JNJ from av [ 2021-03-15 05:05:00 to 2021-04-09 19:40:00 ]
2021-04-10 10:02:19,640 read BAC from av [ 2021-03-15 04:05:00 to 2021-04-09 20:00:00 ]
2021-04-10 10:02:20,455 read V from av [ 2021-03-15 05:40:00 to 2021-04-09 18:50:00 ]
2021-04-10 10:02:21,373 read WFC from av [ 2021-03-15 04:05:00 to 2021-04-09 20:00:00 ]
2021-04-10 10:02:22,253 read MA from av [ 2021-03-15 05:50:00 to 2021-04-09 17:35:00 ]
2021-04-10 10:02:23,094 read C from av [ 2021-03-12 05:05:00 to 2021-04-09 20:00:00 ]
2021-04-10 10:02:23,960 read PYPL from av [ 2021-03-15 04:40:00 to 2021-04-09 20:00:00 ]
2021-04-10 10:02:24,665 read OIL from av [ 2021-03-15 09:30:00 to 2021-04-09 14:20:00 ]
2021-04-10 10:08:25,594 Time out DX-Y.NYB
2021-04-10 10:08:26,362 read GLD from av [ 2021-03-15 04:15:00 to 2021-04-09 19:15:00 ]
2021-04-10 10:08:27,318 read UUP from av [ 2021-03-15 08:05:00 to 2021-04-09 16:55:00 ]
2021-04-10 10:08:28,207 read SHY from av [ 2021-03-15 08:10:00 to 2021-04-09 16:30:00 ]
2021-04-10 10:08:28,895 read SHV from av [ 2021-03-15 09:35:00 to 2021-04-09 16:40:00 ]
2021-04-10 10:08:29,828 read IEF from av [ 2021-03-15 07:50:00 to 2021-04-09 16:30:00 ]
2021-04-10 10:14:30,792 Time out ^IRX
2021-04-10 10:20:31,529 Time out ^FVX
2021-04-10 10:26:32,167 Time out ^TYX
2021-04-10 10:26:36,358 read SQQQ from av [ 2021-03-15 04:05:00 to 2021-04-09 20:00:00 ]
2021-04-10 10:26:37,402 read TQQQ from av [ 2021-03-15 04:05:00 to 2021-04-09 20:00:00 ]
2021-04-10 10:32:38,649 Time out ^VXX
2021-04-10 10:38:39,262 Time out ^VXZ
2021-04-10 10:38:39,665 read IYE from av [ 2021-03-15 09:25:00 to 2021-04-09 16:15:00 ]
2021-04-10 10:38:40,248 read IYY from av [ 2021-03-15 09:35:00 to 2021-04-09 16:00:00 ]
2021-04-10 10:38:40,784 read IYF from av [ 2021-03-15 09:35:00 to 2021-04-09 16:00:00 ]
2021-04-10 10:38:41,376 read IYR from av [ 2021-03-15 07:05:00 to 2021-04-09 18:05:00 ]
2021-04-10 10:38:42,824 read IYW from av [ 2021-03-15 09:35:00 to 2021-04-09 16:10:00 ]
2021-04-10 10:38:43,808 read IYT from av [ 2021-03-15 09:35:00 to 2021-04-09 16:00:00 ]
2021-04-10 10:38:44,486 read PEJ from av [ 2021-03-15 05:45:00 to 2021-04-09 19:45:00 ]
2021-04-10 10:38:45,348 read USO from av [ 2021-03-15 05:05:00 to 2021-04-09 19:55:00 ]
2021-04-10 10:38:46,120 read DBC from av [ 2021-03-15 07:20:00 to 2021-04-09 17:25:00 ]
2021-04-10 10:38:47,167 read GSG from av [ 2021-03-15 06:30:00 to 2021-04-09 19:20:00 ]
2021-04-10 10:38:47,894 read VTI from av [ 2021-03-15 05:15:00 to 2021-04-09 19:45:00 ]
2021-04-10 10:44:48,934 Time out ^RUT
2021-04-10 10:44:49,333 read FDN from av [ 2021-03-15 09:35:00 to 2021-04-09 16:05:00 ]
2021-04-10 10:44:50,022 read XLV from av [ 2021-03-15 06:40:00 to 2021-04-09 16:45:00 ]
2021-04-10 10:44:50,631 read IBB from av [ 2021-03-15 08:10:00 to 2021-04-09 17:40:00 ]
2021-04-10 10:44:51,401 read KRE from av [ 2021-03-15 07:05:00 to 2021-04-09 19:10:00 ]
2021-04-10 10:44:52,151 read KBE from av [ 2021-03-15 06:25:00 to 2021-04-09 18:50:00 ]
2021-04-10 10:44:52,976 read XLF from av [ 2021-03-15 04:05:00 to 2021-04-09 20:00:00 ]
2021-04-10 10:44:53,799 read XLP from av [ 2021-03-15 05:20:00 to 2021-04-09 16:50:00 ]
2021-04-10 10:44:54,484 read XLY from av [ 2021-03-15 04:50:00 to 2021-04-09 19:05:00 ]
2021-04-10 10:44:55,206 read VNQ from av [ 2021-03-15 07:05:00 to 2021-04-09 18:10:00 ]
2021-04-10 10:44:55,850 read XLB from av [ 2021-03-15 05:30:00 to 2021-04-09 19:10:00 ]
2021-04-10 10:44:56,499 read XLI from av [ 2021-03-15 06:05:00 to 2021-04-09 16:05:00 ]
2021-04-10 10:44:57,211 read KBWB from av [ 2021-03-15 08:25:00 to 2021-04-09 16:00:00 ]
2021-04-10 10:50:58,015 Time out TVIX
2021-04-10 10:56:58,686 Time out ^VVIX
2021-04-10 10:56:59,958 read VIXM from av [ 2021-03-15 09:35:00 to 2021-04-09 16:00:00 ]
2021-04-10 10:57:05,484 read VIXY from av [ 2021-03-15 04:05:00 to 2021-04-09 20:00:00 ]
2021-04-10 10:57:06,502 read VXX from av [ 2021-03-15 04:05:00 to 2021-04-09 20:00:00 ]
2021-04-10 10:57:10,583 read SVXY from av [ 2021-03-15 04:20:00 to 2021-04-09 17:25:00 ]
2021-04-10 10:57:11,483 read UVXY from av [ 2021-03-15 04:05:00 to 2021-04-09 20:00:00 ]
2021-04-10 10:57:12,512 read VIXY from av [ 2021-03-15 04:05:00 to 2021-04-09 20:00:00 ]
