2021-02-06 10:02:00,670 read QQQ from av [ 2021-01-08 04:05:00 to 2021-02-05 20:00:00 ]
2021-02-06 10:08:01,947 Time out ^VIX
2021-02-06 10:08:02,525 read FAS from av [ 2021-01-11 04:20:00 to 2021-02-05 19:55:00 ]
2021-02-06 10:08:03,227 read MIDU from av [ 2021-01-11 07:05:00 to 2021-02-05 16:20:00 ]
2021-02-06 10:08:04,150 read AAPL from av [ 2021-01-08 04:05:00 to 2021-02-05 20:00:00 ]
2021-02-06 10:08:05,065 read GOOG from av [ 2021-01-08 08:25:00 to 2021-02-05 17:35:00 ]
2021-02-06 10:14:05,957 Time out ^GSPC
2021-02-06 10:20:06,602 Time out ^DJI
2021-02-06 10:26:07,101 Time out ^TNX
2021-02-06 10:26:07,679 read MSFT from av [ 2021-01-08 04:20:00 to 2021-02-05 20:00:00 ]
2021-02-06 10:32:08,670 Time out ^VXGOG
2021-02-06 10:38:09,313 Time out ^VXAPL
2021-02-06 10:44:10,056 Time out ^VXGS
2021-02-06 10:50:10,636 Time out ^VXAZN
2021-02-06 10:56:11,162 Time out ^VXIBM
2021-02-06 10:56:11,692 read GS from av [ 2021-01-08 07:20:00 to 2021-02-05 19:55:00 ]
2021-02-06 10:56:12,438 read IBM from av [ 2021-01-08 07:05:00 to 2021-02-05 18:55:00 ]
2021-02-06 10:56:13,301 read FB from av [ 2021-01-08 04:05:00 to 2021-02-05 20:00:00 ]
2021-02-06 11:02:14,272 Time out ^TYVIX
2021-02-06 11:02:14,957 read SPY from av [ 2021-01-08 04:05:00 to 2021-02-05 20:00:00 ]
2021-02-06 11:02:15,760 read GOOGL from av [ 2021-01-08 08:05:00 to 2021-02-05 18:55:00 ]
2021-02-06 11:02:16,502 read JPM from av [ 2021-01-11 04:05:00 to 2021-02-05 20:00:00 ]
2021-02-06 11:02:17,304 read JNJ from av [ 2021-01-08 05:15:00 to 2021-02-05 20:00:00 ]
2021-02-06 11:02:18,247 read BAC from av [ 2021-01-08 04:10:00 to 2021-02-05 20:00:00 ]
2021-02-06 11:04:19,230 read V from av [ 2021-01-11 08:00:00 to 2021-02-05 20:00:00 ]
2021-02-06 11:04:20,082 read WFC from av [ 2021-01-08 04:05:00 to 2021-02-05 20:00:00 ]
2021-02-06 11:04:20,824 read MA from av [ 2021-01-08 08:20:00 to 2021-02-05 20:00:00 ]
2021-02-06 11:04:21,638 read C from av [ 2021-01-11 04:05:00 to 2021-02-05 20:00:00 ]
2021-02-06 11:04:22,505 read PYPL from av [ 2021-01-08 04:35:00 to 2021-02-05 20:00:00 ]
2021-02-06 11:06:23,246 read OIL from av [ 2021-01-11 09:30:00 to 2021-02-05 16:00:00 ]
2021-02-06 11:12:24,368 Time out DX-Y.NYB
2021-02-06 11:12:25,123 read GLD from av [ 2021-01-08 04:05:00 to 2021-02-05 20:00:00 ]
2021-02-06 11:12:25,848 read UUP from av [ 2021-01-08 08:35:00 to 2021-02-05 19:50:00 ]
2021-02-06 11:12:26,455 read SHY from av [ 2021-01-08 08:35:00 to 2021-02-05 16:15:00 ]
2021-02-06 11:12:27,226 read SHV from av [ 2021-01-11 09:35:00 to 2021-02-05 16:35:00 ]
2021-02-06 11:14:28,109 read IEF from av [ 2021-01-08 07:55:00 to 2021-02-05 16:50:00 ]
2021-02-06 11:20:29,029 Time out ^IRX
2021-02-06 11:26:29,779 Time out ^FVX
2021-02-06 11:32:30,418 Time out ^TYX
2021-02-06 11:32:31,120 read SQQQ from av [ 2021-01-08 04:05:00 to 2021-02-05 20:00:00 ]
2021-02-06 11:32:32,069 read TQQQ from av [ 2021-01-11 04:05:00 to 2021-02-05 20:00:00 ]
2021-02-06 11:38:33,100 Time out ^VXX
2021-02-06 11:44:33,835 Time out ^VXZ
2021-02-06 11:44:35,555 read IYE from av [ 2021-01-08 09:35:00 to 2021-02-05 16:00:00 ]
2021-02-06 11:44:36,136 read IYY from av [ 2021-01-08 09:35:00 to 2021-02-05 16:00:00 ]
2021-02-06 11:44:36,689 read IYF from av [ 2021-01-08 09:30:00 to 2021-02-05 16:30:00 ]
2021-02-06 11:44:37,345 read IYR from av [ 2021-01-08 08:55:00 to 2021-02-05 16:05:00 ]
2021-02-06 11:44:38,017 read IYW from av [ 2021-01-08 08:30:00 to 2021-02-05 16:05:00 ]
2021-02-06 11:46:39,030 read IYT from av [ 2021-01-08 09:35:00 to 2021-02-05 16:00:00 ]
2021-02-06 11:46:39,627 read PEJ from av [ 2021-01-11 07:05:00 to 2021-02-05 16:00:00 ]
2021-02-06 11:46:40,365 read USO from av [ 2021-01-08 04:10:00 to 2021-02-05 18:45:00 ]
2021-02-06 11:46:41,009 read DBC from av [ 2021-01-11 08:05:00 to 2021-02-05 17:10:00 ]
2021-02-06 11:46:41,666 read GSG from av [ 2021-01-08 09:35:00 to 2021-02-05 16:00:00 ]
2021-02-06 11:48:42,513 read VTI from av [ 2021-01-08 04:30:00 to 2021-02-05 19:55:00 ]
2021-02-06 11:54:43,348 Time out ^RUT
2021-02-06 11:54:43,818 read FDN from av [ 2021-01-08 09:05:00 to 2021-02-05 17:40:00 ]
2021-02-06 11:54:44,639 read XLV from av [ 2021-01-08 07:25:00 to 2021-02-05 16:20:00 ]
2021-02-06 11:54:45,446 read IBB from av [ 2021-01-11 06:40:00 to 2021-02-05 19:00:00 ]
2021-02-06 11:54:46,053 read KRE from av [ 2021-01-08 08:35:00 to 2021-02-05 19:55:00 ]
2021-02-06 11:54:46,644 read KBE from av [ 2021-01-11 09:35:00 to 2021-02-05 16:45:00 ]
2021-02-06 11:56:47,732 read XLF from av [ 2021-01-08 04:05:00 to 2021-02-05 20:00:00 ]
2021-02-06 11:56:48,503 read XLP from av [ 2021-01-08 08:35:00 to 2021-02-05 20:00:00 ]
2021-02-06 11:56:49,124 read XLY from av [ 2021-01-08 06:30:00 to 2021-02-05 16:30:00 ]
2021-02-06 11:56:49,840 read VNQ from av [ 2021-01-08 09:00:00 to 2021-02-05 16:00:00 ]
2021-02-06 11:56:50,474 read XLB from av [ 2021-01-08 04:30:00 to 2021-02-05 20:00:00 ]
2021-02-06 11:58:51,329 read XLI from av [ 2021-01-08 07:35:00 to 2021-02-05 19:25:00 ]
2021-02-06 11:58:53,215 read KBWB from av [ 2021-01-11 07:05:00 to 2021-02-05 16:05:00 ]
2021-02-06 12:04:54,205 Time out TVIX
2021-02-06 12:10:54,923 Time out ^VVIX
2021-02-06 12:10:55,220 read VIXM from av [ 2021-01-11 08:40:00 to 2021-02-05 16:05:00 ]
2021-02-06 12:10:55,910 read VIXY from av [ 2021-01-11 04:05:00 to 2021-02-05 19:45:00 ]
2021-02-06 12:10:56,860 read VXX from av [ 2021-01-08 04:15:00 to 2021-02-05 20:00:00 ]
2021-02-06 12:10:57,724 read SVXY from av [ 2021-01-11 04:05:00 to 2021-02-05 20:00:00 ]
2021-02-06 12:10:58,696 read UVXY from av [ 2021-01-08 04:05:00 to 2021-02-05 20:00:00 ]
2021-02-06 12:12:59,728 read VIXY from av [ 2021-01-11 04:05:00 to 2021-02-05 19:45:00 ]
