2021-01-30 10:02:00,665 read QQQ from av [ 2021-01-04 04:05:00 to 2021-01-29 20:00:00 ]
2021-01-30 10:08:02,036 Time out ^VIX
2021-01-30 10:08:02,786 read FAS from av [ 2021-01-04 04:05:00 to 2021-01-29 20:00:00 ]
2021-01-30 10:08:03,967 read MIDU from av [ 2021-01-04 07:55:00 to 2021-01-29 16:25:00 ]
2021-01-30 10:08:04,773 read AAPL from av [ 2021-01-04 04:05:00 to 2021-01-29 20:00:00 ]
2021-01-30 10:08:05,728 read GOOG from av [ 2021-01-04 04:45:00 to 2021-01-29 17:55:00 ]
2021-01-30 10:14:06,628 Time out ^GSPC
2021-01-30 10:20:07,318 Time out ^DJI
2021-01-30 10:26:07,966 Time out ^TNX
2021-01-30 10:26:08,667 read MSFT from av [ 2021-01-04 04:05:00 to 2021-01-29 20:00:00 ]
2021-01-30 10:32:09,615 Time out ^VXGOG
2021-01-30 10:38:10,171 Time out ^VXAPL
2021-01-30 10:44:10,851 Time out ^VXGS
2021-01-30 10:50:11,493 Time out ^VXAZN
2021-01-30 10:56:12,164 Time out ^VXIBM
2021-01-30 10:56:12,640 read GS from av [ 2021-01-04 05:00:00 to 2021-01-29 19:20:00 ]
2021-01-30 10:56:13,388 read IBM from av [ 2021-01-04 05:45:00 to 2021-01-29 20:00:00 ]
2021-01-30 10:56:14,152 read FB from av [ 2021-01-04 04:05:00 to 2021-01-29 20:00:00 ]
2021-01-30 11:02:15,063 Time out ^TYVIX
2021-01-30 11:02:15,715 read SPY from av [ 2021-01-04 04:05:00 to 2021-01-29 20:00:00 ]
2021-01-30 11:02:16,553 read GOOGL from av [ 2021-01-04 04:45:00 to 2021-01-29 19:35:00 ]
2021-01-30 11:02:17,239 read JPM from av [ 2021-01-04 04:15:00 to 2021-01-29 19:45:00 ]
2021-01-30 11:02:18,070 read JNJ from av [ 2021-01-04 04:15:00 to 2021-01-29 20:00:00 ]
2021-01-30 11:02:18,969 read BAC from av [ 2021-01-04 04:45:00 to 2021-01-29 20:00:00 ]
2021-01-30 11:04:20,094 read V from av [ 2021-01-04 07:00:00 to 2021-01-29 20:00:00 ]
2021-01-30 11:04:20,963 read WFC from av [ 2021-01-04 04:10:00 to 2021-01-29 20:00:00 ]
2021-01-30 11:04:21,678 read MA from av [ 2021-01-04 04:10:00 to 2021-01-29 19:35:00 ]
2021-01-30 11:04:22,434 read C from av [ 2021-01-04 05:00:00 to 2021-01-29 20:00:00 ]
2021-01-30 11:04:23,206 read PYPL from av [ 2021-01-04 04:05:00 to 2021-01-29 19:45:00 ]
2021-01-30 11:06:23,863 read OIL from av [ 2021-01-04 09:35:00 to 2021-01-29 16:05:00 ]
2021-01-30 11:12:24,635 Time out DX-Y.NYB
2021-01-30 11:12:25,268 read GLD from av [ 2021-01-04 04:05:00 to 2021-01-29 19:55:00 ]
2021-01-30 11:12:27,132 read UUP from av [ 2021-01-04 04:15:00 to 2021-01-29 16:05:00 ]
2021-01-30 11:12:27,776 read SHY from av [ 2021-01-04 06:20:00 to 2021-01-29 17:25:00 ]
2021-01-30 11:12:28,383 read SHV from av [ 2021-01-04 08:05:00 to 2021-01-29 18:10:00 ]
2021-01-30 11:14:29,334 read IEF from av [ 2021-01-04 07:15:00 to 2021-01-29 16:55:00 ]
2021-01-30 11:20:30,180 Time out ^IRX
2021-01-30 11:26:30,904 Time out ^FVX
2021-01-30 11:32:31,533 Time out ^TYX
2021-01-30 11:32:32,172 read SQQQ from av [ 2021-01-04 04:05:00 to 2021-01-29 20:00:00 ]
2021-01-30 11:32:33,202 read TQQQ from av [ 2021-01-04 04:05:00 to 2021-01-29 20:00:00 ]
2021-01-30 11:38:34,162 Time out ^VXX
2021-01-30 11:44:35,502 Time out ^VXZ
2021-01-30 11:44:37,993 read IYE from av [ 2021-01-04 09:35:00 to 2021-01-29 19:55:00 ]
2021-01-30 11:44:40,245 read IYY from av [ 2021-01-04 09:35:00 to 2021-01-29 16:00:00 ]
2021-01-30 11:44:42,139 read IYF from av [ 2021-01-04 08:40:00 to 2021-01-29 16:00:00 ]
2021-01-30 11:44:44,228 read IYR from av [ 2021-01-04 09:35:00 to 2021-01-29 16:10:00 ]
2021-01-30 11:44:46,053 read IYW from av [ 2021-01-04 08:10:00 to 2021-01-29 16:25:00 ]
2021-01-30 11:46:47,904 read IYT from av [ 2021-01-04 04:05:00 to 2021-01-29 16:00:00 ]
2021-01-30 11:46:49,575 read PEJ from av [ 2021-01-04 08:50:00 to 2021-01-29 19:20:00 ]
2021-01-30 11:46:50,241 read USO from av [ 2021-01-04 04:05:00 to 2021-01-29 20:00:00 ]
2021-01-30 11:46:50,959 read DBC from av [ 2021-01-04 07:05:00 to 2021-01-29 18:05:00 ]
2021-01-30 11:46:52,745 read GSG from av [ 2021-01-04 04:40:00 to 2021-01-29 16:05:00 ]
2021-01-30 11:48:53,577 read VTI from av [ 2021-01-04 04:05:00 to 2021-01-29 19:00:00 ]
2021-01-30 11:54:54,499 Time out ^RUT
2021-01-30 11:54:56,074 read FDN from av [ 2021-01-04 08:20:00 to 2021-01-29 18:40:00 ]
2021-01-30 11:54:58,364 read XLV from av [ 2021-01-04 04:25:00 to 2021-01-29 20:00:00 ]
2021-01-30 11:55:00,678 read IBB from av [ 2021-01-04 07:05:00 to 2021-01-29 16:05:00 ]
2021-01-30 11:55:03,869 read KRE from av [ 2021-01-04 09:25:00 to 2021-01-29 19:35:00 ]
2021-01-30 11:55:06,185 read KBE from av [ 2021-01-04 08:50:00 to 2021-01-29 20:00:00 ]
2021-01-30 11:55:06,919 read XLF from av [ 2021-01-04 04:05:00 to 2021-01-29 20:00:00 ]
2021-01-30 11:55:09,375 read XLP from av [ 2021-01-04 04:05:00 to 2021-01-29 17:15:00 ]
2021-01-30 11:55:10,028 read XLY from av [ 2021-01-04 07:05:00 to 2021-01-29 17:00:00 ]
2021-01-30 11:55:10,699 read VNQ from av [ 2021-01-04 08:05:00 to 2021-01-29 18:40:00 ]
2021-01-30 11:57:13,293 read XLB from av [ 2021-01-04 07:50:00 to 2021-01-29 16:20:00 ]
2021-01-30 11:57:15,608 read XLI from av [ 2021-01-04 05:20:00 to 2021-01-29 16:15:00 ]
2021-01-30 11:57:17,638 read KBWB from av [ 2021-01-04 09:35:00 to 2021-01-29 16:00:00 ]
2021-01-30 12:03:18,538 Time out TVIX
2021-01-30 12:09:19,177 Time out ^VVIX
2021-01-30 12:09:19,871 read VIXM from av [ 2021-01-04 09:35:00 to 2021-01-29 16:05:00 ]
2021-01-30 12:09:22,691 read VIXY from av [ 2021-01-04 04:05:00 to 2021-01-29 20:00:00 ]
2021-01-30 12:09:23,750 read VXX from av [ 2021-01-04 04:05:00 to 2021-01-29 20:00:00 ]
2021-01-30 12:09:26,620 read SVXY from av [ 2021-01-04 04:05:00 to 2021-01-29 19:55:00 ]
2021-01-30 12:09:31,604 read UVXY from av [ 2021-01-04 04:05:00 to 2021-01-29 20:00:00 ]
2021-01-30 12:11:32,686 read VIXY from av [ 2021-01-04 04:05:00 to 2021-01-29 20:00:00 ]
