2021-01-02 10:02:01,119 read QQQ from av [ 2020-12-04 04:05:00 to 2020-12-31 20:00:00 ]
2021-01-02 10:08:02,546 Time out ^VIX
2021-01-02 10:08:03,022 read FAS from av [ 2020-12-07 04:15:00 to 2020-12-31 20:00:00 ]
2021-01-02 10:08:04,050 read MIDU from av [ 2020-12-07 08:50:00 to 2020-12-31 16:35:00 ]
2021-01-02 10:08:04,861 read AAPL from av [ 2020-12-04 04:05:00 to 2020-12-31 20:00:00 ]
2021-01-02 10:08:05,609 read GOOG from av [ 2020-12-04 05:35:00 to 2020-12-31 17:05:00 ]
2021-01-02 10:14:07,020 Time out ^GSPC
2021-01-02 10:20:07,776 Time out ^DJI
2021-01-02 10:26:08,362 Time out ^TNX
2021-01-02 10:26:08,988 read MSFT from av [ 2020-12-04 04:05:00 to 2020-12-31 20:00:00 ]
2021-01-02 10:32:09,986 Time out ^VXGOG
2021-01-02 10:38:10,662 Time out ^VXAPL
2021-01-02 10:44:11,328 Time out ^VXGS
2021-01-02 10:50:11,885 Time out ^VXAZN
2021-01-02 10:56:12,572 Time out ^VXIBM
2021-01-02 10:56:12,971 read GS from av [ 2020-12-07 07:05:00 to 2020-12-31 20:00:00 ]
2021-01-02 10:56:13,593 read IBM from av [ 2020-12-04 07:05:00 to 2020-12-31 18:15:00 ]
2021-01-02 10:56:14,334 read FB from av [ 2020-12-04 04:05:00 to 2020-12-31 20:00:00 ]
2021-01-02 11:02:15,188 Time out ^TYVIX
2021-01-02 11:02:15,816 read SPY from av [ 2020-12-04 04:05:00 to 2020-12-31 20:00:00 ]
2021-01-02 11:02:16,652 read GOOGL from av [ 2020-12-04 04:55:00 to 2020-12-31 20:00:00 ]
2021-01-02 11:02:17,307 read JPM from av [ 2020-12-07 05:50:00 to 2020-12-31 19:55:00 ]
2021-01-02 11:02:18,042 read JNJ from av [ 2020-12-07 04:05:00 to 2020-12-31 19:35:00 ]
2021-01-02 11:02:18,781 read BAC from av [ 2020-12-07 04:05:00 to 2020-12-31 20:00:00 ]
2021-01-02 11:04:19,674 read V from av [ 2020-12-07 04:05:00 to 2020-12-31 19:50:00 ]
2021-01-02 11:04:20,436 read WFC from av [ 2020-12-07 04:05:00 to 2020-12-31 20:00:00 ]
2021-01-02 11:04:21,131 read MA from av [ 2020-12-07 07:20:00 to 2020-12-31 17:00:00 ]
2021-01-02 11:04:21,860 read C from av [ 2020-12-07 05:25:00 to 2020-12-31 20:00:00 ]
2021-01-02 11:04:22,577 read PYPL from av [ 2020-12-07 05:45:00 to 2020-12-31 19:55:00 ]
2021-01-02 11:06:23,360 read OIL from av [ 2020-12-07 09:35:00 to 2020-12-31 15:45:00 ]
2021-01-02 11:12:24,142 Time out DX-Y.NYB
2021-01-02 11:12:24,617 read GLD from av [ 2020-12-07 04:05:00 to 2020-12-31 19:55:00 ]
2021-01-02 11:12:25,315 read UUP from av [ 2020-12-07 07:45:00 to 2020-12-31 16:15:00 ]
2021-01-02 11:12:27,366 read SHY from av [ 2020-12-07 07:05:00 to 2020-12-31 16:50:00 ]
2021-01-02 11:12:29,243 read SHV from av [ 2020-12-07 08:45:00 to 2020-12-31 16:55:00 ]
2021-01-02 11:14:30,205 read IEF from av [ 2020-12-07 08:40:00 to 2020-12-31 16:40:00 ]
2021-01-02 11:20:31,110 Time out ^IRX
2021-01-02 11:26:31,847 Time out ^FVX
2021-01-02 11:32:32,690 Time out ^TYX
2021-01-02 11:32:33,328 read SQQQ from av [ 2020-12-07 04:05:00 to 2020-12-31 20:00:00 ]
2021-01-02 11:32:34,334 read TQQQ from av [ 2020-12-07 04:05:00 to 2020-12-31 19:55:00 ]
2021-01-02 11:38:35,320 Time out ^VXX
2021-01-02 11:44:36,092 Time out ^VXZ
2021-01-02 11:44:39,306 read IYE from av [ 2020-12-07 07:05:00 to 2020-12-31 16:05:00 ]
2021-01-02 11:44:41,369 read IYY from av [ 2020-12-07 09:35:00 to 2020-12-31 16:00:00 ]
2021-01-02 11:44:42,613 read IYF from av [ 2020-12-07 09:35:00 to 2020-12-31 16:00:00 ]
2021-01-02 11:44:43,212 read IYR from av [ 2020-12-07 09:35:00 to 2020-12-31 16:30:00 ]
2021-01-02 11:44:43,807 read IYW from av [ 2020-12-07 07:05:00 to 2020-12-31 16:05:00 ]
2021-01-02 11:46:44,885 read IYT from av [ 2020-12-07 09:35:00 to 2020-12-31 16:00:00 ]
2021-01-02 11:46:47,364 read PEJ from av [ 2020-12-07 07:05:00 to 2020-12-31 16:00:00 ]
2021-01-02 11:46:49,546 read USO from av [ 2020-12-07 04:05:00 to 2020-12-31 19:40:00 ]
2021-01-02 11:46:50,255 read DBC from av [ 2020-12-07 08:05:00 to 2020-12-31 17:00:00 ]
2021-01-02 11:46:50,775 read GSG from av [ 2020-12-07 04:15:00 to 2020-12-31 17:00:00 ]
2021-01-02 11:48:51,612 read VTI from av [ 2020-12-07 04:05:00 to 2020-12-31 20:00:00 ]
2021-01-02 11:54:52,528 Time out ^RUT
2021-01-02 11:54:54,114 read FDN from av [ 2020-12-07 09:35:00 to 2020-12-31 16:15:00 ]
2021-01-02 11:54:54,689 read XLV from av [ 2020-12-07 07:25:00 to 2020-12-31 18:25:00 ]
2021-01-02 11:54:55,282 read IBB from av [ 2020-12-07 04:15:00 to 2020-12-31 19:55:00 ]
2021-01-02 11:54:55,867 read KRE from av [ 2020-12-07 08:35:00 to 2020-12-31 19:50:00 ]
2021-01-02 11:54:58,046 read KBE from av [ 2020-12-07 07:05:00 to 2020-12-31 16:00:00 ]
2021-01-02 11:56:58,993 read XLF from av [ 2020-12-07 04:05:00 to 2020-12-31 19:55:00 ]
2021-01-02 11:56:59,663 read XLP from av [ 2020-12-07 07:20:00 to 2020-12-31 18:10:00 ]
2021-01-02 11:57:00,255 read XLY from av [ 2020-12-07 08:20:00 to 2020-12-31 16:05:00 ]
2021-01-02 11:57:00,885 read VNQ from av [ 2020-12-07 07:35:00 to 2020-12-31 16:40:00 ]
2021-01-02 11:57:01,549 read XLB from av [ 2020-12-07 08:05:00 to 2020-12-31 16:55:00 ]
2021-01-02 11:57:02,262 read XLI from av [ 2020-12-07 04:05:00 to 2020-12-31 20:00:00 ]
2021-01-02 11:57:04,629 read KBWB from av [ 2020-12-07 09:35:00 to 2020-12-31 16:00:00 ]
2021-01-02 12:03:05,587 Time out TVIX
2021-01-02 12:09:06,465 Time out ^VVIX
2021-01-02 12:09:07,630 read VIXM from av [ 2020-12-07 09:35:00 to 2020-12-31 16:00:00 ]
2021-01-02 12:09:10,383 read VIXY from av [ 2020-12-07 04:05:00 to 2020-12-31 19:15:00 ]
2021-01-02 12:09:11,198 read VXX from av [ 2020-12-07 04:05:00 to 2020-12-31 20:00:00 ]
2021-01-02 12:09:11,922 read SVXY from av [ 2020-12-07 04:05:00 to 2020-12-31 20:00:00 ]
2021-01-02 12:09:12,761 read UVXY from av [ 2020-12-04 04:05:00 to 2020-12-31 20:00:00 ]
2021-01-02 12:11:13,663 read VIXY from av [ 2020-12-07 04:05:00 to 2020-12-31 19:15:00 ]
