2021-05-08 09:02:19,208 read QQQ from av [ 2021-04-09 04:05:00 to 2021-05-07 19:55:00 ]
2021-05-08 09:08:20,763 Time out ^VIX
2021-05-08 09:08:21,385 read FAS from av [ 2021-04-12 04:25:00 to 2021-05-07 20:00:00 ]
2021-05-08 09:08:22,502 read MIDU from av [ 2021-04-12 07:50:00 to 2021-05-07 16:10:00 ]
2021-05-08 09:08:23,482 read AAPL from av [ 2021-04-09 04:05:00 to 2021-05-07 20:00:00 ]
2021-05-08 09:08:24,536 read GOOG from av [ 2021-04-09 06:50:00 to 2021-05-07 18:05:00 ]
2021-05-08 09:14:25,722 Time out ^GSPC
2021-05-08 09:20:26,565 Time out ^DJI
2021-05-08 09:26:27,389 Time out ^TNX
2021-05-08 09:26:28,074 read MSFT from av [ 2021-04-09 04:10:00 to 2021-05-07 20:00:00 ]
2021-05-08 09:32:29,733 Time out ^VXGOG
2021-05-08 09:38:30,731 Time out ^VXAPL
2021-05-08 09:44:31,649 Time out ^VXGS
2021-05-08 09:50:32,624 Time out ^VXAZN
2021-05-08 09:56:33,495 Time out ^VXIBM
2021-05-08 09:56:34,539 read GS from av [ 2021-04-12 04:25:00 to 2021-05-07 19:55:00 ]
2021-05-08 09:56:35,808 read IBM from av [ 2021-04-09 06:40:00 to 2021-05-07 19:55:00 ]
2021-05-08 09:56:36,699 read FB from av [ 2021-04-09 04:05:00 to 2021-05-07 19:35:00 ]
2021-05-08 10:02:37,916 Time out ^TYVIX
2021-05-08 10:02:38,651 read SPY from av [ 2021-04-09 04:05:00 to 2021-05-07 20:00:00 ]
2021-05-08 10:02:39,729 read GOOGL from av [ 2021-04-09 07:05:00 to 2021-05-07 16:50:00 ]
2021-05-08 10:02:40,643 read JPM from av [ 2021-04-12 04:05:00 to 2021-05-07 19:55:00 ]
2021-05-08 10:02:41,481 read JNJ from av [ 2021-04-12 07:05:00 to 2021-05-07 19:55:00 ]
2021-05-08 10:02:42,606 read BAC from av [ 2021-04-12 04:05:00 to 2021-05-07 20:00:00 ]
2021-05-08 10:02:43,543 read V from av [ 2021-04-12 07:15:00 to 2021-05-07 19:20:00 ]
2021-05-08 10:02:44,403 read WFC from av [ 2021-04-12 04:05:00 to 2021-05-07 20:00:00 ]
2021-05-08 10:02:45,266 read MA from av [ 2021-04-09 09:10:00 to 2021-05-07 17:00:00 ]
2021-05-08 10:02:46,168 read C from av [ 2021-04-09 05:40:00 to 2021-05-07 19:35:00 ]
2021-05-08 10:02:47,145 read PYPL from av [ 2021-04-09 04:05:00 to 2021-05-07 19:55:00 ]
2021-05-08 10:02:47,773 read OIL from av [ 2021-04-12 09:05:00 to 2021-05-07 17:10:00 ]
2021-05-08 10:08:48,720 Time out DX-Y.NYB
2021-05-08 10:08:49,325 read GLD from av [ 2021-04-12 04:05:00 to 2021-05-07 19:55:00 ]
2021-05-08 10:08:50,194 read UUP from av [ 2021-04-12 05:10:00 to 2021-05-07 16:55:00 ]
2021-05-08 10:08:50,901 read SHY from av [ 2021-04-12 08:55:00 to 2021-05-07 16:30:00 ]
2021-05-08 10:08:51,706 read SHV from av [ 2021-04-12 09:10:00 to 2021-05-07 16:00:00 ]
2021-05-08 10:08:52,493 read IEF from av [ 2021-04-12 09:25:00 to 2021-05-07 18:05:00 ]
2021-05-08 10:14:53,968 Time out ^IRX
2021-05-08 10:20:54,658 Time out ^FVX
2021-05-08 10:26:55,484 Time out ^TYX
2021-05-08 10:26:56,308 read SQQQ from av [ 2021-04-12 04:05:00 to 2021-05-07 20:00:00 ]
2021-05-08 10:26:57,524 read TQQQ from av [ 2021-04-12 04:05:00 to 2021-05-07 20:00:00 ]
2021-05-08 10:32:59,226 Time out ^VXX
2021-05-08 10:39:00,208 Time out ^VXZ
2021-05-08 10:39:04,965 read IYE from av [ 2021-04-12 09:00:00 to 2021-05-07 16:00:00 ]
2021-05-08 10:39:06,145 read IYY from av [ 2021-04-12 09:35:00 to 2021-05-07 16:00:00 ]
2021-05-08 10:39:09,602 read IYF from av [ 2021-04-12 08:40:00 to 2021-05-07 16:00:00 ]
2021-05-08 10:39:16,186 read IYR from av [ 2021-04-12 09:35:00 to 2021-05-07 16:55:00 ]
2021-05-08 10:39:20,662 read IYW from av [ 2021-04-12 08:05:00 to 2021-05-07 16:00:00 ]
2021-05-08 10:39:21,455 read IYT from av [ 2021-04-12 09:35:00 to 2021-05-07 16:10:00 ]
2021-05-08 10:39:24,945 read PEJ from av [ 2021-04-12 09:30:00 to 2021-05-07 16:00:00 ]
2021-05-08 10:39:25,703 read USO from av [ 2021-04-12 04:10:00 to 2021-05-07 18:05:00 ]
2021-05-08 10:39:28,084 read DBC from av [ 2021-04-12 04:05:00 to 2021-05-07 19:30:00 ]
2021-05-08 10:39:32,102 read GSG from av [ 2021-04-12 04:25:00 to 2021-05-07 16:00:00 ]
2021-05-08 10:39:32,962 read VTI from av [ 2021-04-12 05:40:00 to 2021-05-07 19:15:00 ]
2021-05-08 10:45:34,150 Time out ^RUT
2021-05-08 10:45:34,592 read FDN from av [ 2021-04-12 09:35:00 to 2021-05-07 16:00:00 ]
2021-05-08 10:45:35,378 read XLV from av [ 2021-04-12 05:10:00 to 2021-05-07 17:50:00 ]
2021-05-08 10:45:36,223 read IBB from av [ 2021-04-12 04:20:00 to 2021-05-07 16:20:00 ]
2021-05-08 10:45:37,008 read KRE from av [ 2021-04-12 07:25:00 to 2021-05-07 20:00:00 ]
2021-05-08 10:45:40,188 read KBE from av [ 2021-04-12 07:05:00 to 2021-05-07 19:55:00 ]
2021-05-08 10:45:40,978 read XLF from av [ 2021-04-12 04:05:00 to 2021-05-07 20:00:00 ]
2021-05-08 10:45:41,820 read XLP from av [ 2021-04-12 05:20:00 to 2021-05-07 16:05:00 ]
2021-05-08 10:45:42,562 read XLY from av [ 2021-04-12 04:35:00 to 2021-05-07 16:05:00 ]
2021-05-08 10:45:43,461 read VNQ from av [ 2021-04-12 08:35:00 to 2021-05-07 16:25:00 ]
2021-05-08 10:45:44,269 read XLB from av [ 2021-04-12 04:05:00 to 2021-05-07 18:05:00 ]
2021-05-08 10:45:44,984 read XLI from av [ 2021-04-12 07:45:00 to 2021-05-07 18:55:00 ]
2021-05-08 10:45:45,874 read KBWB from av [ 2021-04-12 09:35:00 to 2021-05-07 16:00:00 ]
2021-05-08 10:51:47,017 Time out TVIX
2021-05-08 10:57:47,887 Time out ^VVIX
2021-05-08 10:57:49,375 read VIXM from av [ 2021-04-12 09:35:00 to 2021-05-07 16:00:00 ]
2021-05-08 10:57:52,575 read VIXY from av [ 2021-04-12 04:10:00 to 2021-05-07 20:00:00 ]
2021-05-08 10:57:53,619 read VXX from av [ 2021-04-12 04:05:00 to 2021-05-07 20:00:00 ]
2021-05-08 10:57:56,428 read SVXY from av [ 2021-04-12 04:25:00 to 2021-05-07 16:40:00 ]
2021-05-08 10:57:57,593 read UVXY from av [ 2021-04-12 04:05:00 to 2021-05-07 20:00:00 ]
2021-05-08 10:57:58,686 read VIXY from av [ 2021-04-12 04:10:00 to 2021-05-07 20:00:00 ]
