2021-09-18 05:01:07,025 read QQQ from av [ 2021-09-17 20:00:00 to 2021-08-20 04:05:00 ]
2021-09-18 05:07:08,455 Time out ^VIX
2021-09-18 05:07:08,762 read FAS from av [ 2021-09-17 20:00:00 to 2021-08-23 04:25:00 ]
2021-09-18 05:07:09,585 read MIDU from av [ 2021-09-17 16:40:00 to 2021-08-23 06:10:00 ]
2021-09-18 05:07:10,213 read AAPL from av [ 2021-09-17 20:00:00 to 2021-08-20 04:05:00 ]
2021-09-18 05:07:11,020 read GOOG from av [ 2021-09-17 17:50:00 to 2021-08-20 09:30:00 ]
2021-09-18 05:13:12,091 Time out ^GSPC
2021-09-18 05:19:12,786 Time out ^DJI
2021-09-18 05:25:13,387 Time out ^TNX
2021-09-18 05:25:14,116 read MSFT from av [ 2021-09-17 20:00:00 to 2021-08-20 04:05:00 ]
2021-09-18 05:31:15,298 Time out ^VXGOG
2021-09-18 05:37:15,956 Time out ^VXAPL
2021-09-18 05:43:16,801 Time out ^VXGS
2021-09-18 05:49:17,499 Time out ^VXAZN
2021-09-18 05:55:18,324 Time out ^VXIBM
2021-09-18 05:55:18,603 read GS from av [ 2021-09-17 20:00:00 to 2021-08-23 05:20:00 ]
2021-09-18 05:55:19,192 read IBM from av [ 2021-09-17 19:55:00 to 2021-08-20 07:05:00 ]
2021-09-18 05:55:20,130 read FB from av [ 2021-09-17 20:00:00 to 2021-08-20 04:20:00 ]
2021-09-18 06:01:21,412 Time out ^TYVIX
2021-09-18 06:01:22,079 read SPY from av [ 2021-09-17 20:00:00 to 2021-08-20 04:05:00 ]
2021-09-18 06:01:22,913 read GOOGL from av [ 2021-09-17 18:20:00 to 2021-08-20 07:35:00 ]
2021-09-18 06:01:23,538 read JPM from av [ 2021-09-17 20:00:00 to 2021-08-23 05:20:00 ]
2021-09-18 06:01:24,227 read JNJ from av [ 2021-09-17 19:30:00 to 2021-08-23 08:05:00 ]
2021-09-18 06:01:24,916 read BAC from av [ 2021-09-17 20:00:00 to 2021-08-20 04:10:00 ]
2021-09-18 06:01:25,873 read V from av [ 2021-09-17 19:15:00 to 2021-08-23 04:55:00 ]
2021-09-18 06:01:26,651 read WFC from av [ 2021-09-17 20:00:00 to 2021-08-23 04:05:00 ]
2021-09-18 06:01:27,615 read MA from av [ 2021-09-17 19:50:00 to 2021-08-23 07:35:00 ]
2021-09-18 06:01:28,317 read C from av [ 2021-09-17 19:50:00 to 2021-08-23 05:40:00 ]
2021-09-18 06:01:29,121 read PYPL from av [ 2021-09-17 20:00:00 to 2021-08-20 04:15:00 ]
2021-09-18 06:01:29,823 read OIL from av [ 2021-09-17 19:15:00 to 2021-08-23 08:05:00 ]
2021-09-18 06:07:30,713 Time out DX-Y.NYB
2021-09-18 06:07:31,341 read GLD from av [ 2021-09-17 19:40:00 to 2021-08-23 04:20:00 ]
2021-09-18 06:07:32,605 read UUP from av [ 2021-09-17 19:40:00 to 2021-08-23 04:10:00 ]
2021-09-18 06:07:34,070 read SHY from av [ 2021-09-17 16:15:00 to 2021-08-23 07:45:00 ]
2021-09-18 06:07:35,323 read SHV from av [ 2021-09-17 16:00:00 to 2021-08-23 09:35:00 ]
2021-09-18 06:07:37,214 read IEF from av [ 2021-09-17 16:25:00 to 2021-08-23 08:05:00 ]
2021-09-18 06:13:38,213 Time out ^IRX
2021-09-18 06:19:41,917 Time out ^FVX
2021-09-18 06:25:42,678 Time out ^TYX
2021-09-18 06:25:44,790 read SQQQ from av [ 2021-09-17 20:00:00 to 2021-08-23 04:05:00 ]
2021-09-18 06:25:45,705 read TQQQ from av [ 2021-09-17 20:00:00 to 2021-08-23 04:05:00 ]
2021-09-18 06:31:47,061 Time out ^VXX
2021-09-18 06:37:47,780 Time out ^VXZ
2021-09-18 06:37:48,214 read IYE from av [ 2021-09-17 16:00:00 to 2021-08-23 07:05:00 ]
2021-09-18 06:37:48,779 read IYY from av [ 2021-09-17 15:50:00 to 2021-08-23 09:35:00 ]
2021-09-18 06:37:49,997 read IYF from av [ 2021-09-17 16:25:00 to 2021-08-23 09:35:00 ]
2021-09-18 06:37:51,586 read IYR from av [ 2021-09-17 19:15:00 to 2021-08-23 08:15:00 ]
2021-09-18 06:37:52,885 read IYW from av [ 2021-09-17 16:20:00 to 2021-08-23 08:30:00 ]
2021-09-18 06:37:53,582 read IYT from av [ 2021-09-17 16:00:00 to 2021-08-23 09:35:00 ]
2021-09-18 06:37:54,601 read PEJ from av [ 2021-09-17 16:00:00 to 2021-08-23 09:30:00 ]
2021-09-18 06:37:55,370 read USO from av [ 2021-09-17 17:40:00 to 2021-08-23 04:05:00 ]
2021-09-18 06:37:57,022 read DBC from av [ 2021-09-17 16:00:00 to 2021-08-23 04:05:00 ]
2021-09-18 06:37:58,147 read GSG from av [ 2021-09-17 17:45:00 to 2021-08-23 07:05:00 ]
2021-09-18 06:37:58,869 read VTI from av [ 2021-09-17 20:00:00 to 2021-08-23 04:20:00 ]
2021-09-18 06:43:59,975 Time out ^RUT
2021-09-18 06:44:00,307 read FDN from av [ 2021-09-17 16:00:00 to 2021-08-23 05:05:00 ]
2021-09-18 06:44:01,062 read XLV from av [ 2021-09-17 16:55:00 to 2021-08-23 06:05:00 ]
2021-09-18 06:44:01,801 read IBB from av [ 2021-09-17 20:00:00 to 2021-08-23 07:10:00 ]
2021-09-18 06:44:02,467 read KRE from av [ 2021-09-17 20:00:00 to 2021-08-23 08:05:00 ]
2021-09-18 06:44:04,206 read KBE from av [ 2021-09-17 20:00:00 to 2021-08-23 04:40:00 ]
2021-09-18 06:44:04,839 read XLF from av [ 2021-09-17 20:00:00 to 2021-08-23 04:05:00 ]
2021-09-18 06:44:05,569 read XLP from av [ 2021-09-17 16:45:00 to 2021-08-23 04:30:00 ]
2021-09-18 06:44:06,115 read XLY from av [ 2021-09-17 17:15:00 to 2021-08-23 08:15:00 ]
2021-09-18 06:44:06,921 read VNQ from av [ 2021-09-17 16:40:00 to 2021-08-23 07:40:00 ]
2021-09-18 06:44:07,475 read XLB from av [ 2021-09-17 19:45:00 to 2021-08-23 07:50:00 ]
2021-09-18 06:44:08,221 read XLI from av [ 2021-09-17 19:45:00 to 2021-08-23 06:20:00 ]
2021-09-18 06:44:09,801 read KBWB from av [ 2021-09-17 16:05:00 to 2021-08-23 09:35:00 ]
2021-09-18 06:50:11,035 Time out TVIX
2021-09-18 06:56:11,868 Time out ^VVIX
2021-09-18 06:56:12,293 read VIXM from av [ 2021-09-17 17:25:00 to 2021-08-23 09:35:00 ]
2021-09-18 06:56:13,917 read VIXY from av [ 2021-09-17 19:55:00 to 2021-08-23 04:05:00 ]
2021-09-18 06:56:14,630 read VXX from av [ 2021-09-17 20:00:00 to 2021-08-23 04:05:00 ]
2021-09-18 06:56:16,718 read SVXY from av [ 2021-09-17 19:50:00 to 2021-08-23 04:05:00 ]
2021-09-18 06:56:17,465 read UVXY from av [ 2021-09-17 20:00:00 to 2021-08-23 04:05:00 ]
2021-09-18 06:56:18,296 read VIXY from av [ 2021-09-17 19:55:00 to 2021-08-23 04:05:00 ]
