2021-07-24 09:02:00,145 read QQQ from av [ 2021-06-25 04:05:00 to 2021-07-23 20:00:00 ]
2021-07-24 09:08:01,817 Time out ^VIX
2021-07-24 09:08:02,450 read FAS from av [ 2021-06-28 04:25:00 to 2021-07-23 19:55:00 ]
2021-07-24 09:08:03,743 read MIDU from av [ 2021-06-28 08:40:00 to 2021-07-23 16:00:00 ]
2021-07-24 09:08:04,770 read AAPL from av [ 2021-06-25 04:05:00 to 2021-07-23 20:00:00 ]
2021-07-24 09:08:05,835 read GOOG from av [ 2021-06-25 08:35:00 to 2021-07-23 19:50:00 ]
2021-07-24 09:14:07,054 Time out ^GSPC
2021-07-24 09:20:07,990 Time out ^DJI
2021-07-24 09:26:08,918 Time out ^TNX
2021-07-24 09:26:09,692 read MSFT from av [ 2021-06-25 04:05:00 to 2021-07-23 20:00:00 ]
2021-07-24 09:32:11,005 Time out ^VXGOG
2021-07-24 09:38:11,910 Time out ^VXAPL
2021-07-24 09:44:12,762 Time out ^VXGS
2021-07-24 09:50:13,718 Time out ^VXAZN
2021-07-24 09:56:14,538 Time out ^VXIBM
2021-07-24 09:56:15,136 read GS from av [ 2021-06-28 06:00:00 to 2021-07-23 18:25:00 ]
2021-07-24 09:56:15,982 read IBM from av [ 2021-06-25 07:00:00 to 2021-07-23 19:55:00 ]
2021-07-24 09:56:16,836 read FB from av [ 2021-06-25 04:55:00 to 2021-07-23 20:00:00 ]
2021-07-24 10:02:18,251 Time out ^TYVIX
2021-07-24 10:02:18,871 read SPY from av [ 2021-06-25 04:05:00 to 2021-07-23 20:00:00 ]
2021-07-24 10:02:19,861 read GOOGL from av [ 2021-06-25 08:05:00 to 2021-07-23 19:55:00 ]
2021-07-24 10:02:20,818 read JPM from av [ 2021-06-28 04:25:00 to 2021-07-23 19:55:00 ]
2021-07-24 10:02:21,678 read JNJ from av [ 2021-06-28 07:10:00 to 2021-07-23 17:15:00 ]
2021-07-24 10:02:22,633 read BAC from av [ 2021-06-28 04:05:00 to 2021-07-23 20:00:00 ]
2021-07-24 10:02:23,573 read V from av [ 2021-06-28 07:05:00 to 2021-07-23 20:00:00 ]
2021-07-24 10:02:24,555 read WFC from av [ 2021-06-28 04:05:00 to 2021-07-23 20:00:00 ]
2021-07-24 10:02:25,444 read MA from av [ 2021-06-28 06:50:00 to 2021-07-23 20:00:00 ]
2021-07-24 10:02:26,356 read C from av [ 2021-06-28 04:10:00 to 2021-07-23 20:00:00 ]
2021-07-24 10:02:27,316 read PYPL from av [ 2021-06-28 04:05:00 to 2021-07-23 20:00:00 ]
2021-07-24 10:02:28,205 read OIL from av [ 2021-06-28 09:20:00 to 2021-07-23 20:00:00 ]
2021-07-24 10:08:29,293 Time out DX-Y.NYB
2021-07-24 10:08:29,952 read GLD from av [ 2021-06-28 04:05:00 to 2021-07-23 19:40:00 ]
2021-07-24 10:08:30,854 read UUP from av [ 2021-06-28 04:05:00 to 2021-07-23 16:05:00 ]
2021-07-24 10:08:31,511 read SHY from av [ 2021-06-28 09:00:00 to 2021-07-23 17:15:00 ]
2021-07-24 10:08:32,274 read SHV from av [ 2021-06-28 08:05:00 to 2021-07-23 16:05:00 ]
2021-07-24 10:08:33,049 read IEF from av [ 2021-06-28 08:25:00 to 2021-07-23 17:15:00 ]
2021-07-24 10:14:34,197 Time out ^IRX
2021-07-24 10:20:35,186 Time out ^FVX
2021-07-24 10:26:36,184 Time out ^TYX
2021-07-24 10:26:36,896 read SQQQ from av [ 2021-06-28 04:05:00 to 2021-07-23 20:00:00 ]
2021-07-24 10:26:38,025 read TQQQ from av [ 2021-06-28 04:05:00 to 2021-07-23 20:00:00 ]
2021-07-24 10:32:39,408 Time out ^VXX
2021-07-24 10:38:40,228 Time out ^VXZ
2021-07-24 10:38:43,703 read IYE from av [ 2021-06-28 09:35:00 to 2021-07-23 16:15:00 ]
2021-07-24 10:38:46,000 read IYY from av [ 2021-06-28 09:35:00 to 2021-07-23 16:00:00 ]
2021-07-24 10:38:49,595 read IYF from av [ 2021-06-28 09:35:00 to 2021-07-23 16:05:00 ]
2021-07-24 10:38:50,292 read IYR from av [ 2021-06-28 09:35:00 to 2021-07-23 16:05:00 ]
2021-07-24 10:38:54,417 read IYW from av [ 2021-06-28 04:10:00 to 2021-07-23 18:15:00 ]
2021-07-24 10:38:55,096 read IYT from av [ 2021-06-28 09:35:00 to 2021-07-23 16:00:00 ]
2021-07-24 10:38:58,378 read PEJ from av [ 2021-06-28 09:20:00 to 2021-07-23 16:00:00 ]
2021-07-24 10:38:59,099 read USO from av [ 2021-06-28 04:05:00 to 2021-07-23 20:00:00 ]
2021-07-24 10:39:03,718 read DBC from av [ 2021-06-28 05:00:00 to 2021-07-23 17:35:00 ]
2021-07-24 10:39:08,187 read GSG from av [ 2021-06-28 07:05:00 to 2021-07-23 16:05:00 ]
2021-07-24 10:39:08,974 read VTI from av [ 2021-06-28 06:25:00 to 2021-07-23 20:00:00 ]
2021-07-24 10:45:10,241 Time out ^RUT
2021-07-24 10:45:10,767 read FDN from av [ 2021-06-28 09:35:00 to 2021-07-23 16:00:00 ]
2021-07-24 10:45:11,453 read XLV from av [ 2021-06-28 05:50:00 to 2021-07-23 19:25:00 ]
2021-07-24 10:45:12,174 read IBB from av [ 2021-06-28 05:10:00 to 2021-07-23 16:20:00 ]
2021-07-24 10:45:13,117 read KRE from av [ 2021-06-28 04:25:00 to 2021-07-23 16:05:00 ]
2021-07-24 10:45:18,705 read KBE from av [ 2021-06-28 04:45:00 to 2021-07-23 16:05:00 ]
2021-07-24 10:45:19,714 read XLF from av [ 2021-06-28 04:05:00 to 2021-07-23 20:00:00 ]
2021-07-24 10:45:24,302 read XLP from av [ 2021-06-28 04:05:00 to 2021-07-23 18:55:00 ]
2021-07-24 10:45:25,062 read XLY from av [ 2021-06-28 07:45:00 to 2021-07-23 17:50:00 ]
2021-07-24 10:45:25,745 read VNQ from av [ 2021-06-28 08:00:00 to 2021-07-23 19:15:00 ]
2021-07-24 10:45:26,514 read XLB from av [ 2021-06-28 08:05:00 to 2021-07-23 18:00:00 ]
2021-07-24 10:45:27,295 read XLI from av [ 2021-06-28 04:05:00 to 2021-07-23 19:30:00 ]
2021-07-24 10:45:28,003 read KBWB from av [ 2021-06-28 09:35:00 to 2021-07-23 16:00:00 ]
2021-07-24 10:51:29,102 Time out TVIX
2021-07-24 10:57:30,188 Time out ^VVIX
2021-07-24 10:57:31,926 read VIXM from av [ 2021-06-28 09:35:00 to 2021-07-23 16:00:00 ]
2021-07-24 10:57:36,323 read VIXY from av [ 2021-06-28 04:25:00 to 2021-07-23 18:35:00 ]
2021-07-24 10:57:37,658 read VXX from av [ 2021-06-28 04:05:00 to 2021-07-23 20:00:00 ]
2021-07-24 10:57:46,093 read SVXY from av [ 2021-06-28 04:50:00 to 2021-07-23 19:55:00 ]
2021-07-24 10:57:47,224 read UVXY from av [ 2021-06-28 04:05:00 to 2021-07-23 20:00:00 ]
2021-07-24 10:57:48,293 read VIXY from av [ 2021-06-28 04:25:00 to 2021-07-23 18:35:00 ]
