2021-04-17 09:01:59,969 read QQQ from av [ 2021-03-19 04:05:00 to 2021-04-16 20:00:00 ]
2021-04-17 09:08:01,143 Time out ^VIX
2021-04-17 09:08:01,755 read FAS from av [ 2021-03-22 07:05:00 to 2021-04-16 19:05:00 ]
2021-04-17 09:08:02,850 read MIDU from av [ 2021-03-22 08:05:00 to 2021-04-16 16:00:00 ]
2021-04-17 09:08:03,722 read AAPL from av [ 2021-03-19 04:05:00 to 2021-04-16 20:00:00 ]
2021-04-17 09:08:04,663 read GOOG from av [ 2021-03-19 07:40:00 to 2021-04-16 17:30:00 ]
2021-04-17 09:14:05,689 Time out ^GSPC
2021-04-17 09:20:06,306 Time out ^DJI
2021-04-17 09:26:07,019 Time out ^TNX
2021-04-17 09:26:07,702 read MSFT from av [ 2021-03-19 04:25:00 to 2021-04-16 20:00:00 ]
2021-04-17 09:32:08,770 Time out ^VXGOG
2021-04-17 09:38:09,546 Time out ^VXAPL
2021-04-17 09:44:10,183 Time out ^VXGS
2021-04-17 09:50:11,179 Time out ^VXAZN
2021-04-17 09:56:11,908 Time out ^VXIBM
2021-04-17 09:56:12,475 read GS from av [ 2021-03-22 05:35:00 to 2021-04-16 20:00:00 ]
2021-04-17 09:56:13,211 read IBM from av [ 2021-03-19 04:05:00 to 2021-04-16 20:00:00 ]
2021-04-17 09:56:14,163 read FB from av [ 2021-03-19 04:10:00 to 2021-04-16 20:00:00 ]
2021-04-17 10:02:15,176 Time out ^TYVIX
2021-04-17 10:02:15,888 read SPY from av [ 2021-03-19 04:05:00 to 2021-04-16 20:00:00 ]
2021-04-17 10:02:16,782 read GOOGL from av [ 2021-03-19 06:25:00 to 2021-04-16 17:30:00 ]
2021-04-17 10:02:17,688 read JPM from av [ 2021-03-22 04:15:00 to 2021-04-16 19:55:00 ]
2021-04-17 10:02:18,495 read JNJ from av [ 2021-03-22 05:05:00 to 2021-04-16 19:55:00 ]
2021-04-17 10:02:19,393 read BAC from av [ 2021-03-22 04:10:00 to 2021-04-16 20:00:00 ]
2021-04-17 10:02:20,202 read V from av [ 2021-03-22 04:45:00 to 2021-04-16 19:05:00 ]
2021-04-17 10:02:21,072 read WFC from av [ 2021-03-22 04:05:00 to 2021-04-16 20:00:00 ]
2021-04-17 10:02:21,887 read MA from av [ 2021-03-19 08:05:00 to 2021-04-16 17:20:00 ]
2021-04-17 10:02:22,774 read C from av [ 2021-03-22 04:20:00 to 2021-04-16 20:00:00 ]
2021-04-17 10:02:23,613 read PYPL from av [ 2021-03-22 04:40:00 to 2021-04-16 19:30:00 ]
2021-04-17 10:02:24,195 read OIL from av [ 2021-03-22 09:30:00 to 2021-04-16 16:00:00 ]
2021-04-17 10:08:24,924 Time out DX-Y.NYB
2021-04-17 10:08:25,488 read GLD from av [ 2021-03-22 04:10:00 to 2021-04-16 19:55:00 ]
2021-04-17 10:08:26,300 read UUP from av [ 2021-03-22 04:35:00 to 2021-04-16 16:30:00 ]
2021-04-17 10:08:27,238 read SHY from av [ 2021-03-22 09:00:00 to 2021-04-16 18:00:00 ]
2021-04-17 10:08:27,910 read SHV from av [ 2021-03-22 08:10:00 to 2021-04-16 16:20:00 ]
2021-04-17 10:08:28,769 read IEF from av [ 2021-03-22 08:10:00 to 2021-04-16 16:30:00 ]
2021-04-17 10:14:29,698 Time out ^IRX
2021-04-17 10:20:30,317 Time out ^FVX
2021-04-17 10:26:31,059 Time out ^TYX
2021-04-17 10:26:31,748 read SQQQ from av [ 2021-03-22 04:05:00 to 2021-04-16 20:00:00 ]
2021-04-17 10:26:32,786 read TQQQ from av [ 2021-03-22 04:05:00 to 2021-04-16 20:00:00 ]
2021-04-17 10:32:33,887 Time out ^VXX
2021-04-17 10:38:34,561 Time out ^VXZ
2021-04-17 10:38:34,960 read IYE from av [ 2021-03-22 06:50:00 to 2021-04-16 16:00:00 ]
2021-04-17 10:38:35,557 read IYY from av [ 2021-03-22 09:35:00 to 2021-04-16 16:00:00 ]
2021-04-17 10:38:36,109 read IYF from av [ 2021-03-22 09:35:00 to 2021-04-16 16:00:00 ]
2021-04-17 10:38:36,706 read IYR from av [ 2021-03-22 09:15:00 to 2021-04-16 16:00:00 ]
2021-04-17 10:38:37,797 read IYW from av [ 2021-03-22 09:35:00 to 2021-04-16 18:25:00 ]
2021-04-17 10:38:38,386 read IYT from av [ 2021-03-22 09:35:00 to 2021-04-16 16:00:00 ]
2021-04-17 10:38:41,763 read PEJ from av [ 2021-03-22 05:30:00 to 2021-04-16 19:30:00 ]
2021-04-17 10:38:42,524 read USO from av [ 2021-03-22 04:05:00 to 2021-04-16 19:55:00 ]
2021-04-17 10:38:43,295 read DBC from av [ 2021-03-22 07:45:00 to 2021-04-16 16:00:00 ]
2021-04-17 10:38:44,199 read GSG from av [ 2021-03-22 04:50:00 to 2021-04-16 16:00:00 ]
2021-04-17 10:38:44,901 read VTI from av [ 2021-03-19 07:20:00 to 2021-04-16 19:35:00 ]
2021-04-17 10:44:45,801 Time out ^RUT
2021-04-17 10:44:46,317 read FDN from av [ 2021-03-22 09:35:00 to 2021-04-16 17:10:00 ]
2021-04-17 10:44:47,022 read XLV from av [ 2021-03-22 06:20:00 to 2021-04-16 20:00:00 ]
2021-04-17 10:44:47,687 read IBB from av [ 2021-03-22 09:30:00 to 2021-04-16 16:05:00 ]
2021-04-17 10:44:48,426 read KRE from av [ 2021-03-22 07:05:00 to 2021-04-16 19:00:00 ]
2021-04-17 10:44:49,124 read KBE from av [ 2021-03-22 07:05:00 to 2021-04-16 18:10:00 ]
2021-04-17 10:44:49,874 read XLF from av [ 2021-03-22 04:05:00 to 2021-04-16 20:00:00 ]
2021-04-17 10:44:50,706 read XLP from av [ 2021-03-22 07:25:00 to 2021-04-16 17:25:00 ]
2021-04-17 10:44:51,368 read XLY from av [ 2021-03-22 08:10:00 to 2021-04-16 17:40:00 ]
2021-04-17 10:44:52,019 read VNQ from av [ 2021-03-22 07:40:00 to 2021-04-16 16:55:00 ]
2021-04-17 10:44:52,633 read XLB from av [ 2021-03-22 04:10:00 to 2021-04-16 16:05:00 ]
2021-04-17 10:44:53,600 read XLI from av [ 2021-03-22 06:15:00 to 2021-04-16 17:45:00 ]
2021-04-17 10:44:54,250 read KBWB from av [ 2021-03-22 07:45:00 to 2021-04-16 16:00:00 ]
2021-04-17 10:50:55,202 Time out TVIX
2021-04-17 10:56:55,879 Time out ^VVIX
2021-04-17 10:56:57,041 read VIXM from av [ 2021-03-22 09:35:00 to 2021-04-16 16:00:00 ]
2021-04-17 10:57:00,223 read VIXY from av [ 2021-03-22 04:10:00 to 2021-04-16 20:00:00 ]
2021-04-17 10:57:01,811 read VXX from av [ 2021-03-22 04:05:00 to 2021-04-16 20:00:00 ]
2021-04-17 10:57:06,462 read SVXY from av [ 2021-03-22 04:05:00 to 2021-04-16 18:40:00 ]
2021-04-17 10:57:07,718 read UVXY from av [ 2021-03-22 04:05:00 to 2021-04-16 20:00:00 ]
2021-04-17 10:57:08,746 read VIXY from av [ 2021-03-22 04:10:00 to 2021-04-16 20:00:00 ]
