2021-02-27 10:01:56,429 read QQQ from av [ 2021-01-29 04:05:00 to 2021-02-26 20:00:00 ]
2021-02-27 10:07:57,583 Time out ^VIX
2021-02-27 10:07:58,128 read FAS from av [ 2021-02-01 07:10:00 to 2021-02-26 20:00:00 ]
2021-02-27 10:07:58,857 read MIDU from av [ 2021-02-01 08:05:00 to 2021-02-26 16:45:00 ]
2021-02-27 10:07:59,811 read AAPL from av [ 2021-01-29 04:05:00 to 2021-02-26 20:00:00 ]
2021-02-27 10:08:01,434 read GOOG from av [ 2021-01-29 04:50:00 to 2021-02-26 17:00:00 ]
2021-02-27 10:14:02,428 Time out ^GSPC
2021-02-27 10:20:03,057 Time out ^DJI
2021-02-27 10:26:03,796 Time out ^TNX
2021-02-27 10:26:04,566 read MSFT from av [ 2021-01-29 04:05:00 to 2021-02-26 20:00:00 ]
2021-02-27 10:32:05,711 Time out ^VXGOG
2021-02-27 10:38:06,273 Time out ^VXAPL
2021-02-27 10:44:07,014 Time out ^VXGS
2021-02-27 10:50:09,415 Time out ^VXAZN
2021-02-27 10:56:10,070 Time out ^VXIBM
2021-02-27 10:56:10,680 read GS from av [ 2021-01-29 07:05:00 to 2021-02-26 19:55:00 ]
2021-02-27 10:56:11,504 read IBM from av [ 2021-01-29 04:05:00 to 2021-02-26 20:00:00 ]
2021-02-27 10:56:12,375 read FB from av [ 2021-01-29 04:05:00 to 2021-02-26 20:00:00 ]
2021-02-27 11:02:13,385 Time out ^TYVIX
2021-02-27 11:02:14,067 read SPY from av [ 2021-01-29 04:05:00 to 2021-02-26 20:00:00 ]
2021-02-27 11:02:14,886 read GOOGL from av [ 2021-01-29 07:00:00 to 2021-02-26 18:20:00 ]
2021-02-27 11:02:15,718 read JPM from av [ 2021-02-01 04:05:00 to 2021-02-26 20:00:00 ]
2021-02-27 11:02:16,479 read JNJ from av [ 2021-02-01 04:50:00 to 2021-02-26 20:00:00 ]
2021-02-27 11:02:17,306 read BAC from av [ 2021-02-01 04:05:00 to 2021-02-26 20:00:00 ]
2021-02-27 11:04:18,493 read V from av [ 2021-02-01 04:05:00 to 2021-02-26 20:00:00 ]
2021-02-27 11:04:19,391 read WFC from av [ 2021-02-01 04:05:00 to 2021-02-26 20:00:00 ]
2021-02-27 11:04:20,209 read MA from av [ 2021-01-29 05:30:00 to 2021-02-26 19:45:00 ]
2021-02-27 11:04:20,986 read C from av [ 2021-02-01 04:05:00 to 2021-02-26 20:00:00 ]
2021-02-27 11:04:21,937 read PYPL from av [ 2021-02-01 04:05:00 to 2021-02-26 20:00:00 ]
2021-02-27 11:06:22,675 read OIL from av [ 2021-02-01 09:35:00 to 2021-02-26 15:50:00 ]
2021-02-27 11:12:23,420 Time out DX-Y.NYB
2021-02-27 11:12:23,983 read GLD from av [ 2021-02-01 04:05:00 to 2021-02-26 20:00:00 ]
2021-02-27 11:12:24,789 read UUP from av [ 2021-02-01 04:05:00 to 2021-02-26 19:50:00 ]
2021-02-27 11:12:31,676 read SHY from av [ 2021-02-01 07:20:00 to 2021-02-26 17:15:00 ]
2021-02-27 11:12:36,319 read SHV from av [ 2021-02-01 07:10:00 to 2021-02-26 17:20:00 ]
2021-02-27 11:14:38,788 read IEF from av [ 2021-02-01 08:40:00 to 2021-02-26 16:35:00 ]
2021-02-27 11:20:39,683 Time out ^IRX
2021-02-27 11:26:40,357 Time out ^FVX
2021-02-27 11:32:40,915 Time out ^TYX
2021-02-27 11:32:41,539 read SQQQ from av [ 2021-02-01 04:05:00 to 2021-02-26 20:00:00 ]
2021-02-27 11:32:42,504 read TQQQ from av [ 2021-02-01 04:05:00 to 2021-02-26 20:00:00 ]
2021-02-27 11:38:43,578 Time out ^VXX
2021-02-27 11:44:44,268 Time out ^VXZ
2021-02-27 11:44:44,618 read IYE from av [ 2021-02-01 08:05:00 to 2021-02-26 16:05:00 ]
2021-02-27 11:44:45,483 read IYY from av [ 2021-02-01 09:35:00 to 2021-02-26 16:05:00 ]
2021-02-27 11:44:46,054 read IYF from av [ 2021-02-01 09:35:00 to 2021-02-26 16:05:00 ]
2021-02-27 11:44:46,648 read IYR from av [ 2021-02-01 09:30:00 to 2021-02-26 16:30:00 ]
2021-02-27 11:44:47,217 read IYW from av [ 2021-02-01 08:25:00 to 2021-02-26 16:05:00 ]
2021-02-27 11:46:48,274 read IYT from av [ 2021-02-01 09:35:00 to 2021-02-26 16:00:00 ]
2021-02-27 11:46:48,933 read PEJ from av [ 2021-02-01 08:05:00 to 2021-02-26 19:45:00 ]
2021-02-27 11:46:49,640 read USO from av [ 2021-02-01 04:05:00 to 2021-02-26 20:00:00 ]
2021-02-27 11:46:50,405 read DBC from av [ 2021-02-01 05:25:00 to 2021-02-26 19:50:00 ]
2021-02-27 11:46:51,055 read GSG from av [ 2021-01-29 09:10:00 to 2021-02-26 16:00:00 ]
2021-02-27 11:48:51,873 read VTI from av [ 2021-01-29 07:05:00 to 2021-02-26 20:00:00 ]
2021-02-27 11:54:53,013 Time out ^RUT
2021-02-27 11:54:53,397 read FDN from av [ 2021-02-01 09:35:00 to 2021-02-26 16:10:00 ]
2021-02-27 11:54:54,348 read XLV from av [ 2021-02-01 04:15:00 to 2021-02-26 16:55:00 ]
2021-02-27 11:54:55,048 read IBB from av [ 2021-02-01 06:05:00 to 2021-02-26 16:15:00 ]
2021-02-27 11:54:55,804 read KRE from av [ 2021-02-01 07:50:00 to 2021-02-26 19:40:00 ]
2021-02-27 11:54:56,417 read KBE from av [ 2021-02-01 08:25:00 to 2021-02-26 18:10:00 ]
2021-02-27 11:56:57,432 read XLF from av [ 2021-02-01 04:05:00 to 2021-02-26 20:00:00 ]
2021-02-27 11:56:58,131 read XLP from av [ 2021-02-01 06:55:00 to 2021-02-26 18:20:00 ]
2021-02-27 11:56:58,808 read XLY from av [ 2021-02-01 04:05:00 to 2021-02-26 16:10:00 ]
2021-02-27 11:56:59,451 read VNQ from av [ 2021-01-29 08:05:00 to 2021-02-26 17:40:00 ]
2021-02-27 11:57:00,168 read XLB from av [ 2021-02-01 07:40:00 to 2021-02-26 17:00:00 ]
2021-02-27 11:57:00,853 read XLI from av [ 2021-02-01 08:20:00 to 2021-02-26 19:40:00 ]
2021-02-27 11:57:03,970 read KBWB from av [ 2021-02-01 09:35:00 to 2021-02-26 16:00:00 ]
2021-02-27 12:03:04,969 Time out TVIX
2021-02-27 12:09:05,555 Time out ^VVIX
2021-02-27 12:09:05,867 read VIXM from av [ 2021-02-01 07:05:00 to 2021-02-26 16:40:00 ]
2021-02-27 12:09:06,673 read VIXY from av [ 2021-02-01 04:05:00 to 2021-02-26 19:25:00 ]
2021-02-27 12:09:07,720 read VXX from av [ 2021-02-01 04:05:00 to 2021-02-26 20:00:00 ]
2021-02-27 12:09:08,719 read SVXY from av [ 2021-02-01 04:05:00 to 2021-02-26 19:50:00 ]
2021-02-27 12:09:09,673 read UVXY from av [ 2021-02-01 04:05:00 to 2021-02-26 20:00:00 ]
2021-02-27 12:11:10,747 read VIXY from av [ 2021-02-01 04:05:00 to 2021-02-26 19:25:00 ]
