2021-08-28 05:01:06,969 read QQQ from av [ 2021-08-27 20:00:00 to 2021-07-30 04:05:00 ]
2021-08-28 05:07:08,304 Time out ^VIX
2021-08-28 05:07:08,811 read FAS from av [ 2021-08-27 20:00:00 to 2021-08-02 04:30:00 ]
2021-08-28 05:07:10,140 read MIDU from av [ 2021-08-27 16:55:00 to 2021-08-02 04:55:00 ]
2021-08-28 05:07:10,755 read AAPL from av [ 2021-08-27 20:00:00 to 2021-07-30 04:05:00 ]
2021-08-28 05:07:12,195 read GOOG from av [ 2021-08-27 17:15:00 to 2021-07-30 07:15:00 ]
2021-08-28 05:13:13,570 Time out ^GSPC
2021-08-28 05:19:14,413 Time out ^DJI
2021-08-28 05:25:15,096 Time out ^TNX
2021-08-28 05:25:15,829 read MSFT from av [ 2021-08-27 20:00:00 to 2021-07-30 04:05:00 ]
2021-08-28 05:31:17,074 Time out ^VXGOG
2021-08-28 05:37:17,943 Time out ^VXAPL
2021-08-28 05:43:18,788 Time out ^VXGS
2021-08-28 05:49:19,556 Time out ^VXAZN
2021-08-28 05:55:20,306 Time out ^VXIBM
2021-08-28 05:55:20,678 read GS from av [ 2021-08-27 17:55:00 to 2021-08-02 04:05:00 ]
2021-08-28 05:55:21,514 read IBM from av [ 2021-08-27 19:35:00 to 2021-07-30 06:05:00 ]
2021-08-28 05:55:22,471 read FB from av [ 2021-08-27 20:00:00 to 2021-07-30 04:05:00 ]
2021-08-28 06:01:23,739 Time out ^TYVIX
2021-08-28 06:01:24,919 read SPY from av [ 2021-08-27 20:00:00 to 2021-07-30 04:05:00 ]
2021-08-28 06:01:25,817 read GOOGL from av [ 2021-08-27 16:55:00 to 2021-07-30 04:05:00 ]
2021-08-28 06:01:26,731 read JPM from av [ 2021-08-27 19:55:00 to 2021-08-02 04:05:00 ]
2021-08-28 06:01:27,654 read JNJ from av [ 2021-08-27 19:25:00 to 2021-07-30 08:05:00 ]
2021-08-28 06:01:28,397 read BAC from av [ 2021-08-27 20:00:00 to 2021-08-02 04:05:00 ]
2021-08-28 06:01:29,258 read V from av [ 2021-08-27 19:55:00 to 2021-07-30 04:25:00 ]
2021-08-28 06:01:30,021 read WFC from av [ 2021-08-27 19:40:00 to 2021-07-30 04:05:00 ]
2021-08-28 06:01:30,738 read MA from av [ 2021-08-27 20:00:00 to 2021-07-30 08:30:00 ]
2021-08-28 06:01:31,791 read C from av [ 2021-08-27 20:00:00 to 2021-07-30 04:05:00 ]
2021-08-28 06:01:32,543 read PYPL from av [ 2021-08-27 20:00:00 to 2021-08-02 04:50:00 ]
2021-08-28 06:01:33,401 read OIL from av [ 2021-08-27 16:00:00 to 2021-08-02 08:30:00 ]
2021-08-28 06:07:34,415 Time out DX-Y.NYB
2021-08-28 06:07:34,776 read GLD from av [ 2021-08-27 19:05:00 to 2021-08-02 04:05:00 ]
2021-08-28 06:07:36,355 read UUP from av [ 2021-08-27 16:00:00 to 2021-08-02 04:05:00 ]
2021-08-28 06:07:38,532 read SHY from av [ 2021-08-27 18:55:00 to 2021-08-02 07:45:00 ]
2021-08-28 06:07:40,135 read SHV from av [ 2021-08-27 16:10:00 to 2021-08-02 07:05:00 ]
2021-08-28 06:07:42,194 read IEF from av [ 2021-08-27 16:15:00 to 2021-08-02 04:55:00 ]
2021-08-28 06:13:43,287 Time out ^IRX
2021-08-28 06:19:44,044 Time out ^FVX
2021-08-28 06:25:44,857 Time out ^TYX
2021-08-28 06:25:47,498 read SQQQ from av [ 2021-08-27 20:00:00 to 2021-08-02 04:05:00 ]
2021-08-28 06:25:48,528 read TQQQ from av [ 2021-08-27 20:00:00 to 2021-08-02 04:05:00 ]
2021-08-28 06:31:49,813 Time out ^VXX
2021-08-28 06:37:50,630 Time out ^VXZ
2021-08-28 06:37:54,033 read IYE from av [ 2021-08-27 16:00:00 to 2021-08-02 09:30:00 ]
2021-08-28 06:37:55,077 read IYY from av [ 2021-08-27 16:00:00 to 2021-08-02 09:35:00 ]
2021-08-28 06:37:58,350 read IYF from av [ 2021-08-27 16:00:00 to 2021-08-02 09:35:00 ]
2021-08-28 06:38:01,477 read IYR from av [ 2021-08-27 16:10:00 to 2021-08-02 09:35:00 ]
2021-08-28 06:38:04,084 read IYW from av [ 2021-08-27 16:00:00 to 2021-08-02 08:20:00 ]
2021-08-28 06:38:06,452 read IYT from av [ 2021-08-27 16:00:00 to 2021-08-02 09:35:00 ]
2021-08-28 06:38:07,926 read PEJ from av [ 2021-08-27 16:00:00 to 2021-08-02 09:35:00 ]
2021-08-28 06:38:08,893 read USO from av [ 2021-08-27 20:00:00 to 2021-08-02 04:05:00 ]
2021-08-28 06:38:11,016 read DBC from av [ 2021-08-27 16:45:00 to 2021-08-02 07:45:00 ]
2021-08-28 06:38:12,748 read GSG from av [ 2021-08-27 16:00:00 to 2021-08-02 09:30:00 ]
2021-08-28 06:38:13,640 read VTI from av [ 2021-08-27 18:55:00 to 2021-08-02 04:05:00 ]
2021-08-28 06:44:14,723 Time out ^RUT
2021-08-28 06:44:15,696 read FDN from av [ 2021-08-27 19:40:00 to 2021-08-02 07:40:00 ]
2021-08-28 06:44:16,703 read XLV from av [ 2021-08-27 19:30:00 to 2021-08-02 07:00:00 ]
2021-08-28 06:44:18,959 read IBB from av [ 2021-08-27 16:05:00 to 2021-08-02 06:35:00 ]
2021-08-28 06:44:21,181 read KRE from av [ 2021-08-27 19:15:00 to 2021-08-02 08:05:00 ]
2021-08-28 06:44:23,229 read KBE from av [ 2021-08-27 17:45:00 to 2021-08-02 09:35:00 ]
2021-08-28 06:44:24,116 read XLF from av [ 2021-08-27 19:45:00 to 2021-08-02 04:05:00 ]
2021-08-28 06:44:25,032 read XLP from av [ 2021-08-27 16:15:00 to 2021-07-30 07:10:00 ]
2021-08-28 06:44:25,603 read XLY from av [ 2021-08-27 17:10:00 to 2021-08-02 04:05:00 ]
2021-08-28 06:44:27,943 read VNQ from av [ 2021-08-27 16:15:00 to 2021-08-02 04:05:00 ]
2021-08-28 06:44:28,623 read XLB from av [ 2021-08-27 16:10:00 to 2021-08-02 06:55:00 ]
2021-08-28 06:44:29,338 read XLI from av [ 2021-08-27 18:30:00 to 2021-08-02 04:05:00 ]
2021-08-28 06:44:30,958 read KBWB from av [ 2021-08-27 16:15:00 to 2021-08-02 09:35:00 ]
2021-08-28 06:50:31,982 Time out TVIX
2021-08-28 06:56:32,751 Time out ^VVIX
2021-08-28 06:56:33,312 read VIXM from av [ 2021-08-27 16:00:00 to 2021-08-02 09:20:00 ]
2021-08-28 06:56:35,436 read VIXY from av [ 2021-08-27 19:55:00 to 2021-08-02 04:05:00 ]
2021-08-28 06:56:38,070 read VXX from av [ 2021-08-27 20:00:00 to 2021-08-02 04:05:00 ]
2021-08-28 06:56:40,621 read SVXY from av [ 2021-08-27 17:40:00 to 2021-08-02 04:05:00 ]
2021-08-28 06:56:43,687 read UVXY from av [ 2021-08-27 20:00:00 to 2021-08-02 04:05:00 ]
2021-08-28 06:56:44,742 read VIXY from av [ 2021-08-27 19:55:00 to 2021-08-02 04:05:00 ]
