2021-03-20 09:01:57,387 read QQQ from av [ 2021-02-19 04:05:00 to 2021-03-19 20:00:00 ]
2021-03-20 09:07:58,595 Time out ^VIX
2021-03-20 09:07:59,134 read FAS from av [ 2021-02-22 04:05:00 to 2021-03-19 20:00:00 ]
2021-03-20 09:07:59,797 read MIDU from av [ 2021-02-22 09:35:00 to 2021-03-19 16:05:00 ]
2021-03-20 09:08:00,592 read AAPL from av [ 2021-02-19 04:05:00 to 2021-03-19 20:00:00 ]
2021-03-20 09:08:01,450 read GOOG from av [ 2021-02-19 08:30:00 to 2021-03-19 19:05:00 ]
2021-03-20 09:14:02,329 Time out ^GSPC
2021-03-20 09:20:03,015 Time out ^DJI
2021-03-20 09:26:03,629 Time out ^TNX
2021-03-20 09:26:04,290 read MSFT from av [ 2021-02-19 04:10:00 to 2021-03-19 20:00:00 ]
2021-03-20 09:32:05,497 Time out ^VXGOG
2021-03-20 09:38:06,192 Time out ^VXAPL
2021-03-20 09:44:06,777 Time out ^VXGS
2021-03-20 09:50:07,369 Time out ^VXAZN
2021-03-20 09:56:08,063 Time out ^VXIBM
2021-03-20 09:56:08,516 read GS from av [ 2021-02-22 06:30:00 to 2021-03-19 18:15:00 ]
2021-03-20 09:56:09,427 read IBM from av [ 2021-02-19 04:05:00 to 2021-03-19 18:50:00 ]
2021-03-20 09:56:10,277 read FB from av [ 2021-02-19 04:05:00 to 2021-03-19 20:00:00 ]
2021-03-20 10:02:11,285 Time out ^TYVIX
2021-03-20 10:02:11,997 read SPY from av [ 2021-02-19 04:05:00 to 2021-03-19 20:00:00 ]
2021-03-20 10:02:12,935 read GOOGL from av [ 2021-02-19 08:05:00 to 2021-03-19 17:45:00 ]
2021-03-20 10:02:13,685 read JPM from av [ 2021-02-22 04:15:00 to 2021-03-19 20:00:00 ]
2021-03-20 10:02:14,563 read JNJ from av [ 2021-02-22 04:05:00 to 2021-03-19 18:25:00 ]
2021-03-20 10:02:15,502 read BAC from av [ 2021-02-19 04:20:00 to 2021-03-19 20:00:00 ]
2021-03-20 10:04:16,665 read V from av [ 2021-02-19 06:50:00 to 2021-03-19 20:00:00 ]
2021-03-20 10:04:17,508 read WFC from av [ 2021-02-22 04:05:00 to 2021-03-19 20:00:00 ]
2021-03-20 10:04:18,266 read MA from av [ 2021-02-19 09:35:00 to 2021-03-19 19:45:00 ]
2021-03-20 10:04:19,056 read C from av [ 2021-02-19 06:05:00 to 2021-03-19 20:00:00 ]
2021-03-20 10:04:19,913 read PYPL from av [ 2021-02-19 05:05:00 to 2021-03-19 20:00:00 ]
2021-03-20 10:06:20,701 read OIL from av [ 2021-02-22 08:35:00 to 2021-03-19 16:00:00 ]
2021-03-20 10:12:21,568 Time out DX-Y.NYB
2021-03-20 10:12:22,133 read GLD from av [ 2021-02-22 04:05:00 to 2021-03-19 19:55:00 ]
2021-03-20 10:12:22,907 read UUP from av [ 2021-02-22 07:05:00 to 2021-03-19 16:55:00 ]
2021-03-20 10:12:23,587 read SHY from av [ 2021-02-22 09:35:00 to 2021-03-19 16:40:00 ]
2021-03-20 10:12:24,234 read SHV from av [ 2021-02-22 09:15:00 to 2021-03-19 16:05:00 ]
2021-03-20 10:14:25,257 read IEF from av [ 2021-02-22 05:40:00 to 2021-03-19 16:30:00 ]
2021-03-20 10:20:26,200 Time out ^IRX
2021-03-20 10:26:26,891 Time out ^FVX
2021-03-20 10:32:27,887 Time out ^TYX
2021-03-20 10:32:28,568 read SQQQ from av [ 2021-02-22 04:05:00 to 2021-03-19 20:00:00 ]
2021-03-20 10:32:30,559 read TQQQ from av [ 2021-02-22 04:05:00 to 2021-03-19 20:00:00 ]
2021-03-20 10:38:31,517 Time out ^VXX
2021-03-20 10:44:32,153 Time out ^VXZ
2021-03-20 10:44:32,578 read IYE from av [ 2021-02-22 08:55:00 to 2021-03-19 19:00:00 ]
2021-03-20 10:44:33,668 read IYY from av [ 2021-02-22 09:35:00 to 2021-03-19 16:00:00 ]
2021-03-20 10:44:34,194 read IYF from av [ 2021-02-22 07:05:00 to 2021-03-19 16:00:00 ]
2021-03-20 10:44:34,783 read IYR from av [ 2021-02-22 09:35:00 to 2021-03-19 16:20:00 ]
2021-03-20 10:44:35,661 read IYW from av [ 2021-02-22 07:05:00 to 2021-03-19 16:00:00 ]
2021-03-20 10:46:36,708 read IYT from av [ 2021-02-22 09:35:00 to 2021-03-19 19:25:00 ]
2021-03-20 10:46:37,413 read PEJ from av [ 2021-02-22 07:05:00 to 2021-03-19 19:30:00 ]
2021-03-20 10:46:38,184 read USO from av [ 2021-02-22 04:05:00 to 2021-03-19 20:00:00 ]
2021-03-20 10:46:38,901 read DBC from av [ 2021-02-22 07:30:00 to 2021-03-19 19:45:00 ]
2021-03-20 10:46:39,489 read GSG from av [ 2021-02-22 05:15:00 to 2021-03-19 19:45:00 ]
2021-03-20 10:48:40,380 read VTI from av [ 2021-02-19 07:30:00 to 2021-03-19 18:55:00 ]
2021-03-20 10:54:41,268 Time out ^RUT
2021-03-20 10:54:41,675 read FDN from av [ 2021-02-22 09:15:00 to 2021-03-19 16:00:00 ]
2021-03-20 10:54:42,368 read XLV from av [ 2021-02-22 07:45:00 to 2021-03-19 17:25:00 ]
2021-03-20 10:54:42,998 read IBB from av [ 2021-02-22 07:45:00 to 2021-03-19 17:20:00 ]
2021-03-20 10:54:43,706 read KRE from av [ 2021-02-22 04:05:00 to 2021-03-19 19:35:00 ]
2021-03-20 10:54:44,320 read KBE from av [ 2021-02-22 09:20:00 to 2021-03-19 18:30:00 ]
2021-03-20 10:56:45,386 read XLF from av [ 2021-02-22 04:05:00 to 2021-03-19 20:00:00 ]
2021-03-20 10:56:46,174 read XLP from av [ 2021-02-22 05:35:00 to 2021-03-19 18:45:00 ]
2021-03-20 10:56:46,797 read XLY from av [ 2021-02-22 06:55:00 to 2021-03-19 17:05:00 ]
2021-03-20 10:56:47,466 read VNQ from av [ 2021-02-19 08:40:00 to 2021-03-19 19:30:00 ]
2021-03-20 10:56:48,124 read XLB from av [ 2021-02-22 07:50:00 to 2021-03-19 18:55:00 ]
2021-03-20 10:58:49,046 read XLI from av [ 2021-02-22 07:35:00 to 2021-03-19 18:45:00 ]
2021-03-20 10:58:49,728 read KBWB from av [ 2021-02-22 09:35:00 to 2021-03-19 16:00:00 ]
2021-03-20 11:04:50,673 Time out TVIX
2021-03-20 11:10:51,390 Time out ^VVIX
2021-03-20 11:10:51,746 read VIXM from av [ 2021-02-22 09:35:00 to 2021-03-19 16:35:00 ]
2021-03-20 11:10:52,500 read VIXY from av [ 2021-02-22 04:05:00 to 2021-03-19 20:00:00 ]
2021-03-20 11:10:53,570 read VXX from av [ 2021-02-22 04:05:00 to 2021-03-19 20:00:00 ]
2021-03-20 11:10:54,590 read SVXY from av [ 2021-02-22 04:05:00 to 2021-03-19 18:20:00 ]
2021-03-20 11:10:55,587 read UVXY from av [ 2021-02-22 04:05:00 to 2021-03-19 20:00:00 ]
2021-03-20 11:12:57,028 read VIXY from av [ 2021-02-22 04:05:00 to 2021-03-19 20:00:00 ]
