2021-05-22 09:02:04,562 read QQQ from av [ 2021-04-23 04:05:00 to 2021-05-21 20:00:00 ]
2021-05-22 09:08:06,543 Time out ^VIX
2021-05-22 09:08:07,124 read FAS from av [ 2021-04-26 04:20:00 to 2021-05-21 19:50:00 ]
2021-05-22 09:08:08,358 read MIDU from av [ 2021-04-26 09:35:00 to 2021-05-21 16:00:00 ]
2021-05-22 09:08:09,162 read AAPL from av [ 2021-04-23 04:05:00 to 2021-05-21 20:00:00 ]
2021-05-22 09:08:10,096 read GOOG from av [ 2021-04-23 04:10:00 to 2021-05-21 17:10:00 ]
2021-05-22 09:14:11,267 Time out ^GSPC
2021-05-22 09:20:12,156 Time out ^DJI
2021-05-22 09:26:13,101 Time out ^TNX
2021-05-22 09:26:13,948 read MSFT from av [ 2021-04-23 04:10:00 to 2021-05-21 19:50:00 ]
2021-05-22 09:32:15,360 Time out ^VXGOG
2021-05-22 09:38:16,228 Time out ^VXAPL
2021-05-22 09:44:17,154 Time out ^VXGS
2021-05-22 09:50:18,079 Time out ^VXAZN
2021-05-22 09:56:18,898 Time out ^VXIBM
2021-05-22 09:56:19,442 read GS from av [ 2021-04-26 07:10:00 to 2021-05-21 19:30:00 ]
2021-05-22 09:56:20,246 read IBM from av [ 2021-04-23 08:05:00 to 2021-05-21 19:55:00 ]
2021-05-22 09:56:21,274 read FB from av [ 2021-04-23 04:05:00 to 2021-05-21 20:00:00 ]
2021-05-22 10:02:22,501 Time out ^TYVIX
2021-05-22 10:02:23,412 read SPY from av [ 2021-04-23 04:05:00 to 2021-05-21 20:00:00 ]
2021-05-22 10:02:24,361 read GOOGL from av [ 2021-04-23 07:40:00 to 2021-05-21 19:25:00 ]
2021-05-22 10:02:25,198 read JPM from av [ 2021-04-26 05:05:00 to 2021-05-21 20:00:00 ]
2021-05-22 10:02:26,096 read JNJ from av [ 2021-04-26 05:50:00 to 2021-05-21 18:00:00 ]
2021-05-22 10:02:26,990 read BAC from av [ 2021-04-26 04:10:00 to 2021-05-21 20:00:00 ]
2021-05-22 10:02:27,925 read V from av [ 2021-04-26 06:35:00 to 2021-05-21 19:55:00 ]
2021-05-22 10:02:28,968 read WFC from av [ 2021-04-26 04:05:00 to 2021-05-21 20:00:00 ]
2021-05-22 10:02:29,937 read MA from av [ 2021-04-26 06:55:00 to 2021-05-21 16:55:00 ]
2021-05-22 10:02:30,772 read C from av [ 2021-04-26 07:05:00 to 2021-05-21 20:00:00 ]
2021-05-22 10:02:31,741 read PYPL from av [ 2021-04-23 04:05:00 to 2021-05-21 19:50:00 ]
2021-05-22 10:02:32,385 read OIL from av [ 2021-04-26 09:35:00 to 2021-05-21 16:00:00 ]
2021-05-22 10:08:33,533 Time out DX-Y.NYB
2021-05-22 10:08:34,224 read GLD from av [ 2021-04-26 05:10:00 to 2021-05-21 19:55:00 ]
2021-05-22 10:08:35,304 read UUP from av [ 2021-04-26 06:35:00 to 2021-05-21 16:00:00 ]
2021-05-22 10:08:35,982 read SHY from av [ 2021-04-26 08:30:00 to 2021-05-21 16:25:00 ]
2021-05-22 10:08:36,684 read SHV from av [ 2021-04-26 09:35:00 to 2021-05-21 17:40:00 ]
2021-05-22 10:08:37,433 read IEF from av [ 2021-04-26 08:05:00 to 2021-05-21 16:30:00 ]
2021-05-22 10:14:38,615 Time out ^IRX
2021-05-22 10:20:39,525 Time out ^FVX
2021-05-22 10:26:40,330 Time out ^TYX
2021-05-22 10:26:41,095 read SQQQ from av [ 2021-04-26 04:05:00 to 2021-05-21 20:00:00 ]
2021-05-22 10:26:42,351 read TQQQ from av [ 2021-04-26 04:05:00 to 2021-05-21 20:00:00 ]
2021-05-22 10:32:43,666 Time out ^VXX
2021-05-22 10:38:44,629 Time out ^VXZ
2021-05-22 10:38:45,053 read IYE from av [ 2021-04-26 09:35:00 to 2021-05-21 16:00:00 ]
2021-05-22 10:38:48,423 read IYY from av [ 2021-04-26 09:35:00 to 2021-05-21 16:00:00 ]
2021-05-22 10:38:52,308 read IYF from av [ 2021-04-26 09:20:00 to 2021-05-21 16:00:00 ]
2021-05-22 10:38:55,581 read IYR from av [ 2021-04-26 08:15:00 to 2021-05-21 18:05:00 ]
2021-05-22 10:38:58,974 read IYW from av [ 2021-04-26 05:05:00 to 2021-05-21 16:00:00 ]
2021-05-22 10:38:59,627 read IYT from av [ 2021-04-26 07:20:00 to 2021-05-21 16:00:00 ]
2021-05-22 10:39:03,680 read PEJ from av [ 2021-04-26 09:00:00 to 2021-05-21 19:05:00 ]
2021-05-22 10:39:04,518 read USO from av [ 2021-04-26 04:15:00 to 2021-05-21 19:45:00 ]
2021-05-22 10:39:05,376 read DBC from av [ 2021-04-26 04:05:00 to 2021-05-21 16:45:00 ]
2021-05-22 10:39:10,383 read GSG from av [ 2021-04-26 04:05:00 to 2021-05-21 16:05:00 ]
2021-05-22 10:39:11,034 read VTI from av [ 2021-04-26 07:05:00 to 2021-05-21 19:25:00 ]
2021-05-22 10:45:12,189 Time out ^RUT
2021-05-22 10:45:12,622 read FDN from av [ 2021-04-26 09:35:00 to 2021-05-21 16:10:00 ]
2021-05-22 10:45:13,468 read XLV from av [ 2021-04-26 04:05:00 to 2021-05-21 17:45:00 ]
2021-05-22 10:45:14,195 read IBB from av [ 2021-04-26 08:05:00 to 2021-05-21 17:00:00 ]
2021-05-22 10:45:15,090 read KRE from av [ 2021-04-26 07:15:00 to 2021-05-21 18:25:00 ]
2021-05-22 10:45:19,434 read KBE from av [ 2021-04-26 07:05:00 to 2021-05-21 16:10:00 ]
2021-05-22 10:45:20,339 read XLF from av [ 2021-04-26 04:10:00 to 2021-05-21 20:00:00 ]
2021-05-22 10:45:21,167 read XLP from av [ 2021-04-26 04:05:00 to 2021-05-21 19:00:00 ]
2021-05-22 10:45:22,456 read XLY from av [ 2021-04-26 06:30:00 to 2021-05-21 16:10:00 ]
2021-05-22 10:45:23,148 read VNQ from av [ 2021-04-26 07:30:00 to 2021-05-21 18:15:00 ]
2021-05-22 10:45:24,068 read XLB from av [ 2021-04-26 08:05:00 to 2021-05-21 19:35:00 ]
2021-05-22 10:45:24,932 read XLI from av [ 2021-04-26 07:45:00 to 2021-05-21 18:30:00 ]
2021-05-22 10:45:25,688 read KBWB from av [ 2021-04-26 08:15:00 to 2021-05-21 16:10:00 ]
2021-05-22 10:51:27,020 Time out TVIX
2021-05-22 10:57:28,003 Time out ^VVIX
2021-05-22 10:57:29,541 read VIXM from av [ 2021-04-26 09:35:00 to 2021-05-21 16:35:00 ]
2021-05-22 10:57:33,437 read VIXY from av [ 2021-04-26 04:05:00 to 2021-05-21 20:00:00 ]
2021-05-22 10:57:34,559 read VXX from av [ 2021-04-26 04:15:00 to 2021-05-21 20:00:00 ]
2021-05-22 10:57:37,660 read SVXY from av [ 2021-04-26 04:05:00 to 2021-05-21 20:00:00 ]
2021-05-22 10:57:38,929 read UVXY from av [ 2021-04-26 04:05:00 to 2021-05-21 20:00:00 ]
2021-05-22 10:57:39,912 read VIXY from av [ 2021-04-26 04:05:00 to 2021-05-21 20:00:00 ]
