2021-05-29 09:02:01,234 read QQQ from av [ 2021-04-30 04:05:00 to 2021-05-28 20:00:00 ]
2021-05-29 09:08:02,648 Time out ^VIX
2021-05-29 09:08:03,338 read FAS from av [ 2021-05-03 07:05:00 to 2021-05-28 19:10:00 ]
2021-05-29 09:08:04,924 read MIDU from av [ 2021-05-03 04:20:00 to 2021-05-28 16:20:00 ]
2021-05-29 09:08:06,057 read AAPL from av [ 2021-04-30 04:05:00 to 2021-05-28 20:00:00 ]
2021-05-29 09:08:07,084 read GOOG from av [ 2021-04-30 06:50:00 to 2021-05-28 19:00:00 ]
2021-05-29 09:14:08,254 Time out ^GSPC
2021-05-29 09:20:09,025 Time out ^DJI
2021-05-29 09:26:09,788 Time out ^TNX
2021-05-29 09:26:10,552 read MSFT from av [ 2021-04-30 04:05:00 to 2021-05-28 20:00:00 ]
2021-05-29 09:32:11,878 Time out ^VXGOG
2021-05-29 09:38:12,710 Time out ^VXAPL
2021-05-29 09:44:13,619 Time out ^VXGS
2021-05-29 09:50:14,493 Time out ^VXAZN
2021-05-29 09:56:15,370 Time out ^VXIBM
2021-05-29 09:56:16,066 read GS from av [ 2021-05-03 07:05:00 to 2021-05-28 18:40:00 ]
2021-05-29 09:56:17,104 read IBM from av [ 2021-04-30 07:35:00 to 2021-05-28 17:15:00 ]
2021-05-29 09:56:18,170 read FB from av [ 2021-04-30 04:05:00 to 2021-05-28 20:00:00 ]
2021-05-29 10:02:19,426 Time out ^TYVIX
2021-05-29 10:02:20,236 read SPY from av [ 2021-04-30 04:05:00 to 2021-05-28 20:00:00 ]
2021-05-29 10:02:21,419 read GOOGL from av [ 2021-04-30 07:30:00 to 2021-05-28 18:25:00 ]
2021-05-29 10:02:22,427 read JPM from av [ 2021-05-03 05:10:00 to 2021-05-28 19:55:00 ]
2021-05-29 10:02:23,371 read JNJ from av [ 2021-05-03 07:05:00 to 2021-05-28 19:50:00 ]
2021-05-29 10:02:24,489 read BAC from av [ 2021-05-03 04:05:00 to 2021-05-28 20:00:00 ]
2021-05-29 10:02:25,591 read V from av [ 2021-05-03 07:20:00 to 2021-05-28 19:55:00 ]
2021-05-29 10:02:26,634 read WFC from av [ 2021-05-03 04:05:00 to 2021-05-28 20:00:00 ]
2021-05-29 10:02:27,580 read MA from av [ 2021-05-03 04:15:00 to 2021-05-28 20:00:00 ]
2021-05-29 10:02:28,676 read C from av [ 2021-05-03 05:10:00 to 2021-05-28 19:50:00 ]
2021-05-29 10:02:29,670 read PYPL from av [ 2021-05-03 04:10:00 to 2021-05-28 19:25:00 ]
2021-05-29 10:02:30,624 read OIL from av [ 2021-05-03 09:35:00 to 2021-05-28 16:00:00 ]
2021-05-29 10:08:31,582 Time out DX-Y.NYB
2021-05-29 10:08:32,403 read GLD from av [ 2021-05-03 04:05:00 to 2021-05-28 20:00:00 ]
2021-05-29 10:08:33,299 read UUP from av [ 2021-05-03 06:25:00 to 2021-05-28 19:25:00 ]
2021-05-29 10:08:35,908 read SHY from av [ 2021-05-03 07:05:00 to 2021-05-28 16:05:00 ]
2021-05-29 10:08:38,142 read SHV from av [ 2021-05-03 09:35:00 to 2021-05-28 16:35:00 ]
2021-05-29 10:08:39,010 read IEF from av [ 2021-05-03 07:50:00 to 2021-05-28 16:25:00 ]
2021-05-29 10:14:40,447 Time out ^IRX
2021-05-29 10:20:41,288 Time out ^FVX
2021-05-29 10:26:42,234 Time out ^TYX
2021-05-29 10:26:43,285 read SQQQ from av [ 2021-05-03 04:05:00 to 2021-05-28 20:00:00 ]
2021-05-29 10:26:44,759 read TQQQ from av [ 2021-05-03 04:05:00 to 2021-05-28 20:00:00 ]
2021-05-29 10:32:46,160 Time out ^VXX
2021-05-29 10:38:46,958 Time out ^VXZ
2021-05-29 10:38:47,570 read IYE from av [ 2021-05-03 09:35:00 to 2021-05-28 19:25:00 ]
2021-05-29 10:38:48,234 read IYY from av [ 2021-05-03 09:35:00 to 2021-05-28 16:00:00 ]
2021-05-29 10:38:49,054 read IYF from av [ 2021-05-03 09:35:00 to 2021-05-28 16:00:00 ]
2021-05-29 10:38:50,660 read IYR from av [ 2021-05-03 09:35:00 to 2021-05-28 20:00:00 ]
2021-05-29 10:38:51,555 read IYW from av [ 2021-05-03 09:35:00 to 2021-05-28 16:10:00 ]
2021-05-29 10:38:52,341 read IYT from av [ 2021-05-03 08:05:00 to 2021-05-28 16:00:00 ]
2021-05-29 10:38:53,254 read PEJ from av [ 2021-05-03 09:30:00 to 2021-05-28 18:00:00 ]
2021-05-29 10:38:54,041 read USO from av [ 2021-05-03 05:10:00 to 2021-05-28 19:25:00 ]
2021-05-29 10:38:58,123 read DBC from av [ 2021-05-03 07:05:00 to 2021-05-28 18:15:00 ]
2021-05-29 10:39:01,576 read GSG from av [ 2021-05-03 08:05:00 to 2021-05-28 18:00:00 ]
2021-05-29 10:39:02,506 read VTI from av [ 2021-05-03 06:25:00 to 2021-05-28 19:55:00 ]
2021-05-29 10:45:04,918 Time out ^RUT
2021-05-29 10:45:06,175 read FDN from av [ 2021-05-03 09:35:00 to 2021-05-28 16:00:00 ]
2021-05-29 10:45:07,515 read XLV from av [ 2021-05-03 07:05:00 to 2021-05-28 16:20:00 ]
2021-05-29 10:45:08,566 read IBB from av [ 2021-05-03 08:55:00 to 2021-05-28 18:00:00 ]
2021-05-29 10:45:10,546 read KRE from av [ 2021-05-03 08:00:00 to 2021-05-28 19:50:00 ]
2021-05-29 10:45:11,496 read KBE from av [ 2021-05-03 09:35:00 to 2021-05-28 16:05:00 ]
2021-05-29 10:45:12,536 read XLF from av [ 2021-05-03 04:10:00 to 2021-05-28 20:00:00 ]
2021-05-29 10:45:13,870 read XLP from av [ 2021-05-03 07:20:00 to 2021-05-28 16:05:00 ]
2021-05-29 10:45:14,757 read XLY from av [ 2021-05-03 08:05:00 to 2021-05-28 17:15:00 ]
2021-05-29 10:45:15,659 read VNQ from av [ 2021-05-03 07:15:00 to 2021-05-28 19:20:00 ]
2021-05-29 10:45:16,572 read XLB from av [ 2021-05-03 07:15:00 to 2021-05-28 16:50:00 ]
2021-05-29 10:45:17,502 read XLI from av [ 2021-05-03 07:05:00 to 2021-05-28 17:00:00 ]
2021-05-29 10:45:20,739 read KBWB from av [ 2021-05-03 09:00:00 to 2021-05-28 16:00:00 ]
2021-05-29 10:51:21,971 Time out TVIX
2021-05-29 10:57:22,869 Time out ^VVIX
2021-05-29 10:57:23,306 read VIXM from av [ 2021-05-03 08:05:00 to 2021-05-28 16:00:00 ]
2021-05-29 10:57:24,201 read VIXY from av [ 2021-05-03 04:05:00 to 2021-05-28 19:40:00 ]
2021-05-29 10:57:25,241 read VXX from av [ 2021-05-03 04:05:00 to 2021-05-28 20:00:00 ]
2021-05-29 10:57:29,276 read SVXY from av [ 2021-05-03 05:05:00 to 2021-05-28 20:00:00 ]
2021-05-29 10:57:30,504 read UVXY from av [ 2021-05-03 04:05:00 to 2021-05-28 20:00:00 ]
2021-05-29 10:57:31,630 read VIXY from av [ 2021-05-03 04:05:00 to 2021-05-28 19:40:00 ]
