2021-12-18 05:01:06,810 read QQQ from av [ 2021-12-17 20:00:00 to 2021-11-19 04:05:00 ]
2021-12-18 05:07:07,989 Time out ^VIX
2021-12-18 05:07:09,583 read FAS from av [ 2021-12-17 19:45:00 to 2021-11-22 04:30:00 ]
2021-12-18 05:07:10,448 read MIDU from av [ 2021-12-17 16:00:00 to 2021-11-22 09:10:00 ]
2021-12-18 05:07:11,084 read AAPL from av [ 2021-12-17 20:00:00 to 2021-11-19 04:05:00 ]
2021-12-18 05:07:11,899 read GOOG from av [ 2021-12-17 20:00:00 to 2021-11-19 09:05:00 ]
2021-12-18 05:13:12,989 Time out ^GSPC
2021-12-18 05:19:13,697 Time out ^DJI
2021-12-18 05:25:14,441 Time out ^TNX
2021-12-18 05:25:14,757 read MSFT from av [ 2021-12-17 20:00:00 to 2021-11-19 04:05:00 ]
2021-12-18 05:31:15,855 Time out ^VXGOG
2021-12-18 05:37:16,379 Time out ^VXAPL
2021-12-18 05:43:17,176 Time out ^VXGS
2021-12-18 05:49:17,815 Time out ^VXAZN
2021-12-18 05:55:18,503 Time out ^VXIBM
2021-12-18 05:55:18,724 read GS from av [ 2021-12-17 19:50:00 to 2021-11-22 04:10:00 ]
2021-12-18 05:55:19,374 read IBM from av [ 2021-12-17 20:00:00 to 2021-11-22 07:05:00 ]
2021-12-18 05:55:20,131 read FB from av [ 2021-12-17 20:00:00 to 2021-11-19 04:05:00 ]
2021-12-18 06:01:21,182 Time out ^TYVIX
2021-12-18 06:01:21,522 read SPY from av [ 2021-12-17 20:00:00 to 2021-11-19 04:05:00 ]
2021-12-18 06:01:22,356 read GOOGL from av [ 2021-12-17 20:00:00 to 2021-11-19 07:10:00 ]
2021-12-18 06:01:23,045 read JPM from av [ 2021-12-17 20:00:00 to 2021-11-19 04:40:00 ]
2021-12-18 06:01:23,822 read JNJ from av [ 2021-12-17 18:55:00 to 2021-11-22 04:35:00 ]
2021-12-18 06:01:24,579 read BAC from av [ 2021-12-17 20:00:00 to 2021-11-22 04:05:00 ]
2021-12-18 06:01:25,401 read V from av [ 2021-12-17 19:35:00 to 2021-11-22 04:05:00 ]
2021-12-18 06:01:26,124 read WFC from av [ 2021-12-17 20:00:00 to 2021-11-22 04:05:00 ]
2021-12-18 06:01:26,992 read MA from av [ 2021-12-17 19:00:00 to 2021-11-22 04:40:00 ]
2021-12-18 06:01:27,689 read C from av [ 2021-12-17 20:00:00 to 2021-11-22 04:15:00 ]
2021-12-18 06:03:28,729 read PYPL from av [ 2021-12-17 20:00:00 to 2021-11-22 04:05:00 ]
2021-12-18 06:03:29,596 read OIL from av [ 2021-12-17 16:00:00 to 2021-11-22 09:05:00 ]
2021-12-18 06:09:30,346 Time out DX-Y.NYB
2021-12-18 06:09:30,612 read GLD from av [ 2021-12-17 20:00:00 to 2021-11-22 04:05:00 ]
2021-12-18 06:09:32,128 read UUP from av [ 2021-12-17 17:00:00 to 2021-11-22 07:05:00 ]
2021-12-18 06:09:33,659 read SHY from av [ 2021-12-17 17:05:00 to 2021-11-22 09:05:00 ]
2021-12-18 06:09:34,950 read SHV from av [ 2021-12-17 18:20:00 to 2021-11-22 07:10:00 ]
2021-12-18 06:09:35,621 read IEF from av [ 2021-12-17 16:40:00 to 2021-11-22 05:25:00 ]
2021-12-18 06:15:36,543 Time out ^IRX
2021-12-18 06:21:37,064 Time out ^FVX
2021-12-18 06:27:37,580 Time out ^TYX
2021-12-18 06:27:40,100 read SQQQ from av [ 2021-12-17 20:00:00 to 2021-11-22 04:05:00 ]
2021-12-18 06:27:41,026 read TQQQ from av [ 2021-12-17 20:00:00 to 2021-11-22 04:05:00 ]
2021-12-18 06:33:42,191 Time out ^VXX
2021-12-18 06:39:42,675 Time out ^VXZ
2021-12-18 06:39:43,832 read IYE from av [ 2021-12-17 16:00:00 to 2021-11-22 09:35:00 ]
2021-12-18 06:39:44,556 read IYY from av [ 2021-12-17 16:00:00 to 2021-11-22 09:35:00 ]
2021-12-18 06:39:45,852 read IYF from av [ 2021-12-17 16:00:00 to 2021-11-22 09:05:00 ]
2021-12-18 06:39:47,297 read IYR from av [ 2021-12-17 16:35:00 to 2021-11-22 09:35:00 ]
2021-12-18 06:39:48,637 read IYW from av [ 2021-12-17 19:40:00 to 2021-11-22 07:25:00 ]
2021-12-18 06:39:49,234 read IYT from av [ 2021-12-17 16:00:00 to 2021-11-22 09:35:00 ]
2021-12-18 06:39:50,464 read PEJ from av [ 2021-12-17 16:00:00 to 2021-11-22 07:05:00 ]
2021-12-18 06:39:51,035 read USO from av [ 2021-12-17 20:00:00 to 2021-11-22 04:20:00 ]
2021-12-18 06:39:51,771 read DBC from av [ 2021-12-17 16:00:00 to 2021-11-22 08:05:00 ]
2021-12-18 06:39:53,096 read GSG from av [ 2021-12-17 16:05:00 to 2021-11-22 07:25:00 ]
2021-12-18 06:39:53,636 read VTI from av [ 2021-12-17 19:25:00 to 2021-11-22 05:00:00 ]
2021-12-18 06:45:54,636 Time out ^RUT
2021-12-18 06:45:56,462 read FDN from av [ 2021-12-17 18:40:00 to 2021-11-22 09:30:00 ]
2021-12-18 06:45:57,029 read XLV from av [ 2021-12-17 18:55:00 to 2021-11-22 07:50:00 ]
2021-12-18 06:45:59,947 read IBB from av [ 2021-12-17 19:40:00 to 2021-11-22 07:30:00 ]
2021-12-18 06:46:11,966 read KRE from av [ 2021-12-17 18:50:00 to 2021-11-22 07:30:00 ]
2021-12-18 06:46:14,281 read KBE from av [ 2021-12-17 17:05:00 to 2021-11-22 04:15:00 ]
2021-12-18 06:46:14,905 read XLF from av [ 2021-12-17 20:00:00 to 2021-11-22 04:05:00 ]
2021-12-18 06:46:15,669 read XLP from av [ 2021-12-17 18:00:00 to 2021-11-22 05:15:00 ]
2021-12-18 06:46:16,223 read XLY from av [ 2021-12-17 18:40:00 to 2021-11-22 04:10:00 ]
2021-12-18 06:46:18,042 read VNQ from av [ 2021-12-17 16:05:00 to 2021-11-22 08:05:00 ]
2021-12-18 06:46:18,636 read XLB from av [ 2021-12-17 19:15:00 to 2021-11-22 04:05:00 ]
2021-12-18 06:46:19,271 read XLI from av [ 2021-12-17 19:15:00 to 2021-11-22 05:25:00 ]
2021-12-18 06:46:20,787 read KBWB from av [ 2021-12-17 16:00:00 to 2021-11-22 09:35:00 ]
2021-12-18 06:52:22,759 Time out TVIX
2021-12-18 06:58:23,313 Time out ^VVIX
2021-12-18 06:58:23,785 read VIXM from av [ 2021-12-17 16:05:00 to 2021-11-22 08:55:00 ]
2021-12-18 06:58:25,720 read VIXY from av [ 2021-12-17 20:00:00 to 2021-11-22 04:05:00 ]
2021-12-18 06:58:26,860 read VXX from av [ 2021-12-17 20:00:00 to 2021-11-22 04:05:00 ]
2021-12-18 06:58:29,070 read SVXY from av [ 2021-12-17 19:55:00 to 2021-11-22 06:10:00 ]
2021-12-18 06:58:32,072 read UVXY from av [ 2021-12-17 20:00:00 to 2021-11-22 04:05:00 ]
2021-12-18 06:58:32,924 read VIXY from av [ 2021-12-17 20:00:00 to 2021-11-22 04:05:00 ]
