2021-09-25 05:01:06,906 read QQQ from av [ 2021-09-24 20:00:00 to 2021-08-27 04:05:00 ]
2021-09-25 05:07:08,697 Time out ^VIX
2021-09-25 05:07:09,200 read FAS from av [ 2021-09-24 20:00:00 to 2021-08-30 05:20:00 ]
2021-09-25 05:07:09,944 read MIDU from av [ 2021-09-24 19:50:00 to 2021-08-30 06:35:00 ]
2021-09-25 05:07:10,542 read AAPL from av [ 2021-09-24 20:00:00 to 2021-08-27 04:05:00 ]
2021-09-25 05:07:11,366 read GOOG from av [ 2021-09-24 16:25:00 to 2021-08-27 05:35:00 ]
2021-09-25 05:13:12,422 Time out ^GSPC
2021-09-25 05:19:13,269 Time out ^DJI
2021-09-25 05:25:14,040 Time out ^TNX
2021-09-25 05:25:14,633 read MSFT from av [ 2021-09-24 20:00:00 to 2021-08-27 04:05:00 ]
2021-09-25 05:31:15,849 Time out ^VXGOG
2021-09-25 05:37:16,593 Time out ^VXAPL
2021-09-25 05:43:17,359 Time out ^VXGS
2021-09-25 05:49:17,979 Time out ^VXAZN
2021-09-25 05:55:18,699 Time out ^VXIBM
2021-09-25 05:55:19,053 read GS from av [ 2021-09-24 19:30:00 to 2021-08-30 07:05:00 ]
2021-09-25 05:55:19,851 read IBM from av [ 2021-09-24 20:00:00 to 2021-08-27 06:25:00 ]
2021-09-25 05:55:20,596 read FB from av [ 2021-09-24 20:00:00 to 2021-08-27 04:05:00 ]
2021-09-25 06:01:21,827 Time out ^TYVIX
2021-09-25 06:01:22,632 read SPY from av [ 2021-09-24 20:00:00 to 2021-08-27 04:05:00 ]
2021-09-25 06:01:23,655 read GOOGL from av [ 2021-09-24 17:20:00 to 2021-08-27 05:50:00 ]
2021-09-25 06:01:24,321 read JPM from av [ 2021-09-24 20:00:00 to 2021-08-30 07:30:00 ]
2021-09-25 06:01:25,180 read JNJ from av [ 2021-09-24 19:10:00 to 2021-08-30 04:05:00 ]
2021-09-25 06:01:26,256 read BAC from av [ 2021-09-24 20:00:00 to 2021-08-30 04:10:00 ]
2021-09-25 06:01:27,058 read V from av [ 2021-09-24 18:50:00 to 2021-08-30 05:20:00 ]
2021-09-25 06:01:27,970 read WFC from av [ 2021-09-24 20:00:00 to 2021-08-30 05:00:00 ]
2021-09-25 06:01:28,893 read MA from av [ 2021-09-24 18:10:00 to 2021-08-30 07:30:00 ]
2021-09-25 06:01:29,621 read C from av [ 2021-09-24 20:00:00 to 2021-08-30 04:55:00 ]
2021-09-25 06:01:30,293 read PYPL from av [ 2021-09-24 19:55:00 to 2021-08-30 04:05:00 ]
2021-09-25 06:01:30,980 read OIL from av [ 2021-09-24 19:25:00 to 2021-08-30 09:00:00 ]
2021-09-25 06:07:31,987 Time out DX-Y.NYB
2021-09-25 06:07:32,348 read GLD from av [ 2021-09-24 20:00:00 to 2021-08-30 04:40:00 ]
2021-09-25 06:07:33,690 read UUP from av [ 2021-09-24 16:15:00 to 2021-08-30 05:05:00 ]
2021-09-25 06:07:35,067 read SHY from av [ 2021-09-24 16:30:00 to 2021-08-30 09:35:00 ]
2021-09-25 06:07:36,615 read SHV from av [ 2021-09-24 16:25:00 to 2021-08-30 09:35:00 ]
2021-09-25 06:07:37,386 read IEF from av [ 2021-09-24 17:25:00 to 2021-08-30 05:30:00 ]
2021-09-25 06:13:38,441 Time out ^IRX
2021-09-25 06:19:39,212 Time out ^FVX
2021-09-25 06:25:40,062 Time out ^TYX
2021-09-25 06:25:42,504 read SQQQ from av [ 2021-09-24 20:00:00 to 2021-08-30 04:05:00 ]
2021-09-25 06:25:43,711 read TQQQ from av [ 2021-09-24 20:00:00 to 2021-08-30 04:05:00 ]
2021-09-25 06:31:44,934 Time out ^VXX
2021-09-25 06:37:45,612 Time out ^VXZ
2021-09-25 06:37:46,836 read IYE from av [ 2021-09-24 16:00:00 to 2021-08-30 09:35:00 ]
2021-09-25 06:37:47,495 read IYY from av [ 2021-09-24 16:00:00 to 2021-08-30 07:05:00 ]
2021-09-25 06:37:48,766 read IYF from av [ 2021-09-24 16:00:00 to 2021-08-30 09:35:00 ]
2021-09-25 06:37:50,225 read IYR from av [ 2021-09-24 16:40:00 to 2021-08-30 09:30:00 ]
2021-09-25 06:37:51,528 read IYW from av [ 2021-09-24 16:00:00 to 2021-08-30 09:35:00 ]
2021-09-25 06:37:52,676 read IYT from av [ 2021-09-24 16:05:00 to 2021-08-30 09:30:00 ]
2021-09-25 06:37:53,912 read PEJ from av [ 2021-09-24 16:00:00 to 2021-08-30 09:35:00 ]
2021-09-25 06:37:54,517 read USO from av [ 2021-09-24 19:45:00 to 2021-08-30 04:05:00 ]
2021-09-25 06:37:56,239 read DBC from av [ 2021-09-24 16:05:00 to 2021-08-30 06:35:00 ]
2021-09-25 06:37:57,730 read GSG from av [ 2021-09-24 16:00:00 to 2021-08-30 04:35:00 ]
2021-09-25 06:37:58,588 read VTI from av [ 2021-09-24 19:50:00 to 2021-08-30 07:40:00 ]
2021-09-25 06:43:59,685 Time out ^RUT
2021-09-25 06:44:00,565 read FDN from av [ 2021-09-24 16:00:00 to 2021-08-30 05:45:00 ]
2021-09-25 06:44:01,263 read XLV from av [ 2021-09-24 17:05:00 to 2021-08-30 04:10:00 ]
2021-09-25 06:44:03,016 read IBB from av [ 2021-09-24 16:20:00 to 2021-08-30 08:35:00 ]
2021-09-25 06:44:04,782 read KRE from av [ 2021-09-24 20:00:00 to 2021-08-30 07:00:00 ]
2021-09-25 06:44:06,545 read KBE from av [ 2021-09-24 16:25:00 to 2021-08-30 08:10:00 ]
2021-09-25 06:44:07,145 read XLF from av [ 2021-09-24 20:00:00 to 2021-08-30 04:05:00 ]
2021-09-25 06:44:07,831 read XLP from av [ 2021-09-24 16:05:00 to 2021-08-30 04:25:00 ]
2021-09-25 06:44:08,650 read XLY from av [ 2021-09-24 16:45:00 to 2021-08-30 09:35:00 ]
2021-09-25 06:44:09,196 read VNQ from av [ 2021-09-24 18:50:00 to 2021-08-30 05:00:00 ]
2021-09-25 06:44:09,844 read XLB from av [ 2021-09-24 16:10:00 to 2021-08-30 08:10:00 ]
2021-09-25 06:44:10,754 read XLI from av [ 2021-09-24 19:55:00 to 2021-08-30 07:20:00 ]
2021-09-25 06:44:12,339 read KBWB from av [ 2021-09-24 16:05:00 to 2021-08-30 09:35:00 ]
2021-09-25 06:50:16,090 Time out TVIX
2021-09-25 06:56:16,745 Time out ^VVIX
2021-09-25 06:56:17,211 read VIXM from av [ 2021-09-24 16:20:00 to 2021-08-30 09:25:00 ]
2021-09-25 06:56:19,174 read VIXY from av [ 2021-09-24 20:00:00 to 2021-08-30 04:05:00 ]
2021-09-25 06:56:21,831 read VXX from av [ 2021-09-24 20:00:00 to 2021-08-30 04:05:00 ]
2021-09-25 06:56:23,966 read SVXY from av [ 2021-09-24 20:00:00 to 2021-08-30 04:05:00 ]
2021-09-25 06:56:26,698 read UVXY from av [ 2021-09-24 20:00:00 to 2021-08-30 04:05:00 ]
2021-09-25 06:56:28,005 read VIXY from av [ 2021-09-24 20:00:00 to 2021-08-30 04:05:00 ]
