2021-09-04 05:01:06,885 read QQQ from av [ 2021-09-03 20:00:00 to 2021-08-06 04:05:00 ]
2021-09-04 05:07:08,341 Time out ^VIX
2021-09-04 05:07:08,688 read FAS from av [ 2021-09-03 19:50:00 to 2021-08-09 04:05:00 ]
2021-09-04 05:07:09,415 read MIDU from av [ 2021-09-03 19:45:00 to 2021-08-09 09:35:00 ]
2021-09-04 05:07:10,112 read AAPL from av [ 2021-09-03 20:00:00 to 2021-08-06 04:05:00 ]
2021-09-04 05:07:11,013 read GOOG from av [ 2021-09-03 18:50:00 to 2021-08-06 08:40:00 ]
2021-09-04 05:13:12,190 Time out ^GSPC
2021-09-04 05:19:13,040 Time out ^DJI
2021-09-04 05:25:13,935 Time out ^TNX
2021-09-04 05:25:14,313 read MSFT from av [ 2021-09-03 19:50:00 to 2021-08-06 04:05:00 ]
2021-09-04 05:31:15,718 Time out ^VXGOG
2021-09-04 05:37:16,635 Time out ^VXAPL
2021-09-04 05:43:17,444 Time out ^VXGS
2021-09-04 05:49:18,283 Time out ^VXAZN
2021-09-04 05:55:19,219 Time out ^VXIBM
2021-09-04 05:55:19,549 read GS from av [ 2021-09-03 18:25:00 to 2021-08-09 04:15:00 ]
2021-09-04 05:55:20,418 read IBM from av [ 2021-09-03 18:50:00 to 2021-08-06 07:05:00 ]
2021-09-04 05:55:21,112 read FB from av [ 2021-09-03 19:55:00 to 2021-08-06 06:20:00 ]
2021-09-04 06:01:22,463 Time out ^TYVIX
2021-09-04 06:01:23,257 read SPY from av [ 2021-09-03 20:00:00 to 2021-08-06 04:10:00 ]
2021-09-04 06:01:24,137 read GOOGL from av [ 2021-09-03 16:45:00 to 2021-08-06 06:20:00 ]
2021-09-04 06:01:24,818 read JPM from av [ 2021-09-03 20:00:00 to 2021-08-06 04:50:00 ]
2021-09-04 06:01:25,532 read JNJ from av [ 2021-09-03 18:15:00 to 2021-08-06 08:05:00 ]
2021-09-04 06:01:26,402 read BAC from av [ 2021-09-03 20:00:00 to 2021-08-06 04:50:00 ]
2021-09-04 06:01:27,185 read V from av [ 2021-09-03 19:45:00 to 2021-08-09 04:40:00 ]
2021-09-04 06:01:27,865 read WFC from av [ 2021-09-03 20:00:00 to 2021-08-09 06:15:00 ]
2021-09-04 06:01:28,865 read MA from av [ 2021-09-03 20:00:00 to 2021-08-09 07:45:00 ]
2021-09-04 06:01:29,814 read C from av [ 2021-09-03 19:55:00 to 2021-08-09 04:10:00 ]
2021-09-04 06:01:30,591 read PYPL from av [ 2021-09-03 20:00:00 to 2021-08-09 05:40:00 ]
2021-09-04 06:01:31,305 read OIL from av [ 2021-09-03 16:00:00 to 2021-08-09 07:30:00 ]
2021-09-04 06:07:32,244 Time out DX-Y.NYB
2021-09-04 06:07:32,577 read GLD from av [ 2021-09-03 17:25:00 to 2021-08-09 04:05:00 ]
2021-09-04 06:07:34,145 read UUP from av [ 2021-09-03 16:00:00 to 2021-08-09 04:05:00 ]
2021-09-04 06:07:35,824 read SHY from av [ 2021-09-03 16:20:00 to 2021-08-09 04:50:00 ]
2021-09-04 06:07:37,226 read SHV from av [ 2021-09-03 16:05:00 to 2021-08-09 09:35:00 ]
2021-09-04 06:07:39,063 read IEF from av [ 2021-09-03 16:30:00 to 2021-08-09 07:45:00 ]
2021-09-04 06:13:40,092 Time out ^IRX
2021-09-04 06:19:40,853 Time out ^FVX
2021-09-04 06:25:41,625 Time out ^TYX
2021-09-04 06:25:44,136 read SQQQ from av [ 2021-09-03 20:00:00 to 2021-08-09 04:05:00 ]
2021-09-04 06:25:45,190 read TQQQ from av [ 2021-09-03 20:00:00 to 2021-08-09 04:05:00 ]
2021-09-04 06:31:46,443 Time out ^VXX
2021-09-04 06:37:47,215 Time out ^VXZ
2021-09-04 06:37:48,614 read IYE from av [ 2021-09-03 16:00:00 to 2021-08-09 09:10:00 ]
2021-09-04 06:37:49,544 read IYY from av [ 2021-09-03 16:00:00 to 2021-08-09 09:35:00 ]
2021-09-04 06:37:51,220 read IYF from av [ 2021-09-03 16:00:00 to 2021-08-09 07:50:00 ]
2021-09-04 06:37:52,963 read IYR from av [ 2021-09-03 19:55:00 to 2021-08-09 07:10:00 ]
2021-09-04 06:37:54,546 read IYW from av [ 2021-09-03 16:00:00 to 2021-08-09 09:35:00 ]
2021-09-04 06:37:55,833 read IYT from av [ 2021-09-03 16:00:00 to 2021-08-09 09:35:00 ]
2021-09-04 06:37:56,939 read PEJ from av [ 2021-09-03 16:00:00 to 2021-08-09 04:50:00 ]
2021-09-04 06:37:57,639 read USO from av [ 2021-09-03 18:10:00 to 2021-08-09 04:05:00 ]
2021-09-04 06:37:59,343 read DBC from av [ 2021-09-03 16:50:00 to 2021-08-09 04:30:00 ]
2021-09-04 06:38:00,793 read GSG from av [ 2021-09-03 16:00:00 to 2021-08-09 06:50:00 ]
2021-09-04 06:38:01,356 read VTI from av [ 2021-09-03 17:05:00 to 2021-08-06 08:05:00 ]
2021-09-04 06:44:02,678 Time out ^RUT
2021-09-04 06:44:03,610 read FDN from av [ 2021-09-03 16:00:00 to 2021-08-09 06:05:00 ]
2021-09-04 06:44:04,155 read XLV from av [ 2021-09-03 17:15:00 to 2021-08-09 04:10:00 ]
2021-09-04 06:44:06,039 read IBB from av [ 2021-09-03 16:05:00 to 2021-08-09 08:05:00 ]
2021-09-04 06:44:06,626 read KRE from av [ 2021-09-03 16:50:00 to 2021-08-09 04:35:00 ]
2021-09-04 06:44:08,222 read KBE from av [ 2021-09-03 16:00:00 to 2021-08-09 05:35:00 ]
2021-09-04 06:44:09,029 read XLF from av [ 2021-09-03 19:50:00 to 2021-08-09 04:05:00 ]
2021-09-04 06:44:10,089 read XLP from av [ 2021-09-03 19:00:00 to 2021-08-09 06:05:00 ]
2021-09-04 06:44:10,994 read XLY from av [ 2021-09-03 16:50:00 to 2021-08-09 08:05:00 ]
2021-09-04 06:44:11,793 read VNQ from av [ 2021-09-03 18:00:00 to 2021-08-09 07:50:00 ]
2021-09-04 06:44:12,383 read XLB from av [ 2021-09-03 19:55:00 to 2021-08-09 07:20:00 ]
2021-09-04 06:44:12,978 read XLI from av [ 2021-09-03 19:30:00 to 2021-08-09 05:45:00 ]
2021-09-04 06:44:14,610 read KBWB from av [ 2021-09-03 16:00:00 to 2021-08-09 09:35:00 ]
2021-09-04 06:50:17,423 Time out TVIX
2021-09-04 06:56:18,329 Time out ^VVIX
2021-09-04 06:56:18,872 read VIXM from av [ 2021-09-03 16:00:00 to 2021-08-09 09:35:00 ]
2021-09-04 06:56:20,634 read VIXY from av [ 2021-09-03 19:55:00 to 2021-08-09 04:05:00 ]
2021-09-04 06:56:23,003 read VXX from av [ 2021-09-03 20:00:00 to 2021-08-09 04:05:00 ]
2021-09-04 06:56:25,105 read SVXY from av [ 2021-09-03 18:50:00 to 2021-08-09 04:05:00 ]
2021-09-04 06:56:28,425 read UVXY from av [ 2021-09-03 20:00:00 to 2021-08-09 04:05:00 ]
2021-09-04 06:56:29,530 read VIXY from av [ 2021-09-03 19:55:00 to 2021-08-09 04:05:00 ]
