2021-05-01 09:02:04,625 read QQQ from av [ 2021-04-05 04:05:00 to 2021-04-30 20:00:00 ]
2021-05-01 09:08:06,587 Time out ^VIX
2021-05-01 09:08:07,216 read FAS from av [ 2021-04-05 06:35:00 to 2021-04-30 19:20:00 ]
2021-05-01 09:08:08,604 read MIDU from av [ 2021-04-05 04:50:00 to 2021-04-30 16:00:00 ]
2021-05-01 09:08:09,659 read AAPL from av [ 2021-04-05 04:05:00 to 2021-04-30 20:00:00 ]
2021-05-01 09:08:10,939 read GOOG from av [ 2021-04-05 06:55:00 to 2021-04-30 18:15:00 ]
2021-05-01 09:14:12,241 Time out ^GSPC
2021-05-01 09:20:13,136 Time out ^DJI
2021-05-01 09:26:13,946 Time out ^TNX
2021-05-01 09:26:14,780 read MSFT from av [ 2021-04-05 04:10:00 to 2021-04-30 20:00:00 ]
2021-05-01 09:32:16,110 Time out ^VXGOG
2021-05-01 09:38:17,035 Time out ^VXAPL
2021-05-01 09:44:17,936 Time out ^VXGS
2021-05-01 09:50:18,901 Time out ^VXAZN
2021-05-01 09:56:19,752 Time out ^VXIBM
2021-05-01 09:56:20,380 read GS from av [ 2021-04-05 04:40:00 to 2021-04-30 18:55:00 ]
2021-05-01 09:56:21,285 read IBM from av [ 2021-04-05 07:05:00 to 2021-04-30 20:00:00 ]
2021-05-01 09:56:22,457 read FB from av [ 2021-04-05 04:05:00 to 2021-04-30 19:55:00 ]
2021-05-01 10:02:23,744 Time out ^TYVIX
2021-05-01 10:02:24,512 read SPY from av [ 2021-04-05 04:05:00 to 2021-04-30 20:00:00 ]
2021-05-01 10:02:25,761 read GOOGL from av [ 2021-04-05 07:05:00 to 2021-04-30 17:15:00 ]
2021-05-01 10:02:26,736 read JPM from av [ 2021-04-05 04:05:00 to 2021-04-30 19:30:00 ]
2021-05-01 10:02:27,699 read JNJ from av [ 2021-04-05 07:05:00 to 2021-04-30 18:40:00 ]
2021-05-01 10:02:28,740 read BAC from av [ 2021-04-05 04:05:00 to 2021-04-30 20:00:00 ]
2021-05-01 10:02:29,849 read V from av [ 2021-04-05 04:55:00 to 2021-04-30 19:15:00 ]
2021-05-01 10:02:30,981 read WFC from av [ 2021-04-05 04:15:00 to 2021-04-30 20:00:00 ]
2021-05-01 10:02:31,963 read MA from av [ 2021-04-05 07:05:00 to 2021-04-30 19:30:00 ]
2021-05-01 10:02:33,107 read C from av [ 2021-04-05 04:05:00 to 2021-04-30 20:00:00 ]
2021-05-01 10:02:34,500 read PYPL from av [ 2021-04-05 04:15:00 to 2021-04-30 19:55:00 ]
2021-05-01 10:02:35,259 read OIL from av [ 2021-04-05 08:05:00 to 2021-04-30 16:00:00 ]
2021-05-01 10:08:36,524 Time out DX-Y.NYB
2021-05-01 10:08:37,213 read GLD from av [ 2021-04-05 04:40:00 to 2021-04-30 20:00:00 ]
2021-05-01 10:08:38,198 read UUP from av [ 2021-04-05 07:05:00 to 2021-04-30 18:30:00 ]
2021-05-01 10:08:38,985 read SHY from av [ 2021-04-05 04:05:00 to 2021-04-30 17:50:00 ]
2021-05-01 10:08:39,925 read SHV from av [ 2021-04-05 07:35:00 to 2021-04-30 16:10:00 ]
2021-05-01 10:08:40,809 read IEF from av [ 2021-04-05 07:10:00 to 2021-04-30 17:35:00 ]
2021-05-01 10:14:41,982 Time out ^IRX
2021-05-01 10:20:42,899 Time out ^FVX
2021-05-01 10:26:43,798 Time out ^TYX
2021-05-01 10:26:44,680 read SQQQ from av [ 2021-04-05 04:05:00 to 2021-04-30 20:00:00 ]
2021-05-01 10:26:46,001 read TQQQ from av [ 2021-04-05 04:05:00 to 2021-04-30 20:00:00 ]
2021-05-01 10:32:47,393 Time out ^VXX
2021-05-01 10:38:48,713 Time out ^VXZ
2021-05-01 10:38:53,298 read IYE from av [ 2021-04-05 07:05:00 to 2021-04-30 16:00:00 ]
2021-05-01 10:38:56,384 read IYY from av [ 2021-04-05 09:35:00 to 2021-04-30 16:00:00 ]
2021-05-01 10:39:00,136 read IYF from av [ 2021-04-05 09:35:00 to 2021-04-30 16:45:00 ]
2021-05-01 10:39:08,103 read IYR from av [ 2021-04-05 09:30:00 to 2021-04-30 18:35:00 ]
2021-05-01 10:39:12,116 read IYW from av [ 2021-04-05 09:35:00 to 2021-04-30 16:05:00 ]
2021-05-01 10:39:13,060 read IYT from av [ 2021-04-05 09:00:00 to 2021-04-30 16:00:00 ]
2021-05-01 10:39:16,672 read PEJ from av [ 2021-04-05 07:50:00 to 2021-04-30 16:40:00 ]
2021-05-01 10:39:17,764 read USO from av [ 2021-04-05 04:05:00 to 2021-04-30 19:55:00 ]
2021-05-01 10:39:18,660 read DBC from av [ 2021-04-05 04:05:00 to 2021-04-30 16:20:00 ]
2021-05-01 10:39:21,914 read GSG from av [ 2021-04-05 05:35:00 to 2021-04-30 16:00:00 ]
2021-05-01 10:39:22,846 read VTI from av [ 2021-04-05 07:05:00 to 2021-04-30 20:00:00 ]
2021-05-01 10:45:23,993 Time out ^RUT
2021-05-01 10:45:24,478 read FDN from av [ 2021-04-05 09:35:00 to 2021-04-30 19:10:00 ]
2021-05-01 10:45:25,354 read XLV from av [ 2021-04-05 07:05:00 to 2021-04-30 16:20:00 ]
2021-05-01 10:45:26,364 read IBB from av [ 2021-04-05 09:10:00 to 2021-04-30 17:00:00 ]
2021-05-01 10:45:27,264 read KRE from av [ 2021-04-05 06:50:00 to 2021-04-30 20:00:00 ]
2021-05-01 10:45:31,010 read KBE from av [ 2021-04-05 07:05:00 to 2021-04-30 16:20:00 ]
2021-05-01 10:45:31,923 read XLF from av [ 2021-04-05 04:05:00 to 2021-04-30 19:20:00 ]
2021-05-01 10:45:32,898 read XLP from av [ 2021-04-05 07:30:00 to 2021-04-30 16:40:00 ]
2021-05-01 10:45:33,857 read XLY from av [ 2021-04-05 07:10:00 to 2021-04-30 16:15:00 ]
2021-05-01 10:45:34,712 read VNQ from av [ 2021-04-05 05:55:00 to 2021-04-30 18:40:00 ]
2021-05-01 10:45:35,593 read XLB from av [ 2021-04-05 07:35:00 to 2021-04-30 17:20:00 ]
2021-05-01 10:45:36,322 read XLI from av [ 2021-04-05 04:15:00 to 2021-04-30 16:10:00 ]
2021-05-01 10:45:37,311 read KBWB from av [ 2021-04-05 09:35:00 to 2021-04-30 16:00:00 ]
2021-05-01 10:51:38,405 Time out TVIX
2021-05-01 10:57:39,374 Time out ^VVIX
2021-05-01 10:57:40,880 read VIXM from av [ 2021-04-05 08:15:00 to 2021-04-30 17:05:00 ]
2021-05-01 10:57:44,241 read VIXY from av [ 2021-04-05 04:15:00 to 2021-04-30 19:35:00 ]
2021-05-01 10:57:45,280 read VXX from av [ 2021-04-05 04:05:00 to 2021-04-30 20:00:00 ]
2021-05-01 10:57:48,055 read SVXY from av [ 2021-04-05 04:05:00 to 2021-04-30 19:45:00 ]
2021-05-01 10:57:49,409 read UVXY from av [ 2021-04-05 04:05:00 to 2021-04-30 20:00:00 ]
2021-05-01 10:57:50,458 read VIXY from av [ 2021-04-05 04:15:00 to 2021-04-30 19:35:00 ]
