2021-04-24 09:02:01,141 read QQQ from av [ 2021-03-26 04:05:00 to 2021-04-23 20:00:00 ]
2021-04-24 09:08:02,418 Time out ^VIX
2021-04-24 09:08:03,214 read FAS from av [ 2021-03-29 07:05:00 to 2021-04-23 20:00:00 ]
2021-04-24 09:08:04,537 read MIDU from av [ 2021-03-29 04:05:00 to 2021-04-23 19:20:00 ]
2021-04-24 09:08:05,569 read AAPL from av [ 2021-03-26 04:05:00 to 2021-04-23 20:00:00 ]
2021-04-24 09:08:06,415 read GOOG from av [ 2021-03-26 06:50:00 to 2021-04-23 18:25:00 ]
2021-04-24 09:14:07,380 Time out ^GSPC
2021-04-24 09:20:08,100 Time out ^DJI
2021-04-24 09:26:08,653 Time out ^TNX
2021-04-24 09:26:09,381 read MSFT from av [ 2021-03-26 04:05:00 to 2021-04-23 20:00:00 ]
2021-04-24 09:32:10,515 Time out ^VXGOG
2021-04-24 09:38:11,160 Time out ^VXAPL
2021-04-24 09:44:11,909 Time out ^VXGS
2021-04-24 09:50:12,483 Time out ^VXAZN
2021-04-24 09:56:13,080 Time out ^VXIBM
2021-04-24 09:56:13,536 read GS from av [ 2021-03-29 04:05:00 to 2021-04-23 19:50:00 ]
2021-04-24 09:56:14,309 read IBM from av [ 2021-03-26 07:35:00 to 2021-04-23 18:55:00 ]
2021-04-24 09:56:15,190 read FB from av [ 2021-03-26 04:10:00 to 2021-04-23 20:00:00 ]
2021-04-24 10:02:16,197 Time out ^TYVIX
2021-04-24 10:02:17,109 read SPY from av [ 2021-03-26 04:05:00 to 2021-04-23 20:00:00 ]
2021-04-24 10:02:18,127 read GOOGL from av [ 2021-03-26 04:20:00 to 2021-04-23 20:00:00 ]
2021-04-24 10:02:18,974 read JPM from av [ 2021-03-29 04:05:00 to 2021-04-23 20:00:00 ]
2021-04-24 10:02:19,814 read JNJ from av [ 2021-03-29 04:25:00 to 2021-04-23 20:00:00 ]
2021-04-24 10:02:20,687 read BAC from av [ 2021-03-29 04:05:00 to 2021-04-23 20:00:00 ]
2021-04-24 10:02:21,530 read V from av [ 2021-03-29 04:05:00 to 2021-04-23 19:20:00 ]
2021-04-24 10:02:22,765 read WFC from av [ 2021-03-29 04:05:00 to 2021-04-23 20:00:00 ]
2021-04-24 10:02:23,612 read MA from av [ 2021-03-29 08:20:00 to 2021-04-23 20:00:00 ]
2021-04-24 10:02:24,490 read C from av [ 2021-03-29 04:10:00 to 2021-04-23 19:45:00 ]
2021-04-24 10:02:25,422 read PYPL from av [ 2021-03-29 04:20:00 to 2021-04-23 19:05:00 ]
2021-04-24 10:02:26,057 read OIL from av [ 2021-03-29 09:30:00 to 2021-04-23 16:00:00 ]
2021-04-24 10:08:26,790 Time out DX-Y.NYB
2021-04-24 10:08:27,338 read GLD from av [ 2021-03-29 04:05:00 to 2021-04-23 19:45:00 ]
2021-04-24 10:08:28,142 read UUP from av [ 2021-03-29 04:05:00 to 2021-04-23 16:05:00 ]
2021-04-24 10:08:28,784 read SHY from av [ 2021-03-29 08:30:00 to 2021-04-23 16:30:00 ]
2021-04-24 10:08:29,455 read SHV from av [ 2021-03-29 09:00:00 to 2021-04-23 16:10:00 ]
2021-04-24 10:08:30,282 read IEF from av [ 2021-03-29 07:05:00 to 2021-04-23 17:05:00 ]
2021-04-24 10:14:31,221 Time out ^IRX
2021-04-24 10:20:32,072 Time out ^FVX
2021-04-24 10:26:33,230 Time out ^TYX
2021-04-24 10:26:34,836 read SQQQ from av [ 2021-03-29 04:05:00 to 2021-04-23 20:00:00 ]
2021-04-24 10:26:36,292 read TQQQ from av [ 2021-03-29 04:05:00 to 2021-04-23 20:00:00 ]
2021-04-24 10:32:37,669 Time out ^VXX
2021-04-24 10:38:39,472 Time out ^VXZ
2021-04-24 10:38:44,817 read IYE from av [ 2021-03-29 09:35:00 to 2021-04-23 16:00:00 ]
2021-04-24 10:38:48,158 read IYY from av [ 2021-03-29 08:05:00 to 2021-04-23 16:00:00 ]
2021-04-24 10:38:51,904 read IYF from av [ 2021-03-29 09:35:00 to 2021-04-23 16:00:00 ]
2021-04-24 10:38:55,926 read IYR from av [ 2021-03-29 09:35:00 to 2021-04-23 16:15:00 ]
2021-04-24 10:39:04,087 read IYW from av [ 2021-03-29 09:35:00 to 2021-04-23 16:05:00 ]
2021-04-24 10:39:07,290 read IYT from av [ 2021-03-29 09:35:00 to 2021-04-23 16:00:00 ]
2021-04-24 10:39:10,391 read PEJ from av [ 2021-03-29 05:55:00 to 2021-04-23 17:40:00 ]
2021-04-24 10:39:11,498 read USO from av [ 2021-03-29 04:05:00 to 2021-04-23 20:00:00 ]
2021-04-24 10:39:14,974 read DBC from av [ 2021-03-29 07:15:00 to 2021-04-23 19:30:00 ]
2021-04-24 10:39:18,617 read GSG from av [ 2021-03-29 09:35:00 to 2021-04-23 16:00:00 ]
2021-04-24 10:39:20,067 read VTI from av [ 2021-03-29 04:05:00 to 2021-04-23 19:50:00 ]
2021-04-24 10:45:21,227 Time out ^RUT
2021-04-24 10:45:23,559 read FDN from av [ 2021-03-29 09:35:00 to 2021-04-23 16:15:00 ]
2021-04-24 10:45:24,483 read XLV from av [ 2021-03-29 04:05:00 to 2021-04-23 20:00:00 ]
2021-04-24 10:45:25,262 read IBB from av [ 2021-03-29 09:35:00 to 2021-04-23 17:10:00 ]
2021-04-24 10:45:27,925 read KRE from av [ 2021-03-29 08:05:00 to 2021-04-23 19:40:00 ]
2021-04-24 10:45:32,069 read KBE from av [ 2021-03-29 08:10:00 to 2021-04-23 16:05:00 ]
2021-04-24 10:45:33,043 read XLF from av [ 2021-03-29 04:05:00 to 2021-04-23 20:00:00 ]
2021-04-24 10:45:33,870 read XLP from av [ 2021-03-29 07:10:00 to 2021-04-23 16:50:00 ]
2021-04-24 10:45:34,592 read XLY from av [ 2021-03-29 07:40:00 to 2021-04-23 16:15:00 ]
2021-04-24 10:45:35,544 read VNQ from av [ 2021-03-29 06:00:00 to 2021-04-23 17:00:00 ]
2021-04-24 10:45:36,222 read XLB from av [ 2021-03-29 04:30:00 to 2021-04-23 17:05:00 ]
2021-04-24 10:45:37,047 read XLI from av [ 2021-03-29 06:00:00 to 2021-04-23 16:15:00 ]
2021-04-24 10:45:37,765 read KBWB from av [ 2021-03-29 07:40:00 to 2021-04-23 16:05:00 ]
2021-04-24 10:51:38,827 Time out TVIX
2021-04-24 10:57:39,578 Time out ^VVIX
2021-04-24 10:57:41,023 read VIXM from av [ 2021-03-29 09:35:00 to 2021-04-23 16:00:00 ]
2021-04-24 10:57:44,425 read VIXY from av [ 2021-03-29 04:05:00 to 2021-04-23 20:00:00 ]
2021-04-24 10:57:45,307 read VXX from av [ 2021-03-29 04:05:00 to 2021-04-23 20:00:00 ]
2021-04-24 10:57:46,197 read SVXY from av [ 2021-03-29 04:05:00 to 2021-04-23 19:25:00 ]
2021-04-24 10:57:50,440 read UVXY from av [ 2021-03-29 04:05:00 to 2021-04-23 20:00:00 ]
2021-04-24 10:57:51,332 read VIXY from av [ 2021-03-29 04:05:00 to 2021-04-23 20:00:00 ]
