2021-10-30 05:01:07,936 read QQQ from av [ 2021-10-29 20:00:00 to 2021-10-01 04:05:00 ]
2021-10-30 05:07:09,140 Time out ^VIX
2021-10-30 05:07:09,469 read FAS from av [ 2021-10-29 19:20:00 to 2021-10-01 06:25:00 ]
2021-10-30 05:07:10,325 read MIDU from av [ 2021-10-29 16:05:00 to 2021-10-04 08:05:00 ]
2021-10-30 05:07:11,361 read AAPL from av [ 2021-10-29 20:00:00 to 2021-10-01 04:05:00 ]
2021-10-30 05:07:12,455 read GOOG from av [ 2021-10-29 17:35:00 to 2021-10-01 04:45:00 ]
2021-10-30 05:13:13,741 Time out ^GSPC
2021-10-30 05:19:14,414 Time out ^DJI
2021-10-30 05:25:14,957 Time out ^TNX
2021-10-30 05:25:15,673 read MSFT from av [ 2021-10-29 20:00:00 to 2021-10-01 04:05:00 ]
2021-10-30 05:31:16,840 Time out ^VXGOG
2021-10-30 05:37:17,449 Time out ^VXAPL
2021-10-30 05:43:18,276 Time out ^VXGS
2021-10-30 05:49:18,957 Time out ^VXAZN
2021-10-30 05:55:19,735 Time out ^VXIBM
2021-10-30 05:55:20,233 read GS from av [ 2021-10-29 18:35:00 to 2021-10-04 07:40:00 ]
2021-10-30 05:55:20,916 read IBM from av [ 2021-10-29 18:45:00 to 2021-10-01 04:15:00 ]
2021-10-30 05:55:22,024 read FB from av [ 2021-10-29 20:00:00 to 2021-10-01 04:05:00 ]
2021-10-30 06:01:23,199 Time out ^TYVIX
2021-10-30 06:01:24,095 read SPY from av [ 2021-10-29 20:00:00 to 2021-10-01 04:05:00 ]
2021-10-30 06:01:25,061 read GOOGL from av [ 2021-10-29 20:00:00 to 2021-10-01 05:05:00 ]
2021-10-30 06:01:25,946 read JPM from av [ 2021-10-29 18:50:00 to 2021-10-04 05:25:00 ]
2021-10-30 06:01:26,710 read JNJ from av [ 2021-10-29 18:25:00 to 2021-10-04 05:20:00 ]
2021-10-30 06:01:27,468 read BAC from av [ 2021-10-29 20:00:00 to 2021-10-04 04:05:00 ]
2021-10-30 06:01:28,596 read V from av [ 2021-10-29 20:00:00 to 2021-10-04 04:10:00 ]
2021-10-30 06:01:29,456 read WFC from av [ 2021-10-29 20:00:00 to 2021-10-04 05:25:00 ]
2021-10-30 06:01:30,233 read MA from av [ 2021-10-29 19:05:00 to 2021-10-04 07:05:00 ]
2021-10-30 06:01:31,228 read C from av [ 2021-10-29 20:00:00 to 2021-10-04 04:05:00 ]
2021-10-30 06:01:32,305 read PYPL from av [ 2021-10-29 20:00:00 to 2021-10-04 05:15:00 ]
2021-10-30 06:01:33,124 read OIL from av [ 2021-10-29 16:00:00 to 2021-10-04 08:55:00 ]
2021-10-30 06:07:33,980 Time out DX-Y.NYB
2021-10-30 06:07:34,355 read GLD from av [ 2021-10-29 20:00:00 to 2021-10-04 04:05:00 ]
2021-10-30 06:07:35,935 read UUP from av [ 2021-10-29 20:00:00 to 2021-10-04 05:55:00 ]
2021-10-30 06:07:36,512 read SHY from av [ 2021-10-29 16:10:00 to 2021-10-04 06:30:00 ]
2021-10-30 06:07:38,057 read SHV from av [ 2021-10-29 16:10:00 to 2021-10-04 09:35:00 ]
2021-10-30 06:07:39,918 read IEF from av [ 2021-10-29 16:35:00 to 2021-10-04 06:50:00 ]
2021-10-30 06:13:40,989 Time out ^IRX
2021-10-30 06:19:41,701 Time out ^FVX
2021-10-30 06:25:42,505 Time out ^TYX
2021-10-30 06:25:42,895 read SQQQ from av [ 2021-10-29 20:00:00 to 2021-10-04 04:05:00 ]
2021-10-30 06:25:43,890 read TQQQ from av [ 2021-10-29 20:00:00 to 2021-10-01 04:05:00 ]
2021-10-30 06:31:45,169 Time out ^VXX
2021-10-30 06:37:45,919 Time out ^VXZ
2021-10-30 06:37:47,164 read IYE from av [ 2021-10-29 16:00:00 to 2021-10-04 09:35:00 ]
2021-10-30 06:37:47,853 read IYY from av [ 2021-10-29 16:00:00 to 2021-10-04 09:35:00 ]
2021-10-30 06:37:49,289 read IYF from av [ 2021-10-29 16:00:00 to 2021-10-04 09:35:00 ]
2021-10-30 06:37:49,877 read IYR from av [ 2021-10-29 16:10:00 to 2021-10-01 09:30:00 ]
2021-10-30 06:37:51,295 read IYW from av [ 2021-10-29 16:00:00 to 2021-10-04 04:35:00 ]
2021-10-30 06:37:52,325 read IYT from av [ 2021-10-29 16:00:00 to 2021-10-04 09:35:00 ]
2021-10-30 06:37:53,569 read PEJ from av [ 2021-10-29 16:05:00 to 2021-10-04 07:50:00 ]
2021-10-30 06:37:54,373 read USO from av [ 2021-10-29 17:00:00 to 2021-10-04 04:15:00 ]
2021-10-30 06:37:56,741 read DBC from av [ 2021-10-29 18:10:00 to 2021-10-04 08:45:00 ]
2021-10-30 06:37:58,089 read GSG from av [ 2021-10-29 16:25:00 to 2021-10-04 09:10:00 ]
2021-10-30 06:37:58,882 read VTI from av [ 2021-10-29 19:25:00 to 2021-10-04 06:15:00 ]
2021-10-30 06:44:00,011 Time out ^RUT
2021-10-30 06:44:01,065 read FDN from av [ 2021-10-29 16:30:00 to 2021-10-04 09:35:00 ]
2021-10-30 06:44:01,681 read XLV from av [ 2021-10-29 20:00:00 to 2021-10-04 06:50:00 ]
2021-10-30 06:44:03,888 read IBB from av [ 2021-10-29 17:10:00 to 2021-10-04 08:50:00 ]
2021-10-30 06:44:06,305 read KRE from av [ 2021-10-29 17:25:00 to 2021-10-04 05:00:00 ]
2021-10-30 06:44:08,212 read KBE from av [ 2021-10-29 16:30:00 to 2021-10-04 09:35:00 ]
2021-10-30 06:44:08,916 read XLF from av [ 2021-10-29 20:00:00 to 2021-10-04 04:05:00 ]
2021-10-30 06:44:09,715 read XLP from av [ 2021-10-29 17:15:00 to 2021-10-04 04:15:00 ]
2021-10-30 06:44:10,419 read XLY from av [ 2021-10-29 16:25:00 to 2021-10-04 04:15:00 ]
2021-10-30 06:44:10,981 read VNQ from av [ 2021-10-29 16:15:00 to 2021-10-04 04:05:00 ]
2021-10-30 06:44:11,600 read XLB from av [ 2021-10-29 17:45:00 to 2021-10-01 07:05:00 ]
2021-10-30 06:44:12,217 read XLI from av [ 2021-10-29 16:30:00 to 2021-10-04 04:55:00 ]
2021-10-30 06:44:13,990 read KBWB from av [ 2021-10-29 16:00:00 to 2021-10-04 08:40:00 ]
2021-10-30 06:50:16,860 Time out TVIX
2021-10-30 06:56:17,643 Time out ^VVIX
2021-10-30 06:56:18,105 read VIXM from av [ 2021-10-29 16:00:00 to 2021-10-04 09:35:00 ]
2021-10-30 06:56:20,101 read VIXY from av [ 2021-10-29 20:00:00 to 2021-10-04 04:05:00 ]
2021-10-30 06:56:22,909 read VXX from av [ 2021-10-29 20:00:00 to 2021-10-04 04:05:00 ]
2021-10-30 06:56:25,214 read SVXY from av [ 2021-10-29 17:00:00 to 2021-10-04 04:05:00 ]
2021-10-30 06:56:26,235 read UVXY from av [ 2021-10-29 20:00:00 to 2021-10-04 04:05:00 ]
2021-10-30 06:56:27,478 read VIXY from av [ 2021-10-29 20:00:00 to 2021-10-04 04:05:00 ]
