2021-07-17 09:01:56,236 read QQQ from av [ 2021-06-18 04:05:00 to 2021-07-16 20:00:00 ]
2021-07-17 09:07:57,643 Time out ^VIX
2021-07-17 09:07:58,191 read FAS from av [ 2021-06-21 04:15:00 to 2021-07-16 19:55:00 ]
2021-07-17 09:07:59,353 read MIDU from av [ 2021-06-21 07:05:00 to 2021-07-16 17:30:00 ]
2021-07-17 09:08:00,306 read AAPL from av [ 2021-06-18 04:05:00 to 2021-07-16 20:00:00 ]
2021-07-17 09:08:01,342 read GOOG from av [ 2021-06-18 05:25:00 to 2021-07-16 16:50:00 ]
2021-07-17 09:14:02,652 Time out ^GSPC
2021-07-17 09:20:03,613 Time out ^DJI
2021-07-17 09:26:04,417 Time out ^TNX
2021-07-17 09:26:05,191 read MSFT from av [ 2021-06-18 04:10:00 to 2021-07-16 20:00:00 ]
2021-07-17 09:32:07,666 Time out ^VXGOG
2021-07-17 09:38:08,657 Time out ^VXAPL
2021-07-17 09:44:09,624 Time out ^VXGS
2021-07-17 09:50:10,542 Time out ^VXAZN
2021-07-17 09:56:11,524 Time out ^VXIBM
2021-07-17 09:56:12,130 read GS from av [ 2021-06-18 06:20:00 to 2021-07-16 19:15:00 ]
2021-07-17 09:56:12,950 read IBM from av [ 2021-06-18 07:10:00 to 2021-07-16 19:30:00 ]
2021-07-17 09:56:13,846 read FB from av [ 2021-06-18 04:15:00 to 2021-07-16 20:00:00 ]
2021-07-17 10:02:15,251 Time out ^TYVIX
2021-07-17 10:02:16,079 read SPY from av [ 2021-06-18 04:05:00 to 2021-07-16 20:00:00 ]
2021-07-17 10:02:17,025 read GOOGL from av [ 2021-06-18 08:40:00 to 2021-07-16 19:00:00 ]
2021-07-17 10:02:17,911 read JPM from av [ 2021-06-21 04:15:00 to 2021-07-16 19:55:00 ]
2021-07-17 10:02:18,757 read JNJ from av [ 2021-06-21 07:05:00 to 2021-07-16 18:40:00 ]
2021-07-17 10:02:19,821 read BAC from av [ 2021-06-18 04:05:00 to 2021-07-16 20:00:00 ]
2021-07-17 10:02:20,627 read V from av [ 2021-06-18 05:30:00 to 2021-07-16 19:45:00 ]
2021-07-17 10:02:21,712 read WFC from av [ 2021-06-21 04:05:00 to 2021-07-16 19:55:00 ]
2021-07-17 10:02:22,484 read MA from av [ 2021-06-18 08:40:00 to 2021-07-16 19:45:00 ]
2021-07-17 10:02:23,405 read C from av [ 2021-06-21 04:05:00 to 2021-07-16 20:00:00 ]
2021-07-17 10:02:24,298 read PYPL from av [ 2021-06-21 04:05:00 to 2021-07-16 18:25:00 ]
2021-07-17 10:02:24,982 read OIL from av [ 2021-06-21 08:10:00 to 2021-07-16 16:00:00 ]
2021-07-17 10:08:26,058 Time out DX-Y.NYB
2021-07-17 10:08:26,739 read GLD from av [ 2021-06-21 04:05:00 to 2021-07-16 19:55:00 ]
2021-07-17 10:08:27,688 read UUP from av [ 2021-06-21 04:10:00 to 2021-07-16 17:25:00 ]
2021-07-17 10:08:28,431 read SHY from av [ 2021-06-21 07:55:00 to 2021-07-16 16:30:00 ]
2021-07-17 10:08:29,240 read SHV from av [ 2021-06-21 07:45:00 to 2021-07-16 16:05:00 ]
2021-07-17 10:08:30,081 read IEF from av [ 2021-06-21 06:25:00 to 2021-07-16 16:20:00 ]
2021-07-17 10:14:31,260 Time out ^IRX
2021-07-17 10:20:32,114 Time out ^FVX
2021-07-17 10:26:33,016 Time out ^TYX
2021-07-17 10:26:33,677 read SQQQ from av [ 2021-06-21 04:05:00 to 2021-07-16 20:00:00 ]
2021-07-17 10:26:34,790 read TQQQ from av [ 2021-06-21 04:05:00 to 2021-07-16 20:00:00 ]
2021-07-17 10:32:36,203 Time out ^VXX
2021-07-17 10:38:37,238 Time out ^VXZ
2021-07-17 10:38:40,873 read IYE from av [ 2021-06-21 09:35:00 to 2021-07-16 16:00:00 ]
2021-07-17 10:38:43,429 read IYY from av [ 2021-06-21 09:35:00 to 2021-07-16 16:50:00 ]
2021-07-17 10:38:47,081 read IYF from av [ 2021-06-21 09:30:00 to 2021-07-16 16:00:00 ]
2021-07-17 10:38:51,378 read IYR from av [ 2021-06-21 09:35:00 to 2021-07-16 16:05:00 ]
2021-07-17 10:38:55,251 read IYW from av [ 2021-06-21 09:35:00 to 2021-07-16 16:00:00 ]
2021-07-17 10:38:55,925 read IYT from av [ 2021-06-21 09:35:00 to 2021-07-16 16:45:00 ]
2021-07-17 10:38:59,033 read PEJ from av [ 2021-06-21 05:50:00 to 2021-07-16 16:00:00 ]
2021-07-17 10:38:59,804 read USO from av [ 2021-06-21 04:50:00 to 2021-07-16 19:35:00 ]
2021-07-17 10:39:00,630 read DBC from av [ 2021-06-21 08:05:00 to 2021-07-16 19:35:00 ]
2021-07-17 10:39:05,266 read GSG from av [ 2021-06-21 04:05:00 to 2021-07-16 16:05:00 ]
2021-07-17 10:39:06,045 read VTI from av [ 2021-06-21 04:05:00 to 2021-07-16 19:55:00 ]
2021-07-17 10:45:07,419 Time out ^RUT
2021-07-17 10:45:08,030 read FDN from av [ 2021-06-21 09:35:00 to 2021-07-16 16:00:00 ]
2021-07-17 10:45:08,868 read XLV from av [ 2021-06-21 07:10:00 to 2021-07-16 16:25:00 ]
2021-07-17 10:45:09,735 read IBB from av [ 2021-06-21 04:05:00 to 2021-07-16 16:25:00 ]
2021-07-17 10:45:10,624 read KRE from av [ 2021-06-21 06:05:00 to 2021-07-16 19:50:00 ]
2021-07-17 10:45:14,008 read KBE from av [ 2021-06-21 04:35:00 to 2021-07-16 20:00:00 ]
2021-07-17 10:45:14,923 read XLF from av [ 2021-06-21 04:05:00 to 2021-07-16 20:00:00 ]
2021-07-17 10:45:19,143 read XLP from av [ 2021-06-21 04:05:00 to 2021-07-16 16:45:00 ]
2021-07-17 10:45:19,876 read XLY from av [ 2021-06-21 04:25:00 to 2021-07-16 18:05:00 ]
2021-07-17 10:45:20,577 read VNQ from av [ 2021-06-21 04:10:00 to 2021-07-16 16:25:00 ]
2021-07-17 10:45:21,310 read XLB from av [ 2021-06-21 04:10:00 to 2021-07-16 16:35:00 ]
2021-07-17 10:45:22,233 read XLI from av [ 2021-06-21 07:05:00 to 2021-07-16 20:00:00 ]
2021-07-17 10:45:22,936 read KBWB from av [ 2021-06-21 09:35:00 to 2021-07-16 16:05:00 ]
2021-07-17 10:51:24,222 Time out TVIX
2021-07-17 10:57:25,125 Time out ^VVIX
2021-07-17 10:57:26,323 read VIXM from av [ 2021-06-21 09:35:00 to 2021-07-16 16:00:00 ]
2021-07-17 10:57:29,468 read VIXY from av [ 2021-06-21 04:05:00 to 2021-07-16 19:55:00 ]
2021-07-17 10:57:30,440 read VXX from av [ 2021-06-21 04:05:00 to 2021-07-16 20:00:00 ]
2021-07-17 10:57:33,498 read SVXY from av [ 2021-06-21 04:05:00 to 2021-07-16 20:00:00 ]
2021-07-17 10:57:34,678 read UVXY from av [ 2021-06-21 04:05:00 to 2021-07-16 20:00:00 ]
2021-07-17 10:57:35,614 read VIXY from av [ 2021-06-21 04:05:00 to 2021-07-16 19:55:00 ]
