2021-08-14 05:01:07,363 read QQQ from av [ 2021-08-13 20:00:00 to 2021-07-16 04:05:00 ]
2021-08-14 05:07:08,946 Time out ^VIX
2021-08-14 05:07:10,133 read FAS from av [ 2021-08-13 19:55:00 to 2021-07-19 04:35:00 ]
2021-08-14 05:07:10,966 read MIDU from av [ 2021-08-13 16:00:00 to 2021-07-19 04:55:00 ]
2021-08-14 05:07:12,701 read AAPL from av [ 2021-08-13 20:00:00 to 2021-07-16 04:05:00 ]
2021-08-14 05:07:13,696 read GOOG from av [ 2021-08-13 18:55:00 to 2021-07-16 08:20:00 ]
2021-08-14 05:13:15,011 Time out ^GSPC
2021-08-14 05:19:16,243 Time out ^DJI
2021-08-14 05:25:17,044 Time out ^TNX
2021-08-14 05:25:17,719 read MSFT from av [ 2021-08-13 20:00:00 to 2021-07-16 04:10:00 ]
2021-08-14 05:31:19,005 Time out ^VXGOG
2021-08-14 05:37:19,711 Time out ^VXAPL
2021-08-14 05:43:20,549 Time out ^VXGS
2021-08-14 05:49:21,388 Time out ^VXAZN
2021-08-14 05:55:22,125 Time out ^VXIBM
2021-08-14 05:55:22,454 read GS from av [ 2021-08-13 18:55:00 to 2021-07-19 06:45:00 ]
2021-08-14 05:55:23,166 read IBM from av [ 2021-08-13 19:10:00 to 2021-07-16 08:20:00 ]
2021-08-14 05:55:24,130 read FB from av [ 2021-08-13 19:55:00 to 2021-07-16 05:45:00 ]
2021-08-14 06:01:25,161 Time out ^TYVIX
2021-08-14 06:01:26,655 read SPY from av [ 2021-08-13 20:00:00 to 2021-07-16 04:05:00 ]
2021-08-14 06:01:28,273 read GOOGL from av [ 2021-08-13 16:10:00 to 2021-07-16 07:15:00 ]
2021-08-14 06:01:28,973 read JPM from av [ 2021-08-13 19:50:00 to 2021-07-16 04:15:00 ]
2021-08-14 06:01:29,671 read JNJ from av [ 2021-08-13 19:05:00 to 2021-07-16 05:30:00 ]
2021-08-14 06:01:30,724 read BAC from av [ 2021-08-13 20:00:00 to 2021-07-16 04:05:00 ]
2021-08-14 06:01:31,752 read V from av [ 2021-08-13 20:00:00 to 2021-07-19 04:25:00 ]
2021-08-14 06:01:32,476 read WFC from av [ 2021-08-13 20:00:00 to 2021-07-16 04:05:00 ]
2021-08-14 06:01:33,121 read MA from av [ 2021-08-13 16:35:00 to 2021-07-16 05:50:00 ]
2021-08-14 06:01:33,964 read C from av [ 2021-08-13 19:40:00 to 2021-07-19 04:05:00 ]
2021-08-14 06:01:34,930 read PYPL from av [ 2021-08-13 19:45:00 to 2021-07-19 04:30:00 ]
2021-08-14 06:01:35,596 read OIL from av [ 2021-08-13 16:00:00 to 2021-07-19 09:10:00 ]
2021-08-14 06:07:36,423 Time out DX-Y.NYB
2021-08-14 06:07:37,099 read GLD from av [ 2021-08-13 20:00:00 to 2021-07-19 04:05:00 ]
2021-08-14 06:07:37,948 read UUP from av [ 2021-08-13 16:00:00 to 2021-07-19 04:10:00 ]
2021-08-14 06:07:38,459 read SHY from av [ 2021-08-13 16:30:00 to 2021-07-19 07:30:00 ]
2021-08-14 06:07:39,191 read SHV from av [ 2021-08-13 18:50:00 to 2021-07-19 08:45:00 ]
2021-08-14 06:07:39,828 read IEF from av [ 2021-08-13 16:30:00 to 2021-07-19 08:15:00 ]
2021-08-14 06:13:40,912 Time out ^IRX
2021-08-14 06:19:41,636 Time out ^FVX
2021-08-14 06:25:42,287 Time out ^TYX
2021-08-14 06:25:43,018 read SQQQ from av [ 2021-08-13 20:00:00 to 2021-07-19 04:05:00 ]
2021-08-14 06:25:43,893 read TQQQ from av [ 2021-08-13 20:00:00 to 2021-07-19 04:05:00 ]
2021-08-14 06:31:45,183 Time out ^VXX
2021-08-14 06:37:45,967 Time out ^VXZ
2021-08-14 06:37:47,469 read IYE from av [ 2021-08-13 17:05:00 to 2021-07-19 07:10:00 ]
2021-08-14 06:37:48,073 read IYY from av [ 2021-08-13 16:55:00 to 2021-07-19 09:35:00 ]
2021-08-14 06:37:49,501 read IYF from av [ 2021-08-13 16:05:00 to 2021-07-19 07:35:00 ]
2021-08-14 06:37:51,387 read IYR from av [ 2021-08-13 16:35:00 to 2021-07-19 08:05:00 ]
2021-08-14 06:37:52,945 read IYW from av [ 2021-08-13 16:00:00 to 2021-07-19 07:05:00 ]
2021-08-14 06:37:54,248 read IYT from av [ 2021-08-13 16:00:00 to 2021-07-19 07:05:00 ]
2021-08-14 06:37:55,426 read PEJ from av [ 2021-08-13 16:00:00 to 2021-07-19 07:05:00 ]
2021-08-14 06:37:56,064 read USO from av [ 2021-08-13 17:45:00 to 2021-07-19 04:05:00 ]
2021-08-14 06:37:57,763 read DBC from av [ 2021-08-13 18:20:00 to 2021-07-19 04:05:00 ]
2021-08-14 06:37:59,107 read GSG from av [ 2021-08-13 16:00:00 to 2021-07-19 08:00:00 ]
2021-08-14 06:37:59,612 read VTI from av [ 2021-08-13 19:50:00 to 2021-07-19 04:05:00 ]
2021-08-14 06:44:00,703 Time out ^RUT
2021-08-14 06:44:01,870 read FDN from av [ 2021-08-13 16:20:00 to 2021-07-19 09:35:00 ]
2021-08-14 06:44:02,471 read XLV from av [ 2021-08-13 16:40:00 to 2021-07-19 04:05:00 ]
2021-08-14 06:44:03,060 read IBB from av [ 2021-08-13 16:00:00 to 2021-07-19 08:05:00 ]
2021-08-14 06:44:04,645 read KRE from av [ 2021-08-13 18:45:00 to 2021-07-19 04:05:00 ]
2021-08-14 06:44:06,638 read KBE from av [ 2021-08-13 16:55:00 to 2021-07-19 05:35:00 ]
2021-08-14 06:44:07,513 read XLF from av [ 2021-08-13 20:00:00 to 2021-07-19 04:05:00 ]
2021-08-14 06:44:08,322 read XLP from av [ 2021-08-13 20:00:00 to 2021-07-19 05:10:00 ]
2021-08-14 06:44:08,956 read XLY from av [ 2021-08-13 17:45:00 to 2021-07-19 05:00:00 ]
2021-08-14 06:44:09,661 read VNQ from av [ 2021-08-13 16:05:00 to 2021-07-19 04:10:00 ]
2021-08-14 06:44:10,234 read XLB from av [ 2021-08-13 17:25:00 to 2021-07-19 07:15:00 ]
2021-08-14 06:44:10,842 read XLI from av [ 2021-08-13 18:20:00 to 2021-07-19 04:35:00 ]
2021-08-14 06:44:12,078 read KBWB from av [ 2021-08-13 18:25:00 to 2021-07-19 07:40:00 ]
2021-08-14 06:50:13,193 Time out TVIX
2021-08-14 06:56:14,274 Time out ^VVIX
2021-08-14 06:56:14,823 read VIXM from av [ 2021-08-13 17:20:00 to 2021-07-19 09:35:00 ]
2021-08-14 06:56:16,724 read VIXY from av [ 2021-08-13 19:45:00 to 2021-07-19 04:40:00 ]
2021-08-14 06:56:17,762 read VXX from av [ 2021-08-13 20:00:00 to 2021-07-19 04:05:00 ]
2021-08-14 06:56:18,640 read SVXY from av [ 2021-08-13 16:50:00 to 2021-07-19 04:10:00 ]
2021-08-14 06:56:21,659 read UVXY from av [ 2021-08-13 20:00:00 to 2021-07-19 04:05:00 ]
2021-08-14 06:56:22,678 read VIXY from av [ 2021-08-13 19:45:00 to 2021-07-19 04:40:00 ]
