2021-07-10 09:02:14,152 read QQQ from av [ 2021-06-11 04:05:00 to 2021-07-08 20:00:00 ]
2021-07-10 09:08:15,771 Time out ^VIX
2021-07-10 09:08:16,457 read FAS from av [ 2021-06-14 07:10:00 to 2021-07-08 19:55:00 ]
2021-07-10 09:08:17,509 read MIDU from av [ 2021-06-14 08:25:00 to 2021-07-08 16:05:00 ]
2021-07-10 09:08:18,439 read AAPL from av [ 2021-06-11 04:05:00 to 2021-07-08 20:00:00 ]
2021-07-10 09:08:19,452 read GOOG from av [ 2021-06-11 05:50:00 to 2021-07-08 20:00:00 ]
2021-07-10 09:14:20,733 Time out ^GSPC
2021-07-10 09:20:21,735 Time out ^DJI
2021-07-10 09:26:22,678 Time out ^TNX
2021-07-10 09:26:23,256 read MSFT from av [ 2021-06-11 04:05:00 to 2021-07-08 20:00:00 ]
2021-07-10 09:32:24,757 Time out ^VXGOG
2021-07-10 09:38:25,779 Time out ^VXAPL
2021-07-10 09:44:26,571 Time out ^VXGS
2021-07-10 09:50:27,525 Time out ^VXAZN
2021-07-10 09:56:28,426 Time out ^VXIBM
2021-07-10 09:56:28,922 read GS from av [ 2021-06-14 06:20:00 to 2021-07-08 20:00:00 ]
2021-07-10 09:56:29,660 read IBM from av [ 2021-06-14 04:05:00 to 2021-07-08 18:35:00 ]
2021-07-10 09:56:30,554 read FB from av [ 2021-06-11 05:25:00 to 2021-07-08 20:00:00 ]
2021-07-10 10:02:31,923 Time out ^TYVIX
2021-07-10 10:02:32,719 read SPY from av [ 2021-06-11 04:05:00 to 2021-07-08 20:00:00 ]
2021-07-10 10:02:33,740 read GOOGL from av [ 2021-06-11 07:35:00 to 2021-07-08 20:00:00 ]
2021-07-10 10:02:34,611 read JPM from av [ 2021-06-11 04:15:00 to 2021-07-08 20:00:00 ]
2021-07-10 10:02:35,463 read JNJ from av [ 2021-06-14 07:20:00 to 2021-07-08 16:50:00 ]
2021-07-10 10:02:36,564 read BAC from av [ 2021-06-11 05:05:00 to 2021-07-08 20:00:00 ]
2021-07-10 10:02:37,480 read V from av [ 2021-06-14 07:05:00 to 2021-07-08 19:45:00 ]
2021-07-10 10:02:38,400 read WFC from av [ 2021-06-14 04:25:00 to 2021-07-08 20:00:00 ]
2021-07-10 10:02:39,244 read MA from av [ 2021-06-14 09:00:00 to 2021-07-08 18:00:00 ]
2021-07-10 10:02:40,156 read C from av [ 2021-06-14 06:25:00 to 2021-07-08 20:00:00 ]
2021-07-10 10:02:41,060 read PYPL from av [ 2021-06-11 06:30:00 to 2021-07-08 19:15:00 ]
2021-07-10 10:02:42,085 read OIL from av [ 2021-06-14 08:30:00 to 2021-07-08 16:00:00 ]
2021-07-10 10:08:43,400 Time out DX-Y.NYB
2021-07-10 10:08:44,063 read GLD from av [ 2021-06-14 04:05:00 to 2021-07-08 20:00:00 ]
2021-07-10 10:08:45,072 read UUP from av [ 2021-06-14 07:10:00 to 2021-07-08 16:00:00 ]
2021-07-10 10:08:45,826 read SHY from av [ 2021-06-14 09:35:00 to 2021-07-08 16:55:00 ]
2021-07-10 10:08:46,963 read SHV from av [ 2021-06-14 09:35:00 to 2021-07-08 16:05:00 ]
2021-07-10 10:08:48,387 read IEF from av [ 2021-06-14 06:25:00 to 2021-07-08 16:30:00 ]
2021-07-10 10:14:49,564 Time out ^IRX
2021-07-10 10:20:50,416 Time out ^FVX
2021-07-10 10:26:51,294 Time out ^TYX
2021-07-10 10:26:52,038 read SQQQ from av [ 2021-06-14 04:05:00 to 2021-07-08 20:00:00 ]
2021-07-10 10:26:53,207 read TQQQ from av [ 2021-06-14 04:05:00 to 2021-07-08 20:00:00 ]
2021-07-10 10:32:54,645 Time out ^VXX
2021-07-10 10:38:55,527 Time out ^VXZ
2021-07-10 10:38:55,965 read IYE from av [ 2021-06-14 09:25:00 to 2021-07-08 16:40:00 ]
2021-07-10 10:38:56,641 read IYY from av [ 2021-06-14 09:35:00 to 2021-07-08 16:00:00 ]
2021-07-10 10:38:57,219 read IYF from av [ 2021-06-14 09:35:00 to 2021-07-08 16:00:00 ]
2021-07-10 10:38:57,882 read IYR from av [ 2021-06-14 09:35:00 to 2021-07-08 16:15:00 ]
2021-07-10 10:38:58,548 read IYW from av [ 2021-06-14 09:35:00 to 2021-07-08 16:00:00 ]
2021-07-10 10:38:59,156 read IYT from av [ 2021-06-14 09:35:00 to 2021-07-08 16:00:00 ]
2021-07-10 10:38:59,836 read PEJ from av [ 2021-06-14 08:40:00 to 2021-07-08 16:00:00 ]
2021-07-10 10:39:00,865 read USO from av [ 2021-06-14 04:10:00 to 2021-07-08 19:50:00 ]
2021-07-10 10:39:05,125 read DBC from av [ 2021-06-14 04:10:00 to 2021-07-08 20:00:00 ]
2021-07-10 10:39:06,143 read GSG from av [ 2021-06-14 08:20:00 to 2021-07-08 16:00:00 ]
2021-07-10 10:39:06,904 read VTI from av [ 2021-06-14 07:10:00 to 2021-07-08 16:45:00 ]
2021-07-10 10:45:08,181 Time out ^RUT
2021-07-10 10:45:08,618 read FDN from av [ 2021-06-14 09:35:00 to 2021-07-08 16:05:00 ]
2021-07-10 10:45:09,411 read XLV from av [ 2021-06-14 05:40:00 to 2021-07-08 16:05:00 ]
2021-07-10 10:45:10,246 read IBB from av [ 2021-06-14 07:20:00 to 2021-07-08 16:05:00 ]
2021-07-10 10:45:11,153 read KRE from av [ 2021-06-14 07:00:00 to 2021-07-08 19:55:00 ]
2021-07-10 10:45:12,080 read KBE from av [ 2021-06-14 09:35:00 to 2021-07-08 16:10:00 ]
2021-07-10 10:45:13,408 read XLF from av [ 2021-06-14 04:10:00 to 2021-07-08 20:00:00 ]
2021-07-10 10:45:20,251 read XLP from av [ 2021-06-14 04:40:00 to 2021-07-08 16:05:00 ]
2021-07-10 10:45:21,017 read XLY from av [ 2021-06-14 07:30:00 to 2021-07-08 16:55:00 ]
2021-07-10 10:45:21,718 read VNQ from av [ 2021-06-14 04:20:00 to 2021-07-08 17:55:00 ]
2021-07-10 10:45:22,498 read XLB from av [ 2021-06-14 06:30:00 to 2021-07-08 16:35:00 ]
2021-07-10 10:45:23,368 read XLI from av [ 2021-06-14 05:50:00 to 2021-07-08 17:00:00 ]
2021-07-10 10:45:24,077 read KBWB from av [ 2021-06-14 08:25:00 to 2021-07-08 16:05:00 ]
2021-07-10 10:51:25,331 Time out TVIX
2021-07-10 10:57:26,259 Time out ^VVIX
2021-07-10 10:57:26,880 read VIXM from av [ 2021-06-14 09:35:00 to 2021-07-08 16:00:00 ]
2021-07-10 10:57:29,378 read VIXY from av [ 2021-06-14 04:15:00 to 2021-07-08 19:55:00 ]
2021-07-10 10:57:30,493 read VXX from av [ 2021-06-14 04:05:00 to 2021-07-08 20:00:00 ]
2021-07-10 10:57:33,748 read SVXY from av [ 2021-06-14 04:35:00 to 2021-07-08 19:55:00 ]
2021-07-10 10:57:34,896 read UVXY from av [ 2021-06-14 04:05:00 to 2021-07-08 20:00:00 ]
2021-07-10 10:57:35,908 read VIXY from av [ 2021-06-14 04:15:00 to 2021-07-08 19:55:00 ]
