2021-06-19 09:01:57,341 read QQQ from av [ 2021-05-21 04:05:00 to 2021-06-18 20:00:00 ]
2021-06-19 09:07:58,735 Time out ^VIX
2021-06-19 09:07:59,192 read FAS from av [ 2021-05-24 08:05:00 to 2021-06-18 20:00:00 ]
2021-06-19 09:08:00,303 read MIDU from av [ 2021-05-24 07:55:00 to 2021-06-18 17:05:00 ]
2021-06-19 09:08:01,270 read AAPL from av [ 2021-05-21 04:05:00 to 2021-06-18 20:00:00 ]
2021-06-19 09:08:02,485 read GOOG from av [ 2021-05-21 08:05:00 to 2021-06-18 17:20:00 ]
2021-06-19 09:14:03,888 Time out ^GSPC
2021-06-19 09:20:04,638 Time out ^DJI
2021-06-19 09:26:05,563 Time out ^TNX
2021-06-19 09:26:06,180 read MSFT from av [ 2021-05-21 04:10:00 to 2021-06-18 20:00:00 ]
2021-06-19 09:32:07,763 Time out ^VXGOG
2021-06-19 09:38:08,575 Time out ^VXAPL
2021-06-19 09:44:09,427 Time out ^VXGS
2021-06-19 09:50:10,314 Time out ^VXAZN
2021-06-19 09:56:11,023 Time out ^VXIBM
2021-06-19 09:56:11,542 read GS from av [ 2021-05-24 07:05:00 to 2021-06-18 19:55:00 ]
2021-06-19 09:56:12,385 read IBM from av [ 2021-05-21 07:30:00 to 2021-06-18 20:00:00 ]
2021-06-19 09:56:13,447 read FB from av [ 2021-05-21 04:05:00 to 2021-06-18 20:00:00 ]
2021-06-19 10:02:14,736 Time out ^TYVIX
2021-06-19 10:02:15,591 read SPY from av [ 2021-05-21 04:05:00 to 2021-06-18 20:00:00 ]
2021-06-19 10:02:16,543 read GOOGL from av [ 2021-05-21 07:05:00 to 2021-06-18 19:50:00 ]
2021-06-19 10:02:17,410 read JPM from av [ 2021-05-24 06:55:00 to 2021-06-18 20:00:00 ]
2021-06-19 10:02:18,210 read JNJ from av [ 2021-05-24 05:40:00 to 2021-06-18 20:00:00 ]
2021-06-19 10:02:19,115 read BAC from av [ 2021-05-24 04:15:00 to 2021-06-18 20:00:00 ]
2021-06-19 10:02:20,042 read V from av [ 2021-05-24 08:05:00 to 2021-06-18 19:55:00 ]
2021-06-19 10:02:20,886 read WFC from av [ 2021-05-24 04:25:00 to 2021-06-18 20:00:00 ]
2021-06-19 10:02:21,783 read MA from av [ 2021-05-24 07:05:00 to 2021-06-18 19:10:00 ]
2021-06-19 10:02:22,571 read C from av [ 2021-05-24 05:35:00 to 2021-06-18 20:00:00 ]
2021-06-19 10:02:23,436 read PYPL from av [ 2021-05-21 07:05:00 to 2021-06-18 19:50:00 ]
2021-06-19 10:02:24,272 read OIL from av [ 2021-05-24 09:35:00 to 2021-06-18 16:00:00 ]
2021-06-19 10:08:26,212 Time out DX-Y.NYB
2021-06-19 10:08:27,275 read GLD from av [ 2021-05-24 04:05:00 to 2021-06-18 20:00:00 ]
2021-06-19 10:08:28,379 read UUP from av [ 2021-05-24 08:05:00 to 2021-06-18 19:10:00 ]
2021-06-19 10:08:29,087 read SHY from av [ 2021-05-24 07:05:00 to 2021-06-18 18:10:00 ]
2021-06-19 10:08:30,964 read SHV from av [ 2021-05-24 09:35:00 to 2021-06-18 16:00:00 ]
2021-06-19 10:08:33,464 read IEF from av [ 2021-05-24 09:20:00 to 2021-06-18 17:05:00 ]
2021-06-19 10:14:34,640 Time out ^IRX
2021-06-19 10:20:35,614 Time out ^FVX
2021-06-19 10:26:36,457 Time out ^TYX
2021-06-19 10:26:40,596 read SQQQ from av [ 2021-05-24 04:05:00 to 2021-06-18 20:00:00 ]
2021-06-19 10:26:41,931 read TQQQ from av [ 2021-05-24 04:05:00 to 2021-06-18 20:00:00 ]
2021-06-19 10:32:43,329 Time out ^VXX
2021-06-19 10:38:44,246 Time out ^VXZ
2021-06-19 10:38:47,782 read IYE from av [ 2021-05-24 09:30:00 to 2021-06-18 16:00:00 ]
2021-06-19 10:38:50,169 read IYY from av [ 2021-05-24 09:35:00 to 2021-06-18 19:20:00 ]
2021-06-19 10:38:53,571 read IYF from av [ 2021-05-24 09:35:00 to 2021-06-18 19:40:00 ]
2021-06-19 10:38:57,518 read IYR from av [ 2021-05-24 09:35:00 to 2021-06-18 18:25:00 ]
2021-06-19 10:39:00,509 read IYW from av [ 2021-05-24 09:30:00 to 2021-06-18 16:00:00 ]
2021-06-19 10:39:02,337 read IYT from av [ 2021-05-24 09:35:00 to 2021-06-18 17:25:00 ]
2021-06-19 10:39:05,869 read PEJ from av [ 2021-05-24 04:25:00 to 2021-06-18 16:00:00 ]
2021-06-19 10:39:06,688 read USO from av [ 2021-05-24 04:05:00 to 2021-06-18 20:00:00 ]
2021-06-19 10:39:09,905 read DBC from av [ 2021-05-24 07:05:00 to 2021-06-18 17:00:00 ]
2021-06-19 10:39:13,062 read GSG from av [ 2021-05-24 08:45:00 to 2021-06-18 18:25:00 ]
2021-06-19 10:39:13,828 read VTI from av [ 2021-05-24 07:25:00 to 2021-06-18 20:00:00 ]
2021-06-19 10:45:15,076 Time out ^RUT
2021-06-19 10:45:15,558 read FDN from av [ 2021-05-24 09:30:00 to 2021-06-18 16:00:00 ]
2021-06-19 10:45:16,569 read XLV from av [ 2021-05-24 07:25:00 to 2021-06-18 18:10:00 ]
2021-06-19 10:45:17,287 read IBB from av [ 2021-05-24 07:05:00 to 2021-06-18 19:35:00 ]
2021-06-19 10:45:18,081 read KRE from av [ 2021-05-24 08:30:00 to 2021-06-18 19:40:00 ]
2021-06-19 10:45:21,732 read KBE from av [ 2021-05-24 08:05:00 to 2021-06-18 19:55:00 ]
2021-06-19 10:45:22,645 read XLF from av [ 2021-05-24 04:05:00 to 2021-06-18 20:00:00 ]
2021-06-19 10:45:27,613 read XLP from av [ 2021-05-24 07:05:00 to 2021-06-18 19:05:00 ]
2021-06-19 10:45:28,361 read XLY from av [ 2021-05-24 08:30:00 to 2021-06-18 18:10:00 ]
2021-06-19 10:45:29,094 read VNQ from av [ 2021-05-24 04:05:00 to 2021-06-18 18:15:00 ]
2021-06-19 10:45:29,876 read XLB from av [ 2021-05-24 04:05:00 to 2021-06-18 19:45:00 ]
2021-06-19 10:45:30,610 read XLI from av [ 2021-05-24 04:05:00 to 2021-06-18 19:45:00 ]
2021-06-19 10:45:33,348 read KBWB from av [ 2021-05-24 09:35:00 to 2021-06-18 16:00:00 ]
2021-06-19 10:51:34,526 Time out TVIX
2021-06-19 10:57:35,444 Time out ^VVIX
2021-06-19 10:57:36,718 read VIXM from av [ 2021-05-24 08:50:00 to 2021-06-18 16:10:00 ]
2021-06-19 10:57:39,290 read VIXY from av [ 2021-05-24 04:05:00 to 2021-06-18 20:00:00 ]
2021-06-19 10:57:40,588 read VXX from av [ 2021-05-24 04:05:00 to 2021-06-18 20:00:00 ]
2021-06-19 10:57:43,662 read SVXY from av [ 2021-05-24 04:10:00 to 2021-06-18 19:55:00 ]
2021-06-19 10:57:44,666 read UVXY from av [ 2021-05-24 04:05:00 to 2021-06-18 20:00:00 ]
2021-06-19 10:57:45,566 read VIXY from av [ 2021-05-24 04:05:00 to 2021-06-18 20:00:00 ]
