2021-06-12 09:01:59,805 read QQQ from av [ 2021-05-14 04:05:00 to 2021-06-11 20:00:00 ]
2021-06-12 09:08:01,489 Time out ^VIX
2021-06-12 09:08:02,749 read FAS from av [ 2021-05-17 07:30:00 to 2021-06-11 19:55:00 ]
2021-06-12 09:08:04,520 read MIDU from av [ 2021-05-17 07:15:00 to 2021-06-11 16:00:00 ]
2021-06-12 09:08:05,495 read AAPL from av [ 2021-05-14 04:05:00 to 2021-06-11 20:00:00 ]
2021-06-12 09:08:06,518 read GOOG from av [ 2021-05-14 09:25:00 to 2021-06-11 17:30:00 ]
2021-06-12 09:14:07,689 Time out ^GSPC
2021-06-12 09:20:08,397 Time out ^DJI
2021-06-12 09:26:09,179 Time out ^TNX
2021-06-12 09:26:09,920 read MSFT from av [ 2021-05-14 04:15:00 to 2021-06-11 20:00:00 ]
2021-06-12 09:32:11,158 Time out ^VXGOG
2021-06-12 09:38:12,114 Time out ^VXAPL
2021-06-12 09:44:13,215 Time out ^VXGS
2021-06-12 09:50:14,875 Time out ^VXAZN
2021-06-12 09:56:15,727 Time out ^VXIBM
2021-06-12 09:56:16,671 read GS from av [ 2021-05-17 07:05:00 to 2021-06-11 19:00:00 ]
2021-06-12 09:56:17,720 read IBM from av [ 2021-05-14 06:25:00 to 2021-06-11 19:30:00 ]
2021-06-12 09:56:18,658 read FB from av [ 2021-05-14 04:25:00 to 2021-06-11 20:00:00 ]
2021-06-12 10:02:19,829 Time out ^TYVIX
2021-06-12 10:02:20,969 read SPY from av [ 2021-05-14 04:05:00 to 2021-06-11 20:00:00 ]
2021-06-12 10:02:21,952 read GOOGL from av [ 2021-05-14 05:45:00 to 2021-06-11 20:00:00 ]
2021-06-12 10:02:22,781 read JPM from av [ 2021-05-17 04:05:00 to 2021-06-11 20:00:00 ]
2021-06-12 10:02:23,558 read JNJ from av [ 2021-05-17 07:30:00 to 2021-06-11 19:15:00 ]
2021-06-12 10:02:24,558 read BAC from av [ 2021-05-14 04:05:00 to 2021-06-11 19:55:00 ]
2021-06-12 10:02:25,465 read V from av [ 2021-05-17 06:25:00 to 2021-06-11 20:00:00 ]
2021-06-12 10:02:26,341 read WFC from av [ 2021-05-17 04:25:00 to 2021-06-11 20:00:00 ]
2021-06-12 10:02:27,253 read MA from av [ 2021-05-17 07:50:00 to 2021-06-11 16:05:00 ]
2021-06-12 10:02:28,031 read C from av [ 2021-05-17 04:25:00 to 2021-06-11 19:40:00 ]
2021-06-12 10:02:28,968 read PYPL from av [ 2021-05-17 04:05:00 to 2021-06-11 19:50:00 ]
2021-06-12 10:02:29,753 read OIL from av [ 2021-05-17 07:55:00 to 2021-06-11 16:00:00 ]
2021-06-12 10:08:30,730 Time out DX-Y.NYB
2021-06-12 10:08:31,445 read GLD from av [ 2021-05-17 04:05:00 to 2021-06-11 20:00:00 ]
2021-06-12 10:08:32,361 read UUP from av [ 2021-05-17 04:10:00 to 2021-06-11 16:15:00 ]
2021-06-12 10:08:34,734 read SHY from av [ 2021-05-17 07:45:00 to 2021-06-11 17:30:00 ]
2021-06-12 10:08:36,817 read SHV from av [ 2021-05-17 07:05:00 to 2021-06-11 16:10:00 ]
2021-06-12 10:08:39,333 read IEF from av [ 2021-05-17 08:35:00 to 2021-06-11 16:25:00 ]
2021-06-12 10:14:40,379 Time out ^IRX
2021-06-12 10:20:41,254 Time out ^FVX
2021-06-12 10:26:42,151 Time out ^TYX
2021-06-12 10:26:46,032 read SQQQ from av [ 2021-05-17 04:05:00 to 2021-06-11 20:00:00 ]
2021-06-12 10:26:47,097 read TQQQ from av [ 2021-05-17 04:05:00 to 2021-06-11 20:00:00 ]
2021-06-12 10:32:48,479 Time out ^VXX
2021-06-12 10:38:49,482 Time out ^VXZ
2021-06-12 10:38:53,028 read IYE from av [ 2021-05-17 09:35:00 to 2021-06-11 16:00:00 ]
2021-06-12 10:38:55,868 read IYY from av [ 2021-05-17 09:35:00 to 2021-06-11 16:00:00 ]
2021-06-12 10:38:59,882 read IYF from av [ 2021-05-17 08:40:00 to 2021-06-11 16:00:00 ]
2021-06-12 10:39:04,327 read IYR from av [ 2021-05-17 09:35:00 to 2021-06-11 18:40:00 ]
2021-06-12 10:39:07,358 read IYW from av [ 2021-05-17 09:35:00 to 2021-06-11 16:00:00 ]
2021-06-12 10:39:13,827 read IYT from av [ 2021-05-17 09:35:00 to 2021-06-11 16:00:00 ]
2021-06-12 10:39:17,069 read PEJ from av [ 2021-05-17 05:55:00 to 2021-06-11 16:00:00 ]
2021-06-12 10:39:17,828 read USO from av [ 2021-05-17 04:10:00 to 2021-06-11 19:40:00 ]
2021-06-12 10:39:18,583 read DBC from av [ 2021-05-17 06:05:00 to 2021-06-11 16:00:00 ]
2021-06-12 10:39:21,616 read GSG from av [ 2021-05-17 08:20:00 to 2021-06-11 16:00:00 ]
2021-06-12 10:39:22,295 read VTI from av [ 2021-05-17 04:05:00 to 2021-06-11 19:45:00 ]
2021-06-12 10:45:23,415 Time out ^RUT
2021-06-12 10:45:25,908 read FDN from av [ 2021-05-17 09:35:00 to 2021-06-11 18:10:00 ]
2021-06-12 10:45:26,634 read XLV from av [ 2021-05-17 05:00:00 to 2021-06-11 16:55:00 ]
2021-06-12 10:45:29,083 read IBB from av [ 2021-05-17 04:30:00 to 2021-06-11 16:40:00 ]
2021-06-12 10:45:33,203 read KRE from av [ 2021-05-17 06:30:00 to 2021-06-11 19:20:00 ]
2021-06-12 10:45:37,651 read KBE from av [ 2021-05-17 04:25:00 to 2021-06-11 16:00:00 ]
2021-06-12 10:45:38,470 read XLF from av [ 2021-05-17 04:05:00 to 2021-06-11 20:00:00 ]
2021-06-12 10:45:39,328 read XLP from av [ 2021-05-17 04:05:00 to 2021-06-11 19:20:00 ]
2021-06-12 10:45:40,100 read XLY from av [ 2021-05-17 05:20:00 to 2021-06-11 16:05:00 ]
2021-06-12 10:45:40,781 read VNQ from av [ 2021-05-17 07:05:00 to 2021-06-11 16:10:00 ]
2021-06-12 10:45:41,669 read XLB from av [ 2021-05-17 04:25:00 to 2021-06-11 16:05:00 ]
2021-06-12 10:45:42,435 read XLI from av [ 2021-05-17 05:40:00 to 2021-06-11 19:15:00 ]
2021-06-12 10:45:44,253 read KBWB from av [ 2021-05-17 08:15:00 to 2021-06-11 16:00:00 ]
2021-06-12 10:51:45,403 Time out TVIX
2021-06-12 10:57:46,352 Time out ^VVIX
2021-06-12 10:57:47,941 read VIXM from av [ 2021-05-17 09:35:00 to 2021-06-11 16:00:00 ]
2021-06-12 10:57:50,760 read VIXY from av [ 2021-05-17 04:05:00 to 2021-06-11 19:25:00 ]
2021-06-12 10:57:51,729 read VXX from av [ 2021-05-17 04:05:00 to 2021-06-11 20:00:00 ]
2021-06-12 10:57:54,518 read SVXY from av [ 2021-05-17 04:05:00 to 2021-06-11 17:05:00 ]
2021-06-12 10:57:55,569 read UVXY from av [ 2021-05-17 04:05:00 to 2021-06-11 20:00:00 ]
2021-06-12 10:57:56,571 read VIXY from av [ 2021-05-17 04:05:00 to 2021-06-11 19:25:00 ]
