2021-12-11 05:01:08,073 read QQQ from av [ 2021-12-10 20:00:00 to 2021-11-12 04:05:00 ]
2021-12-11 05:07:12,041 Time out ^VIX
2021-12-11 05:07:12,408 read FAS from av [ 2021-12-10 19:50:00 to 2021-11-12 05:45:00 ]
2021-12-11 05:07:13,224 read MIDU from av [ 2021-12-10 16:00:00 to 2021-11-15 09:35:00 ]
2021-12-11 05:07:13,897 read AAPL from av [ 2021-12-10 20:00:00 to 2021-11-12 04:05:00 ]
2021-12-11 05:07:14,902 read GOOG from av [ 2021-12-10 17:25:00 to 2021-11-12 08:05:00 ]
2021-12-11 05:13:20,806 Time out ^GSPC
2021-12-11 05:19:21,405 Time out ^DJI
2021-12-11 05:25:22,084 Time out ^TNX
2021-12-11 05:25:22,734 read MSFT from av [ 2021-12-10 20:00:00 to 2021-11-12 04:05:00 ]
2021-12-11 05:31:24,029 Time out ^VXGOG
2021-12-11 05:37:29,204 Time out ^VXAPL
2021-12-11 05:43:29,883 Time out ^VXGS
2021-12-11 05:49:30,517 Time out ^VXAZN
2021-12-11 05:55:32,121 Time out ^VXIBM
2021-12-11 05:55:33,286 read GS from av [ 2021-12-10 17:55:00 to 2021-11-12 08:25:00 ]
2021-12-11 05:55:33,939 read IBM from av [ 2021-12-10 19:55:00 to 2021-11-12 05:30:00 ]
2021-12-11 05:55:34,764 read FB from av [ 2021-12-10 20:00:00 to 2021-11-12 04:15:00 ]
2021-12-11 06:01:36,020 Time out ^TYVIX
2021-12-11 06:01:36,390 read SPY from av [ 2021-12-10 20:00:00 to 2021-11-12 04:05:00 ]
2021-12-11 06:01:37,369 read GOOGL from av [ 2021-12-10 17:55:00 to 2021-11-12 08:05:00 ]
2021-12-11 06:01:38,048 read JPM from av [ 2021-12-10 20:00:00 to 2021-11-15 07:10:00 ]
2021-12-11 06:01:38,873 read JNJ from av [ 2021-12-10 17:15:00 to 2021-11-15 04:30:00 ]
2021-12-11 06:01:39,902 read BAC from av [ 2021-12-10 20:00:00 to 2021-11-15 04:05:00 ]
2021-12-11 06:01:40,739 read V from av [ 2021-12-10 19:10:00 to 2021-11-15 04:10:00 ]
2021-12-11 06:01:41,591 read WFC from av [ 2021-12-10 20:00:00 to 2021-11-15 06:05:00 ]
2021-12-11 06:01:42,545 read MA from av [ 2021-12-10 19:50:00 to 2021-11-15 04:25:00 ]
2021-12-11 06:01:43,231 read C from av [ 2021-12-10 20:00:00 to 2021-11-15 05:00:00 ]
2021-12-11 06:01:44,069 read PYPL from av [ 2021-12-10 20:00:00 to 2021-11-15 04:05:00 ]
2021-12-11 06:01:44,983 read OIL from av [ 2021-12-10 16:00:00 to 2021-11-15 09:25:00 ]
2021-12-11 06:07:45,814 Time out DX-Y.NYB
2021-12-11 06:07:46,365 read GLD from av [ 2021-12-10 20:00:00 to 2021-11-15 05:00:00 ]
2021-12-11 06:07:47,636 read UUP from av [ 2021-12-10 16:45:00 to 2021-11-15 05:15:00 ]
2021-12-11 06:07:49,279 read SHY from av [ 2021-12-10 16:55:00 to 2021-11-15 07:40:00 ]
2021-12-11 06:07:50,661 read SHV from av [ 2021-12-10 18:35:00 to 2021-11-15 08:00:00 ]
2021-12-11 06:07:52,397 read IEF from av [ 2021-12-10 16:35:00 to 2021-11-15 07:45:00 ]
2021-12-11 06:13:53,545 Time out ^IRX
2021-12-11 06:19:54,289 Time out ^FVX
2021-12-11 06:25:55,011 Time out ^TYX
2021-12-11 06:25:57,453 read SQQQ from av [ 2021-12-10 20:00:00 to 2021-11-15 04:05:00 ]
2021-12-11 06:25:58,667 read TQQQ from av [ 2021-12-10 20:00:00 to 2021-11-12 04:05:00 ]
2021-12-11 06:32:00,023 Time out ^VXX
2021-12-11 06:38:01,106 Time out ^VXZ
2021-12-11 06:38:02,469 read IYE from av [ 2021-12-10 16:00:00 to 2021-11-15 07:55:00 ]
2021-12-11 06:38:03,178 read IYY from av [ 2021-12-10 16:00:00 to 2021-11-15 09:35:00 ]
2021-12-11 06:38:04,717 read IYF from av [ 2021-12-10 16:00:00 to 2021-11-15 09:20:00 ]
2021-12-11 06:38:06,127 read IYR from av [ 2021-12-10 18:50:00 to 2021-11-15 07:05:00 ]
2021-12-11 06:38:07,674 read IYW from av [ 2021-12-10 16:05:00 to 2021-11-15 07:05:00 ]
2021-12-11 06:38:08,879 read IYT from av [ 2021-12-10 16:00:00 to 2021-11-15 09:35:00 ]
2021-12-11 06:38:09,990 read PEJ from av [ 2021-12-10 16:00:00 to 2021-11-15 08:20:00 ]
2021-12-11 06:38:10,735 read USO from av [ 2021-12-10 19:55:00 to 2021-11-15 04:25:00 ]
2021-12-11 06:38:12,319 read DBC from av [ 2021-12-10 18:05:00 to 2021-11-15 07:05:00 ]
2021-12-11 06:38:13,775 read GSG from av [ 2021-12-10 20:00:00 to 2021-11-15 08:40:00 ]
2021-12-11 06:38:14,610 read VTI from av [ 2021-12-10 19:40:00 to 2021-11-15 04:10:00 ]
2021-12-11 06:44:23,843 Time out ^RUT
2021-12-11 06:44:24,880 read FDN from av [ 2021-12-10 16:05:00 to 2021-11-15 08:55:00 ]
2021-12-11 06:44:25,542 read XLV from av [ 2021-12-10 16:20:00 to 2021-11-15 07:20:00 ]
2021-12-11 06:44:27,049 read IBB from av [ 2021-12-10 18:00:00 to 2021-11-15 07:25:00 ]
2021-12-11 06:44:28,882 read KRE from av [ 2021-12-10 17:30:00 to 2021-11-15 08:15:00 ]
2021-12-11 06:44:30,389 read KBE from av [ 2021-12-10 17:05:00 to 2021-11-15 09:35:00 ]
2021-12-11 06:44:31,442 read XLF from av [ 2021-12-10 20:00:00 to 2021-11-15 04:05:00 ]
2021-12-11 06:44:32,325 read XLP from av [ 2021-12-10 19:55:00 to 2021-11-15 07:05:00 ]
2021-12-11 06:44:32,976 read XLY from av [ 2021-12-10 16:00:00 to 2021-11-15 04:20:00 ]
2021-12-11 06:44:33,536 read VNQ from av [ 2021-12-10 19:15:00 to 2021-11-15 05:20:00 ]
2021-12-11 06:44:34,113 read XLB from av [ 2021-12-10 16:05:00 to 2021-11-15 04:10:00 ]
2021-12-11 06:44:34,742 read XLI from av [ 2021-12-10 17:10:00 to 2021-11-15 04:30:00 ]
2021-12-11 06:44:36,217 read KBWB from av [ 2021-12-10 16:00:00 to 2021-11-15 09:35:00 ]
2021-12-11 06:50:37,352 Time out TVIX
2021-12-11 06:56:37,986 Time out ^VVIX
2021-12-11 06:56:38,422 read VIXM from av [ 2021-12-10 16:00:00 to 2021-11-15 09:35:00 ]
2021-12-11 06:56:40,151 read VIXY from av [ 2021-12-10 19:15:00 to 2021-11-15 04:05:00 ]
2021-12-11 06:56:42,483 read VXX from av [ 2021-12-10 20:00:00 to 2021-11-15 04:05:00 ]
2021-12-11 06:56:44,715 read SVXY from av [ 2021-12-10 19:10:00 to 2021-11-15 04:30:00 ]
2021-12-11 06:56:47,693 read UVXY from av [ 2021-12-10 20:00:00 to 2021-11-15 04:05:00 ]
2021-12-11 06:56:48,645 read VIXY from av [ 2021-12-10 19:15:00 to 2021-11-15 04:05:00 ]
