2021-08-07 05:01:06,091 read QQQ from av [ 2021-08-06 20:00:00 to 2021-07-09 04:05:00 ]
2021-08-07 05:07:07,565 Time out ^VIX
2021-08-07 05:07:08,144 read FAS from av [ 2021-08-06 20:00:00 to 2021-07-12 05:00:00 ]
2021-08-07 05:07:09,518 read MIDU from av [ 2021-08-06 16:10:00 to 2021-07-12 05:40:00 ]
2021-08-07 05:07:10,482 read AAPL from av [ 2021-08-06 20:00:00 to 2021-07-09 04:05:00 ]
2021-08-07 05:07:11,481 read GOOG from av [ 2021-08-06 17:10:00 to 2021-07-09 05:55:00 ]
2021-08-07 05:13:12,775 Time out ^GSPC
2021-08-07 05:19:13,656 Time out ^DJI
2021-08-07 05:25:14,562 Time out ^TNX
2021-08-07 05:25:15,356 read MSFT from av [ 2021-08-06 20:00:00 to 2021-07-09 04:05:00 ]
2021-08-07 05:31:16,773 Time out ^VXGOG
2021-08-07 05:37:17,608 Time out ^VXAPL
2021-08-07 05:43:18,441 Time out ^VXGS
2021-08-07 05:49:19,307 Time out ^VXAZN
2021-08-07 05:55:20,250 Time out ^VXIBM
2021-08-07 05:55:20,893 read GS from av [ 2021-08-06 20:00:00 to 2021-07-09 05:45:00 ]
2021-08-07 05:55:21,942 read IBM from av [ 2021-08-06 20:00:00 to 2021-07-09 06:20:00 ]
2021-08-07 05:55:22,897 read FB from av [ 2021-08-06 20:00:00 to 2021-07-09 04:15:00 ]
2021-08-07 06:01:24,112 Time out ^TYVIX
2021-08-07 06:01:24,875 read SPY from av [ 2021-08-06 20:00:00 to 2021-07-09 04:05:00 ]
2021-08-07 06:01:25,788 read GOOGL from av [ 2021-08-06 16:45:00 to 2021-07-09 07:35:00 ]
2021-08-07 06:01:27,070 read JPM from av [ 2021-08-06 19:35:00 to 2021-07-12 05:25:00 ]
2021-08-07 06:01:27,976 read JNJ from av [ 2021-08-06 19:35:00 to 2021-07-09 07:50:00 ]
2021-08-07 06:01:29,361 read BAC from av [ 2021-08-06 20:00:00 to 2021-07-12 04:05:00 ]
2021-08-07 06:01:30,518 read V from av [ 2021-08-06 19:00:00 to 2021-07-12 07:05:00 ]
2021-08-07 06:01:31,407 read WFC from av [ 2021-08-06 20:00:00 to 2021-07-09 04:05:00 ]
2021-08-07 06:01:32,231 read MA from av [ 2021-08-06 17:35:00 to 2021-07-12 06:45:00 ]
2021-08-07 06:01:33,042 read C from av [ 2021-08-06 20:00:00 to 2021-07-09 04:05:00 ]
2021-08-07 06:01:33,985 read PYPL from av [ 2021-08-06 19:55:00 to 2021-07-12 04:05:00 ]
2021-08-07 06:01:34,759 read OIL from av [ 2021-08-06 16:00:00 to 2021-07-12 09:35:00 ]
2021-08-07 06:07:35,925 Time out DX-Y.NYB
2021-08-07 06:07:36,519 read GLD from av [ 2021-08-06 20:00:00 to 2021-07-12 04:05:00 ]
2021-08-07 06:07:37,355 read UUP from av [ 2021-08-06 16:00:00 to 2021-07-12 06:00:00 ]
2021-08-07 06:07:39,677 read SHY from av [ 2021-08-06 16:30:00 to 2021-07-12 09:35:00 ]
2021-08-07 06:07:41,500 read SHV from av [ 2021-08-06 16:05:00 to 2021-07-12 08:30:00 ]
2021-08-07 06:07:44,188 read IEF from av [ 2021-08-06 16:30:00 to 2021-07-12 09:10:00 ]
2021-08-07 06:13:45,394 Time out ^IRX
2021-08-07 06:19:46,283 Time out ^FVX
2021-08-07 06:25:47,170 Time out ^TYX
2021-08-07 06:25:51,405 read SQQQ from av [ 2021-08-06 20:00:00 to 2021-07-12 04:05:00 ]
2021-08-07 06:25:52,571 read TQQQ from av [ 2021-08-06 20:00:00 to 2021-07-12 04:05:00 ]
2021-08-07 06:31:53,989 Time out ^VXX
2021-08-07 06:37:54,894 Time out ^VXZ
2021-08-07 06:37:57,615 read IYE from av [ 2021-08-06 16:00:00 to 2021-07-12 09:35:00 ]
2021-08-07 06:37:58,394 read IYY from av [ 2021-08-06 16:00:00 to 2021-07-12 09:35:00 ]
2021-08-07 06:38:01,138 read IYF from av [ 2021-08-06 16:00:00 to 2021-07-12 09:35:00 ]
2021-08-07 06:38:11,756 read IYR from av [ 2021-08-06 16:00:00 to 2021-07-12 09:35:00 ]
2021-08-07 06:38:14,761 read IYW from av [ 2021-08-06 16:00:00 to 2021-07-12 09:30:00 ]
2021-08-07 06:38:16,695 read IYT from av [ 2021-08-06 16:00:00 to 2021-07-12 09:35:00 ]
2021-08-07 06:38:18,372 read PEJ from av [ 2021-08-06 16:35:00 to 2021-07-12 09:35:00 ]
2021-08-07 06:38:19,326 read USO from av [ 2021-08-06 19:00:00 to 2021-07-12 04:05:00 ]
2021-08-07 06:38:21,799 read DBC from av [ 2021-08-06 17:15:00 to 2021-07-12 09:15:00 ]
2021-08-07 06:38:25,210 read GSG from av [ 2021-08-06 16:00:00 to 2021-07-12 09:35:00 ]
2021-08-07 06:38:25,983 read VTI from av [ 2021-08-06 16:30:00 to 2021-07-12 04:05:00 ]
2021-08-07 06:44:27,216 Time out ^RUT
2021-08-07 06:44:31,479 read FDN from av [ 2021-08-06 16:00:00 to 2021-07-12 09:35:00 ]
2021-08-07 06:44:36,056 read XLV from av [ 2021-08-06 17:00:00 to 2021-07-12 04:05:00 ]
2021-08-07 06:44:38,508 read IBB from av [ 2021-08-06 16:05:00 to 2021-07-12 09:35:00 ]
2021-08-07 06:44:41,002 read KRE from av [ 2021-08-06 19:40:00 to 2021-07-12 07:35:00 ]
2021-08-07 06:44:43,560 read KBE from av [ 2021-08-06 17:05:00 to 2021-07-12 04:05:00 ]
2021-08-07 06:44:44,363 read XLF from av [ 2021-08-06 19:50:00 to 2021-07-12 04:05:00 ]
2021-08-07 06:44:47,411 read XLP from av [ 2021-08-06 19:50:00 to 2021-07-12 05:20:00 ]
2021-08-07 06:44:50,270 read XLY from av [ 2021-08-06 16:20:00 to 2021-07-12 05:50:00 ]
2021-08-07 06:44:51,007 read VNQ from av [ 2021-08-06 19:35:00 to 2021-07-12 04:50:00 ]
2021-08-07 06:44:51,768 read XLB from av [ 2021-08-06 16:20:00 to 2021-07-12 05:20:00 ]
2021-08-07 06:44:54,346 read XLI from av [ 2021-08-06 16:20:00 to 2021-07-12 04:05:00 ]
2021-08-07 06:44:56,844 read KBWB from av [ 2021-08-06 16:05:00 to 2021-07-12 07:05:00 ]
2021-08-07 06:50:57,950 Time out TVIX
2021-08-07 06:56:58,792 Time out ^VVIX
2021-08-07 06:56:59,471 read VIXM from av [ 2021-08-06 16:00:00 to 2021-07-12 09:35:00 ]
2021-08-07 06:57:03,162 read VIXY from av [ 2021-08-06 19:55:00 to 2021-07-12 04:05:00 ]
2021-08-07 06:57:04,257 read VXX from av [ 2021-08-06 20:00:00 to 2021-07-12 04:05:00 ]
2021-08-07 06:57:07,895 read SVXY from av [ 2021-08-06 17:20:00 to 2021-07-12 04:05:00 ]
2021-08-07 06:57:12,566 read UVXY from av [ 2021-08-06 20:00:00 to 2021-07-12 04:05:00 ]
2021-08-07 06:57:13,502 read VIXY from av [ 2021-08-06 19:55:00 to 2021-07-12 04:05:00 ]
