2021-06-05 09:02:21,151 read QQQ from av [ 2021-05-07 04:05:00 to 2021-06-04 20:00:00 ]
2021-06-05 09:08:22,767 Time out ^VIX
2021-06-05 09:08:23,321 read FAS from av [ 2021-05-10 05:15:00 to 2021-06-04 20:00:00 ]
2021-06-05 09:08:24,511 read MIDU from av [ 2021-05-10 08:45:00 to 2021-06-04 16:00:00 ]
2021-06-05 09:08:25,508 read AAPL from av [ 2021-05-07 04:05:00 to 2021-06-04 20:00:00 ]
2021-06-05 09:08:26,400 read GOOG from av [ 2021-05-07 04:10:00 to 2021-06-04 20:00:00 ]
2021-06-05 09:14:27,657 Time out ^GSPC
2021-06-05 09:20:28,519 Time out ^DJI
2021-06-05 09:26:29,396 Time out ^TNX
2021-06-05 09:26:30,080 read MSFT from av [ 2021-05-07 04:15:00 to 2021-06-04 20:00:00 ]
2021-06-05 09:32:31,548 Time out ^VXGOG
2021-06-05 09:38:32,452 Time out ^VXAPL
2021-06-05 09:44:33,366 Time out ^VXGS
2021-06-05 09:50:34,230 Time out ^VXAZN
2021-06-05 09:56:35,150 Time out ^VXIBM
2021-06-05 09:56:35,661 read GS from av [ 2021-05-10 07:45:00 to 2021-06-04 20:00:00 ]
2021-06-05 09:56:36,416 read IBM from av [ 2021-05-07 04:05:00 to 2021-06-04 19:20:00 ]
2021-06-05 09:56:37,413 read FB from av [ 2021-05-07 05:45:00 to 2021-06-04 20:00:00 ]
2021-06-05 10:02:38,746 Time out ^TYVIX
2021-06-05 10:02:39,483 read SPY from av [ 2021-05-07 04:05:00 to 2021-06-04 20:00:00 ]
2021-06-05 10:02:40,514 read GOOGL from av [ 2021-05-07 08:35:00 to 2021-06-04 18:45:00 ]
2021-06-05 10:02:41,339 read JPM from av [ 2021-05-10 04:30:00 to 2021-06-04 19:10:00 ]
2021-06-05 10:02:42,173 read JNJ from av [ 2021-05-07 08:25:00 to 2021-06-04 17:25:00 ]
2021-06-05 10:02:43,453 read BAC from av [ 2021-05-07 04:50:00 to 2021-06-04 20:00:00 ]
2021-06-05 10:02:44,379 read V from av [ 2021-05-10 07:35:00 to 2021-06-04 19:50:00 ]
2021-06-05 10:02:45,349 read WFC from av [ 2021-05-10 04:05:00 to 2021-06-04 20:00:00 ]
2021-06-05 10:02:46,145 read MA from av [ 2021-05-07 07:15:00 to 2021-06-04 16:55:00 ]
2021-06-05 10:02:47,054 read C from av [ 2021-05-10 04:05:00 to 2021-06-04 19:45:00 ]
2021-06-05 10:02:47,878 read PYPL from av [ 2021-05-10 04:05:00 to 2021-06-04 20:00:00 ]
2021-06-05 10:02:48,821 read OIL from av [ 2021-05-10 09:30:00 to 2021-06-04 18:25:00 ]
2021-06-05 10:08:49,758 Time out DX-Y.NYB
2021-06-05 10:08:50,464 read GLD from av [ 2021-05-10 04:20:00 to 2021-06-04 20:00:00 ]
2021-06-05 10:08:51,333 read UUP from av [ 2021-05-10 04:10:00 to 2021-06-04 20:00:00 ]
2021-06-05 10:08:52,046 read SHY from av [ 2021-05-10 07:55:00 to 2021-06-04 16:30:00 ]
2021-06-05 10:08:52,766 read SHV from av [ 2021-05-10 09:35:00 to 2021-06-04 16:35:00 ]
2021-06-05 10:08:55,756 read IEF from av [ 2021-05-10 04:10:00 to 2021-06-04 19:55:00 ]
2021-06-05 10:14:56,942 Time out ^IRX
2021-06-05 10:20:57,937 Time out ^FVX
2021-06-05 10:26:58,854 Time out ^TYX
2021-06-05 10:26:59,644 read SQQQ from av [ 2021-05-10 04:05:00 to 2021-06-04 20:00:00 ]
2021-06-05 10:27:00,705 read TQQQ from av [ 2021-05-10 04:05:00 to 2021-06-04 20:00:00 ]
2021-06-05 10:33:04,439 Time out ^VXX
2021-06-05 10:39:05,532 Time out ^VXZ
2021-06-05 10:39:08,550 read IYE from av [ 2021-05-10 09:30:00 to 2021-06-04 16:00:00 ]
2021-06-05 10:39:11,842 read IYY from av [ 2021-05-10 09:35:00 to 2021-06-04 16:00:00 ]
2021-06-05 10:39:16,486 read IYF from av [ 2021-05-10 06:50:00 to 2021-06-04 16:00:00 ]
2021-06-05 10:39:21,124 read IYR from av [ 2021-05-10 06:45:00 to 2021-06-04 18:35:00 ]
2021-06-05 10:39:25,719 read IYW from av [ 2021-05-10 09:30:00 to 2021-06-04 16:15:00 ]
2021-06-05 10:39:28,022 read IYT from av [ 2021-05-10 09:35:00 to 2021-06-04 16:05:00 ]
2021-06-05 10:39:31,470 read PEJ from av [ 2021-05-10 08:55:00 to 2021-06-04 17:00:00 ]
2021-06-05 10:39:32,241 read USO from av [ 2021-05-10 04:05:00 to 2021-06-04 19:55:00 ]
2021-06-05 10:39:35,183 read DBC from av [ 2021-05-10 04:05:00 to 2021-06-04 16:35:00 ]
2021-06-05 10:39:36,061 read GSG from av [ 2021-05-10 07:05:00 to 2021-06-04 16:05:00 ]
2021-06-05 10:39:36,826 read VTI from av [ 2021-05-10 07:05:00 to 2021-06-04 19:00:00 ]
2021-06-05 10:45:38,006 Time out ^RUT
2021-06-05 10:45:38,504 read FDN from av [ 2021-05-10 09:35:00 to 2021-06-04 16:00:00 ]
2021-06-05 10:45:39,260 read XLV from av [ 2021-05-10 04:35:00 to 2021-06-04 17:10:00 ]
2021-06-05 10:45:40,083 read IBB from av [ 2021-05-10 04:35:00 to 2021-06-04 16:10:00 ]
2021-06-05 10:45:40,864 read KRE from av [ 2021-05-10 04:05:00 to 2021-06-04 19:35:00 ]
2021-06-05 10:45:43,765 read KBE from av [ 2021-05-10 08:05:00 to 2021-06-04 16:00:00 ]
2021-06-05 10:45:44,686 read XLF from av [ 2021-05-10 04:05:00 to 2021-06-04 19:50:00 ]
2021-06-05 10:45:47,655 read XLP from av [ 2021-05-10 04:20:00 to 2021-06-04 16:35:00 ]
2021-06-05 10:45:48,452 read XLY from av [ 2021-05-10 04:30:00 to 2021-06-04 16:20:00 ]
2021-06-05 10:45:49,173 read VNQ from av [ 2021-05-10 08:00:00 to 2021-06-04 16:35:00 ]
2021-06-05 10:45:49,899 read XLB from av [ 2021-05-10 04:05:00 to 2021-06-04 16:20:00 ]
2021-06-05 10:45:50,690 read XLI from av [ 2021-05-10 04:30:00 to 2021-06-04 19:40:00 ]
2021-06-05 10:45:51,520 read KBWB from av [ 2021-05-10 04:05:00 to 2021-06-04 16:00:00 ]
2021-06-05 10:51:52,566 Time out TVIX
2021-06-05 10:57:53,534 Time out ^VVIX
2021-06-05 10:57:54,814 read VIXM from av [ 2021-05-10 08:05:00 to 2021-06-04 16:00:00 ]
2021-06-05 10:57:57,968 read VIXY from av [ 2021-05-10 04:15:00 to 2021-06-04 19:05:00 ]
2021-06-05 10:57:58,964 read VXX from av [ 2021-05-10 04:05:00 to 2021-06-04 19:50:00 ]
2021-06-05 10:58:01,974 read SVXY from av [ 2021-05-10 04:20:00 to 2021-06-04 18:10:00 ]
2021-06-05 10:58:03,028 read UVXY from av [ 2021-05-10 04:05:00 to 2021-06-04 20:00:00 ]
2021-06-05 10:58:04,157 read VIXY from av [ 2021-05-10 04:15:00 to 2021-06-04 19:05:00 ]
