2021-10-02 05:01:08,575 read QQQ from av [ 2021-10-01 20:00:00 to 2021-09-03 04:05:00 ]
2021-10-02 05:07:10,035 Time out ^VIX
2021-10-02 05:07:10,606 read FAS from av [ 2021-10-01 20:00:00 to 2021-09-07 05:20:00 ]
2021-10-02 05:07:11,330 read MIDU from av [ 2021-10-01 16:00:00 to 2021-09-07 06:20:00 ]
2021-10-02 05:07:11,916 read AAPL from av [ 2021-10-01 20:00:00 to 2021-09-03 04:05:00 ]
2021-10-02 05:07:12,963 read GOOG from av [ 2021-10-01 20:00:00 to 2021-09-03 05:00:00 ]
2021-10-02 05:13:13,936 Time out ^GSPC
2021-10-02 05:19:14,705 Time out ^DJI
2021-10-02 05:25:15,523 Time out ^TNX
2021-10-02 05:25:15,892 read MSFT from av [ 2021-10-01 20:00:00 to 2021-09-03 04:15:00 ]
2021-10-02 05:31:17,149 Time out ^VXGOG
2021-10-02 05:37:17,903 Time out ^VXAPL
2021-10-02 05:43:18,757 Time out ^VXGS
2021-10-02 05:49:19,510 Time out ^VXAZN
2021-10-02 05:55:20,239 Time out ^VXIBM
2021-10-02 05:55:20,726 read GS from av [ 2021-10-01 19:15:00 to 2021-09-07 07:05:00 ]
2021-10-02 05:55:21,650 read IBM from av [ 2021-10-01 18:15:00 to 2021-09-03 04:20:00 ]
2021-10-02 05:55:22,744 read FB from av [ 2021-10-01 20:00:00 to 2021-09-03 05:05:00 ]
2021-10-02 06:01:23,937 Time out ^TYVIX
2021-10-02 06:01:24,414 read SPY from av [ 2021-10-01 20:00:00 to 2021-09-03 04:05:00 ]
2021-10-02 06:01:25,514 read GOOGL from av [ 2021-10-01 20:00:00 to 2021-09-03 04:45:00 ]
2021-10-02 06:01:26,387 read JPM from av [ 2021-10-01 19:40:00 to 2021-09-07 04:05:00 ]
2021-10-02 06:01:27,191 read JNJ from av [ 2021-10-01 18:05:00 to 2021-09-03 07:00:00 ]
2021-10-02 06:01:28,205 read BAC from av [ 2021-10-01 20:00:00 to 2021-09-07 04:05:00 ]
2021-10-02 06:01:29,270 read V from av [ 2021-10-01 20:00:00 to 2021-09-07 04:05:00 ]
2021-10-02 06:01:29,978 read WFC from av [ 2021-10-01 20:00:00 to 2021-09-07 04:20:00 ]
2021-10-02 06:01:30,748 read MA from av [ 2021-10-01 18:45:00 to 2021-09-07 04:55:00 ]
2021-10-02 06:01:31,412 read C from av [ 2021-10-01 19:40:00 to 2021-09-03 05:20:00 ]
2021-10-02 06:01:32,416 read PYPL from av [ 2021-10-01 19:00:00 to 2021-09-03 05:50:00 ]
2021-10-02 06:01:33,276 read OIL from av [ 2021-10-01 16:00:00 to 2021-09-07 09:35:00 ]
2021-10-02 06:07:34,503 Time out DX-Y.NYB
2021-10-02 06:07:34,878 read GLD from av [ 2021-10-01 18:00:00 to 2021-09-07 04:05:00 ]
2021-10-02 06:07:36,467 read UUP from av [ 2021-10-01 16:15:00 to 2021-09-07 05:10:00 ]
2021-10-02 06:07:38,720 read SHY from av [ 2021-10-01 16:25:00 to 2021-09-07 07:55:00 ]
2021-10-02 06:07:40,969 read SHV from av [ 2021-10-01 16:00:00 to 2021-09-07 07:05:00 ]
2021-10-02 06:07:42,955 read IEF from av [ 2021-10-01 16:30:00 to 2021-09-07 05:30:00 ]
2021-10-02 06:13:43,947 Time out ^IRX
2021-10-02 06:19:44,825 Time out ^FVX
2021-10-02 06:25:45,916 Time out ^TYX
2021-10-02 06:25:48,491 read SQQQ from av [ 2021-10-01 20:00:00 to 2021-09-07 04:05:00 ]
2021-10-02 06:25:49,953 read TQQQ from av [ 2021-10-01 20:00:00 to 2021-09-07 04:05:00 ]
2021-10-02 06:31:51,438 Time out ^VXX
2021-10-02 06:37:52,136 Time out ^VXZ
2021-10-02 06:37:53,416 read IYE from av [ 2021-10-01 16:00:00 to 2021-09-07 09:30:00 ]
2021-10-02 06:37:54,091 read IYY from av [ 2021-10-01 16:00:00 to 2021-09-07 09:35:00 ]
2021-10-02 06:37:55,461 read IYF from av [ 2021-10-01 16:00:00 to 2021-09-07 09:35:00 ]
2021-10-02 06:37:57,048 read IYR from av [ 2021-10-01 18:50:00 to 2021-09-07 08:50:00 ]
2021-10-02 06:37:58,471 read IYW from av [ 2021-10-01 17:05:00 to 2021-09-07 04:05:00 ]
2021-10-02 06:37:59,703 read IYT from av [ 2021-10-01 16:00:00 to 2021-09-07 09:35:00 ]
2021-10-02 06:38:00,937 read PEJ from av [ 2021-10-01 18:40:00 to 2021-09-07 09:35:00 ]
2021-10-02 06:38:01,606 read USO from av [ 2021-10-01 19:40:00 to 2021-09-07 04:05:00 ]
2021-10-02 06:38:03,354 read DBC from av [ 2021-10-01 17:45:00 to 2021-09-07 09:15:00 ]
2021-10-02 06:38:04,832 read GSG from av [ 2021-10-01 17:40:00 to 2021-09-07 05:30:00 ]
2021-10-02 06:38:05,425 read VTI from av [ 2021-10-01 19:55:00 to 2021-09-07 04:05:00 ]
2021-10-02 06:44:06,599 Time out ^RUT
2021-10-02 06:44:07,808 read FDN from av [ 2021-10-01 16:45:00 to 2021-09-07 08:05:00 ]
2021-10-02 06:44:08,588 read XLV from av [ 2021-10-01 19:55:00 to 2021-09-07 04:30:00 ]
2021-10-02 06:44:10,126 read IBB from av [ 2021-10-01 17:50:00 to 2021-09-07 08:10:00 ]
2021-10-02 06:44:12,143 read KRE from av [ 2021-10-01 19:50:00 to 2021-09-07 07:05:00 ]
2021-10-02 06:44:13,935 read KBE from av [ 2021-10-01 16:10:00 to 2021-09-07 09:35:00 ]
2021-10-02 06:44:14,639 read XLF from av [ 2021-10-01 19:50:00 to 2021-09-07 04:05:00 ]
2021-10-02 06:44:15,492 read XLP from av [ 2021-10-01 16:10:00 to 2021-09-07 07:30:00 ]
2021-10-02 06:44:16,089 read XLY from av [ 2021-10-01 17:15:00 to 2021-09-07 08:50:00 ]
2021-10-02 06:44:17,835 read VNQ from av [ 2021-10-01 16:40:00 to 2021-09-07 07:05:00 ]
2021-10-02 06:44:18,475 read XLB from av [ 2021-10-01 17:35:00 to 2021-09-07 08:05:00 ]
2021-10-02 06:44:19,070 read XLI from av [ 2021-10-01 17:20:00 to 2021-09-07 08:05:00 ]
2021-10-02 06:44:20,519 read KBWB from av [ 2021-10-01 16:00:00 to 2021-09-07 09:35:00 ]
2021-10-02 06:50:21,790 Time out TVIX
2021-10-02 06:56:22,535 Time out ^VVIX
2021-10-02 06:56:23,145 read VIXM from av [ 2021-10-01 16:00:00 to 2021-09-07 09:05:00 ]
2021-10-02 06:56:25,171 read VIXY from av [ 2021-10-01 19:40:00 to 2021-09-07 04:05:00 ]
2021-10-02 06:56:27,930 read VXX from av [ 2021-10-01 20:00:00 to 2021-09-07 04:05:00 ]
2021-10-02 06:56:30,168 read SVXY from av [ 2021-10-01 17:55:00 to 2021-09-07 04:15:00 ]
2021-10-02 06:56:33,118 read UVXY from av [ 2021-10-01 20:00:00 to 2021-09-07 04:05:00 ]
2021-10-02 06:56:34,050 read VIXY from av [ 2021-10-01 19:40:00 to 2021-09-07 04:05:00 ]
