2021-11-20 05:01:07,356 read QQQ from av [ 2021-11-19 20:00:00 to 2021-10-22 04:05:00 ]
2021-11-20 05:07:08,892 Time out ^VIX
2021-11-20 05:07:09,225 read FAS from av [ 2021-11-19 20:00:00 to 2021-10-22 04:20:00 ]
2021-11-20 05:07:10,059 read MIDU from av [ 2021-11-19 16:05:00 to 2021-10-25 07:20:00 ]
2021-11-20 05:07:11,045 read AAPL from av [ 2021-11-19 20:00:00 to 2021-10-22 04:05:00 ]
2021-11-20 05:07:11,942 read GOOG from av [ 2021-11-19 20:00:00 to 2021-10-22 07:20:00 ]
2021-11-20 05:13:13,053 Time out ^GSPC
2021-11-20 05:19:13,936 Time out ^DJI
2021-11-20 05:25:14,628 Time out ^TNX
2021-11-20 05:25:15,059 read MSFT from av [ 2021-11-19 20:00:00 to 2021-10-22 04:05:00 ]
2021-11-20 05:31:16,401 Time out ^VXGOG
2021-11-20 05:37:17,151 Time out ^VXAPL
2021-11-20 05:43:17,880 Time out ^VXGS
2021-11-20 05:49:18,444 Time out ^VXAZN
2021-11-20 05:55:19,187 Time out ^VXIBM
2021-11-20 05:55:19,751 read GS from av [ 2021-11-19 19:55:00 to 2021-10-22 07:05:00 ]
2021-11-20 05:55:20,619 read IBM from av [ 2021-11-19 20:00:00 to 2021-10-22 04:15:00 ]
2021-11-20 05:55:21,544 read FB from av [ 2021-11-19 20:00:00 to 2021-10-22 04:05:00 ]
2021-11-20 06:01:22,809 Time out ^TYVIX
2021-11-20 06:01:23,344 read SPY from av [ 2021-11-19 20:00:00 to 2021-10-22 04:05:00 ]
2021-11-20 06:01:24,226 read GOOGL from av [ 2021-11-19 17:30:00 to 2021-10-22 04:05:00 ]
2021-11-20 06:01:24,907 read JPM from av [ 2021-11-19 20:00:00 to 2021-10-25 06:55:00 ]
2021-11-20 06:01:25,694 read JNJ from av [ 2021-11-19 20:00:00 to 2021-10-25 04:30:00 ]
2021-11-20 06:01:26,585 read BAC from av [ 2021-11-19 20:00:00 to 2021-10-22 04:05:00 ]
2021-11-20 06:01:27,555 read V from av [ 2021-11-19 20:00:00 to 2021-10-22 07:05:00 ]
2021-11-20 06:01:28,328 read WFC from av [ 2021-11-19 19:35:00 to 2021-10-22 04:45:00 ]
2021-11-20 06:01:29,262 read MA from av [ 2021-11-19 19:55:00 to 2021-10-22 05:15:00 ]
2021-11-20 06:01:29,965 read C from av [ 2021-11-19 20:00:00 to 2021-10-22 04:05:00 ]
2021-11-20 06:01:30,931 read PYPL from av [ 2021-11-19 20:00:00 to 2021-10-22 04:05:00 ]
2021-11-20 06:01:31,936 read OIL from av [ 2021-11-19 16:00:00 to 2021-10-25 09:35:00 ]
2021-11-20 06:07:32,691 Time out DX-Y.NYB
2021-11-20 06:07:33,028 read GLD from av [ 2021-11-19 19:35:00 to 2021-10-25 04:05:00 ]
2021-11-20 06:07:33,873 read UUP from av [ 2021-11-19 19:40:00 to 2021-10-25 07:35:00 ]
2021-11-20 06:07:35,475 read SHY from av [ 2021-11-19 16:30:00 to 2021-10-25 08:45:00 ]
2021-11-20 06:07:36,867 read SHV from av [ 2021-11-19 16:05:00 to 2021-10-25 09:30:00 ]
2021-11-20 06:07:38,824 read IEF from av [ 2021-11-19 16:25:00 to 2021-10-25 08:05:00 ]
2021-11-20 06:13:39,866 Time out ^IRX
2021-11-20 06:19:40,526 Time out ^FVX
2021-11-20 06:25:41,143 Time out ^TYX
2021-11-20 06:25:44,073 read SQQQ from av [ 2021-11-19 20:00:00 to 2021-10-25 04:05:00 ]
2021-11-20 06:25:45,023 read TQQQ from av [ 2021-11-19 20:00:00 to 2021-10-25 04:05:00 ]
2021-11-20 06:31:46,354 Time out ^VXX
2021-11-20 06:37:46,986 Time out ^VXZ
2021-11-20 06:37:48,231 read IYE from av [ 2021-11-19 19:55:00 to 2021-10-25 09:35:00 ]
2021-11-20 06:37:49,015 read IYY from av [ 2021-11-19 16:00:00 to 2021-10-25 09:35:00 ]
2021-11-20 06:37:50,196 read IYF from av [ 2021-11-19 20:00:00 to 2021-10-25 09:30:00 ]
2021-11-20 06:37:51,847 read IYR from av [ 2021-11-19 17:00:00 to 2021-10-25 09:35:00 ]
2021-11-20 06:37:53,193 read IYW from av [ 2021-11-19 16:55:00 to 2021-10-25 09:35:00 ]
2021-11-20 06:37:53,810 read IYT from av [ 2021-11-19 16:00:00 to 2021-10-25 09:35:00 ]
2021-11-20 06:37:54,924 read PEJ from av [ 2021-11-19 17:35:00 to 2021-10-25 09:30:00 ]
2021-11-20 06:37:55,614 read USO from av [ 2021-11-19 20:00:00 to 2021-10-25 04:05:00 ]
2021-11-20 06:37:57,346 read DBC from av [ 2021-11-19 16:00:00 to 2021-10-25 04:05:00 ]
2021-11-20 06:37:58,807 read GSG from av [ 2021-11-19 16:00:00 to 2021-10-25 08:05:00 ]
2021-11-20 06:37:59,322 read VTI from av [ 2021-11-19 19:55:00 to 2021-10-25 07:20:00 ]
2021-11-20 06:44:00,339 Time out ^RUT
2021-11-20 06:44:00,813 read FDN from av [ 2021-11-19 16:00:00 to 2021-10-25 09:20:00 ]
2021-11-20 06:44:01,428 read XLV from av [ 2021-11-19 16:45:00 to 2021-10-25 07:10:00 ]
2021-11-20 06:44:02,008 read IBB from av [ 2021-11-19 16:10:00 to 2021-10-25 08:05:00 ]
2021-11-20 06:44:02,701 read KRE from av [ 2021-11-19 17:25:00 to 2021-10-25 07:05:00 ]
2021-11-20 06:44:04,521 read KBE from av [ 2021-11-19 16:05:00 to 2021-10-25 09:35:00 ]
2021-11-20 06:44:05,233 read XLF from av [ 2021-11-19 20:00:00 to 2021-10-25 04:05:00 ]
2021-11-20 06:44:06,067 read XLP from av [ 2021-11-19 17:35:00 to 2021-10-25 07:05:00 ]
2021-11-20 06:44:06,897 read XLY from av [ 2021-11-19 19:25:00 to 2021-10-25 07:15:00 ]
2021-11-20 06:44:07,642 read VNQ from av [ 2021-11-19 18:05:00 to 2021-10-25 08:20:00 ]
2021-11-20 06:44:08,246 read XLB from av [ 2021-11-19 18:40:00 to 2021-10-25 05:10:00 ]
2021-11-20 06:44:09,118 read XLI from av [ 2021-11-19 16:40:00 to 2021-10-25 07:05:00 ]
2021-11-20 06:44:10,651 read KBWB from av [ 2021-11-19 16:00:00 to 2021-10-25 09:35:00 ]
2021-11-20 06:50:11,753 Time out TVIX
2021-11-20 06:56:15,499 Time out ^VVIX
2021-11-20 06:56:15,912 read VIXM from av [ 2021-11-19 16:00:00 to 2021-10-25 09:05:00 ]
2021-11-20 06:56:17,633 read VIXY from av [ 2021-11-19 18:45:00 to 2021-10-25 04:10:00 ]
2021-11-20 06:56:18,544 read VXX from av [ 2021-11-19 20:00:00 to 2021-10-25 04:05:00 ]
2021-11-20 06:56:20,838 read SVXY from av [ 2021-11-19 18:10:00 to 2021-10-25 04:05:00 ]
2021-11-20 06:56:21,636 read UVXY from av [ 2021-11-19 20:00:00 to 2021-10-25 04:05:00 ]
2021-11-20 06:56:22,561 read VIXY from av [ 2021-11-19 18:45:00 to 2021-10-25 04:10:00 ]
