2021-12-04 05:01:07,192 read QQQ from av [ 2021-12-03 20:00:00 to 2021-11-05 04:05:00 ]
2021-12-04 05:07:08,705 Time out ^VIX
2021-12-04 05:07:10,271 read FAS from av [ 2021-12-03 20:00:00 to 2021-11-08 04:20:00 ]
2021-12-04 05:07:11,119 read MIDU from av [ 2021-12-03 16:00:00 to 2021-11-08 08:50:00 ]
2021-12-04 05:07:12,055 read AAPL from av [ 2021-12-03 20:00:00 to 2021-11-05 04:05:00 ]
2021-12-04 05:07:12,919 read GOOG from av [ 2021-12-03 19:30:00 to 2021-11-05 07:45:00 ]
2021-12-04 05:13:14,573 Time out ^GSPC
2021-12-04 05:19:15,280 Time out ^DJI
2021-12-04 05:25:15,898 Time out ^TNX
2021-12-04 05:25:16,553 read MSFT from av [ 2021-12-03 20:00:00 to 2021-11-05 04:05:00 ]
2021-12-04 05:31:17,772 Time out ^VXGOG
2021-12-04 05:37:18,523 Time out ^VXAPL
2021-12-04 05:43:19,283 Time out ^VXGS
2021-12-04 05:49:20,056 Time out ^VXAZN
2021-12-04 05:55:20,808 Time out ^VXIBM
2021-12-04 05:55:21,319 read GS from av [ 2021-12-03 20:00:00 to 2021-11-05 05:00:00 ]
2021-12-04 05:55:22,012 read IBM from av [ 2021-12-03 19:40:00 to 2021-11-05 04:10:00 ]
2021-12-04 05:55:23,084 read FB from av [ 2021-12-03 20:00:00 to 2021-11-05 04:10:00 ]
2021-12-04 06:01:24,372 Time out ^TYVIX
2021-12-04 06:01:25,122 read SPY from av [ 2021-12-03 20:00:00 to 2021-11-05 04:05:00 ]
2021-12-04 06:01:25,989 read GOOGL from av [ 2021-12-03 18:40:00 to 2021-11-05 06:05:00 ]
2021-12-04 06:01:26,950 read JPM from av [ 2021-12-03 20:00:00 to 2021-11-08 06:10:00 ]
2021-12-04 06:01:27,917 read JNJ from av [ 2021-12-03 17:40:00 to 2021-11-08 06:45:00 ]
2021-12-04 06:01:28,722 read BAC from av [ 2021-12-03 20:00:00 to 2021-11-08 04:05:00 ]
2021-12-04 06:01:29,893 read V from av [ 2021-12-03 20:00:00 to 2021-11-08 04:05:00 ]
2021-12-04 06:01:30,668 read WFC from av [ 2021-12-03 20:00:00 to 2021-11-08 04:05:00 ]
2021-12-04 06:01:31,532 read MA from av [ 2021-12-03 20:00:00 to 2021-11-08 04:35:00 ]
2021-12-04 06:01:32,279 read C from av [ 2021-12-03 20:00:00 to 2021-11-08 05:05:00 ]
2021-12-04 06:01:33,538 read PYPL from av [ 2021-12-03 20:00:00 to 2021-11-08 04:05:00 ]
2021-12-04 06:01:34,316 read OIL from av [ 2021-12-03 17:35:00 to 2021-11-08 08:05:00 ]
2021-12-04 06:07:35,045 Time out DX-Y.NYB
2021-12-04 06:07:35,620 read GLD from av [ 2021-12-03 19:40:00 to 2021-11-08 04:05:00 ]
2021-12-04 06:07:36,343 read UUP from av [ 2021-12-03 16:15:00 to 2021-11-08 05:35:00 ]
2021-12-04 06:07:37,870 read SHY from av [ 2021-12-03 16:35:00 to 2021-11-08 07:30:00 ]
2021-12-04 06:07:39,352 read SHV from av [ 2021-12-03 16:10:00 to 2021-11-08 08:55:00 ]
2021-12-04 06:07:40,936 read IEF from av [ 2021-12-03 17:00:00 to 2021-11-08 07:05:00 ]
2021-12-04 06:13:41,995 Time out ^IRX
2021-12-04 06:19:42,667 Time out ^FVX
2021-12-04 06:25:43,375 Time out ^TYX
2021-12-04 06:25:46,290 read SQQQ from av [ 2021-12-03 20:00:00 to 2021-11-08 04:05:00 ]
2021-12-04 06:25:47,650 read TQQQ from av [ 2021-12-03 20:00:00 to 2021-11-05 04:05:00 ]
2021-12-04 06:31:49,053 Time out ^VXX
2021-12-04 06:37:49,681 Time out ^VXZ
2021-12-04 06:37:50,823 read IYE from av [ 2021-12-03 16:00:00 to 2021-11-08 07:15:00 ]
2021-12-04 06:37:51,672 read IYY from av [ 2021-12-03 16:00:00 to 2021-11-08 09:35:00 ]
2021-12-04 06:37:52,986 read IYF from av [ 2021-12-03 16:00:00 to 2021-11-08 09:30:00 ]
2021-12-04 06:37:54,664 read IYR from av [ 2021-12-03 16:15:00 to 2021-11-08 09:35:00 ]
2021-12-04 06:37:56,273 read IYW from av [ 2021-12-03 16:05:00 to 2021-11-08 04:15:00 ]
2021-12-04 06:37:57,463 read IYT from av [ 2021-12-03 18:45:00 to 2021-11-08 07:05:00 ]
2021-12-04 06:37:59,079 read PEJ from av [ 2021-12-03 16:00:00 to 2021-11-08 06:20:00 ]
2021-12-04 06:37:59,784 read USO from av [ 2021-12-03 19:00:00 to 2021-11-08 04:05:00 ]
2021-12-04 06:38:01,850 read DBC from av [ 2021-12-03 16:25:00 to 2021-11-08 07:20:00 ]
2021-12-04 06:38:03,233 read GSG from av [ 2021-12-03 16:00:00 to 2021-11-08 05:50:00 ]
2021-12-04 06:38:03,798 read VTI from av [ 2021-12-03 18:55:00 to 2021-11-08 04:30:00 ]
2021-12-04 06:44:05,251 Time out ^RUT
2021-12-04 06:44:08,940 read FDN from av [ 2021-12-03 16:00:00 to 2021-11-08 09:35:00 ]
2021-12-04 06:44:09,590 read XLV from av [ 2021-12-03 16:15:00 to 2021-11-08 04:10:00 ]
2021-12-04 06:44:11,381 read IBB from av [ 2021-12-03 16:05:00 to 2021-11-08 06:40:00 ]
2021-12-04 06:44:13,440 read KRE from av [ 2021-12-03 19:00:00 to 2021-11-08 07:10:00 ]
2021-12-04 06:44:15,056 read KBE from av [ 2021-12-03 16:10:00 to 2021-11-08 07:05:00 ]
2021-12-04 06:44:15,779 read XLF from av [ 2021-12-03 19:55:00 to 2021-11-08 04:05:00 ]
2021-12-04 06:44:16,774 read XLP from av [ 2021-12-03 20:00:00 to 2021-11-08 08:00:00 ]
2021-12-04 06:44:17,450 read XLY from av [ 2021-12-03 16:20:00 to 2021-11-08 04:05:00 ]
2021-12-04 06:44:19,112 read VNQ from av [ 2021-12-03 16:25:00 to 2021-11-08 08:30:00 ]
2021-12-04 06:44:19,966 read XLB from av [ 2021-12-03 18:40:00 to 2021-11-08 04:15:00 ]
2021-12-04 06:44:20,534 read XLI from av [ 2021-12-03 18:20:00 to 2021-11-08 04:15:00 ]
2021-12-04 06:44:22,120 read KBWB from av [ 2021-12-03 16:05:00 to 2021-11-08 09:05:00 ]
2021-12-04 06:50:23,585 Time out TVIX
2021-12-04 06:56:24,267 Time out ^VVIX
2021-12-04 06:56:24,762 read VIXM from av [ 2021-12-03 16:05:00 to 2021-11-08 09:40:00 ]
2021-12-04 06:56:26,435 read VIXY from av [ 2021-12-03 20:00:00 to 2021-11-08 04:15:00 ]
2021-12-04 06:56:27,548 read VXX from av [ 2021-12-03 20:00:00 to 2021-11-08 04:05:00 ]
2021-12-04 06:56:30,011 read SVXY from av [ 2021-12-03 20:00:00 to 2021-11-08 06:00:00 ]
2021-12-04 06:56:33,243 read UVXY from av [ 2021-12-03 20:00:00 to 2021-11-08 04:05:00 ]
2021-12-04 06:56:34,219 read VIXY from av [ 2021-12-03 20:00:00 to 2021-11-08 04:15:00 ]
