2021-10-16 05:01:07,330 read QQQ from av [ 2021-10-15 20:00:00 to 2021-09-17 04:05:00 ]
2021-10-16 05:07:08,591 Time out ^VIX
2021-10-16 05:07:08,946 read FAS from av [ 2021-10-15 20:00:00 to 2021-09-20 04:05:00 ]
2021-10-16 05:07:09,858 read MIDU from av [ 2021-10-15 16:00:00 to 2021-09-20 04:05:00 ]
2021-10-16 05:07:10,562 read AAPL from av [ 2021-10-15 20:00:00 to 2021-09-17 04:05:00 ]
2021-10-16 05:07:11,413 read GOOG from av [ 2021-10-15 17:00:00 to 2021-09-17 08:05:00 ]
2021-10-16 05:13:12,470 Time out ^GSPC
2021-10-16 05:19:13,252 Time out ^DJI
2021-10-16 05:25:13,951 Time out ^TNX
2021-10-16 05:25:14,405 read MSFT from av [ 2021-10-15 19:55:00 to 2021-09-17 04:10:00 ]
2021-10-16 05:31:15,795 Time out ^VXGOG
2021-10-16 05:37:16,349 Time out ^VXAPL
2021-10-16 05:43:16,940 Time out ^VXGS
2021-10-16 05:49:17,640 Time out ^VXAZN
2021-10-16 05:55:18,302 Time out ^VXIBM
2021-10-16 05:55:18,629 read GS from av [ 2021-10-15 20:00:00 to 2021-09-20 04:05:00 ]
2021-10-16 05:55:19,337 read IBM from av [ 2021-10-15 19:15:00 to 2021-09-17 07:35:00 ]
2021-10-16 05:55:20,469 read FB from av [ 2021-10-15 20:00:00 to 2021-09-17 06:05:00 ]
2021-10-16 06:01:21,818 Time out ^TYVIX
2021-10-16 06:01:22,259 read SPY from av [ 2021-10-15 20:00:00 to 2021-09-17 04:05:00 ]
2021-10-16 06:01:23,159 read GOOGL from av [ 2021-10-15 19:00:00 to 2021-09-17 08:20:00 ]
2021-10-16 06:01:23,861 read JPM from av [ 2021-10-15 20:00:00 to 2021-09-20 04:25:00 ]
2021-10-16 06:01:24,769 read JNJ from av [ 2021-10-15 20:00:00 to 2021-09-20 05:00:00 ]
2021-10-16 06:01:25,842 read BAC from av [ 2021-10-15 20:00:00 to 2021-09-20 04:05:00 ]
2021-10-16 06:01:26,759 read V from av [ 2021-10-15 19:50:00 to 2021-09-20 04:05:00 ]
2021-10-16 06:01:27,590 read WFC from av [ 2021-10-15 20:00:00 to 2021-09-20 04:05:00 ]
2021-10-16 06:01:28,344 read MA from av [ 2021-10-15 20:00:00 to 2021-09-20 04:10:00 ]
2021-10-16 06:01:29,290 read C from av [ 2021-10-15 20:00:00 to 2021-09-20 04:05:00 ]
2021-10-16 06:01:30,259 read PYPL from av [ 2021-10-15 20:00:00 to 2021-09-20 04:05:00 ]
2021-10-16 06:01:31,168 read OIL from av [ 2021-10-15 16:00:00 to 2021-09-20 08:05:00 ]
2021-10-16 06:07:32,037 Time out DX-Y.NYB
2021-10-16 06:07:32,413 read GLD from av [ 2021-10-15 19:55:00 to 2021-09-20 04:05:00 ]
2021-10-16 06:07:33,912 read UUP from av [ 2021-10-15 16:20:00 to 2021-09-20 05:10:00 ]
2021-10-16 06:07:34,522 read SHY from av [ 2021-10-15 16:30:00 to 2021-09-20 08:50:00 ]
2021-10-16 06:07:35,992 read SHV from av [ 2021-10-15 16:05:00 to 2021-09-20 08:35:00 ]
2021-10-16 06:07:38,337 read IEF from av [ 2021-10-15 16:35:00 to 2021-09-20 04:05:00 ]
2021-10-16 06:13:39,392 Time out ^IRX
2021-10-16 06:19:40,198 Time out ^FVX
2021-10-16 06:25:41,008 Time out ^TYX
2021-10-16 06:25:41,507 read SQQQ from av [ 2021-10-15 20:00:00 to 2021-09-20 04:05:00 ]
2021-10-16 06:25:42,600 read TQQQ from av [ 2021-10-15 20:00:00 to 2021-09-17 04:05:00 ]
2021-10-16 06:31:44,080 Time out ^VXX
2021-10-16 06:37:44,754 Time out ^VXZ
2021-10-16 06:37:46,033 read IYE from av [ 2021-10-15 16:00:00 to 2021-09-20 09:35:00 ]
2021-10-16 06:37:46,757 read IYY from av [ 2021-10-15 16:00:00 to 2021-09-20 08:25:00 ]
2021-10-16 06:37:48,180 read IYF from av [ 2021-10-15 16:00:00 to 2021-09-20 09:35:00 ]
2021-10-16 06:37:49,711 read IYR from av [ 2021-10-15 16:15:00 to 2021-09-20 07:05:00 ]
2021-10-16 06:37:51,178 read IYW from av [ 2021-10-15 16:00:00 to 2021-09-20 07:05:00 ]
2021-10-16 06:37:52,282 read IYT from av [ 2021-10-15 16:00:00 to 2021-09-20 08:55:00 ]
2021-10-16 06:37:53,711 read PEJ from av [ 2021-10-15 16:00:00 to 2021-09-20 09:35:00 ]
2021-10-16 06:37:54,335 read USO from av [ 2021-10-15 19:50:00 to 2021-09-20 04:05:00 ]
2021-10-16 06:37:55,945 read DBC from av [ 2021-10-15 17:10:00 to 2021-09-20 04:05:00 ]
2021-10-16 06:37:57,197 read GSG from av [ 2021-10-15 16:00:00 to 2021-09-20 08:10:00 ]
2021-10-16 06:37:58,153 read VTI from av [ 2021-10-15 17:55:00 to 2021-09-20 04:05:00 ]
2021-10-16 06:43:59,211 Time out ^RUT
2021-10-16 06:44:00,225 read FDN from av [ 2021-10-15 16:00:00 to 2021-09-20 08:15:00 ]
2021-10-16 06:44:01,063 read XLV from av [ 2021-10-15 18:05:00 to 2021-09-20 07:05:00 ]
2021-10-16 06:44:02,640 read IBB from av [ 2021-10-15 16:05:00 to 2021-09-20 08:05:00 ]
2021-10-16 06:44:04,447 read KRE from av [ 2021-10-15 18:35:00 to 2021-09-20 05:50:00 ]
2021-10-16 06:44:06,156 read KBE from av [ 2021-10-15 18:15:00 to 2021-09-20 07:05:00 ]
2021-10-16 06:44:07,202 read XLF from av [ 2021-10-15 20:00:00 to 2021-09-20 04:05:00 ]
2021-10-16 06:44:08,006 read XLP from av [ 2021-10-15 16:55:00 to 2021-09-20 07:05:00 ]
2021-10-16 06:44:08,673 read XLY from av [ 2021-10-15 16:15:00 to 2021-09-20 07:25:00 ]
2021-10-16 06:44:10,415 read VNQ from av [ 2021-10-15 16:00:00 to 2021-09-20 04:10:00 ]
2021-10-16 06:44:11,017 read XLB from av [ 2021-10-15 17:30:00 to 2021-09-20 07:05:00 ]
2021-10-16 06:44:11,651 read XLI from av [ 2021-10-15 20:00:00 to 2021-09-20 04:05:00 ]
2021-10-16 06:44:13,256 read KBWB from av [ 2021-10-15 16:05:00 to 2021-09-20 09:35:00 ]
2021-10-16 06:50:16,354 Time out TVIX
2021-10-16 06:56:17,091 Time out ^VVIX
2021-10-16 06:56:17,663 read VIXM from av [ 2021-10-15 16:00:00 to 2021-09-20 07:40:00 ]
2021-10-16 06:56:19,757 read VIXY from av [ 2021-10-15 19:55:00 to 2021-09-20 04:05:00 ]
2021-10-16 06:56:22,281 read VXX from av [ 2021-10-15 20:00:00 to 2021-09-20 04:05:00 ]
2021-10-16 06:56:24,745 read SVXY from av [ 2021-10-15 20:00:00 to 2021-09-20 04:05:00 ]
2021-10-16 06:56:25,528 read UVXY from av [ 2021-10-15 20:00:00 to 2021-09-20 04:05:00 ]
2021-10-16 06:56:26,644 read VIXY from av [ 2021-10-15 19:55:00 to 2021-09-20 04:05:00 ]
