2021-01-23 10:01:56,657 read QQQ from av [ 2020-12-28 04:05:00 to 2021-01-22 20:00:00 ]
2021-01-23 10:07:57,684 Time out ^VIX
2021-01-23 10:07:58,174 read FAS from av [ 2020-12-28 04:55:00 to 2021-01-22 19:40:00 ]
2021-01-23 10:07:58,767 read MIDU from av [ 2020-12-28 08:40:00 to 2021-01-22 16:15:00 ]
2021-01-23 10:07:59,556 read AAPL from av [ 2020-12-28 04:05:00 to 2021-01-22 20:00:00 ]
2021-01-23 10:08:00,313 read GOOG from av [ 2020-12-28 08:05:00 to 2021-01-22 17:15:00 ]
2021-01-23 10:14:01,264 Time out ^GSPC
2021-01-23 10:20:01,871 Time out ^DJI
2021-01-23 10:26:02,505 Time out ^TNX
2021-01-23 10:26:03,037 read MSFT from av [ 2020-12-28 04:05:00 to 2021-01-22 20:00:00 ]
2021-01-23 10:32:05,674 Time out ^VXGOG
2021-01-23 10:38:06,289 Time out ^VXAPL
2021-01-23 10:44:06,979 Time out ^VXGS
2021-01-23 10:50:07,540 Time out ^VXAZN
2021-01-23 10:56:08,222 Time out ^VXIBM
2021-01-23 10:56:08,702 read GS from av [ 2020-12-28 05:35:00 to 2021-01-22 18:50:00 ]
2021-01-23 10:56:09,452 read IBM from av [ 2020-12-28 06:05:00 to 2021-01-22 20:00:00 ]
2021-01-23 10:56:10,250 read FB from av [ 2020-12-28 04:05:00 to 2021-01-22 20:00:00 ]
2021-01-23 11:02:11,295 Time out ^TYVIX
2021-01-23 11:02:11,862 read SPY from av [ 2020-12-28 04:05:00 to 2021-01-22 20:00:00 ]
2021-01-23 11:02:12,619 read GOOGL from av [ 2020-12-28 07:05:00 to 2021-01-22 20:00:00 ]
2021-01-23 11:02:13,332 read JPM from av [ 2020-12-28 04:40:00 to 2021-01-22 20:00:00 ]
2021-01-23 11:02:14,236 read JNJ from av [ 2020-12-28 04:05:00 to 2021-01-22 20:00:00 ]
2021-01-23 11:02:14,995 read BAC from av [ 2020-12-28 04:05:00 to 2021-01-22 20:00:00 ]
2021-01-23 11:04:15,899 read V from av [ 2020-12-28 06:20:00 to 2021-01-22 19:50:00 ]
2021-01-23 11:04:16,695 read WFC from av [ 2020-12-28 04:05:00 to 2021-01-22 20:00:00 ]
2021-01-23 11:04:17,380 read MA from av [ 2020-12-28 05:05:00 to 2021-01-22 19:45:00 ]
2021-01-23 11:04:18,082 read C from av [ 2020-12-28 04:05:00 to 2021-01-22 20:00:00 ]
2021-01-23 11:04:18,952 read PYPL from av [ 2020-12-28 04:35:00 to 2021-01-22 20:00:00 ]
2021-01-23 11:06:19,700 read OIL from av [ 2020-12-28 09:35:00 to 2021-01-22 16:00:00 ]
2021-01-23 11:12:20,645 Time out DX-Y.NYB
2021-01-23 11:12:21,248 read GLD from av [ 2020-12-28 04:05:00 to 2021-01-22 19:40:00 ]
2021-01-23 11:12:22,091 read UUP from av [ 2020-12-28 06:25:00 to 2021-01-22 16:00:00 ]
2021-01-23 11:12:24,102 read SHY from av [ 2020-12-28 09:35:00 to 2021-01-22 16:20:00 ]
2021-01-23 11:12:24,726 read SHV from av [ 2020-12-28 05:40:00 to 2021-01-22 19:50:00 ]
2021-01-23 11:14:25,635 read IEF from av [ 2020-12-28 08:05:00 to 2021-01-22 16:30:00 ]
2021-01-23 11:20:26,540 Time out ^IRX
2021-01-23 11:26:27,178 Time out ^FVX
2021-01-23 11:32:27,908 Time out ^TYX
2021-01-23 11:32:28,500 read SQQQ from av [ 2020-12-28 04:05:00 to 2021-01-22 20:00:00 ]
2021-01-23 11:32:29,508 read TQQQ from av [ 2020-12-28 04:05:00 to 2021-01-22 20:00:00 ]
2021-01-23 11:38:30,496 Time out ^VXX
2021-01-23 11:44:31,163 Time out ^VXZ
2021-01-23 11:44:31,688 read IYE from av [ 2020-12-28 09:35:00 to 2021-01-22 16:00:00 ]
2021-01-23 11:44:32,195 read IYY from av [ 2020-12-28 09:35:00 to 2021-01-22 16:00:00 ]
2021-01-23 11:44:32,686 read IYF from av [ 2020-12-28 09:35:00 to 2021-01-22 16:00:00 ]
2021-01-23 11:44:33,227 read IYR from av [ 2020-12-28 08:45:00 to 2021-01-22 16:20:00 ]
2021-01-23 11:44:33,790 read IYW from av [ 2020-12-28 09:30:00 to 2021-01-22 16:00:00 ]
2021-01-23 11:46:34,927 read IYT from av [ 2020-12-28 09:35:00 to 2021-01-22 16:00:00 ]
2021-01-23 11:46:36,377 read PEJ from av [ 2020-12-28 08:15:00 to 2021-01-22 16:00:00 ]
2021-01-23 11:46:37,065 read USO from av [ 2020-12-28 04:10:00 to 2021-01-22 19:30:00 ]
2021-01-23 11:46:40,143 read DBC from av [ 2020-12-28 08:05:00 to 2021-01-22 19:30:00 ]
2021-01-23 11:46:40,812 read GSG from av [ 2020-12-28 09:35:00 to 2021-01-22 16:00:00 ]
2021-01-23 11:48:41,509 read VTI from av [ 2020-12-28 04:50:00 to 2021-01-22 19:15:00 ]
2021-01-23 11:54:42,556 Time out ^RUT
2021-01-23 11:54:42,907 read FDN from av [ 2020-12-28 09:35:00 to 2021-01-22 16:10:00 ]
2021-01-23 11:54:43,517 read XLV from av [ 2020-12-28 07:05:00 to 2021-01-22 17:40:00 ]
2021-01-23 11:54:44,163 read IBB from av [ 2020-12-28 07:00:00 to 2021-01-22 16:40:00 ]
2021-01-23 11:54:44,754 read KRE from av [ 2020-12-28 07:05:00 to 2021-01-22 20:00:00 ]
2021-01-23 11:54:45,359 read KBE from av [ 2020-12-28 04:05:00 to 2021-01-22 16:05:00 ]
2021-01-23 11:56:46,301 read XLF from av [ 2020-12-28 04:05:00 to 2021-01-22 20:00:00 ]
2021-01-23 11:56:46,966 read XLP from av [ 2020-12-28 08:40:00 to 2021-01-22 18:15:00 ]
2021-01-23 11:56:47,550 read XLY from av [ 2020-12-28 07:10:00 to 2021-01-22 16:35:00 ]
2021-01-23 11:56:48,119 read VNQ from av [ 2020-12-28 08:25:00 to 2021-01-22 16:15:00 ]
2021-01-23 11:56:48,717 read XLB from av [ 2020-12-28 08:20:00 to 2021-01-22 18:05:00 ]
2021-01-23 11:58:49,545 read XLI from av [ 2020-12-28 08:25:00 to 2021-01-22 18:00:00 ]
2021-01-23 11:58:52,104 read KBWB from av [ 2020-12-28 08:45:00 to 2021-01-22 16:00:00 ]
2021-01-23 12:04:53,088 Time out TVIX
2021-01-23 12:10:53,711 Time out ^VVIX
2021-01-23 12:10:54,017 read VIXM from av [ 2020-12-28 09:25:00 to 2021-01-22 16:00:00 ]
2021-01-23 12:10:54,681 read VIXY from av [ 2020-12-28 04:05:00 to 2021-01-22 19:55:00 ]
2021-01-23 12:10:55,596 read VXX from av [ 2020-12-28 04:05:00 to 2021-01-22 20:00:00 ]
2021-01-23 12:10:56,332 read SVXY from av [ 2020-12-28 04:05:00 to 2021-01-22 17:00:00 ]
2021-01-23 12:10:57,157 read UVXY from av [ 2020-12-28 04:05:00 to 2021-01-22 20:00:00 ]
2021-01-23 12:12:58,159 read VIXY from av [ 2020-12-28 04:05:00 to 2021-01-22 19:55:00 ]
