2021-11-06 05:01:07,288 read QQQ from av [ 2021-11-05 20:00:00 to 2021-10-08 04:05:00 ]
2021-11-06 05:07:08,493 Time out ^VIX
2021-11-06 05:07:10,154 read FAS from av [ 2021-11-05 19:55:00 to 2021-10-11 04:10:00 ]
2021-11-06 05:07:10,946 read MIDU from av [ 2021-11-05 16:10:00 to 2021-10-11 09:35:00 ]
2021-11-06 05:07:11,761 read AAPL from av [ 2021-11-05 20:00:00 to 2021-10-08 04:05:00 ]
2021-11-06 05:07:12,619 read GOOG from av [ 2021-11-05 17:15:00 to 2021-10-08 08:40:00 ]
2021-11-06 05:13:13,686 Time out ^GSPC
2021-11-06 05:19:14,402 Time out ^DJI
2021-11-06 05:25:15,131 Time out ^TNX
2021-11-06 05:25:15,569 read MSFT from av [ 2021-11-05 19:55:00 to 2021-10-08 04:05:00 ]
2021-11-06 05:31:16,754 Time out ^VXGOG
2021-11-06 05:37:17,423 Time out ^VXAPL
2021-11-06 05:43:18,101 Time out ^VXGS
2021-11-06 05:49:18,897 Time out ^VXAZN
2021-11-06 05:55:19,620 Time out ^VXIBM
2021-11-06 05:55:19,941 read GS from av [ 2021-11-05 20:00:00 to 2021-10-08 06:45:00 ]
2021-11-06 05:55:20,770 read IBM from av [ 2021-11-05 19:30:00 to 2021-10-08 07:05:00 ]
2021-11-06 05:55:21,512 read FB from av [ 2021-11-05 20:00:00 to 2021-10-08 04:05:00 ]
2021-11-06 06:01:22,657 Time out ^TYVIX
2021-11-06 06:01:23,179 read SPY from av [ 2021-11-05 20:00:00 to 2021-10-08 04:05:00 ]
2021-11-06 06:01:24,036 read GOOGL from av [ 2021-11-05 19:00:00 to 2021-10-08 07:25:00 ]
2021-11-06 06:01:24,713 read JPM from av [ 2021-11-05 20:00:00 to 2021-10-08 07:25:00 ]
2021-11-06 06:01:25,437 read JNJ from av [ 2021-11-05 19:05:00 to 2021-10-11 06:55:00 ]
2021-11-06 06:01:26,245 read BAC from av [ 2021-11-05 20:00:00 to 2021-10-08 04:25:00 ]
2021-11-06 06:01:27,111 read V from av [ 2021-11-05 19:55:00 to 2021-10-11 06:00:00 ]
2021-11-06 06:01:27,853 read WFC from av [ 2021-11-05 20:00:00 to 2021-10-08 04:05:00 ]
2021-11-06 06:01:28,774 read MA from av [ 2021-11-05 19:40:00 to 2021-10-11 07:35:00 ]
2021-11-06 06:01:29,854 read C from av [ 2021-11-05 20:00:00 to 2021-10-11 04:10:00 ]
2021-11-06 06:01:30,744 read PYPL from av [ 2021-11-05 20:00:00 to 2021-10-08 06:30:00 ]
2021-11-06 06:01:31,559 read OIL from av [ 2021-11-05 16:00:00 to 2021-10-11 09:35:00 ]
2021-11-06 06:07:32,275 Time out DX-Y.NYB
2021-11-06 06:07:32,701 read GLD from av [ 2021-11-05 19:55:00 to 2021-10-11 04:05:00 ]
2021-11-06 06:07:34,191 read UUP from av [ 2021-11-05 16:15:00 to 2021-10-11 08:05:00 ]
2021-11-06 06:07:35,775 read SHY from av [ 2021-11-05 16:30:00 to 2021-10-11 09:35:00 ]
2021-11-06 06:07:37,111 read SHV from av [ 2021-11-05 16:00:00 to 2021-10-11 07:55:00 ]
2021-11-06 06:07:38,791 read IEF from av [ 2021-11-05 16:40:00 to 2021-10-11 08:25:00 ]
2021-11-06 06:13:39,691 Time out ^IRX
2021-11-06 06:19:40,419 Time out ^FVX
2021-11-06 06:25:41,092 Time out ^TYX
2021-11-06 06:25:43,947 read SQQQ from av [ 2021-11-05 20:00:00 to 2021-10-11 04:05:00 ]
2021-11-06 06:25:45,427 read TQQQ from av [ 2021-11-05 20:00:00 to 2021-10-11 04:05:00 ]
2021-11-06 06:31:46,524 Time out ^VXX
2021-11-06 06:37:47,216 Time out ^VXZ
2021-11-06 06:37:48,417 read IYE from av [ 2021-11-05 16:55:00 to 2021-10-11 07:40:00 ]
2021-11-06 06:37:49,144 read IYY from av [ 2021-11-05 16:00:00 to 2021-10-11 09:35:00 ]
2021-11-06 06:37:50,547 read IYF from av [ 2021-11-05 16:00:00 to 2021-10-11 07:40:00 ]
2021-11-06 06:37:52,324 read IYR from av [ 2021-11-05 16:10:00 to 2021-10-11 09:35:00 ]
2021-11-06 06:37:53,845 read IYW from av [ 2021-11-05 16:00:00 to 2021-10-11 09:35:00 ]
2021-11-06 06:37:55,054 read IYT from av [ 2021-11-05 20:00:00 to 2021-10-11 09:35:00 ]
2021-11-06 06:37:56,197 read PEJ from av [ 2021-11-05 17:45:00 to 2021-10-11 09:35:00 ]
2021-11-06 06:37:56,818 read USO from av [ 2021-11-05 20:00:00 to 2021-10-11 04:05:00 ]
2021-11-06 06:37:58,355 read DBC from av [ 2021-11-05 17:05:00 to 2021-10-11 07:05:00 ]
2021-11-06 06:37:59,839 read GSG from av [ 2021-11-05 16:20:00 to 2021-10-11 07:10:00 ]
2021-11-06 06:38:00,433 read VTI from av [ 2021-11-05 18:55:00 to 2021-10-11 08:10:00 ]
2021-11-06 06:44:01,762 Time out ^RUT
2021-11-06 06:44:02,916 read FDN from av [ 2021-11-05 16:00:00 to 2021-10-11 09:35:00 ]
2021-11-06 06:44:03,508 read XLV from av [ 2021-11-05 17:25:00 to 2021-10-11 04:05:00 ]
2021-11-06 06:44:05,568 read IBB from av [ 2021-11-05 16:30:00 to 2021-10-11 07:30:00 ]
2021-11-06 06:44:07,358 read KRE from av [ 2021-11-05 17:05:00 to 2021-10-11 06:10:00 ]
2021-11-06 06:44:09,152 read KBE from av [ 2021-11-05 17:25:00 to 2021-10-11 06:35:00 ]
2021-11-06 06:44:09,801 read XLF from av [ 2021-11-05 20:00:00 to 2021-10-11 04:05:00 ]
2021-11-06 06:44:10,710 read XLP from av [ 2021-11-05 17:15:00 to 2021-10-11 04:05:00 ]
2021-11-06 06:44:11,336 read XLY from av [ 2021-11-05 19:55:00 to 2021-10-11 07:35:00 ]
2021-11-06 06:44:11,896 read VNQ from av [ 2021-11-05 17:30:00 to 2021-10-11 04:10:00 ]
2021-11-06 06:44:12,548 read XLB from av [ 2021-11-05 17:00:00 to 2021-10-11 07:40:00 ]
2021-11-06 06:44:13,402 read XLI from av [ 2021-11-05 20:00:00 to 2021-10-11 06:10:00 ]
2021-11-06 06:44:15,047 read KBWB from av [ 2021-11-05 16:00:00 to 2021-10-11 09:35:00 ]
2021-11-06 06:50:16,542 Time out TVIX
2021-11-06 06:56:17,225 Time out ^VVIX
2021-11-06 06:56:17,628 read VIXM from av [ 2021-11-05 16:00:00 to 2021-10-11 09:10:00 ]
2021-11-06 06:56:19,554 read VIXY from av [ 2021-11-05 20:00:00 to 2021-10-11 04:05:00 ]
2021-11-06 06:56:21,855 read VXX from av [ 2021-11-05 20:00:00 to 2021-10-11 04:05:00 ]
2021-11-06 06:56:22,735 read SVXY from av [ 2021-11-05 19:00:00 to 2021-10-08 04:30:00 ]
2021-11-06 06:56:23,581 read UVXY from av [ 2021-11-05 20:00:00 to 2021-10-11 04:05:00 ]
2021-11-06 06:56:24,689 read VIXY from av [ 2021-11-05 20:00:00 to 2021-10-11 04:05:00 ]
