2021-10-23 05:01:08,030 read QQQ from av [ 2021-10-22 20:00:00 to 2021-09-24 04:05:00 ]
2021-10-23 05:07:09,513 Time out ^VIX
2021-10-23 05:07:10,974 read FAS from av [ 2021-10-22 18:10:00 to 2021-09-27 04:30:00 ]
2021-10-23 05:07:11,839 read MIDU from av [ 2021-10-22 16:30:00 to 2021-09-27 09:35:00 ]
2021-10-23 05:07:12,428 read AAPL from av [ 2021-10-22 20:00:00 to 2021-09-24 04:05:00 ]
2021-10-23 05:07:13,415 read GOOG from av [ 2021-10-22 19:05:00 to 2021-09-24 05:55:00 ]
2021-10-23 05:13:14,494 Time out ^GSPC
2021-10-23 05:19:15,049 Time out ^DJI
2021-10-23 05:25:15,796 Time out ^TNX
2021-10-23 05:25:16,453 read MSFT from av [ 2021-10-22 20:00:00 to 2021-09-24 04:05:00 ]
2021-10-23 05:31:17,807 Time out ^VXGOG
2021-10-23 05:37:18,584 Time out ^VXAPL
2021-10-23 05:43:19,362 Time out ^VXGS
2021-10-23 05:49:20,065 Time out ^VXAZN
2021-10-23 05:55:22,511 Time out ^VXIBM
2021-10-23 05:55:22,831 read GS from av [ 2021-10-22 20:00:00 to 2021-09-27 05:40:00 ]
2021-10-23 05:55:23,782 read IBM from av [ 2021-10-22 20:00:00 to 2021-09-24 06:50:00 ]
2021-10-23 05:55:24,960 read FB from av [ 2021-10-22 20:00:00 to 2021-09-24 04:05:00 ]
2021-10-23 06:01:26,148 Time out ^TYVIX
2021-10-23 06:01:26,629 read SPY from av [ 2021-10-22 20:00:00 to 2021-09-24 04:05:00 ]
2021-10-23 06:01:27,587 read GOOGL from av [ 2021-10-22 17:45:00 to 2021-09-24 08:05:00 ]
2021-10-23 06:01:28,288 read JPM from av [ 2021-10-22 18:10:00 to 2021-09-27 04:05:00 ]
2021-10-23 06:01:29,085 read JNJ from av [ 2021-10-22 17:55:00 to 2021-09-27 05:15:00 ]
2021-10-23 06:01:30,088 read BAC from av [ 2021-10-22 20:00:00 to 2021-09-27 04:10:00 ]
2021-10-23 06:01:30,958 read V from av [ 2021-10-22 18:35:00 to 2021-09-27 04:05:00 ]
2021-10-23 06:01:31,981 read WFC from av [ 2021-10-22 19:50:00 to 2021-09-24 04:35:00 ]
2021-10-23 06:01:32,967 read MA from av [ 2021-10-22 18:35:00 to 2021-09-27 08:40:00 ]
2021-10-23 06:01:33,680 read C from av [ 2021-10-22 20:00:00 to 2021-09-27 04:30:00 ]
2021-10-23 06:01:34,468 read PYPL from av [ 2021-10-22 20:00:00 to 2021-09-24 04:20:00 ]
2021-10-23 06:01:35,310 read OIL from av [ 2021-10-22 18:40:00 to 2021-09-27 09:20:00 ]
2021-10-23 06:07:36,051 Time out DX-Y.NYB
2021-10-23 06:07:36,376 read GLD from av [ 2021-10-22 20:00:00 to 2021-09-27 04:05:00 ]
2021-10-23 06:07:37,916 read UUP from av [ 2021-10-22 16:00:00 to 2021-09-27 04:35:00 ]
2021-10-23 06:07:39,477 read SHY from av [ 2021-10-22 16:05:00 to 2021-09-27 08:05:00 ]
2021-10-23 06:07:40,211 read SHV from av [ 2021-10-22 16:15:00 to 2021-09-27 09:05:00 ]
2021-10-23 06:07:40,921 read IEF from av [ 2021-10-22 16:30:00 to 2021-09-27 07:10:00 ]
2021-10-23 06:13:41,969 Time out ^IRX
2021-10-23 06:19:42,627 Time out ^FVX
2021-10-23 06:25:43,310 Time out ^TYX
2021-10-23 06:25:46,118 read SQQQ from av [ 2021-10-22 20:00:00 to 2021-09-27 04:05:00 ]
2021-10-23 06:25:47,091 read TQQQ from av [ 2021-10-22 20:00:00 to 2021-09-27 04:05:00 ]
2021-10-23 06:31:48,395 Time out ^VXX
2021-10-23 06:37:49,222 Time out ^VXZ
2021-10-23 06:37:50,734 read IYE from av [ 2021-10-22 16:00:00 to 2021-09-27 07:30:00 ]
2021-10-23 06:37:51,422 read IYY from av [ 2021-10-22 16:00:00 to 2021-09-27 09:35:00 ]
2021-10-23 06:37:52,750 read IYF from av [ 2021-10-22 16:00:00 to 2021-09-27 09:30:00 ]
2021-10-23 06:37:54,335 read IYR from av [ 2021-10-22 17:40:00 to 2021-09-27 08:35:00 ]
2021-10-23 06:37:56,014 read IYW from av [ 2021-10-22 16:00:00 to 2021-09-27 09:35:00 ]
2021-10-23 06:37:56,610 read IYT from av [ 2021-10-22 16:45:00 to 2021-09-27 09:35:00 ]
2021-10-23 06:37:57,832 read PEJ from av [ 2021-10-22 16:00:00 to 2021-09-27 09:35:00 ]
2021-10-23 06:37:58,528 read USO from av [ 2021-10-22 18:50:00 to 2021-09-27 04:05:00 ]
2021-10-23 06:38:00,185 read DBC from av [ 2021-10-22 16:20:00 to 2021-09-27 04:05:00 ]
2021-10-23 06:38:01,924 read GSG from av [ 2021-10-22 16:00:00 to 2021-09-27 05:45:00 ]
2021-10-23 06:38:02,547 read VTI from av [ 2021-10-22 18:35:00 to 2021-09-27 05:15:00 ]
2021-10-23 06:44:03,919 Time out ^RUT
2021-10-23 06:44:04,434 read FDN from av [ 2021-10-22 16:20:00 to 2021-09-27 08:40:00 ]
2021-10-23 06:44:05,345 read XLV from av [ 2021-10-22 16:45:00 to 2021-09-27 07:55:00 ]
2021-10-23 06:44:06,018 read IBB from av [ 2021-10-22 16:50:00 to 2021-09-27 07:05:00 ]
2021-10-23 06:44:06,864 read KRE from av [ 2021-10-22 16:40:00 to 2021-09-27 07:05:00 ]
2021-10-23 06:44:08,602 read KBE from av [ 2021-10-22 16:10:00 to 2021-09-27 07:40:00 ]
2021-10-23 06:44:09,520 read XLF from av [ 2021-10-22 20:00:00 to 2021-09-27 04:05:00 ]
2021-10-23 06:44:10,304 read XLP from av [ 2021-10-22 16:20:00 to 2021-09-27 07:20:00 ]
2021-10-23 06:44:10,951 read XLY from av [ 2021-10-22 16:05:00 to 2021-09-27 08:10:00 ]
2021-10-23 06:44:11,681 read VNQ from av [ 2021-10-22 16:00:00 to 2021-09-27 04:20:00 ]
2021-10-23 06:44:12,475 read XLB from av [ 2021-10-22 16:30:00 to 2021-09-27 07:35:00 ]
2021-10-23 06:44:13,391 read XLI from av [ 2021-10-22 16:45:00 to 2021-09-27 04:40:00 ]
2021-10-23 06:44:14,954 read KBWB from av [ 2021-10-22 16:25:00 to 2021-09-27 09:30:00 ]
2021-10-23 06:50:16,053 Time out TVIX
2021-10-23 06:56:16,860 Time out ^VVIX
2021-10-23 06:56:17,380 read VIXM from av [ 2021-10-22 16:00:00 to 2021-09-27 08:45:00 ]
2021-10-23 06:56:17,883 read VIXY from av [ 2021-10-22 19:50:00 to 2021-09-27 04:05:00 ]
2021-10-23 06:56:18,664 read VXX from av [ 2021-10-22 20:00:00 to 2021-09-27 04:05:00 ]
2021-10-23 06:56:20,784 read SVXY from av [ 2021-10-22 19:45:00 to 2021-09-27 04:15:00 ]
2021-10-23 06:56:21,740 read UVXY from av [ 2021-10-22 20:00:00 to 2021-09-24 04:05:00 ]
2021-10-23 06:56:22,681 read VIXY from av [ 2021-10-22 19:50:00 to 2021-09-27 04:05:00 ]
