2021-10-09 05:01:07,534 read QQQ from av [ 2021-10-07 20:00:00 to 2021-09-10 04:05:00 ]
2021-10-09 05:07:08,823 Time out ^VIX
2021-10-09 05:07:09,432 read FAS from av [ 2021-10-07 20:00:00 to 2021-09-10 04:50:00 ]
2021-10-09 05:07:10,201 read MIDU from av [ 2021-10-07 16:25:00 to 2021-09-13 09:35:00 ]
2021-10-09 05:07:11,142 read AAPL from av [ 2021-10-07 20:00:00 to 2021-09-10 04:05:00 ]
2021-10-09 05:07:12,229 read GOOG from av [ 2021-10-07 18:35:00 to 2021-09-10 06:05:00 ]
2021-10-09 05:13:13,187 Time out ^GSPC
2021-10-09 05:19:13,861 Time out ^DJI
2021-10-09 05:25:14,396 Time out ^TNX
2021-10-09 05:25:14,793 read MSFT from av [ 2021-10-07 20:00:00 to 2021-09-10 04:05:00 ]
2021-10-09 05:31:16,023 Time out ^VXGOG
2021-10-09 05:37:16,730 Time out ^VXAPL
2021-10-09 05:43:17,479 Time out ^VXGS
2021-10-09 05:49:20,703 Time out ^VXAZN
2021-10-09 05:55:21,439 Time out ^VXIBM
2021-10-09 05:55:21,723 read GS from av [ 2021-10-07 19:55:00 to 2021-09-13 07:45:00 ]
2021-10-09 05:55:22,580 read IBM from av [ 2021-10-07 20:00:00 to 2021-09-10 06:15:00 ]
2021-10-09 05:55:23,584 read FB from av [ 2021-10-07 20:00:00 to 2021-09-10 04:25:00 ]
2021-10-09 06:01:24,695 Time out ^TYVIX
2021-10-09 06:01:25,098 read SPY from av [ 2021-10-07 20:00:00 to 2021-09-10 04:05:00 ]
2021-10-09 06:01:26,115 read GOOGL from av [ 2021-10-07 19:00:00 to 2021-09-10 08:05:00 ]
2021-10-09 06:01:27,051 read JPM from av [ 2021-10-07 20:00:00 to 2021-09-13 06:50:00 ]
2021-10-09 06:01:27,787 read JNJ from av [ 2021-10-07 19:45:00 to 2021-09-13 07:05:00 ]
2021-10-09 06:01:28,652 read BAC from av [ 2021-10-07 20:00:00 to 2021-09-13 04:15:00 ]
2021-10-09 06:01:29,465 read V from av [ 2021-10-07 19:20:00 to 2021-09-13 06:15:00 ]
2021-10-09 06:01:30,271 read WFC from av [ 2021-10-07 20:00:00 to 2021-09-13 04:05:00 ]
2021-10-09 06:01:31,026 read MA from av [ 2021-10-07 19:05:00 to 2021-09-13 09:30:00 ]
2021-10-09 06:01:31,810 read C from av [ 2021-10-07 19:55:00 to 2021-09-13 04:05:00 ]
2021-10-09 06:01:32,917 read PYPL from av [ 2021-10-07 19:05:00 to 2021-09-13 04:05:00 ]
2021-10-09 06:01:33,645 read OIL from av [ 2021-10-07 16:00:00 to 2021-09-13 09:35:00 ]
2021-10-09 06:07:34,403 Time out DX-Y.NYB
2021-10-09 06:07:34,851 read GLD from av [ 2021-10-07 20:00:00 to 2021-09-13 04:05:00 ]
2021-10-09 06:07:36,014 read UUP from av [ 2021-10-07 19:30:00 to 2021-09-13 05:35:00 ]
2021-10-09 06:07:37,553 read SHY from av [ 2021-10-07 16:05:00 to 2021-09-13 09:15:00 ]
2021-10-09 06:07:39,082 read SHV from av [ 2021-10-07 16:10:00 to 2021-09-13 07:35:00 ]
2021-10-09 06:07:40,802 read IEF from av [ 2021-10-07 16:25:00 to 2021-09-13 08:25:00 ]
2021-10-09 06:13:41,722 Time out ^IRX
2021-10-09 06:19:42,399 Time out ^FVX
2021-10-09 06:25:43,097 Time out ^TYX
2021-10-09 06:25:46,134 read SQQQ from av [ 2021-10-07 20:00:00 to 2021-09-13 04:05:00 ]
2021-10-09 06:25:47,414 read TQQQ from av [ 2021-10-07 20:00:00 to 2021-09-13 04:05:00 ]
2021-10-09 06:31:48,665 Time out ^VXX
2021-10-09 06:37:49,301 Time out ^VXZ
2021-10-09 06:37:50,573 read IYE from av [ 2021-10-07 16:00:00 to 2021-09-13 09:30:00 ]
2021-10-09 06:37:51,318 read IYY from av [ 2021-10-07 16:00:00 to 2021-09-13 09:35:00 ]
2021-10-09 06:37:52,874 read IYF from av [ 2021-10-07 16:00:00 to 2021-09-13 09:35:00 ]
2021-10-09 06:37:54,441 read IYR from av [ 2021-10-07 16:20:00 to 2021-09-13 09:30:00 ]
2021-10-09 06:37:55,999 read IYW from av [ 2021-10-07 16:00:00 to 2021-09-13 09:30:00 ]
2021-10-09 06:37:57,284 read IYT from av [ 2021-10-07 16:00:00 to 2021-09-13 09:35:00 ]
2021-10-09 06:37:58,375 read PEJ from av [ 2021-10-07 16:00:00 to 2021-09-13 06:05:00 ]
2021-10-09 06:37:59,152 read USO from av [ 2021-10-07 20:00:00 to 2021-09-13 04:10:00 ]
2021-10-09 06:38:00,749 read DBC from av [ 2021-10-07 16:05:00 to 2021-09-13 04:40:00 ]
2021-10-09 06:38:02,561 read GSG from av [ 2021-10-07 16:00:00 to 2021-09-13 08:35:00 ]
2021-10-09 06:38:03,244 read VTI from av [ 2021-10-07 19:10:00 to 2021-09-10 04:25:00 ]
2021-10-09 06:44:04,239 Time out ^RUT
2021-10-09 06:44:05,220 read FDN from av [ 2021-10-07 16:10:00 to 2021-09-13 09:30:00 ]
2021-10-09 06:44:05,981 read XLV from av [ 2021-10-07 16:45:00 to 2021-09-13 07:00:00 ]
2021-10-09 06:44:07,685 read IBB from av [ 2021-10-07 19:45:00 to 2021-09-13 09:35:00 ]
2021-10-09 06:44:09,603 read KRE from av [ 2021-10-07 19:25:00 to 2021-09-13 04:05:00 ]
2021-10-09 06:44:11,009 read KBE from av [ 2021-10-07 16:55:00 to 2021-09-13 07:05:00 ]
2021-10-09 06:44:11,862 read XLF from av [ 2021-10-07 20:00:00 to 2021-09-13 04:05:00 ]
2021-10-09 06:44:12,878 read XLP from av [ 2021-10-07 19:05:00 to 2021-09-13 08:00:00 ]
2021-10-09 06:44:13,709 read XLY from av [ 2021-10-07 16:25:00 to 2021-09-13 09:05:00 ]
2021-10-09 06:44:14,500 read VNQ from av [ 2021-10-07 16:50:00 to 2021-09-13 07:30:00 ]
2021-10-09 06:44:15,131 read XLB from av [ 2021-10-07 17:40:00 to 2021-09-13 07:05:00 ]
2021-10-09 06:44:15,852 read XLI from av [ 2021-10-07 16:10:00 to 2021-09-13 07:50:00 ]
2021-10-09 06:44:17,339 read KBWB from av [ 2021-10-07 18:30:00 to 2021-09-13 09:35:00 ]
2021-10-09 06:50:18,400 Time out TVIX
2021-10-09 06:56:19,073 Time out ^VVIX
2021-10-09 06:56:19,590 read VIXM from av [ 2021-10-07 16:00:00 to 2021-09-13 06:25:00 ]
2021-10-09 06:56:21,451 read VIXY from av [ 2021-10-07 20:00:00 to 2021-09-13 04:05:00 ]
2021-10-09 06:56:22,579 read VXX from av [ 2021-10-07 20:00:00 to 2021-09-13 04:05:00 ]
2021-10-09 06:56:25,059 read SVXY from av [ 2021-10-07 20:00:00 to 2021-09-13 04:05:00 ]
2021-10-09 06:56:26,122 read UVXY from av [ 2021-10-07 20:00:00 to 2021-09-13 04:05:00 ]
2021-10-09 06:56:27,202 read VIXY from av [ 2021-10-07 20:00:00 to 2021-09-13 04:05:00 ]
