2021-03-27 09:02:01,146 read QQQ from av [ 2021-02-26 04:05:00 to 2021-03-26 20:00:00 ]
2021-03-27 09:08:02,357 Time out ^VIX
2021-03-27 09:08:03,003 read FAS from av [ 2021-03-01 07:05:00 to 2021-03-26 19:55:00 ]
2021-03-27 09:08:03,852 read MIDU from av [ 2021-03-01 08:05:00 to 2021-03-26 17:55:00 ]
2021-03-27 09:08:04,675 read AAPL from av [ 2021-02-26 04:05:00 to 2021-03-26 20:00:00 ]
2021-03-27 09:08:05,438 read GOOG from av [ 2021-02-26 07:45:00 to 2021-03-26 19:30:00 ]
2021-03-27 09:14:06,399 Time out ^GSPC
2021-03-27 09:20:07,072 Time out ^DJI
2021-03-27 09:26:07,670 Time out ^TNX
2021-03-27 09:26:08,320 read MSFT from av [ 2021-02-26 04:10:00 to 2021-03-26 20:00:00 ]
2021-03-27 09:32:09,363 Time out ^VXGOG
2021-03-27 09:38:09,952 Time out ^VXAPL
2021-03-27 09:44:10,609 Time out ^VXGS
2021-03-27 09:50:11,296 Time out ^VXAZN
2021-03-27 09:56:11,804 Time out ^VXIBM
2021-03-27 09:56:12,219 read GS from av [ 2021-03-01 04:05:00 to 2021-03-26 20:00:00 ]
2021-03-27 09:56:12,972 read IBM from av [ 2021-02-26 04:40:00 to 2021-03-26 19:45:00 ]
2021-03-27 09:56:13,861 read FB from av [ 2021-02-26 04:05:00 to 2021-03-26 20:00:00 ]
2021-03-27 10:02:14,847 Time out ^TYVIX
2021-03-27 10:02:15,583 read SPY from av [ 2021-02-26 04:05:00 to 2021-03-26 20:00:00 ]
2021-03-27 10:02:16,481 read GOOGL from av [ 2021-02-26 08:05:00 to 2021-03-26 18:40:00 ]
2021-03-27 10:02:17,228 read JPM from av [ 2021-03-01 04:05:00 to 2021-03-26 20:00:00 ]
2021-03-27 10:02:18,339 read JNJ from av [ 2021-02-26 07:00:00 to 2021-03-26 19:25:00 ]
2021-03-27 10:02:19,214 read BAC from av [ 2021-03-01 04:05:00 to 2021-03-26 20:00:00 ]
2021-03-27 10:04:20,293 read V from av [ 2021-03-01 06:25:00 to 2021-03-26 19:55:00 ]
2021-03-27 10:04:21,207 read WFC from av [ 2021-03-01 04:05:00 to 2021-03-26 20:00:00 ]
2021-03-27 10:04:22,012 read MA from av [ 2021-02-26 07:20:00 to 2021-03-26 18:30:00 ]
2021-03-27 10:04:22,834 read C from av [ 2021-02-26 04:05:00 to 2021-03-26 19:50:00 ]
2021-03-27 10:04:23,708 read PYPL from av [ 2021-03-01 04:05:00 to 2021-03-26 20:00:00 ]
2021-03-27 10:06:24,447 read OIL from av [ 2021-03-01 09:35:00 to 2021-03-26 18:10:00 ]
2021-03-27 10:12:25,338 Time out DX-Y.NYB
2021-03-27 10:12:25,898 read GLD from av [ 2021-03-01 04:05:00 to 2021-03-26 18:30:00 ]
2021-03-27 10:12:26,676 read UUP from av [ 2021-03-01 04:05:00 to 2021-03-26 16:05:00 ]
2021-03-27 10:12:27,306 read SHY from av [ 2021-03-01 09:35:00 to 2021-03-26 16:10:00 ]
2021-03-27 10:12:28,034 read SHV from av [ 2021-03-01 07:05:00 to 2021-03-26 19:40:00 ]
2021-03-27 10:14:29,052 read IEF from av [ 2021-03-01 08:30:00 to 2021-03-26 16:55:00 ]
2021-03-27 10:20:30,702 Time out ^IRX
2021-03-27 10:26:32,203 Time out ^FVX
2021-03-27 10:32:32,917 Time out ^TYX
2021-03-27 10:32:35,917 read SQQQ from av [ 2021-03-01 04:05:00 to 2021-03-26 20:00:00 ]
2021-03-27 10:32:38,549 read TQQQ from av [ 2021-03-01 04:05:00 to 2021-03-26 20:00:00 ]
2021-03-27 10:38:39,603 Time out ^VXX
2021-03-27 10:44:40,309 Time out ^VXZ
2021-03-27 10:44:43,371 read IYE from av [ 2021-03-01 08:05:00 to 2021-03-26 16:25:00 ]
2021-03-27 10:44:43,937 read IYY from av [ 2021-03-01 09:35:00 to 2021-03-26 16:00:00 ]
2021-03-27 10:44:44,513 read IYF from av [ 2021-03-01 08:35:00 to 2021-03-26 16:00:00 ]
2021-03-27 10:44:45,161 read IYR from av [ 2021-03-01 09:30:00 to 2021-03-26 19:15:00 ]
2021-03-27 10:44:45,785 read IYW from av [ 2021-03-01 07:15:00 to 2021-03-26 16:00:00 ]
2021-03-27 10:46:46,980 read IYT from av [ 2021-03-01 08:15:00 to 2021-03-26 16:00:00 ]
2021-03-27 10:46:47,855 read PEJ from av [ 2021-03-01 07:25:00 to 2021-03-26 19:55:00 ]
2021-03-27 10:46:48,863 read USO from av [ 2021-03-01 04:05:00 to 2021-03-26 19:55:00 ]
2021-03-27 10:46:49,871 read DBC from av [ 2021-03-01 05:15:00 to 2021-03-26 20:00:00 ]
2021-03-27 10:46:50,754 read GSG from av [ 2021-03-01 05:55:00 to 2021-03-26 16:00:00 ]
2021-03-27 10:48:51,612 read VTI from av [ 2021-02-26 07:05:00 to 2021-03-26 20:00:00 ]
2021-03-27 10:54:52,587 Time out ^RUT
2021-03-27 10:54:52,956 read FDN from av [ 2021-03-01 07:40:00 to 2021-03-26 16:25:00 ]
2021-03-27 10:54:53,607 read XLV from av [ 2021-03-01 04:10:00 to 2021-03-26 16:45:00 ]
2021-03-27 10:54:54,284 read IBB from av [ 2021-03-01 07:05:00 to 2021-03-26 17:10:00 ]
2021-03-27 10:54:55,018 read KRE from av [ 2021-03-01 07:25:00 to 2021-03-26 20:00:00 ]
2021-03-27 10:54:55,716 read KBE from av [ 2021-03-01 07:05:00 to 2021-03-26 17:20:00 ]
2021-03-27 10:56:56,717 read XLF from av [ 2021-03-01 04:05:00 to 2021-03-26 19:55:00 ]
2021-03-27 10:56:57,471 read XLP from av [ 2021-03-01 05:10:00 to 2021-03-26 19:35:00 ]
2021-03-27 10:56:58,132 read XLY from av [ 2021-03-01 05:05:00 to 2021-03-26 17:10:00 ]
2021-03-27 10:56:58,792 read VNQ from av [ 2021-02-26 08:05:00 to 2021-03-26 18:50:00 ]
2021-03-27 10:56:59,507 read XLB from av [ 2021-03-01 07:05:00 to 2021-03-26 17:30:00 ]
2021-03-27 10:59:00,388 read XLI from av [ 2021-03-01 06:10:00 to 2021-03-26 19:50:00 ]
2021-03-27 10:59:01,036 read KBWB from av [ 2021-03-01 08:35:00 to 2021-03-26 16:30:00 ]
2021-03-27 11:05:02,064 Time out TVIX
2021-03-27 11:11:02,587 Time out ^VVIX
2021-03-27 11:11:02,937 read VIXM from av [ 2021-03-01 09:20:00 to 2021-03-26 16:05:00 ]
2021-03-27 11:11:03,670 read VIXY from av [ 2021-03-01 04:05:00 to 2021-03-26 19:55:00 ]
2021-03-27 11:11:04,599 read VXX from av [ 2021-03-01 04:05:00 to 2021-03-26 20:00:00 ]
2021-03-27 11:11:05,619 read SVXY from av [ 2021-03-01 04:05:00 to 2021-03-26 17:10:00 ]
2021-03-27 11:11:06,662 read UVXY from av [ 2021-03-01 04:05:00 to 2021-03-26 20:00:00 ]
2021-03-27 11:13:07,895 read VIXY from av [ 2021-03-01 04:05:00 to 2021-03-26 19:55:00 ]
