2021-09-11 05:01:06,709 read QQQ from av [ 2021-09-10 20:00:00 to 2021-08-13 04:05:00 ]
2021-09-11 05:07:08,066 Time out ^VIX
2021-09-11 05:07:08,379 read FAS from av [ 2021-09-10 19:25:00 to 2021-08-16 04:50:00 ]
2021-09-11 05:07:09,163 read MIDU from av [ 2021-09-10 16:00:00 to 2021-08-16 07:40:00 ]
2021-09-11 05:07:09,789 read AAPL from av [ 2021-09-10 20:00:00 to 2021-08-13 04:05:00 ]
2021-09-11 05:07:10,614 read GOOG from av [ 2021-09-10 20:00:00 to 2021-08-13 08:40:00 ]
2021-09-11 05:13:11,655 Time out ^GSPC
2021-09-11 05:19:12,306 Time out ^DJI
2021-09-11 05:25:13,183 Time out ^TNX
2021-09-11 05:25:13,636 read MSFT from av [ 2021-09-10 20:00:00 to 2021-08-13 04:40:00 ]
2021-09-11 05:31:14,841 Time out ^VXGOG
2021-09-11 05:37:15,608 Time out ^VXAPL
2021-09-11 05:43:16,219 Time out ^VXGS
2021-09-11 05:49:17,026 Time out ^VXAZN
2021-09-11 05:55:17,847 Time out ^VXIBM
2021-09-11 05:55:18,168 read GS from av [ 2021-09-10 19:55:00 to 2021-08-16 06:35:00 ]
2021-09-11 05:55:19,060 read IBM from av [ 2021-09-10 19:50:00 to 2021-08-13 05:05:00 ]
2021-09-11 05:55:19,758 read FB from av [ 2021-09-10 20:00:00 to 2021-08-13 04:55:00 ]
2021-09-11 06:01:20,909 Time out ^TYVIX
2021-09-11 06:01:21,300 read SPY from av [ 2021-09-10 20:00:00 to 2021-08-13 04:05:00 ]
2021-09-11 06:01:22,111 read GOOGL from av [ 2021-09-10 18:35:00 to 2021-08-13 07:15:00 ]
2021-09-11 06:01:22,957 read JPM from av [ 2021-09-10 19:40:00 to 2021-08-16 04:50:00 ]
2021-09-11 06:01:23,897 read JNJ from av [ 2021-09-10 19:45:00 to 2021-08-16 07:45:00 ]
2021-09-11 06:01:24,732 read BAC from av [ 2021-09-10 20:00:00 to 2021-08-16 04:05:00 ]
2021-09-11 06:01:25,612 read V from av [ 2021-09-10 19:40:00 to 2021-08-16 05:10:00 ]
2021-09-11 06:01:26,308 read WFC from av [ 2021-09-10 20:00:00 to 2021-08-16 04:10:00 ]
2021-09-11 06:01:27,261 read MA from av [ 2021-09-10 18:00:00 to 2021-08-16 08:05:00 ]
2021-09-11 06:01:28,198 read C from av [ 2021-09-10 20:00:00 to 2021-08-16 04:05:00 ]
2021-09-11 06:01:28,950 read PYPL from av [ 2021-09-10 19:45:00 to 2021-08-16 04:05:00 ]
2021-09-11 06:01:29,685 read OIL from av [ 2021-09-10 16:00:00 to 2021-08-16 09:35:00 ]
2021-09-11 06:07:30,623 Time out DX-Y.NYB
2021-09-11 06:07:30,981 read GLD from av [ 2021-09-10 20:00:00 to 2021-08-16 04:05:00 ]
2021-09-11 06:07:31,675 read UUP from av [ 2021-09-10 16:40:00 to 2021-08-16 04:25:00 ]
2021-09-11 06:07:33,318 read SHY from av [ 2021-09-10 17:30:00 to 2021-08-16 09:35:00 ]
2021-09-11 06:07:34,802 read SHV from av [ 2021-09-10 16:00:00 to 2021-08-16 09:35:00 ]
2021-09-11 06:07:36,382 read IEF from av [ 2021-09-10 16:25:00 to 2021-08-16 08:00:00 ]
2021-09-11 06:13:37,540 Time out ^IRX
2021-09-11 06:19:38,376 Time out ^FVX
2021-09-11 06:25:39,282 Time out ^TYX
2021-09-11 06:25:41,601 read SQQQ from av [ 2021-09-10 20:00:00 to 2021-08-16 04:05:00 ]
2021-09-11 06:25:42,472 read TQQQ from av [ 2021-09-10 20:00:00 to 2021-08-16 04:05:00 ]
2021-09-11 06:31:43,648 Time out ^VXX
2021-09-11 06:37:44,402 Time out ^VXZ
2021-09-11 06:37:45,848 read IYE from av [ 2021-09-10 16:00:00 to 2021-08-16 09:35:00 ]
2021-09-11 06:37:46,502 read IYY from av [ 2021-09-10 17:45:00 to 2021-08-16 09:35:00 ]
2021-09-11 06:37:47,914 read IYF from av [ 2021-09-10 16:00:00 to 2021-08-16 09:35:00 ]
2021-09-11 06:37:49,694 read IYR from av [ 2021-09-10 16:45:00 to 2021-08-16 09:35:00 ]
2021-09-11 06:37:51,257 read IYW from av [ 2021-09-10 18:35:00 to 2021-08-16 07:05:00 ]
2021-09-11 06:37:51,924 read IYT from av [ 2021-09-10 16:00:00 to 2021-08-16 09:35:00 ]
2021-09-11 06:37:52,995 read PEJ from av [ 2021-09-10 16:00:00 to 2021-08-16 08:15:00 ]
2021-09-11 06:37:53,623 read USO from av [ 2021-09-10 18:05:00 to 2021-08-16 04:05:00 ]
2021-09-11 06:37:55,033 read DBC from av [ 2021-09-10 17:05:00 to 2021-08-16 08:05:00 ]
2021-09-11 06:37:56,360 read GSG from av [ 2021-09-10 16:00:00 to 2021-08-16 07:30:00 ]
2021-09-11 06:37:56,892 read VTI from av [ 2021-09-10 19:30:00 to 2021-08-16 08:05:00 ]
2021-09-11 06:43:58,040 Time out ^RUT
2021-09-11 06:43:58,994 read FDN from av [ 2021-09-10 16:00:00 to 2021-08-16 09:35:00 ]
2021-09-11 06:43:59,504 read XLV from av [ 2021-09-10 20:00:00 to 2021-08-16 04:45:00 ]
2021-09-11 06:44:00,253 read IBB from av [ 2021-09-10 19:30:00 to 2021-08-16 09:00:00 ]
2021-09-11 06:44:00,973 read KRE from av [ 2021-09-10 16:25:00 to 2021-08-16 05:45:00 ]
2021-09-11 06:44:02,593 read KBE from av [ 2021-09-10 16:45:00 to 2021-08-16 05:40:00 ]
2021-09-11 06:44:03,487 read XLF from av [ 2021-09-10 19:50:00 to 2021-08-16 04:05:00 ]
2021-09-11 06:44:04,217 read XLP from av [ 2021-09-10 19:25:00 to 2021-08-16 07:05:00 ]
2021-09-11 06:44:04,783 read XLY from av [ 2021-09-10 19:20:00 to 2021-08-16 04:20:00 ]
2021-09-11 06:44:05,504 read VNQ from av [ 2021-09-10 19:20:00 to 2021-08-16 08:20:00 ]
2021-09-11 06:44:06,057 read XLB from av [ 2021-09-10 16:15:00 to 2021-08-16 07:05:00 ]
2021-09-11 06:44:06,625 read XLI from av [ 2021-09-10 19:00:00 to 2021-08-16 06:20:00 ]
2021-09-11 06:44:08,078 read KBWB from av [ 2021-09-10 16:00:00 to 2021-08-16 09:35:00 ]
2021-09-11 06:50:09,195 Time out TVIX
2021-09-11 06:56:09,957 Time out ^VVIX
2021-09-11 06:56:10,228 read VIXM from av [ 2021-09-10 16:50:00 to 2021-08-16 09:35:00 ]
2021-09-11 06:56:11,994 read VIXY from av [ 2021-09-10 20:00:00 to 2021-08-16 04:05:00 ]
2021-09-11 06:56:12,786 read VXX from av [ 2021-09-10 20:00:00 to 2021-08-16 04:05:00 ]
2021-09-11 06:56:14,693 read SVXY from av [ 2021-09-10 20:00:00 to 2021-08-16 04:05:00 ]
2021-09-11 06:56:15,739 read UVXY from av [ 2021-09-10 20:00:00 to 2021-08-16 04:05:00 ]
2021-09-11 06:56:16,514 read VIXY from av [ 2021-09-10 20:00:00 to 2021-08-16 04:05:00 ]
