2021-01-16 10:01:58,573 read QQQ from av [ 2020-12-18 04:05:00 to 2021-01-15 20:00:00 ]
2021-01-16 10:07:59,656 Time out ^VIX
2021-01-16 10:08:00,141 read FAS from av [ 2020-12-21 04:05:00 to 2021-01-15 20:00:00 ]
2021-01-16 10:08:00,781 read MIDU from av [ 2020-12-21 07:05:00 to 2021-01-15 16:00:00 ]
2021-01-16 10:08:01,596 read AAPL from av [ 2020-12-18 04:05:00 to 2021-01-15 20:00:00 ]
2021-01-16 10:08:02,496 read GOOG from av [ 2020-12-18 08:05:00 to 2021-01-15 19:40:00 ]
2021-01-16 10:14:03,234 Time out ^GSPC
2021-01-16 10:20:03,963 Time out ^DJI
2021-01-16 10:26:04,627 Time out ^TNX
2021-01-16 10:26:05,307 read MSFT from av [ 2020-12-18 04:10:00 to 2021-01-15 20:00:00 ]
2021-01-16 10:32:06,320 Time out ^VXGOG
2021-01-16 10:38:06,997 Time out ^VXAPL
2021-01-16 10:44:07,744 Time out ^VXGS
2021-01-16 10:50:08,288 Time out ^VXAZN
2021-01-16 10:56:08,996 Time out ^VXIBM
2021-01-16 10:56:09,533 read GS from av [ 2020-12-18 07:35:00 to 2021-01-15 20:00:00 ]
2021-01-16 10:56:10,224 read IBM from av [ 2020-12-18 07:05:00 to 2021-01-15 19:50:00 ]
2021-01-16 10:56:11,096 read FB from av [ 2020-12-18 04:05:00 to 2021-01-15 20:00:00 ]
2021-01-16 11:02:12,014 Time out ^TYVIX
2021-01-16 11:02:12,640 read SPY from av [ 2020-12-18 04:05:00 to 2021-01-15 20:00:00 ]
2021-01-16 11:02:13,385 read GOOGL from av [ 2020-12-18 08:05:00 to 2021-01-15 20:00:00 ]
2021-01-16 11:02:14,140 read JPM from av [ 2020-12-18 07:05:00 to 2021-01-15 20:00:00 ]
2021-01-16 11:02:14,872 read JNJ from av [ 2020-12-21 04:50:00 to 2021-01-15 20:00:00 ]
2021-01-16 11:02:15,636 read BAC from av [ 2020-12-21 04:05:00 to 2021-01-15 20:00:00 ]
2021-01-16 11:04:16,515 read V from av [ 2020-12-21 04:25:00 to 2021-01-15 19:50:00 ]
2021-01-16 11:04:17,294 read WFC from av [ 2020-12-21 04:05:00 to 2021-01-15 20:00:00 ]
2021-01-16 11:04:17,962 read MA from av [ 2020-12-21 04:25:00 to 2021-01-15 19:50:00 ]
2021-01-16 11:04:18,686 read C from av [ 2020-12-18 06:50:00 to 2021-01-15 20:00:00 ]
2021-01-16 11:04:19,412 read PYPL from av [ 2020-12-18 04:05:00 to 2021-01-15 20:00:00 ]
2021-01-16 11:06:20,090 read OIL from av [ 2020-12-21 09:35:00 to 2021-01-15 15:55:00 ]
2021-01-16 11:12:20,877 Time out DX-Y.NYB
2021-01-16 11:12:21,449 read GLD from av [ 2020-12-18 04:05:00 to 2021-01-15 20:00:00 ]
2021-01-16 11:12:22,186 read UUP from av [ 2020-12-21 05:10:00 to 2021-01-15 19:35:00 ]
2021-01-16 11:12:24,268 read SHY from av [ 2020-12-21 09:35:00 to 2021-01-15 16:10:00 ]
2021-01-16 11:12:26,198 read SHV from av [ 2020-12-21 08:30:00 to 2021-01-15 18:45:00 ]
2021-01-16 11:14:29,754 read IEF from av [ 2020-12-21 09:25:00 to 2021-01-15 16:25:00 ]
2021-01-16 11:20:31,326 Time out ^IRX
2021-01-16 11:26:32,023 Time out ^FVX
2021-01-16 11:32:32,769 Time out ^TYX
2021-01-16 11:32:33,349 read SQQQ from av [ 2020-12-21 04:05:00 to 2021-01-15 20:00:00 ]
2021-01-16 11:32:34,328 read TQQQ from av [ 2020-12-21 04:05:00 to 2021-01-15 20:00:00 ]
2021-01-16 11:38:35,362 Time out ^VXX
2021-01-16 11:44:36,094 Time out ^VXZ
2021-01-16 11:44:36,520 read IYE from av [ 2020-12-21 07:05:00 to 2021-01-15 16:05:00 ]
2021-01-16 11:44:37,039 read IYY from av [ 2020-12-21 07:25:00 to 2021-01-15 16:00:00 ]
2021-01-16 11:44:37,521 read IYF from av [ 2020-12-21 07:45:00 to 2021-01-15 17:40:00 ]
2021-01-16 11:44:38,085 read IYR from av [ 2020-12-21 05:55:00 to 2021-01-15 17:00:00 ]
2021-01-16 11:44:38,643 read IYW from av [ 2020-12-21 05:10:00 to 2021-01-15 16:30:00 ]
2021-01-16 11:46:42,954 read IYT from av [ 2020-12-21 09:35:00 to 2021-01-15 16:00:00 ]
2021-01-16 11:46:43,554 read PEJ from av [ 2020-12-21 08:10:00 to 2021-01-15 16:00:00 ]
2021-01-16 11:46:44,180 read USO from av [ 2020-12-21 04:05:00 to 2021-01-15 19:40:00 ]
2021-01-16 11:46:46,316 read DBC from av [ 2020-12-21 08:15:00 to 2021-01-15 16:00:00 ]
2021-01-16 11:46:46,871 read GSG from av [ 2020-12-18 09:30:00 to 2021-01-15 16:00:00 ]
2021-01-16 11:48:47,564 read VTI from av [ 2020-12-21 05:55:00 to 2021-01-15 19:15:00 ]
2021-01-16 11:54:48,563 Time out ^RUT
2021-01-16 11:54:50,820 read FDN from av [ 2020-12-21 09:35:00 to 2021-01-15 16:00:00 ]
2021-01-16 11:54:51,444 read XLV from av [ 2020-12-21 06:50:00 to 2021-01-15 16:50:00 ]
2021-01-16 11:54:52,071 read IBB from av [ 2020-12-21 05:25:00 to 2021-01-15 20:00:00 ]
2021-01-16 11:54:52,636 read KRE from av [ 2020-12-21 04:05:00 to 2021-01-15 18:25:00 ]
2021-01-16 11:54:53,225 read KBE from av [ 2020-12-21 07:05:00 to 2021-01-15 17:20:00 ]
2021-01-16 11:56:54,062 read XLF from av [ 2020-12-21 04:05:00 to 2021-01-15 20:00:00 ]
2021-01-16 11:56:54,843 read XLP from av [ 2020-12-21 05:10:00 to 2021-01-15 17:15:00 ]
2021-01-16 11:56:55,536 read XLY from av [ 2020-12-21 07:05:00 to 2021-01-15 17:00:00 ]
2021-01-16 11:56:56,174 read VNQ from av [ 2020-12-21 04:05:00 to 2021-01-15 17:15:00 ]
2021-01-16 11:56:56,886 read XLB from av [ 2020-12-21 04:05:00 to 2021-01-15 18:00:00 ]
2021-01-16 11:58:57,779 read XLI from av [ 2020-12-21 05:10:00 to 2021-01-15 18:30:00 ]
2021-01-16 11:58:59,506 read KBWB from av [ 2020-12-21 07:10:00 to 2021-01-15 16:00:00 ]
2021-01-16 12:05:00,410 Time out TVIX
2021-01-16 12:11:01,160 Time out ^VVIX
2021-01-16 12:11:01,558 read VIXM from av [ 2020-12-21 05:20:00 to 2021-01-15 16:10:00 ]
2021-01-16 12:11:02,158 read VIXY from av [ 2020-12-21 04:05:00 to 2021-01-15 20:00:00 ]
2021-01-16 12:11:03,075 read VXX from av [ 2020-12-21 04:05:00 to 2021-01-15 20:00:00 ]
2021-01-16 12:11:03,813 read SVXY from av [ 2020-12-21 04:05:00 to 2021-01-15 18:55:00 ]
2021-01-16 12:11:04,751 read UVXY from av [ 2020-12-21 04:05:00 to 2021-01-15 20:00:00 ]
2021-01-16 12:13:05,773 read VIXY from av [ 2020-12-21 04:05:00 to 2021-01-15 20:00:00 ]
