2022-02-26 05:01:07,980 read QQQ from av [ 2022-02-25 20:00:00 to 2022-01-28 04:05:00 ]
2022-02-26 05:07:17,845 Time out ^VIX
2022-02-26 05:07:19,199 read FAS from av [ 2022-02-25 20:00:00 to 2022-01-31 06:30:00 ]
2022-02-26 05:07:20,021 read MIDU from av [ 2022-02-25 17:40:00 to 2022-01-31 08:05:00 ]
2022-02-26 05:07:20,654 read AAPL from av [ 2022-02-25 20:00:00 to 2022-01-28 04:05:00 ]
2022-02-26 05:07:21,640 read GOOG from av [ 2022-02-25 17:00:00 to 2022-01-28 04:15:00 ]
2022-02-26 05:13:48,595 Time out ^GSPC
2022-02-26 05:19:55,663 Time out ^DJI
2022-02-26 05:25:56,203 Time out ^TNX
2022-02-26 05:25:56,601 read MSFT from av [ 2022-02-25 20:00:00 to 2022-01-28 04:05:00 ]
2022-02-26 05:31:57,859 Time out ^VXGOG
2022-02-26 05:37:58,467 Time out ^VXAPL
2022-02-26 05:44:04,419 Time out ^VXGS
2022-02-26 05:50:05,075 Time out ^VXAZN
2022-02-26 05:56:15,871 Time out ^VXIBM
2022-02-26 05:56:20,130 read GS from av [ 2022-02-25 20:00:00 to 2022-01-28 06:50:00 ]
2022-02-26 05:56:22,223 read IBM from av [ 2022-02-25 19:45:00 to 2022-01-28 05:30:00 ]
2022-02-26 05:56:23,878 read FB from av [ 2022-02-25 20:00:00 to 2022-01-28 04:05:00 ]
2022-02-26 06:02:26,617 Time out ^TYVIX
2022-02-26 06:02:27,152 read SPY from av [ 2022-02-25 20:00:00 to 2022-01-28 04:05:00 ]
2022-02-26 06:02:28,475 read GOOGL from av [ 2022-02-25 20:00:00 to 2022-01-28 05:25:00 ]
2022-02-26 06:02:29,551 read JPM from av [ 2022-02-25 20:00:00 to 2022-01-31 04:10:00 ]
2022-02-26 06:02:30,527 read JNJ from av [ 2022-02-25 19:15:00 to 2022-01-31 06:15:00 ]
2022-02-26 06:02:31,588 read BAC from av [ 2022-02-25 20:00:00 to 2022-01-31 04:05:00 ]
2022-02-26 06:02:32,522 read V from av [ 2022-02-25 20:00:00 to 2022-01-31 04:10:00 ]
2022-02-26 06:02:33,258 read WFC from av [ 2022-02-25 20:00:00 to 2022-01-31 04:20:00 ]
2022-02-26 06:02:34,217 read MA from av [ 2022-02-25 19:55:00 to 2022-01-31 04:05:00 ]
2022-02-26 06:02:34,887 read C from av [ 2022-02-25 20:00:00 to 2022-01-31 06:00:00 ]
2022-02-26 06:02:35,970 read PYPL from av [ 2022-02-25 20:00:00 to 2022-01-31 04:05:00 ]
2022-02-26 06:02:36,912 read OIL from av [ 2022-02-25 17:45:00 to 2022-01-31 09:35:00 ]
2022-02-26 06:08:37,564 Time out DX-Y.NYB
2022-02-26 06:08:38,028 read GLD from av [ 2022-02-25 19:45:00 to 2022-01-31 04:05:00 ]
2022-02-26 06:08:38,900 read UUP from av [ 2022-02-25 18:05:00 to 2022-01-31 04:10:00 ]
2022-02-26 06:08:42,397 read SHY from av [ 2022-02-25 16:55:00 to 2022-01-31 05:15:00 ]
2022-02-26 06:08:43,900 read SHV from av [ 2022-02-25 16:30:00 to 2022-01-31 08:20:00 ]
2022-02-26 06:08:45,653 read IEF from av [ 2022-02-25 16:30:00 to 2022-01-31 07:55:00 ]
2022-02-26 06:14:46,516 Time out ^IRX
2022-02-26 06:20:47,159 Time out ^FVX
2022-02-26 06:26:47,855 Time out ^TYX
2022-02-26 06:26:48,197 read SQQQ from av [ 2022-02-25 20:00:00 to 2022-01-28 04:05:00 ]
2022-02-26 06:26:49,197 read TQQQ from av [ 2022-02-25 20:00:00 to 2022-01-28 04:05:00 ]
2022-02-26 06:32:50,503 Time out ^VXX
2022-02-26 06:38:51,164 Time out ^VXZ
2022-02-26 06:38:52,477 read IYE from av [ 2022-02-25 16:00:00 to 2022-01-31 07:05:00 ]
2022-02-26 06:38:53,299 read IYY from av [ 2022-02-25 16:05:00 to 2022-01-31 09:35:00 ]
2022-02-26 06:38:54,787 read IYF from av [ 2022-02-25 16:00:00 to 2022-01-31 08:05:00 ]
2022-02-26 06:38:56,259 read IYR from av [ 2022-02-25 17:40:00 to 2022-01-31 07:25:00 ]
2022-02-26 06:38:57,705 read IYW from av [ 2022-02-25 16:05:00 to 2022-01-31 08:20:00 ]
2022-02-26 06:38:58,860 read IYT from av [ 2022-02-25 16:00:00 to 2022-01-31 09:35:00 ]
2022-02-26 06:39:00,152 read PEJ from av [ 2022-02-25 16:00:00 to 2022-01-31 09:35:00 ]
2022-02-26 06:39:00,787 read USO from av [ 2022-02-25 20:00:00 to 2022-01-31 04:20:00 ]
2022-02-26 06:39:03,960 read DBC from av [ 2022-02-25 19:30:00 to 2022-01-31 05:15:00 ]
2022-02-26 06:39:05,672 read GSG from av [ 2022-02-25 19:55:00 to 2022-01-31 08:45:00 ]
2022-02-26 06:39:06,718 read VTI from av [ 2022-02-25 19:50:00 to 2022-01-31 05:10:00 ]
2022-02-26 06:45:07,710 Time out ^RUT
2022-02-26 06:45:08,808 read FDN from av [ 2022-02-25 17:40:00 to 2022-01-31 09:35:00 ]
2022-02-26 06:45:11,027 read XLV from av [ 2022-02-25 19:20:00 to 2022-01-31 04:25:00 ]
2022-02-26 06:45:12,972 read IBB from av [ 2022-02-25 18:50:00 to 2022-01-31 04:20:00 ]
2022-02-26 06:45:13,678 read KRE from av [ 2022-02-25 19:45:00 to 2022-01-28 07:30:00 ]
2022-02-26 06:45:23,597 read KBE from av [ 2022-02-25 17:00:00 to 2022-01-31 09:35:00 ]
2022-02-26 06:45:24,445 read XLF from av [ 2022-02-25 20:00:00 to 2022-01-31 04:10:00 ]
2022-02-26 06:45:30,243 read XLP from av [ 2022-02-25 18:55:00 to 2022-01-31 04:55:00 ]
2022-02-26 06:45:30,898 read XLY from av [ 2022-02-25 19:40:00 to 2022-01-31 07:05:00 ]
2022-02-26 06:45:31,496 read VNQ from av [ 2022-02-25 17:15:00 to 2022-01-31 05:00:00 ]
2022-02-26 06:45:33,189 read XLB from av [ 2022-02-25 18:20:00 to 2022-01-31 04:05:00 ]
2022-02-26 06:45:34,852 read XLI from av [ 2022-02-25 16:25:00 to 2022-01-31 04:15:00 ]
2022-02-26 06:45:36,588 read KBWB from av [ 2022-02-25 16:00:00 to 2022-01-31 09:35:00 ]
2022-02-26 06:51:37,822 Time out TVIX
2022-02-26 06:57:39,536 Time out ^VVIX
2022-02-26 06:57:40,996 read VIXM from av [ 2022-02-25 16:05:00 to 2022-01-31 09:30:00 ]
2022-02-26 06:57:43,459 read VIXY from av [ 2022-02-25 20:00:00 to 2022-01-31 04:05:00 ]
2022-02-26 06:57:44,456 read VXX from av [ 2022-02-25 20:00:00 to 2022-01-31 04:05:00 ]
2022-02-26 06:57:54,001 read SVXY from av [ 2022-02-25 19:55:00 to 2022-01-31 04:05:00 ]
2022-02-26 06:57:57,139 read UVXY from av [ 2022-02-25 20:00:00 to 2022-01-31 04:05:00 ]
2022-02-26 06:57:58,136 read VIXY from av [ 2022-02-25 20:00:00 to 2022-01-31 04:05:00 ]
