2022-12-10 10:01:08,215 read QQQ from av [ 2022-12-09 20:00:00 to 2022-11-14 04:05:00 ]
2022-12-10 10:07:09,120 Time out ^VIX
2022-12-10 10:07:09,443 read FAS from av [ 2022-12-09 19:35:00 to 2022-11-14 06:25:00 ]
2022-12-10 10:07:09,847 read MIDU from av [ 2022-12-09 16:00:00 to 2022-11-14 08:05:00 ]
2022-12-10 10:07:10,373 read AAPL from av [ 2022-12-09 20:00:00 to 2022-11-11 04:05:00 ]
2022-12-10 10:07:11,148 read GOOG from av [ 2022-12-09 20:00:00 to 2022-11-11 04:05:00 ]
2022-12-10 10:13:11,955 Time out ^GSPC
2022-12-10 10:19:12,615 Time out ^DJI
2022-12-10 10:25:13,328 Time out ^TNX
2022-12-10 10:25:13,787 read MSFT from av [ 2022-12-09 20:00:00 to 2022-11-11 04:05:00 ]
2022-12-10 10:31:14,652 Time out ^VXGOG
2022-12-10 10:37:15,400 Time out ^VXAPL
2022-12-10 10:43:16,189 Time out ^VXGS
2022-12-10 10:49:16,906 Time out ^VXAZN
2022-12-10 10:55:17,624 Time out ^VXIBM
2022-12-10 10:55:17,917 read GS from av [ 2022-12-09 18:25:00 to 2022-11-14 07:35:00 ]
2022-12-10 10:55:18,313 read IBM from av [ 2022-12-09 17:45:00 to 2022-11-11 07:15:00 ]
2022-12-10 11:01:19,084 Time out FB
2022-12-10 11:07:19,847 Time out ^TYVIX
2022-12-10 11:07:20,273 read SPY from av [ 2022-12-09 20:00:00 to 2022-11-11 04:05:00 ]
2022-12-10 11:07:20,818 read GOOGL from av [ 2022-12-09 20:00:00 to 2022-11-11 04:05:00 ]
2022-12-10 11:07:21,468 read JPM from av [ 2022-12-09 19:55:00 to 2022-11-11 04:10:00 ]
2022-12-10 11:07:21,974 read JNJ from av [ 2022-12-09 18:55:00 to 2022-11-11 06:15:00 ]
2022-12-10 11:07:22,406 read BAC from av [ 2022-12-09 20:00:00 to 2022-11-11 04:05:00 ]
2022-12-10 11:07:22,804 read V from av [ 2022-12-09 17:35:00 to 2022-11-14 07:35:00 ]
2022-12-10 11:07:23,438 read WFC from av [ 2022-12-09 19:50:00 to 2022-11-14 07:05:00 ]
2022-12-10 11:07:23,761 read MA from av [ 2022-12-09 17:50:00 to 2022-11-14 07:30:00 ]
2022-12-10 11:07:24,112 read C from av [ 2022-12-09 19:40:00 to 2022-11-14 06:15:00 ]
2022-12-10 11:07:24,513 read PYPL from av [ 2022-12-09 20:00:00 to 2022-11-14 04:30:00 ]
2022-12-10 11:07:24,999 read OIL from av [ 2022-12-09 16:00:00 to 2022-11-14 08:20:00 ]
2022-12-10 11:13:25,937 Time out DX-Y.NYB
2022-12-10 11:13:26,301 read GLD from av [ 2022-12-09 20:00:00 to 2022-11-14 04:05:00 ]
2022-12-10 11:13:27,558 read UUP from av [ 2022-12-09 19:40:00 to 2022-11-14 04:05:00 ]
2022-12-10 11:13:28,832 read SHY from av [ 2022-12-09 19:55:00 to 2022-11-14 08:50:00 ]
2022-12-10 11:13:30,079 read SHV from av [ 2022-12-09 16:15:00 to 2022-11-14 09:35:00 ]
2022-12-10 11:13:31,423 read IEF from av [ 2022-12-09 16:15:00 to 2022-11-14 07:25:00 ]
2022-12-10 11:19:32,296 Time out ^IRX
2022-12-10 11:25:32,943 Time out ^FVX
2022-12-10 11:31:33,688 Time out ^TYX
2022-12-10 11:31:34,078 read SQQQ from av [ 2022-12-09 20:00:00 to 2022-11-11 04:05:00 ]
2022-12-10 11:31:34,679 read TQQQ from av [ 2022-12-09 20:00:00 to 2022-11-14 04:05:00 ]
2022-12-10 11:37:36,247 Time out ^VXX
2022-12-10 11:43:36,976 Time out ^VXZ
2022-12-10 11:43:39,153 read IYE from av [ 2022-12-09 16:00:00 to 2022-11-14 09:35:00 ]
2022-12-10 11:43:40,599 read IYY from av [ 2022-12-09 16:00:00 to 2022-11-14 09:35:00 ]
2022-12-10 11:43:42,350 read IYF from av [ 2022-12-09 16:00:00 to 2022-11-14 09:30:00 ]
2022-12-10 11:43:44,448 read IYR from av [ 2022-12-09 16:05:00 to 2022-11-14 08:05:00 ]
2022-12-10 11:43:46,396 read IYW from av [ 2022-12-09 16:05:00 to 2022-11-14 09:35:00 ]
2022-12-10 11:43:48,006 read IYT from av [ 2022-12-09 16:00:00 to 2022-11-14 09:35:00 ]
2022-12-10 11:43:49,336 read PEJ from av [ 2022-12-09 16:00:00 to 2022-11-14 09:35:00 ]
2022-12-10 11:43:49,713 read USO from av [ 2022-12-09 20:00:00 to 2022-11-14 05:35:00 ]
2022-12-10 11:43:51,618 read DBC from av [ 2022-12-09 18:15:00 to 2022-11-14 04:25:00 ]
2022-12-10 11:43:52,871 read GSG from av [ 2022-12-09 16:00:00 to 2022-11-14 07:45:00 ]
2022-12-10 11:45:53,373 read VTI from av [ 2022-12-09 19:50:00 to 2022-11-14 04:05:00 ]
2022-12-10 11:51:54,102 Time out ^RUT
2022-12-10 11:51:55,836 read FDN from av [ 2022-12-09 16:40:00 to 2022-11-14 09:35:00 ]
2022-12-10 11:51:56,250 read XLV from av [ 2022-12-09 18:30:00 to 2022-11-14 04:30:00 ]
2022-12-10 11:51:58,358 read IBB from av [ 2022-12-09 17:50:00 to 2022-11-14 04:05:00 ]
2022-12-10 11:52:00,355 read KRE from av [ 2022-12-09 17:45:00 to 2022-11-14 09:00:00 ]
2022-12-10 11:52:00,762 read KBE from av [ 2022-12-09 16:40:00 to 2022-11-14 09:35:00 ]
2022-12-10 11:52:01,155 read XLF from av [ 2022-12-09 20:00:00 to 2022-11-14 04:10:00 ]
2022-12-10 11:52:01,599 read XLP from av [ 2022-12-09 18:45:00 to 2022-11-14 06:50:00 ]
2022-12-10 11:52:02,004 read XLY from av [ 2022-12-09 17:10:00 to 2022-11-14 06:35:00 ]
2022-12-10 11:52:02,343 read VNQ from av [ 2022-12-09 16:15:00 to 2022-11-14 05:55:00 ]
2022-12-10 11:52:02,712 read XLB from av [ 2022-12-09 16:40:00 to 2022-11-14 05:40:00 ]
2022-12-10 11:52:03,046 read XLI from av [ 2022-12-09 17:25:00 to 2022-11-14 05:25:00 ]
2022-12-10 11:52:03,508 read KBWB from av [ 2022-12-09 16:00:00 to 2022-11-14 09:35:00 ]
2022-12-10 11:58:06,064 Time out TVIX
2022-12-10 12:04:09,103 Time out ^VVIX
2022-12-10 12:04:09,565 read VIXM from av [ 2022-12-09 16:20:00 to 2022-11-14 09:35:00 ]
2022-12-10 12:04:11,042 read VIXY from av [ 2022-12-09 19:55:00 to 2022-11-14 04:05:00 ]
2022-12-10 12:04:11,695 read VXX from av [ 2022-12-09 19:20:00 to 2022-11-11 04:05:00 ]
2022-12-10 12:04:13,011 read SVXY from av [ 2022-12-09 18:05:00 to 2022-11-14 04:20:00 ]
2022-12-10 12:04:15,269 read UVXY from av [ 2022-12-09 20:00:00 to 2022-11-14 04:05:00 ]
2022-12-10 12:04:15,737 read VIXY from av [ 2022-12-09 19:55:00 to 2022-11-14 04:05:00 ]
