2022-10-01 05:01:08,898 read QQQ from av [ 2022-09-30 20:00:00 to 2022-09-02 04:05:00 ]
2022-10-01 05:07:10,882 Time out ^VIX
2022-10-01 05:07:11,190 read FAS from av [ 2022-09-30 19:40:00 to 2022-09-06 06:30:00 ]
2022-10-01 05:07:12,244 read MIDU from av [ 2022-09-30 16:00:00 to 2022-09-06 09:35:00 ]
2022-10-01 05:07:13,255 read AAPL from av [ 2022-09-30 20:00:00 to 2022-09-02 04:05:00 ]
2022-10-01 05:07:15,020 read GOOG from av [ 2022-09-30 20:00:00 to 2022-09-02 04:05:00 ]
2022-10-01 05:13:16,435 Time out ^GSPC
2022-10-01 05:19:17,119 Time out ^DJI
2022-10-01 05:25:17,703 Time out ^TNX
2022-10-01 05:25:18,147 read MSFT from av [ 2022-09-30 20:00:00 to 2022-09-02 04:15:00 ]
2022-10-01 05:31:19,970 Time out ^VXGOG
2022-10-01 05:37:20,709 Time out ^VXAPL
2022-10-01 05:43:21,502 Time out ^VXGS
2022-10-01 05:49:22,227 Time out ^VXAZN
2022-10-01 05:55:22,810 Time out ^VXIBM
2022-10-01 05:55:23,136 read GS from av [ 2022-09-30 18:50:00 to 2022-09-02 08:35:00 ]
2022-10-01 05:55:24,095 read IBM from av [ 2022-09-30 19:45:00 to 2022-09-02 05:50:00 ]
2022-10-01 06:01:25,452 Time out FB
2022-10-01 06:07:26,221 Time out ^TYVIX
2022-10-01 06:07:26,823 read SPY from av [ 2022-09-30 20:00:00 to 2022-09-02 04:05:00 ]
2022-10-01 06:07:28,581 read GOOGL from av [ 2022-09-30 20:00:00 to 2022-09-02 04:05:00 ]
2022-10-01 06:07:29,657 read JPM from av [ 2022-09-30 20:00:00 to 2022-09-02 07:15:00 ]
2022-10-01 06:07:30,793 read JNJ from av [ 2022-09-30 19:50:00 to 2022-09-02 08:10:00 ]
2022-10-01 06:07:31,854 read BAC from av [ 2022-09-30 20:00:00 to 2022-09-06 04:05:00 ]
2022-10-01 06:07:33,099 read V from av [ 2022-09-30 19:30:00 to 2022-09-02 08:10:00 ]
2022-10-01 06:07:34,105 read WFC from av [ 2022-09-30 20:00:00 to 2022-09-06 05:05:00 ]
2022-10-01 06:07:35,268 read MA from av [ 2022-09-30 18:40:00 to 2022-09-06 07:05:00 ]
2022-10-01 06:07:36,266 read C from av [ 2022-09-30 20:00:00 to 2022-09-06 04:05:00 ]
2022-10-01 06:07:37,429 read PYPL from av [ 2022-09-30 19:45:00 to 2022-09-06 04:15:00 ]
2022-10-01 06:07:38,565 read OIL from av [ 2022-09-30 16:00:00 to 2022-09-06 07:05:00 ]
2022-10-01 06:13:39,547 Time out DX-Y.NYB
2022-10-01 06:13:40,145 read GLD from av [ 2022-09-30 19:35:00 to 2022-09-06 04:05:00 ]
2022-10-01 06:13:42,409 read UUP from av [ 2022-09-30 19:25:00 to 2022-09-06 04:05:00 ]
2022-10-01 06:13:44,185 read SHY from av [ 2022-09-30 18:20:00 to 2022-09-06 04:30:00 ]
2022-10-01 06:13:45,900 read SHV from av [ 2022-09-30 16:45:00 to 2022-09-06 08:45:00 ]
2022-10-01 06:13:47,978 read IEF from av [ 2022-09-30 18:35:00 to 2022-09-06 07:25:00 ]
2022-10-01 06:19:49,337 Time out ^IRX
2022-10-01 06:25:50,013 Time out ^FVX
2022-10-01 06:31:50,786 Time out ^TYX
2022-10-01 06:31:51,204 read SQQQ from av [ 2022-09-30 20:00:00 to 2022-09-02 04:05:00 ]
2022-10-01 06:31:52,753 read TQQQ from av [ 2022-09-30 20:00:00 to 2022-09-02 04:05:00 ]
2022-10-01 06:37:54,610 Time out ^VXX
2022-10-01 06:43:55,304 Time out ^VXZ
2022-10-01 06:43:56,598 read IYE from av [ 2022-09-30 16:00:00 to 2022-09-06 08:30:00 ]
2022-10-01 06:43:57,580 read IYY from av [ 2022-09-30 16:45:00 to 2022-09-06 09:35:00 ]
2022-10-01 06:44:03,655 read IYF from av [ 2022-09-30 18:10:00 to 2022-09-06 09:35:00 ]
2022-10-01 06:44:05,554 read IYR from av [ 2022-09-30 16:20:00 to 2022-09-06 09:30:00 ]
2022-10-01 06:44:07,154 read IYW from av [ 2022-09-30 18:20:00 to 2022-09-06 09:30:00 ]
2022-10-01 06:44:08,555 read IYT from av [ 2022-09-30 16:10:00 to 2022-09-06 09:35:00 ]
2022-10-01 06:44:09,699 read PEJ from av [ 2022-09-30 16:00:00 to 2022-09-06 08:05:00 ]
2022-10-01 06:44:10,817 read USO from av [ 2022-09-30 20:00:00 to 2022-09-06 04:05:00 ]
2022-10-01 06:44:12,907 read DBC from av [ 2022-09-30 19:25:00 to 2022-09-06 04:05:00 ]
2022-10-01 06:44:14,474 read GSG from av [ 2022-09-30 16:00:00 to 2022-09-06 08:35:00 ]
2022-10-01 06:44:15,234 read VTI from av [ 2022-09-30 20:00:00 to 2022-09-02 07:10:00 ]
2022-10-01 06:50:16,536 Time out ^RUT
2022-10-01 06:50:17,535 read FDN from av [ 2022-09-30 16:05:00 to 2022-09-06 09:30:00 ]
2022-10-01 06:50:18,381 read XLV from av [ 2022-09-30 19:35:00 to 2022-09-06 05:25:00 ]
2022-10-01 06:50:20,207 read IBB from av [ 2022-09-30 16:45:00 to 2022-09-06 07:05:00 ]
2022-10-01 06:50:22,101 read KRE from av [ 2022-09-30 19:25:00 to 2022-09-06 09:25:00 ]
2022-10-01 06:50:22,943 read KBE from av [ 2022-09-30 16:15:00 to 2022-09-06 09:35:00 ]
2022-10-01 06:50:23,805 read XLF from av [ 2022-09-30 20:00:00 to 2022-09-06 04:05:00 ]
2022-10-01 06:50:25,183 read XLP from av [ 2022-09-30 18:45:00 to 2022-09-06 07:10:00 ]
2022-10-01 06:50:26,191 read XLY from av [ 2022-09-30 19:15:00 to 2022-09-06 04:05:00 ]
2022-10-01 06:50:28,854 read VNQ from av [ 2022-09-30 16:25:00 to 2022-09-06 08:10:00 ]
2022-10-01 06:50:29,683 read XLB from av [ 2022-09-30 16:20:00 to 2022-09-06 05:10:00 ]
2022-10-01 06:50:30,555 read XLI from av [ 2022-09-30 16:25:00 to 2022-09-06 05:10:00 ]
2022-10-01 06:50:32,137 read KBWB from av [ 2022-09-30 17:05:00 to 2022-09-06 04:20:00 ]
2022-10-01 06:56:33,235 Time out TVIX
2022-10-01 07:02:33,909 Time out ^VVIX
2022-10-01 07:02:34,322 read VIXM from av [ 2022-09-30 16:10:00 to 2022-09-06 09:25:00 ]
2022-10-01 07:02:36,400 read VIXY from av [ 2022-09-30 20:00:00 to 2022-09-06 04:05:00 ]
2022-10-01 07:02:38,899 read VXX from av [ 2022-09-30 18:45:00 to 2022-09-06 04:05:00 ]
2022-10-01 07:02:41,208 read SVXY from av [ 2022-09-30 18:00:00 to 2022-09-06 04:05:00 ]
2022-10-01 07:02:44,231 read UVXY from av [ 2022-09-30 20:00:00 to 2022-09-06 04:05:00 ]
2022-10-01 07:02:45,682 read VIXY from av [ 2022-09-30 20:00:00 to 2022-09-06 04:05:00 ]
