2022-01-15 05:01:07,498 read QQQ from av [ 2022-01-14 20:00:00 to 2021-12-17 04:05:00 ]
2022-01-15 05:07:09,205 Time out ^VIX
2022-01-15 05:07:11,702 read FAS from av [ 2022-01-14 18:45:00 to 2021-12-20 04:05:00 ]
2022-01-15 05:07:12,656 read MIDU from av [ 2022-01-14 16:00:00 to 2021-12-20 08:05:00 ]
2022-01-15 05:07:13,375 read AAPL from av [ 2022-01-14 20:00:00 to 2021-12-17 04:05:00 ]
2022-01-15 05:07:14,520 read GOOG from av [ 2022-01-14 20:00:00 to 2021-12-17 08:05:00 ]
2022-01-15 05:13:15,635 Time out ^GSPC
2022-01-15 05:19:16,927 Time out ^DJI
2022-01-15 05:25:17,684 Time out ^TNX
2022-01-15 05:25:18,373 read MSFT from av [ 2022-01-14 20:00:00 to 2021-12-17 04:05:00 ]
2022-01-15 05:31:19,780 Time out ^VXGOG
2022-01-15 05:37:20,477 Time out ^VXAPL
2022-01-15 05:43:21,212 Time out ^VXGS
2022-01-15 05:49:21,836 Time out ^VXAZN
2022-01-15 05:55:22,644 Time out ^VXIBM
2022-01-15 05:55:23,074 read GS from av [ 2022-01-14 19:55:00 to 2021-12-20 04:05:00 ]
2022-01-15 05:55:24,213 read IBM from av [ 2022-01-14 19:55:00 to 2021-12-20 04:10:00 ]
2022-01-15 05:55:25,197 read FB from av [ 2022-01-14 19:30:00 to 2021-12-17 04:05:00 ]
2022-01-15 06:01:26,539 Time out ^TYVIX
2022-01-15 06:01:26,948 read SPY from av [ 2022-01-14 20:00:00 to 2021-12-17 04:05:00 ]
2022-01-15 06:01:28,247 read GOOGL from av [ 2022-01-14 19:55:00 to 2021-12-17 07:15:00 ]
2022-01-15 06:01:29,137 read JPM from av [ 2022-01-14 20:00:00 to 2021-12-17 04:10:00 ]
2022-01-15 06:01:29,874 read JNJ from av [ 2022-01-14 17:35:00 to 2021-12-20 04:05:00 ]
2022-01-15 06:01:30,739 read BAC from av [ 2022-01-14 20:00:00 to 2021-12-20 04:05:00 ]
2022-01-15 06:01:31,795 read V from av [ 2022-01-14 19:50:00 to 2021-12-20 04:05:00 ]
2022-01-15 06:01:32,792 read WFC from av [ 2022-01-14 20:00:00 to 2021-12-20 04:05:00 ]
2022-01-15 06:01:33,624 read MA from av [ 2022-01-14 17:50:00 to 2021-12-20 04:05:00 ]
2022-01-15 06:01:34,656 read C from av [ 2022-01-14 20:00:00 to 2021-12-20 04:05:00 ]
2022-01-15 06:01:35,912 read PYPL from av [ 2022-01-14 20:00:00 to 2021-12-17 04:05:00 ]
2022-01-15 06:01:36,824 read OIL from av [ 2022-01-14 16:00:00 to 2021-12-20 08:20:00 ]
2022-01-15 06:07:37,576 Time out DX-Y.NYB
2022-01-15 06:07:37,912 read GLD from av [ 2022-01-14 19:50:00 to 2021-12-20 04:05:00 ]
2022-01-15 06:07:38,942 read UUP from av [ 2022-01-14 17:20:00 to 2021-12-20 07:25:00 ]
2022-01-15 06:07:40,593 read SHY from av [ 2022-01-14 17:25:00 to 2021-12-20 06:20:00 ]
2022-01-15 06:07:41,991 read SHV from av [ 2022-01-14 18:40:00 to 2021-12-20 09:30:00 ]
2022-01-15 06:07:42,723 read IEF from av [ 2022-01-14 16:50:00 to 2021-12-20 04:40:00 ]
2022-01-15 06:13:43,793 Time out ^IRX
2022-01-15 06:19:47,409 Time out ^FVX
2022-01-15 06:25:48,065 Time out ^TYX
2022-01-15 06:25:49,179 read SQQQ from av [ 2022-01-14 20:00:00 to 2021-12-20 04:05:00 ]
2022-01-15 06:25:50,434 read TQQQ from av [ 2022-01-14 20:00:00 to 2021-12-20 04:05:00 ]
2022-01-15 06:31:51,929 Time out ^VXX
2022-01-15 06:37:52,650 Time out ^VXZ
2022-01-15 06:37:53,942 read IYE from av [ 2022-01-14 20:00:00 to 2021-12-20 09:30:00 ]
2022-01-15 06:37:54,931 read IYY from av [ 2022-01-14 16:00:00 to 2021-12-20 09:30:00 ]
2022-01-15 06:37:56,423 read IYF from av [ 2022-01-14 16:00:00 to 2021-12-20 09:30:00 ]
2022-01-15 06:37:57,353 read IYR from av [ 2022-01-14 16:25:00 to 2021-12-20 09:30:00 ]
2022-01-15 06:37:59,148 read IYW from av [ 2022-01-14 16:05:00 to 2021-12-20 07:20:00 ]
2022-01-15 06:38:00,376 read IYT from av [ 2022-01-14 16:45:00 to 2021-12-20 09:35:00 ]
2022-01-15 06:38:01,549 read PEJ from av [ 2022-01-14 16:00:00 to 2021-12-20 08:40:00 ]
2022-01-15 06:38:02,363 read USO from av [ 2022-01-14 20:00:00 to 2021-12-20 04:05:00 ]
2022-01-15 06:38:04,414 read DBC from av [ 2022-01-14 17:30:00 to 2021-12-20 04:05:00 ]
2022-01-15 06:38:06,230 read GSG from av [ 2022-01-14 18:50:00 to 2021-12-20 04:40:00 ]
2022-01-15 06:38:06,898 read VTI from av [ 2022-01-14 18:20:00 to 2021-12-20 04:05:00 ]
2022-01-15 06:44:07,939 Time out ^RUT
2022-01-15 06:44:09,490 read FDN from av [ 2022-01-14 19:40:00 to 2021-12-20 07:10:00 ]
2022-01-15 06:44:10,141 read XLV from av [ 2022-01-14 16:50:00 to 2021-12-20 04:05:00 ]
2022-01-15 06:44:10,819 read IBB from av [ 2022-01-14 16:45:00 to 2021-12-20 08:50:00 ]
2022-01-15 06:44:11,676 read KRE from av [ 2022-01-14 19:50:00 to 2021-12-20 04:15:00 ]
2022-01-15 06:44:14,493 read KBE from av [ 2022-01-14 19:55:00 to 2021-12-20 06:55:00 ]
2022-01-15 06:44:15,182 read XLF from av [ 2022-01-14 20:00:00 to 2021-12-20 04:05:00 ]
2022-01-15 06:44:16,419 read XLP from av [ 2022-01-14 18:20:00 to 2021-12-20 04:20:00 ]
2022-01-15 06:44:17,194 read XLY from av [ 2022-01-14 18:35:00 to 2021-12-20 07:00:00 ]
2022-01-15 06:44:17,957 read VNQ from av [ 2022-01-14 16:10:00 to 2021-12-20 06:45:00 ]
2022-01-15 06:44:18,778 read XLB from av [ 2022-01-14 19:55:00 to 2021-12-20 07:50:00 ]
2022-01-15 06:44:19,589 read XLI from av [ 2022-01-14 19:40:00 to 2021-12-20 04:05:00 ]
2022-01-15 06:44:21,495 read KBWB from av [ 2022-01-14 17:30:00 to 2021-12-20 09:35:00 ]
2022-01-15 06:50:22,635 Time out TVIX
2022-01-15 06:56:23,267 Time out ^VVIX
2022-01-15 06:56:27,177 read VIXM from av [ 2022-01-14 16:05:00 to 2021-12-20 08:25:00 ]
2022-01-15 06:56:27,913 read VIXY from av [ 2022-01-14 19:55:00 to 2021-12-20 04:05:00 ]
2022-01-15 06:56:31,546 read VXX from av [ 2022-01-14 20:00:00 to 2021-12-20 04:05:00 ]
2022-01-15 06:56:33,041 read SVXY from av [ 2022-01-14 20:00:00 to 2021-12-20 04:05:00 ]
2022-01-15 06:56:34,387 read UVXY from av [ 2022-01-14 20:00:00 to 2021-12-20 04:05:00 ]
2022-01-15 06:56:35,332 read VIXY from av [ 2022-01-14 19:55:00 to 2021-12-20 04:05:00 ]
