2022-04-16 05:01:08,111 read QQQ from av [ 2022-04-14 20:00:00 to 2022-03-18 04:05:00 ]
2022-04-16 05:07:09,730 Time out ^VIX
2022-04-16 05:07:10,317 read FAS from av [ 2022-04-14 19:50:00 to 2022-03-18 06:50:00 ]
2022-04-16 05:07:11,199 read MIDU from av [ 2022-04-14 16:00:00 to 2022-03-21 09:35:00 ]
2022-04-16 05:07:12,038 read AAPL from av [ 2022-04-14 20:00:00 to 2022-03-18 04:05:00 ]
2022-04-16 05:07:13,226 read GOOG from av [ 2022-04-14 19:25:00 to 2022-03-18 08:20:00 ]
2022-04-16 05:13:14,367 Time out ^GSPC
2022-04-16 05:19:15,075 Time out ^DJI
2022-04-16 05:25:15,900 Time out ^TNX
2022-04-16 05:25:16,398 read MSFT from av [ 2022-04-14 20:00:00 to 2022-03-18 04:15:00 ]
2022-04-16 05:31:17,932 Time out ^VXGOG
2022-04-16 05:37:19,405 Time out ^VXAPL
2022-04-16 05:43:19,978 Time out ^VXGS
2022-04-16 05:49:21,309 Time out ^VXAZN
2022-04-16 05:55:22,848 Time out ^VXIBM
2022-04-16 05:55:23,206 read GS from av [ 2022-04-14 20:00:00 to 2022-03-21 07:00:00 ]
2022-04-16 05:55:24,007 read IBM from av [ 2022-04-14 20:00:00 to 2022-03-18 07:20:00 ]
2022-04-16 05:55:24,994 read FB from av [ 2022-04-14 20:00:00 to 2022-03-18 04:10:00 ]
2022-04-16 06:01:26,604 Time out ^TYVIX
2022-04-16 06:01:27,044 read SPY from av [ 2022-04-14 20:00:00 to 2022-03-18 04:05:00 ]
2022-04-16 06:01:28,327 read GOOGL from av [ 2022-04-14 19:35:00 to 2022-03-18 08:05:00 ]
2022-04-16 06:01:29,444 read JPM from av [ 2022-04-14 20:00:00 to 2022-03-21 05:00:00 ]
2022-04-16 06:01:30,635 read JNJ from av [ 2022-04-14 18:15:00 to 2022-03-21 07:05:00 ]
2022-04-16 06:01:31,557 read BAC from av [ 2022-04-14 20:00:00 to 2022-03-21 04:15:00 ]
2022-04-16 06:01:32,693 read V from av [ 2022-04-14 19:45:00 to 2022-03-21 05:15:00 ]
2022-04-16 06:01:33,772 read WFC from av [ 2022-04-14 20:00:00 to 2022-03-21 04:45:00 ]
2022-04-16 06:01:34,636 read MA from av [ 2022-04-14 16:55:00 to 2022-03-21 09:00:00 ]
2022-04-16 06:01:35,547 read C from av [ 2022-04-14 20:00:00 to 2022-03-21 04:05:00 ]
2022-04-16 06:01:36,578 read PYPL from av [ 2022-04-14 20:00:00 to 2022-03-21 04:05:00 ]
2022-04-16 06:01:37,898 read OIL from av [ 2022-04-14 17:30:00 to 2022-03-21 08:10:00 ]
2022-04-16 06:07:38,872 Time out DX-Y.NYB
2022-04-16 06:07:39,272 read GLD from av [ 2022-04-14 19:40:00 to 2022-03-21 04:05:00 ]
2022-04-16 06:07:41,023 read UUP from av [ 2022-04-14 19:10:00 to 2022-03-21 06:05:00 ]
2022-04-16 06:07:42,584 read SHY from av [ 2022-04-14 18:25:00 to 2022-03-21 06:05:00 ]
2022-04-16 06:07:44,292 read SHV from av [ 2022-04-14 16:00:00 to 2022-03-21 07:40:00 ]
2022-04-16 06:07:46,092 read IEF from av [ 2022-04-14 16:55:00 to 2022-03-21 08:05:00 ]
2022-04-16 06:13:47,368 Time out ^IRX
2022-04-16 06:19:48,113 Time out ^FVX
2022-04-16 06:25:48,840 Time out ^TYX
2022-04-16 06:25:49,347 read SQQQ from av [ 2022-04-14 20:00:00 to 2022-03-18 04:05:00 ]
2022-04-16 06:25:50,638 read TQQQ from av [ 2022-04-14 20:00:00 to 2022-03-18 04:05:00 ]
2022-04-16 06:31:52,321 Time out ^VXX
2022-04-16 06:37:53,056 Time out ^VXZ
2022-04-16 06:37:54,232 read IYE from av [ 2022-04-14 16:00:00 to 2022-03-21 07:05:00 ]
2022-04-16 06:37:55,126 read IYY from av [ 2022-04-14 16:00:00 to 2022-03-21 09:35:00 ]
2022-04-16 06:37:56,295 read IYF from av [ 2022-04-14 16:00:00 to 2022-03-21 09:35:00 ]
2022-04-16 06:37:57,807 read IYR from av [ 2022-04-14 16:25:00 to 2022-03-21 09:35:00 ]
2022-04-16 06:37:59,281 read IYW from av [ 2022-04-14 16:40:00 to 2022-03-21 09:35:00 ]
2022-04-16 06:38:00,650 read IYT from av [ 2022-04-14 16:00:00 to 2022-03-21 04:30:00 ]
2022-04-16 06:38:01,957 read PEJ from av [ 2022-04-14 16:00:00 to 2022-03-21 09:35:00 ]
2022-04-16 06:38:02,956 read USO from av [ 2022-04-14 20:00:00 to 2022-03-21 04:05:00 ]
2022-04-16 06:38:05,076 read DBC from av [ 2022-04-14 18:20:00 to 2022-03-21 04:05:00 ]
2022-04-16 06:38:06,829 read GSG from av [ 2022-04-14 18:25:00 to 2022-03-21 04:45:00 ]
2022-04-16 06:38:07,510 read VTI from av [ 2022-04-14 20:00:00 to 2022-03-21 07:15:00 ]
2022-04-16 06:44:09,077 Time out ^RUT
2022-04-16 06:44:10,271 read FDN from av [ 2022-04-14 16:50:00 to 2022-03-21 09:35:00 ]
2022-04-16 06:44:11,976 read XLV from av [ 2022-04-14 16:50:00 to 2022-03-21 04:30:00 ]
2022-04-16 06:44:13,850 read IBB from av [ 2022-04-14 16:25:00 to 2022-03-21 05:05:00 ]
2022-04-16 06:44:15,657 read KRE from av [ 2022-04-14 16:50:00 to 2022-03-21 08:50:00 ]
2022-04-16 06:44:17,320 read KBE from av [ 2022-04-14 16:50:00 to 2022-03-21 09:15:00 ]
2022-04-16 06:44:18,194 read XLF from av [ 2022-04-14 20:00:00 to 2022-03-21 04:05:00 ]
2022-04-16 06:44:19,312 read XLP from av [ 2022-04-14 18:20:00 to 2022-03-21 04:05:00 ]
2022-04-16 06:44:20,116 read XLY from av [ 2022-04-14 17:45:00 to 2022-03-21 07:40:00 ]
2022-04-16 06:44:20,900 read VNQ from av [ 2022-04-14 19:40:00 to 2022-03-21 06:35:00 ]
2022-04-16 06:44:22,558 read XLB from av [ 2022-04-14 18:25:00 to 2022-03-21 07:05:00 ]
2022-04-16 06:44:24,413 read XLI from av [ 2022-04-14 17:25:00 to 2022-03-21 06:15:00 ]
2022-04-16 06:44:26,065 read KBWB from av [ 2022-04-14 19:35:00 to 2022-03-21 07:45:00 ]
2022-04-16 06:50:27,120 Time out TVIX
2022-04-16 06:56:27,840 Time out ^VVIX
2022-04-16 06:56:28,496 read VIXM from av [ 2022-04-14 16:00:00 to 2022-03-21 09:35:00 ]
2022-04-16 06:56:29,110 read VIXY from av [ 2022-04-14 19:55:00 to 2022-03-21 04:10:00 ]
2022-04-16 06:56:29,999 read VXX from av [ 2022-04-14 20:00:00 to 2022-03-21 04:10:00 ]
2022-04-16 06:56:31,045 read SVXY from av [ 2022-04-14 18:35:00 to 2022-03-21 04:10:00 ]
2022-04-16 06:56:32,208 read UVXY from av [ 2022-04-14 20:00:00 to 2022-03-21 04:05:00 ]
2022-04-16 06:56:33,437 read VIXY from av [ 2022-04-14 19:55:00 to 2022-03-21 04:10:00 ]
