2022-12-17 10:01:07,736 read QQQ from av [ 2022-12-16 20:00:00 to 2022-11-21 04:05:00 ]
2022-12-17 10:07:08,555 Time out ^VIX
2022-12-17 10:07:08,815 read FAS from av [ 2022-12-16 19:55:00 to 2022-11-21 08:00:00 ]
2022-12-17 10:07:09,193 read MIDU from av [ 2022-12-16 16:05:00 to 2022-11-21 09:35:00 ]
2022-12-17 10:07:09,963 read AAPL from av [ 2022-12-16 20:00:00 to 2022-11-18 04:05:00 ]
2022-12-17 10:07:10,494 read GOOG from av [ 2022-12-16 20:00:00 to 2022-11-21 04:05:00 ]
2022-12-17 10:13:11,285 Time out ^GSPC
2022-12-17 10:19:11,989 Time out ^DJI
2022-12-17 10:25:12,705 Time out ^TNX
2022-12-17 10:25:13,211 read MSFT from av [ 2022-12-16 20:00:00 to 2022-11-18 04:05:00 ]
2022-12-17 10:31:14,090 Time out ^VXGOG
2022-12-17 10:37:14,804 Time out ^VXAPL
2022-12-17 10:43:15,555 Time out ^VXGS
2022-12-17 10:49:16,063 Time out ^VXAZN
2022-12-17 10:55:16,805 Time out ^VXIBM
2022-12-17 10:55:17,148 read GS from av [ 2022-12-16 17:30:00 to 2022-11-21 08:35:00 ]
2022-12-17 10:55:17,482 read IBM from av [ 2022-12-16 19:15:00 to 2022-11-18 04:10:00 ]
2022-12-17 11:01:18,256 Time out FB
2022-12-17 11:07:18,933 Time out ^TYVIX
2022-12-17 11:07:19,685 read SPY from av [ 2022-12-16 20:00:00 to 2022-11-18 04:05:00 ]
2022-12-17 11:07:20,259 read GOOGL from av [ 2022-12-16 20:00:00 to 2022-11-21 04:05:00 ]
2022-12-17 11:07:20,804 read JPM from av [ 2022-12-16 20:00:00 to 2022-11-18 06:15:00 ]
2022-12-17 11:07:21,356 read JNJ from av [ 2022-12-16 20:00:00 to 2022-11-18 08:15:00 ]
2022-12-17 11:07:21,756 read BAC from av [ 2022-12-16 20:00:00 to 2022-11-18 06:05:00 ]
2022-12-17 11:07:22,220 read V from av [ 2022-12-16 17:05:00 to 2022-11-21 05:40:00 ]
2022-12-17 11:07:22,598 read WFC from av [ 2022-12-16 19:55:00 to 2022-11-21 07:05:00 ]
2022-12-17 11:07:22,956 read MA from av [ 2022-12-16 18:10:00 to 2022-11-21 08:05:00 ]
2022-12-17 11:07:23,346 read C from av [ 2022-12-16 19:55:00 to 2022-11-21 04:10:00 ]
2022-12-17 11:07:23,835 read PYPL from av [ 2022-12-16 20:00:00 to 2022-11-21 04:05:00 ]
2022-12-17 11:07:24,376 read OIL from av [ 2022-12-16 16:00:00 to 2022-11-21 08:50:00 ]
2022-12-17 11:13:25,247 Time out DX-Y.NYB
2022-12-17 11:13:25,649 read GLD from av [ 2022-12-16 20:00:00 to 2022-11-21 04:05:00 ]
2022-12-17 11:13:26,955 read UUP from av [ 2022-12-16 20:00:00 to 2022-11-21 04:05:00 ]
2022-12-17 11:13:28,285 read SHY from av [ 2022-12-16 18:15:00 to 2022-11-21 07:40:00 ]
2022-12-17 11:13:29,409 read SHV from av [ 2022-12-16 19:20:00 to 2022-11-21 07:15:00 ]
2022-12-17 11:13:30,637 read IEF from av [ 2022-12-16 16:35:00 to 2022-11-21 07:35:00 ]
2022-12-17 11:19:31,286 Time out ^IRX
2022-12-17 11:25:32,013 Time out ^FVX
2022-12-17 11:31:32,584 Time out ^TYX
2022-12-17 11:31:33,041 read SQQQ from av [ 2022-12-16 20:00:00 to 2022-11-18 04:05:00 ]
2022-12-17 11:31:33,606 read TQQQ from av [ 2022-12-16 20:00:00 to 2022-11-21 04:05:00 ]
2022-12-17 11:37:34,318 Time out ^VXX
2022-12-17 11:43:34,896 Time out ^VXZ
2022-12-17 11:43:36,889 read IYE from av [ 2022-12-16 16:00:00 to 2022-11-21 09:05:00 ]
2022-12-17 11:43:38,233 read IYY from av [ 2022-12-16 16:00:00 to 2022-11-21 09:35:00 ]
2022-12-17 11:43:39,774 read IYF from av [ 2022-12-16 16:00:00 to 2022-11-21 09:35:00 ]
2022-12-17 11:43:41,819 read IYR from av [ 2022-12-16 16:20:00 to 2022-11-21 08:05:00 ]
2022-12-17 11:43:42,900 read IYW from av [ 2022-12-16 19:20:00 to 2022-11-21 09:35:00 ]
2022-12-17 11:43:44,442 read IYT from av [ 2022-12-16 16:00:00 to 2022-11-21 09:35:00 ]
2022-12-17 11:43:45,741 read PEJ from av [ 2022-12-16 16:00:00 to 2022-11-21 09:30:00 ]
2022-12-17 11:43:46,153 read USO from av [ 2022-12-16 19:10:00 to 2022-11-21 04:05:00 ]
2022-12-17 11:43:48,188 read DBC from av [ 2022-12-16 16:05:00 to 2022-11-21 07:55:00 ]
2022-12-17 11:43:49,747 read GSG from av [ 2022-12-16 16:50:00 to 2022-11-21 09:25:00 ]
2022-12-17 11:43:50,097 read VTI from av [ 2022-12-16 19:55:00 to 2022-11-21 04:05:00 ]
2022-12-17 11:49:50,819 Time out ^RUT
2022-12-17 11:49:52,416 read FDN from av [ 2022-12-16 18:45:00 to 2022-11-21 09:35:00 ]
2022-12-17 11:49:52,735 read XLV from av [ 2022-12-16 17:00:00 to 2022-11-21 04:30:00 ]
2022-12-17 11:49:53,991 read IBB from av [ 2022-12-16 17:30:00 to 2022-11-21 09:35:00 ]
2022-12-17 11:49:54,319 read KRE from av [ 2022-12-16 20:00:00 to 2022-11-21 09:10:00 ]
2022-12-17 11:49:55,531 read KBE from av [ 2022-12-16 16:55:00 to 2022-11-21 08:15:00 ]
2022-12-17 11:49:55,993 read XLF from av [ 2022-12-16 18:05:00 to 2022-11-21 04:10:00 ]
2022-12-17 11:49:56,354 read XLP from av [ 2022-12-16 18:20:00 to 2022-11-21 06:20:00 ]
2022-12-17 11:49:56,684 read XLY from av [ 2022-12-16 19:30:00 to 2022-11-21 09:30:00 ]
2022-12-17 11:49:57,004 read VNQ from av [ 2022-12-16 16:25:00 to 2022-11-21 04:05:00 ]
2022-12-17 11:49:57,577 read XLB from av [ 2022-12-16 16:40:00 to 2022-11-21 07:10:00 ]
2022-12-17 11:49:57,902 read XLI from av [ 2022-12-16 18:15:00 to 2022-11-21 08:20:00 ]
2022-12-17 11:49:59,419 read KBWB from av [ 2022-12-16 16:00:00 to 2022-11-21 09:35:00 ]
2022-12-17 11:56:00,219 Time out TVIX
2022-12-17 12:02:01,360 Time out ^VVIX
2022-12-17 12:02:01,848 read VIXM from av [ 2022-12-16 16:00:00 to 2022-11-21 09:35:00 ]
2022-12-17 12:02:03,373 read VIXY from av [ 2022-12-16 20:00:00 to 2022-11-21 04:05:00 ]
2022-12-17 12:02:03,862 read VXX from av [ 2022-12-16 19:45:00 to 2022-11-18 04:05:00 ]
2022-12-17 12:02:05,400 read SVXY from av [ 2022-12-16 16:55:00 to 2022-11-21 04:15:00 ]
2022-12-17 12:02:07,608 read UVXY from av [ 2022-12-16 20:00:00 to 2022-11-21 04:05:00 ]
2022-12-17 12:02:08,085 read VIXY from av [ 2022-12-16 20:00:00 to 2022-11-21 04:05:00 ]
