2022-11-26 10:01:07,701 read QQQ from av [ 2022-11-23 20:00:00 to 2022-10-28 04:05:00 ]
2022-11-26 10:07:08,420 Time out ^VIX
2022-11-26 10:07:08,685 read FAS from av [ 2022-11-23 20:00:00 to 2022-10-31 05:35:00 ]
2022-11-26 10:07:09,132 read MIDU from av [ 2022-11-23 15:50:00 to 2022-10-31 09:35:00 ]
2022-11-26 10:07:09,564 read AAPL from av [ 2022-11-23 20:00:00 to 2022-10-28 04:05:00 ]
2022-11-26 10:07:10,071 read GOOG from av [ 2022-11-23 20:00:00 to 2022-10-28 04:05:00 ]
2022-11-26 10:13:10,734 Time out ^GSPC
2022-11-26 10:19:11,385 Time out ^DJI
2022-11-26 10:25:12,054 Time out ^TNX
2022-11-26 10:25:12,440 read MSFT from av [ 2022-11-23 20:00:00 to 2022-10-28 04:05:00 ]
2022-11-26 10:31:13,230 Time out ^VXGOG
2022-11-26 10:37:13,926 Time out ^VXAPL
2022-11-26 10:43:14,612 Time out ^VXGS
2022-11-26 10:49:15,378 Time out ^VXAZN
2022-11-26 10:55:16,202 Time out ^VXIBM
2022-11-26 10:55:16,449 read GS from av [ 2022-11-23 19:45:00 to 2022-10-31 07:05:00 ]
2022-11-26 10:55:16,763 read IBM from av [ 2022-11-23 19:40:00 to 2022-10-28 07:10:00 ]
2022-11-26 11:01:17,550 Time out FB
2022-11-26 11:07:18,208 Time out ^TYVIX
2022-11-26 11:07:18,614 read SPY from av [ 2022-11-23 20:00:00 to 2022-10-28 04:05:00 ]
2022-11-26 11:07:19,371 read GOOGL from av [ 2022-11-23 20:00:00 to 2022-10-28 04:05:00 ]
2022-11-26 11:07:19,869 read JPM from av [ 2022-11-23 19:20:00 to 2022-10-28 06:05:00 ]
2022-11-26 11:07:20,297 read JNJ from av [ 2022-11-23 19:55:00 to 2022-10-28 06:45:00 ]
2022-11-26 11:07:20,693 read BAC from av [ 2022-11-23 19:15:00 to 2022-10-28 04:05:00 ]
2022-11-26 11:07:21,043 read V from av [ 2022-11-23 20:00:00 to 2022-10-31 05:20:00 ]
2022-11-26 11:07:21,381 read WFC from av [ 2022-11-23 20:00:00 to 2022-10-31 07:15:00 ]
2022-11-26 11:07:21,666 read MA from av [ 2022-11-23 16:05:00 to 2022-10-31 04:45:00 ]
2022-11-26 11:07:22,253 read C from av [ 2022-11-23 20:00:00 to 2022-10-31 04:20:00 ]
2022-11-26 11:07:22,688 read PYPL from av [ 2022-11-23 20:00:00 to 2022-10-31 04:05:00 ]
2022-11-26 11:07:23,127 read OIL from av [ 2022-11-23 16:00:00 to 2022-10-31 07:10:00 ]
2022-11-26 11:13:23,905 Time out DX-Y.NYB
2022-11-26 11:13:24,200 read GLD from av [ 2022-11-23 19:35:00 to 2022-10-31 04:20:00 ]
2022-11-26 11:13:25,515 read UUP from av [ 2022-11-23 19:55:00 to 2022-10-31 04:05:00 ]
2022-11-26 11:13:26,763 read SHY from av [ 2022-11-23 19:50:00 to 2022-10-31 04:05:00 ]
2022-11-26 11:13:27,974 read SHV from av [ 2022-11-23 19:40:00 to 2022-10-31 07:15:00 ]
2022-11-26 11:13:29,241 read IEF from av [ 2022-11-23 16:30:00 to 2022-10-31 08:30:00 ]
2022-11-26 11:19:29,948 Time out ^IRX
2022-11-26 11:25:30,662 Time out ^FVX
2022-11-26 11:31:31,380 Time out ^TYX
2022-11-26 11:31:31,810 read SQQQ from av [ 2022-11-23 20:00:00 to 2022-10-28 04:05:00 ]
2022-11-26 11:31:32,435 read TQQQ from av [ 2022-11-23 20:00:00 to 2022-10-28 04:05:00 ]
2022-11-26 11:37:33,133 Time out ^VXX
2022-11-26 11:43:33,841 Time out ^VXZ
2022-11-26 11:43:35,944 read IYE from av [ 2022-11-23 16:00:00 to 2022-10-31 09:35:00 ]
2022-11-26 11:43:37,392 read IYY from av [ 2022-11-23 16:00:00 to 2022-10-31 09:35:00 ]
2022-11-26 11:43:39,114 read IYF from av [ 2022-11-23 16:00:00 to 2022-10-31 09:30:00 ]
2022-11-26 11:43:40,309 read IYR from av [ 2022-11-23 17:55:00 to 2022-10-31 09:30:00 ]
2022-11-26 11:43:42,356 read IYW from av [ 2022-11-23 16:00:00 to 2022-10-31 09:30:00 ]
2022-11-26 11:43:43,949 read IYT from av [ 2022-11-23 16:00:00 to 2022-10-31 07:30:00 ]
2022-11-26 11:43:45,202 read PEJ from av [ 2022-11-23 16:00:00 to 2022-10-31 09:35:00 ]
2022-11-26 11:43:45,586 read USO from av [ 2022-11-23 19:55:00 to 2022-10-31 04:05:00 ]
2022-11-26 11:43:46,803 read DBC from av [ 2022-11-23 16:35:00 to 2022-10-31 07:05:00 ]
2022-11-26 11:43:48,421 read GSG from av [ 2022-11-23 16:00:00 to 2022-10-31 09:30:00 ]
2022-11-26 11:43:48,729 read VTI from av [ 2022-11-23 19:20:00 to 2022-10-31 05:35:00 ]
2022-11-26 11:49:49,443 Time out ^RUT
2022-11-26 11:49:51,037 read FDN from av [ 2022-11-23 16:00:00 to 2022-10-31 09:30:00 ]
2022-11-26 11:49:51,342 read XLV from av [ 2022-11-23 18:00:00 to 2022-10-31 04:35:00 ]
2022-11-26 11:49:52,613 read IBB from av [ 2022-11-23 16:20:00 to 2022-10-31 04:15:00 ]
2022-11-26 11:49:54,505 read KRE from av [ 2022-11-23 16:15:00 to 2022-10-31 04:05:00 ]
2022-11-26 11:49:55,964 read KBE from av [ 2022-11-23 17:20:00 to 2022-10-31 09:35:00 ]
2022-11-26 11:49:56,360 read XLF from av [ 2022-11-23 20:00:00 to 2022-10-31 04:35:00 ]
2022-11-26 11:49:56,711 read XLP from av [ 2022-11-23 18:45:00 to 2022-10-31 05:05:00 ]
2022-11-26 11:49:57,023 read XLY from av [ 2022-11-23 19:00:00 to 2022-10-31 04:05:00 ]
2022-11-26 11:49:57,546 read VNQ from av [ 2022-11-23 16:20:00 to 2022-10-31 09:25:00 ]
2022-11-26 11:49:57,828 read XLB from av [ 2022-11-23 16:05:00 to 2022-10-31 04:35:00 ]
2022-11-26 11:49:58,139 read XLI from av [ 2022-11-23 19:00:00 to 2022-10-31 05:05:00 ]
2022-11-26 11:49:59,590 read KBWB from av [ 2022-11-23 16:00:00 to 2022-10-31 09:35:00 ]
2022-11-26 11:56:00,410 Time out TVIX
2022-11-26 12:02:01,715 Time out ^VVIX
2022-11-26 12:02:02,534 read VIXM from av [ 2022-11-23 16:00:00 to 2022-10-31 09:35:00 ]
2022-11-26 12:02:04,541 read VIXY from av [ 2022-11-23 19:40:00 to 2022-10-31 04:05:00 ]
2022-11-26 12:02:05,162 read VXX from av [ 2022-11-23 20:00:00 to 2022-10-28 04:30:00 ]
2022-11-26 12:02:06,523 read SVXY from av [ 2022-11-23 18:55:00 to 2022-10-31 04:05:00 ]
2022-11-26 12:02:08,985 read UVXY from av [ 2022-11-23 20:00:00 to 2022-10-31 04:05:00 ]
2022-11-26 12:02:09,468 read VIXY from av [ 2022-11-23 19:40:00 to 2022-10-31 04:05:00 ]
