2022-02-19 05:01:06,521 read QQQ from av [ 2022-02-18 20:00:00 to 2022-01-21 04:05:00 ]
2022-02-19 05:07:08,811 Time out ^VIX
2022-02-19 05:07:10,311 read FAS from av [ 2022-02-18 20:00:00 to 2022-01-24 04:05:00 ]
2022-02-19 05:07:11,060 read MIDU from av [ 2022-02-18 19:00:00 to 2022-01-24 08:30:00 ]
2022-02-19 05:07:11,713 read AAPL from av [ 2022-02-18 20:00:00 to 2022-01-21 04:05:00 ]
2022-02-19 05:07:12,598 read GOOG from av [ 2022-02-18 19:55:00 to 2022-01-21 07:10:00 ]
2022-02-19 05:13:13,560 Time out ^GSPC
2022-02-19 05:19:14,157 Time out ^DJI
2022-02-19 05:25:14,811 Time out ^TNX
2022-02-19 05:25:15,273 read MSFT from av [ 2022-02-18 20:00:00 to 2022-01-21 04:05:00 ]
2022-02-19 05:31:18,469 Time out ^VXGOG
2022-02-19 05:37:19,342 Time out ^VXAPL
2022-02-19 05:43:19,899 Time out ^VXGS
2022-02-19 05:49:20,595 Time out ^VXAZN
2022-02-19 05:55:21,409 Time out ^VXIBM
2022-02-19 05:55:21,742 read GS from av [ 2022-02-18 19:55:00 to 2022-01-24 04:55:00 ]
2022-02-19 05:55:22,432 read IBM from av [ 2022-02-18 19:55:00 to 2022-01-21 06:20:00 ]
2022-02-19 05:55:23,245 read FB from av [ 2022-02-18 20:00:00 to 2022-01-21 04:05:00 ]
2022-02-19 06:01:24,286 Time out ^TYVIX
2022-02-19 06:01:24,694 read SPY from av [ 2022-02-18 20:00:00 to 2022-01-21 04:05:00 ]
2022-02-19 06:01:25,662 read GOOGL from av [ 2022-02-18 17:45:00 to 2022-01-21 07:50:00 ]
2022-02-19 06:01:26,316 read JPM from av [ 2022-02-18 20:00:00 to 2022-01-21 04:05:00 ]
2022-02-19 06:01:27,001 read JNJ from av [ 2022-02-18 19:55:00 to 2022-01-24 04:55:00 ]
2022-02-19 06:01:27,696 read BAC from av [ 2022-02-18 20:00:00 to 2022-01-24 04:05:00 ]
2022-02-19 06:01:28,460 read V from av [ 2022-02-18 19:50:00 to 2022-01-24 04:05:00 ]
2022-02-19 06:01:29,132 read WFC from av [ 2022-02-18 20:00:00 to 2022-01-24 04:05:00 ]
2022-02-19 06:01:29,854 read MA from av [ 2022-02-18 19:00:00 to 2022-01-24 05:00:00 ]
2022-02-19 06:01:30,551 read C from av [ 2022-02-18 20:00:00 to 2022-01-24 04:15:00 ]
2022-02-19 06:01:31,371 read PYPL from av [ 2022-02-18 20:00:00 to 2022-01-24 04:05:00 ]
2022-02-19 06:01:32,441 read OIL from av [ 2022-02-18 19:00:00 to 2022-01-24 08:40:00 ]
2022-02-19 06:07:33,173 Time out DX-Y.NYB
2022-02-19 06:07:33,465 read GLD from av [ 2022-02-18 20:00:00 to 2022-01-24 04:05:00 ]
2022-02-19 06:07:34,320 read UUP from av [ 2022-02-18 16:50:00 to 2022-01-24 06:30:00 ]
2022-02-19 06:07:35,864 read SHY from av [ 2022-02-18 16:30:00 to 2022-01-24 04:10:00 ]
2022-02-19 06:07:37,644 read SHV from av [ 2022-02-18 16:00:00 to 2022-01-24 08:35:00 ]
2022-02-19 06:07:39,383 read IEF from av [ 2022-02-18 16:30:00 to 2022-01-24 06:10:00 ]
2022-02-19 06:13:40,191 Time out ^IRX
2022-02-19 06:19:40,651 Time out ^FVX
2022-02-19 06:25:41,311 Time out ^TYX
2022-02-19 06:25:41,658 read SQQQ from av [ 2022-02-18 20:00:00 to 2022-01-21 04:05:00 ]
2022-02-19 06:25:42,662 read TQQQ from av [ 2022-02-18 20:00:00 to 2022-01-21 04:05:00 ]
2022-02-19 06:31:43,885 Time out ^VXX
2022-02-19 06:37:44,512 Time out ^VXZ
2022-02-19 06:37:45,747 read IYE from av [ 2022-02-18 16:20:00 to 2022-01-24 08:45:00 ]
2022-02-19 06:37:46,533 read IYY from av [ 2022-02-18 16:00:00 to 2022-01-24 08:05:00 ]
2022-02-19 06:37:47,789 read IYF from av [ 2022-02-18 18:40:00 to 2022-01-24 08:05:00 ]
2022-02-19 06:37:49,203 read IYR from av [ 2022-02-18 16:55:00 to 2022-01-24 06:15:00 ]
2022-02-19 06:37:50,591 read IYW from av [ 2022-02-18 18:55:00 to 2022-01-24 07:20:00 ]
2022-02-19 06:37:51,684 read IYT from av [ 2022-02-18 17:25:00 to 2022-01-24 09:35:00 ]
2022-02-19 06:37:52,920 read PEJ from av [ 2022-02-18 18:50:00 to 2022-01-24 08:05:00 ]
2022-02-19 06:37:53,551 read USO from av [ 2022-02-18 20:00:00 to 2022-01-24 04:05:00 ]
2022-02-19 06:37:55,163 read DBC from av [ 2022-02-18 18:40:00 to 2022-01-24 04:05:00 ]
2022-02-19 06:37:56,643 read GSG from av [ 2022-02-18 16:00:00 to 2022-01-24 08:05:00 ]
2022-02-19 06:37:57,182 read VTI from av [ 2022-02-18 19:55:00 to 2022-01-24 05:20:00 ]
2022-02-19 06:43:58,161 Time out ^RUT
2022-02-19 06:43:59,188 read FDN from av [ 2022-02-18 16:00:00 to 2022-01-24 05:25:00 ]
2022-02-19 06:44:00,842 read XLV from av [ 2022-02-18 19:35:00 to 2022-01-24 04:50:00 ]
2022-02-19 06:44:02,455 read IBB from av [ 2022-02-18 16:10:00 to 2022-01-24 05:20:00 ]
2022-02-19 06:44:04,476 read KRE from av [ 2022-02-18 19:00:00 to 2022-01-24 04:55:00 ]
2022-02-19 06:44:06,119 read KBE from av [ 2022-02-18 17:30:00 to 2022-01-24 08:40:00 ]
2022-02-19 06:44:06,781 read XLF from av [ 2022-02-18 20:00:00 to 2022-01-24 04:10:00 ]
2022-02-19 06:44:09,139 read XLP from av [ 2022-02-18 19:45:00 to 2022-01-24 04:35:00 ]
2022-02-19 06:44:11,016 read XLY from av [ 2022-02-18 17:20:00 to 2022-01-24 04:05:00 ]
2022-02-19 06:44:12,531 read VNQ from av [ 2022-02-18 17:45:00 to 2022-01-24 04:50:00 ]
2022-02-19 06:44:14,227 read XLB from av [ 2022-02-18 17:50:00 to 2022-01-24 04:15:00 ]
2022-02-19 06:44:16,164 read XLI from av [ 2022-02-18 19:40:00 to 2022-01-24 04:50:00 ]
2022-02-19 06:44:18,008 read KBWB from av [ 2022-02-18 18:05:00 to 2022-01-24 07:40:00 ]
2022-02-19 06:50:19,012 Time out TVIX
2022-02-19 06:56:19,620 Time out ^VVIX
2022-02-19 06:56:20,120 read VIXM from av [ 2022-02-18 20:00:00 to 2022-01-24 08:05:00 ]
2022-02-19 06:56:21,944 read VIXY from av [ 2022-02-18 20:00:00 to 2022-01-24 04:05:00 ]
2022-02-19 06:56:22,759 read VXX from av [ 2022-02-18 20:00:00 to 2022-01-24 04:05:00 ]
2022-02-19 06:56:25,065 read SVXY from av [ 2022-02-18 20:00:00 to 2022-01-24 04:05:00 ]
2022-02-19 06:56:25,903 read UVXY from av [ 2022-02-18 20:00:00 to 2022-01-24 04:05:00 ]
2022-02-19 06:56:26,824 read VIXY from av [ 2022-02-18 20:00:00 to 2022-01-24 04:05:00 ]
