2022-03-19 05:01:07,870 read QQQ from av [ 2022-03-18 20:00:00 to 2022-02-18 04:05:00 ]
2022-03-19 05:07:09,429 Time out ^VIX
2022-03-19 05:07:09,944 read FAS from av [ 2022-03-18 20:00:00 to 2022-02-22 04:10:00 ]
2022-03-19 05:07:10,858 read MIDU from av [ 2022-03-18 17:50:00 to 2022-02-22 07:05:00 ]
2022-03-19 05:07:11,575 read AAPL from av [ 2022-03-18 20:00:00 to 2022-02-18 04:05:00 ]
2022-03-19 05:07:12,672 read GOOG from av [ 2022-03-18 19:25:00 to 2022-02-18 07:15:00 ]
2022-03-19 05:13:14,088 Time out ^GSPC
2022-03-19 05:19:14,912 Time out ^DJI
2022-03-19 05:25:15,776 Time out ^TNX
2022-03-19 05:25:16,322 read MSFT from av [ 2022-03-18 20:00:00 to 2022-02-18 04:05:00 ]
2022-03-19 05:31:17,701 Time out ^VXGOG
2022-03-19 05:37:18,512 Time out ^VXAPL
2022-03-19 05:43:19,555 Time out ^VXGS
2022-03-19 05:49:20,517 Time out ^VXAZN
2022-03-19 05:55:21,441 Time out ^VXIBM
2022-03-19 05:55:21,774 read GS from av [ 2022-03-18 20:00:00 to 2022-02-22 05:05:00 ]
2022-03-19 05:55:22,707 read IBM from av [ 2022-03-18 19:20:00 to 2022-02-18 06:20:00 ]
2022-03-19 05:55:23,714 read FB from av [ 2022-03-18 20:00:00 to 2022-02-18 04:05:00 ]
2022-03-19 06:01:25,471 Time out ^TYVIX
2022-03-19 06:01:25,854 read SPY from av [ 2022-03-18 20:00:00 to 2022-02-18 04:05:00 ]
2022-03-19 06:01:26,994 read GOOGL from av [ 2022-03-18 18:45:00 to 2022-02-18 06:45:00 ]
2022-03-19 06:01:27,797 read JPM from av [ 2022-03-18 19:50:00 to 2022-02-22 04:05:00 ]
2022-03-19 06:01:28,566 read JNJ from av [ 2022-03-18 18:35:00 to 2022-02-22 04:05:00 ]
2022-03-19 06:01:29,377 read BAC from av [ 2022-03-18 20:00:00 to 2022-02-22 04:05:00 ]
2022-03-19 06:01:30,395 read V from av [ 2022-03-18 20:00:00 to 2022-02-22 04:15:00 ]
2022-03-19 06:01:31,473 read WFC from av [ 2022-03-18 20:00:00 to 2022-02-22 04:05:00 ]
2022-03-19 06:01:32,500 read MA from av [ 2022-03-18 19:50:00 to 2022-02-22 04:05:00 ]
2022-03-19 06:01:33,606 read C from av [ 2022-03-18 19:40:00 to 2022-02-22 04:05:00 ]
2022-03-19 06:01:34,699 read PYPL from av [ 2022-03-18 20:00:00 to 2022-02-18 04:05:00 ]
2022-03-19 06:01:36,320 read OIL from av [ 2022-03-18 18:40:00 to 2022-02-22 07:05:00 ]
2022-03-19 06:07:37,065 Time out DX-Y.NYB
2022-03-19 06:07:37,528 read GLD from av [ 2022-03-18 20:00:00 to 2022-02-22 04:05:00 ]
2022-03-19 06:07:39,485 read UUP from av [ 2022-03-18 17:40:00 to 2022-02-22 07:15:00 ]
2022-03-19 06:07:40,143 read SHY from av [ 2022-03-18 16:30:00 to 2022-02-22 04:05:00 ]
2022-03-19 06:07:41,570 read SHV from av [ 2022-03-18 16:05:00 to 2022-02-22 07:20:00 ]
2022-03-19 06:07:43,261 read IEF from av [ 2022-03-18 17:00:00 to 2022-02-22 07:20:00 ]
2022-03-19 06:13:44,357 Time out ^IRX
2022-03-19 06:19:45,023 Time out ^FVX
2022-03-19 06:25:45,823 Time out ^TYX
2022-03-19 06:25:46,496 read SQQQ from av [ 2022-03-18 20:00:00 to 2022-02-18 04:05:00 ]
2022-03-19 06:25:47,741 read TQQQ from av [ 2022-03-18 20:00:00 to 2022-02-18 04:05:00 ]
2022-03-19 06:31:49,179 Time out ^VXX
2022-03-19 06:37:49,935 Time out ^VXZ
2022-03-19 06:37:51,141 read IYE from av [ 2022-03-18 16:10:00 to 2022-02-22 09:35:00 ]
2022-03-19 06:37:52,029 read IYY from av [ 2022-03-18 16:00:00 to 2022-02-22 07:35:00 ]
2022-03-19 06:37:53,338 read IYF from av [ 2022-03-18 16:00:00 to 2022-02-22 09:30:00 ]
2022-03-19 06:37:54,861 read IYR from av [ 2022-03-18 17:30:00 to 2022-02-22 09:30:00 ]
2022-03-19 06:37:56,156 read IYW from av [ 2022-03-18 19:55:00 to 2022-02-22 04:55:00 ]
2022-03-19 06:37:57,344 read IYT from av [ 2022-03-18 16:00:00 to 2022-02-22 07:35:00 ]
2022-03-19 06:37:58,837 read PEJ from av [ 2022-03-18 16:10:00 to 2022-02-22 07:55:00 ]
2022-03-19 06:37:59,577 read USO from av [ 2022-03-18 20:00:00 to 2022-02-22 04:05:00 ]
2022-03-19 06:38:01,408 read DBC from av [ 2022-03-18 19:20:00 to 2022-02-22 04:05:00 ]
2022-03-19 06:38:03,004 read GSG from av [ 2022-03-18 17:40:00 to 2022-02-22 04:05:00 ]
2022-03-19 06:38:03,579 read VTI from av [ 2022-03-18 19:50:00 to 2022-02-22 04:05:00 ]
2022-03-19 06:44:05,683 Time out ^RUT
2022-03-19 06:44:06,802 read FDN from av [ 2022-03-18 16:20:00 to 2022-02-22 05:45:00 ]
2022-03-19 06:44:07,511 read XLV from av [ 2022-03-18 19:55:00 to 2022-02-22 04:05:00 ]
2022-03-19 06:44:09,128 read IBB from av [ 2022-03-18 16:05:00 to 2022-02-22 07:20:00 ]
2022-03-19 06:44:10,874 read KRE from av [ 2022-03-18 20:00:00 to 2022-02-22 07:05:00 ]
2022-03-19 06:44:12,641 read KBE from av [ 2022-03-18 17:55:00 to 2022-02-22 04:10:00 ]
2022-03-19 06:44:13,563 read XLF from av [ 2022-03-18 20:00:00 to 2022-02-22 04:05:00 ]
2022-03-19 06:44:14,535 read XLP from av [ 2022-03-18 19:35:00 to 2022-02-22 04:05:00 ]
2022-03-19 06:44:15,190 read XLY from av [ 2022-03-18 19:55:00 to 2022-02-22 05:25:00 ]
2022-03-19 06:44:15,842 read VNQ from av [ 2022-03-18 17:10:00 to 2022-02-22 05:15:00 ]
2022-03-19 06:44:16,504 read XLB from av [ 2022-03-18 17:05:00 to 2022-02-22 05:50:00 ]
2022-03-19 06:44:17,412 read XLI from av [ 2022-03-18 20:00:00 to 2022-02-22 04:05:00 ]
2022-03-19 06:44:19,089 read KBWB from av [ 2022-03-18 19:40:00 to 2022-02-22 04:15:00 ]
2022-03-19 06:50:20,163 Time out TVIX
2022-03-19 06:56:20,892 Time out ^VVIX
2022-03-19 06:56:21,597 read VIXM from av [ 2022-03-18 16:15:00 to 2022-02-22 07:05:00 ]
2022-03-19 06:56:23,926 read VIXY from av [ 2022-03-18 20:00:00 to 2022-02-22 04:05:00 ]
2022-03-19 06:56:24,897 read VXX from av [ 2022-03-18 20:00:00 to 2022-02-22 04:05:00 ]
2022-03-19 06:56:25,864 read SVXY from av [ 2022-03-18 20:00:00 to 2022-02-22 04:05:00 ]
2022-03-19 06:56:26,957 read UVXY from av [ 2022-03-18 20:00:00 to 2022-02-22 04:05:00 ]
2022-03-19 06:56:28,069 read VIXY from av [ 2022-03-18 20:00:00 to 2022-02-22 04:05:00 ]
