2022-04-23 05:01:08,353 read QQQ from av [ 2022-04-22 20:00:00 to 2022-03-25 04:05:00 ]
2022-04-23 05:07:10,565 Time out ^VIX
2022-04-23 05:07:11,057 read FAS from av [ 2022-04-22 19:55:00 to 2022-03-28 07:25:00 ]
2022-04-23 05:07:11,899 read MIDU from av [ 2022-04-22 16:05:00 to 2022-03-28 07:35:00 ]
2022-04-23 05:07:12,684 read AAPL from av [ 2022-04-22 20:00:00 to 2022-03-25 04:05:00 ]
2022-04-23 05:07:13,880 read GOOG from av [ 2022-04-22 18:30:00 to 2022-03-25 04:10:00 ]
2022-04-23 05:13:15,660 Time out ^GSPC
2022-04-23 05:19:16,801 Time out ^DJI
2022-04-23 05:25:17,620 Time out ^TNX
2022-04-23 05:25:18,405 read MSFT from av [ 2022-04-22 20:00:00 to 2022-03-25 04:05:00 ]
2022-04-23 05:31:20,074 Time out ^VXGOG
2022-04-23 05:37:21,083 Time out ^VXAPL
2022-04-23 05:43:22,127 Time out ^VXGS
2022-04-23 05:49:22,923 Time out ^VXAZN
2022-04-23 05:55:23,722 Time out ^VXIBM
2022-04-23 05:55:24,091 read GS from av [ 2022-04-22 19:55:00 to 2022-03-28 08:00:00 ]
2022-04-23 05:55:24,958 read IBM from av [ 2022-04-22 19:35:00 to 2022-03-25 07:00:00 ]
2022-04-23 05:55:26,140 read FB from av [ 2022-04-22 20:00:00 to 2022-03-25 04:05:00 ]
2022-04-23 06:01:27,580 Time out ^TYVIX
2022-04-23 06:01:28,024 read SPY from av [ 2022-04-22 20:00:00 to 2022-03-25 04:05:00 ]
2022-04-23 06:01:29,197 read GOOGL from av [ 2022-04-22 19:30:00 to 2022-03-25 07:15:00 ]
2022-04-23 06:01:29,992 read JPM from av [ 2022-04-22 20:00:00 to 2022-03-28 05:20:00 ]
2022-04-23 06:01:30,913 read JNJ from av [ 2022-04-22 19:15:00 to 2022-03-28 04:10:00 ]
2022-04-23 06:01:32,016 read BAC from av [ 2022-04-22 20:00:00 to 2022-03-28 04:05:00 ]
2022-04-23 06:01:33,056 read V from av [ 2022-04-22 20:00:00 to 2022-03-28 04:15:00 ]
2022-04-23 06:01:34,073 read WFC from av [ 2022-04-22 20:00:00 to 2022-03-28 04:50:00 ]
2022-04-23 06:01:35,123 read MA from av [ 2022-04-22 19:35:00 to 2022-03-28 07:10:00 ]
2022-04-23 06:01:36,236 read C from av [ 2022-04-22 20:00:00 to 2022-03-28 04:05:00 ]
2022-04-23 06:01:37,630 read PYPL from av [ 2022-04-22 20:00:00 to 2022-03-28 04:05:00 ]
2022-04-23 06:01:38,753 read OIL from av [ 2022-04-22 16:10:00 to 2022-03-28 04:05:00 ]
2022-04-23 06:07:39,593 Time out DX-Y.NYB
2022-04-23 06:07:39,999 read GLD from av [ 2022-04-22 20:00:00 to 2022-03-28 04:05:00 ]
2022-04-23 06:07:41,769 read UUP from av [ 2022-04-22 18:45:00 to 2022-03-28 07:40:00 ]
2022-04-23 06:07:43,467 read SHY from av [ 2022-04-22 16:20:00 to 2022-03-28 05:45:00 ]
2022-04-23 06:07:44,930 read SHV from av [ 2022-04-22 16:00:00 to 2022-03-28 07:15:00 ]
2022-04-23 06:07:46,846 read IEF from av [ 2022-04-22 17:15:00 to 2022-03-28 07:55:00 ]
2022-04-23 06:13:48,087 Time out ^IRX
2022-04-23 06:19:48,859 Time out ^FVX
2022-04-23 06:25:49,550 Time out ^TYX
2022-04-23 06:25:50,066 read SQQQ from av [ 2022-04-22 20:00:00 to 2022-03-25 04:05:00 ]
2022-04-23 06:25:51,335 read TQQQ from av [ 2022-04-22 20:00:00 to 2022-03-25 04:05:00 ]
2022-04-23 06:31:52,949 Time out ^VXX
2022-04-23 06:37:53,779 Time out ^VXZ
2022-04-23 06:37:55,034 read IYE from av [ 2022-04-22 17:45:00 to 2022-03-28 09:25:00 ]
2022-04-23 06:37:55,873 read IYY from av [ 2022-04-22 16:00:00 to 2022-03-28 09:35:00 ]
2022-04-23 06:37:57,017 read IYF from av [ 2022-04-22 16:00:00 to 2022-03-28 09:30:00 ]
2022-04-23 06:37:58,497 read IYR from av [ 2022-04-22 17:00:00 to 2022-03-28 09:35:00 ]
2022-04-23 06:37:59,816 read IYW from av [ 2022-04-22 16:05:00 to 2022-03-28 09:35:00 ]
2022-04-23 06:38:01,410 read IYT from av [ 2022-04-22 16:00:00 to 2022-03-28 09:35:00 ]
2022-04-23 06:38:02,773 read PEJ from av [ 2022-04-22 16:00:00 to 2022-03-28 09:35:00 ]
2022-04-23 06:38:03,525 read USO from av [ 2022-04-22 20:00:00 to 2022-03-28 04:05:00 ]
2022-04-23 06:38:05,629 read DBC from av [ 2022-04-22 20:00:00 to 2022-03-28 07:05:00 ]
2022-04-23 06:38:07,332 read GSG from av [ 2022-04-22 19:50:00 to 2022-03-28 04:05:00 ]
2022-04-23 06:38:07,994 read VTI from av [ 2022-04-22 19:50:00 to 2022-03-28 07:55:00 ]
2022-04-23 06:44:09,280 Time out ^RUT
2022-04-23 06:44:10,203 read FDN from av [ 2022-04-22 16:45:00 to 2022-03-28 09:35:00 ]
2022-04-23 06:44:10,964 read XLV from av [ 2022-04-22 19:35:00 to 2022-03-28 06:10:00 ]
2022-04-23 06:44:12,786 read IBB from av [ 2022-04-22 19:20:00 to 2022-03-28 08:25:00 ]
2022-04-23 06:44:14,596 read KRE from av [ 2022-04-22 19:25:00 to 2022-03-28 07:55:00 ]
2022-04-23 06:44:16,362 read KBE from av [ 2022-04-22 16:30:00 to 2022-03-28 07:05:00 ]
2022-04-23 06:44:17,222 read XLF from av [ 2022-04-22 20:00:00 to 2022-03-28 04:05:00 ]
2022-04-23 06:44:18,269 read XLP from av [ 2022-04-22 19:55:00 to 2022-03-28 04:10:00 ]
2022-04-23 06:44:18,989 read XLY from av [ 2022-04-22 19:55:00 to 2022-03-28 06:15:00 ]
2022-04-23 06:44:19,761 read VNQ from av [ 2022-04-22 19:00:00 to 2022-03-28 07:10:00 ]
2022-04-23 06:44:20,484 read XLB from av [ 2022-04-22 19:30:00 to 2022-03-28 04:05:00 ]
2022-04-23 06:44:21,478 read XLI from av [ 2022-04-22 16:30:00 to 2022-03-28 04:25:00 ]
2022-04-23 06:44:23,081 read KBWB from av [ 2022-04-22 16:05:00 to 2022-03-28 09:00:00 ]
2022-04-23 06:50:24,082 Time out TVIX
2022-04-23 06:56:24,779 Time out ^VVIX
2022-04-23 06:56:25,331 read VIXM from av [ 2022-04-22 16:35:00 to 2022-03-28 05:05:00 ]
2022-04-23 06:56:27,283 read VIXY from av [ 2022-04-22 20:00:00 to 2022-03-28 04:10:00 ]
2022-04-23 06:56:29,364 read VXX from av [ 2022-04-22 20:00:00 to 2022-03-28 04:05:00 ]
2022-04-23 06:56:31,408 read SVXY from av [ 2022-04-22 20:00:00 to 2022-03-28 04:25:00 ]
2022-04-23 06:56:34,340 read UVXY from av [ 2022-04-22 20:00:00 to 2022-03-28 04:05:00 ]
2022-04-23 06:56:35,631 read VIXY from av [ 2022-04-22 20:00:00 to 2022-03-28 04:10:00 ]
