2022-08-27 05:01:09,122 read QQQ from av [ 2022-08-26 20:00:00 to 2022-07-29 04:05:00 ]
2022-08-27 05:07:11,093 Time out ^VIX
2022-08-27 05:07:11,400 read FAS from av [ 2022-08-26 20:00:00 to 2022-07-29 06:10:00 ]
2022-08-27 05:07:12,453 read MIDU from av [ 2022-08-26 16:45:00 to 2022-08-01 08:00:00 ]
2022-08-27 05:07:13,250 read AAPL from av [ 2022-08-26 20:00:00 to 2022-07-29 04:05:00 ]
2022-08-27 05:07:14,787 read GOOG from av [ 2022-08-26 20:00:00 to 2022-07-29 04:05:00 ]
2022-08-27 05:13:16,200 Time out ^GSPC
2022-08-27 05:19:16,905 Time out ^DJI
2022-08-27 05:25:17,538 Time out ^TNX
2022-08-27 05:25:17,953 read MSFT from av [ 2022-08-26 20:00:00 to 2022-07-29 04:05:00 ]
2022-08-27 05:31:19,870 Time out ^VXGOG
2022-08-27 05:37:20,577 Time out ^VXAPL
2022-08-27 05:43:21,320 Time out ^VXGS
2022-08-27 05:49:22,104 Time out ^VXAZN
2022-08-27 05:55:22,675 Time out ^VXIBM
2022-08-27 05:55:22,935 read GS from av [ 2022-08-26 18:45:00 to 2022-08-01 07:05:00 ]
2022-08-27 05:55:24,022 read IBM from av [ 2022-08-26 19:45:00 to 2022-07-29 04:55:00 ]
2022-08-27 06:01:25,432 Time out FB
2022-08-27 06:07:26,175 Time out ^TYVIX
2022-08-27 06:07:26,688 read SPY from av [ 2022-08-26 20:00:00 to 2022-07-29 04:05:00 ]
2022-08-27 06:07:28,286 read GOOGL from av [ 2022-08-26 20:00:00 to 2022-07-29 04:05:00 ]
2022-08-27 06:07:29,260 read JPM from av [ 2022-08-26 20:00:00 to 2022-08-01 05:10:00 ]
2022-08-27 06:07:30,409 read JNJ from av [ 2022-08-26 19:50:00 to 2022-07-29 08:40:00 ]
2022-08-27 06:07:31,380 read BAC from av [ 2022-08-26 20:00:00 to 2022-08-01 04:05:00 ]
2022-08-27 06:07:32,658 read V from av [ 2022-08-26 20:00:00 to 2022-08-01 04:10:00 ]
2022-08-27 06:07:33,639 read WFC from av [ 2022-08-26 20:00:00 to 2022-08-01 08:05:00 ]
2022-08-27 06:07:34,919 read MA from av [ 2022-08-26 19:50:00 to 2022-08-01 05:55:00 ]
2022-08-27 06:07:35,858 read C from av [ 2022-08-26 20:00:00 to 2022-08-01 05:20:00 ]
2022-08-27 06:07:37,121 read PYPL from av [ 2022-08-26 19:45:00 to 2022-08-01 04:05:00 ]
2022-08-27 06:07:38,381 read OIL from av [ 2022-08-26 16:00:00 to 2022-08-01 08:10:00 ]
2022-08-27 06:13:39,364 Time out DX-Y.NYB
2022-08-27 06:13:39,705 read GLD from av [ 2022-08-26 19:15:00 to 2022-07-29 04:05:00 ]
2022-08-27 06:13:41,886 read UUP from av [ 2022-08-26 19:45:00 to 2022-08-01 05:20:00 ]
2022-08-27 06:13:43,947 read SHY from av [ 2022-08-26 17:40:00 to 2022-08-01 04:05:00 ]
2022-08-27 06:13:45,701 read SHV from av [ 2022-08-26 16:20:00 to 2022-08-01 04:05:00 ]
2022-08-27 06:13:46,652 read IEF from av [ 2022-08-26 16:25:00 to 2022-07-29 08:20:00 ]
2022-08-27 06:19:47,881 Time out ^IRX
2022-08-27 06:25:48,646 Time out ^FVX
2022-08-27 06:31:49,637 Time out ^TYX
2022-08-27 06:31:50,138 read SQQQ from av [ 2022-08-26 20:00:00 to 2022-07-29 04:05:00 ]
2022-08-27 06:31:51,735 read TQQQ from av [ 2022-08-26 20:00:00 to 2022-07-29 04:05:00 ]
2022-08-27 06:37:53,634 Time out ^VXX
2022-08-27 06:43:54,361 Time out ^VXZ
2022-08-27 06:43:55,560 read IYE from av [ 2022-08-26 16:00:00 to 2022-08-01 08:30:00 ]
2022-08-27 06:43:56,570 read IYY from av [ 2022-08-26 16:00:00 to 2022-08-01 08:25:00 ]
2022-08-27 06:43:57,726 read IYF from av [ 2022-08-26 16:00:00 to 2022-08-01 09:35:00 ]
2022-08-27 06:43:59,430 read IYR from av [ 2022-08-26 18:55:00 to 2022-08-01 04:05:00 ]
2022-08-27 06:44:01,016 read IYW from av [ 2022-08-26 16:10:00 to 2022-08-01 09:10:00 ]
2022-08-27 06:44:01,941 read IYT from av [ 2022-08-26 16:00:00 to 2022-08-01 09:35:00 ]
2022-08-27 06:44:03,428 read PEJ from av [ 2022-08-26 16:00:00 to 2022-08-01 08:00:00 ]
2022-08-27 06:44:04,245 read USO from av [ 2022-08-26 19:15:00 to 2022-08-01 04:05:00 ]
2022-08-27 06:44:06,252 read DBC from av [ 2022-08-26 17:40:00 to 2022-08-01 05:15:00 ]
2022-08-27 06:44:07,954 read GSG from av [ 2022-08-26 16:35:00 to 2022-08-01 09:05:00 ]
2022-08-27 06:44:08,724 read VTI from av [ 2022-08-26 19:40:00 to 2022-07-29 08:20:00 ]
2022-08-27 06:50:10,063 Time out ^RUT
2022-08-27 06:50:11,262 read FDN from av [ 2022-08-26 16:00:00 to 2022-08-01 08:05:00 ]
2022-08-27 06:50:12,496 read XLV from av [ 2022-08-26 17:40:00 to 2022-08-01 04:05:00 ]
2022-08-27 06:50:13,434 read IBB from av [ 2022-08-26 18:50:00 to 2022-08-01 09:05:00 ]
2022-08-27 06:50:14,323 read KRE from av [ 2022-08-26 20:00:00 to 2022-08-01 08:15:00 ]
2022-08-27 06:50:16,169 read KBE from av [ 2022-08-26 17:40:00 to 2022-08-01 09:35:00 ]
2022-08-27 06:50:17,257 read XLF from av [ 2022-08-26 20:00:00 to 2022-08-01 04:05:00 ]
2022-08-27 06:50:19,596 read XLP from av [ 2022-08-26 20:00:00 to 2022-08-01 07:45:00 ]
2022-08-27 06:50:20,476 read XLY from av [ 2022-08-26 17:30:00 to 2022-08-01 04:05:00 ]
2022-08-27 06:50:21,332 read VNQ from av [ 2022-08-26 17:00:00 to 2022-08-01 05:40:00 ]
2022-08-27 06:50:23,581 read XLB from av [ 2022-08-26 18:20:00 to 2022-08-01 07:35:00 ]
2022-08-27 06:50:24,508 read XLI from av [ 2022-08-26 19:35:00 to 2022-08-01 04:05:00 ]
2022-08-27 06:50:26,207 read KBWB from av [ 2022-08-26 16:05:00 to 2022-08-01 09:35:00 ]
2022-08-27 06:56:27,529 Time out TVIX
2022-08-27 07:02:28,133 Time out ^VVIX
2022-08-27 07:02:28,696 read VIXM from av [ 2022-08-26 16:15:00 to 2022-08-01 07:30:00 ]
2022-08-27 07:02:30,664 read VIXY from av [ 2022-08-26 20:00:00 to 2022-08-01 04:05:00 ]
2022-08-27 07:02:31,794 read VXX from av [ 2022-08-26 20:00:00 to 2022-08-01 05:20:00 ]
2022-08-27 07:02:34,006 read SVXY from av [ 2022-08-26 20:00:00 to 2022-08-01 04:20:00 ]
2022-08-27 07:02:35,121 read UVXY from av [ 2022-08-26 20:00:00 to 2022-08-01 04:05:00 ]
2022-08-27 07:02:36,570 read VIXY from av [ 2022-08-26 20:00:00 to 2022-08-01 04:05:00 ]
