2022-07-16 05:01:07,966 read QQQ from av [ 2022-07-15 20:00:00 to 2022-06-17 04:05:00 ]
2022-07-16 05:07:09,750 Time out ^VIX
2022-07-16 05:07:10,081 read FAS from av [ 2022-07-15 20:00:00 to 2022-06-21 04:05:00 ]
2022-07-16 05:07:10,977 read MIDU from av [ 2022-07-15 16:00:00 to 2022-06-21 09:35:00 ]
2022-07-16 05:07:12,018 read AAPL from av [ 2022-07-15 20:00:00 to 2022-06-17 04:05:00 ]
2022-07-16 05:07:13,375 read GOOG from av [ 2022-07-15 20:00:00 to 2022-06-17 04:20:00 ]
2022-07-16 05:13:14,643 Time out ^GSPC
2022-07-16 05:19:15,345 Time out ^DJI
2022-07-16 05:25:16,187 Time out ^TNX
2022-07-16 05:25:16,815 read MSFT from av [ 2022-07-15 20:00:00 to 2022-06-17 04:05:00 ]
2022-07-16 05:31:18,321 Time out ^VXGOG
2022-07-16 05:37:19,033 Time out ^VXAPL
2022-07-16 05:43:19,840 Time out ^VXGS
2022-07-16 05:49:20,627 Time out ^VXAZN
2022-07-16 05:55:21,229 Time out ^VXIBM
2022-07-16 05:55:21,563 read GS from av [ 2022-07-15 19:45:00 to 2022-06-21 04:15:00 ]
2022-07-16 05:55:22,648 read IBM from av [ 2022-07-15 20:00:00 to 2022-06-17 04:40:00 ]
2022-07-16 06:01:23,952 Time out FB
2022-07-16 06:07:24,639 Time out ^TYVIX
2022-07-16 06:07:25,433 read SPY from av [ 2022-07-15 20:00:00 to 2022-06-17 04:05:00 ]
2022-07-16 06:07:26,769 read GOOGL from av [ 2022-07-15 20:00:00 to 2022-06-17 06:50:00 ]
2022-07-16 06:07:27,736 read JPM from av [ 2022-07-15 19:40:00 to 2022-06-17 04:45:00 ]
2022-07-16 06:07:28,828 read JNJ from av [ 2022-07-15 19:40:00 to 2022-06-17 08:05:00 ]
2022-07-16 06:07:29,787 read BAC from av [ 2022-07-15 20:00:00 to 2022-06-21 04:05:00 ]
2022-07-16 06:07:30,954 read V from av [ 2022-07-15 18:00:00 to 2022-06-21 07:15:00 ]
2022-07-16 06:07:32,181 read WFC from av [ 2022-07-15 19:55:00 to 2022-06-21 04:55:00 ]
2022-07-16 06:07:33,345 read MA from av [ 2022-07-15 16:05:00 to 2022-06-21 04:05:00 ]
2022-07-16 06:07:34,221 read C from av [ 2022-07-15 20:00:00 to 2022-06-21 04:05:00 ]
2022-07-16 06:07:35,366 read PYPL from av [ 2022-07-15 20:00:00 to 2022-06-17 04:05:00 ]
2022-07-16 06:07:36,429 read OIL from av [ 2022-07-15 19:00:00 to 2022-06-21 07:05:00 ]
2022-07-16 06:13:37,351 Time out DX-Y.NYB
2022-07-16 06:13:37,688 read GLD from av [ 2022-07-15 19:55:00 to 2022-06-21 04:05:00 ]
2022-07-16 06:13:39,661 read UUP from av [ 2022-07-15 19:10:00 to 2022-06-21 07:20:00 ]
2022-07-16 06:13:41,375 read SHY from av [ 2022-07-15 20:00:00 to 2022-06-21 08:05:00 ]
2022-07-16 06:13:42,787 read SHV from av [ 2022-07-15 16:00:00 to 2022-06-21 09:35:00 ]
2022-07-16 06:13:44,596 read IEF from av [ 2022-07-15 17:10:00 to 2022-06-21 07:55:00 ]
2022-07-16 06:19:45,884 Time out ^IRX
2022-07-16 06:25:46,661 Time out ^FVX
2022-07-16 06:31:47,433 Time out ^TYX
2022-07-16 06:31:47,886 read SQQQ from av [ 2022-07-15 20:00:00 to 2022-06-17 04:05:00 ]
2022-07-16 06:31:49,228 read TQQQ from av [ 2022-07-15 20:00:00 to 2022-06-17 04:05:00 ]
2022-07-16 06:37:50,871 Time out ^VXX
2022-07-16 06:43:51,638 Time out ^VXZ
2022-07-16 06:43:52,731 read IYE from av [ 2022-07-15 16:00:00 to 2022-06-21 07:45:00 ]
2022-07-16 06:43:53,713 read IYY from av [ 2022-07-15 16:00:00 to 2022-06-21 09:30:00 ]
2022-07-16 06:43:54,796 read IYF from av [ 2022-07-15 16:00:00 to 2022-06-21 09:30:00 ]
2022-07-16 06:43:56,292 read IYR from av [ 2022-07-15 17:00:00 to 2022-06-21 09:30:00 ]
2022-07-16 06:43:57,558 read IYW from av [ 2022-07-15 16:05:00 to 2022-06-21 09:05:00 ]
2022-07-16 06:43:58,742 read IYT from av [ 2022-07-15 16:00:00 to 2022-06-21 09:35:00 ]
2022-07-16 06:43:59,913 read PEJ from av [ 2022-07-15 16:00:00 to 2022-06-21 09:35:00 ]
2022-07-16 06:44:00,590 read USO from av [ 2022-07-15 19:55:00 to 2022-06-21 04:05:00 ]
2022-07-16 06:44:02,785 read DBC from av [ 2022-07-15 17:00:00 to 2022-06-21 06:50:00 ]
2022-07-16 06:44:04,350 read GSG from av [ 2022-07-15 16:00:00 to 2022-06-21 04:05:00 ]
2022-07-16 06:44:05,032 read VTI from av [ 2022-07-15 19:10:00 to 2022-06-17 07:05:00 ]
2022-07-16 06:50:06,310 Time out ^RUT
2022-07-16 06:50:07,456 read FDN from av [ 2022-07-15 16:05:00 to 2022-06-21 09:35:00 ]
2022-07-16 06:50:08,191 read XLV from av [ 2022-07-15 19:50:00 to 2022-06-21 07:05:00 ]
2022-07-16 06:50:09,839 read IBB from av [ 2022-07-15 19:50:00 to 2022-06-21 07:05:00 ]
2022-07-16 06:50:11,473 read KRE from av [ 2022-07-15 16:55:00 to 2022-06-21 07:20:00 ]
2022-07-16 06:50:12,967 read KBE from av [ 2022-07-15 16:20:00 to 2022-06-21 09:35:00 ]
2022-07-16 06:50:13,784 read XLF from av [ 2022-07-15 20:00:00 to 2022-06-21 04:05:00 ]
2022-07-16 06:50:14,781 read XLP from av [ 2022-07-15 18:25:00 to 2022-06-21 04:05:00 ]
2022-07-16 06:50:15,568 read XLY from av [ 2022-07-15 17:20:00 to 2022-06-21 04:05:00 ]
2022-07-16 06:50:16,294 read VNQ from av [ 2022-07-15 16:15:00 to 2022-06-21 04:05:00 ]
2022-07-16 06:50:17,060 read XLB from av [ 2022-07-15 16:15:00 to 2022-06-21 04:15:00 ]
2022-07-16 06:50:17,953 read XLI from av [ 2022-07-15 16:55:00 to 2022-06-21 04:35:00 ]
2022-07-16 06:50:19,652 read KBWB from av [ 2022-07-15 16:05:00 to 2022-06-21 09:35:00 ]
2022-07-16 06:56:20,754 Time out TVIX
2022-07-16 07:02:23,554 Time out ^VVIX
2022-07-16 07:02:25,051 read VIXM from av [ 2022-07-15 16:20:00 to 2022-06-21 04:35:00 ]
2022-07-16 07:02:30,556 read VIXY from av [ 2022-07-15 20:00:00 to 2022-06-21 04:05:00 ]
2022-07-16 07:02:40,305 read VXX from av [ 2022-07-15 19:55:00 to 2022-06-21 04:05:00 ]
2022-07-16 07:02:51,389 read SVXY from av [ 2022-07-15 19:05:00 to 2022-06-21 04:05:00 ]
2022-07-16 07:02:56,854 read UVXY from av [ 2022-07-15 20:00:00 to 2022-06-21 04:05:00 ]
2022-07-16 07:03:01,115 read VIXY from av [ 2022-07-15 20:00:00 to 2022-06-21 04:05:00 ]
