2022-07-02 05:01:08,636 read QQQ from av [ 2022-07-01 20:00:00 to 2022-06-03 04:05:00 ]
2022-07-02 05:07:10,413 Time out ^VIX
2022-07-02 05:07:10,999 read FAS from av [ 2022-07-01 20:00:00 to 2022-06-03 07:50:00 ]
2022-07-02 05:07:11,890 read MIDU from av [ 2022-07-01 16:00:00 to 2022-06-06 09:35:00 ]
2022-07-02 05:07:12,675 read AAPL from av [ 2022-07-01 20:00:00 to 2022-06-03 04:05:00 ]
2022-07-02 05:07:13,855 read GOOG from av [ 2022-07-01 17:45:00 to 2022-06-03 07:20:00 ]
2022-07-02 05:13:15,085 Time out ^GSPC
2022-07-02 05:19:15,876 Time out ^DJI
2022-07-02 05:25:16,516 Time out ^TNX
2022-07-02 05:25:17,394 read MSFT from av [ 2022-07-01 20:00:00 to 2022-06-03 04:15:00 ]
2022-07-02 05:31:18,943 Time out ^VXGOG
2022-07-02 05:37:19,800 Time out ^VXAPL
2022-07-02 05:43:20,464 Time out ^VXGS
2022-07-02 05:49:21,190 Time out ^VXAZN
2022-07-02 05:55:21,920 Time out ^VXIBM
2022-07-02 05:55:22,198 read GS from av [ 2022-07-01 19:45:00 to 2022-06-06 07:10:00 ]
2022-07-02 05:55:23,128 read IBM from av [ 2022-07-01 18:00:00 to 2022-06-03 04:35:00 ]
2022-07-02 06:01:24,399 Time out FB
2022-07-02 06:07:25,109 Time out ^TYVIX
2022-07-02 06:07:25,650 read SPY from av [ 2022-07-01 20:00:00 to 2022-06-03 04:05:00 ]
2022-07-02 06:07:26,982 read GOOGL from av [ 2022-07-01 19:50:00 to 2022-06-03 07:05:00 ]
2022-07-02 06:07:27,941 read JPM from av [ 2022-07-01 20:00:00 to 2022-06-03 06:50:00 ]
2022-07-02 06:07:28,829 read JNJ from av [ 2022-07-01 19:45:00 to 2022-06-03 06:45:00 ]
2022-07-02 06:07:29,742 read BAC from av [ 2022-07-01 20:00:00 to 2022-06-06 04:15:00 ]
2022-07-02 06:07:30,708 read V from av [ 2022-07-01 19:40:00 to 2022-06-06 07:05:00 ]
2022-07-02 06:07:31,588 read WFC from av [ 2022-07-01 20:00:00 to 2022-06-03 04:15:00 ]
2022-07-02 06:07:32,581 read MA from av [ 2022-07-01 17:25:00 to 2022-06-06 07:05:00 ]
2022-07-02 06:07:33,417 read C from av [ 2022-07-01 20:00:00 to 2022-06-06 05:00:00 ]
2022-07-02 06:07:34,405 read PYPL from av [ 2022-07-01 20:00:00 to 2022-06-06 04:05:00 ]
2022-07-02 06:07:35,407 read OIL from av [ 2022-07-01 16:00:00 to 2022-06-06 09:10:00 ]
2022-07-02 06:13:36,175 Time out DX-Y.NYB
2022-07-02 06:13:36,553 read GLD from av [ 2022-07-01 19:45:00 to 2022-06-06 06:25:00 ]
2022-07-02 06:13:37,502 read UUP from av [ 2022-07-01 17:25:00 to 2022-06-06 07:20:00 ]
2022-07-02 06:13:39,080 read SHY from av [ 2022-07-01 16:40:00 to 2022-06-06 07:35:00 ]
2022-07-02 06:13:40,756 read SHV from av [ 2022-07-01 16:20:00 to 2022-06-06 09:35:00 ]
2022-07-02 06:13:42,555 read IEF from av [ 2022-07-01 16:50:00 to 2022-06-06 07:10:00 ]
2022-07-02 06:19:43,750 Time out ^IRX
2022-07-02 06:25:44,508 Time out ^FVX
2022-07-02 06:31:45,248 Time out ^TYX
2022-07-02 06:31:45,656 read SQQQ from av [ 2022-07-01 20:00:00 to 2022-06-03 04:05:00 ]
2022-07-02 06:31:47,199 read TQQQ from av [ 2022-07-01 20:00:00 to 2022-06-03 04:05:00 ]
2022-07-02 06:37:48,829 Time out ^VXX
2022-07-02 06:43:49,493 Time out ^VXZ
2022-07-02 06:43:50,818 read IYE from av [ 2022-07-01 16:00:00 to 2022-06-06 08:05:00 ]
2022-07-02 06:43:51,830 read IYY from av [ 2022-07-01 16:00:00 to 2022-06-06 09:35:00 ]
2022-07-02 06:43:52,938 read IYF from av [ 2022-07-01 16:00:00 to 2022-06-06 08:15:00 ]
2022-07-02 06:43:54,550 read IYR from av [ 2022-07-01 18:45:00 to 2022-06-06 09:35:00 ]
2022-07-02 06:43:56,049 read IYW from av [ 2022-07-01 16:00:00 to 2022-06-06 09:35:00 ]
2022-07-02 06:43:57,411 read IYT from av [ 2022-07-01 16:00:00 to 2022-06-06 09:35:00 ]
2022-07-02 06:43:58,796 read PEJ from av [ 2022-07-01 16:00:00 to 2022-06-06 09:30:00 ]
2022-07-02 06:43:59,722 read USO from av [ 2022-07-01 18:40:00 to 2022-06-06 04:05:00 ]
2022-07-02 06:44:02,263 read DBC from av [ 2022-07-01 16:10:00 to 2022-06-06 08:05:00 ]
2022-07-02 06:44:04,123 read GSG from av [ 2022-07-01 19:05:00 to 2022-06-06 06:45:00 ]
2022-07-02 06:44:04,799 read VTI from av [ 2022-07-01 19:35:00 to 2022-06-06 08:05:00 ]
2022-07-02 06:50:06,248 Time out ^RUT
2022-07-02 06:50:07,394 read FDN from av [ 2022-07-01 19:55:00 to 2022-06-06 09:35:00 ]
2022-07-02 06:50:08,332 read XLV from av [ 2022-07-01 16:05:00 to 2022-06-06 06:20:00 ]
2022-07-02 06:50:10,090 read IBB from av [ 2022-07-01 16:20:00 to 2022-06-06 04:45:00 ]
2022-07-02 06:50:11,973 read KRE from av [ 2022-07-01 16:15:00 to 2022-06-06 07:40:00 ]
2022-07-02 06:50:13,754 read KBE from av [ 2022-07-01 16:00:00 to 2022-06-06 09:30:00 ]
2022-07-02 06:50:14,501 read XLF from av [ 2022-07-01 20:00:00 to 2022-06-06 04:05:00 ]
2022-07-02 06:50:15,662 read XLP from av [ 2022-07-01 16:20:00 to 2022-06-06 07:55:00 ]
2022-07-02 06:50:16,364 read XLY from av [ 2022-07-01 18:20:00 to 2022-06-06 08:30:00 ]
2022-07-02 06:50:17,063 read VNQ from av [ 2022-07-01 16:55:00 to 2022-06-06 07:45:00 ]
2022-07-02 06:50:17,783 read XLB from av [ 2022-07-01 19:15:00 to 2022-06-06 09:30:00 ]
2022-07-02 06:52:18,709 read XLI from av [ 2022-07-01 16:10:00 to 2022-06-06 08:05:00 ]
2022-07-02 06:52:20,314 read KBWB from av [ 2022-07-01 16:05:00 to 2022-06-06 09:35:00 ]
2022-07-02 06:58:21,433 Time out TVIX
2022-07-02 07:04:22,173 Time out ^VVIX
2022-07-02 07:04:22,853 read VIXM from av [ 2022-07-01 16:00:00 to 2022-06-06 09:35:00 ]
2022-07-02 07:04:24,793 read VIXY from av [ 2022-07-01 19:55:00 to 2022-06-06 04:05:00 ]
2022-07-02 07:04:25,692 read VXX from av [ 2022-07-01 20:00:00 to 2022-06-06 04:05:00 ]
2022-07-02 07:04:27,923 read SVXY from av [ 2022-07-01 18:45:00 to 2022-06-06 04:05:00 ]
2022-07-02 07:04:31,095 read UVXY from av [ 2022-07-01 20:00:00 to 2022-06-06 04:05:00 ]
2022-07-02 07:04:32,730 read VIXY from av [ 2022-07-01 19:55:00 to 2022-06-06 04:05:00 ]
