2022-04-09 05:01:08,294 read QQQ from av [ 2022-04-08 20:00:00 to 2022-03-11 04:05:00 ]
2022-04-09 05:07:10,085 Time out ^VIX
2022-04-09 05:07:10,480 read FAS from av [ 2022-04-08 20:00:00 to 2022-03-14 04:05:00 ]
2022-04-09 05:07:11,333 read MIDU from av [ 2022-04-08 16:00:00 to 2022-03-14 09:35:00 ]
2022-04-09 05:07:11,948 read AAPL from av [ 2022-04-08 20:00:00 to 2022-03-11 04:05:00 ]
2022-04-09 05:07:13,155 read GOOG from av [ 2022-04-08 17:25:00 to 2022-03-11 05:40:00 ]
2022-04-09 05:13:14,545 Time out ^GSPC
2022-04-09 05:19:16,607 Time out ^DJI
2022-04-09 05:25:17,543 Time out ^TNX
2022-04-09 05:25:17,997 read MSFT from av [ 2022-04-08 20:00:00 to 2022-03-11 04:05:00 ]
2022-04-09 05:31:19,260 Time out ^VXGOG
2022-04-09 05:37:19,902 Time out ^VXAPL
2022-04-09 05:43:20,898 Time out ^VXGS
2022-04-09 05:49:21,913 Time out ^VXAZN
2022-04-09 05:55:23,343 Time out ^VXIBM
2022-04-09 05:55:23,611 read GS from av [ 2022-04-08 19:45:00 to 2022-03-14 04:55:00 ]
2022-04-09 05:55:24,486 read IBM from av [ 2022-04-08 19:55:00 to 2022-03-11 06:30:00 ]
2022-04-09 05:55:25,335 read FB from av [ 2022-04-08 20:00:00 to 2022-03-11 04:05:00 ]
2022-04-09 06:01:26,689 Time out ^TYVIX
2022-04-09 06:01:27,105 read SPY from av [ 2022-04-08 20:00:00 to 2022-03-11 04:05:00 ]
2022-04-09 06:01:28,214 read GOOGL from av [ 2022-04-08 17:50:00 to 2022-03-11 04:10:00 ]
2022-04-09 06:01:29,080 read JPM from av [ 2022-04-08 20:00:00 to 2022-03-14 04:05:00 ]
2022-04-09 06:01:29,953 read JNJ from av [ 2022-04-08 17:10:00 to 2022-03-14 04:45:00 ]
2022-04-09 06:01:30,900 read BAC from av [ 2022-04-08 20:00:00 to 2022-03-14 04:10:00 ]
2022-04-09 06:01:31,905 read V from av [ 2022-04-08 16:25:00 to 2022-03-14 05:50:00 ]
2022-04-09 06:01:32,823 read WFC from av [ 2022-04-08 20:00:00 to 2022-03-14 04:05:00 ]
2022-04-09 06:01:33,695 read MA from av [ 2022-04-08 17:15:00 to 2022-03-14 06:05:00 ]
2022-04-09 06:01:34,452 read C from av [ 2022-04-08 19:45:00 to 2022-03-14 04:35:00 ]
2022-04-09 06:01:35,468 read PYPL from av [ 2022-04-08 20:00:00 to 2022-03-11 04:30:00 ]
2022-04-09 06:01:36,847 read OIL from av [ 2022-04-08 16:00:00 to 2022-03-14 07:50:00 ]
2022-04-09 06:07:37,617 Time out DX-Y.NYB
2022-04-09 06:07:38,010 read GLD from av [ 2022-04-08 19:30:00 to 2022-03-14 04:05:00 ]
2022-04-09 06:07:39,761 read UUP from av [ 2022-04-08 16:05:00 to 2022-03-14 04:20:00 ]
2022-04-09 06:07:41,347 read SHY from av [ 2022-04-08 16:30:00 to 2022-03-14 07:05:00 ]
2022-04-09 06:07:42,949 read SHV from av [ 2022-04-08 16:10:00 to 2022-03-14 08:30:00 ]
2022-04-09 06:07:44,742 read IEF from av [ 2022-04-08 16:40:00 to 2022-03-14 08:00:00 ]
2022-04-09 06:13:45,792 Time out ^IRX
2022-04-09 06:19:46,418 Time out ^FVX
2022-04-09 06:25:47,098 Time out ^TYX
2022-04-09 06:25:47,512 read SQQQ from av [ 2022-04-08 20:00:00 to 2022-03-11 04:05:00 ]
2022-04-09 06:25:48,831 read TQQQ from av [ 2022-04-08 20:00:00 to 2022-03-11 04:05:00 ]
2022-04-09 06:31:50,543 Time out ^VXX
2022-04-09 06:37:51,173 Time out ^VXZ
2022-04-09 06:37:52,246 read IYE from av [ 2022-04-08 16:00:00 to 2022-03-14 07:20:00 ]
2022-04-09 06:37:53,056 read IYY from av [ 2022-04-08 16:00:00 to 2022-03-14 09:35:00 ]
2022-04-09 06:37:54,217 read IYF from av [ 2022-04-08 16:00:00 to 2022-03-14 09:30:00 ]
2022-04-09 06:37:55,823 read IYR from av [ 2022-04-08 16:35:00 to 2022-03-14 09:30:00 ]
2022-04-09 06:37:57,176 read IYW from av [ 2022-04-08 18:55:00 to 2022-03-14 08:05:00 ]
2022-04-09 06:37:58,340 read IYT from av [ 2022-04-08 16:00:00 to 2022-03-14 09:35:00 ]
2022-04-09 06:37:59,573 read PEJ from av [ 2022-04-08 16:00:00 to 2022-03-14 09:30:00 ]
2022-04-09 06:38:00,232 read USO from av [ 2022-04-08 20:00:00 to 2022-03-14 04:05:00 ]
2022-04-09 06:38:02,491 read DBC from av [ 2022-04-08 19:25:00 to 2022-03-14 04:15:00 ]
2022-04-09 06:38:04,140 read GSG from av [ 2022-04-08 17:30:00 to 2022-03-14 07:05:00 ]
2022-04-09 06:38:04,793 read VTI from av [ 2022-04-08 16:05:00 to 2022-03-14 07:05:00 ]
2022-04-09 06:44:06,541 Time out ^RUT
2022-04-09 06:44:06,892 read FDN from av [ 2022-04-08 16:00:00 to 2022-03-14 08:05:00 ]
2022-04-09 06:44:07,594 read XLV from av [ 2022-04-08 19:55:00 to 2022-03-14 04:40:00 ]
2022-04-09 06:44:09,325 read IBB from av [ 2022-04-08 16:20:00 to 2022-03-14 08:05:00 ]
2022-04-09 06:44:10,975 read KRE from av [ 2022-04-08 17:30:00 to 2022-03-14 04:25:00 ]
2022-04-09 06:44:13,025 read KBE from av [ 2022-04-08 16:40:00 to 2022-03-14 09:35:00 ]
2022-04-09 06:44:13,815 read XLF from av [ 2022-04-08 19:55:00 to 2022-03-14 04:05:00 ]
2022-04-09 06:44:14,705 read XLP from av [ 2022-04-08 18:50:00 to 2022-03-14 04:40:00 ]
2022-04-09 06:44:15,486 read XLY from av [ 2022-04-08 19:40:00 to 2022-03-14 07:20:00 ]
2022-04-09 06:44:17,242 read VNQ from av [ 2022-04-08 18:00:00 to 2022-03-14 04:10:00 ]
2022-04-09 06:44:17,936 read XLB from av [ 2022-04-08 17:00:00 to 2022-03-14 04:10:00 ]
2022-04-09 06:44:18,585 read XLI from av [ 2022-04-08 16:35:00 to 2022-03-14 04:15:00 ]
2022-04-09 06:44:20,105 read KBWB from av [ 2022-04-08 18:15:00 to 2022-03-14 09:35:00 ]
2022-04-09 06:50:21,221 Time out TVIX
2022-04-09 06:56:21,952 Time out ^VVIX
2022-04-09 06:56:22,478 read VIXM from av [ 2022-04-08 16:10:00 to 2022-03-14 09:35:00 ]
2022-04-09 06:56:24,212 read VIXY from av [ 2022-04-08 19:55:00 to 2022-03-14 04:05:00 ]
2022-04-09 06:56:26,503 read VXX from av [ 2022-04-08 20:00:00 to 2022-03-14 04:05:00 ]
2022-04-09 06:56:28,735 read SVXY from av [ 2022-04-08 19:45:00 to 2022-03-14 04:15:00 ]
2022-04-09 06:56:29,684 read UVXY from av [ 2022-04-08 20:00:00 to 2022-03-14 04:05:00 ]
2022-04-09 06:56:30,805 read VIXY from av [ 2022-04-08 19:55:00 to 2022-03-14 04:05:00 ]
