2022-01-08 05:01:07,608 read QQQ from av [ 2022-01-07 20:00:00 to 2021-12-10 04:05:00 ]
2022-01-08 05:07:09,043 Time out ^VIX
2022-01-08 05:07:10,601 read FAS from av [ 2022-01-07 20:00:00 to 2021-12-13 04:10:00 ]
2022-01-08 05:07:11,647 read MIDU from av [ 2022-01-07 17:40:00 to 2021-12-13 07:20:00 ]
2022-01-08 05:07:12,704 read AAPL from av [ 2022-01-07 20:00:00 to 2021-12-10 04:05:00 ]
2022-01-08 05:07:13,678 read GOOG from av [ 2022-01-07 16:55:00 to 2021-12-10 08:05:00 ]
2022-01-08 05:13:14,710 Time out ^GSPC
2022-01-08 05:19:15,480 Time out ^DJI
2022-01-08 05:25:16,066 Time out ^TNX
2022-01-08 05:25:16,757 read MSFT from av [ 2022-01-07 20:00:00 to 2021-12-10 04:05:00 ]
2022-01-08 05:31:18,202 Time out ^VXGOG
2022-01-08 05:37:18,873 Time out ^VXAPL
2022-01-08 05:43:19,625 Time out ^VXGS
2022-01-08 05:49:20,263 Time out ^VXAZN
2022-01-08 05:55:21,047 Time out ^VXIBM
2022-01-08 05:55:21,366 read GS from av [ 2022-01-07 20:00:00 to 2021-12-10 08:05:00 ]
2022-01-08 05:55:22,325 read IBM from av [ 2022-01-07 19:20:00 to 2021-12-10 07:05:00 ]
2022-01-08 05:55:23,197 read FB from av [ 2022-01-07 20:00:00 to 2021-12-10 04:05:00 ]
2022-01-08 06:01:24,552 Time out ^TYVIX
2022-01-08 06:01:25,285 read SPY from av [ 2022-01-07 20:00:00 to 2021-12-10 04:05:00 ]
2022-01-08 06:01:26,279 read GOOGL from av [ 2022-01-07 17:00:00 to 2021-12-10 08:15:00 ]
2022-01-08 06:01:27,319 read JPM from av [ 2022-01-07 20:00:00 to 2021-12-10 04:05:00 ]
2022-01-08 06:01:28,091 read JNJ from av [ 2022-01-07 19:55:00 to 2021-12-13 07:45:00 ]
2022-01-08 06:01:29,134 read BAC from av [ 2022-01-07 20:00:00 to 2021-12-13 04:05:00 ]
2022-01-08 06:01:30,279 read V from av [ 2022-01-07 19:05:00 to 2021-12-13 04:55:00 ]
2022-01-08 06:01:31,314 read WFC from av [ 2022-01-07 20:00:00 to 2021-12-13 04:05:00 ]
2022-01-08 06:01:32,243 read MA from av [ 2022-01-07 19:00:00 to 2021-12-13 04:05:00 ]
2022-01-08 06:01:33,392 read C from av [ 2022-01-07 20:00:00 to 2021-12-10 04:25:00 ]
2022-01-08 06:01:34,452 read PYPL from av [ 2022-01-07 19:55:00 to 2021-12-10 04:05:00 ]
2022-01-08 06:01:35,406 read OIL from av [ 2022-01-07 16:00:00 to 2021-12-13 09:35:00 ]
2022-01-08 06:07:36,174 Time out DX-Y.NYB
2022-01-08 06:07:36,529 read GLD from av [ 2022-01-07 17:55:00 to 2021-12-13 04:05:00 ]
2022-01-08 06:07:38,073 read UUP from av [ 2022-01-07 16:30:00 to 2021-12-13 08:40:00 ]
2022-01-08 06:07:39,694 read SHY from av [ 2022-01-07 17:05:00 to 2021-12-13 04:55:00 ]
2022-01-08 06:07:41,346 read SHV from av [ 2022-01-07 16:10:00 to 2021-12-13 09:35:00 ]
2022-01-08 06:07:43,230 read IEF from av [ 2022-01-07 19:40:00 to 2021-12-13 04:20:00 ]
2022-01-08 06:13:44,275 Time out ^IRX
2022-01-08 06:19:44,931 Time out ^FVX
2022-01-08 06:25:45,743 Time out ^TYX
2022-01-08 06:25:48,518 read SQQQ from av [ 2022-01-07 20:00:00 to 2021-12-13 04:05:00 ]
2022-01-08 06:25:49,885 read TQQQ from av [ 2022-01-07 20:00:00 to 2021-12-13 04:05:00 ]
2022-01-08 06:31:51,265 Time out ^VXX
2022-01-08 06:37:51,912 Time out ^VXZ
2022-01-08 06:37:53,299 read IYE from av [ 2022-01-07 19:35:00 to 2021-12-13 07:05:00 ]
2022-01-08 06:37:54,229 read IYY from av [ 2022-01-07 16:00:00 to 2021-12-13 09:35:00 ]
2022-01-08 06:37:55,718 read IYF from av [ 2022-01-07 16:00:00 to 2021-12-13 09:35:00 ]
2022-01-08 06:37:57,235 read IYR from av [ 2022-01-07 19:00:00 to 2021-12-13 04:05:00 ]
2022-01-08 06:37:58,622 read IYW from av [ 2022-01-07 16:00:00 to 2021-12-13 09:20:00 ]
2022-01-08 06:37:59,891 read IYT from av [ 2022-01-07 16:00:00 to 2021-12-13 07:30:00 ]
2022-01-08 06:38:01,097 read PEJ from av [ 2022-01-07 16:00:00 to 2021-12-13 08:45:00 ]
2022-01-08 06:38:01,837 read USO from av [ 2022-01-07 17:10:00 to 2021-12-13 06:15:00 ]
2022-01-08 06:38:03,872 read DBC from av [ 2022-01-07 18:25:00 to 2021-12-13 04:05:00 ]
2022-01-08 06:38:05,261 read GSG from av [ 2022-01-07 18:40:00 to 2021-12-13 07:05:00 ]
2022-01-08 06:38:06,159 read VTI from av [ 2022-01-07 17:45:00 to 2021-12-13 04:05:00 ]
2022-01-08 06:44:07,138 Time out ^RUT
2022-01-08 06:44:08,087 read FDN from av [ 2022-01-07 16:05:00 to 2021-12-13 09:35:00 ]
2022-01-08 06:44:08,766 read XLV from av [ 2022-01-07 19:40:00 to 2021-12-13 06:05:00 ]
2022-01-08 06:44:10,428 read IBB from av [ 2022-01-07 18:25:00 to 2021-12-13 06:20:00 ]
2022-01-08 06:44:12,552 read KRE from av [ 2022-01-07 20:00:00 to 2021-12-13 07:20:00 ]
2022-01-08 06:44:14,449 read KBE from av [ 2022-01-07 19:55:00 to 2021-12-13 09:15:00 ]
2022-01-08 06:44:15,221 read XLF from av [ 2022-01-07 20:00:00 to 2021-12-13 04:10:00 ]
2022-01-08 06:44:16,144 read XLP from av [ 2022-01-07 19:55:00 to 2021-12-13 05:15:00 ]
2022-01-08 06:44:16,812 read XLY from av [ 2022-01-07 17:45:00 to 2021-12-13 04:35:00 ]
2022-01-08 06:44:18,383 read VNQ from av [ 2022-01-07 19:50:00 to 2021-12-13 07:40:00 ]
2022-01-08 06:44:19,194 read XLB from av [ 2022-01-07 17:05:00 to 2021-12-13 08:05:00 ]
2022-01-08 06:44:20,099 read XLI from av [ 2022-01-07 19:55:00 to 2021-12-13 06:05:00 ]
2022-01-08 06:44:21,686 read KBWB from av [ 2022-01-07 17:35:00 to 2021-12-13 09:20:00 ]
2022-01-08 06:50:22,736 Time out TVIX
2022-01-08 06:56:23,553 Time out ^VVIX
2022-01-08 06:56:24,136 read VIXM from av [ 2022-01-07 16:00:00 to 2021-12-13 09:25:00 ]
2022-01-08 06:56:24,685 read VIXY from av [ 2022-01-07 19:55:00 to 2021-12-13 04:05:00 ]
2022-01-08 06:56:27,408 read VXX from av [ 2022-01-07 20:00:00 to 2021-12-13 04:05:00 ]
2022-01-08 06:56:29,879 read SVXY from av [ 2022-01-07 18:50:00 to 2021-12-13 04:05:00 ]
2022-01-08 06:56:32,982 read UVXY from av [ 2022-01-07 20:00:00 to 2021-12-13 04:05:00 ]
2022-01-08 06:56:33,950 read VIXY from av [ 2022-01-07 19:55:00 to 2021-12-13 04:05:00 ]
