2022-10-15 05:01:08,697 read QQQ from av [ 2022-10-14 20:00:00 to 2022-09-16 04:05:00 ]
2022-10-15 05:07:09,418 Time out ^VIX
2022-10-15 05:07:10,856 read FAS from av [ 2022-10-14 19:40:00 to 2022-09-19 07:50:00 ]
2022-10-15 05:07:11,301 read MIDU from av [ 2022-10-14 16:00:00 to 2022-09-19 08:05:00 ]
2022-10-15 05:07:11,813 read AAPL from av [ 2022-10-14 20:00:00 to 2022-09-16 04:05:00 ]
2022-10-15 05:07:12,240 read GOOG from av [ 2022-10-14 20:00:00 to 2022-09-19 04:05:00 ]
2022-10-15 05:13:12,841 Time out ^GSPC
2022-10-15 05:19:13,643 Time out ^DJI
2022-10-15 05:25:14,252 Time out ^TNX
2022-10-15 05:25:14,624 read MSFT from av [ 2022-10-14 20:00:00 to 2022-09-16 04:05:00 ]
2022-10-15 05:31:15,434 Time out ^VXGOG
2022-10-15 05:37:16,225 Time out ^VXAPL
2022-10-15 05:43:16,945 Time out ^VXGS
2022-10-15 05:49:17,653 Time out ^VXAZN
2022-10-15 05:55:18,245 Time out ^VXIBM
2022-10-15 05:55:18,624 read GS from av [ 2022-10-14 18:50:00 to 2022-09-19 04:05:00 ]
2022-10-15 05:55:18,972 read IBM from av [ 2022-10-14 18:55:00 to 2022-09-16 07:05:00 ]
2022-10-15 06:01:19,643 Time out FB
2022-10-15 06:07:20,221 Time out ^TYVIX
2022-10-15 06:07:20,749 read SPY from av [ 2022-10-14 20:00:00 to 2022-09-16 04:05:00 ]
2022-10-15 06:07:21,190 read GOOGL from av [ 2022-10-14 20:00:00 to 2022-09-16 04:05:00 ]
2022-10-15 06:07:21,600 read JPM from av [ 2022-10-14 20:00:00 to 2022-09-16 07:20:00 ]
2022-10-15 06:07:21,940 read JNJ from av [ 2022-10-14 19:55:00 to 2022-09-16 07:05:00 ]
2022-10-15 06:07:22,319 read BAC from av [ 2022-10-14 20:00:00 to 2022-09-16 04:25:00 ]
2022-10-15 06:07:22,750 read V from av [ 2022-10-14 19:55:00 to 2022-09-19 05:05:00 ]
2022-10-15 06:07:23,124 read WFC from av [ 2022-10-14 20:00:00 to 2022-09-19 06:05:00 ]
2022-10-15 06:07:23,423 read MA from av [ 2022-10-14 17:15:00 to 2022-09-19 04:50:00 ]
2022-10-15 06:07:23,753 read C from av [ 2022-10-14 20:00:00 to 2022-09-19 05:10:00 ]
2022-10-15 06:07:24,115 read PYPL from av [ 2022-10-14 20:00:00 to 2022-09-19 04:05:00 ]
2022-10-15 06:07:24,624 read OIL from av [ 2022-10-14 16:00:00 to 2022-09-19 07:05:00 ]
2022-10-15 06:13:25,411 Time out DX-Y.NYB
2022-10-15 06:13:25,732 read GLD from av [ 2022-10-14 18:45:00 to 2022-09-19 04:10:00 ]
2022-10-15 06:13:27,079 read UUP from av [ 2022-10-14 18:00:00 to 2022-09-19 07:20:00 ]
2022-10-15 06:13:28,585 read SHY from av [ 2022-10-14 20:00:00 to 2022-09-19 04:35:00 ]
2022-10-15 06:13:29,789 read SHV from av [ 2022-10-14 16:00:00 to 2022-09-19 07:15:00 ]
2022-10-15 06:13:31,229 read IEF from av [ 2022-10-14 17:05:00 to 2022-09-19 07:45:00 ]
2022-10-15 06:19:31,898 Time out ^IRX
2022-10-15 06:25:32,542 Time out ^FVX
2022-10-15 06:31:33,154 Time out ^TYX
2022-10-15 06:31:33,547 read SQQQ from av [ 2022-10-14 20:00:00 to 2022-09-16 04:05:00 ]
2022-10-15 06:31:34,464 read TQQQ from av [ 2022-10-14 20:00:00 to 2022-09-16 04:05:00 ]
2022-10-15 06:37:35,255 Time out ^VXX
2022-10-15 06:43:35,944 Time out ^VXZ
2022-10-15 06:43:37,225 read IYE from av [ 2022-10-14 16:00:00 to 2022-09-19 08:50:00 ]
2022-10-15 06:43:37,732 read IYY from av [ 2022-10-14 16:00:00 to 2022-09-19 09:35:00 ]
2022-10-15 06:43:38,618 read IYF from av [ 2022-10-14 16:00:00 to 2022-09-19 08:05:00 ]
2022-10-15 06:43:39,911 read IYR from av [ 2022-10-14 17:00:00 to 2022-09-19 09:30:00 ]
2022-10-15 06:43:41,002 read IYW from av [ 2022-10-14 16:05:00 to 2022-09-19 09:30:00 ]
2022-10-15 06:43:41,303 read IYT from av [ 2022-10-14 16:00:00 to 2022-09-19 09:35:00 ]
2022-10-15 06:43:41,967 read PEJ from av [ 2022-10-14 16:00:00 to 2022-09-19 09:30:00 ]
2022-10-15 06:43:42,326 read USO from av [ 2022-10-14 20:00:00 to 2022-09-19 04:05:00 ]
2022-10-15 06:43:43,601 read DBC from av [ 2022-10-14 16:00:00 to 2022-09-19 07:05:00 ]
2022-10-15 06:43:44,805 read GSG from av [ 2022-10-14 16:00:00 to 2022-09-19 07:35:00 ]
2022-10-15 06:43:45,172 read VTI from av [ 2022-10-14 19:55:00 to 2022-09-19 06:00:00 ]
2022-10-15 06:49:45,914 Time out ^RUT
2022-10-15 06:49:46,249 read FDN from av [ 2022-10-14 16:00:00 to 2022-09-19 09:30:00 ]
2022-10-15 06:49:46,645 read XLV from av [ 2022-10-14 19:00:00 to 2022-09-19 04:05:00 ]
2022-10-15 06:49:47,025 read IBB from av [ 2022-10-14 16:05:00 to 2022-09-19 07:10:00 ]
2022-10-15 06:49:47,343 read KRE from av [ 2022-10-14 17:50:00 to 2022-09-19 04:05:00 ]
2022-10-15 06:49:48,642 read KBE from av [ 2022-10-14 16:00:00 to 2022-09-19 09:35:00 ]
2022-10-15 06:49:49,198 read XLF from av [ 2022-10-14 20:00:00 to 2022-09-19 04:05:00 ]
2022-10-15 06:49:49,543 read XLP from av [ 2022-10-14 17:20:00 to 2022-09-19 06:40:00 ]
2022-10-15 06:49:49,901 read XLY from av [ 2022-10-14 17:20:00 to 2022-09-19 08:10:00 ]
2022-10-15 06:49:50,197 read VNQ from av [ 2022-10-14 18:00:00 to 2022-09-19 07:00:00 ]
2022-10-15 06:49:50,493 read XLB from av [ 2022-10-14 16:05:00 to 2022-09-19 04:05:00 ]
2022-10-15 06:49:50,792 read XLI from av [ 2022-10-14 19:55:00 to 2022-09-19 07:05:00 ]
2022-10-15 06:49:51,819 read KBWB from av [ 2022-10-14 19:50:00 to 2022-09-19 09:35:00 ]
2022-10-15 06:55:52,608 Time out TVIX
2022-10-15 07:01:53,205 Time out ^VVIX
2022-10-15 07:01:53,656 read VIXM from av [ 2022-10-14 16:00:00 to 2022-09-19 09:35:00 ]
2022-10-15 07:01:55,268 read VIXY from av [ 2022-10-14 19:45:00 to 2022-09-19 04:05:00 ]
2022-10-15 07:01:55,679 read VXX from av [ 2022-10-14 19:25:00 to 2022-09-16 04:20:00 ]
2022-10-15 07:01:57,041 read SVXY from av [ 2022-10-14 18:40:00 to 2022-09-19 04:05:00 ]
2022-10-15 07:01:57,541 read UVXY from av [ 2022-10-14 20:00:00 to 2022-09-19 04:05:00 ]
2022-10-15 07:01:58,000 read VIXY from av [ 2022-10-14 19:45:00 to 2022-09-19 04:05:00 ]
