2022-08-06 05:01:09,712 read QQQ from av [ 2022-08-05 20:00:00 to 2022-07-08 04:05:00 ]
2022-08-06 05:07:11,962 Time out ^VIX
2022-08-06 05:07:13,260 read FAS from av [ 2022-08-05 19:45:00 to 2022-07-11 07:45:00 ]
2022-08-06 05:07:14,336 read MIDU from av [ 2022-08-05 16:00:00 to 2022-07-11 09:45:00 ]
2022-08-06 05:07:15,238 read AAPL from av [ 2022-08-05 20:00:00 to 2022-07-08 04:05:00 ]
2022-08-06 05:07:16,846 read GOOG from av [ 2022-08-05 20:00:00 to 2022-07-08 08:20:00 ]
2022-08-06 05:13:18,266 Time out ^GSPC
2022-08-06 05:19:19,065 Time out ^DJI
2022-08-06 05:25:19,947 Time out ^TNX
2022-08-06 05:25:20,619 read MSFT from av [ 2022-08-05 20:00:00 to 2022-07-08 04:05:00 ]
2022-08-06 05:31:22,428 Time out ^VXGOG
2022-08-06 05:37:23,195 Time out ^VXAPL
2022-08-06 05:43:23,848 Time out ^VXGS
2022-08-06 05:49:24,626 Time out ^VXAZN
2022-08-06 05:55:25,323 Time out ^VXIBM
2022-08-06 05:55:25,680 read GS from av [ 2022-08-05 18:15:00 to 2022-07-08 08:05:00 ]
2022-08-06 05:55:26,870 read IBM from av [ 2022-08-05 19:50:00 to 2022-07-08 04:45:00 ]
2022-08-06 06:01:28,574 Time out FB
2022-08-06 06:07:29,352 Time out ^TYVIX
2022-08-06 06:07:29,823 read SPY from av [ 2022-08-05 20:00:00 to 2022-07-08 04:05:00 ]
2022-08-06 06:07:31,381 read GOOGL from av [ 2022-08-05 20:00:00 to 2022-07-08 04:30:00 ]
2022-08-06 06:07:32,389 read JPM from av [ 2022-08-05 20:00:00 to 2022-07-08 07:05:00 ]
2022-08-06 06:07:33,458 read JNJ from av [ 2022-08-05 19:10:00 to 2022-07-08 08:50:00 ]
2022-08-06 06:07:34,495 read BAC from av [ 2022-08-05 20:00:00 to 2022-07-08 04:05:00 ]
2022-08-06 06:07:35,748 read V from av [ 2022-08-05 19:30:00 to 2022-07-08 08:05:00 ]
2022-08-06 06:07:37,026 read WFC from av [ 2022-08-05 19:55:00 to 2022-07-11 04:05:00 ]
2022-08-06 06:07:38,194 read MA from av [ 2022-08-05 20:00:00 to 2022-07-11 09:30:00 ]
2022-08-06 06:07:39,268 read C from av [ 2022-08-05 20:00:00 to 2022-07-08 04:40:00 ]
2022-08-06 06:07:40,738 read PYPL from av [ 2022-08-05 19:55:00 to 2022-07-11 05:30:00 ]
2022-08-06 06:07:41,936 read OIL from av [ 2022-08-05 16:00:00 to 2022-07-11 08:05:00 ]
2022-08-06 06:13:42,836 Time out DX-Y.NYB
2022-08-06 06:13:43,369 read GLD from av [ 2022-08-05 19:25:00 to 2022-07-11 04:10:00 ]
2022-08-06 06:13:45,530 read UUP from av [ 2022-08-05 16:20:00 to 2022-07-11 05:50:00 ]
2022-08-06 06:13:47,211 read SHY from av [ 2022-08-05 16:50:00 to 2022-07-11 07:55:00 ]
2022-08-06 06:13:48,936 read SHV from av [ 2022-08-05 16:00:00 to 2022-07-11 09:35:00 ]
2022-08-06 06:13:50,862 read IEF from av [ 2022-08-05 17:50:00 to 2022-07-11 08:30:00 ]
2022-08-06 06:19:52,148 Time out ^IRX
2022-08-06 06:25:52,939 Time out ^FVX
2022-08-06 06:31:53,641 Time out ^TYX
2022-08-06 06:31:54,420 read SQQQ from av [ 2022-08-05 20:00:00 to 2022-07-08 04:05:00 ]
2022-08-06 06:31:55,990 read TQQQ from av [ 2022-08-05 20:00:00 to 2022-07-08 04:05:00 ]
2022-08-06 06:37:57,743 Time out ^VXX
2022-08-06 06:43:58,427 Time out ^VXZ
2022-08-06 06:43:59,651 read IYE from av [ 2022-08-05 16:00:00 to 2022-07-11 09:30:00 ]
2022-08-06 06:44:00,677 read IYY from av [ 2022-08-05 18:50:00 to 2022-07-11 09:35:00 ]
2022-08-06 06:44:01,991 read IYF from av [ 2022-08-05 16:00:00 to 2022-07-11 08:55:00 ]
2022-08-06 06:44:04,085 read IYR from av [ 2022-08-05 16:35:00 to 2022-07-11 09:35:00 ]
2022-08-06 06:44:05,701 read IYW from av [ 2022-08-05 16:00:00 to 2022-07-11 09:35:00 ]
2022-08-06 06:44:07,075 read IYT from av [ 2022-08-05 19:00:00 to 2022-07-11 09:35:00 ]
2022-08-06 06:44:08,659 read PEJ from av [ 2022-08-05 16:00:00 to 2022-07-11 09:30:00 ]
2022-08-06 06:44:09,496 read USO from av [ 2022-08-05 19:15:00 to 2022-07-11 04:05:00 ]
2022-08-06 06:44:11,592 read DBC from av [ 2022-08-05 16:00:00 to 2022-07-11 04:05:00 ]
2022-08-06 06:44:13,181 read GSG from av [ 2022-08-05 17:15:00 to 2022-07-11 04:05:00 ]
2022-08-06 06:44:13,932 read VTI from av [ 2022-08-05 19:55:00 to 2022-07-08 04:10:00 ]
2022-08-06 06:50:15,243 Time out ^RUT
2022-08-06 06:50:16,831 read FDN from av [ 2022-08-05 16:00:00 to 2022-07-11 09:35:00 ]
2022-08-06 06:50:17,677 read XLV from av [ 2022-08-05 18:00:00 to 2022-07-11 07:05:00 ]
2022-08-06 06:50:20,269 read IBB from av [ 2022-08-05 19:20:00 to 2022-07-11 07:05:00 ]
2022-08-06 06:50:22,449 read KRE from av [ 2022-08-05 16:55:00 to 2022-07-11 07:45:00 ]
2022-08-06 06:50:24,318 read KBE from av [ 2022-08-05 16:40:00 to 2022-07-11 09:30:00 ]
2022-08-06 06:50:25,318 read XLF from av [ 2022-08-05 20:00:00 to 2022-07-11 04:05:00 ]
2022-08-06 06:50:26,827 read XLP from av [ 2022-08-05 16:40:00 to 2022-07-11 06:20:00 ]
2022-08-06 06:50:27,840 read XLY from av [ 2022-08-05 17:00:00 to 2022-07-11 08:45:00 ]
2022-08-06 06:50:29,019 read VNQ from av [ 2022-08-05 16:35:00 to 2022-07-11 09:35:00 ]
2022-08-06 06:50:29,880 read XLB from av [ 2022-08-05 16:55:00 to 2022-07-11 08:15:00 ]
2022-08-06 06:50:30,878 read XLI from av [ 2022-08-05 16:35:00 to 2022-07-11 08:05:00 ]
2022-08-06 06:52:32,988 read KBWB from av [ 2022-08-05 16:05:00 to 2022-07-11 09:35:00 ]
2022-08-06 06:58:34,327 Time out TVIX
2022-08-06 07:04:35,054 Time out ^VVIX
2022-08-06 07:04:35,590 read VIXM from av [ 2022-08-05 16:55:00 to 2022-07-11 09:35:00 ]
2022-08-06 07:04:37,813 read VIXY from av [ 2022-08-05 20:00:00 to 2022-07-11 04:05:00 ]
2022-08-06 07:04:39,404 read VXX from av [ 2022-08-05 19:55:00 to 2022-07-11 04:15:00 ]
2022-08-06 07:04:41,827 read SVXY from av [ 2022-08-05 16:25:00 to 2022-07-11 04:15:00 ]
2022-08-06 07:04:43,281 read UVXY from av [ 2022-08-05 20:00:00 to 2022-07-11 04:05:00 ]
2022-08-06 07:04:44,646 read VIXY from av [ 2022-08-05 20:00:00 to 2022-07-11 04:05:00 ]
