2022-02-12 05:01:06,372 read QQQ from av [ 2022-02-11 20:00:00 to 2022-01-14 04:05:00 ]
2022-02-12 05:07:09,792 Time out ^VIX
2022-02-12 05:07:11,154 read FAS from av [ 2022-02-11 19:20:00 to 2022-01-18 04:05:00 ]
2022-02-12 05:07:12,032 read MIDU from av [ 2022-02-11 16:00:00 to 2022-01-18 09:35:00 ]
2022-02-12 05:07:12,607 read AAPL from av [ 2022-02-11 20:00:00 to 2022-01-14 04:05:00 ]
2022-02-12 05:07:13,635 read GOOG from av [ 2022-02-11 19:50:00 to 2022-01-14 07:05:00 ]
2022-02-12 05:13:14,584 Time out ^GSPC
2022-02-12 05:19:15,206 Time out ^DJI
2022-02-12 05:25:16,530 Time out ^TNX
2022-02-12 05:25:16,927 read MSFT from av [ 2022-02-11 20:00:00 to 2022-01-14 04:05:00 ]
2022-02-12 05:31:18,038 Time out ^VXGOG
2022-02-12 05:37:18,478 Time out ^VXAPL
2022-02-12 05:43:19,151 Time out ^VXGS
2022-02-12 05:49:19,769 Time out ^VXAZN
2022-02-12 05:55:21,300 Time out ^VXIBM
2022-02-12 05:55:21,563 read GS from av [ 2022-02-11 19:50:00 to 2022-01-18 04:10:00 ]
2022-02-12 05:55:22,203 read IBM from av [ 2022-02-11 17:05:00 to 2022-01-14 06:35:00 ]
2022-02-12 05:55:22,981 read FB from av [ 2022-02-11 20:00:00 to 2022-01-14 04:10:00 ]
2022-02-12 06:01:24,117 Time out ^TYVIX
2022-02-12 06:01:24,561 read SPY from av [ 2022-02-11 20:00:00 to 2022-01-14 04:05:00 ]
2022-02-12 06:01:25,432 read GOOGL from av [ 2022-02-11 19:35:00 to 2022-01-14 08:05:00 ]
2022-02-12 06:01:26,146 read JPM from av [ 2022-02-11 20:00:00 to 2022-01-14 04:20:00 ]
2022-02-12 06:01:26,825 read JNJ from av [ 2022-02-11 19:00:00 to 2022-01-18 04:05:00 ]
2022-02-12 06:01:27,617 read BAC from av [ 2022-02-11 20:00:00 to 2022-01-18 04:05:00 ]
2022-02-12 06:01:28,442 read V from av [ 2022-02-11 19:45:00 to 2022-01-14 06:50:00 ]
2022-02-12 06:01:29,107 read WFC from av [ 2022-02-11 20:00:00 to 2022-01-18 04:05:00 ]
2022-02-12 06:01:29,825 read MA from av [ 2022-02-11 17:30:00 to 2022-01-18 05:40:00 ]
2022-02-12 06:01:30,483 read C from av [ 2022-02-11 20:00:00 to 2022-01-18 04:05:00 ]
2022-02-12 06:01:31,334 read PYPL from av [ 2022-02-11 20:00:00 to 2022-01-14 05:00:00 ]
2022-02-12 06:01:31,944 read OIL from av [ 2022-02-11 20:00:00 to 2022-01-18 09:25:00 ]
2022-02-12 06:07:32,707 Time out DX-Y.NYB
2022-02-12 06:07:33,045 read GLD from av [ 2022-02-11 20:00:00 to 2022-01-18 04:05:00 ]
2022-02-12 06:07:34,581 read UUP from av [ 2022-02-11 18:35:00 to 2022-01-18 07:05:00 ]
2022-02-12 06:07:36,179 read SHY from av [ 2022-02-11 17:15:00 to 2022-01-18 04:20:00 ]
2022-02-12 06:07:36,716 read SHV from av [ 2022-02-11 18:30:00 to 2022-01-18 07:20:00 ]
2022-02-12 06:07:38,358 read IEF from av [ 2022-02-11 16:50:00 to 2022-01-18 06:20:00 ]
2022-02-12 06:13:39,292 Time out ^IRX
2022-02-12 06:19:39,992 Time out ^FVX
2022-02-12 06:25:40,617 Time out ^TYX
2022-02-12 06:25:40,967 read SQQQ from av [ 2022-02-11 20:00:00 to 2022-01-14 04:05:00 ]
2022-02-12 06:25:41,908 read TQQQ from av [ 2022-02-11 20:00:00 to 2022-01-14 04:05:00 ]
2022-02-12 06:31:43,075 Time out ^VXX
2022-02-12 06:37:43,688 Time out ^VXZ
2022-02-12 06:37:45,177 read IYE from av [ 2022-02-11 16:00:00 to 2022-01-18 07:05:00 ]
2022-02-12 06:37:46,518 read IYY from av [ 2022-02-11 16:00:00 to 2022-01-18 07:05:00 ]
2022-02-12 06:37:48,066 read IYF from av [ 2022-02-11 16:00:00 to 2022-01-18 08:15:00 ]
2022-02-12 06:37:49,655 read IYR from av [ 2022-02-11 16:15:00 to 2022-01-18 09:30:00 ]
2022-02-12 06:37:51,071 read IYW from av [ 2022-02-11 16:00:00 to 2022-01-18 04:20:00 ]
2022-02-12 06:37:52,232 read IYT from av [ 2022-02-11 16:00:00 to 2022-01-18 09:35:00 ]
2022-02-12 06:37:53,326 read PEJ from av [ 2022-02-11 19:50:00 to 2022-01-18 08:20:00 ]
2022-02-12 06:37:53,916 read USO from av [ 2022-02-11 20:00:00 to 2022-01-18 04:05:00 ]
2022-02-12 06:37:55,576 read DBC from av [ 2022-02-11 18:00:00 to 2022-01-18 04:05:00 ]
2022-02-12 06:37:57,091 read GSG from av [ 2022-02-11 18:10:00 to 2022-01-18 07:40:00 ]
2022-02-12 06:37:57,670 read VTI from av [ 2022-02-11 19:40:00 to 2022-01-18 07:05:00 ]
2022-02-12 06:43:58,543 Time out ^RUT
2022-02-12 06:43:59,546 read FDN from av [ 2022-02-11 16:00:00 to 2022-01-18 07:05:00 ]
2022-02-12 06:44:00,074 read XLV from av [ 2022-02-11 19:05:00 to 2022-01-18 05:05:00 ]
2022-02-12 06:44:01,685 read IBB from av [ 2022-02-11 16:50:00 to 2022-01-18 09:20:00 ]
2022-02-12 06:44:03,471 read KRE from av [ 2022-02-11 18:00:00 to 2022-01-18 04:20:00 ]
2022-02-12 06:44:05,243 read KBE from av [ 2022-02-11 16:20:00 to 2022-01-18 07:10:00 ]
2022-02-12 06:44:05,841 read XLF from av [ 2022-02-11 20:00:00 to 2022-01-18 04:05:00 ]
2022-02-12 06:44:06,555 read XLP from av [ 2022-02-11 16:00:00 to 2022-01-18 04:05:00 ]
2022-02-12 06:44:07,090 read XLY from av [ 2022-02-11 17:20:00 to 2022-01-18 07:25:00 ]
2022-02-12 06:44:07,798 read VNQ from av [ 2022-02-11 19:15:00 to 2022-01-18 05:05:00 ]
2022-02-12 06:44:08,308 read XLB from av [ 2022-02-11 18:30:00 to 2022-01-18 04:10:00 ]
2022-02-12 06:44:08,869 read XLI from av [ 2022-02-11 17:00:00 to 2022-01-18 07:00:00 ]
2022-02-12 06:44:10,359 read KBWB from av [ 2022-02-11 16:15:00 to 2022-01-18 08:05:00 ]
2022-02-12 06:50:12,027 Time out TVIX
2022-02-12 06:56:14,403 Time out ^VVIX
2022-02-12 06:56:15,499 read VIXM from av [ 2022-02-11 16:25:00 to 2022-01-18 09:35:00 ]
2022-02-12 06:56:18,157 read VIXY from av [ 2022-02-11 20:00:00 to 2022-01-18 04:05:00 ]
2022-02-12 06:56:19,000 read VXX from av [ 2022-02-11 20:00:00 to 2022-01-18 04:05:00 ]
2022-02-12 06:56:21,340 read SVXY from av [ 2022-02-11 20:00:00 to 2022-01-18 04:05:00 ]
2022-02-12 06:56:22,107 read UVXY from av [ 2022-02-11 20:00:00 to 2022-01-18 04:05:00 ]
2022-02-12 06:56:22,956 read VIXY from av [ 2022-02-11 20:00:00 to 2022-01-18 04:05:00 ]
