2022-12-31 10:01:06,941 read QQQ from av [ 2022-12-30 20:00:00 to 2022-12-02 04:05:00 ]
2022-12-31 10:07:07,936 Time out ^VIX
2022-12-31 10:07:08,168 read FAS from av [ 2022-12-30 19:05:00 to 2022-12-02 07:40:00 ]
2022-12-31 10:07:08,537 read MIDU from av [ 2022-12-30 16:00:00 to 2022-12-05 09:30:00 ]
2022-12-31 10:07:08,854 read AAPL from av [ 2022-12-30 20:00:00 to 2022-12-02 04:05:00 ]
2022-12-31 10:07:09,288 read GOOG from av [ 2022-12-30 20:00:00 to 2022-12-02 04:05:00 ]
2022-12-31 10:13:10,147 Time out ^GSPC
2022-12-31 10:19:10,791 Time out ^DJI
2022-12-31 10:25:11,514 Time out ^TNX
2022-12-31 10:25:11,752 read MSFT from av [ 2022-12-30 20:00:00 to 2022-12-02 04:20:00 ]
2022-12-31 10:31:12,647 Time out ^VXGOG
2022-12-31 10:37:13,229 Time out ^VXAPL
2022-12-31 10:43:13,943 Time out ^VXGS
2022-12-31 10:49:14,538 Time out ^VXAZN
2022-12-31 10:55:15,292 Time out ^VXIBM
2022-12-31 10:55:15,604 read GS from av [ 2022-12-30 16:50:00 to 2022-12-02 08:35:00 ]
2022-12-31 10:55:16,007 read IBM from av [ 2022-12-30 18:00:00 to 2022-12-02 08:05:00 ]
2022-12-31 11:01:16,885 Time out FB
2022-12-31 11:07:17,412 Time out ^TYVIX
2022-12-31 11:07:17,659 read SPY from av [ 2022-12-30 20:00:00 to 2022-12-02 04:05:00 ]
2022-12-31 11:07:18,106 read GOOGL from av [ 2022-12-30 20:00:00 to 2022-12-02 04:10:00 ]
2022-12-31 11:07:18,459 read JPM from av [ 2022-12-30 20:00:00 to 2022-12-02 06:25:00 ]
2022-12-31 11:07:18,766 read JNJ from av [ 2022-12-30 17:35:00 to 2022-12-02 07:40:00 ]
2022-12-31 11:07:19,313 read BAC from av [ 2022-12-30 20:00:00 to 2022-12-02 04:35:00 ]
2022-12-31 11:07:19,621 read V from av [ 2022-12-30 17:05:00 to 2022-12-02 07:55:00 ]
2022-12-31 11:07:19,934 read WFC from av [ 2022-12-30 19:20:00 to 2022-12-05 07:15:00 ]
2022-12-31 11:07:20,405 read MA from av [ 2022-12-30 16:40:00 to 2022-12-05 08:40:00 ]
2022-12-31 11:07:20,712 read C from av [ 2022-12-30 19:40:00 to 2022-12-05 04:05:00 ]
2022-12-31 11:07:21,070 read PYPL from av [ 2022-12-30 20:00:00 to 2022-12-02 04:15:00 ]
2022-12-31 11:07:21,457 read OIL from av [ 2022-12-30 18:35:00 to 2022-12-05 07:05:00 ]
2022-12-31 11:13:22,259 Time out DX-Y.NYB
2022-12-31 11:13:22,477 read GLD from av [ 2022-12-30 20:00:00 to 2022-12-05 04:10:00 ]
2022-12-31 11:13:23,525 read UUP from av [ 2022-12-30 16:50:00 to 2022-12-05 06:15:00 ]
2022-12-31 11:13:24,483 read SHY from av [ 2022-12-30 19:50:00 to 2022-12-05 04:05:00 ]
2022-12-31 11:13:25,423 read SHV from av [ 2022-12-30 16:50:00 to 2022-12-05 08:00:00 ]
2022-12-31 11:13:26,304 read IEF from av [ 2022-12-30 16:35:00 to 2022-12-05 04:10:00 ]
2022-12-31 11:19:27,467 Time out ^IRX
2022-12-31 11:25:28,031 Time out ^FVX
2022-12-31 11:31:28,584 Time out ^TYX
2022-12-31 11:31:28,831 read SQQQ from av [ 2022-12-30 20:00:00 to 2022-12-02 04:05:00 ]
2022-12-31 11:31:29,317 read TQQQ from av [ 2022-12-30 20:00:00 to 2022-12-05 04:05:00 ]
2022-12-31 11:37:30,160 Time out ^VXX
2022-12-31 11:43:31,908 Time out ^VXZ
2022-12-31 11:43:33,268 read IYE from av [ 2022-12-30 16:00:00 to 2022-12-05 08:25:00 ]
2022-12-31 11:43:34,059 read IYY from av [ 2022-12-30 16:00:00 to 2022-12-05 09:35:00 ]
2022-12-31 11:43:34,852 read IYF from av [ 2022-12-30 16:00:00 to 2022-12-05 09:35:00 ]
2022-12-31 11:43:35,708 read IYR from av [ 2022-12-30 16:20:00 to 2022-12-05 07:45:00 ]
2022-12-31 11:43:36,613 read IYW from av [ 2022-12-30 16:00:00 to 2022-12-05 09:35:00 ]
2022-12-31 11:43:36,889 read IYT from av [ 2022-12-30 16:00:00 to 2022-12-05 09:35:00 ]
2022-12-31 11:43:37,713 read PEJ from av [ 2022-12-30 16:00:00 to 2022-12-05 09:35:00 ]
2022-12-31 11:43:38,046 read USO from av [ 2022-12-30 16:55:00 to 2022-12-05 04:05:00 ]
2022-12-31 11:43:39,161 read DBC from av [ 2022-12-30 17:05:00 to 2022-12-05 05:30:00 ]
2022-12-31 11:43:40,333 read GSG from av [ 2022-12-30 16:05:00 to 2022-12-05 08:25:00 ]
2022-12-31 11:43:40,594 read VTI from av [ 2022-12-30 19:25:00 to 2022-12-05 04:05:00 ]
2022-12-31 11:49:41,270 Time out ^RUT
2022-12-31 11:49:42,378 read FDN from av [ 2022-12-30 18:25:00 to 2022-12-05 09:35:00 ]
2022-12-31 11:49:42,640 read XLV from av [ 2022-12-30 17:20:00 to 2022-12-05 05:05:00 ]
2022-12-31 11:49:42,947 read IBB from av [ 2022-12-30 16:35:00 to 2022-12-05 08:05:00 ]
2022-12-31 11:49:43,973 read KRE from av [ 2022-12-30 17:05:00 to 2022-12-05 09:05:00 ]
2022-12-31 11:49:44,823 read KBE from av [ 2022-12-30 16:00:00 to 2022-12-05 07:05:00 ]
2022-12-31 11:49:45,119 read XLF from av [ 2022-12-30 20:00:00 to 2022-12-05 04:05:00 ]
2022-12-31 11:49:45,422 read XLP from av [ 2022-12-30 20:00:00 to 2022-12-05 04:10:00 ]
2022-12-31 11:49:45,697 read XLY from av [ 2022-12-30 16:40:00 to 2022-12-05 07:20:00 ]
2022-12-31 11:49:46,005 read VNQ from av [ 2022-12-30 19:05:00 to 2022-12-05 07:50:00 ]
2022-12-31 11:49:46,400 read XLB from av [ 2022-12-30 16:30:00 to 2022-12-05 07:35:00 ]
2022-12-31 11:49:46,874 read XLI from av [ 2022-12-30 16:25:00 to 2022-12-05 05:55:00 ]
2022-12-31 11:49:47,827 read KBWB from av [ 2022-12-30 16:15:00 to 2022-12-05 09:35:00 ]
2022-12-31 11:55:48,673 Time out TVIX
2022-12-31 12:01:49,244 Time out ^VVIX
2022-12-31 12:01:49,438 read VIXM from av [ 2022-12-30 16:30:00 to 2022-12-05 09:35:00 ]
2022-12-31 12:01:49,707 read VIXY from av [ 2022-12-30 19:40:00 to 2022-12-05 04:05:00 ]
2022-12-31 12:01:50,037 read VXX from av [ 2022-12-30 20:00:00 to 2022-12-02 05:05:00 ]
2022-12-31 12:01:50,982 read SVXY from av [ 2022-12-30 17:20:00 to 2022-12-05 04:05:00 ]
2022-12-31 12:01:52,685 read UVXY from av [ 2022-12-30 20:00:00 to 2022-12-05 04:05:00 ]
2022-12-31 12:01:53,032 read VIXY from av [ 2022-12-30 19:40:00 to 2022-12-05 04:05:00 ]
