2022-05-21 05:01:08,934 read QQQ from av [ 2022-05-20 20:00:00 to 2022-04-22 04:05:00 ]
2022-05-21 05:07:10,355 Time out ^VIX
2022-05-21 05:07:10,728 read FAS from av [ 2022-05-20 19:50:00 to 2022-04-25 04:05:00 ]
2022-05-21 05:07:11,687 read MIDU from av [ 2022-05-20 16:00:00 to 2022-04-25 07:05:00 ]
2022-05-21 05:07:12,865 read AAPL from av [ 2022-05-20 20:00:00 to 2022-04-22 04:05:00 ]
2022-05-21 05:07:14,195 read GOOG from av [ 2022-05-20 17:25:00 to 2022-04-22 06:00:00 ]
2022-05-21 05:13:16,038 Time out ^GSPC
2022-05-21 05:19:16,707 Time out ^DJI
2022-05-21 05:25:17,512 Time out ^TNX
2022-05-21 05:25:18,247 read MSFT from av [ 2022-05-20 20:00:00 to 2022-04-22 04:05:00 ]
2022-05-21 05:31:19,688 Time out ^VXGOG
2022-05-21 05:37:20,456 Time out ^VXAPL
2022-05-21 05:43:21,196 Time out ^VXGS
2022-05-21 05:49:22,337 Time out ^VXAZN
2022-05-21 05:55:23,083 Time out ^VXIBM
2022-05-21 05:55:23,679 read GS from av [ 2022-05-20 19:45:00 to 2022-04-22 08:40:00 ]
2022-05-21 05:55:24,772 read IBM from av [ 2022-05-20 19:35:00 to 2022-04-22 04:35:00 ]
2022-05-21 05:55:25,699 read FB from av [ 2022-05-20 20:00:00 to 2022-04-22 04:05:00 ]
2022-05-21 06:01:27,209 Time out ^TYVIX
2022-05-21 06:01:27,843 read SPY from av [ 2022-05-20 20:00:00 to 2022-04-22 04:05:00 ]
2022-05-21 06:01:29,024 read GOOGL from av [ 2022-05-20 19:20:00 to 2022-04-22 07:15:00 ]
2022-05-21 06:01:29,818 read JPM from av [ 2022-05-20 19:55:00 to 2022-04-22 04:10:00 ]
2022-05-21 06:01:30,704 read JNJ from av [ 2022-05-20 19:25:00 to 2022-04-25 07:20:00 ]
2022-05-21 06:01:31,700 read BAC from av [ 2022-05-20 20:00:00 to 2022-04-25 04:05:00 ]
2022-05-21 06:01:32,758 read V from av [ 2022-05-20 19:10:00 to 2022-04-25 04:55:00 ]
2022-05-21 06:01:33,597 read WFC from av [ 2022-05-20 19:55:00 to 2022-04-25 04:05:00 ]
2022-05-21 06:01:34,619 read MA from av [ 2022-05-20 19:40:00 to 2022-04-22 07:55:00 ]
2022-05-21 06:01:35,465 read C from av [ 2022-05-20 20:00:00 to 2022-04-25 04:05:00 ]
2022-05-21 06:01:36,413 read PYPL from av [ 2022-05-20 20:00:00 to 2022-04-25 04:05:00 ]
2022-05-21 06:01:37,458 read OIL from av [ 2022-05-20 17:15:00 to 2022-04-25 07:05:00 ]
2022-05-21 06:07:38,307 Time out DX-Y.NYB
2022-05-21 06:07:38,734 read GLD from av [ 2022-05-20 17:50:00 to 2022-04-25 04:05:00 ]
2022-05-21 06:07:40,677 read UUP from av [ 2022-05-20 19:10:00 to 2022-04-25 05:25:00 ]
2022-05-21 06:07:42,287 read SHY from av [ 2022-05-20 17:25:00 to 2022-04-25 04:05:00 ]
2022-05-21 06:07:43,949 read SHV from av [ 2022-05-20 16:05:00 to 2022-04-25 05:25:00 ]
2022-05-21 06:07:46,142 read IEF from av [ 2022-05-20 16:30:00 to 2022-04-25 07:05:00 ]
2022-05-21 06:13:47,522 Time out ^IRX
2022-05-21 06:19:48,251 Time out ^FVX
2022-05-21 06:25:48,941 Time out ^TYX
2022-05-21 06:25:49,733 read SQQQ from av [ 2022-05-20 20:00:00 to 2022-04-22 04:05:00 ]
2022-05-21 06:25:50,980 read TQQQ from av [ 2022-05-20 20:00:00 to 2022-04-22 04:05:00 ]
2022-05-21 06:31:52,467 Time out ^VXX
2022-05-21 06:37:53,155 Time out ^VXZ
2022-05-21 06:37:54,375 read IYE from av [ 2022-05-20 16:00:00 to 2022-04-25 08:05:00 ]
2022-05-21 06:37:55,241 read IYY from av [ 2022-05-20 16:00:00 to 2022-04-25 09:35:00 ]
2022-05-21 06:37:56,667 read IYF from av [ 2022-05-20 16:00:00 to 2022-04-25 08:45:00 ]
2022-05-21 06:37:58,251 read IYR from av [ 2022-05-20 17:00:00 to 2022-04-25 07:40:00 ]
2022-05-21 06:37:59,793 read IYW from av [ 2022-05-20 17:10:00 to 2022-04-25 08:10:00 ]
2022-05-21 06:38:01,306 read IYT from av [ 2022-05-20 16:00:00 to 2022-04-25 09:35:00 ]
2022-05-21 06:38:03,110 read PEJ from av [ 2022-05-20 16:00:00 to 2022-04-25 09:35:00 ]
2022-05-21 06:38:03,789 read USO from av [ 2022-05-20 19:55:00 to 2022-04-25 04:05:00 ]
2022-05-21 06:38:05,896 read DBC from av [ 2022-05-20 18:25:00 to 2022-04-25 04:05:00 ]
2022-05-21 06:38:07,656 read GSG from av [ 2022-05-20 18:45:00 to 2022-04-25 04:55:00 ]
2022-05-21 06:38:08,349 read VTI from av [ 2022-05-20 19:50:00 to 2022-04-25 04:05:00 ]
2022-05-21 06:44:09,450 Time out ^RUT
2022-05-21 06:44:10,664 read FDN from av [ 2022-05-20 16:00:00 to 2022-04-25 08:45:00 ]
2022-05-21 06:44:11,731 read XLV from av [ 2022-05-20 20:00:00 to 2022-04-25 04:45:00 ]
2022-05-21 06:44:13,535 read IBB from av [ 2022-05-20 19:40:00 to 2022-04-25 04:05:00 ]
2022-05-21 06:44:15,432 read KRE from av [ 2022-05-20 19:30:00 to 2022-04-25 07:05:00 ]
2022-05-21 06:44:17,221 read KBE from av [ 2022-05-20 16:20:00 to 2022-04-25 08:05:00 ]
2022-05-21 06:44:17,939 read XLF from av [ 2022-05-20 20:00:00 to 2022-04-25 04:05:00 ]
2022-05-21 06:44:19,038 read XLP from av [ 2022-05-20 20:00:00 to 2022-04-25 04:05:00 ]
2022-05-21 06:44:19,750 read XLY from av [ 2022-05-20 18:00:00 to 2022-04-25 04:05:00 ]
2022-05-21 06:44:20,458 read VNQ from av [ 2022-05-20 16:20:00 to 2022-04-25 07:25:00 ]
2022-05-21 06:44:21,182 read XLB from av [ 2022-05-20 17:55:00 to 2022-04-25 04:55:00 ]
2022-05-21 06:44:21,889 read XLI from av [ 2022-05-20 19:40:00 to 2022-04-25 04:25:00 ]
2022-05-21 06:44:23,759 read KBWB from av [ 2022-05-20 16:00:00 to 2022-04-25 05:00:00 ]
2022-05-21 06:50:24,920 Time out TVIX
2022-05-21 06:56:25,682 Time out ^VVIX
2022-05-21 06:56:25,948 read VIXM from av [ 2022-05-20 17:35:00 to 2022-04-22 09:30:00 ]
2022-05-21 06:56:26,625 read VIXY from av [ 2022-05-20 20:00:00 to 2022-04-22 04:10:00 ]
2022-05-21 06:56:29,094 read VXX from av [ 2022-05-20 19:50:00 to 2022-04-25 04:05:00 ]
2022-05-21 06:56:31,621 read SVXY from av [ 2022-05-20 20:00:00 to 2022-04-25 04:05:00 ]
2022-05-21 06:56:34,895 read UVXY from av [ 2022-05-20 20:00:00 to 2022-04-25 04:05:00 ]
2022-05-21 06:56:36,042 read VIXY from av [ 2022-05-20 20:00:00 to 2022-04-22 04:10:00 ]
