2022-11-05 09:01:08,143 read QQQ from av [ 2022-11-04 20:00:00 to 2022-10-07 04:05:00 ]
2022-11-05 09:07:08,862 Time out ^VIX
2022-11-05 09:07:09,233 read FAS from av [ 2022-11-04 20:00:00 to 2022-10-10 05:05:00 ]
2022-11-05 09:07:09,738 read MIDU from av [ 2022-11-04 16:00:00 to 2022-10-10 09:35:00 ]
2022-11-05 09:07:10,238 read AAPL from av [ 2022-11-04 20:00:00 to 2022-10-07 04:05:00 ]
2022-11-05 09:07:10,810 read GOOG from av [ 2022-11-04 20:00:00 to 2022-10-07 04:05:00 ]
2022-11-05 09:13:11,706 Time out ^GSPC
2022-11-05 09:19:12,457 Time out ^DJI
2022-11-05 09:25:13,154 Time out ^TNX
2022-11-05 09:25:13,821 read MSFT from av [ 2022-11-04 20:00:00 to 2022-10-07 04:05:00 ]
2022-11-05 09:31:14,488 Time out ^VXGOG
2022-11-05 09:37:15,156 Time out ^VXAPL
2022-11-05 09:43:15,864 Time out ^VXGS
2022-11-05 09:49:16,456 Time out ^VXAZN
2022-11-05 09:55:17,134 Time out ^VXIBM
2022-11-05 09:55:17,503 read GS from av [ 2022-11-04 19:15:00 to 2022-10-10 07:40:00 ]
2022-11-05 09:55:17,877 read IBM from av [ 2022-11-04 19:45:00 to 2022-10-07 07:45:00 ]
2022-11-05 10:01:18,736 Time out FB
2022-11-05 10:07:19,443 Time out ^TYVIX
2022-11-05 10:07:20,260 read SPY from av [ 2022-11-04 20:00:00 to 2022-10-07 04:05:00 ]
2022-11-05 10:07:20,894 read GOOGL from av [ 2022-11-04 20:00:00 to 2022-10-07 04:05:00 ]
2022-11-05 10:07:21,492 read JPM from av [ 2022-11-04 20:00:00 to 2022-10-07 05:40:00 ]
2022-11-05 10:07:21,916 read JNJ from av [ 2022-11-04 20:00:00 to 2022-10-07 04:45:00 ]
2022-11-05 10:07:22,740 read BAC from av [ 2022-11-04 20:00:00 to 2022-10-07 04:05:00 ]
2022-11-05 10:07:23,316 read V from av [ 2022-11-04 20:00:00 to 2022-10-07 07:05:00 ]
2022-11-05 10:07:23,736 read WFC from av [ 2022-11-04 20:00:00 to 2022-10-10 06:05:00 ]
2022-11-05 10:07:24,086 read MA from av [ 2022-11-04 17:20:00 to 2022-10-10 09:35:00 ]
2022-11-05 10:07:24,439 read C from av [ 2022-11-04 19:50:00 to 2022-10-10 04:15:00 ]
2022-11-05 10:07:25,145 read PYPL from av [ 2022-11-04 20:00:00 to 2022-10-10 04:05:00 ]
2022-11-05 10:07:25,410 read OIL from av [ 2022-11-04 16:00:00 to 2022-10-10 07:15:00 ]
2022-11-05 10:13:26,121 Time out DX-Y.NYB
2022-11-05 10:13:26,478 read GLD from av [ 2022-11-04 19:55:00 to 2022-10-10 04:05:00 ]
2022-11-05 10:13:28,030 read UUP from av [ 2022-11-04 19:50:00 to 2022-10-10 07:55:00 ]
2022-11-05 10:13:29,327 read SHY from av [ 2022-11-04 17:05:00 to 2022-10-10 07:05:00 ]
2022-11-05 10:13:30,579 read SHV from av [ 2022-11-04 16:30:00 to 2022-10-10 08:05:00 ]
2022-11-05 10:13:32,061 read IEF from av [ 2022-11-04 20:00:00 to 2022-10-10 08:05:00 ]
2022-11-05 10:19:32,832 Time out ^IRX
2022-11-05 10:25:33,613 Time out ^FVX
2022-11-05 10:31:34,349 Time out ^TYX
2022-11-05 10:31:35,055 read SQQQ from av [ 2022-11-04 20:00:00 to 2022-10-07 04:05:00 ]
2022-11-05 10:31:35,744 read TQQQ from av [ 2022-11-04 20:00:00 to 2022-10-07 04:05:00 ]
2022-11-05 10:37:36,482 Time out ^VXX
2022-11-05 10:43:37,173 Time out ^VXZ
2022-11-05 10:43:38,460 read IYE from av [ 2022-11-04 18:25:00 to 2022-10-10 09:35:00 ]
2022-11-05 10:43:39,948 read IYY from av [ 2022-11-04 16:00:00 to 2022-10-10 09:35:00 ]
2022-11-05 10:43:41,953 read IYF from av [ 2022-11-04 16:00:00 to 2022-10-10 09:35:00 ]
2022-11-05 10:43:44,297 read IYR from av [ 2022-11-04 16:50:00 to 2022-10-10 04:50:00 ]
2022-11-05 10:43:46,313 read IYW from av [ 2022-11-04 16:00:00 to 2022-10-10 09:30:00 ]
2022-11-05 10:43:48,067 read IYT from av [ 2022-11-04 16:00:00 to 2022-10-10 09:35:00 ]
2022-11-05 10:43:49,354 read PEJ from av [ 2022-11-04 16:00:00 to 2022-10-10 08:50:00 ]
2022-11-05 10:43:49,723 read USO from av [ 2022-11-04 19:45:00 to 2022-10-10 04:05:00 ]
2022-11-05 10:43:50,035 read DBC from av [ 2022-11-04 16:50:00 to 2022-10-10 04:50:00 ]
2022-11-05 10:43:51,606 read GSG from av [ 2022-11-04 17:55:00 to 2022-10-10 09:30:00 ]
2022-11-05 10:43:51,893 read VTI from av [ 2022-11-04 19:50:00 to 2022-10-07 08:25:00 ]
2022-11-05 10:49:52,618 Time out ^RUT
2022-11-05 10:49:54,363 read FDN from av [ 2022-11-04 16:05:00 to 2022-10-10 09:35:00 ]
2022-11-05 10:49:54,752 read XLV from av [ 2022-11-04 17:15:00 to 2022-10-10 04:30:00 ]
2022-11-05 10:49:55,220 read IBB from av [ 2022-11-04 17:55:00 to 2022-10-10 04:40:00 ]
2022-11-05 10:49:55,589 read KRE from av [ 2022-11-04 20:00:00 to 2022-10-10 08:35:00 ]
2022-11-05 10:49:56,942 read KBE from av [ 2022-11-04 18:55:00 to 2022-10-10 09:35:00 ]
2022-11-05 10:49:57,382 read XLF from av [ 2022-11-04 20:00:00 to 2022-10-10 04:10:00 ]
2022-11-05 10:49:57,894 read XLP from av [ 2022-11-04 20:00:00 to 2022-10-10 04:20:00 ]
2022-11-05 10:49:58,419 read XLY from av [ 2022-11-04 17:35:00 to 2022-10-10 08:25:00 ]
2022-11-05 10:49:58,768 read VNQ from av [ 2022-11-04 19:50:00 to 2022-10-10 07:50:00 ]
2022-11-05 10:49:59,075 read XLB from av [ 2022-11-04 16:25:00 to 2022-10-10 06:05:00 ]
2022-11-05 10:49:59,635 read XLI from av [ 2022-11-04 19:40:00 to 2022-10-10 08:00:00 ]
2022-11-05 10:50:01,040 read KBWB from av [ 2022-11-04 16:05:00 to 2022-10-10 09:35:00 ]
2022-11-05 10:56:01,836 Time out TVIX
2022-11-05 11:02:02,796 Time out ^VVIX
2022-11-05 11:02:03,947 read VIXM from av [ 2022-11-04 16:50:00 to 2022-10-10 09:00:00 ]
2022-11-05 11:02:06,393 read VIXY from av [ 2022-11-04 18:30:00 to 2022-10-10 04:05:00 ]
2022-11-05 11:02:06,859 read VXX from av [ 2022-11-04 19:20:00 to 2022-10-07 04:10:00 ]
2022-11-05 11:02:07,293 read SVXY from av [ 2022-11-04 19:00:00 to 2022-10-10 04:05:00 ]
2022-11-05 11:02:09,907 read UVXY from av [ 2022-11-04 20:00:00 to 2022-10-10 04:05:00 ]
2022-11-05 11:02:10,507 read VIXY from av [ 2022-11-04 18:30:00 to 2022-10-10 04:05:00 ]
