2022-06-04 05:01:08,034 read QQQ from av [ 2022-06-03 20:00:00 to 2022-05-06 04:05:00 ]
2022-06-04 05:07:10,076 Time out ^VIX
2022-06-04 05:07:10,465 read FAS from av [ 2022-06-03 20:00:00 to 2022-05-09 04:25:00 ]
2022-06-04 05:07:11,404 read MIDU from av [ 2022-06-03 16:00:00 to 2022-05-09 07:10:00 ]
2022-06-04 05:07:12,101 read AAPL from av [ 2022-06-03 20:00:00 to 2022-05-06 04:05:00 ]
2022-06-04 05:07:13,324 read GOOG from av [ 2022-06-03 20:00:00 to 2022-05-06 07:35:00 ]
2022-06-04 05:13:14,543 Time out ^GSPC
2022-06-04 05:19:15,355 Time out ^DJI
2022-06-04 05:25:16,228 Time out ^TNX
2022-06-04 05:25:16,730 read MSFT from av [ 2022-06-03 20:00:00 to 2022-05-06 04:05:00 ]
2022-06-04 05:31:18,255 Time out ^VXGOG
2022-06-04 05:37:19,150 Time out ^VXAPL
2022-06-04 05:43:19,774 Time out ^VXGS
2022-06-04 05:49:20,535 Time out ^VXAZN
2022-06-04 05:55:21,217 Time out ^VXIBM
2022-06-04 05:55:21,682 read GS from av [ 2022-06-03 19:20:00 to 2022-05-09 07:55:00 ]
2022-06-04 05:55:22,610 read IBM from av [ 2022-06-03 20:00:00 to 2022-05-06 04:10:00 ]
2022-06-04 05:55:23,625 read FB from av [ 2022-06-03 20:00:00 to 2022-05-06 04:05:00 ]
2022-06-04 06:01:25,036 Time out ^TYVIX
2022-06-04 06:01:25,916 read SPY from av [ 2022-06-03 20:00:00 to 2022-05-06 04:05:00 ]
2022-06-04 06:01:27,108 read GOOGL from av [ 2022-06-03 19:00:00 to 2022-05-06 07:35:00 ]
2022-06-04 06:01:27,967 read JPM from av [ 2022-06-03 18:30:00 to 2022-05-06 07:10:00 ]
2022-06-04 06:01:29,036 read JNJ from av [ 2022-06-03 19:35:00 to 2022-05-06 07:05:00 ]
2022-06-04 06:01:29,952 read BAC from av [ 2022-06-03 20:00:00 to 2022-05-09 04:05:00 ]
2022-06-04 06:01:30,937 read V from av [ 2022-06-03 19:55:00 to 2022-05-09 04:30:00 ]
2022-06-04 06:01:31,821 read WFC from av [ 2022-06-03 20:00:00 to 2022-05-09 05:20:00 ]
2022-06-04 06:01:32,979 read MA from av [ 2022-06-03 18:50:00 to 2022-05-09 07:55:00 ]
2022-06-04 06:01:33,906 read C from av [ 2022-06-03 19:50:00 to 2022-05-09 04:05:00 ]
2022-06-04 06:01:34,927 read PYPL from av [ 2022-06-03 20:00:00 to 2022-05-09 04:05:00 ]
2022-06-04 06:01:35,951 read OIL from av [ 2022-06-03 18:00:00 to 2022-05-09 09:15:00 ]
2022-06-04 06:07:36,912 Time out DX-Y.NYB
2022-06-04 06:07:37,268 read GLD from av [ 2022-06-03 19:00:00 to 2022-05-09 04:35:00 ]
2022-06-04 06:07:38,237 read UUP from av [ 2022-06-03 18:25:00 to 2022-05-09 06:15:00 ]
2022-06-04 06:07:39,825 read SHY from av [ 2022-06-03 16:30:00 to 2022-05-09 08:05:00 ]
2022-06-04 06:07:41,339 read SHV from av [ 2022-06-03 16:05:00 to 2022-05-09 08:15:00 ]
2022-06-04 06:07:43,049 read IEF from av [ 2022-06-03 16:30:00 to 2022-05-09 04:05:00 ]
2022-06-04 06:13:44,093 Time out ^IRX
2022-06-04 06:19:44,857 Time out ^FVX
2022-06-04 06:25:45,572 Time out ^TYX
2022-06-04 06:25:46,341 read SQQQ from av [ 2022-06-03 20:00:00 to 2022-05-06 04:05:00 ]
2022-06-04 06:25:47,531 read TQQQ from av [ 2022-06-03 20:00:00 to 2022-05-06 04:05:00 ]
2022-06-04 06:31:49,075 Time out ^VXX
2022-06-04 06:37:49,863 Time out ^VXZ
2022-06-04 06:37:51,211 read IYE from av [ 2022-06-03 16:00:00 to 2022-05-09 04:35:00 ]
2022-06-04 06:37:52,082 read IYY from av [ 2022-06-03 16:00:00 to 2022-05-09 09:35:00 ]
2022-06-04 06:37:53,341 read IYF from av [ 2022-06-03 16:00:00 to 2022-05-09 09:30:00 ]
2022-06-04 06:37:54,830 read IYR from av [ 2022-06-03 19:30:00 to 2022-05-09 04:35:00 ]
2022-06-04 06:37:56,239 read IYW from av [ 2022-06-03 18:45:00 to 2022-05-09 07:25:00 ]
2022-06-04 06:37:57,689 read IYT from av [ 2022-06-03 16:00:00 to 2022-05-09 09:35:00 ]
2022-06-04 06:37:58,860 read PEJ from av [ 2022-06-03 16:00:00 to 2022-05-09 09:30:00 ]
2022-06-04 06:37:59,564 read USO from av [ 2022-06-03 20:00:00 to 2022-05-09 04:05:00 ]
2022-06-04 06:38:01,420 read DBC from av [ 2022-06-03 20:00:00 to 2022-05-09 04:15:00 ]
2022-06-04 06:38:03,295 read GSG from av [ 2022-06-03 18:45:00 to 2022-05-09 04:45:00 ]
2022-06-04 06:38:04,007 read VTI from av [ 2022-06-03 19:40:00 to 2022-05-09 06:55:00 ]
2022-06-04 06:44:05,247 Time out ^RUT
2022-06-04 06:44:06,334 read FDN from av [ 2022-06-03 16:00:00 to 2022-05-09 08:45:00 ]
2022-06-04 06:44:07,003 read XLV from av [ 2022-06-03 20:00:00 to 2022-05-09 04:05:00 ]
2022-06-04 06:44:08,750 read IBB from av [ 2022-06-03 16:05:00 to 2022-05-09 04:05:00 ]
2022-06-04 06:44:10,554 read KRE from av [ 2022-06-03 18:15:00 to 2022-05-09 06:45:00 ]
2022-06-04 06:44:12,135 read KBE from av [ 2022-06-03 16:10:00 to 2022-05-09 07:55:00 ]
2022-06-04 06:44:12,903 read XLF from av [ 2022-06-03 20:00:00 to 2022-05-09 04:05:00 ]
2022-06-04 06:44:13,987 read XLP from av [ 2022-06-03 19:05:00 to 2022-05-09 04:25:00 ]
2022-06-04 06:44:14,873 read XLY from av [ 2022-06-03 20:00:00 to 2022-05-09 07:45:00 ]
2022-06-04 06:44:16,524 read VNQ from av [ 2022-06-03 16:15:00 to 2022-05-09 04:10:00 ]
2022-06-04 06:44:17,232 read XLB from av [ 2022-06-03 16:15:00 to 2022-05-09 04:40:00 ]
2022-06-04 06:44:17,950 read XLI from av [ 2022-06-03 16:15:00 to 2022-05-09 06:20:00 ]
2022-06-04 06:44:19,515 read KBWB from av [ 2022-06-03 16:05:00 to 2022-05-09 08:05:00 ]
2022-06-04 06:50:20,488 Time out TVIX
2022-06-04 06:56:21,129 Time out ^VVIX
2022-06-04 06:56:21,641 read VIXM from av [ 2022-06-03 16:00:00 to 2022-05-09 09:35:00 ]
2022-06-04 06:56:23,450 read VIXY from av [ 2022-06-03 20:00:00 to 2022-05-09 04:05:00 ]
2022-06-04 06:56:24,442 read VXX from av [ 2022-06-03 20:00:00 to 2022-05-09 04:30:00 ]
2022-06-04 06:56:26,696 read SVXY from av [ 2022-06-03 19:50:00 to 2022-05-09 04:05:00 ]
2022-06-04 06:56:29,606 read UVXY from av [ 2022-06-03 20:00:00 to 2022-05-09 04:05:00 ]
2022-06-04 06:56:30,691 read VIXY from av [ 2022-06-03 20:00:00 to 2022-05-09 04:05:00 ]
