2022-06-18 05:01:08,647 read QQQ from av [ 2022-06-17 20:00:00 to 2022-05-20 04:05:00 ]
2022-06-18 05:07:10,155 Time out ^VIX
2022-06-18 05:07:10,498 read FAS from av [ 2022-06-17 20:00:00 to 2022-05-23 06:35:00 ]
2022-06-18 05:07:11,481 read MIDU from av [ 2022-06-17 16:25:00 to 2022-05-23 04:05:00 ]
2022-06-18 05:07:12,184 read AAPL from av [ 2022-06-17 20:00:00 to 2022-05-20 04:05:00 ]
2022-06-18 05:07:13,481 read GOOG from av [ 2022-06-17 19:55:00 to 2022-05-20 04:35:00 ]
2022-06-18 05:13:14,638 Time out ^GSPC
2022-06-18 05:19:15,260 Time out ^DJI
2022-06-18 05:25:15,930 Time out ^TNX
2022-06-18 05:25:16,405 read MSFT from av [ 2022-06-17 19:55:00 to 2022-05-20 04:05:00 ]
2022-06-18 05:31:18,122 Time out ^VXGOG
2022-06-18 05:37:18,945 Time out ^VXAPL
2022-06-18 05:43:19,675 Time out ^VXGS
2022-06-18 05:49:20,381 Time out ^VXAZN
2022-06-18 05:55:21,048 Time out ^VXIBM
2022-06-18 05:55:21,417 read GS from av [ 2022-06-17 20:00:00 to 2022-05-20 06:50:00 ]
2022-06-18 05:55:22,563 read IBM from av [ 2022-06-17 19:35:00 to 2022-05-20 07:05:00 ]
2022-06-18 06:01:23,919 Time out FB
2022-06-18 06:07:24,594 Time out ^TYVIX
2022-06-18 06:07:25,097 read SPY from av [ 2022-06-17 20:00:00 to 2022-05-20 04:05:00 ]
2022-06-18 06:07:26,330 read GOOGL from av [ 2022-06-17 18:40:00 to 2022-05-20 07:15:00 ]
2022-06-18 06:07:27,568 read JPM from av [ 2022-06-17 19:50:00 to 2022-05-20 07:05:00 ]
2022-06-18 06:07:28,615 read JNJ from av [ 2022-06-17 18:00:00 to 2022-05-20 08:05:00 ]
2022-06-18 06:07:29,564 read BAC from av [ 2022-06-17 20:00:00 to 2022-05-23 04:05:00 ]
2022-06-18 06:07:30,622 read V from av [ 2022-06-17 19:20:00 to 2022-05-20 06:40:00 ]
2022-06-18 06:07:31,529 read WFC from av [ 2022-06-17 20:00:00 to 2022-05-23 04:05:00 ]
2022-06-18 06:07:32,587 read MA from av [ 2022-06-17 16:30:00 to 2022-05-23 07:20:00 ]
2022-06-18 06:07:33,459 read C from av [ 2022-06-17 20:00:00 to 2022-05-23 04:10:00 ]
2022-06-18 06:07:34,550 read PYPL from av [ 2022-06-17 20:00:00 to 2022-05-23 04:05:00 ]
2022-06-18 06:07:35,558 read OIL from av [ 2022-06-17 16:00:00 to 2022-05-23 09:30:00 ]
2022-06-18 06:13:36,426 Time out DX-Y.NYB
2022-06-18 06:13:37,137 read GLD from av [ 2022-06-17 19:40:00 to 2022-05-23 04:05:00 ]
2022-06-18 06:13:38,955 read UUP from av [ 2022-06-17 16:10:00 to 2022-05-23 04:20:00 ]
2022-06-18 06:13:40,556 read SHY from av [ 2022-06-17 16:30:00 to 2022-05-23 08:05:00 ]
2022-06-18 06:13:42,103 read SHV from av [ 2022-06-17 16:10:00 to 2022-05-23 09:35:00 ]
2022-06-18 06:13:43,743 read IEF from av [ 2022-06-17 19:25:00 to 2022-05-23 08:05:00 ]
2022-06-18 06:19:44,833 Time out ^IRX
2022-06-18 06:25:45,589 Time out ^FVX
2022-06-18 06:31:46,237 Time out ^TYX
2022-06-18 06:31:46,685 read SQQQ from av [ 2022-06-17 20:00:00 to 2022-05-20 04:05:00 ]
2022-06-18 06:31:48,345 read TQQQ from av [ 2022-06-17 20:00:00 to 2022-05-20 04:05:00 ]
2022-06-18 06:37:49,925 Time out ^VXX
2022-06-18 06:43:50,607 Time out ^VXZ
2022-06-18 06:43:51,703 read IYE from av [ 2022-06-17 16:00:00 to 2022-05-23 09:25:00 ]
2022-06-18 06:43:52,546 read IYY from av [ 2022-06-17 16:00:00 to 2022-05-23 09:35:00 ]
2022-06-18 06:43:53,834 read IYF from av [ 2022-06-17 16:05:00 to 2022-05-23 09:30:00 ]
2022-06-18 06:43:55,488 read IYR from av [ 2022-06-17 16:45:00 to 2022-05-23 09:30:00 ]
2022-06-18 06:43:56,813 read IYW from av [ 2022-06-17 16:00:00 to 2022-05-23 09:35:00 ]
2022-06-18 06:43:58,315 read IYT from av [ 2022-06-17 16:00:00 to 2022-05-23 09:35:00 ]
2022-06-18 06:43:59,536 read PEJ from av [ 2022-06-17 16:00:00 to 2022-05-23 07:45:00 ]
2022-06-18 06:44:00,349 read USO from av [ 2022-06-17 20:00:00 to 2022-05-23 04:05:00 ]
2022-06-18 06:44:02,374 read DBC from av [ 2022-06-17 19:20:00 to 2022-05-23 04:05:00 ]
2022-06-18 06:44:03,928 read GSG from av [ 2022-06-17 16:00:00 to 2022-05-23 08:40:00 ]
2022-06-18 06:44:04,730 read VTI from av [ 2022-06-17 19:45:00 to 2022-05-23 07:05:00 ]
2022-06-18 06:50:06,023 Time out ^RUT
2022-06-18 06:50:07,313 read FDN from av [ 2022-06-17 18:00:00 to 2022-05-23 09:30:00 ]
2022-06-18 06:50:08,072 read XLV from av [ 2022-06-17 18:00:00 to 2022-05-23 05:40:00 ]
2022-06-18 06:50:09,711 read IBB from av [ 2022-06-17 19:45:00 to 2022-05-23 04:05:00 ]
2022-06-18 06:50:11,314 read KRE from av [ 2022-06-17 17:55:00 to 2022-05-23 07:05:00 ]
2022-06-18 06:50:13,023 read KBE from av [ 2022-06-17 17:55:00 to 2022-05-23 08:05:00 ]
2022-06-18 06:50:13,991 read XLF from av [ 2022-06-17 20:00:00 to 2022-05-23 04:05:00 ]
2022-06-18 06:50:14,976 read XLP from av [ 2022-06-17 17:45:00 to 2022-05-23 04:05:00 ]
2022-06-18 06:50:15,773 read XLY from av [ 2022-06-17 18:00:00 to 2022-05-23 07:25:00 ]
2022-06-18 06:52:16,781 read VNQ from av [ 2022-06-17 16:05:00 to 2022-05-23 04:05:00 ]
2022-06-18 06:52:17,689 read XLB from av [ 2022-06-17 18:00:00 to 2022-05-23 07:05:00 ]
2022-06-18 06:52:18,638 read XLI from av [ 2022-06-17 17:55:00 to 2022-05-23 07:05:00 ]
2022-06-18 06:52:20,551 read KBWB from av [ 2022-06-17 16:25:00 to 2022-05-23 09:35:00 ]
2022-06-18 06:58:21,637 Time out TVIX
2022-06-18 07:04:22,433 Time out ^VVIX
2022-06-18 07:04:23,256 read VIXM from av [ 2022-06-17 19:10:00 to 2022-05-23 04:05:00 ]
2022-06-18 07:04:25,395 read VIXY from av [ 2022-06-17 20:00:00 to 2022-05-23 04:05:00 ]
2022-06-18 07:04:27,606 read VXX from av [ 2022-06-17 19:45:00 to 2022-05-23 04:05:00 ]
2022-06-18 07:04:30,677 read SVXY from av [ 2022-06-17 19:15:00 to 2022-05-23 04:05:00 ]
2022-06-18 07:04:33,903 read UVXY from av [ 2022-06-17 20:00:00 to 2022-05-23 04:05:00 ]
2022-06-18 07:04:35,179 read VIXY from av [ 2022-06-17 20:00:00 to 2022-05-23 04:05:00 ]
