2022-09-03 05:01:11,359 read QQQ from av [ 2022-09-02 20:00:00 to 2022-08-05 04:05:00 ]
2022-09-03 05:07:13,357 Time out ^VIX
2022-09-03 05:07:13,664 read FAS from av [ 2022-09-02 20:00:00 to 2022-08-05 07:20:00 ]
2022-09-03 05:07:14,764 read MIDU from av [ 2022-09-02 16:00:00 to 2022-08-08 09:35:00 ]
2022-09-03 05:07:18,019 read AAPL from av [ 2022-09-02 20:00:00 to 2022-08-05 04:05:00 ]
2022-09-03 05:07:19,711 read GOOG from av [ 2022-09-02 20:00:00 to 2022-08-05 04:10:00 ]
2022-09-03 05:13:21,152 Time out ^GSPC
2022-09-03 05:19:21,704 Time out ^DJI
2022-09-03 05:25:22,335 Time out ^TNX
2022-09-03 05:25:22,765 read MSFT from av [ 2022-09-02 20:00:00 to 2022-08-05 04:05:00 ]
2022-09-03 05:31:24,574 Time out ^VXGOG
2022-09-03 05:37:25,218 Time out ^VXAPL
2022-09-03 05:43:25,768 Time out ^VXGS
2022-09-03 05:49:26,670 Time out ^VXAZN
2022-09-03 05:55:27,287 Time out ^VXIBM
2022-09-03 05:55:27,586 read GS from av [ 2022-09-02 16:35:00 to 2022-08-05 06:05:00 ]
2022-09-03 05:55:28,678 read IBM from av [ 2022-09-02 17:50:00 to 2022-08-05 07:10:00 ]
2022-09-03 06:01:30,097 Time out FB
2022-09-03 06:07:30,762 Time out ^TYVIX
2022-09-03 06:07:31,247 read SPY from av [ 2022-09-02 20:00:00 to 2022-08-05 04:05:00 ]
2022-09-03 06:07:33,258 read GOOGL from av [ 2022-09-02 20:00:00 to 2022-08-05 04:05:00 ]
2022-09-03 06:07:34,565 read JPM from av [ 2022-09-02 20:00:00 to 2022-08-05 07:05:00 ]
2022-09-03 06:07:35,878 read JNJ from av [ 2022-09-02 19:50:00 to 2022-08-08 07:00:00 ]
2022-09-03 06:07:39,234 read BAC from av [ 2022-09-02 20:00:00 to 2022-08-05 04:05:00 ]
2022-09-03 06:07:40,866 read V from av [ 2022-09-02 18:00:00 to 2022-08-05 07:05:00 ]
2022-09-03 06:07:42,064 read WFC from av [ 2022-09-02 20:00:00 to 2022-08-05 08:05:00 ]
2022-09-03 06:07:43,512 read MA from av [ 2022-09-02 18:55:00 to 2022-08-08 07:05:00 ]
2022-09-03 06:07:44,579 read C from av [ 2022-09-02 19:55:00 to 2022-08-05 07:00:00 ]
2022-09-03 06:07:46,003 read PYPL from av [ 2022-09-02 19:55:00 to 2022-08-08 04:05:00 ]
2022-09-03 06:07:47,339 read OIL from av [ 2022-09-02 18:10:00 to 2022-08-08 09:35:00 ]
2022-09-03 06:13:48,303 Time out DX-Y.NYB
2022-09-03 06:13:48,658 read GLD from av [ 2022-09-02 19:45:00 to 2022-08-08 04:05:00 ]
2022-09-03 06:13:50,912 read UUP from av [ 2022-09-02 17:00:00 to 2022-08-08 07:05:00 ]
2022-09-03 06:13:52,663 read SHY from av [ 2022-09-02 16:30:00 to 2022-08-08 06:25:00 ]
2022-09-03 06:13:54,391 read SHV from av [ 2022-09-02 16:05:00 to 2022-08-08 09:35:00 ]
2022-09-03 06:13:56,405 read IEF from av [ 2022-09-02 16:30:00 to 2022-08-08 08:10:00 ]
2022-09-03 06:19:57,990 Time out ^IRX
2022-09-03 06:25:58,686 Time out ^FVX
2022-09-03 06:31:59,393 Time out ^TYX
2022-09-03 06:31:59,816 read SQQQ from av [ 2022-09-02 20:00:00 to 2022-08-05 04:05:00 ]
2022-09-03 06:32:05,244 read TQQQ from av [ 2022-09-02 20:00:00 to 2022-08-05 04:05:00 ]
2022-09-03 06:38:06,894 Time out ^VXX
2022-09-03 06:44:07,646 Time out ^VXZ
2022-09-03 06:44:09,091 read IYE from av [ 2022-09-02 16:00:00 to 2022-08-08 09:35:00 ]
2022-09-03 06:44:10,041 read IYY from av [ 2022-09-02 16:00:00 to 2022-08-08 09:35:00 ]
2022-09-03 06:44:11,629 read IYF from av [ 2022-09-02 16:00:00 to 2022-08-08 09:30:00 ]
2022-09-03 06:44:13,687 read IYR from av [ 2022-09-02 17:20:00 to 2022-08-08 09:30:00 ]
2022-09-03 06:44:16,225 read IYW from av [ 2022-09-02 16:05:00 to 2022-08-08 09:05:00 ]
2022-09-03 06:44:18,792 read IYT from av [ 2022-09-02 16:00:00 to 2022-08-08 09:35:00 ]
2022-09-03 06:44:20,021 read PEJ from av [ 2022-09-02 16:00:00 to 2022-08-08 09:35:00 ]
2022-09-03 06:44:20,834 read USO from av [ 2022-09-02 19:55:00 to 2022-08-08 04:05:00 ]
2022-09-03 06:44:22,760 read DBC from av [ 2022-09-02 17:00:00 to 2022-08-08 07:05:00 ]
2022-09-03 06:44:25,788 read GSG from av [ 2022-09-02 19:15:00 to 2022-08-08 09:35:00 ]
2022-09-03 06:44:26,728 read VTI from av [ 2022-09-02 19:50:00 to 2022-08-05 07:10:00 ]
2022-09-03 06:50:27,895 Time out ^RUT
2022-09-03 06:50:29,588 read FDN from av [ 2022-09-02 20:00:00 to 2022-08-08 09:30:00 ]
2022-09-03 06:50:31,402 read XLV from av [ 2022-09-02 19:05:00 to 2022-08-08 04:10:00 ]
2022-09-03 06:50:33,196 read IBB from av [ 2022-09-02 16:15:00 to 2022-08-08 07:05:00 ]
2022-09-03 06:50:36,757 read KRE from av [ 2022-09-02 17:45:00 to 2022-08-08 07:15:00 ]
2022-09-03 06:50:38,628 read KBE from av [ 2022-09-02 16:10:00 to 2022-08-08 09:35:00 ]
2022-09-03 06:50:41,029 read XLF from av [ 2022-09-02 20:00:00 to 2022-08-08 04:15:00 ]
2022-09-03 06:50:44,885 read XLP from av [ 2022-09-02 19:30:00 to 2022-08-08 07:35:00 ]
2022-09-03 06:50:45,819 read XLY from av [ 2022-09-02 16:15:00 to 2022-08-08 08:05:00 ]
2022-09-03 06:50:46,656 read VNQ from av [ 2022-09-02 19:50:00 to 2022-08-08 07:00:00 ]
2022-09-03 06:50:47,683 read XLB from av [ 2022-09-02 16:15:00 to 2022-08-05 08:35:00 ]
2022-09-03 06:50:49,580 read XLI from av [ 2022-09-02 17:10:00 to 2022-08-08 07:55:00 ]
2022-09-03 06:50:51,353 read KBWB from av [ 2022-09-02 16:05:00 to 2022-08-08 09:35:00 ]
2022-09-03 06:56:52,741 Time out TVIX
2022-09-03 07:02:53,385 Time out ^VVIX
2022-09-03 07:02:53,966 read VIXM from av [ 2022-09-02 16:00:00 to 2022-08-08 09:35:00 ]
2022-09-03 07:02:55,934 read VIXY from av [ 2022-09-02 20:00:00 to 2022-08-08 04:05:00 ]
2022-09-03 07:03:00,454 read VXX from av [ 2022-09-02 19:55:00 to 2022-08-08 04:05:00 ]
2022-09-03 07:03:04,587 read SVXY from av [ 2022-09-02 18:00:00 to 2022-08-08 04:05:00 ]
2022-09-03 07:03:10,247 read UVXY from av [ 2022-09-02 20:00:00 to 2022-08-08 04:05:00 ]
2022-09-03 07:03:11,615 read VIXY from av [ 2022-09-02 20:00:00 to 2022-08-08 04:05:00 ]
