2022-10-29 09:01:07,821 read QQQ from av [ 2022-10-28 20:00:00 to 2022-09-30 04:05:00 ]
2022-10-29 09:07:08,487 Time out ^VIX
2022-10-29 09:07:08,836 read FAS from av [ 2022-10-28 20:00:00 to 2022-10-03 04:05:00 ]
2022-10-29 09:07:09,293 read MIDU from av [ 2022-10-28 16:15:00 to 2022-10-03 06:50:00 ]
2022-10-29 09:07:09,968 read AAPL from av [ 2022-10-28 20:00:00 to 2022-09-30 04:05:00 ]
2022-10-29 09:07:10,564 read GOOG from av [ 2022-10-28 20:00:00 to 2022-09-30 04:05:00 ]
2022-10-29 09:13:11,234 Time out ^GSPC
2022-10-29 09:19:11,716 Time out ^DJI
2022-10-29 09:25:12,397 Time out ^TNX
2022-10-29 09:25:12,808 read MSFT from av [ 2022-10-28 20:00:00 to 2022-09-30 04:05:00 ]
2022-10-29 09:31:13,444 Time out ^VXGOG
2022-10-29 09:37:13,956 Time out ^VXAPL
2022-10-29 09:43:14,484 Time out ^VXGS
2022-10-29 09:49:15,078 Time out ^VXAZN
2022-10-29 09:55:15,681 Time out ^VXIBM
2022-10-29 09:55:15,961 read GS from av [ 2022-10-28 20:00:00 to 2022-09-30 08:05:00 ]
2022-10-29 09:55:16,291 read IBM from av [ 2022-10-28 18:40:00 to 2022-09-30 04:15:00 ]
2022-10-29 10:01:16,881 Time out FB
2022-10-29 10:07:17,444 Time out ^TYVIX
2022-10-29 10:07:17,897 read SPY from av [ 2022-10-28 20:00:00 to 2022-09-30 04:05:00 ]
2022-10-29 10:07:18,373 read GOOGL from av [ 2022-10-28 20:00:00 to 2022-09-30 04:05:00 ]
2022-10-29 10:07:18,858 read JPM from av [ 2022-10-28 19:35:00 to 2022-09-30 06:15:00 ]
2022-10-29 10:07:19,298 read JNJ from av [ 2022-10-28 18:40:00 to 2022-09-30 08:05:00 ]
2022-10-29 10:07:19,775 read BAC from av [ 2022-10-28 20:00:00 to 2022-10-03 04:05:00 ]
2022-10-29 10:07:20,174 read V from av [ 2022-10-28 19:15:00 to 2022-09-30 04:05:00 ]
2022-10-29 10:07:20,559 read WFC from av [ 2022-10-28 20:00:00 to 2022-10-03 04:05:00 ]
2022-10-29 10:07:20,958 read MA from av [ 2022-10-28 16:35:00 to 2022-10-03 08:30:00 ]
2022-10-29 10:07:21,538 read C from av [ 2022-10-28 20:00:00 to 2022-09-30 04:05:00 ]
2022-10-29 10:07:21,897 read PYPL from av [ 2022-10-28 20:00:00 to 2022-10-03 04:05:00 ]
2022-10-29 10:07:22,175 read OIL from av [ 2022-10-28 16:00:00 to 2022-10-03 09:35:00 ]
2022-10-29 10:13:23,389 Time out DX-Y.NYB
2022-10-29 10:13:23,798 read GLD from av [ 2022-10-28 20:00:00 to 2022-10-03 04:05:00 ]
2022-10-29 10:13:24,162 read UUP from av [ 2022-10-28 19:00:00 to 2022-10-03 04:05:00 ]
2022-10-29 10:13:25,567 read SHY from av [ 2022-10-28 19:00:00 to 2022-10-03 04:05:00 ]
2022-10-29 10:13:26,832 read SHV from av [ 2022-10-28 16:25:00 to 2022-10-03 04:05:00 ]
2022-10-29 10:13:28,222 read IEF from av [ 2022-10-28 16:35:00 to 2022-10-03 07:05:00 ]
2022-10-29 10:19:28,809 Time out ^IRX
2022-10-29 10:25:29,340 Time out ^FVX
2022-10-29 10:31:29,867 Time out ^TYX
2022-10-29 10:31:30,726 read SQQQ from av [ 2022-10-28 20:00:00 to 2022-09-30 04:05:00 ]
2022-10-29 10:31:31,266 read TQQQ from av [ 2022-10-28 20:00:00 to 2022-09-30 04:05:00 ]
2022-10-29 10:37:31,852 Time out ^VXX
2022-10-29 10:43:32,460 Time out ^VXZ
2022-10-29 10:43:32,847 read IYE from av [ 2022-10-28 16:00:00 to 2022-10-03 09:35:00 ]
2022-10-29 10:43:34,240 read IYY from av [ 2022-10-28 16:00:00 to 2022-10-03 09:35:00 ]
2022-10-29 10:43:36,120 read IYF from av [ 2022-10-28 16:00:00 to 2022-10-03 09:35:00 ]
2022-10-29 10:43:38,287 read IYR from av [ 2022-10-28 16:55:00 to 2022-10-03 08:05:00 ]
2022-10-29 10:43:40,295 read IYW from av [ 2022-10-28 17:45:00 to 2022-10-03 08:55:00 ]
2022-10-29 10:43:40,588 read IYT from av [ 2022-10-28 16:00:00 to 2022-10-03 09:35:00 ]
2022-10-29 10:43:41,839 read PEJ from av [ 2022-10-28 16:00:00 to 2022-10-03 09:35:00 ]
2022-10-29 10:43:42,480 read USO from av [ 2022-10-28 19:40:00 to 2022-10-03 04:05:00 ]
2022-10-29 10:43:42,868 read DBC from av [ 2022-10-28 19:55:00 to 2022-10-03 04:05:00 ]
2022-10-29 10:43:44,603 read GSG from av [ 2022-10-28 16:00:00 to 2022-10-03 09:35:00 ]
2022-10-29 10:43:44,920 read VTI from av [ 2022-10-28 19:30:00 to 2022-09-30 06:45:00 ]
2022-10-29 10:49:45,500 Time out ^RUT
2022-10-29 10:49:45,808 read FDN from av [ 2022-10-28 16:10:00 to 2022-10-03 09:30:00 ]
2022-10-29 10:49:46,192 read XLV from av [ 2022-10-28 19:40:00 to 2022-10-03 04:05:00 ]
2022-10-29 10:49:46,499 read IBB from av [ 2022-10-28 19:55:00 to 2022-10-03 07:25:00 ]
2022-10-29 10:49:47,027 read KRE from av [ 2022-10-28 17:20:00 to 2022-10-03 09:05:00 ]
2022-10-29 10:49:49,011 read KBE from av [ 2022-10-28 16:10:00 to 2022-10-03 09:30:00 ]
2022-10-29 10:49:49,641 read XLF from av [ 2022-10-28 20:00:00 to 2022-10-03 04:05:00 ]
2022-10-29 10:49:49,924 read XLP from av [ 2022-10-28 17:35:00 to 2022-10-03 04:45:00 ]
2022-10-29 10:49:50,231 read XLY from av [ 2022-10-28 20:00:00 to 2022-10-03 05:50:00 ]
2022-10-29 10:49:50,502 read VNQ from av [ 2022-10-28 20:00:00 to 2022-10-03 07:05:00 ]
2022-10-29 10:49:50,921 read XLB from av [ 2022-10-28 16:30:00 to 2022-10-03 04:20:00 ]
2022-10-29 10:49:51,347 read XLI from av [ 2022-10-28 20:00:00 to 2022-10-03 07:15:00 ]
2022-10-29 10:49:53,041 read KBWB from av [ 2022-10-28 16:05:00 to 2022-10-03 09:35:00 ]
2022-10-29 10:55:53,645 Time out TVIX
2022-10-29 11:01:54,148 Time out ^VVIX
2022-10-29 11:01:54,623 read VIXM from av [ 2022-10-28 16:00:00 to 2022-10-03 09:35:00 ]
2022-10-29 11:01:56,585 read VIXY from av [ 2022-10-28 19:55:00 to 2022-10-03 04:05:00 ]
2022-10-29 11:01:57,038 read VXX from av [ 2022-10-28 20:00:00 to 2022-09-30 04:15:00 ]
2022-10-29 11:01:58,455 read SVXY from av [ 2022-10-28 19:10:00 to 2022-10-03 04:05:00 ]
2022-10-29 11:01:58,926 read UVXY from av [ 2022-10-28 20:00:00 to 2022-10-03 04:05:00 ]
2022-10-29 11:01:59,385 read VIXY from av [ 2022-10-28 19:55:00 to 2022-10-03 04:05:00 ]
