2022-06-11 05:01:08,483 read QQQ from av [ 2022-06-10 20:00:00 to 2022-05-13 04:05:00 ]
2022-06-11 05:07:10,306 Time out ^VIX
2022-06-11 05:07:10,636 read FAS from av [ 2022-06-10 20:00:00 to 2022-05-13 05:45:00 ]
2022-06-11 05:07:11,586 read MIDU from av [ 2022-06-10 16:00:00 to 2022-05-16 07:25:00 ]
2022-06-11 05:07:12,332 read AAPL from av [ 2022-06-10 20:00:00 to 2022-05-13 04:05:00 ]
2022-06-11 05:07:13,839 read GOOG from av [ 2022-06-10 17:45:00 to 2022-05-13 05:50:00 ]
2022-06-11 05:13:15,148 Time out ^GSPC
2022-06-11 05:19:15,789 Time out ^DJI
2022-06-11 05:25:16,495 Time out ^TNX
2022-06-11 05:25:16,900 read MSFT from av [ 2022-06-10 20:00:00 to 2022-05-13 04:05:00 ]
2022-06-11 05:31:18,479 Time out ^VXGOG
2022-06-11 05:37:19,196 Time out ^VXAPL
2022-06-11 05:43:19,904 Time out ^VXGS
2022-06-11 05:49:20,667 Time out ^VXAZN
2022-06-11 05:55:21,345 Time out ^VXIBM
2022-06-11 05:55:21,646 read GS from av [ 2022-06-10 19:55:00 to 2022-05-13 06:05:00 ]
2022-06-11 05:55:22,479 read IBM from av [ 2022-06-10 19:50:00 to 2022-05-13 04:10:00 ]
2022-06-11 05:55:23,408 read FB from av [ 2022-06-08 20:00:00 to 2022-05-13 04:05:00 ]
2022-06-11 06:01:24,935 Time out ^TYVIX
2022-06-11 06:01:25,443 read SPY from av [ 2022-06-10 20:00:00 to 2022-05-13 04:05:00 ]
2022-06-11 06:01:26,691 read GOOGL from av [ 2022-06-10 17:45:00 to 2022-05-13 06:55:00 ]
2022-06-11 06:01:27,663 read JPM from av [ 2022-06-10 19:30:00 to 2022-05-13 05:05:00 ]
2022-06-11 06:01:28,613 read JNJ from av [ 2022-06-10 18:35:00 to 2022-05-13 04:25:00 ]
2022-06-11 06:01:29,812 read BAC from av [ 2022-06-10 20:00:00 to 2022-05-16 04:05:00 ]
2022-06-11 06:01:31,148 read V from av [ 2022-06-10 19:50:00 to 2022-05-13 04:05:00 ]
2022-06-11 06:01:32,620 read WFC from av [ 2022-06-10 19:55:00 to 2022-05-16 08:05:00 ]
2022-06-11 06:01:33,958 read MA from av [ 2022-06-10 18:55:00 to 2022-05-16 09:30:00 ]
2022-06-11 06:01:35,403 read C from av [ 2022-06-10 20:00:00 to 2022-05-16 05:55:00 ]
2022-06-11 06:01:36,890 read PYPL from av [ 2022-06-10 19:30:00 to 2022-05-13 04:05:00 ]
2022-06-11 06:01:38,385 read OIL from av [ 2022-06-10 16:00:00 to 2022-05-16 09:35:00 ]
2022-06-11 06:07:39,429 Time out DX-Y.NYB
2022-06-11 06:07:39,895 read GLD from av [ 2022-06-10 19:55:00 to 2022-05-16 04:05:00 ]
2022-06-11 06:07:40,887 read UUP from av [ 2022-06-10 19:15:00 to 2022-05-16 07:05:00 ]
2022-06-11 06:07:42,657 read SHY from av [ 2022-06-10 17:55:00 to 2022-05-16 08:05:00 ]
2022-06-11 06:07:44,237 read SHV from av [ 2022-06-10 16:00:00 to 2022-05-16 09:35:00 ]
2022-06-11 06:07:46,027 read IEF from av [ 2022-06-10 16:25:00 to 2022-05-16 08:20:00 ]
2022-06-11 06:13:47,206 Time out ^IRX
2022-06-11 06:19:47,951 Time out ^FVX
2022-06-11 06:25:48,719 Time out ^TYX
2022-06-11 06:25:49,556 read SQQQ from av [ 2022-06-10 20:00:00 to 2022-05-13 04:05:00 ]
2022-06-11 06:25:50,904 read TQQQ from av [ 2022-06-10 20:00:00 to 2022-05-13 04:05:00 ]
2022-06-11 06:31:52,671 Time out ^VXX
2022-06-11 06:37:53,319 Time out ^VXZ
2022-06-11 06:37:54,412 read IYE from av [ 2022-06-10 19:30:00 to 2022-05-16 09:35:00 ]
2022-06-11 06:37:55,206 read IYY from av [ 2022-06-10 16:00:00 to 2022-05-16 09:35:00 ]
2022-06-11 06:37:56,506 read IYF from av [ 2022-06-10 16:00:00 to 2022-05-16 09:30:00 ]
2022-06-11 06:37:58,083 read IYR from av [ 2022-06-10 17:00:00 to 2022-05-16 09:35:00 ]
2022-06-11 06:37:59,434 read IYW from av [ 2022-06-10 16:00:00 to 2022-05-16 07:15:00 ]
2022-06-11 06:38:01,245 read IYT from av [ 2022-06-10 16:00:00 to 2022-05-16 09:35:00 ]
2022-06-11 06:38:01,997 read PEJ from av [ 2022-06-10 16:00:00 to 2022-05-16 09:35:00 ]
2022-06-11 06:38:02,760 read USO from av [ 2022-06-10 19:55:00 to 2022-05-16 04:05:00 ]
2022-06-11 06:38:04,575 read DBC from av [ 2022-06-10 20:00:00 to 2022-05-16 07:05:00 ]
2022-06-11 06:38:06,086 read GSG from av [ 2022-06-10 19:40:00 to 2022-05-16 08:05:00 ]
2022-06-11 06:38:06,937 read VTI from av [ 2022-06-10 20:00:00 to 2022-05-16 08:00:00 ]
2022-06-11 06:44:08,227 Time out ^RUT
2022-06-11 06:44:09,333 read FDN from av [ 2022-06-10 19:25:00 to 2022-05-16 07:10:00 ]
2022-06-11 06:44:10,241 read XLV from av [ 2022-06-10 20:00:00 to 2022-05-16 07:25:00 ]
2022-06-11 06:44:12,157 read IBB from av [ 2022-06-10 19:25:00 to 2022-05-16 07:45:00 ]
2022-06-11 06:44:13,960 read KRE from av [ 2022-06-10 17:00:00 to 2022-05-16 09:35:00 ]
2022-06-11 06:44:15,651 read KBE from av [ 2022-06-10 17:00:00 to 2022-05-16 09:30:00 ]
2022-06-11 06:44:16,732 read XLF from av [ 2022-06-10 20:00:00 to 2022-05-16 05:30:00 ]
2022-06-11 06:44:17,745 read XLP from av [ 2022-06-10 19:35:00 to 2022-05-16 06:00:00 ]
2022-06-11 06:44:18,737 read XLY from av [ 2022-06-10 17:45:00 to 2022-05-16 08:25:00 ]
2022-06-11 06:44:19,593 read VNQ from av [ 2022-06-10 20:00:00 to 2022-05-16 08:05:00 ]
2022-06-11 06:44:20,328 read XLB from av [ 2022-06-10 17:05:00 to 2022-05-16 09:30:00 ]
2022-06-11 06:44:21,169 read XLI from av [ 2022-06-10 16:25:00 to 2022-05-16 08:05:00 ]
2022-06-11 06:44:22,763 read KBWB from av [ 2022-06-10 16:05:00 to 2022-05-16 09:35:00 ]
2022-06-11 06:50:23,911 Time out TVIX
2022-06-11 06:56:24,605 Time out ^VVIX
2022-06-11 06:56:25,250 read VIXM from av [ 2022-06-10 16:00:00 to 2022-05-16 09:35:00 ]
2022-06-11 06:56:27,235 read VIXY from av [ 2022-06-10 19:40:00 to 2022-05-16 04:20:00 ]
2022-06-11 06:56:28,249 read VXX from av [ 2022-06-10 19:50:00 to 2022-05-16 06:00:00 ]
2022-06-11 06:56:30,476 read SVXY from av [ 2022-06-10 20:00:00 to 2022-05-16 04:05:00 ]
2022-06-11 06:56:33,749 read UVXY from av [ 2022-06-10 20:00:00 to 2022-05-16 04:05:00 ]
2022-06-11 06:56:35,011 read VIXY from av [ 2022-06-10 19:40:00 to 2022-05-16 04:20:00 ]
