2022-08-20 05:01:08,635 read QQQ from av [ 2022-08-19 20:00:00 to 2022-07-22 04:05:00 ]
2022-08-20 05:07:10,578 Time out ^VIX
2022-08-20 05:07:10,888 read FAS from av [ 2022-08-19 20:00:00 to 2022-07-25 07:10:00 ]
2022-08-20 05:07:11,913 read MIDU from av [ 2022-08-19 16:00:00 to 2022-07-25 09:35:00 ]
2022-08-20 05:07:12,844 read AAPL from av [ 2022-08-19 20:00:00 to 2022-07-22 04:05:00 ]
2022-08-20 05:07:14,384 read GOOG from av [ 2022-08-19 20:00:00 to 2022-07-22 04:05:00 ]
2022-08-20 05:13:15,818 Time out ^GSPC
2022-08-20 05:19:16,486 Time out ^DJI
2022-08-20 05:25:17,281 Time out ^TNX
2022-08-20 05:25:17,766 read MSFT from av [ 2022-08-19 20:00:00 to 2022-07-22 04:05:00 ]
2022-08-20 05:31:19,557 Time out ^VXGOG
2022-08-20 05:37:20,159 Time out ^VXAPL
2022-08-20 05:43:20,884 Time out ^VXGS
2022-08-20 05:49:21,596 Time out ^VXAZN
2022-08-20 05:55:22,347 Time out ^VXIBM
2022-08-20 05:55:22,685 read GS from av [ 2022-08-19 19:10:00 to 2022-07-25 07:05:00 ]
2022-08-20 05:55:23,729 read IBM from av [ 2022-08-19 19:50:00 to 2022-07-22 05:45:00 ]
2022-08-20 06:01:25,207 Time out FB
2022-08-20 06:07:25,892 Time out ^TYVIX
2022-08-20 06:07:26,311 read SPY from av [ 2022-08-19 20:00:00 to 2022-07-22 04:05:00 ]
2022-08-20 06:07:27,968 read GOOGL from av [ 2022-08-19 20:00:00 to 2022-07-22 04:05:00 ]
2022-08-20 06:07:29,028 read JPM from av [ 2022-08-19 19:40:00 to 2022-07-25 06:45:00 ]
2022-08-20 06:07:30,139 read JNJ from av [ 2022-08-19 19:10:00 to 2022-07-22 08:05:00 ]
2022-08-20 06:07:31,178 read BAC from av [ 2022-08-19 20:00:00 to 2022-07-25 04:05:00 ]
2022-08-20 06:07:32,435 read V from av [ 2022-08-19 19:15:00 to 2022-07-25 04:55:00 ]
2022-08-20 06:07:33,394 read WFC from av [ 2022-08-19 17:50:00 to 2022-07-25 05:00:00 ]
2022-08-20 06:07:34,506 read MA from av [ 2022-08-19 17:10:00 to 2022-07-25 08:20:00 ]
2022-08-20 06:07:35,519 read C from av [ 2022-08-19 19:55:00 to 2022-07-25 05:35:00 ]
2022-08-20 06:07:36,764 read PYPL from av [ 2022-08-19 20:00:00 to 2022-07-25 04:15:00 ]
2022-08-20 06:07:37,877 read OIL from av [ 2022-08-19 16:00:00 to 2022-07-25 09:35:00 ]
2022-08-20 06:13:38,836 Time out DX-Y.NYB
2022-08-20 06:13:39,190 read GLD from av [ 2022-08-19 20:00:00 to 2022-07-25 04:05:00 ]
2022-08-20 06:13:41,337 read UUP from av [ 2022-08-19 19:50:00 to 2022-07-25 04:40:00 ]
2022-08-20 06:13:43,242 read SHY from av [ 2022-08-19 17:25:00 to 2022-07-25 04:30:00 ]
2022-08-20 06:13:44,950 read SHV from av [ 2022-08-19 20:00:00 to 2022-07-25 09:35:00 ]
2022-08-20 06:13:46,822 read IEF from av [ 2022-08-19 16:50:00 to 2022-07-25 08:25:00 ]
2022-08-20 06:19:48,049 Time out ^IRX
2022-08-20 06:25:48,790 Time out ^FVX
2022-08-20 06:31:49,558 Time out ^TYX
2022-08-20 06:31:50,036 read SQQQ from av [ 2022-08-19 20:00:00 to 2022-07-22 04:05:00 ]
2022-08-20 06:31:51,861 read TQQQ from av [ 2022-08-19 20:00:00 to 2022-07-22 04:05:00 ]
2022-08-20 06:37:54,122 Time out ^VXX
2022-08-20 06:43:54,857 Time out ^VXZ
2022-08-20 06:43:56,055 read IYE from av [ 2022-08-19 16:00:00 to 2022-07-25 08:05:00 ]
2022-08-20 06:43:56,865 read IYY from av [ 2022-08-19 16:00:00 to 2022-07-25 09:35:00 ]
2022-08-20 06:43:58,047 read IYF from av [ 2022-08-19 16:05:00 to 2022-07-25 09:30:00 ]
2022-08-20 06:43:59,711 read IYR from av [ 2022-08-19 17:15:00 to 2022-07-25 09:00:00 ]
2022-08-20 06:44:01,398 read IYW from av [ 2022-08-19 19:40:00 to 2022-07-25 09:15:00 ]
2022-08-20 06:44:02,762 read IYT from av [ 2022-08-19 16:00:00 to 2022-07-25 09:35:00 ]
2022-08-20 06:44:03,994 read PEJ from av [ 2022-08-19 16:00:00 to 2022-07-25 09:35:00 ]
2022-08-20 06:44:04,902 read USO from av [ 2022-08-19 20:00:00 to 2022-07-25 04:05:00 ]
2022-08-20 06:44:07,260 read DBC from av [ 2022-08-19 16:00:00 to 2022-07-25 07:05:00 ]
2022-08-20 06:44:08,930 read GSG from av [ 2022-08-19 16:00:00 to 2022-07-25 09:35:00 ]
2022-08-20 06:44:09,879 read VTI from av [ 2022-08-19 18:40:00 to 2022-07-25 04:10:00 ]
2022-08-20 06:50:11,146 Time out ^RUT
2022-08-20 06:50:12,438 read FDN from av [ 2022-08-19 18:40:00 to 2022-07-25 09:30:00 ]
2022-08-20 06:50:14,321 read XLV from av [ 2022-08-19 18:45:00 to 2022-07-25 08:05:00 ]
2022-08-20 06:50:15,365 read IBB from av [ 2022-08-19 17:00:00 to 2022-07-25 09:35:00 ]
2022-08-20 06:50:17,152 read KRE from av [ 2022-08-19 19:00:00 to 2022-07-25 08:05:00 ]
2022-08-20 06:50:19,175 read KBE from av [ 2022-08-19 16:45:00 to 2022-07-25 09:35:00 ]
2022-08-20 06:50:21,296 read XLF from av [ 2022-08-19 20:00:00 to 2022-07-25 04:45:00 ]
2022-08-20 06:50:23,593 read XLP from av [ 2022-08-19 17:35:00 to 2022-07-25 07:45:00 ]
2022-08-20 06:50:24,555 read XLY from av [ 2022-08-19 18:10:00 to 2022-07-25 04:40:00 ]
2022-08-20 06:50:25,375 read VNQ from av [ 2022-08-19 16:45:00 to 2022-07-25 04:05:00 ]
2022-08-20 06:50:27,458 read XLB from av [ 2022-08-19 17:00:00 to 2022-07-25 04:25:00 ]
2022-08-20 06:50:29,340 read XLI from av [ 2022-08-19 18:00:00 to 2022-07-25 06:35:00 ]
2022-08-20 06:50:30,209 read KBWB from av [ 2022-08-19 16:05:00 to 2022-07-25 08:05:00 ]
2022-08-20 06:56:31,431 Time out TVIX
2022-08-20 07:02:32,300 Time out ^VVIX
2022-08-20 07:02:32,890 read VIXM from av [ 2022-08-19 16:00:00 to 2022-07-25 08:40:00 ]
2022-08-20 07:02:35,273 read VIXY from av [ 2022-08-19 20:00:00 to 2022-07-25 04:10:00 ]
2022-08-20 07:02:37,670 read VXX from av [ 2022-08-19 20:00:00 to 2022-07-25 04:10:00 ]
2022-08-20 07:02:40,232 read SVXY from av [ 2022-08-19 19:10:00 to 2022-07-25 04:05:00 ]
2022-08-20 07:02:43,833 read UVXY from av [ 2022-08-19 20:00:00 to 2022-07-25 04:05:00 ]
2022-08-20 07:02:45,216 read VIXY from av [ 2022-08-19 20:00:00 to 2022-07-25 04:10:00 ]
