2022-11-19 10:01:08,205 read QQQ from av [ 2022-11-18 20:00:00 to 2022-10-21 04:05:00 ]
2022-11-19 10:07:09,057 Time out ^VIX
2022-11-19 10:07:09,614 read FAS from av [ 2022-11-18 19:55:00 to 2022-10-24 04:25:00 ]
2022-11-19 10:07:10,089 read MIDU from av [ 2022-11-18 16:00:00 to 2022-10-24 09:35:00 ]
2022-11-19 10:07:10,538 read AAPL from av [ 2022-11-18 20:00:00 to 2022-10-21 04:05:00 ]
2022-11-19 10:07:11,040 read GOOG from av [ 2022-11-18 20:00:00 to 2022-10-21 04:05:00 ]
2022-11-19 10:13:11,897 Time out ^GSPC
2022-11-19 10:19:12,541 Time out ^DJI
2022-11-19 10:25:13,128 Time out ^TNX
2022-11-19 10:25:13,532 read MSFT from av [ 2022-11-18 20:00:00 to 2022-10-21 04:20:00 ]
2022-11-19 10:31:14,275 Time out ^VXGOG
2022-11-19 10:37:15,030 Time out ^VXAPL
2022-11-19 10:43:15,642 Time out ^VXGS
2022-11-19 10:49:16,194 Time out ^VXAZN
2022-11-19 10:55:16,925 Time out ^VXIBM
2022-11-19 10:55:17,249 read GS from av [ 2022-11-18 19:05:00 to 2022-10-24 08:05:00 ]
2022-11-19 10:55:17,763 read IBM from av [ 2022-11-18 19:05:00 to 2022-10-21 07:40:00 ]
2022-11-19 11:01:18,599 Time out FB
2022-11-19 11:07:19,162 Time out ^TYVIX
2022-11-19 11:07:19,682 read SPY from av [ 2022-11-18 20:00:00 to 2022-10-21 04:05:00 ]
2022-11-19 11:07:20,543 read GOOGL from av [ 2022-11-18 20:00:00 to 2022-10-21 04:05:00 ]
2022-11-19 11:07:21,066 read JPM from av [ 2022-11-18 18:55:00 to 2022-10-21 07:20:00 ]
2022-11-19 11:07:21,483 read JNJ from av [ 2022-11-18 20:00:00 to 2022-10-21 08:15:00 ]
2022-11-19 11:07:21,876 read BAC from av [ 2022-11-18 20:00:00 to 2022-10-24 04:05:00 ]
2022-11-19 11:07:22,485 read V from av [ 2022-11-18 16:30:00 to 2022-10-24 04:30:00 ]
2022-11-19 11:07:22,894 read WFC from av [ 2022-11-18 20:00:00 to 2022-10-24 04:15:00 ]
2022-11-19 11:07:23,295 read MA from av [ 2022-11-18 18:40:00 to 2022-10-24 08:25:00 ]
2022-11-19 11:07:23,933 read C from av [ 2022-11-18 20:00:00 to 2022-10-24 06:25:00 ]
2022-11-19 11:07:24,372 read PYPL from av [ 2022-11-18 19:25:00 to 2022-10-24 04:05:00 ]
2022-11-19 11:07:24,773 read OIL from av [ 2022-11-18 16:00:00 to 2022-10-24 08:10:00 ]
2022-11-19 11:13:25,492 Time out DX-Y.NYB
2022-11-19 11:13:25,849 read GLD from av [ 2022-11-18 19:30:00 to 2022-10-24 04:05:00 ]
2022-11-19 11:13:26,173 read UUP from av [ 2022-11-18 20:00:00 to 2022-10-24 05:05:00 ]
2022-11-19 11:13:27,803 read SHY from av [ 2022-11-18 17:40:00 to 2022-10-24 06:30:00 ]
2022-11-19 11:13:29,029 read SHV from av [ 2022-11-18 17:00:00 to 2022-10-24 07:15:00 ]
2022-11-19 11:13:30,373 read IEF from av [ 2022-11-18 16:30:00 to 2022-10-24 08:00:00 ]
2022-11-19 11:19:31,182 Time out ^IRX
2022-11-19 11:25:32,515 Time out ^FVX
2022-11-19 11:31:33,348 Time out ^TYX
2022-11-19 11:31:34,010 read SQQQ from av [ 2022-11-18 20:00:00 to 2022-10-21 04:05:00 ]
2022-11-19 11:31:34,608 read TQQQ from av [ 2022-11-18 20:00:00 to 2022-10-21 04:05:00 ]
2022-11-19 11:37:35,613 Time out ^VXX
2022-11-19 11:43:36,130 Time out ^VXZ
2022-11-19 11:43:38,315 read IYE from av [ 2022-11-18 16:00:00 to 2022-10-24 09:35:00 ]
2022-11-19 11:43:39,722 read IYY from av [ 2022-11-18 16:00:00 to 2022-10-24 09:35:00 ]
2022-11-19 11:43:41,524 read IYF from av [ 2022-11-18 16:00:00 to 2022-10-24 09:30:00 ]
2022-11-19 11:43:44,162 read IYR from av [ 2022-11-18 16:50:00 to 2022-10-24 09:30:00 ]
2022-11-19 11:43:45,308 read IYW from av [ 2022-11-18 16:00:00 to 2022-10-24 09:30:00 ]
2022-11-19 11:43:45,795 read IYT from av [ 2022-11-18 16:00:00 to 2022-10-24 09:35:00 ]
2022-11-19 11:43:46,500 read PEJ from av [ 2022-11-18 16:00:00 to 2022-10-24 09:35:00 ]
2022-11-19 11:43:46,885 read USO from av [ 2022-11-18 20:00:00 to 2022-10-24 04:05:00 ]
2022-11-19 11:43:48,881 read DBC from av [ 2022-11-18 17:40:00 to 2022-10-24 08:20:00 ]
2022-11-19 11:43:50,635 read GSG from av [ 2022-11-18 17:15:00 to 2022-10-24 09:35:00 ]
2022-11-19 11:45:51,240 read VTI from av [ 2022-11-18 17:10:00 to 2022-10-24 04:05:00 ]
2022-11-19 11:51:51,930 Time out ^RUT
2022-11-19 11:51:52,383 read FDN from av [ 2022-11-18 17:05:00 to 2022-10-24 09:35:00 ]
2022-11-19 11:51:52,797 read XLV from av [ 2022-11-18 19:40:00 to 2022-10-24 04:20:00 ]
2022-11-19 11:51:53,133 read IBB from av [ 2022-11-18 17:45:00 to 2022-10-24 09:35:00 ]
2022-11-19 11:51:53,629 read KRE from av [ 2022-11-18 16:50:00 to 2022-10-24 07:50:00 ]
2022-11-19 11:51:54,944 read KBE from av [ 2022-11-18 16:45:00 to 2022-10-24 09:35:00 ]
2022-11-19 11:51:55,654 read XLF from av [ 2022-11-18 19:55:00 to 2022-10-24 04:05:00 ]
2022-11-19 11:51:56,082 read XLP from av [ 2022-11-18 18:50:00 to 2022-10-24 04:05:00 ]
2022-11-19 11:51:56,407 read XLY from av [ 2022-11-18 19:15:00 to 2022-10-24 07:25:00 ]
2022-11-19 11:51:56,779 read VNQ from av [ 2022-11-18 16:05:00 to 2022-10-24 07:45:00 ]
2022-11-19 11:51:57,070 read XLB from av [ 2022-11-18 16:50:00 to 2022-10-24 04:05:00 ]
2022-11-19 11:51:57,408 read XLI from av [ 2022-11-18 18:15:00 to 2022-10-24 04:05:00 ]
2022-11-19 11:51:58,686 read KBWB from av [ 2022-11-18 16:00:00 to 2022-10-24 07:45:00 ]
2022-11-19 11:57:59,371 Time out TVIX
2022-11-19 12:04:00,095 Time out ^VVIX
2022-11-19 12:04:00,510 read VIXM from av [ 2022-11-18 16:20:00 to 2022-10-24 09:35:00 ]
2022-11-19 12:04:02,303 read VIXY from av [ 2022-11-18 19:45:00 to 2022-10-24 04:10:00 ]
2022-11-19 12:04:02,717 read VXX from av [ 2022-11-18 20:00:00 to 2022-10-21 05:55:00 ]
2022-11-19 12:04:03,394 read SVXY from av [ 2022-11-18 17:50:00 to 2022-10-24 04:05:00 ]
2022-11-19 12:04:04,060 read UVXY from av [ 2022-11-18 20:00:00 to 2022-10-24 04:05:00 ]
2022-11-19 12:04:04,733 read VIXY from av [ 2022-11-18 19:45:00 to 2022-10-24 04:10:00 ]
