2022-09-24 05:01:08,828 read QQQ from av [ 2022-09-23 20:00:00 to 2022-08-26 04:05:00 ]
2022-09-24 05:07:10,667 Time out ^VIX
2022-09-24 05:07:12,044 read FAS from av [ 2022-09-23 19:30:00 to 2022-08-29 05:05:00 ]
2022-09-24 05:07:13,017 read MIDU from av [ 2022-09-23 16:00:00 to 2022-08-29 09:35:00 ]
2022-09-24 05:07:13,706 read AAPL from av [ 2022-09-23 20:00:00 to 2022-08-26 04:05:00 ]
2022-09-24 05:07:15,331 read GOOG from av [ 2022-09-23 20:00:00 to 2022-08-26 04:05:00 ]
2022-09-24 05:13:16,590 Time out ^GSPC
2022-09-24 05:19:17,316 Time out ^DJI
2022-09-24 05:25:18,098 Time out ^TNX
2022-09-24 05:25:18,464 read MSFT from av [ 2022-09-23 20:00:00 to 2022-08-26 04:05:00 ]
2022-09-24 05:31:20,061 Time out ^VXGOG
2022-09-24 05:37:20,769 Time out ^VXAPL
2022-09-24 05:43:21,479 Time out ^VXGS
2022-09-24 05:49:22,275 Time out ^VXAZN
2022-09-24 05:55:22,916 Time out ^VXIBM
2022-09-24 05:55:23,240 read GS from av [ 2022-09-23 19:25:00 to 2022-08-26 07:25:00 ]
2022-09-24 05:55:24,269 read IBM from av [ 2022-09-23 17:40:00 to 2022-08-26 08:20:00 ]
2022-09-24 06:01:25,650 Time out FB
2022-09-24 06:07:26,318 Time out ^TYVIX
2022-09-24 06:07:26,777 read SPY from av [ 2022-09-23 20:00:00 to 2022-08-26 04:05:00 ]
2022-09-24 06:07:28,490 read GOOGL from av [ 2022-09-23 20:00:00 to 2022-08-26 04:05:00 ]
2022-09-24 06:07:29,522 read JPM from av [ 2022-09-23 19:55:00 to 2022-08-26 04:05:00 ]
2022-09-24 06:07:30,704 read JNJ from av [ 2022-09-23 19:50:00 to 2022-08-26 05:35:00 ]
2022-09-24 06:07:31,757 read BAC from av [ 2022-09-23 20:00:00 to 2022-08-29 04:05:00 ]
2022-09-24 06:07:32,928 read V from av [ 2022-09-23 20:00:00 to 2022-08-29 04:05:00 ]
2022-09-24 06:07:33,902 read WFC from av [ 2022-09-23 20:00:00 to 2022-08-29 07:10:00 ]
2022-09-24 06:07:34,986 read MA from av [ 2022-09-23 18:45:00 to 2022-08-29 05:40:00 ]
2022-09-24 06:07:35,912 read C from av [ 2022-09-23 19:55:00 to 2022-08-29 04:05:00 ]
2022-09-24 06:07:37,174 read PYPL from av [ 2022-09-23 20:00:00 to 2022-08-29 04:05:00 ]
2022-09-24 06:07:38,323 read OIL from av [ 2022-09-23 16:00:00 to 2022-08-29 09:35:00 ]
2022-09-24 06:13:39,356 Time out DX-Y.NYB
2022-09-24 06:13:39,680 read GLD from av [ 2022-09-23 19:55:00 to 2022-08-29 04:10:00 ]
2022-09-24 06:13:41,889 read UUP from av [ 2022-09-23 19:10:00 to 2022-08-29 06:25:00 ]
2022-09-24 06:13:43,682 read SHY from av [ 2022-09-23 19:25:00 to 2022-08-29 05:25:00 ]
2022-09-24 06:13:45,473 read SHV from av [ 2022-09-23 16:05:00 to 2022-08-29 09:35:00 ]
2022-09-24 06:13:47,400 read IEF from av [ 2022-09-23 16:40:00 to 2022-08-29 04:05:00 ]
2022-09-24 06:19:48,619 Time out ^IRX
2022-09-24 06:25:49,303 Time out ^FVX
2022-09-24 06:31:49,948 Time out ^TYX
2022-09-24 06:31:50,413 read SQQQ from av [ 2022-09-23 20:00:00 to 2022-08-26 04:05:00 ]
2022-09-24 06:31:52,005 read TQQQ from av [ 2022-09-23 20:00:00 to 2022-08-26 04:05:00 ]
2022-09-24 06:37:53,625 Time out ^VXX
2022-09-24 06:43:54,277 Time out ^VXZ
2022-09-24 06:43:55,366 read IYE from av [ 2022-09-23 16:00:00 to 2022-08-29 09:35:00 ]
2022-09-24 06:43:56,404 read IYY from av [ 2022-09-23 16:00:00 to 2022-08-29 09:30:00 ]
2022-09-24 06:43:57,594 read IYF from av [ 2022-09-23 16:00:00 to 2022-08-29 09:30:00 ]
2022-09-24 06:44:00,032 read IYR from av [ 2022-09-23 16:15:00 to 2022-08-29 09:30:00 ]
2022-09-24 06:44:01,634 read IYW from av [ 2022-09-23 19:00:00 to 2022-08-29 07:05:00 ]
2022-09-24 06:44:03,151 read IYT from av [ 2022-09-23 16:00:00 to 2022-08-29 09:35:00 ]
2022-09-24 06:44:04,412 read PEJ from av [ 2022-09-23 16:00:00 to 2022-08-29 09:35:00 ]
2022-09-24 06:44:05,258 read USO from av [ 2022-09-23 20:00:00 to 2022-08-29 04:05:00 ]
2022-09-24 06:44:07,209 read DBC from av [ 2022-09-23 19:45:00 to 2022-08-29 04:05:00 ]
2022-09-24 06:44:08,757 read GSG from av [ 2022-09-23 16:45:00 to 2022-08-29 09:15:00 ]
2022-09-24 06:44:09,561 read VTI from av [ 2022-09-23 19:50:00 to 2022-08-29 05:10:00 ]
2022-09-24 06:50:10,825 Time out ^RUT
2022-09-24 06:50:12,077 read FDN from av [ 2022-09-23 16:00:00 to 2022-08-29 04:05:00 ]
2022-09-24 06:50:12,864 read XLV from av [ 2022-09-23 19:50:00 to 2022-08-29 07:10:00 ]
2022-09-24 06:50:14,754 read IBB from av [ 2022-09-23 16:15:00 to 2022-08-29 08:05:00 ]
2022-09-24 06:50:16,567 read KRE from av [ 2022-09-23 17:00:00 to 2022-08-29 04:25:00 ]
2022-09-24 06:50:18,215 read KBE from av [ 2022-09-23 16:40:00 to 2022-08-29 09:30:00 ]
2022-09-24 06:50:19,071 read XLF from av [ 2022-09-23 19:55:00 to 2022-08-29 04:10:00 ]
2022-09-24 06:50:20,298 read XLP from av [ 2022-09-23 17:00:00 to 2022-08-29 04:45:00 ]
2022-09-24 06:50:21,210 read XLY from av [ 2022-09-23 16:45:00 to 2022-08-29 07:05:00 ]
2022-09-24 06:50:22,083 read VNQ from av [ 2022-09-23 17:10:00 to 2022-08-29 04:15:00 ]
2022-09-24 06:50:22,958 read XLB from av [ 2022-09-23 16:45:00 to 2022-08-29 05:30:00 ]
2022-09-24 06:50:23,790 read XLI from av [ 2022-09-23 17:10:00 to 2022-08-29 07:10:00 ]
2022-09-24 06:50:25,419 read KBWB from av [ 2022-09-23 19:25:00 to 2022-08-29 09:35:00 ]
2022-09-24 06:56:26,561 Time out TVIX
2022-09-24 07:02:27,158 Time out ^VVIX
2022-09-24 07:02:27,576 read VIXM from av [ 2022-09-23 19:05:00 to 2022-08-29 08:05:00 ]
2022-09-24 07:02:29,465 read VIXY from av [ 2022-09-23 20:00:00 to 2022-08-29 04:05:00 ]
2022-09-24 07:02:31,658 read VXX from av [ 2022-09-23 19:55:00 to 2022-08-29 04:15:00 ]
2022-09-24 07:02:33,993 read SVXY from av [ 2022-09-23 19:20:00 to 2022-08-29 04:05:00 ]
2022-09-24 07:02:37,258 read UVXY from av [ 2022-09-23 20:00:00 to 2022-08-29 04:05:00 ]
2022-09-24 07:02:39,006 read VIXY from av [ 2022-09-23 20:00:00 to 2022-08-29 04:05:00 ]
