2022-03-26 05:01:08,008 read QQQ from av [ 2022-03-25 20:00:00 to 2022-02-25 04:05:00 ]
2022-03-26 05:07:09,815 Time out ^VIX
2022-03-26 05:07:10,171 read FAS from av [ 2022-03-25 19:55:00 to 2022-02-25 07:30:00 ]
2022-03-26 05:07:11,201 read MIDU from av [ 2022-03-25 16:00:00 to 2022-02-28 08:05:00 ]
2022-03-26 05:07:11,915 read AAPL from av [ 2022-03-25 20:00:00 to 2022-02-25 04:05:00 ]
2022-03-26 05:07:13,030 read GOOG from av [ 2022-03-25 19:05:00 to 2022-02-25 05:50:00 ]
2022-03-26 05:13:14,227 Time out ^GSPC
2022-03-26 05:19:14,912 Time out ^DJI
2022-03-26 05:25:15,673 Time out ^TNX
2022-03-26 05:25:16,054 read MSFT from av [ 2022-03-25 20:00:00 to 2022-02-25 04:05:00 ]
2022-03-26 05:31:17,496 Time out ^VXGOG
2022-03-26 05:37:18,259 Time out ^VXAPL
2022-03-26 05:43:18,894 Time out ^VXGS
2022-03-26 05:49:19,907 Time out ^VXAZN
2022-03-26 05:55:20,637 Time out ^VXIBM
2022-03-26 05:55:21,122 read GS from av [ 2022-03-25 18:15:00 to 2022-02-28 04:05:00 ]
2022-03-26 05:55:21,910 read IBM from av [ 2022-03-25 19:20:00 to 2022-02-25 05:20:00 ]
2022-03-26 05:55:22,765 read FB from av [ 2022-03-25 20:00:00 to 2022-02-25 04:05:00 ]
2022-03-26 06:01:24,050 Time out ^TYVIX
2022-03-26 06:01:24,573 read SPY from av [ 2022-03-25 20:00:00 to 2022-02-25 04:05:00 ]
2022-03-26 06:01:25,585 read GOOGL from av [ 2022-03-25 19:25:00 to 2022-02-25 07:45:00 ]
2022-03-26 06:01:26,649 read JPM from av [ 2022-03-25 19:50:00 to 2022-02-28 04:05:00 ]
2022-03-26 06:01:27,415 read JNJ from av [ 2022-03-25 19:15:00 to 2022-02-28 04:35:00 ]
2022-03-26 06:01:28,516 read BAC from av [ 2022-03-25 20:00:00 to 2022-02-28 04:05:00 ]
2022-03-26 06:01:29,439 read V from av [ 2022-03-25 19:05:00 to 2022-02-28 07:15:00 ]
2022-03-26 06:01:30,298 read WFC from av [ 2022-03-25 20:00:00 to 2022-02-25 04:05:00 ]
2022-03-26 06:01:31,110 read MA from av [ 2022-03-25 18:55:00 to 2022-02-28 08:05:00 ]
2022-03-26 06:01:31,857 read C from av [ 2022-03-25 20:00:00 to 2022-02-28 04:05:00 ]
2022-03-26 06:01:33,093 read PYPL from av [ 2022-03-25 20:00:00 to 2022-02-28 04:05:00 ]
2022-03-26 06:01:34,618 read OIL from av [ 2022-03-25 19:45:00 to 2022-02-28 07:05:00 ]
2022-03-26 06:07:35,552 Time out DX-Y.NYB
2022-03-26 06:07:35,962 read GLD from av [ 2022-03-25 19:35:00 to 2022-02-28 04:05:00 ]
2022-03-26 06:07:37,702 read UUP from av [ 2022-03-25 16:00:00 to 2022-02-28 07:30:00 ]
2022-03-26 06:07:38,603 read SHY from av [ 2022-03-25 16:45:00 to 2022-02-28 07:05:00 ]
2022-03-26 06:07:40,291 read SHV from av [ 2022-03-25 16:25:00 to 2022-02-28 08:20:00 ]
2022-03-26 06:07:42,042 read IEF from av [ 2022-03-25 20:00:00 to 2022-02-28 04:25:00 ]
2022-03-26 06:13:43,320 Time out ^IRX
2022-03-26 06:19:44,051 Time out ^FVX
2022-03-26 06:25:44,809 Time out ^TYX
2022-03-26 06:25:45,278 read SQQQ from av [ 2022-03-25 20:00:00 to 2022-02-25 04:05:00 ]
2022-03-26 06:25:46,458 read TQQQ from av [ 2022-03-25 20:00:00 to 2022-02-25 04:05:00 ]
2022-03-26 06:31:47,930 Time out ^VXX
2022-03-26 06:37:48,612 Time out ^VXZ
2022-03-26 06:37:49,802 read IYE from av [ 2022-03-25 16:00:00 to 2022-02-28 07:05:00 ]
2022-03-26 06:37:50,665 read IYY from av [ 2022-03-25 16:00:00 to 2022-02-28 09:35:00 ]
2022-03-26 06:37:52,047 read IYF from av [ 2022-03-25 16:00:00 to 2022-02-28 08:05:00 ]
2022-03-26 06:37:53,596 read IYR from av [ 2022-03-25 17:00:00 to 2022-02-28 08:35:00 ]
2022-03-26 06:37:54,946 read IYW from av [ 2022-03-25 16:00:00 to 2022-02-28 09:30:00 ]
2022-03-26 06:37:55,663 read IYT from av [ 2022-03-25 16:10:00 to 2022-02-28 09:35:00 ]
2022-03-26 06:37:57,011 read PEJ from av [ 2022-03-25 16:00:00 to 2022-02-28 07:00:00 ]
2022-03-26 06:37:58,067 read USO from av [ 2022-03-25 20:00:00 to 2022-02-28 04:05:00 ]
2022-03-26 06:38:00,151 read DBC from av [ 2022-03-25 17:45:00 to 2022-02-28 04:50:00 ]
2022-03-26 06:38:01,758 read GSG from av [ 2022-03-25 19:35:00 to 2022-02-28 04:05:00 ]
2022-03-26 06:38:02,600 read VTI from av [ 2022-03-25 19:55:00 to 2022-02-28 04:05:00 ]
2022-03-26 06:44:05,072 Time out ^RUT
2022-03-26 06:44:05,333 read FDN from av [ 2022-03-25 16:05:00 to 2022-02-28 09:30:00 ]
2022-03-26 06:44:06,274 read XLV from av [ 2022-03-25 17:00:00 to 2022-02-28 04:40:00 ]
2022-03-26 06:44:06,923 read IBB from av [ 2022-03-25 18:30:00 to 2022-02-28 04:10:00 ]
2022-03-26 06:44:07,575 read KRE from av [ 2022-03-25 17:05:00 to 2022-02-28 07:05:00 ]
2022-03-26 06:44:09,234 read KBE from av [ 2022-03-25 19:50:00 to 2022-02-28 09:05:00 ]
2022-03-26 06:44:10,013 read XLF from av [ 2022-03-25 20:00:00 to 2022-02-28 04:05:00 ]
2022-03-26 06:44:10,920 read XLP from av [ 2022-03-25 17:10:00 to 2022-02-28 04:05:00 ]
2022-03-26 06:44:11,575 read XLY from av [ 2022-03-25 19:15:00 to 2022-02-28 07:15:00 ]
2022-03-26 06:44:12,190 read VNQ from av [ 2022-03-25 19:55:00 to 2022-02-28 07:15:00 ]
2022-03-26 06:44:12,811 read XLB from av [ 2022-03-25 18:00:00 to 2022-02-28 06:15:00 ]
2022-03-26 06:44:13,522 read XLI from av [ 2022-03-25 17:10:00 to 2022-02-28 07:25:00 ]
2022-03-26 06:44:15,343 read KBWB from av [ 2022-03-25 16:00:00 to 2022-02-28 09:30:00 ]
2022-03-26 06:50:18,091 Time out TVIX
2022-03-26 06:56:18,889 Time out ^VVIX
2022-03-26 06:56:19,429 read VIXM from av [ 2022-03-25 16:00:00 to 2022-02-28 09:20:00 ]
2022-03-26 06:56:21,888 read VIXY from av [ 2022-03-25 19:50:00 to 2022-02-28 04:05:00 ]
2022-03-26 06:56:23,102 read VXX from av [ 2022-03-25 20:00:00 to 2022-02-28 04:05:00 ]
2022-03-26 06:56:25,292 read SVXY from av [ 2022-03-25 20:00:00 to 2022-02-28 04:05:00 ]
2022-03-26 06:56:26,549 read UVXY from av [ 2022-03-25 20:00:00 to 2022-02-28 04:05:00 ]
2022-03-26 06:56:27,588 read VIXY from av [ 2022-03-25 19:50:00 to 2022-02-28 04:05:00 ]
