2022-05-14 05:01:08,904 read QQQ from av [ 2022-05-13 20:00:00 to 2022-04-18 04:05:00 ]
2022-05-14 05:07:10,516 Time out ^VIX
2022-05-14 05:07:10,893 read FAS from av [ 2022-05-13 19:45:00 to 2022-04-18 05:30:00 ]
2022-05-14 05:07:12,091 read MIDU from av [ 2022-05-13 16:45:00 to 2022-04-18 09:35:00 ]
2022-05-14 05:07:12,906 read AAPL from av [ 2022-05-13 20:00:00 to 2022-04-18 04:05:00 ]
2022-05-14 05:07:14,237 read GOOG from av [ 2022-05-13 19:10:00 to 2022-04-18 09:30:00 ]
2022-05-14 05:13:15,471 Time out ^GSPC
2022-05-14 05:19:16,105 Time out ^DJI
2022-05-14 05:25:17,576 Time out ^TNX
2022-05-14 05:25:18,080 read MSFT from av [ 2022-05-13 20:00:00 to 2022-04-18 04:05:00 ]
2022-05-14 05:31:19,543 Time out ^VXGOG
2022-05-14 05:37:20,312 Time out ^VXAPL
2022-05-14 05:43:21,180 Time out ^VXGS
2022-05-14 05:49:21,907 Time out ^VXAZN
2022-05-14 05:55:22,945 Time out ^VXIBM
2022-05-14 05:55:23,259 read GS from av [ 2022-05-13 19:50:00 to 2022-04-18 07:05:00 ]
2022-05-14 05:55:24,160 read IBM from av [ 2022-05-13 18:10:00 to 2022-04-18 04:35:00 ]
2022-05-14 05:55:25,162 read FB from av [ 2022-05-13 20:00:00 to 2022-04-18 04:05:00 ]
2022-05-14 06:01:26,847 Time out ^TYVIX
2022-05-14 06:01:27,361 read SPY from av [ 2022-05-13 20:00:00 to 2022-04-18 04:05:00 ]
2022-05-14 06:01:28,503 read GOOGL from av [ 2022-05-13 19:50:00 to 2022-04-18 04:05:00 ]
2022-05-14 06:01:29,393 read JPM from av [ 2022-05-13 18:10:00 to 2022-04-18 04:05:00 ]
2022-05-14 06:01:30,372 read JNJ from av [ 2022-05-13 19:20:00 to 2022-04-18 07:05:00 ]
2022-05-14 06:01:31,316 read BAC from av [ 2022-05-13 20:00:00 to 2022-04-18 04:05:00 ]
2022-05-14 06:01:32,395 read V from av [ 2022-05-13 19:25:00 to 2022-04-18 08:10:00 ]
2022-05-14 06:01:33,603 read WFC from av [ 2022-05-13 19:35:00 to 2022-04-18 05:40:00 ]
2022-05-14 06:01:34,579 read MA from av [ 2022-05-13 16:15:00 to 2022-04-18 08:20:00 ]
2022-05-14 06:01:35,386 read C from av [ 2022-05-13 20:00:00 to 2022-04-18 04:40:00 ]
2022-05-14 06:01:36,499 read PYPL from av [ 2022-05-13 20:00:00 to 2022-04-18 04:30:00 ]
2022-05-14 06:01:37,634 read OIL from av [ 2022-05-13 16:00:00 to 2022-04-18 08:25:00 ]
2022-05-14 06:07:39,280 Time out DX-Y.NYB
2022-05-14 06:07:39,723 read GLD from av [ 2022-05-13 19:55:00 to 2022-04-18 04:10:00 ]
2022-05-14 06:07:40,855 read UUP from av [ 2022-05-13 16:55:00 to 2022-04-18 07:40:00 ]
2022-05-14 06:07:42,672 read SHY from av [ 2022-05-13 16:05:00 to 2022-04-18 08:00:00 ]
2022-05-14 06:07:44,165 read SHV from av [ 2022-05-13 20:00:00 to 2022-04-18 05:20:00 ]
2022-05-14 06:07:46,054 read IEF from av [ 2022-05-13 17:20:00 to 2022-04-18 09:15:00 ]
2022-05-14 06:13:47,666 Time out ^IRX
2022-05-14 06:19:48,398 Time out ^FVX
2022-05-14 06:25:49,117 Time out ^TYX
2022-05-14 06:25:49,587 read SQQQ from av [ 2022-05-13 20:00:00 to 2022-04-18 04:05:00 ]
2022-05-14 06:25:50,938 read TQQQ from av [ 2022-05-13 20:00:00 to 2022-04-18 04:05:00 ]
2022-05-14 06:31:52,397 Time out ^VXX
2022-05-14 06:37:52,915 Time out ^VXZ
2022-05-14 06:37:54,339 read IYE from av [ 2022-05-13 16:55:00 to 2022-04-18 09:05:00 ]
2022-05-14 06:37:55,259 read IYY from av [ 2022-05-13 16:00:00 to 2022-04-18 09:35:00 ]
2022-05-14 06:37:56,645 read IYF from av [ 2022-05-13 16:00:00 to 2022-04-18 08:55:00 ]
2022-05-14 06:37:58,376 read IYR from av [ 2022-05-13 19:30:00 to 2022-04-18 09:35:00 ]
2022-05-14 06:38:00,064 read IYW from av [ 2022-05-13 16:05:00 to 2022-04-18 09:35:00 ]
2022-05-14 06:38:01,592 read IYT from av [ 2022-05-13 16:00:00 to 2022-04-18 09:35:00 ]
2022-05-14 06:38:03,353 read PEJ from av [ 2022-05-13 16:00:00 to 2022-04-18 08:10:00 ]
2022-05-14 06:38:04,328 read USO from av [ 2022-05-13 20:00:00 to 2022-04-18 04:05:00 ]
2022-05-14 06:38:06,614 read DBC from av [ 2022-05-13 17:00:00 to 2022-04-18 04:05:00 ]
2022-05-14 06:38:08,308 read GSG from av [ 2022-05-13 18:55:00 to 2022-04-18 09:05:00 ]
2022-05-14 06:38:08,973 read VTI from av [ 2022-05-13 20:00:00 to 2022-04-18 07:05:00 ]
2022-05-14 06:44:10,188 Time out ^RUT
2022-05-14 06:44:11,581 read FDN from av [ 2022-05-13 16:45:00 to 2022-04-18 09:35:00 ]
2022-05-14 06:44:12,326 read XLV from av [ 2022-05-13 18:10:00 to 2022-04-18 07:05:00 ]
2022-05-14 06:44:14,096 read IBB from av [ 2022-05-13 19:40:00 to 2022-04-18 09:35:00 ]
2022-05-14 06:44:16,234 read KRE from av [ 2022-05-13 20:00:00 to 2022-04-18 08:15:00 ]
2022-05-14 06:44:18,164 read KBE from av [ 2022-05-13 18:05:00 to 2022-04-18 09:35:00 ]
2022-05-14 06:44:18,955 read XLF from av [ 2022-05-13 20:00:00 to 2022-04-18 05:40:00 ]
2022-05-14 06:44:19,952 read XLP from av [ 2022-05-13 19:25:00 to 2022-04-18 04:05:00 ]
2022-05-14 06:44:20,783 read XLY from av [ 2022-05-13 18:45:00 to 2022-04-18 08:35:00 ]
2022-05-14 06:44:22,503 read VNQ from av [ 2022-05-13 16:50:00 to 2022-04-18 07:40:00 ]
2022-05-14 06:44:23,431 read XLB from av [ 2022-05-13 16:55:00 to 2022-04-18 09:30:00 ]
2022-05-14 06:44:24,249 read XLI from av [ 2022-05-13 16:20:00 to 2022-04-18 08:40:00 ]
2022-05-14 06:44:26,031 read KBWB from av [ 2022-05-13 16:00:00 to 2022-04-18 07:05:00 ]
2022-05-14 06:50:27,339 Time out TVIX
2022-05-14 06:56:28,079 Time out ^VVIX
2022-05-14 06:56:28,702 read VIXM from av [ 2022-05-13 16:00:00 to 2022-04-18 09:10:00 ]
2022-05-14 06:56:30,789 read VIXY from av [ 2022-05-13 20:00:00 to 2022-04-18 04:05:00 ]
2022-05-14 06:56:31,873 read VXX from av [ 2022-05-13 19:35:00 to 2022-04-18 04:05:00 ]
2022-05-14 06:56:34,387 read SVXY from av [ 2022-05-13 20:00:00 to 2022-04-18 04:35:00 ]
2022-05-14 06:56:37,751 read UVXY from av [ 2022-05-13 20:00:00 to 2022-04-18 04:05:00 ]
2022-05-14 06:56:38,932 read VIXY from av [ 2022-05-13 20:00:00 to 2022-04-18 04:05:00 ]
