2022-12-03 10:01:08,129 read QQQ from av [ 2022-12-02 20:00:00 to 2022-11-04 04:05:00 ]
2022-12-03 10:07:08,948 Time out ^VIX
2022-12-03 10:07:09,410 read FAS from av [ 2022-12-02 19:00:00 to 2022-11-07 04:10:00 ]
2022-12-03 10:07:09,798 read MIDU from av [ 2022-12-02 16:00:00 to 2022-11-07 07:25:00 ]
2022-12-03 10:07:10,270 read AAPL from av [ 2022-12-02 20:00:00 to 2022-11-04 04:05:00 ]
2022-12-03 10:07:10,996 read GOOG from av [ 2022-12-02 20:00:00 to 2022-11-04 04:05:00 ]
2022-12-03 10:13:11,798 Time out ^GSPC
2022-12-03 10:19:12,515 Time out ^DJI
2022-12-03 10:25:13,126 Time out ^TNX
2022-12-03 10:25:13,447 read MSFT from av [ 2022-12-02 20:00:00 to 2022-11-04 04:05:00 ]
2022-12-03 10:31:14,242 Time out ^VXGOG
2022-12-03 10:37:15,120 Time out ^VXAPL
2022-12-03 10:43:15,878 Time out ^VXGS
2022-12-03 10:49:16,661 Time out ^VXAZN
2022-12-03 10:55:17,366 Time out ^VXIBM
2022-12-03 10:55:17,650 read GS from av [ 2022-12-02 19:55:00 to 2022-11-07 07:20:00 ]
2022-12-03 10:55:17,971 read IBM from av [ 2022-12-02 19:05:00 to 2022-11-04 07:10:00 ]
2022-12-03 11:01:18,755 Time out FB
2022-12-03 11:07:19,444 Time out ^TYVIX
2022-12-03 11:07:20,101 read SPY from av [ 2022-12-02 20:00:00 to 2022-11-04 04:05:00 ]
2022-12-03 11:07:20,902 read GOOGL from av [ 2022-12-02 20:00:00 to 2022-11-04 04:05:00 ]
2022-12-03 11:07:21,297 read JPM from av [ 2022-12-02 17:10:00 to 2022-11-04 05:20:00 ]
2022-12-03 11:07:21,661 read JNJ from av [ 2022-12-02 20:00:00 to 2022-11-04 07:10:00 ]
2022-12-03 11:07:22,071 read BAC from av [ 2022-12-02 20:00:00 to 2022-11-04 04:35:00 ]
2022-12-03 11:07:22,554 read V from av [ 2022-12-02 20:00:00 to 2022-11-04 05:20:00 ]
2022-12-03 11:07:22,888 read WFC from av [ 2022-12-02 20:00:00 to 2022-11-07 05:05:00 ]
2022-12-03 11:07:23,167 read MA from av [ 2022-12-02 16:05:00 to 2022-11-07 07:05:00 ]
2022-12-03 11:07:23,514 read C from av [ 2022-12-02 20:00:00 to 2022-11-07 04:05:00 ]
2022-12-03 11:07:23,917 read PYPL from av [ 2022-12-02 20:00:00 to 2022-11-07 04:05:00 ]
2022-12-03 11:07:24,219 read OIL from av [ 2022-12-02 16:00:00 to 2022-11-07 09:25:00 ]
2022-12-03 11:13:25,697 Time out DX-Y.NYB
2022-12-03 11:13:26,074 read GLD from av [ 2022-12-02 19:05:00 to 2022-11-07 04:10:00 ]
2022-12-03 11:13:26,518 read UUP from av [ 2022-12-02 17:45:00 to 2022-11-07 06:30:00 ]
2022-12-03 11:13:27,800 read SHY from av [ 2022-12-02 16:30:00 to 2022-11-07 06:15:00 ]
2022-12-03 11:13:29,038 read SHV from av [ 2022-12-02 16:00:00 to 2022-11-07 08:35:00 ]
2022-12-03 11:13:30,383 read IEF from av [ 2022-12-02 17:20:00 to 2022-11-07 06:10:00 ]
2022-12-03 11:19:31,123 Time out ^IRX
2022-12-03 11:25:31,878 Time out ^FVX
2022-12-03 11:31:32,579 Time out ^TYX
2022-12-03 11:31:33,104 read SQQQ from av [ 2022-12-02 20:00:00 to 2022-11-04 04:05:00 ]
2022-12-03 11:31:33,741 read TQQQ from av [ 2022-12-02 20:00:00 to 2022-11-04 04:05:00 ]
2022-12-03 11:37:34,606 Time out ^VXX
2022-12-03 11:43:35,337 Time out ^VXZ
2022-12-03 11:43:36,495 read IYE from av [ 2022-12-02 16:00:00 to 2022-11-07 09:30:00 ]
2022-12-03 11:43:37,996 read IYY from av [ 2022-12-02 16:00:00 to 2022-11-07 09:35:00 ]
2022-12-03 11:43:39,700 read IYF from av [ 2022-12-02 16:00:00 to 2022-11-07 09:30:00 ]
2022-12-03 11:43:41,116 read IYR from av [ 2022-12-02 16:45:00 to 2022-11-07 08:45:00 ]
2022-12-03 11:43:41,457 read IYW from av [ 2022-12-02 16:00:00 to 2022-11-07 09:30:00 ]
2022-12-03 11:43:41,767 read IYT from av [ 2022-12-02 16:00:00 to 2022-11-07 09:35:00 ]
2022-12-03 11:43:42,377 read PEJ from av [ 2022-12-02 16:00:00 to 2022-11-07 09:30:00 ]
2022-12-03 11:43:42,755 read USO from av [ 2022-12-02 19:55:00 to 2022-11-07 04:15:00 ]
2022-12-03 11:43:44,931 read DBC from av [ 2022-12-02 17:35:00 to 2022-11-07 04:05:00 ]
2022-12-03 11:43:46,559 read GSG from av [ 2022-12-02 16:00:00 to 2022-11-07 04:05:00 ]
2022-12-03 11:43:46,917 read VTI from av [ 2022-12-02 16:50:00 to 2022-11-07 05:40:00 ]
2022-12-03 11:49:47,578 Time out ^RUT
2022-12-03 11:49:47,815 read FDN from av [ 2022-12-02 16:05:00 to 2022-11-07 07:05:00 ]
2022-12-03 11:49:48,173 read XLV from av [ 2022-12-02 19:05:00 to 2022-11-07 06:40:00 ]
2022-12-03 11:49:48,675 read IBB from av [ 2022-12-02 17:00:00 to 2022-11-07 08:05:00 ]
2022-12-03 11:49:49,131 read KRE from av [ 2022-12-02 17:55:00 to 2022-11-07 07:05:00 ]
2022-12-03 11:49:50,339 read KBE from av [ 2022-12-02 16:10:00 to 2022-11-07 09:35:00 ]
2022-12-03 11:49:51,015 read XLF from av [ 2022-12-02 20:00:00 to 2022-11-07 04:05:00 ]
2022-12-03 11:49:51,364 read XLP from av [ 2022-12-02 19:40:00 to 2022-11-07 08:05:00 ]
2022-12-03 11:49:51,673 read XLY from av [ 2022-12-02 17:00:00 to 2022-11-07 07:40:00 ]
2022-12-03 11:49:52,011 read VNQ from av [ 2022-12-02 19:40:00 to 2022-11-07 07:10:00 ]
2022-12-03 11:49:52,411 read XLB from av [ 2022-12-02 17:00:00 to 2022-11-07 08:05:00 ]
2022-12-03 11:49:52,811 read XLI from av [ 2022-12-02 19:50:00 to 2022-11-07 04:25:00 ]
2022-12-03 11:49:54,323 read KBWB from av [ 2022-12-02 16:05:00 to 2022-11-07 09:35:00 ]
2022-12-03 11:55:55,357 Time out TVIX
2022-12-03 12:01:56,023 Time out ^VVIX
2022-12-03 12:01:56,399 read VIXM from av [ 2022-12-02 16:20:00 to 2022-11-07 09:35:00 ]
2022-12-03 12:01:57,809 read VIXY from av [ 2022-12-02 20:00:00 to 2022-11-07 05:40:00 ]
2022-12-03 12:01:58,200 read VXX from av [ 2022-12-02 20:00:00 to 2022-11-04 04:05:00 ]
2022-12-03 12:01:58,758 read SVXY from av [ 2022-12-02 17:10:00 to 2022-11-07 04:20:00 ]
2022-12-03 12:01:59,289 read UVXY from av [ 2022-12-02 20:00:00 to 2022-11-07 04:05:00 ]
2022-12-03 12:01:59,836 read VIXY from av [ 2022-12-02 20:00:00 to 2022-11-07 05:40:00 ]
