2022-04-30 05:01:07,946 read QQQ from av [ 2022-04-29 20:00:00 to 2022-04-01 04:05:00 ]
2022-04-30 05:07:09,631 Time out ^VIX
2022-04-30 05:07:09,925 read FAS from av [ 2022-04-29 20:00:00 to 2022-04-04 06:55:00 ]
2022-04-30 05:07:10,968 read MIDU from av [ 2022-04-29 17:50:00 to 2022-04-04 09:40:00 ]
2022-04-30 05:07:11,604 read AAPL from av [ 2022-04-29 20:00:00 to 2022-04-01 04:05:00 ]
2022-04-30 05:07:12,729 read GOOG from av [ 2022-04-29 17:25:00 to 2022-04-01 08:45:00 ]
2022-04-30 05:13:14,056 Time out ^GSPC
2022-04-30 05:19:14,764 Time out ^DJI
2022-04-30 05:25:15,846 Time out ^TNX
2022-04-30 05:25:16,269 read MSFT from av [ 2022-04-29 20:00:00 to 2022-04-01 04:05:00 ]
2022-04-30 05:31:17,637 Time out ^VXGOG
2022-04-30 05:37:18,294 Time out ^VXAPL
2022-04-30 05:43:19,081 Time out ^VXGS
2022-04-30 05:49:19,938 Time out ^VXAZN
2022-04-30 05:55:20,689 Time out ^VXIBM
2022-04-30 05:55:21,158 read GS from av [ 2022-04-29 19:50:00 to 2022-04-04 06:25:00 ]
2022-04-30 05:55:22,304 read IBM from av [ 2022-04-29 18:40:00 to 2022-04-01 05:40:00 ]
2022-04-30 05:55:23,186 read FB from av [ 2022-04-29 20:00:00 to 2022-04-01 04:05:00 ]
2022-04-30 06:01:24,590 Time out ^TYVIX
2022-04-30 06:01:25,153 read SPY from av [ 2022-04-29 20:00:00 to 2022-04-01 04:05:00 ]
2022-04-30 06:01:26,408 read GOOGL from av [ 2022-04-29 19:00:00 to 2022-04-04 04:10:00 ]
2022-04-30 06:01:27,372 read JPM from av [ 2022-04-29 20:00:00 to 2022-04-04 04:15:00 ]
2022-04-30 06:01:28,306 read JNJ from av [ 2022-04-29 20:00:00 to 2022-04-04 08:05:00 ]
2022-04-30 06:01:29,238 read BAC from av [ 2022-04-29 20:00:00 to 2022-04-04 04:05:00 ]
2022-04-30 06:01:30,189 read V from av [ 2022-04-29 20:00:00 to 2022-04-04 05:15:00 ]
2022-04-30 06:01:31,074 read WFC from av [ 2022-04-29 20:00:00 to 2022-04-04 05:35:00 ]
2022-04-30 06:01:32,027 read MA from av [ 2022-04-29 17:50:00 to 2022-04-04 07:40:00 ]
2022-04-30 06:01:33,222 read C from av [ 2022-04-29 20:00:00 to 2022-04-04 04:05:00 ]
2022-04-30 06:01:34,212 read PYPL from av [ 2022-04-29 20:00:00 to 2022-04-04 04:30:00 ]
2022-04-30 06:01:35,267 read OIL from av [ 2022-04-29 16:00:00 to 2022-04-04 07:05:00 ]
2022-04-30 06:07:36,180 Time out DX-Y.NYB
2022-04-30 06:07:36,550 read GLD from av [ 2022-04-29 19:50:00 to 2022-04-04 04:05:00 ]
2022-04-30 06:07:38,330 read UUP from av [ 2022-04-29 19:50:00 to 2022-04-04 08:20:00 ]
2022-04-30 06:07:40,002 read SHY from av [ 2022-04-29 16:30:00 to 2022-04-04 04:05:00 ]
2022-04-30 06:07:41,596 read SHV from av [ 2022-04-29 16:15:00 to 2022-04-04 07:55:00 ]
2022-04-30 06:07:43,316 read IEF from av [ 2022-04-29 19:40:00 to 2022-04-04 06:50:00 ]
2022-04-30 06:13:44,515 Time out ^IRX
2022-04-30 06:19:45,207 Time out ^FVX
2022-04-30 06:25:45,863 Time out ^TYX
2022-04-30 06:25:46,712 read SQQQ from av [ 2022-04-29 20:00:00 to 2022-04-01 04:05:00 ]
2022-04-30 06:25:47,983 read TQQQ from av [ 2022-04-29 20:00:00 to 2022-04-01 04:05:00 ]
2022-04-30 06:31:49,409 Time out ^VXX
2022-04-30 06:37:50,151 Time out ^VXZ
2022-04-30 06:37:51,393 read IYE from av [ 2022-04-29 16:05:00 to 2022-04-04 07:05:00 ]
2022-04-30 06:37:52,207 read IYY from av [ 2022-04-29 16:00:00 to 2022-04-04 09:35:00 ]
2022-04-30 06:37:53,396 read IYF from av [ 2022-04-29 16:05:00 to 2022-04-04 09:35:00 ]
2022-04-30 06:37:55,031 read IYR from av [ 2022-04-29 17:10:00 to 2022-04-04 09:30:00 ]
2022-04-30 06:37:56,486 read IYW from av [ 2022-04-29 16:40:00 to 2022-04-04 09:35:00 ]
2022-04-30 06:37:57,291 read IYT from av [ 2022-04-29 16:00:00 to 2022-04-04 09:35:00 ]
2022-04-30 06:37:58,543 read PEJ from av [ 2022-04-29 16:00:00 to 2022-04-04 09:35:00 ]
2022-04-30 06:37:59,231 read USO from av [ 2022-04-29 20:00:00 to 2022-04-04 04:10:00 ]
2022-04-30 06:38:01,316 read DBC from av [ 2022-04-29 20:00:00 to 2022-04-04 04:05:00 ]
2022-04-30 06:38:03,037 read GSG from av [ 2022-04-29 19:00:00 to 2022-04-04 07:05:00 ]
2022-04-30 06:38:03,890 read VTI from av [ 2022-04-29 20:00:00 to 2022-04-04 04:05:00 ]
2022-04-30 06:44:06,500 Time out ^RUT
2022-04-30 06:44:06,817 read FDN from av [ 2022-04-29 16:55:00 to 2022-04-04 09:35:00 ]
2022-04-30 06:44:07,504 read XLV from av [ 2022-04-29 18:55:00 to 2022-04-04 04:20:00 ]
2022-04-30 06:44:08,220 read IBB from av [ 2022-04-29 19:45:00 to 2022-04-04 07:05:00 ]
2022-04-30 06:44:08,888 read KRE from av [ 2022-04-29 18:40:00 to 2022-04-04 08:55:00 ]
2022-04-30 06:44:10,629 read KBE from av [ 2022-04-29 16:40:00 to 2022-04-04 09:35:00 ]
2022-04-30 06:44:11,332 read XLF from av [ 2022-04-29 20:00:00 to 2022-04-04 04:05:00 ]
2022-04-30 06:44:12,250 read XLP from av [ 2022-04-29 19:05:00 to 2022-04-04 04:10:00 ]
2022-04-30 06:44:12,980 read XLY from av [ 2022-04-29 16:55:00 to 2022-04-04 07:20:00 ]
2022-04-30 06:44:13,680 read VNQ from av [ 2022-04-29 18:10:00 to 2022-04-04 08:05:00 ]
2022-04-30 06:46:14,777 read XLB from av [ 2022-04-29 16:55:00 to 2022-04-04 05:35:00 ]
2022-04-30 06:46:15,545 read XLI from av [ 2022-04-29 18:50:00 to 2022-04-04 05:00:00 ]
2022-04-30 06:46:17,086 read KBWB from av [ 2022-04-29 16:40:00 to 2022-04-04 04:45:00 ]
2022-04-30 06:52:18,185 Time out TVIX
2022-04-30 06:58:18,892 Time out ^VVIX
2022-04-30 06:58:19,443 read VIXM from av [ 2022-04-29 16:20:00 to 2022-04-04 04:05:00 ]
2022-04-30 06:58:21,674 read VIXY from av [ 2022-04-29 20:00:00 to 2022-04-04 04:05:00 ]
2022-04-30 06:58:22,583 read VXX from av [ 2022-04-29 20:00:00 to 2022-04-04 04:05:00 ]
2022-04-30 06:58:24,827 read SVXY from av [ 2022-04-29 20:00:00 to 2022-04-04 05:50:00 ]
2022-04-30 06:58:25,734 read UVXY from av [ 2022-04-29 20:00:00 to 2022-04-04 04:05:00 ]
2022-04-30 06:58:26,839 read VIXY from av [ 2022-04-29 20:00:00 to 2022-04-04 04:05:00 ]
