2022-07-09 05:01:09,160 read QQQ from av [ 2022-07-07 20:00:00 to 2022-06-10 04:05:00 ]
2022-07-09 05:07:10,845 Time out ^VIX
2022-07-09 05:07:11,208 read FAS from av [ 2022-07-07 19:25:00 to 2022-06-13 04:05:00 ]
2022-07-09 05:07:12,114 read MIDU from av [ 2022-07-07 16:00:00 to 2022-06-13 04:05:00 ]
2022-07-09 05:07:13,344 read AAPL from av [ 2022-07-07 20:00:00 to 2022-06-10 04:05:00 ]
2022-07-09 05:07:14,629 read GOOG from av [ 2022-07-07 17:55:00 to 2022-06-10 07:50:00 ]
2022-07-09 05:13:15,973 Time out ^GSPC
2022-07-09 05:19:16,875 Time out ^DJI
2022-07-09 05:25:17,759 Time out ^TNX
2022-07-09 05:25:18,987 read MSFT from av [ 2022-07-07 20:00:00 to 2022-06-10 04:05:00 ]
2022-07-09 05:31:20,761 Time out ^VXGOG
2022-07-09 05:37:21,720 Time out ^VXAPL
2022-07-09 05:43:22,640 Time out ^VXGS
2022-07-09 05:49:23,433 Time out ^VXAZN
2022-07-09 05:55:24,231 Time out ^VXIBM
2022-07-09 05:55:24,742 read GS from av [ 2022-07-07 19:25:00 to 2022-06-13 04:20:00 ]
2022-07-09 05:55:25,627 read IBM from av [ 2022-07-07 20:00:00 to 2022-06-10 05:55:00 ]
2022-07-09 06:01:27,074 Time out FB
2022-07-09 06:07:27,849 Time out ^TYVIX
2022-07-09 06:07:29,111 read SPY from av [ 2022-07-07 20:00:00 to 2022-06-10 04:05:00 ]
2022-07-09 06:07:30,327 read GOOGL from av [ 2022-07-07 18:35:00 to 2022-06-10 04:05:00 ]
2022-07-09 06:07:31,376 read JPM from av [ 2022-07-07 20:00:00 to 2022-06-10 05:40:00 ]
2022-07-09 06:07:32,342 read JNJ from av [ 2022-07-07 16:55:00 to 2022-06-10 08:25:00 ]
2022-07-09 06:07:33,224 read BAC from av [ 2022-07-07 20:00:00 to 2022-06-13 04:05:00 ]
2022-07-09 06:07:34,304 read V from av [ 2022-07-07 19:55:00 to 2022-06-13 04:05:00 ]
2022-07-09 06:07:35,794 read WFC from av [ 2022-07-07 20:00:00 to 2022-06-13 04:05:00 ]
2022-07-09 06:07:37,160 read MA from av [ 2022-07-07 19:25:00 to 2022-06-13 07:50:00 ]
2022-07-09 06:07:38,122 read C from av [ 2022-07-07 20:00:00 to 2022-06-13 04:05:00 ]
2022-07-09 06:07:39,233 read PYPL from av [ 2022-07-07 20:00:00 to 2022-06-13 04:05:00 ]
2022-07-09 06:07:40,297 read OIL from av [ 2022-07-07 19:30:00 to 2022-06-13 09:35:00 ]
2022-07-09 06:13:41,259 Time out DX-Y.NYB
2022-07-09 06:13:42,169 read GLD from av [ 2022-07-07 20:00:00 to 2022-06-13 04:05:00 ]
2022-07-09 06:13:44,135 read UUP from av [ 2022-07-07 18:55:00 to 2022-06-13 04:05:00 ]
2022-07-09 06:13:45,706 read SHY from av [ 2022-07-07 16:40:00 to 2022-06-13 07:55:00 ]
2022-07-09 06:13:47,273 read SHV from av [ 2022-07-07 16:25:00 to 2022-06-13 09:35:00 ]
2022-07-09 06:13:49,088 read IEF from av [ 2022-07-07 16:25:00 to 2022-06-13 04:05:00 ]
2022-07-09 06:19:50,377 Time out ^IRX
2022-07-09 06:25:51,105 Time out ^FVX
2022-07-09 06:31:51,892 Time out ^TYX
2022-07-09 06:31:52,959 read SQQQ from av [ 2022-07-07 20:00:00 to 2022-06-10 04:05:00 ]
2022-07-09 06:31:54,923 read TQQQ from av [ 2022-07-07 20:00:00 to 2022-06-10 04:05:00 ]
2022-07-09 06:37:56,575 Time out ^VXX
2022-07-09 06:43:57,417 Time out ^VXZ
2022-07-09 06:43:58,945 read IYE from av [ 2022-07-07 16:00:00 to 2022-06-13 09:35:00 ]
2022-07-09 06:43:59,824 read IYY from av [ 2022-07-07 16:00:00 to 2022-06-13 09:35:00 ]
2022-07-09 06:44:00,459 read IYF from av [ 2022-07-07 16:00:00 to 2022-06-13 09:35:00 ]
2022-07-09 06:44:02,064 read IYR from av [ 2022-07-07 18:25:00 to 2022-06-13 09:30:00 ]
2022-07-09 06:44:03,424 read IYW from av [ 2022-07-07 17:35:00 to 2022-06-13 09:35:00 ]
2022-07-09 06:44:04,059 read IYT from av [ 2022-07-07 16:00:00 to 2022-06-13 09:30:00 ]
2022-07-09 06:44:05,521 read PEJ from av [ 2022-07-07 16:00:00 to 2022-06-13 09:30:00 ]
2022-07-09 06:44:06,308 read USO from av [ 2022-07-07 20:00:00 to 2022-06-13 04:05:00 ]
2022-07-09 06:44:08,020 read DBC from av [ 2022-07-07 17:25:00 to 2022-06-13 05:20:00 ]
2022-07-09 06:44:10,058 read GSG from av [ 2022-07-07 16:00:00 to 2022-06-13 07:05:00 ]
2022-07-09 06:44:11,210 read VTI from av [ 2022-07-07 18:20:00 to 2022-06-10 06:35:00 ]
2022-07-09 06:50:12,605 Time out ^RUT
2022-07-09 06:50:13,316 read FDN from av [ 2022-07-07 16:05:00 to 2022-06-13 07:05:00 ]
2022-07-09 06:50:14,094 read XLV from av [ 2022-07-07 16:55:00 to 2022-06-13 04:15:00 ]
2022-07-09 06:50:14,903 read IBB from av [ 2022-07-07 17:45:00 to 2022-06-13 04:20:00 ]
2022-07-09 06:50:15,963 read KRE from av [ 2022-07-07 16:20:00 to 2022-06-13 04:05:00 ]
2022-07-09 06:50:17,942 read KBE from av [ 2022-07-07 16:20:00 to 2022-06-13 05:55:00 ]
2022-07-09 06:50:18,801 read XLF from av [ 2022-07-07 20:00:00 to 2022-06-13 04:05:00 ]
2022-07-09 06:50:19,868 read XLP from av [ 2022-07-07 19:50:00 to 2022-06-13 04:05:00 ]
2022-07-09 06:50:20,753 read XLY from av [ 2022-07-07 16:45:00 to 2022-06-13 04:05:00 ]
2022-07-09 06:50:21,535 read VNQ from av [ 2022-07-07 16:55:00 to 2022-06-13 04:15:00 ]
2022-07-09 06:50:22,329 read XLB from av [ 2022-07-07 16:20:00 to 2022-06-13 04:05:00 ]
2022-07-09 06:50:23,046 read XLI from av [ 2022-07-07 16:55:00 to 2022-06-13 05:10:00 ]
2022-07-09 06:50:24,608 read KBWB from av [ 2022-07-07 16:00:00 to 2022-06-13 09:35:00 ]
2022-07-09 06:56:25,776 Time out TVIX
2022-07-09 07:02:26,691 Time out ^VVIX
2022-07-09 07:02:27,396 read VIXM from av [ 2022-07-07 16:00:00 to 2022-06-13 07:05:00 ]
2022-07-09 07:02:29,269 read VIXY from av [ 2022-07-07 20:00:00 to 2022-06-13 04:05:00 ]
2022-07-09 07:02:30,978 read VXX from av [ 2022-07-07 19:50:00 to 2022-06-13 04:05:00 ]
2022-07-09 07:02:33,594 read SVXY from av [ 2022-07-07 19:55:00 to 2022-06-13 04:05:00 ]
2022-07-09 07:02:34,775 read UVXY from av [ 2022-07-07 20:00:00 to 2022-06-13 04:05:00 ]
2022-07-09 07:02:36,102 read VIXY from av [ 2022-07-07 20:00:00 to 2022-06-13 04:05:00 ]
