2022-05-07 05:01:08,700 read QQQ from av [ 2022-05-06 20:00:00 to 2022-04-08 04:05:00 ]
2022-05-07 05:07:10,741 Time out ^VIX
2022-05-07 05:07:11,095 read FAS from av [ 2022-05-06 18:45:00 to 2022-04-08 04:25:00 ]
2022-05-07 05:07:12,013 read MIDU from av [ 2022-05-06 16:00:00 to 2022-04-11 07:15:00 ]
2022-05-07 05:07:12,687 read AAPL from av [ 2022-05-06 20:00:00 to 2022-04-08 04:05:00 ]
2022-05-07 05:07:13,824 read GOOG from av [ 2022-05-06 19:35:00 to 2022-04-08 08:05:00 ]
2022-05-07 05:13:15,493 Time out ^GSPC
2022-05-07 05:19:16,240 Time out ^DJI
2022-05-07 05:25:17,062 Time out ^TNX
2022-05-07 05:25:17,683 read MSFT from av [ 2022-05-06 20:00:00 to 2022-04-08 04:05:00 ]
2022-05-07 05:31:19,167 Time out ^VXGOG
2022-05-07 05:37:20,049 Time out ^VXAPL
2022-05-07 05:43:20,931 Time out ^VXGS
2022-05-07 05:49:21,661 Time out ^VXAZN
2022-05-07 05:55:22,710 Time out ^VXIBM
2022-05-07 05:55:23,057 read GS from av [ 2022-05-06 19:00:00 to 2022-04-11 06:00:00 ]
2022-05-07 05:55:23,911 read IBM from av [ 2022-05-06 20:00:00 to 2022-04-08 07:30:00 ]
2022-05-07 05:55:24,799 read FB from av [ 2022-05-06 20:00:00 to 2022-04-08 04:20:00 ]
2022-05-07 06:01:26,061 Time out ^TYVIX
2022-05-07 06:01:26,520 read SPY from av [ 2022-05-06 20:00:00 to 2022-04-08 04:05:00 ]
2022-05-07 06:01:27,915 read GOOGL from av [ 2022-05-06 19:45:00 to 2022-04-08 07:05:00 ]
2022-05-07 06:01:29,015 read JPM from av [ 2022-05-06 20:00:00 to 2022-04-11 04:05:00 ]
2022-05-07 06:01:30,019 read JNJ from av [ 2022-05-06 19:55:00 to 2022-04-11 04:30:00 ]
2022-05-07 06:01:30,872 read BAC from av [ 2022-05-06 20:00:00 to 2022-04-11 04:05:00 ]
2022-05-07 06:01:32,168 read V from av [ 2022-05-06 19:30:00 to 2022-04-11 07:05:00 ]
2022-05-07 06:01:33,568 read WFC from av [ 2022-05-06 19:55:00 to 2022-04-11 04:20:00 ]
2022-05-07 06:01:34,652 read MA from av [ 2022-05-06 16:55:00 to 2022-04-11 08:10:00 ]
2022-05-07 06:01:35,549 read C from av [ 2022-05-06 19:40:00 to 2022-04-11 04:05:00 ]
2022-05-07 06:01:36,584 read PYPL from av [ 2022-05-06 20:00:00 to 2022-04-08 04:10:00 ]
2022-05-07 06:01:37,734 read OIL from av [ 2022-05-06 17:25:00 to 2022-04-11 09:35:00 ]
2022-05-07 06:07:38,664 Time out DX-Y.NYB
2022-05-07 06:07:39,273 read GLD from av [ 2022-05-06 19:50:00 to 2022-04-11 04:10:00 ]
2022-05-07 06:07:41,131 read UUP from av [ 2022-05-06 19:45:00 to 2022-04-11 05:00:00 ]
2022-05-07 06:07:42,832 read SHY from av [ 2022-05-06 16:30:00 to 2022-04-11 08:10:00 ]
2022-05-07 06:07:44,399 read SHV from av [ 2022-05-06 16:00:00 to 2022-04-11 08:10:00 ]
2022-05-07 06:07:46,094 read IEF from av [ 2022-05-06 16:25:00 to 2022-04-11 07:00:00 ]
2022-05-07 06:13:47,202 Time out ^IRX
2022-05-07 06:19:47,933 Time out ^FVX
2022-05-07 06:25:48,594 Time out ^TYX
2022-05-07 06:25:49,097 read SQQQ from av [ 2022-05-06 20:00:00 to 2022-04-08 04:05:00 ]
2022-05-07 06:25:50,390 read TQQQ from av [ 2022-05-06 20:00:00 to 2022-04-08 04:05:00 ]
2022-05-07 06:31:51,895 Time out ^VXX
2022-05-07 06:37:52,650 Time out ^VXZ
2022-05-07 06:37:54,011 read IYE from av [ 2022-05-06 16:10:00 to 2022-04-11 07:30:00 ]
2022-05-07 06:37:54,921 read IYY from av [ 2022-05-06 16:00:00 to 2022-04-11 09:05:00 ]
2022-05-07 06:37:56,146 read IYF from av [ 2022-05-06 16:10:00 to 2022-04-11 08:10:00 ]
2022-05-07 06:37:57,886 read IYR from av [ 2022-05-06 19:10:00 to 2022-04-11 09:35:00 ]
2022-05-07 06:37:59,298 read IYW from av [ 2022-05-06 16:05:00 to 2022-04-11 07:05:00 ]
2022-05-07 06:38:01,001 read IYT from av [ 2022-05-06 16:00:00 to 2022-04-11 09:30:00 ]
2022-05-07 06:38:02,747 read PEJ from av [ 2022-05-06 18:45:00 to 2022-04-11 09:35:00 ]
2022-05-07 06:38:03,475 read USO from av [ 2022-05-06 20:00:00 to 2022-04-11 04:05:00 ]
2022-05-07 06:38:05,490 read DBC from av [ 2022-05-06 18:50:00 to 2022-04-11 04:20:00 ]
2022-05-07 06:38:07,718 read GSG from av [ 2022-05-06 16:35:00 to 2022-04-11 08:05:00 ]
2022-05-07 06:38:08,382 read VTI from av [ 2022-05-06 19:55:00 to 2022-04-11 04:55:00 ]
2022-05-07 06:44:09,611 Time out ^RUT
2022-05-07 06:44:10,659 read FDN from av [ 2022-05-06 16:40:00 to 2022-04-11 09:35:00 ]
2022-05-07 06:44:11,511 read XLV from av [ 2022-05-06 19:30:00 to 2022-04-11 04:40:00 ]
2022-05-07 06:44:13,339 read IBB from av [ 2022-05-06 20:00:00 to 2022-04-11 05:00:00 ]
2022-05-07 06:44:15,196 read KRE from av [ 2022-05-06 18:35:00 to 2022-04-11 07:10:00 ]
2022-05-07 06:44:16,970 read KBE from av [ 2022-05-06 16:10:00 to 2022-04-11 07:30:00 ]
2022-05-07 06:44:17,693 read XLF from av [ 2022-05-06 20:00:00 to 2022-04-11 04:05:00 ]
2022-05-07 06:44:18,643 read XLP from av [ 2022-05-06 16:45:00 to 2022-04-11 04:05:00 ]
2022-05-07 06:44:19,384 read XLY from av [ 2022-05-06 19:40:00 to 2022-04-11 07:05:00 ]
2022-05-07 06:44:20,052 read VNQ from av [ 2022-05-06 20:00:00 to 2022-04-11 07:50:00 ]
2022-05-07 06:44:20,726 read XLB from av [ 2022-05-06 17:30:00 to 2022-04-11 07:15:00 ]
2022-05-07 06:44:21,470 read XLI from av [ 2022-05-06 17:15:00 to 2022-04-11 04:50:00 ]
2022-05-07 06:44:23,181 read KBWB from av [ 2022-05-06 16:05:00 to 2022-04-11 09:30:00 ]
2022-05-07 06:50:24,448 Time out TVIX
2022-05-07 06:56:25,045 Time out ^VVIX
2022-05-07 06:56:25,635 read VIXM from av [ 2022-05-06 17:30:00 to 2022-04-11 08:45:00 ]
2022-05-07 06:56:27,844 read VIXY from av [ 2022-05-06 20:00:00 to 2022-04-11 04:05:00 ]
2022-05-07 06:56:28,785 read VXX from av [ 2022-05-06 20:00:00 to 2022-04-11 04:10:00 ]
2022-05-07 06:56:31,134 read SVXY from av [ 2022-05-06 20:00:00 to 2022-04-11 04:05:00 ]
2022-05-07 06:56:34,206 read UVXY from av [ 2022-05-06 20:00:00 to 2022-04-11 04:05:00 ]
2022-05-07 06:56:35,603 read VIXY from av [ 2022-05-06 20:00:00 to 2022-04-11 04:05:00 ]
