2022-09-17 05:01:08,238 read QQQ from av [ 2022-09-16 20:00:00 to 2022-08-19 04:05:00 ]
2022-09-17 05:07:10,108 Time out ^VIX
2022-09-17 05:07:10,381 read FAS from av [ 2022-09-16 20:00:00 to 2022-08-22 05:35:00 ]
2022-09-17 05:07:11,460 read MIDU from av [ 2022-09-16 17:25:00 to 2022-08-22 08:05:00 ]
2022-09-17 05:07:12,176 read AAPL from av [ 2022-09-16 20:00:00 to 2022-08-19 04:05:00 ]
2022-09-17 05:07:13,707 read GOOG from av [ 2022-09-16 20:00:00 to 2022-08-19 04:05:00 ]
2022-09-17 05:13:15,047 Time out ^GSPC
2022-09-17 05:19:15,742 Time out ^DJI
2022-09-17 05:25:16,519 Time out ^TNX
2022-09-17 05:25:16,987 read MSFT from av [ 2022-09-16 20:00:00 to 2022-08-19 04:05:00 ]
2022-09-17 05:31:18,791 Time out ^VXGOG
2022-09-17 05:37:19,648 Time out ^VXAPL
2022-09-17 05:43:20,289 Time out ^VXGS
2022-09-17 05:49:21,078 Time out ^VXAZN
2022-09-17 05:55:21,749 Time out ^VXIBM
2022-09-17 05:55:22,253 read GS from av [ 2022-09-16 18:45:00 to 2022-08-22 04:40:00 ]
2022-09-17 05:55:23,307 read IBM from av [ 2022-09-16 18:55:00 to 2022-08-19 04:45:00 ]
2022-09-17 06:01:24,664 Time out FB
2022-09-17 06:07:25,291 Time out ^TYVIX
2022-09-17 06:07:25,849 read SPY from av [ 2022-09-16 20:00:00 to 2022-08-19 04:05:00 ]
2022-09-17 06:07:27,356 read GOOGL from av [ 2022-09-16 20:00:00 to 2022-08-19 04:05:00 ]
2022-09-17 06:07:28,354 read JPM from av [ 2022-09-16 20:00:00 to 2022-08-22 04:05:00 ]
2022-09-17 06:07:29,536 read JNJ from av [ 2022-09-16 20:00:00 to 2022-08-22 04:05:00 ]
2022-09-17 06:07:30,525 read BAC from av [ 2022-09-16 20:00:00 to 2022-08-22 04:05:00 ]
2022-09-17 06:07:31,712 read V from av [ 2022-09-16 19:00:00 to 2022-08-22 04:05:00 ]
2022-09-17 06:07:32,772 read WFC from av [ 2022-09-16 19:55:00 to 2022-08-22 04:05:00 ]
2022-09-17 06:07:33,870 read MA from av [ 2022-09-16 19:30:00 to 2022-08-22 07:25:00 ]
2022-09-17 06:07:34,809 read C from av [ 2022-09-16 19:55:00 to 2022-08-22 04:05:00 ]
2022-09-17 06:07:36,037 read PYPL from av [ 2022-09-16 19:40:00 to 2022-08-22 04:05:00 ]
2022-09-17 06:07:37,165 read OIL from av [ 2022-09-16 17:50:00 to 2022-08-22 09:05:00 ]
2022-09-17 06:13:38,072 Time out DX-Y.NYB
2022-09-17 06:13:38,420 read GLD from av [ 2022-09-16 20:00:00 to 2022-08-22 04:05:00 ]
2022-09-17 06:13:40,534 read UUP from av [ 2022-09-16 18:45:00 to 2022-08-22 07:30:00 ]
2022-09-17 06:13:42,370 read SHY from av [ 2022-09-16 20:00:00 to 2022-08-22 07:45:00 ]
2022-09-17 06:13:44,181 read SHV from av [ 2022-09-16 16:10:00 to 2022-08-22 07:50:00 ]
2022-09-17 06:13:45,233 read IEF from av [ 2022-09-16 17:00:00 to 2022-08-22 08:00:00 ]
2022-09-17 06:19:46,496 Time out ^IRX
2022-09-17 06:25:47,247 Time out ^FVX
2022-09-17 06:31:48,004 Time out ^TYX
2022-09-17 06:31:48,534 read SQQQ from av [ 2022-09-16 20:00:00 to 2022-08-19 04:05:00 ]
2022-09-17 06:31:49,988 read TQQQ from av [ 2022-09-16 20:00:00 to 2022-08-19 04:05:00 ]
2022-09-17 06:37:51,701 Time out ^VXX
2022-09-17 06:43:52,421 Time out ^VXZ
2022-09-17 06:43:53,680 read IYE from av [ 2022-09-16 16:00:00 to 2022-08-22 06:45:00 ]
2022-09-17 06:43:54,560 read IYY from av [ 2022-09-16 16:00:00 to 2022-08-22 09:35:00 ]
2022-09-17 06:43:55,819 read IYF from av [ 2022-09-16 16:00:00 to 2022-08-22 04:05:00 ]
2022-09-17 06:43:57,460 read IYR from av [ 2022-09-16 17:30:00 to 2022-08-22 08:05:00 ]
2022-09-17 06:43:58,811 read IYW from av [ 2022-09-16 16:00:00 to 2022-08-22 09:15:00 ]
2022-09-17 06:43:59,563 read IYT from av [ 2022-09-16 16:45:00 to 2022-08-22 09:35:00 ]
2022-09-17 06:44:00,708 read PEJ from av [ 2022-09-16 16:00:00 to 2022-08-22 09:30:00 ]
2022-09-17 06:44:01,575 read USO from av [ 2022-09-16 20:00:00 to 2022-08-22 04:05:00 ]
2022-09-17 06:44:03,953 read DBC from av [ 2022-09-16 16:00:00 to 2022-08-22 07:00:00 ]
2022-09-17 06:44:05,690 read GSG from av [ 2022-09-16 16:00:00 to 2022-08-22 09:35:00 ]
2022-09-17 06:44:06,479 read VTI from av [ 2022-09-16 19:50:00 to 2022-08-22 04:05:00 ]
2022-09-17 06:50:07,839 Time out ^RUT
2022-09-17 06:50:08,085 read FDN from av [ 2022-09-16 16:00:00 to 2022-08-22 09:35:00 ]
2022-09-17 06:50:09,089 read XLV from av [ 2022-09-16 18:20:00 to 2022-08-22 04:20:00 ]
2022-09-17 06:50:09,997 read IBB from av [ 2022-09-16 17:15:00 to 2022-08-22 08:00:00 ]
2022-09-17 06:50:10,955 read KRE from av [ 2022-09-16 18:50:00 to 2022-08-22 07:05:00 ]
2022-09-17 06:50:12,850 read KBE from av [ 2022-09-16 18:45:00 to 2022-08-22 09:35:00 ]
2022-09-17 06:50:13,710 read XLF from av [ 2022-09-16 19:55:00 to 2022-08-22 04:05:00 ]
2022-09-17 06:50:14,850 read XLP from av [ 2022-09-16 18:00:00 to 2022-08-22 06:15:00 ]
2022-09-17 06:50:15,736 read XLY from av [ 2022-09-16 17:45:00 to 2022-08-19 08:30:00 ]
2022-09-17 06:50:16,751 read VNQ from av [ 2022-09-16 17:35:00 to 2022-08-22 07:00:00 ]
2022-09-17 06:50:17,782 read XLB from av [ 2022-09-16 17:00:00 to 2022-08-22 04:05:00 ]
2022-09-17 06:50:18,722 read XLI from av [ 2022-09-16 17:00:00 to 2022-08-22 04:05:00 ]
2022-09-17 06:50:20,302 read KBWB from av [ 2022-09-16 16:00:00 to 2022-08-22 09:35:00 ]
2022-09-17 06:56:21,527 Time out TVIX
2022-09-17 07:02:22,206 Time out ^VVIX
2022-09-17 07:02:22,620 read VIXM from av [ 2022-09-16 16:00:00 to 2022-08-22 09:35:00 ]
2022-09-17 07:02:24,727 read VIXY from av [ 2022-09-16 20:00:00 to 2022-08-22 04:05:00 ]
2022-09-17 07:02:25,814 read VXX from av [ 2022-09-16 18:00:00 to 2022-08-22 04:05:00 ]
2022-09-17 07:02:28,126 read SVXY from av [ 2022-09-16 19:05:00 to 2022-08-22 04:05:00 ]
2022-09-17 07:02:29,265 read UVXY from av [ 2022-09-16 20:00:00 to 2022-08-22 04:05:00 ]
2022-09-17 07:02:30,647 read VIXY from av [ 2022-09-16 20:00:00 to 2022-08-22 04:05:00 ]
