2022-03-12 05:01:07,969 read QQQ from av [ 2022-03-11 20:00:00 to 2022-02-11 04:05:00 ]
2022-03-12 05:07:09,564 Time out ^VIX
2022-03-12 05:07:11,218 read FAS from av [ 2022-03-11 20:00:00 to 2022-02-14 04:15:00 ]
2022-03-12 05:07:12,110 read MIDU from av [ 2022-03-11 16:00:00 to 2022-02-14 08:20:00 ]
2022-03-12 05:07:12,953 read AAPL from av [ 2022-03-11 20:00:00 to 2022-02-11 04:05:00 ]
2022-03-12 05:07:13,940 read GOOG from av [ 2022-03-11 19:00:00 to 2022-02-11 04:10:00 ]
2022-03-12 05:13:15,190 Time out ^GSPC
2022-03-12 05:19:16,050 Time out ^DJI
2022-03-12 05:25:16,759 Time out ^TNX
2022-03-12 05:25:17,272 read MSFT from av [ 2022-03-11 20:00:00 to 2022-02-11 04:05:00 ]
2022-03-12 05:31:18,733 Time out ^VXGOG
2022-03-12 05:37:19,879 Time out ^VXAPL
2022-03-12 05:43:20,654 Time out ^VXGS
2022-03-12 05:49:21,275 Time out ^VXAZN
2022-03-12 05:55:25,760 Time out ^VXIBM
2022-03-12 05:55:26,076 read GS from av [ 2022-03-11 20:00:00 to 2022-02-14 04:25:00 ]
2022-03-12 05:55:26,866 read IBM from av [ 2022-03-11 19:35:00 to 2022-02-11 07:20:00 ]
2022-03-12 05:55:27,711 read FB from av [ 2022-03-11 20:00:00 to 2022-02-11 04:05:00 ]
2022-03-12 06:01:29,053 Time out ^TYVIX
2022-03-12 06:01:29,803 read SPY from av [ 2022-03-11 20:00:00 to 2022-02-11 04:05:00 ]
2022-03-12 06:01:30,837 read GOOGL from av [ 2022-03-11 20:00:00 to 2022-02-11 07:45:00 ]
2022-03-12 06:01:31,623 read JPM from av [ 2022-03-11 20:00:00 to 2022-02-14 04:05:00 ]
2022-03-12 06:01:32,635 read JNJ from av [ 2022-03-11 19:45:00 to 2022-02-14 06:15:00 ]
2022-03-12 06:01:33,689 read BAC from av [ 2022-03-11 20:00:00 to 2022-02-14 04:05:00 ]
2022-03-12 06:01:34,901 read V from av [ 2022-03-11 18:00:00 to 2022-02-14 04:05:00 ]
2022-03-12 06:01:35,805 read WFC from av [ 2022-03-11 20:00:00 to 2022-02-11 04:05:00 ]
2022-03-12 06:01:36,755 read MA from av [ 2022-03-11 17:45:00 to 2022-02-14 04:25:00 ]
2022-03-12 06:01:37,650 read C from av [ 2022-03-11 20:00:00 to 2022-02-14 04:05:00 ]
2022-03-12 06:01:38,664 read PYPL from av [ 2022-03-11 20:00:00 to 2022-02-14 04:05:00 ]
2022-03-12 06:01:40,126 read OIL from av [ 2022-03-11 19:50:00 to 2022-02-14 07:05:00 ]
2022-03-12 06:07:41,112 Time out DX-Y.NYB
2022-03-12 06:07:41,479 read GLD from av [ 2022-03-11 19:55:00 to 2022-02-14 04:05:00 ]
2022-03-12 06:07:43,247 read UUP from av [ 2022-03-11 17:00:00 to 2022-02-14 07:40:00 ]
2022-03-12 06:07:44,958 read SHY from av [ 2022-03-11 17:10:00 to 2022-02-14 07:45:00 ]
2022-03-12 06:07:46,419 read SHV from av [ 2022-03-11 16:35:00 to 2022-02-14 07:05:00 ]
2022-03-12 06:07:48,112 read IEF from av [ 2022-03-11 16:40:00 to 2022-02-14 07:30:00 ]
2022-03-12 06:13:49,231 Time out ^IRX
2022-03-12 06:19:49,975 Time out ^FVX
2022-03-12 06:25:50,643 Time out ^TYX
2022-03-12 06:25:51,113 read SQQQ from av [ 2022-03-11 20:00:00 to 2022-02-11 04:05:00 ]
2022-03-12 06:25:52,176 read TQQQ from av [ 2022-03-11 20:00:00 to 2022-02-11 04:05:00 ]
2022-03-12 06:31:53,587 Time out ^VXX
2022-03-12 06:37:54,413 Time out ^VXZ
2022-03-12 06:37:55,667 read IYE from av [ 2022-03-11 18:40:00 to 2022-02-14 07:50:00 ]
2022-03-12 06:37:56,568 read IYY from av [ 2022-03-11 16:00:00 to 2022-02-14 09:35:00 ]
2022-03-12 06:37:57,857 read IYF from av [ 2022-03-11 16:00:00 to 2022-02-14 09:10:00 ]
2022-03-12 06:37:59,335 read IYR from av [ 2022-03-11 16:10:00 to 2022-02-14 07:35:00 ]
2022-03-12 06:38:00,701 read IYW from av [ 2022-03-11 16:05:00 to 2022-02-14 08:05:00 ]
2022-03-12 06:38:01,969 read IYT from av [ 2022-03-11 16:05:00 to 2022-02-14 09:35:00 ]
2022-03-12 06:38:03,600 read PEJ from av [ 2022-03-11 16:00:00 to 2022-02-14 08:15:00 ]
2022-03-12 06:38:04,365 read USO from av [ 2022-03-11 20:00:00 to 2022-02-14 04:15:00 ]
2022-03-12 06:38:06,359 read DBC from av [ 2022-03-11 19:55:00 to 2022-02-14 04:50:00 ]
2022-03-12 06:38:07,973 read GSG from av [ 2022-03-11 17:20:00 to 2022-02-14 04:45:00 ]
2022-03-12 06:38:08,626 read VTI from av [ 2022-03-11 19:15:00 to 2022-02-14 04:05:00 ]
2022-03-12 06:44:09,950 Time out ^RUT
2022-03-12 06:44:11,083 read FDN from av [ 2022-03-11 17:40:00 to 2022-02-14 09:20:00 ]
2022-03-12 06:44:13,037 read XLV from av [ 2022-03-11 16:20:00 to 2022-02-14 05:20:00 ]
2022-03-12 06:44:14,796 read IBB from av [ 2022-03-11 16:25:00 to 2022-02-14 05:40:00 ]
2022-03-12 06:44:16,624 read KRE from av [ 2022-03-11 20:00:00 to 2022-02-14 07:05:00 ]
2022-03-12 06:44:18,330 read KBE from av [ 2022-03-11 16:20:00 to 2022-02-14 07:40:00 ]
2022-03-12 06:44:20,406 read XLF from av [ 2022-03-11 20:00:00 to 2022-02-14 04:05:00 ]
2022-03-12 06:44:22,657 read XLP from av [ 2022-03-11 20:00:00 to 2022-02-14 04:15:00 ]
2022-03-12 06:44:23,316 read XLY from av [ 2022-03-11 18:20:00 to 2022-02-14 05:30:00 ]
2022-03-12 06:44:24,041 read VNQ from av [ 2022-03-11 16:40:00 to 2022-02-14 04:25:00 ]
2022-03-12 06:44:25,820 read XLB from av [ 2022-03-11 16:35:00 to 2022-02-14 04:15:00 ]
2022-03-12 06:44:27,425 read XLI from av [ 2022-03-11 16:45:00 to 2022-02-14 06:15:00 ]
2022-03-12 06:44:29,043 read KBWB from av [ 2022-03-11 19:50:00 to 2022-02-14 07:30:00 ]
2022-03-12 06:50:30,063 Time out TVIX
2022-03-12 06:56:30,789 Time out ^VVIX
2022-03-12 06:56:31,432 read VIXM from av [ 2022-03-11 16:00:00 to 2022-02-14 07:45:00 ]
2022-03-12 06:56:33,159 read VIXY from av [ 2022-03-11 19:55:00 to 2022-02-14 04:05:00 ]
2022-03-12 06:56:36,200 read VXX from av [ 2022-03-11 20:00:00 to 2022-02-14 04:05:00 ]
2022-03-12 06:56:38,427 read SVXY from av [ 2022-03-11 19:50:00 to 2022-02-14 04:05:00 ]
2022-03-12 06:56:39,293 read UVXY from av [ 2022-03-11 20:00:00 to 2022-02-14 04:05:00 ]
2022-03-12 06:56:40,270 read VIXY from av [ 2022-03-11 19:55:00 to 2022-02-14 04:05:00 ]
