2022-12-24 10:01:06,907 read QQQ from av [ 2022-12-23 20:00:00 to 2022-11-28 04:05:00 ]
2022-12-24 10:07:07,948 Time out ^VIX
2022-12-24 10:07:08,217 read FAS from av [ 2022-12-23 18:55:00 to 2022-11-28 07:05:00 ]
2022-12-24 10:07:08,591 read MIDU from av [ 2022-12-23 16:00:00 to 2022-11-28 08:25:00 ]
2022-12-24 10:07:08,978 read AAPL from av [ 2022-12-23 20:00:00 to 2022-11-25 04:05:00 ]
2022-12-24 10:07:09,411 read GOOG from av [ 2022-12-23 20:00:00 to 2022-11-25 04:05:00 ]
2022-12-24 10:13:10,260 Time out ^GSPC
2022-12-24 10:19:11,136 Time out ^DJI
2022-12-24 10:25:11,991 Time out ^TNX
2022-12-24 10:25:12,269 read MSFT from av [ 2022-12-23 20:00:00 to 2022-11-25 04:05:00 ]
2022-12-24 10:31:13,207 Time out ^VXGOG
2022-12-24 10:37:13,927 Time out ^VXAPL
2022-12-24 10:43:14,742 Time out ^VXGS
2022-12-24 10:49:15,597 Time out ^VXAZN
2022-12-24 10:55:16,373 Time out ^VXIBM
2022-12-24 10:55:16,597 read GS from av [ 2022-12-23 16:55:00 to 2022-11-28 05:05:00 ]
2022-12-24 10:55:17,009 read IBM from av [ 2022-12-23 16:25:00 to 2022-11-25 05:40:00 ]
2022-12-24 11:01:17,925 Time out FB
2022-12-24 11:07:18,653 Time out ^TYVIX
2022-12-24 11:07:18,940 read SPY from av [ 2022-12-23 20:00:00 to 2022-11-25 04:05:00 ]
2022-12-24 11:07:19,541 read GOOGL from av [ 2022-12-23 20:00:00 to 2022-11-25 04:05:00 ]
2022-12-24 11:07:19,950 read JPM from av [ 2022-12-23 20:00:00 to 2022-11-25 06:30:00 ]
2022-12-24 11:07:20,270 read JNJ from av [ 2022-12-23 18:55:00 to 2022-11-25 06:50:00 ]
2022-12-24 11:07:20,660 read BAC from av [ 2022-12-23 20:00:00 to 2022-11-25 04:45:00 ]
2022-12-24 11:07:21,064 read V from av [ 2022-12-23 17:50:00 to 2022-11-28 06:10:00 ]
2022-12-24 11:07:21,457 read WFC from av [ 2022-12-23 20:00:00 to 2022-11-28 05:35:00 ]
2022-12-24 11:07:22,223 read MA from av [ 2022-12-23 18:45:00 to 2022-11-28 05:25:00 ]
2022-12-24 11:07:22,695 read C from av [ 2022-12-23 19:45:00 to 2022-11-28 04:05:00 ]
2022-12-24 11:07:23,286 read PYPL from av [ 2022-12-23 18:55:00 to 2022-11-28 04:05:00 ]
2022-12-24 11:07:23,721 read OIL from av [ 2022-12-23 16:00:00 to 2022-11-28 07:05:00 ]
2022-12-24 11:13:24,413 Time out DX-Y.NYB
2022-12-24 11:13:24,668 read GLD from av [ 2022-12-23 19:15:00 to 2022-11-28 04:05:00 ]
2022-12-24 11:13:25,775 read UUP from av [ 2022-12-23 19:20:00 to 2022-11-28 04:50:00 ]
2022-12-24 11:13:26,808 read SHY from av [ 2022-12-23 16:55:00 to 2022-11-28 04:05:00 ]
2022-12-24 11:13:27,839 read SHV from av [ 2022-12-23 16:10:00 to 2022-11-28 07:50:00 ]
2022-12-24 11:13:28,877 read IEF from av [ 2022-12-23 17:00:00 to 2022-11-28 04:30:00 ]
2022-12-24 11:19:29,739 Time out ^IRX
2022-12-24 11:25:30,504 Time out ^FVX
2022-12-24 11:31:31,230 Time out ^TYX
2022-12-24 11:31:31,574 read SQQQ from av [ 2022-12-23 20:00:00 to 2022-11-25 04:05:00 ]
2022-12-24 11:31:32,254 read TQQQ from av [ 2022-12-23 20:00:00 to 2022-11-28 04:05:00 ]
2022-12-24 11:37:33,115 Time out ^VXX
2022-12-24 11:43:33,952 Time out ^VXZ
2022-12-24 11:43:34,782 read IYE from av [ 2022-12-23 16:00:00 to 2022-11-28 09:05:00 ]
2022-12-24 11:43:35,476 read IYY from av [ 2022-12-23 16:00:00 to 2022-11-28 09:35:00 ]
2022-12-24 11:43:36,094 read IYF from av [ 2022-12-23 16:00:00 to 2022-11-28 09:30:00 ]
2022-12-24 11:43:37,368 read IYR from av [ 2022-12-23 16:30:00 to 2022-11-28 09:35:00 ]
2022-12-24 11:43:38,211 read IYW from av [ 2022-12-23 16:00:00 to 2022-11-28 09:30:00 ]
2022-12-24 11:43:39,172 read IYT from av [ 2022-12-23 16:00:00 to 2022-11-28 09:35:00 ]
2022-12-24 11:43:39,987 read PEJ from av [ 2022-12-23 16:00:00 to 2022-11-28 09:30:00 ]
2022-12-24 11:43:40,269 read USO from av [ 2022-12-23 19:45:00 to 2022-11-28 04:05:00 ]
2022-12-24 11:43:41,512 read DBC from av [ 2022-12-23 17:00:00 to 2022-11-28 04:05:00 ]
2022-12-24 11:43:42,593 read GSG from av [ 2022-12-23 16:05:00 to 2022-11-28 04:05:00 ]
2022-12-24 11:43:42,925 read VTI from av [ 2022-12-23 16:45:00 to 2022-11-28 08:00:00 ]
2022-12-24 11:49:43,844 Time out ^RUT
2022-12-24 11:49:44,848 read FDN from av [ 2022-12-23 16:00:00 to 2022-11-28 09:30:00 ]
2022-12-24 11:49:45,236 read XLV from av [ 2022-12-23 18:55:00 to 2022-11-28 07:25:00 ]
2022-12-24 11:49:45,500 read IBB from av [ 2022-12-23 16:35:00 to 2022-11-28 09:30:00 ]
2022-12-24 11:49:46,468 read KRE from av [ 2022-12-23 17:05:00 to 2022-11-28 08:05:00 ]
2022-12-24 11:49:47,602 read KBE from av [ 2022-12-23 16:10:00 to 2022-11-28 09:35:00 ]
2022-12-24 11:49:47,969 read XLF from av [ 2022-12-23 20:00:00 to 2022-11-28 04:05:00 ]
2022-12-24 11:49:48,331 read XLP from av [ 2022-12-23 17:15:00 to 2022-11-28 07:05:00 ]
2022-12-24 11:49:48,649 read XLY from av [ 2022-12-23 20:00:00 to 2022-11-28 08:35:00 ]
2022-12-24 11:49:49,129 read VNQ from av [ 2022-12-23 16:35:00 to 2022-11-28 08:05:00 ]
2022-12-24 11:49:49,430 read XLB from av [ 2022-12-23 16:10:00 to 2022-11-28 06:05:00 ]
2022-12-24 11:49:49,991 read XLI from av [ 2022-12-23 17:10:00 to 2022-11-28 07:15:00 ]
2022-12-24 11:49:51,016 read KBWB from av [ 2022-12-23 16:00:00 to 2022-11-28 09:35:00 ]
2022-12-24 11:55:52,971 Time out TVIX
2022-12-24 12:01:53,720 Time out ^VVIX
2022-12-24 12:01:53,924 read VIXM from av [ 2022-12-23 16:00:00 to 2022-11-28 05:10:00 ]
2022-12-24 12:01:55,025 read VIXY from av [ 2022-12-23 17:25:00 to 2022-11-28 04:05:00 ]
2022-12-24 12:01:55,377 read VXX from av [ 2022-12-23 18:15:00 to 2022-11-25 04:05:00 ]
2022-12-24 12:01:56,384 read SVXY from av [ 2022-12-23 19:50:00 to 2022-11-28 04:05:00 ]
2022-12-24 12:01:58,130 read UVXY from av [ 2022-12-23 20:00:00 to 2022-11-28 04:05:00 ]
2022-12-24 12:01:58,466 read VIXY from av [ 2022-12-23 17:25:00 to 2022-11-28 04:05:00 ]
