2022-09-10 05:01:08,112 read QQQ from av [ 2022-09-09 20:00:00 to 2022-08-12 04:05:00 ]
2022-09-10 05:07:09,832 Time out ^VIX
2022-09-10 05:07:11,078 read FAS from av [ 2022-09-09 20:00:00 to 2022-08-15 04:20:00 ]
2022-09-10 05:07:12,111 read MIDU from av [ 2022-09-09 16:00:00 to 2022-08-15 08:30:00 ]
2022-09-10 05:07:13,048 read AAPL from av [ 2022-09-09 20:00:00 to 2022-08-12 04:05:00 ]
2022-09-10 05:07:14,661 read GOOG from av [ 2022-09-09 20:00:00 to 2022-08-12 04:10:00 ]
2022-09-10 05:13:16,046 Time out ^GSPC
2022-09-10 05:19:16,780 Time out ^DJI
2022-09-10 05:25:17,567 Time out ^TNX
2022-09-10 05:25:17,977 read MSFT from av [ 2022-09-09 20:00:00 to 2022-08-12 04:05:00 ]
2022-09-10 05:31:19,703 Time out ^VXGOG
2022-09-10 05:37:20,410 Time out ^VXAPL
2022-09-10 05:43:21,101 Time out ^VXGS
2022-09-10 05:49:21,850 Time out ^VXAZN
2022-09-10 05:55:22,635 Time out ^VXIBM
2022-09-10 05:55:22,966 read GS from av [ 2022-09-09 16:40:00 to 2022-08-15 08:05:00 ]
2022-09-10 05:55:23,930 read IBM from av [ 2022-09-09 19:10:00 to 2022-08-12 08:05:00 ]
2022-09-10 06:01:25,391 Time out FB
2022-09-10 06:07:26,106 Time out ^TYVIX
2022-09-10 06:07:26,514 read SPY from av [ 2022-09-09 20:00:00 to 2022-08-12 04:05:00 ]
2022-09-10 06:07:28,122 read GOOGL from av [ 2022-09-09 20:00:00 to 2022-08-12 04:05:00 ]
2022-09-10 06:07:29,088 read JPM from av [ 2022-09-09 19:50:00 to 2022-08-12 05:30:00 ]
2022-09-10 06:07:30,177 read JNJ from av [ 2022-09-09 16:20:00 to 2022-08-12 04:10:00 ]
2022-09-10 06:07:31,138 read BAC from av [ 2022-09-09 20:00:00 to 2022-08-15 04:05:00 ]
2022-09-10 06:07:32,312 read V from av [ 2022-09-09 19:55:00 to 2022-08-12 08:05:00 ]
2022-09-10 06:07:33,377 read WFC from av [ 2022-09-09 19:55:00 to 2022-08-15 04:05:00 ]
2022-09-10 06:07:34,657 read MA from av [ 2022-09-09 16:05:00 to 2022-08-15 07:05:00 ]
2022-09-10 06:07:35,679 read C from av [ 2022-09-09 20:00:00 to 2022-08-15 04:20:00 ]
2022-09-10 06:07:36,862 read PYPL from av [ 2022-09-09 20:00:00 to 2022-08-15 04:50:00 ]
2022-09-10 06:07:37,992 read OIL from av [ 2022-09-09 16:00:00 to 2022-08-15 07:05:00 ]
2022-09-10 06:13:39,047 Time out DX-Y.NYB
2022-09-10 06:13:39,585 read GLD from av [ 2022-09-09 19:40:00 to 2022-08-15 04:10:00 ]
2022-09-10 06:13:41,747 read UUP from av [ 2022-09-09 19:55:00 to 2022-08-15 06:25:00 ]
2022-09-10 06:13:43,555 read SHY from av [ 2022-09-09 18:00:00 to 2022-08-15 07:40:00 ]
2022-09-10 06:13:45,251 read SHV from av [ 2022-09-09 19:25:00 to 2022-08-15 08:10:00 ]
2022-09-10 06:13:47,322 read IEF from av [ 2022-09-09 16:05:00 to 2022-08-15 04:05:00 ]
2022-09-10 06:19:48,531 Time out ^IRX
2022-09-10 06:25:49,152 Time out ^FVX
2022-09-10 06:31:49,861 Time out ^TYX
2022-09-10 06:31:50,594 read SQQQ from av [ 2022-09-09 20:00:00 to 2022-08-12 04:05:00 ]
2022-09-10 06:31:52,320 read TQQQ from av [ 2022-09-09 20:00:00 to 2022-08-12 04:05:00 ]
2022-09-10 06:37:54,226 Time out ^VXX
2022-09-10 06:43:54,920 Time out ^VXZ
2022-09-10 06:43:55,335 read IYE from av [ 2022-09-09 16:00:00 to 2022-08-15 08:25:00 ]
2022-09-10 06:43:56,134 read IYY from av [ 2022-09-09 16:00:00 to 2022-08-15 09:35:00 ]
2022-09-10 06:43:56,836 read IYF from av [ 2022-09-09 16:00:00 to 2022-08-15 09:30:00 ]
2022-09-10 06:43:57,670 read IYR from av [ 2022-09-09 17:35:00 to 2022-08-15 09:35:00 ]
2022-09-10 06:43:58,508 read IYW from av [ 2022-09-09 16:00:00 to 2022-08-15 09:35:00 ]
2022-09-10 06:43:59,414 read IYT from av [ 2022-09-09 18:50:00 to 2022-08-15 09:35:00 ]
2022-09-10 06:44:00,618 read PEJ from av [ 2022-09-09 16:00:00 to 2022-08-15 09:35:00 ]
2022-09-10 06:44:01,466 read USO from av [ 2022-09-09 19:05:00 to 2022-08-15 04:05:00 ]
2022-09-10 06:44:03,610 read DBC from av [ 2022-09-09 17:15:00 to 2022-08-15 07:30:00 ]
2022-09-10 06:44:05,551 read GSG from av [ 2022-09-09 19:40:00 to 2022-08-15 08:40:00 ]
2022-09-10 06:44:06,405 read VTI from av [ 2022-09-09 19:50:00 to 2022-08-12 04:40:00 ]
2022-09-10 06:50:07,770 Time out ^RUT
2022-09-10 06:50:08,993 read FDN from av [ 2022-09-09 16:00:00 to 2022-08-15 07:05:00 ]
2022-09-10 06:50:10,835 read XLV from av [ 2022-09-09 17:55:00 to 2022-08-15 06:00:00 ]
2022-09-10 06:50:12,685 read IBB from av [ 2022-09-09 16:15:00 to 2022-08-15 08:35:00 ]
2022-09-10 06:50:14,765 read KRE from av [ 2022-09-09 19:00:00 to 2022-08-15 08:15:00 ]
2022-09-10 06:50:16,463 read KBE from av [ 2022-09-09 16:15:00 to 2022-08-15 07:55:00 ]
2022-09-10 06:50:18,493 read XLF from av [ 2022-09-09 20:00:00 to 2022-08-15 04:05:00 ]
2022-09-10 06:50:20,584 read XLP from av [ 2022-09-09 17:20:00 to 2022-08-15 08:00:00 ]
2022-09-10 06:50:21,474 read XLY from av [ 2022-09-09 16:30:00 to 2022-08-15 07:05:00 ]
2022-09-10 06:50:22,337 read VNQ from av [ 2022-09-09 16:15:00 to 2022-08-15 07:50:00 ]
2022-09-10 06:50:24,136 read XLB from av [ 2022-09-09 16:45:00 to 2022-08-15 04:05:00 ]
2022-09-10 06:50:26,079 read XLI from av [ 2022-09-09 16:15:00 to 2022-08-15 07:10:00 ]
2022-09-10 06:50:27,551 read KBWB from av [ 2022-09-09 16:05:00 to 2022-08-15 09:35:00 ]
2022-09-10 06:56:28,708 Time out TVIX
2022-09-10 07:02:29,445 Time out ^VVIX
2022-09-10 07:02:30,111 read VIXM from av [ 2022-09-09 16:00:00 to 2022-08-15 09:35:00 ]
2022-09-10 07:02:31,982 read VIXY from av [ 2022-09-09 19:55:00 to 2022-08-15 04:05:00 ]
2022-09-10 07:02:34,083 read VXX from av [ 2022-09-09 20:00:00 to 2022-08-15 04:05:00 ]
2022-09-10 07:02:36,388 read SVXY from av [ 2022-09-09 20:00:00 to 2022-08-15 04:25:00 ]
2022-09-10 07:02:39,576 read UVXY from av [ 2022-09-09 20:00:00 to 2022-08-15 04:05:00 ]
2022-09-10 07:02:41,044 read VIXY from av [ 2022-09-09 19:55:00 to 2022-08-15 04:05:00 ]
