2022-01-22 05:01:07,633 read QQQ from av [ 2022-01-21 20:00:00 to 2021-12-27 04:05:00 ]
2022-01-22 05:07:10,385 Time out ^VIX
2022-01-22 05:07:10,887 read FAS from av [ 2022-01-21 20:00:00 to 2021-12-27 05:45:00 ]
2022-01-22 05:07:11,805 read MIDU from av [ 2022-01-21 20:00:00 to 2021-12-27 04:40:00 ]
2022-01-22 05:07:12,681 read AAPL from av [ 2022-01-21 20:00:00 to 2021-12-27 04:05:00 ]
2022-01-22 05:07:13,863 read GOOG from av [ 2022-01-21 18:55:00 to 2021-12-27 07:10:00 ]
2022-01-22 05:13:17,663 Time out ^GSPC
2022-01-22 05:19:18,843 Time out ^DJI
2022-01-22 05:25:19,856 Time out ^TNX
2022-01-22 05:25:20,328 read MSFT from av [ 2022-01-21 20:00:00 to 2021-12-27 04:05:00 ]
2022-01-22 05:31:21,517 Time out ^VXGOG
2022-01-22 05:37:22,126 Time out ^VXAPL
2022-01-22 05:43:22,932 Time out ^VXGS
2022-01-22 05:49:23,734 Time out ^VXAZN
2022-01-22 05:55:24,420 Time out ^VXIBM
2022-01-22 05:55:24,917 read GS from av [ 2022-01-21 19:30:00 to 2021-12-27 09:00:00 ]
2022-01-22 05:55:25,662 read IBM from av [ 2022-01-21 19:50:00 to 2021-12-27 05:45:00 ]
2022-01-22 05:55:26,738 read FB from av [ 2022-01-21 20:00:00 to 2021-12-27 04:05:00 ]
2022-01-22 06:01:28,336 Time out ^TYVIX
2022-01-22 06:01:28,809 read SPY from av [ 2022-01-21 20:00:00 to 2021-12-27 04:05:00 ]
2022-01-22 06:01:29,759 read GOOGL from av [ 2022-01-21 19:55:00 to 2021-12-27 07:30:00 ]
2022-01-22 06:01:30,492 read JPM from av [ 2022-01-21 19:55:00 to 2021-12-27 04:25:00 ]
2022-01-22 06:01:31,259 read JNJ from av [ 2022-01-21 19:20:00 to 2021-12-27 08:05:00 ]
2022-01-22 06:01:32,022 read BAC from av [ 2022-01-21 20:00:00 to 2021-12-27 04:10:00 ]
2022-01-22 06:01:32,988 read V from av [ 2022-01-21 20:00:00 to 2021-12-27 04:05:00 ]
2022-01-22 06:01:34,034 read WFC from av [ 2022-01-21 20:00:00 to 2021-12-27 04:35:00 ]
2022-01-22 06:01:35,041 read MA from av [ 2022-01-21 19:40:00 to 2021-12-27 07:35:00 ]
2022-01-22 06:01:35,742 read C from av [ 2022-01-21 20:00:00 to 2021-12-27 04:10:00 ]
2022-01-22 06:01:37,015 read PYPL from av [ 2022-01-21 20:00:00 to 2021-12-27 04:05:00 ]
2022-01-22 06:01:38,122 read OIL from av [ 2022-01-21 17:15:00 to 2021-12-27 09:35:00 ]
2022-01-22 06:07:38,961 Time out DX-Y.NYB
2022-01-22 06:07:39,579 read GLD from av [ 2022-01-21 20:00:00 to 2021-12-27 04:05:00 ]
2022-01-22 06:07:41,181 read UUP from av [ 2022-01-21 16:55:00 to 2021-12-27 06:45:00 ]
2022-01-22 06:07:42,648 read SHY from av [ 2022-01-21 18:25:00 to 2021-12-27 04:40:00 ]
2022-01-22 06:07:44,260 read SHV from av [ 2022-01-21 17:20:00 to 2021-12-27 09:30:00 ]
2022-01-22 06:07:45,184 read IEF from av [ 2022-01-21 17:55:00 to 2021-12-27 04:40:00 ]
2022-01-22 06:13:46,419 Time out ^IRX
2022-01-22 06:19:47,121 Time out ^FVX
2022-01-22 06:25:47,697 Time out ^TYX
2022-01-22 06:25:50,151 read SQQQ from av [ 2022-01-21 20:00:00 to 2021-12-27 04:05:00 ]
2022-01-22 06:25:51,584 read TQQQ from av [ 2022-01-21 20:00:00 to 2021-12-27 04:05:00 ]
2022-01-22 06:31:52,894 Time out ^VXX
2022-01-22 06:37:53,529 Time out ^VXZ
2022-01-22 06:37:54,737 read IYE from av [ 2022-01-21 17:10:00 to 2021-12-27 07:05:00 ]
2022-01-22 06:37:56,408 read IYY from av [ 2022-01-21 17:40:00 to 2021-12-27 09:35:00 ]
2022-01-22 06:37:57,739 read IYF from av [ 2022-01-21 16:00:00 to 2021-12-27 09:30:00 ]
2022-01-22 06:37:59,461 read IYR from av [ 2022-01-21 16:40:00 to 2021-12-27 08:00:00 ]
2022-01-22 06:38:01,148 read IYW from av [ 2022-01-21 18:45:00 to 2021-12-27 09:30:00 ]
2022-01-22 06:38:02,708 read IYT from av [ 2022-01-21 16:00:00 to 2021-12-27 09:35:00 ]
2022-01-22 06:38:04,541 read PEJ from av [ 2022-01-21 16:00:00 to 2021-12-27 07:10:00 ]
2022-01-22 06:38:05,352 read USO from av [ 2022-01-21 20:00:00 to 2021-12-27 04:05:00 ]
2022-01-22 06:38:07,091 read DBC from av [ 2022-01-21 20:00:00 to 2021-12-27 06:25:00 ]
2022-01-22 06:38:08,863 read GSG from av [ 2022-01-21 18:35:00 to 2021-12-27 09:35:00 ]
2022-01-22 06:38:09,485 read VTI from av [ 2022-01-21 20:00:00 to 2021-12-27 04:05:00 ]
2022-01-22 06:44:10,652 Time out ^RUT
2022-01-22 06:44:12,273 read FDN from av [ 2022-01-21 16:00:00 to 2021-12-27 07:45:00 ]
2022-01-22 06:44:12,920 read XLV from av [ 2022-01-21 19:55:00 to 2021-12-27 04:35:00 ]
2022-01-22 06:44:14,873 read IBB from av [ 2022-01-21 17:50:00 to 2021-12-27 05:15:00 ]
2022-01-22 06:44:16,636 read KRE from av [ 2022-01-21 20:00:00 to 2021-12-27 07:30:00 ]
2022-01-22 06:44:18,625 read KBE from av [ 2022-01-21 17:15:00 to 2021-12-27 09:25:00 ]
2022-01-22 06:44:19,562 read XLF from av [ 2022-01-21 20:00:00 to 2021-12-27 04:35:00 ]
2022-01-22 06:44:20,420 read XLP from av [ 2022-01-21 19:55:00 to 2021-12-27 07:40:00 ]
2022-01-22 06:44:21,336 read XLY from av [ 2022-01-21 18:20:00 to 2021-12-27 07:10:00 ]
2022-01-22 06:44:22,213 read VNQ from av [ 2022-01-21 19:50:00 to 2021-12-27 04:30:00 ]
2022-01-22 06:44:23,031 read XLB from av [ 2022-01-21 18:55:00 to 2021-12-27 08:10:00 ]
2022-01-22 06:44:23,949 read XLI from av [ 2022-01-21 19:20:00 to 2021-12-27 07:15:00 ]
2022-01-22 06:44:25,934 read KBWB from av [ 2022-01-21 19:40:00 to 2021-12-27 07:20:00 ]
2022-01-22 06:50:26,920 Time out TVIX
2022-01-22 06:56:27,600 Time out ^VVIX
2022-01-22 06:56:28,596 read VIXM from av [ 2022-01-21 16:10:00 to 2021-12-27 09:35:00 ]
2022-01-22 06:56:29,487 read VIXY from av [ 2022-01-21 20:00:00 to 2021-12-27 04:05:00 ]
2022-01-22 06:58:35,487 read VXX from av [ 2022-01-21 20:00:00 to 2021-12-27 04:05:00 ]
2022-01-22 06:58:42,271 read SVXY from av [ 2022-01-21 20:00:00 to 2021-12-27 04:05:00 ]
2022-01-22 06:58:45,400 read UVXY from av [ 2022-01-21 20:00:00 to 2021-12-27 04:05:00 ]
2022-01-22 06:58:47,270 read VIXY from av [ 2022-01-21 20:00:00 to 2021-12-27 04:05:00 ]
