2022-04-02 05:01:07,069 read QQQ from av [ 2022-04-01 20:00:00 to 2022-03-04 04:05:00 ]
2022-04-02 05:07:09,376 Time out ^VIX
2022-04-02 05:07:09,642 read FAS from av [ 2022-04-01 19:15:00 to 2022-03-07 04:05:00 ]
2022-04-02 05:07:10,461 read MIDU from av [ 2022-04-01 16:00:00 to 2022-03-07 06:25:00 ]
2022-04-02 05:07:11,208 read AAPL from av [ 2022-04-01 20:00:00 to 2022-03-04 04:05:00 ]
2022-04-02 05:07:12,138 read GOOG from av [ 2022-04-01 17:20:00 to 2022-03-04 07:50:00 ]
2022-04-02 05:13:13,315 Time out ^GSPC
2022-04-02 05:19:14,078 Time out ^DJI
2022-04-02 05:25:14,695 Time out ^TNX
2022-04-02 05:25:15,021 read MSFT from av [ 2022-04-01 19:55:00 to 2022-03-04 04:05:00 ]
2022-04-02 05:31:16,645 Time out ^VXGOG
2022-04-02 05:37:17,290 Time out ^VXAPL
2022-04-02 05:43:17,871 Time out ^VXGS
2022-04-02 05:49:18,397 Time out ^VXAZN
2022-04-02 05:55:19,225 Time out ^VXIBM
2022-04-02 05:55:19,451 read GS from av [ 2022-04-01 19:55:00 to 2022-03-07 05:55:00 ]
2022-04-02 05:55:20,240 read IBM from av [ 2022-04-01 20:00:00 to 2022-03-04 04:50:00 ]
2022-04-02 05:55:21,049 read FB from av [ 2022-04-01 20:00:00 to 2022-03-04 04:05:00 ]
2022-04-02 06:01:22,260 Time out ^TYVIX
2022-04-02 06:01:22,715 read SPY from av [ 2022-04-01 20:00:00 to 2022-03-04 04:05:00 ]
2022-04-02 06:01:23,792 read GOOGL from av [ 2022-04-01 17:25:00 to 2022-03-04 07:35:00 ]
2022-04-02 06:01:24,492 read JPM from av [ 2022-04-01 20:00:00 to 2022-03-07 04:05:00 ]
2022-04-02 06:01:25,267 read JNJ from av [ 2022-04-01 17:35:00 to 2022-03-07 04:10:00 ]
2022-04-02 06:01:26,056 read BAC from av [ 2022-04-01 20:00:00 to 2022-03-07 04:05:00 ]
2022-04-02 06:01:26,965 read V from av [ 2022-04-01 19:25:00 to 2022-03-07 05:05:00 ]
2022-04-02 06:01:27,759 read WFC from av [ 2022-04-01 20:00:00 to 2022-03-07 04:05:00 ]
2022-04-02 06:01:28,554 read MA from av [ 2022-04-01 17:30:00 to 2022-03-07 04:10:00 ]
2022-04-02 06:01:29,223 read C from av [ 2022-04-01 20:00:00 to 2022-03-07 04:05:00 ]
2022-04-02 06:01:30,143 read PYPL from av [ 2022-04-01 20:00:00 to 2022-03-07 04:05:00 ]
2022-04-02 06:01:31,480 read OIL from av [ 2022-04-01 16:00:00 to 2022-03-07 06:50:00 ]
2022-04-02 06:07:32,249 Time out DX-Y.NYB
2022-04-02 06:07:32,556 read GLD from av [ 2022-04-01 19:40:00 to 2022-03-07 04:05:00 ]
2022-04-02 06:07:34,301 read UUP from av [ 2022-04-01 16:50:00 to 2022-03-07 04:05:00 ]
2022-04-02 06:07:35,814 read SHY from av [ 2022-04-01 16:15:00 to 2022-03-07 07:10:00 ]
2022-04-02 06:07:37,362 read SHV from av [ 2022-04-01 16:45:00 to 2022-03-07 09:35:00 ]
2022-04-02 06:07:39,026 read IEF from av [ 2022-04-01 16:25:00 to 2022-03-07 06:10:00 ]
2022-04-02 06:13:40,032 Time out ^IRX
2022-04-02 06:19:40,533 Time out ^FVX
2022-04-02 06:25:41,256 Time out ^TYX
2022-04-02 06:25:41,622 read SQQQ from av [ 2022-04-01 20:00:00 to 2022-03-04 04:05:00 ]
2022-04-02 06:25:42,649 read TQQQ from av [ 2022-04-01 20:00:00 to 2022-03-04 04:05:00 ]
2022-04-02 06:31:43,894 Time out ^VXX
2022-04-02 06:37:44,460 Time out ^VXZ
2022-04-02 06:37:45,719 read IYE from av [ 2022-04-01 16:00:00 to 2022-03-07 07:05:00 ]
2022-04-02 06:37:46,467 read IYY from av [ 2022-04-01 16:00:00 to 2022-03-07 09:35:00 ]
2022-04-02 06:37:47,738 read IYF from av [ 2022-04-01 16:00:00 to 2022-03-07 09:30:00 ]
2022-04-02 06:37:49,277 read IYR from av [ 2022-04-01 16:45:00 to 2022-03-07 08:05:00 ]
2022-04-02 06:37:50,670 read IYW from av [ 2022-04-01 16:05:00 to 2022-03-07 08:45:00 ]
2022-04-02 06:37:51,245 read IYT from av [ 2022-04-01 16:35:00 to 2022-03-07 09:35:00 ]
2022-04-02 06:37:52,429 read PEJ from av [ 2022-04-01 16:00:00 to 2022-03-07 04:10:00 ]
2022-04-02 06:37:53,049 read USO from av [ 2022-04-01 20:00:00 to 2022-03-07 04:05:00 ]
2022-04-02 06:37:54,836 read DBC from av [ 2022-04-01 16:00:00 to 2022-03-07 04:05:00 ]
2022-04-02 06:37:56,514 read GSG from av [ 2022-04-01 19:45:00 to 2022-03-07 04:30:00 ]
2022-04-02 06:37:57,038 read VTI from av [ 2022-04-01 17:50:00 to 2022-03-07 04:05:00 ]
2022-04-02 06:43:58,043 Time out ^RUT
2022-04-02 06:44:03,609 read FDN from av [ 2022-04-01 16:00:00 to 2022-03-07 08:50:00 ]
2022-04-02 06:44:06,401 read XLV from av [ 2022-04-01 18:20:00 to 2022-03-07 04:25:00 ]
2022-04-02 06:44:07,053 read IBB from av [ 2022-04-01 19:25:00 to 2022-03-07 06:00:00 ]
2022-04-02 06:44:08,015 read KRE from av [ 2022-04-01 17:15:00 to 2022-03-07 04:30:00 ]
2022-04-02 06:44:09,626 read KBE from av [ 2022-04-01 16:20:00 to 2022-03-07 07:10:00 ]
2022-04-02 06:44:10,338 read XLF from av [ 2022-04-01 20:00:00 to 2022-03-07 04:05:00 ]
2022-04-02 06:44:11,095 read XLP from av [ 2022-04-01 18:05:00 to 2022-03-07 04:45:00 ]
2022-04-02 06:44:14,506 read XLY from av [ 2022-04-01 17:50:00 to 2022-03-07 07:15:00 ]
2022-04-02 06:44:15,087 read VNQ from av [ 2022-04-01 18:50:00 to 2022-03-07 07:20:00 ]
2022-04-02 06:44:16,631 read XLB from av [ 2022-04-01 20:00:00 to 2022-03-07 04:15:00 ]
2022-04-02 06:44:17,566 read XLI from av [ 2022-04-01 17:50:00 to 2022-03-07 06:00:00 ]
2022-04-02 06:44:19,394 read KBWB from av [ 2022-04-01 16:05:00 to 2022-03-07 09:35:00 ]
2022-04-02 06:50:20,397 Time out TVIX
2022-04-02 06:56:21,004 Time out ^VVIX
2022-04-02 06:56:21,625 read VIXM from av [ 2022-04-01 16:00:00 to 2022-03-07 07:20:00 ]
2022-04-02 06:56:23,414 read VIXY from av [ 2022-04-01 19:55:00 to 2022-03-07 04:05:00 ]
2022-04-02 06:56:24,185 read VXX from av [ 2022-04-01 19:55:00 to 2022-03-07 04:05:00 ]
2022-04-02 06:56:26,217 read SVXY from av [ 2022-04-01 20:00:00 to 2022-03-07 04:05:00 ]
2022-04-02 06:56:27,106 read UVXY from av [ 2022-04-01 20:00:00 to 2022-03-07 04:05:00 ]
2022-04-02 06:56:28,035 read VIXY from av [ 2022-04-01 19:55:00 to 2022-03-07 04:05:00 ]
