2022-01-01 05:01:08,505 read QQQ from av [ 2021-12-31 20:00:00 to 2021-12-03 04:05:00 ]
2022-01-01 05:07:09,817 Time out ^VIX
2022-01-01 05:07:11,626 read FAS from av [ 2021-12-31 19:50:00 to 2021-12-06 04:10:00 ]
2022-01-01 05:07:12,483 read MIDU from av [ 2021-12-31 16:00:00 to 2021-12-06 08:05:00 ]
2022-01-01 05:07:13,228 read AAPL from av [ 2021-12-31 20:00:00 to 2021-12-03 04:05:00 ]
2022-01-01 05:07:14,196 read GOOG from av [ 2021-12-31 17:25:00 to 2021-12-03 07:30:00 ]
2022-01-01 05:13:15,378 Time out ^GSPC
2022-01-01 05:19:16,599 Time out ^DJI
2022-01-01 05:25:17,316 Time out ^TNX
2022-01-01 05:25:18,031 read MSFT from av [ 2021-12-31 20:00:00 to 2021-12-03 04:05:00 ]
2022-01-01 05:31:19,190 Time out ^VXGOG
2022-01-01 05:37:19,846 Time out ^VXAPL
2022-01-01 05:43:20,557 Time out ^VXGS
2022-01-01 05:49:21,297 Time out ^VXAZN
2022-01-01 05:55:22,103 Time out ^VXIBM
2022-01-01 05:55:22,490 read GS from av [ 2021-12-31 17:35:00 to 2021-12-06 04:05:00 ]
2022-01-01 05:55:23,621 read IBM from av [ 2021-12-31 17:50:00 to 2021-12-03 08:05:00 ]
2022-01-01 05:55:24,764 read FB from av [ 2021-12-31 20:00:00 to 2021-12-03 04:05:00 ]
2022-01-01 06:01:25,987 Time out ^TYVIX
2022-01-01 06:01:26,381 read SPY from av [ 2021-12-31 20:00:00 to 2021-12-03 04:05:00 ]
2022-01-01 06:01:27,553 read GOOGL from av [ 2021-12-31 16:50:00 to 2021-12-03 06:35:00 ]
2022-01-01 06:01:28,316 read JPM from av [ 2021-12-31 19:50:00 to 2021-12-06 04:10:00 ]
2022-01-01 06:01:29,079 read JNJ from av [ 2021-12-31 17:40:00 to 2021-12-06 05:05:00 ]
2022-01-01 06:01:30,179 read BAC from av [ 2021-12-31 20:00:00 to 2021-12-06 04:10:00 ]
2022-01-01 06:01:31,093 read V from av [ 2021-12-31 18:15:00 to 2021-12-03 04:05:00 ]
2022-01-01 06:01:31,932 read WFC from av [ 2021-12-31 19:50:00 to 2021-12-06 04:05:00 ]
2022-01-01 06:01:32,810 read MA from av [ 2021-12-31 16:50:00 to 2021-12-03 05:10:00 ]
2022-01-01 06:01:33,530 read C from av [ 2021-12-31 19:40:00 to 2021-12-06 04:05:00 ]
2022-01-01 06:01:34,438 read PYPL from av [ 2021-12-31 20:00:00 to 2021-12-06 04:05:00 ]
2022-01-01 06:01:35,381 read OIL from av [ 2021-12-31 16:00:00 to 2021-12-06 09:25:00 ]
2022-01-01 06:07:36,165 Time out DX-Y.NYB
2022-01-01 06:07:36,480 read GLD from av [ 2021-12-31 19:55:00 to 2021-12-06 04:05:00 ]
2022-01-01 06:07:37,902 read UUP from av [ 2021-12-31 17:30:00 to 2021-12-06 08:20:00 ]
2022-01-01 06:07:39,468 read SHY from av [ 2021-12-31 16:50:00 to 2021-12-06 04:35:00 ]
2022-01-01 06:07:41,131 read SHV from av [ 2021-12-31 16:05:00 to 2021-12-06 07:05:00 ]
2022-01-01 06:07:41,826 read IEF from av [ 2021-12-31 19:10:00 to 2021-12-06 04:30:00 ]
2022-01-01 06:13:42,791 Time out ^IRX
2022-01-01 06:19:45,865 Time out ^FVX
2022-01-01 06:25:46,569 Time out ^TYX
2022-01-01 06:25:49,716 read SQQQ from av [ 2021-12-31 20:00:00 to 2021-12-06 04:05:00 ]
2022-01-01 06:25:50,839 read TQQQ from av [ 2021-12-31 20:00:00 to 2021-12-06 04:05:00 ]
2022-01-01 06:31:52,054 Time out ^VXX
2022-01-01 06:37:52,892 Time out ^VXZ
2022-01-01 06:37:54,533 read IYE from av [ 2021-12-31 16:00:00 to 2021-12-06 09:30:00 ]
2022-01-01 06:37:55,363 read IYY from av [ 2021-12-31 16:45:00 to 2021-12-06 09:35:00 ]
2022-01-01 06:37:57,224 read IYF from av [ 2021-12-31 16:00:00 to 2021-12-06 09:30:00 ]
2022-01-01 06:37:58,885 read IYR from av [ 2021-12-31 17:35:00 to 2021-12-06 09:35:00 ]
2022-01-01 06:38:00,379 read IYW from av [ 2021-12-31 18:45:00 to 2021-12-06 08:30:00 ]
2022-01-01 06:38:01,723 read IYT from av [ 2021-12-31 16:00:00 to 2021-12-06 09:35:00 ]
2022-01-01 06:38:03,123 read PEJ from av [ 2021-12-31 16:00:00 to 2021-12-06 09:30:00 ]
2022-01-01 06:38:03,948 read USO from av [ 2021-12-31 17:50:00 to 2021-12-06 04:20:00 ]
2022-01-01 06:38:05,939 read DBC from av [ 2021-12-31 16:40:00 to 2021-12-06 04:15:00 ]
2022-01-01 06:38:07,709 read GSG from av [ 2021-12-31 18:00:00 to 2021-12-06 09:35:00 ]
2022-01-01 06:38:08,518 read VTI from av [ 2021-12-31 17:00:00 to 2021-12-06 06:25:00 ]
2022-01-01 06:44:10,493 Time out ^RUT
2022-01-01 06:44:11,736 read FDN from av [ 2021-12-31 16:10:00 to 2021-12-06 08:30:00 ]
2022-01-01 06:44:12,565 read XLV from av [ 2021-12-31 19:25:00 to 2021-12-06 04:15:00 ]
2022-01-01 06:44:14,538 read IBB from av [ 2021-12-31 18:10:00 to 2021-12-06 04:50:00 ]
2022-01-01 06:44:16,608 read KRE from av [ 2021-12-31 16:45:00 to 2021-12-06 05:30:00 ]
2022-01-01 06:44:18,567 read KBE from av [ 2021-12-31 16:10:00 to 2021-12-06 05:50:00 ]
2022-01-01 06:44:19,200 read XLF from av [ 2021-12-31 19:40:00 to 2021-12-06 04:05:00 ]
2022-01-01 06:44:20,177 read XLP from av [ 2021-12-31 16:10:00 to 2021-12-06 06:10:00 ]
2022-01-01 06:44:21,017 read XLY from av [ 2021-12-31 19:25:00 to 2021-12-06 04:45:00 ]
2022-01-01 06:44:21,635 read VNQ from av [ 2021-12-31 18:50:00 to 2021-12-06 06:00:00 ]
2022-01-01 06:44:22,419 read XLB from av [ 2021-12-31 19:55:00 to 2021-12-06 07:05:00 ]
2022-01-01 06:44:23,337 read XLI from av [ 2021-12-31 18:55:00 to 2021-12-06 04:05:00 ]
2022-01-01 06:44:25,223 read KBWB from av [ 2021-12-31 16:00:00 to 2021-12-06 09:35:00 ]
2022-01-01 06:50:26,167 Time out TVIX
2022-01-01 06:56:26,909 Time out ^VVIX
2022-01-01 06:56:27,442 read VIXM from av [ 2021-12-31 16:00:00 to 2021-12-06 09:30:00 ]
2022-01-01 06:56:28,258 read VIXY from av [ 2021-12-31 19:05:00 to 2021-12-03 04:25:00 ]
2022-01-01 06:56:31,063 read VXX from av [ 2021-12-31 20:00:00 to 2021-12-06 04:05:00 ]
2022-01-01 06:56:33,591 read SVXY from av [ 2021-12-31 18:20:00 to 2021-12-06 04:05:00 ]
2022-01-01 06:56:36,845 read UVXY from av [ 2021-12-31 20:00:00 to 2021-12-06 04:05:00 ]
2022-01-01 06:56:38,126 read VIXY from av [ 2021-12-31 19:05:00 to 2021-12-03 04:25:00 ]
