2022-02-05 05:01:07,542 read QQQ from av [ 2022-02-04 20:00:00 to 2022-01-07 04:05:00 ]
2022-02-05 05:07:10,120 Time out ^VIX
2022-02-05 05:07:11,978 read FAS from av [ 2022-02-04 20:00:00 to 2022-01-10 04:05:00 ]
2022-02-05 05:07:13,079 read MIDU from av [ 2022-02-04 16:20:00 to 2022-01-10 06:10:00 ]
2022-02-05 05:07:13,740 read AAPL from av [ 2022-02-04 20:00:00 to 2022-01-07 04:05:00 ]
2022-02-05 05:07:14,681 read GOOG from av [ 2022-02-04 20:00:00 to 2022-01-07 08:15:00 ]
2022-02-05 05:13:15,630 Time out ^GSPC
2022-02-05 05:19:16,184 Time out ^DJI
2022-02-05 05:25:16,894 Time out ^TNX
2022-02-05 05:25:17,453 read MSFT from av [ 2022-02-04 20:00:00 to 2022-01-07 04:05:00 ]
2022-02-05 05:31:18,755 Time out ^VXGOG
2022-02-05 05:37:19,491 Time out ^VXAPL
2022-02-05 05:43:20,285 Time out ^VXGS
2022-02-05 05:49:22,289 Time out ^VXAZN
2022-02-05 05:55:23,121 Time out ^VXIBM
2022-02-05 05:55:23,735 read GS from av [ 2022-02-04 20:00:00 to 2022-01-10 05:05:00 ]
2022-02-05 05:55:24,748 read IBM from av [ 2022-02-04 19:50:00 to 2022-01-07 08:05:00 ]
2022-02-05 05:55:25,539 read FB from av [ 2022-02-04 20:00:00 to 2022-01-07 04:25:00 ]
2022-02-05 06:01:29,403 Time out ^TYVIX
2022-02-05 06:01:30,090 read SPY from av [ 2022-02-04 20:00:00 to 2022-01-07 04:05:00 ]
2022-02-05 06:01:31,308 read GOOGL from av [ 2022-02-04 18:55:00 to 2022-01-07 06:10:00 ]
2022-02-05 06:01:32,354 read JPM from av [ 2022-02-04 19:50:00 to 2022-01-10 04:25:00 ]
2022-02-05 06:01:33,386 read JNJ from av [ 2022-02-04 19:45:00 to 2022-01-10 07:05:00 ]
2022-02-05 06:01:34,206 read BAC from av [ 2022-02-04 20:00:00 to 2022-01-10 04:05:00 ]
2022-02-05 06:01:35,165 read V from av [ 2022-02-04 19:40:00 to 2022-01-10 06:20:00 ]
2022-02-05 06:01:36,287 read WFC from av [ 2022-02-04 20:00:00 to 2022-01-10 04:05:00 ]
2022-02-05 06:01:37,376 read MA from av [ 2022-02-04 19:45:00 to 2022-01-10 08:10:00 ]
2022-02-05 06:01:38,405 read C from av [ 2022-02-04 20:00:00 to 2022-01-10 04:10:00 ]
2022-02-05 06:01:39,257 read PYPL from av [ 2022-02-04 20:00:00 to 2022-01-10 04:10:00 ]
2022-02-05 06:01:40,251 read OIL from av [ 2022-02-04 18:45:00 to 2022-01-10 09:35:00 ]
2022-02-05 06:07:44,357 Time out DX-Y.NYB
2022-02-05 06:07:44,963 read GLD from av [ 2022-02-04 18:05:00 to 2022-01-10 04:05:00 ]
2022-02-05 06:07:46,637 read UUP from av [ 2022-02-04 16:45:00 to 2022-01-10 04:10:00 ]
2022-02-05 06:07:48,275 read SHY from av [ 2022-02-04 16:50:00 to 2022-01-10 04:20:00 ]
2022-02-05 06:07:49,688 read SHV from av [ 2022-02-04 17:15:00 to 2022-01-10 09:35:00 ]
2022-02-05 06:07:50,422 read IEF from av [ 2022-02-04 16:25:00 to 2022-01-10 04:15:00 ]
2022-02-05 06:13:51,385 Time out ^IRX
2022-02-05 06:19:51,934 Time out ^FVX
2022-02-05 06:25:52,617 Time out ^TYX
2022-02-05 06:25:53,432 read SQQQ from av [ 2022-02-04 20:00:00 to 2022-01-07 04:05:00 ]
2022-02-05 06:25:54,482 read TQQQ from av [ 2022-02-04 20:00:00 to 2022-01-07 04:05:00 ]
2022-02-05 06:31:55,865 Time out ^VXX
2022-02-05 06:37:56,630 Time out ^VXZ
2022-02-05 06:37:57,805 read IYE from av [ 2022-02-04 18:25:00 to 2022-01-10 09:30:00 ]
2022-02-05 06:37:58,798 read IYY from av [ 2022-02-04 16:00:00 to 2022-01-10 09:35:00 ]
2022-02-05 06:38:00,187 read IYF from av [ 2022-02-04 16:00:00 to 2022-01-10 05:20:00 ]
2022-02-05 06:38:01,981 read IYR from av [ 2022-02-04 16:10:00 to 2022-01-10 06:25:00 ]
2022-02-05 06:38:03,665 read IYW from av [ 2022-02-04 16:00:00 to 2022-01-10 07:05:00 ]
2022-02-05 06:38:05,603 read IYT from av [ 2022-02-04 16:00:00 to 2022-01-10 09:35:00 ]
2022-02-05 06:38:06,940 read PEJ from av [ 2022-02-04 16:00:00 to 2022-01-10 09:30:00 ]
2022-02-05 06:38:07,601 read USO from av [ 2022-02-04 20:00:00 to 2022-01-10 04:05:00 ]
2022-02-05 06:38:09,650 read DBC from av [ 2022-02-04 20:00:00 to 2022-01-10 08:05:00 ]
2022-02-05 06:38:11,196 read GSG from av [ 2022-02-04 16:45:00 to 2022-01-10 09:00:00 ]
2022-02-05 06:38:11,857 read VTI from av [ 2022-02-04 18:50:00 to 2022-01-10 06:50:00 ]
2022-02-05 06:44:12,849 Time out ^RUT
2022-02-05 06:44:13,125 read FDN from av [ 2022-02-04 16:15:00 to 2022-01-07 09:05:00 ]
2022-02-05 06:44:13,815 read XLV from av [ 2022-02-04 19:35:00 to 2022-01-10 04:05:00 ]
2022-02-05 06:44:15,916 read IBB from av [ 2022-02-04 16:15:00 to 2022-01-10 04:05:00 ]
2022-02-05 06:44:16,752 read KRE from av [ 2022-02-04 19:45:00 to 2022-01-10 04:10:00 ]
2022-02-05 06:44:18,483 read KBE from av [ 2022-02-04 16:35:00 to 2022-01-10 04:30:00 ]
2022-02-05 06:44:19,279 read XLF from av [ 2022-02-04 20:00:00 to 2022-01-10 04:05:00 ]
2022-02-05 06:44:20,174 read XLP from av [ 2022-02-04 16:05:00 to 2022-01-10 05:15:00 ]
2022-02-05 06:44:20,816 read XLY from av [ 2022-02-04 16:15:00 to 2022-01-10 06:25:00 ]
2022-02-05 06:44:21,455 read VNQ from av [ 2022-02-04 16:05:00 to 2022-01-10 07:20:00 ]
2022-02-05 06:44:22,232 read XLB from av [ 2022-02-04 16:15:00 to 2022-01-10 06:45:00 ]
2022-02-05 06:44:22,874 read XLI from av [ 2022-02-04 19:05:00 to 2022-01-10 04:30:00 ]
2022-02-05 06:44:25,003 read KBWB from av [ 2022-02-04 18:10:00 to 2022-01-10 04:35:00 ]
2022-02-05 06:50:26,025 Time out TVIX
2022-02-05 06:56:26,744 Time out ^VVIX
2022-02-05 06:56:27,456 read VIXM from av [ 2022-02-04 16:00:00 to 2022-01-10 09:35:00 ]
2022-02-05 06:56:28,250 read VIXY from av [ 2022-02-04 18:45:00 to 2022-01-10 04:15:00 ]
2022-02-05 06:56:29,215 read VXX from av [ 2022-02-04 20:00:00 to 2022-01-10 04:05:00 ]
2022-02-05 06:56:32,773 read SVXY from av [ 2022-02-04 17:50:00 to 2022-01-10 04:15:00 ]
2022-02-05 06:56:35,579 read UVXY from av [ 2022-02-04 20:00:00 to 2022-01-10 04:05:00 ]
2022-02-05 06:56:36,569 read VIXY from av [ 2022-02-04 18:45:00 to 2022-01-10 04:15:00 ]
