2022-10-08 05:01:08,696 read QQQ from av [ 2022-10-07 20:00:00 to 2022-09-09 04:05:00 ]
2022-10-08 05:07:09,572 Time out ^VIX
2022-10-08 05:07:10,991 read FAS from av [ 2022-10-07 20:00:00 to 2022-09-12 04:40:00 ]
2022-10-08 05:07:11,329 read MIDU from av [ 2022-10-07 16:00:00 to 2022-09-12 08:50:00 ]
2022-10-08 05:07:11,832 read AAPL from av [ 2022-10-07 20:00:00 to 2022-09-09 04:05:00 ]
2022-10-08 05:07:12,271 read GOOG from av [ 2022-10-07 20:00:00 to 2022-09-09 04:05:00 ]
2022-10-08 05:13:12,988 Time out ^GSPC
2022-10-08 05:19:13,588 Time out ^DJI
2022-10-08 05:25:14,343 Time out ^TNX
2022-10-08 05:25:14,708 read MSFT from av [ 2022-10-07 20:00:00 to 2022-09-09 04:05:00 ]
2022-10-08 05:31:15,556 Time out ^VXGOG
2022-10-08 05:37:16,295 Time out ^VXAPL
2022-10-08 05:43:16,935 Time out ^VXGS
2022-10-08 05:49:17,679 Time out ^VXAZN
2022-10-08 05:55:18,259 Time out ^VXIBM
2022-10-08 05:55:18,568 read GS from av [ 2022-10-07 19:35:00 to 2022-09-12 08:00:00 ]
2022-10-08 05:55:18,818 read IBM from av [ 2022-10-07 19:20:00 to 2022-09-09 04:05:00 ]
2022-10-08 06:01:19,643 Time out FB
2022-10-08 06:07:20,161 Time out ^TYVIX
2022-10-08 06:07:20,645 read SPY from av [ 2022-10-07 20:00:00 to 2022-09-09 04:05:00 ]
2022-10-08 06:07:21,395 read GOOGL from av [ 2022-10-07 20:00:00 to 2022-09-09 04:05:00 ]
2022-10-08 06:07:21,762 read JPM from av [ 2022-10-07 19:40:00 to 2022-09-09 04:45:00 ]
2022-10-08 06:07:22,092 read JNJ from av [ 2022-10-07 17:40:00 to 2022-09-09 08:15:00 ]
2022-10-08 06:07:22,517 read BAC from av [ 2022-10-07 20:00:00 to 2022-09-12 04:30:00 ]
2022-10-08 06:07:22,827 read V from av [ 2022-10-07 18:35:00 to 2022-09-09 04:05:00 ]
2022-10-08 06:07:23,151 read WFC from av [ 2022-10-07 19:45:00 to 2022-09-12 06:10:00 ]
2022-10-08 06:07:23,454 read MA from av [ 2022-10-07 17:55:00 to 2022-09-12 09:30:00 ]
2022-10-08 06:07:23,889 read C from av [ 2022-10-07 20:00:00 to 2022-09-12 05:20:00 ]
2022-10-08 06:07:24,331 read PYPL from av [ 2022-10-07 20:00:00 to 2022-09-12 04:05:00 ]
2022-10-08 06:07:24,658 read OIL from av [ 2022-10-07 16:40:00 to 2022-09-12 07:05:00 ]
2022-10-08 06:13:25,329 Time out DX-Y.NYB
2022-10-08 06:13:25,683 read GLD from av [ 2022-10-07 19:50:00 to 2022-09-12 04:05:00 ]
2022-10-08 06:13:27,156 read UUP from av [ 2022-10-07 19:55:00 to 2022-09-12 04:05:00 ]
2022-10-08 06:13:28,531 read SHY from av [ 2022-10-07 17:50:00 to 2022-09-12 05:10:00 ]
2022-10-08 06:13:29,733 read SHV from av [ 2022-10-07 16:15:00 to 2022-09-12 06:30:00 ]
2022-10-08 06:13:30,210 read IEF from av [ 2022-10-07 16:45:00 to 2022-09-12 07:45:00 ]
2022-10-08 06:19:30,853 Time out ^IRX
2022-10-08 06:25:31,577 Time out ^FVX
2022-10-08 06:31:32,228 Time out ^TYX
2022-10-08 06:31:32,681 read SQQQ from av [ 2022-10-07 20:00:00 to 2022-09-09 04:05:00 ]
2022-10-08 06:31:33,259 read TQQQ from av [ 2022-10-07 20:00:00 to 2022-09-09 04:05:00 ]
2022-10-08 06:37:33,903 Time out ^VXX
2022-10-08 06:43:34,628 Time out ^VXZ
2022-10-08 06:43:35,895 read IYE from av [ 2022-10-07 16:00:00 to 2022-09-12 09:05:00 ]
2022-10-08 06:43:36,371 read IYY from av [ 2022-10-07 16:00:00 to 2022-09-12 09:35:00 ]
2022-10-08 06:43:37,314 read IYF from av [ 2022-10-07 16:00:00 to 2022-09-12 09:35:00 ]
2022-10-08 06:43:38,635 read IYR from av [ 2022-10-07 17:55:00 to 2022-09-12 09:35:00 ]
2022-10-08 06:43:39,672 read IYW from av [ 2022-10-07 16:45:00 to 2022-09-12 09:25:00 ]
2022-10-08 06:43:40,635 read IYT from av [ 2022-10-07 16:05:00 to 2022-09-12 09:30:00 ]
2022-10-08 06:43:41,348 read PEJ from av [ 2022-10-07 19:15:00 to 2022-09-12 09:35:00 ]
2022-10-08 06:43:41,748 read USO from av [ 2022-10-07 20:00:00 to 2022-09-12 04:10:00 ]
2022-10-08 06:43:43,011 read DBC from av [ 2022-10-07 18:30:00 to 2022-09-12 08:05:00 ]
2022-10-08 06:43:44,208 read GSG from av [ 2022-10-07 16:00:00 to 2022-09-12 08:30:00 ]
2022-10-08 06:43:44,510 read VTI from av [ 2022-10-07 19:55:00 to 2022-09-12 08:05:00 ]
2022-10-08 06:49:45,125 Time out ^RUT
2022-10-08 06:49:46,227 read FDN from av [ 2022-10-07 17:30:00 to 2022-09-12 09:30:00 ]
2022-10-08 06:49:46,641 read XLV from av [ 2022-10-07 19:50:00 to 2022-09-12 04:05:00 ]
2022-10-08 06:49:48,039 read IBB from av [ 2022-10-07 19:15:00 to 2022-09-12 04:05:00 ]
2022-10-08 06:49:49,355 read KRE from av [ 2022-10-07 17:20:00 to 2022-09-12 09:35:00 ]
2022-10-08 06:49:50,603 read KBE from av [ 2022-10-07 16:40:00 to 2022-09-12 07:40:00 ]
2022-10-08 06:49:51,083 read XLF from av [ 2022-10-07 20:00:00 to 2022-09-12 04:05:00 ]
2022-10-08 06:49:51,426 read XLP from av [ 2022-10-07 20:00:00 to 2022-09-12 04:25:00 ]
2022-10-08 06:49:51,712 read XLY from av [ 2022-10-07 16:45:00 to 2022-09-12 07:30:00 ]
2022-10-08 06:49:53,025 read VNQ from av [ 2022-10-07 19:55:00 to 2022-09-12 04:05:00 ]
2022-10-08 06:49:53,326 read XLB from av [ 2022-10-07 16:10:00 to 2022-09-12 05:40:00 ]
2022-10-08 06:49:53,706 read XLI from av [ 2022-10-07 16:50:00 to 2022-09-12 08:15:00 ]
2022-10-08 06:49:54,813 read KBWB from av [ 2022-10-07 16:05:00 to 2022-09-12 09:35:00 ]
2022-10-08 06:55:55,423 Time out TVIX
2022-10-08 07:01:56,167 Time out ^VVIX
2022-10-08 07:01:56,782 read VIXM from av [ 2022-10-07 16:00:00 to 2022-09-12 08:15:00 ]
2022-10-08 07:01:58,485 read VIXY from av [ 2022-10-07 20:00:00 to 2022-09-12 04:05:00 ]
2022-10-08 07:01:58,840 read VXX from av [ 2022-10-07 19:50:00 to 2022-09-09 04:20:00 ]
2022-10-08 07:02:00,464 read SVXY from av [ 2022-10-07 17:35:00 to 2022-09-12 04:05:00 ]
2022-10-08 07:02:02,902 read UVXY from av [ 2022-10-07 20:00:00 to 2022-09-12 04:05:00 ]
2022-10-08 07:02:03,428 read VIXY from av [ 2022-10-07 20:00:00 to 2022-09-12 04:05:00 ]
