2022-05-28 05:01:08,496 read QQQ from av [ 2022-05-26 20:00:00 to 2022-04-29 04:05:00 ]
2022-05-28 05:07:10,123 Time out ^VIX
2022-05-28 05:07:10,451 read FAS from av [ 2022-05-26 20:00:00 to 2022-05-02 07:15:00 ]
2022-05-28 05:07:11,421 read MIDU from av [ 2022-05-26 16:15:00 to 2022-05-02 09:35:00 ]
2022-05-28 05:07:12,203 read AAPL from av [ 2022-05-26 20:00:00 to 2022-04-29 04:05:00 ]
2022-05-28 05:07:13,449 read GOOG from av [ 2022-05-26 20:00:00 to 2022-04-29 04:25:00 ]
2022-05-28 05:13:15,916 Time out ^GSPC
2022-05-28 05:19:16,683 Time out ^DJI
2022-05-28 05:25:18,326 Time out ^TNX
2022-05-28 05:25:18,862 read MSFT from av [ 2022-05-26 20:00:00 to 2022-04-29 04:05:00 ]
2022-05-28 05:31:20,762 Time out ^VXGOG
2022-05-28 05:37:22,105 Time out ^VXAPL
2022-05-28 05:43:22,835 Time out ^VXGS
2022-05-28 05:49:24,405 Time out ^VXAZN
2022-05-28 05:55:25,146 Time out ^VXIBM
2022-05-28 05:55:25,560 read GS from av [ 2022-05-26 18:15:00 to 2022-05-02 07:10:00 ]
2022-05-28 05:55:26,436 read IBM from av [ 2022-05-26 20:00:00 to 2022-04-29 04:25:00 ]
2022-05-28 05:55:27,444 read FB from av [ 2022-05-26 20:00:00 to 2022-04-29 04:05:00 ]
2022-05-28 06:01:28,936 Time out ^TYVIX
2022-05-28 06:01:29,353 read SPY from av [ 2022-05-26 20:00:00 to 2022-04-29 04:05:00 ]
2022-05-28 06:01:30,707 read GOOGL from av [ 2022-05-26 18:30:00 to 2022-04-29 08:05:00 ]
2022-05-28 06:01:31,593 read JPM from av [ 2022-05-26 19:55:00 to 2022-05-02 04:05:00 ]
2022-05-28 06:01:32,439 read JNJ from av [ 2022-05-26 17:40:00 to 2022-05-02 08:20:00 ]
2022-05-28 06:01:33,281 read BAC from av [ 2022-05-26 20:00:00 to 2022-05-02 04:05:00 ]
2022-05-28 06:01:34,493 read V from av [ 2022-05-26 19:40:00 to 2022-05-02 07:15:00 ]
2022-05-28 06:01:35,828 read WFC from av [ 2022-05-26 19:55:00 to 2022-05-02 07:05:00 ]
2022-05-28 06:01:36,797 read MA from av [ 2022-05-26 19:25:00 to 2022-05-02 09:05:00 ]
2022-05-28 06:01:37,688 read C from av [ 2022-05-26 19:50:00 to 2022-05-02 04:35:00 ]
2022-05-28 06:01:38,714 read PYPL from av [ 2022-05-26 20:00:00 to 2022-04-29 04:05:00 ]
2022-05-28 06:01:39,702 read OIL from av [ 2022-05-26 17:40:00 to 2022-05-02 09:35:00 ]
2022-05-28 06:07:40,606 Time out DX-Y.NYB
2022-05-28 06:07:40,963 read GLD from av [ 2022-05-26 20:00:00 to 2022-05-02 04:05:00 ]
2022-05-28 06:07:42,961 read UUP from av [ 2022-05-26 19:55:00 to 2022-05-02 07:40:00 ]
2022-05-28 06:07:44,688 read SHY from av [ 2022-05-26 16:35:00 to 2022-05-02 04:15:00 ]
2022-05-28 06:07:46,355 read SHV from av [ 2022-05-26 16:15:00 to 2022-05-02 08:05:00 ]
2022-05-28 06:07:48,040 read IEF from av [ 2022-05-26 16:25:00 to 2022-05-02 04:05:00 ]
2022-05-28 06:13:49,249 Time out ^IRX
2022-05-28 06:19:49,995 Time out ^FVX
2022-05-28 06:25:50,762 Time out ^TYX
2022-05-28 06:25:51,641 read SQQQ from av [ 2022-05-26 20:00:00 to 2022-04-29 04:05:00 ]
2022-05-28 06:25:53,202 read TQQQ from av [ 2022-05-26 20:00:00 to 2022-04-29 04:05:00 ]
2022-05-28 06:31:54,771 Time out ^VXX
2022-05-28 06:37:55,537 Time out ^VXZ
2022-05-28 06:37:56,773 read IYE from av [ 2022-05-26 16:00:00 to 2022-05-02 08:35:00 ]
2022-05-28 06:37:57,574 read IYY from av [ 2022-05-26 16:00:00 to 2022-05-02 08:05:00 ]
2022-05-28 06:37:58,881 read IYF from av [ 2022-05-26 16:00:00 to 2022-05-02 04:20:00 ]
2022-05-28 06:38:00,380 read IYR from av [ 2022-05-26 16:20:00 to 2022-05-02 09:30:00 ]
2022-05-28 06:38:02,361 read IYW from av [ 2022-05-26 16:05:00 to 2022-05-02 09:35:00 ]
2022-05-28 06:38:03,437 read IYT from av [ 2022-05-26 16:00:00 to 2022-05-02 09:35:00 ]
2022-05-28 06:38:05,257 read PEJ from av [ 2022-05-26 16:00:00 to 2022-05-02 08:05:00 ]
2022-05-28 06:38:05,917 read USO from av [ 2022-05-26 19:55:00 to 2022-05-02 04:05:00 ]
2022-05-28 06:38:07,766 read DBC from av [ 2022-05-26 17:35:00 to 2022-05-02 04:20:00 ]
2022-05-28 06:38:09,475 read GSG from av [ 2022-05-26 16:10:00 to 2022-05-02 07:50:00 ]
2022-05-28 06:38:10,216 read VTI from av [ 2022-05-26 19:15:00 to 2022-05-02 07:40:00 ]
2022-05-28 06:44:11,249 Time out ^RUT
2022-05-28 06:44:11,723 read FDN from av [ 2022-05-26 16:00:00 to 2022-05-02 09:35:00 ]
2022-05-28 06:44:12,653 read XLV from av [ 2022-05-26 19:00:00 to 2022-05-02 04:05:00 ]
2022-05-28 06:44:13,780 read IBB from av [ 2022-05-26 18:50:00 to 2022-05-02 07:35:00 ]
2022-05-28 06:44:14,488 read KRE from av [ 2022-05-26 18:30:00 to 2022-05-02 08:00:00 ]
2022-05-28 06:44:16,384 read KBE from av [ 2022-05-26 16:20:00 to 2022-05-02 09:35:00 ]
2022-05-28 06:44:17,124 read XLF from av [ 2022-05-26 20:00:00 to 2022-05-02 04:05:00 ]
2022-05-28 06:44:18,254 read XLP from av [ 2022-05-26 18:20:00 to 2022-05-02 06:30:00 ]
2022-05-28 06:44:18,964 read XLY from av [ 2022-05-26 18:45:00 to 2022-05-02 07:05:00 ]
2022-05-28 06:44:19,806 read VNQ from av [ 2022-05-26 16:20:00 to 2022-05-02 07:25:00 ]
2022-05-28 06:44:20,499 read XLB from av [ 2022-05-26 20:00:00 to 2022-05-02 04:35:00 ]
2022-05-28 06:44:21,199 read XLI from av [ 2022-05-26 16:35:00 to 2022-05-02 07:50:00 ]
2022-05-28 06:44:22,902 read KBWB from av [ 2022-05-26 16:00:00 to 2022-05-02 09:35:00 ]
2022-05-28 06:50:23,969 Time out TVIX
2022-05-28 06:56:24,756 Time out ^VVIX
2022-05-28 06:56:25,504 read VIXM from av [ 2022-05-26 16:30:00 to 2022-05-02 09:15:00 ]
2022-05-28 06:56:27,421 read VIXY from av [ 2022-05-26 20:00:00 to 2022-05-02 04:05:00 ]
2022-05-28 06:56:28,332 read VXX from av [ 2022-05-26 20:00:00 to 2022-05-02 04:05:00 ]
2022-05-28 06:56:30,856 read SVXY from av [ 2022-05-26 20:00:00 to 2022-05-02 04:05:00 ]
2022-05-28 06:56:31,885 read UVXY from av [ 2022-05-26 20:00:00 to 2022-05-02 04:05:00 ]
2022-05-28 06:56:33,022 read VIXY from av [ 2022-05-26 20:00:00 to 2022-05-02 04:05:00 ]
