2022-10-22 05:01:08,998 read QQQ from av [ 2022-10-21 20:00:00 to 2022-09-23 04:05:00 ]
2022-10-22 05:07:09,667 Time out ^VIX
2022-10-22 05:07:10,023 read FAS from av [ 2022-10-21 19:20:00 to 2022-09-26 04:05:00 ]
2022-10-22 05:07:10,375 read MIDU from av [ 2022-10-21 16:00:00 to 2022-09-26 07:05:00 ]
2022-10-22 05:07:10,815 read AAPL from av [ 2022-10-21 20:00:00 to 2022-09-23 04:05:00 ]
2022-10-22 05:07:11,385 read GOOG from av [ 2022-10-21 20:00:00 to 2022-09-23 04:05:00 ]
2022-10-22 05:13:11,938 Time out ^GSPC
2022-10-22 05:19:12,422 Time out ^DJI
2022-10-22 05:25:12,967 Time out ^TNX
2022-10-22 05:25:13,470 read MSFT from av [ 2022-10-21 20:00:00 to 2022-09-23 04:05:00 ]
2022-10-22 05:31:14,072 Time out ^VXGOG
2022-10-22 05:37:14,659 Time out ^VXAPL
2022-10-22 05:43:15,229 Time out ^VXGS
2022-10-22 05:49:15,832 Time out ^VXAZN
2022-10-22 05:55:16,440 Time out ^VXIBM
2022-10-22 05:55:16,836 read GS from av [ 2022-10-21 19:45:00 to 2022-09-23 07:15:00 ]
2022-10-22 05:55:17,169 read IBM from av [ 2022-10-21 19:25:00 to 2022-09-23 05:00:00 ]
2022-10-22 06:01:17,850 Time out FB
2022-10-22 06:07:18,340 Time out ^TYVIX
2022-10-22 06:07:18,842 read SPY from av [ 2022-10-21 20:00:00 to 2022-09-23 04:05:00 ]
2022-10-22 06:07:19,297 read GOOGL from av [ 2022-10-21 20:00:00 to 2022-09-23 04:05:00 ]
2022-10-22 06:07:19,823 read JPM from av [ 2022-10-21 20:00:00 to 2022-09-23 04:05:00 ]
2022-10-22 06:07:20,227 read JNJ from av [ 2022-10-21 19:15:00 to 2022-09-23 08:05:00 ]
2022-10-22 06:07:20,708 read BAC from av [ 2022-10-21 20:00:00 to 2022-09-26 05:10:00 ]
2022-10-22 06:07:21,037 read V from av [ 2022-10-21 17:45:00 to 2022-09-23 04:15:00 ]
2022-10-22 06:07:21,391 read WFC from av [ 2022-10-21 20:00:00 to 2022-09-26 07:10:00 ]
2022-10-22 06:07:21,663 read MA from av [ 2022-10-21 19:45:00 to 2022-09-26 08:50:00 ]
2022-10-22 06:07:22,080 read C from av [ 2022-10-21 19:55:00 to 2022-09-26 04:50:00 ]
2022-10-22 06:07:22,513 read PYPL from av [ 2022-10-21 19:40:00 to 2022-09-26 04:05:00 ]
2022-10-22 06:07:23,000 read OIL from av [ 2022-10-21 18:55:00 to 2022-09-26 07:05:00 ]
2022-10-22 06:13:23,484 Time out DX-Y.NYB
2022-10-22 06:13:23,839 read GLD from av [ 2022-10-21 20:00:00 to 2022-09-26 04:05:00 ]
2022-10-22 06:13:25,358 read UUP from av [ 2022-10-21 20:00:00 to 2022-09-26 05:10:00 ]
2022-10-22 06:13:26,778 read SHY from av [ 2022-10-21 19:05:00 to 2022-09-26 04:40:00 ]
2022-10-22 06:13:28,314 read SHV from av [ 2022-10-21 19:05:00 to 2022-09-26 08:00:00 ]
2022-10-22 06:13:29,756 read IEF from av [ 2022-10-21 19:50:00 to 2022-09-26 07:10:00 ]
2022-10-22 06:19:30,370 Time out ^IRX
2022-10-22 06:25:30,937 Time out ^FVX
2022-10-22 06:31:31,525 Time out ^TYX
2022-10-22 06:31:32,266 read SQQQ from av [ 2022-10-21 20:00:00 to 2022-09-23 04:05:00 ]
2022-10-22 06:31:32,925 read TQQQ from av [ 2022-10-21 20:00:00 to 2022-09-23 04:05:00 ]
2022-10-22 06:37:33,507 Time out ^VXX
2022-10-22 06:43:34,085 Time out ^VXZ
2022-10-22 06:43:35,335 read IYE from av [ 2022-10-21 16:00:00 to 2022-09-26 07:05:00 ]
2022-10-22 06:43:35,835 read IYY from av [ 2022-10-21 16:00:00 to 2022-09-26 09:35:00 ]
2022-10-22 06:43:36,984 read IYF from av [ 2022-10-21 16:00:00 to 2022-09-26 09:35:00 ]
2022-10-22 06:43:38,209 read IYR from av [ 2022-10-21 16:30:00 to 2022-09-26 09:35:00 ]
2022-10-22 06:43:39,384 read IYW from av [ 2022-10-21 16:00:00 to 2022-09-26 09:30:00 ]
2022-10-22 06:43:40,408 read IYT from av [ 2022-10-21 16:00:00 to 2022-09-26 09:35:00 ]
2022-10-22 06:43:40,714 read PEJ from av [ 2022-10-21 16:00:00 to 2022-09-26 09:30:00 ]
2022-10-22 06:43:41,130 read USO from av [ 2022-10-21 19:25:00 to 2022-09-26 04:05:00 ]
2022-10-22 06:43:42,323 read DBC from av [ 2022-10-21 16:00:00 to 2022-09-26 07:05:00 ]
2022-10-22 06:43:43,452 read GSG from av [ 2022-10-21 16:00:00 to 2022-09-26 04:05:00 ]
2022-10-22 06:43:43,801 read VTI from av [ 2022-10-21 20:00:00 to 2022-09-23 06:10:00 ]
2022-10-22 06:49:44,389 Time out ^RUT
2022-10-22 06:49:45,465 read FDN from av [ 2022-10-21 18:05:00 to 2022-09-26 09:30:00 ]
2022-10-22 06:49:46,803 read XLV from av [ 2022-10-21 17:25:00 to 2022-09-26 07:55:00 ]
2022-10-22 06:49:48,047 read IBB from av [ 2022-10-21 18:45:00 to 2022-09-26 07:55:00 ]
2022-10-22 06:49:49,507 read KRE from av [ 2022-10-21 17:10:00 to 2022-09-26 08:55:00 ]
2022-10-22 06:49:50,916 read KBE from av [ 2022-10-21 18:40:00 to 2022-09-26 09:35:00 ]
2022-10-22 06:49:52,710 read XLF from av [ 2022-10-21 20:00:00 to 2022-09-26 04:05:00 ]
2022-10-22 06:49:54,077 read XLP from av [ 2022-10-21 16:25:00 to 2022-09-26 06:15:00 ]
2022-10-22 06:49:54,411 read XLY from av [ 2022-10-21 17:35:00 to 2022-09-26 04:10:00 ]
2022-10-22 06:49:54,925 read VNQ from av [ 2022-10-21 17:05:00 to 2022-09-26 05:40:00 ]
2022-10-22 06:49:56,323 read XLB from av [ 2022-10-21 19:15:00 to 2022-09-26 04:10:00 ]
2022-10-22 06:49:57,663 read XLI from av [ 2022-10-21 19:35:00 to 2022-09-26 05:45:00 ]
2022-10-22 06:49:58,967 read KBWB from av [ 2022-10-21 18:25:00 to 2022-09-26 07:05:00 ]
2022-10-22 06:55:59,629 Time out TVIX
2022-10-22 07:02:00,309 Time out ^VVIX
2022-10-22 07:02:00,899 read VIXM from av [ 2022-10-21 16:30:00 to 2022-09-26 07:30:00 ]
2022-10-22 07:02:02,721 read VIXY from av [ 2022-10-21 17:55:00 to 2022-09-26 04:05:00 ]
2022-10-22 07:02:03,086 read VXX from av [ 2022-10-21 19:15:00 to 2022-09-23 04:30:00 ]
2022-10-22 07:02:04,959 read SVXY from av [ 2022-10-21 18:50:00 to 2022-09-26 04:20:00 ]
2022-10-22 07:02:07,614 read UVXY from av [ 2022-10-21 20:00:00 to 2022-09-26 04:05:00 ]
2022-10-22 07:02:08,041 read VIXY from av [ 2022-10-21 17:55:00 to 2022-09-26 04:05:00 ]
