2022-08-13 05:01:08,701 read QQQ from av [ 2022-08-12 20:00:00 to 2022-07-15 04:05:00 ]
2022-08-13 05:07:10,729 Time out ^VIX
2022-08-13 05:07:11,243 read FAS from av [ 2022-08-12 19:55:00 to 2022-07-18 04:10:00 ]
2022-08-13 05:07:12,312 read MIDU from av [ 2022-08-12 16:00:00 to 2022-07-18 08:05:00 ]
2022-08-13 05:07:13,131 read AAPL from av [ 2022-08-12 20:00:00 to 2022-07-15 04:05:00 ]
2022-08-13 05:07:14,735 read GOOG from av [ 2022-08-12 20:00:00 to 2022-07-15 06:10:00 ]
2022-08-13 05:13:16,015 Time out ^GSPC
2022-08-13 05:19:16,849 Time out ^DJI
2022-08-13 05:25:17,543 Time out ^TNX
2022-08-13 05:25:18,223 read MSFT from av [ 2022-08-12 20:00:00 to 2022-07-15 04:10:00 ]
2022-08-13 05:31:19,862 Time out ^VXGOG
2022-08-13 05:37:20,622 Time out ^VXAPL
2022-08-13 05:43:21,345 Time out ^VXGS
2022-08-13 05:49:22,157 Time out ^VXAZN
2022-08-13 05:55:22,944 Time out ^VXIBM
2022-08-13 05:55:23,379 read GS from av [ 2022-08-12 17:30:00 to 2022-07-18 04:50:00 ]
2022-08-13 05:55:24,437 read IBM from av [ 2022-08-12 17:35:00 to 2022-07-15 07:25:00 ]
2022-08-13 06:01:25,951 Time out FB
2022-08-13 06:07:26,606 Time out ^TYVIX
2022-08-13 06:07:27,019 read SPY from av [ 2022-08-12 20:00:00 to 2022-07-15 04:05:00 ]
2022-08-13 06:07:28,635 read GOOGL from av [ 2022-08-12 20:00:00 to 2022-07-15 05:10:00 ]
2022-08-13 06:07:29,631 read JPM from av [ 2022-08-12 19:50:00 to 2022-07-15 04:55:00 ]
2022-08-13 06:07:30,741 read JNJ from av [ 2022-08-12 20:00:00 to 2022-07-15 09:20:00 ]
2022-08-13 06:07:31,755 read BAC from av [ 2022-08-12 20:00:00 to 2022-07-18 04:05:00 ]
2022-08-13 06:07:32,934 read V from av [ 2022-08-12 18:55:00 to 2022-07-18 04:10:00 ]
2022-08-13 06:07:34,075 read WFC from av [ 2022-08-12 19:50:00 to 2022-07-18 04:20:00 ]
2022-08-13 06:07:35,156 read MA from av [ 2022-08-12 16:40:00 to 2022-07-18 08:05:00 ]
2022-08-13 06:07:36,399 read C from av [ 2022-08-12 20:00:00 to 2022-07-18 04:05:00 ]
2022-08-13 06:07:37,630 read PYPL from av [ 2022-08-12 20:00:00 to 2022-07-18 04:05:00 ]
2022-08-13 06:07:38,763 read OIL from av [ 2022-08-12 16:00:00 to 2022-07-18 07:05:00 ]
2022-08-13 06:13:39,681 Time out DX-Y.NYB
2022-08-13 06:13:40,081 read GLD from av [ 2022-08-12 19:40:00 to 2022-07-18 04:05:00 ]
2022-08-13 06:13:42,076 read UUP from av [ 2022-08-12 17:00:00 to 2022-07-18 04:10:00 ]
2022-08-13 06:13:44,009 read SHY from av [ 2022-08-12 17:10:00 to 2022-07-18 08:05:00 ]
2022-08-13 06:13:45,831 read SHV from av [ 2022-08-12 16:30:00 to 2022-07-18 06:55:00 ]
2022-08-13 06:13:47,765 read IEF from av [ 2022-08-12 17:50:00 to 2022-07-18 07:10:00 ]
2022-08-13 06:19:49,084 Time out ^IRX
2022-08-13 06:25:49,869 Time out ^FVX
2022-08-13 06:31:50,477 Time out ^TYX
2022-08-13 06:31:50,914 read SQQQ from av [ 2022-08-12 20:00:00 to 2022-07-15 04:05:00 ]
2022-08-13 06:31:52,653 read TQQQ from av [ 2022-08-12 20:00:00 to 2022-07-15 04:05:00 ]
2022-08-13 06:37:54,420 Time out ^VXX
2022-08-13 06:43:55,076 Time out ^VXZ
2022-08-13 06:43:56,336 read IYE from av [ 2022-08-12 16:00:00 to 2022-07-18 09:05:00 ]
2022-08-13 06:43:57,209 read IYY from av [ 2022-08-12 16:00:00 to 2022-07-18 09:35:00 ]
2022-08-13 06:43:58,292 read IYF from av [ 2022-08-12 16:00:00 to 2022-07-18 09:30:00 ]
2022-08-13 06:44:00,048 read IYR from av [ 2022-08-12 16:45:00 to 2022-07-18 09:35:00 ]
2022-08-13 06:44:01,621 read IYW from av [ 2022-08-12 16:05:00 to 2022-07-18 07:05:00 ]
2022-08-13 06:44:02,978 read IYT from av [ 2022-08-12 16:00:00 to 2022-07-18 09:35:00 ]
2022-08-13 06:44:03,705 read PEJ from av [ 2022-08-12 19:55:00 to 2022-07-18 09:25:00 ]
2022-08-13 06:44:04,751 read USO from av [ 2022-08-12 20:00:00 to 2022-07-18 04:05:00 ]
2022-08-13 06:44:06,761 read DBC from av [ 2022-08-12 18:05:00 to 2022-07-18 04:10:00 ]
2022-08-13 06:44:08,725 read GSG from av [ 2022-08-12 19:45:00 to 2022-07-18 06:30:00 ]
2022-08-13 06:44:09,561 read VTI from av [ 2022-08-12 19:35:00 to 2022-07-18 05:10:00 ]
2022-08-13 06:50:10,889 Time out ^RUT
2022-08-13 06:50:12,061 read FDN from av [ 2022-08-12 16:05:00 to 2022-07-18 09:35:00 ]
2022-08-13 06:50:13,871 read XLV from av [ 2022-08-12 16:20:00 to 2022-07-18 04:05:00 ]
2022-08-13 06:50:15,874 read IBB from av [ 2022-08-12 16:50:00 to 2022-07-18 04:05:00 ]
2022-08-13 06:50:17,731 read KRE from av [ 2022-08-12 16:50:00 to 2022-07-18 07:55:00 ]
2022-08-13 06:50:19,703 read KBE from av [ 2022-08-12 16:20:00 to 2022-07-18 09:35:00 ]
2022-08-13 06:50:21,938 read XLF from av [ 2022-08-12 20:00:00 to 2022-07-18 04:05:00 ]
2022-08-13 06:50:24,290 read XLP from av [ 2022-08-12 19:50:00 to 2022-07-18 06:50:00 ]
2022-08-13 06:50:26,134 read XLY from av [ 2022-08-12 19:50:00 to 2022-07-18 08:10:00 ]
2022-08-13 06:50:28,003 read VNQ from av [ 2022-08-12 16:20:00 to 2022-07-18 08:05:00 ]
2022-08-13 06:50:29,976 read XLB from av [ 2022-08-12 16:20:00 to 2022-07-18 05:50:00 ]
2022-08-13 06:50:31,819 read XLI from av [ 2022-08-12 17:15:00 to 2022-07-18 08:05:00 ]
2022-08-13 06:50:33,600 read KBWB from av [ 2022-08-12 16:00:00 to 2022-07-18 09:35:00 ]
2022-08-13 06:56:34,808 Time out TVIX
2022-08-13 07:02:35,536 Time out ^VVIX
2022-08-13 07:02:36,182 read VIXM from av [ 2022-08-12 16:00:00 to 2022-07-18 07:20:00 ]
2022-08-13 07:02:37,983 read VIXY from av [ 2022-08-12 20:00:00 to 2022-07-18 04:05:00 ]
2022-08-13 07:02:40,100 read VXX from av [ 2022-08-12 20:00:00 to 2022-07-18 04:05:00 ]
2022-08-13 07:02:42,280 read SVXY from av [ 2022-08-12 18:25:00 to 2022-07-18 04:05:00 ]
2022-08-13 07:02:45,508 read UVXY from av [ 2022-08-12 20:00:00 to 2022-07-18 04:05:00 ]
2022-08-13 07:02:46,851 read VIXY from av [ 2022-08-12 20:00:00 to 2022-07-18 04:05:00 ]
