2022-01-29 05:01:07,786 read QQQ from av [ 2022-01-28 20:00:00 to 2021-12-31 04:05:00 ]
2022-01-29 05:07:10,744 Time out ^VIX
2022-01-29 05:07:12,395 read FAS from av [ 2022-01-28 19:40:00 to 2022-01-03 04:55:00 ]
2022-01-29 05:07:13,407 read MIDU from av [ 2022-01-28 16:00:00 to 2022-01-03 07:35:00 ]
2022-01-29 05:07:14,335 read AAPL from av [ 2022-01-28 20:00:00 to 2021-12-31 04:05:00 ]
2022-01-29 05:07:15,506 read GOOG from av [ 2022-01-28 19:40:00 to 2021-12-31 08:30:00 ]
2022-01-29 05:13:17,841 Time out ^GSPC
2022-01-29 05:19:18,472 Time out ^DJI
2022-01-29 05:25:19,185 Time out ^TNX
2022-01-29 05:25:19,807 read MSFT from av [ 2022-01-28 20:00:00 to 2021-12-31 04:05:00 ]
2022-01-29 05:31:21,247 Time out ^VXGOG
2022-01-29 05:37:22,006 Time out ^VXAPL
2022-01-29 05:43:22,552 Time out ^VXGS
2022-01-29 05:49:23,246 Time out ^VXAZN
2022-01-29 05:55:24,244 Time out ^VXIBM
2022-01-29 05:55:24,583 read GS from av [ 2022-01-28 20:00:00 to 2021-12-31 07:05:00 ]
2022-01-29 05:55:25,411 read IBM from av [ 2022-01-28 20:00:00 to 2021-12-31 08:25:00 ]
2022-01-29 05:55:26,517 read FB from av [ 2022-01-28 19:55:00 to 2021-12-31 04:05:00 ]
2022-01-29 06:01:27,901 Time out ^TYVIX
2022-01-29 06:01:28,374 read SPY from av [ 2022-01-28 20:00:00 to 2021-12-31 04:05:00 ]
2022-01-29 06:01:29,333 read GOOGL from av [ 2022-01-28 19:30:00 to 2021-12-31 08:40:00 ]
2022-01-29 06:01:30,247 read JPM from av [ 2022-01-28 19:55:00 to 2022-01-03 04:20:00 ]
2022-01-29 06:01:31,024 read JNJ from av [ 2022-01-28 18:00:00 to 2022-01-03 08:05:00 ]
2022-01-29 06:01:31,829 read BAC from av [ 2022-01-28 20:00:00 to 2022-01-03 04:05:00 ]
2022-01-29 06:01:32,914 read V from av [ 2022-01-28 20:00:00 to 2021-12-31 07:35:00 ]
2022-01-29 06:01:33,693 read WFC from av [ 2022-01-28 20:00:00 to 2022-01-03 04:05:00 ]
2022-01-29 06:01:34,759 read MA from av [ 2022-01-28 18:50:00 to 2022-01-03 08:05:00 ]
2022-01-29 06:01:35,555 read C from av [ 2022-01-28 20:00:00 to 2022-01-03 04:25:00 ]
2022-01-29 06:01:36,440 read PYPL from av [ 2022-01-28 20:00:00 to 2021-12-31 06:10:00 ]
2022-01-29 06:01:37,384 read OIL from av [ 2022-01-28 16:00:00 to 2022-01-03 09:35:00 ]
2022-01-29 06:07:38,477 Time out DX-Y.NYB
2022-01-29 06:07:41,761 read GLD from av [ 2022-01-28 19:15:00 to 2022-01-03 04:05:00 ]
2022-01-29 06:07:46,516 read UUP from av [ 2022-01-28 17:35:00 to 2022-01-03 07:05:00 ]
2022-01-29 06:07:47,353 read SHY from av [ 2022-01-28 17:20:00 to 2022-01-03 07:30:00 ]
2022-01-29 06:07:49,050 read SHV from av [ 2022-01-28 16:45:00 to 2022-01-03 05:35:00 ]
2022-01-29 06:07:50,944 read IEF from av [ 2022-01-28 16:55:00 to 2022-01-03 04:40:00 ]
2022-01-29 06:13:52,057 Time out ^IRX
2022-01-29 06:19:52,721 Time out ^FVX
2022-01-29 06:25:55,182 Time out ^TYX
2022-01-29 06:25:55,602 read SQQQ from av [ 2022-01-28 20:00:00 to 2021-12-31 04:05:00 ]
2022-01-29 06:25:56,639 read TQQQ from av [ 2022-01-28 20:00:00 to 2021-12-31 04:05:00 ]
2022-01-29 06:31:57,848 Time out ^VXX
2022-01-29 06:37:58,568 Time out ^VXZ
2022-01-29 06:38:04,469 read IYE from av [ 2022-01-28 16:00:00 to 2022-01-03 09:05:00 ]
2022-01-29 06:38:05,718 read IYY from av [ 2022-01-28 16:30:00 to 2022-01-03 09:35:00 ]
2022-01-29 06:38:07,844 read IYF from av [ 2022-01-28 16:00:00 to 2022-01-03 09:35:00 ]
2022-01-29 06:38:10,368 read IYR from av [ 2022-01-28 16:35:00 to 2022-01-03 07:05:00 ]
2022-01-29 06:38:12,281 read IYW from av [ 2022-01-28 16:05:00 to 2022-01-03 08:25:00 ]
2022-01-29 06:38:13,800 read IYT from av [ 2022-01-28 16:00:00 to 2022-01-03 09:35:00 ]
2022-01-29 06:38:15,867 read PEJ from av [ 2022-01-28 16:00:00 to 2022-01-03 07:10:00 ]
2022-01-29 06:38:17,101 read USO from av [ 2022-01-28 20:00:00 to 2022-01-03 04:05:00 ]
2022-01-29 06:38:19,195 read DBC from av [ 2022-01-28 17:35:00 to 2022-01-03 04:50:00 ]
2022-01-29 06:38:20,629 read GSG from av [ 2022-01-28 16:50:00 to 2022-01-03 09:00:00 ]
2022-01-29 06:38:21,222 read VTI from av [ 2022-01-28 19:05:00 to 2022-01-03 07:05:00 ]
2022-01-29 06:44:22,307 Time out ^RUT
2022-01-29 06:44:23,589 read FDN from av [ 2022-01-28 17:05:00 to 2022-01-03 09:00:00 ]
2022-01-29 06:44:24,327 read XLV from av [ 2022-01-28 19:10:00 to 2022-01-03 05:20:00 ]
2022-01-29 06:44:31,766 read IBB from av [ 2022-01-28 18:45:00 to 2022-01-03 07:05:00 ]
2022-01-29 06:44:42,784 read KRE from av [ 2022-01-28 18:50:00 to 2022-01-03 07:05:00 ]
2022-01-29 06:44:44,997 read KBE from av [ 2022-01-28 16:35:00 to 2022-01-03 07:45:00 ]
2022-01-29 06:44:45,771 read XLF from av [ 2022-01-28 19:55:00 to 2022-01-03 04:05:00 ]
2022-01-29 06:44:46,547 read XLP from av [ 2022-01-28 18:50:00 to 2022-01-03 04:15:00 ]
2022-01-29 06:44:47,129 read XLY from av [ 2022-01-28 18:45:00 to 2022-01-03 04:05:00 ]
2022-01-29 06:44:48,967 read VNQ from av [ 2022-01-28 18:25:00 to 2022-01-03 04:05:00 ]
2022-01-29 06:44:49,613 read XLB from av [ 2022-01-28 16:20:00 to 2022-01-03 04:55:00 ]
2022-01-29 06:44:50,304 read XLI from av [ 2022-01-28 16:15:00 to 2022-01-03 04:10:00 ]
2022-01-29 06:44:51,880 read KBWB from av [ 2022-01-28 17:55:00 to 2022-01-03 08:10:00 ]
2022-01-29 06:50:56,810 Time out TVIX
2022-01-29 06:57:00,750 Time out ^VVIX
2022-01-29 06:57:01,324 read VIXM from av [ 2022-01-28 16:00:00 to 2022-01-03 09:35:00 ]
2022-01-29 06:57:04,043 read VIXY from av [ 2022-01-28 19:25:00 to 2022-01-03 04:05:00 ]
2022-01-29 06:57:05,222 read VXX from av [ 2022-01-28 20:00:00 to 2022-01-03 04:05:00 ]
2022-01-29 06:57:07,703 read SVXY from av [ 2022-01-28 19:20:00 to 2022-01-03 04:05:00 ]
2022-01-29 06:57:11,400 read UVXY from av [ 2022-01-28 20:00:00 to 2022-01-03 04:05:00 ]
2022-01-29 06:57:12,411 read VIXY from av [ 2022-01-28 19:25:00 to 2022-01-03 04:05:00 ]
