2022-03-05 05:01:08,480 read QQQ from av [ 2022-03-04 20:00:00 to 2022-02-04 04:05:00 ]
2022-03-05 05:07:10,173 Time out ^VIX
2022-03-05 05:07:12,137 read FAS from av [ 2022-03-04 20:00:00 to 2022-02-07 07:05:00 ]
2022-03-05 05:07:13,353 read MIDU from av [ 2022-03-04 16:00:00 to 2022-02-07 09:35:00 ]
2022-03-05 05:07:14,017 read AAPL from av [ 2022-03-04 20:00:00 to 2022-02-04 04:05:00 ]
2022-03-05 05:07:15,109 read GOOG from av [ 2022-03-04 19:55:00 to 2022-02-04 08:05:00 ]
2022-03-05 05:13:18,632 Time out ^GSPC
2022-03-05 05:19:19,849 Time out ^DJI
2022-03-05 05:25:21,088 Time out ^TNX
2022-03-05 05:25:21,653 read MSFT from av [ 2022-03-04 20:00:00 to 2022-02-04 04:05:00 ]
2022-03-05 05:31:23,055 Time out ^VXGOG
2022-03-05 05:37:23,992 Time out ^VXAPL
2022-03-05 05:43:24,614 Time out ^VXGS
2022-03-05 05:49:25,472 Time out ^VXAZN
2022-03-05 05:55:26,796 Time out ^VXIBM
2022-03-05 05:55:27,189 read GS from av [ 2022-03-04 19:25:00 to 2022-02-07 04:55:00 ]
2022-03-05 05:55:28,030 read IBM from av [ 2022-03-04 18:25:00 to 2022-02-04 05:10:00 ]
2022-03-05 05:55:29,159 read FB from av [ 2022-03-04 20:00:00 to 2022-02-04 04:05:00 ]
2022-03-05 06:01:30,425 Time out ^TYVIX
2022-03-05 06:01:30,850 read SPY from av [ 2022-03-04 20:00:00 to 2022-02-04 04:05:00 ]
2022-03-05 06:01:31,908 read GOOGL from av [ 2022-03-04 18:55:00 to 2022-02-04 06:10:00 ]
2022-03-05 06:01:32,699 read JPM from av [ 2022-03-04 19:50:00 to 2022-02-07 05:25:00 ]
2022-03-05 06:01:33,506 read JNJ from av [ 2022-03-04 19:25:00 to 2022-02-07 04:20:00 ]
2022-03-05 06:01:34,352 read BAC from av [ 2022-03-04 20:00:00 to 2022-02-07 04:30:00 ]
2022-03-05 06:01:35,239 read V from av [ 2022-03-04 20:00:00 to 2022-02-07 05:40:00 ]
2022-03-05 06:01:36,132 read WFC from av [ 2022-03-04 20:00:00 to 2022-02-07 06:10:00 ]
2022-03-05 06:01:37,056 read MA from av [ 2022-03-04 18:45:00 to 2022-02-07 05:20:00 ]
2022-03-05 06:01:37,796 read C from av [ 2022-03-04 20:00:00 to 2022-02-04 04:55:00 ]
2022-03-05 06:01:38,699 read PYPL from av [ 2022-03-04 20:00:00 to 2022-02-04 04:05:00 ]
2022-03-05 06:01:39,881 read OIL from av [ 2022-03-04 19:25:00 to 2022-02-07 08:45:00 ]
2022-03-05 06:07:40,742 Time out DX-Y.NYB
2022-03-05 06:07:41,111 read GLD from av [ 2022-03-04 20:00:00 to 2022-02-07 04:05:00 ]
2022-03-05 06:07:43,003 read UUP from av [ 2022-03-04 18:50:00 to 2022-02-07 08:05:00 ]
2022-03-05 06:07:44,622 read SHY from av [ 2022-03-04 20:00:00 to 2022-02-07 07:50:00 ]
2022-03-05 06:07:46,129 read SHV from av [ 2022-03-04 16:25:00 to 2022-02-07 09:35:00 ]
2022-03-05 06:07:47,815 read IEF from av [ 2022-03-04 16:35:00 to 2022-02-07 07:45:00 ]
2022-03-05 06:13:48,872 Time out ^IRX
2022-03-05 06:19:49,531 Time out ^FVX
2022-03-05 06:25:50,886 Time out ^TYX
2022-03-05 06:25:51,762 read SQQQ from av [ 2022-03-04 20:00:00 to 2022-02-04 04:05:00 ]
2022-03-05 06:25:52,841 read TQQQ from av [ 2022-03-04 20:00:00 to 2022-02-04 04:05:00 ]
2022-03-05 06:31:55,561 Time out ^VXX
2022-03-05 06:37:56,265 Time out ^VXZ
2022-03-05 06:38:09,319 read IYE from av [ 2022-03-04 16:00:00 to 2022-02-07 07:05:00 ]
2022-03-05 06:38:11,687 read IYY from av [ 2022-03-04 16:00:00 to 2022-02-07 09:35:00 ]
2022-03-05 06:38:13,271 read IYF from av [ 2022-03-04 16:00:00 to 2022-02-07 09:30:00 ]
2022-03-05 06:38:15,276 read IYR from av [ 2022-03-04 17:20:00 to 2022-02-07 09:35:00 ]
2022-03-05 06:38:17,006 read IYW from av [ 2022-03-04 16:05:00 to 2022-02-07 08:15:00 ]
2022-03-05 06:38:18,451 read IYT from av [ 2022-03-04 16:00:00 to 2022-02-07 09:35:00 ]
2022-03-05 06:38:20,339 read PEJ from av [ 2022-03-04 19:55:00 to 2022-02-07 08:25:00 ]
2022-03-05 06:38:21,135 read USO from av [ 2022-03-04 20:00:00 to 2022-02-07 04:05:00 ]
2022-03-05 06:38:23,102 read DBC from av [ 2022-03-04 20:00:00 to 2022-02-07 04:10:00 ]
2022-03-05 06:38:24,987 read GSG from av [ 2022-03-04 19:20:00 to 2022-02-07 07:10:00 ]
2022-03-05 06:38:25,742 read VTI from av [ 2022-03-04 18:40:00 to 2022-02-07 07:15:00 ]
2022-03-05 06:44:31,278 Time out ^RUT
2022-03-05 06:44:35,290 read FDN from av [ 2022-03-04 19:10:00 to 2022-02-07 09:30:00 ]
2022-03-05 06:44:37,914 read XLV from av [ 2022-03-04 18:00:00 to 2022-02-07 05:50:00 ]
2022-03-05 06:44:39,918 read IBB from av [ 2022-03-04 16:10:00 to 2022-02-07 04:30:00 ]
2022-03-05 06:44:42,107 read KRE from av [ 2022-03-04 19:55:00 to 2022-02-07 07:20:00 ]
2022-03-05 06:44:44,720 read KBE from av [ 2022-03-04 16:10:00 to 2022-02-07 08:50:00 ]
2022-03-05 06:44:46,864 read XLF from av [ 2022-03-04 19:55:00 to 2022-02-07 04:05:00 ]
2022-03-05 06:44:48,984 read XLP from av [ 2022-03-04 20:00:00 to 2022-02-07 04:50:00 ]
2022-03-05 06:44:50,805 read XLY from av [ 2022-03-04 19:00:00 to 2022-02-07 06:20:00 ]
2022-03-05 06:44:52,528 read VNQ from av [ 2022-03-04 19:55:00 to 2022-02-07 08:10:00 ]
2022-03-05 06:44:54,411 read XLB from av [ 2022-03-04 16:40:00 to 2022-02-07 04:05:00 ]
2022-03-05 06:44:56,372 read XLI from av [ 2022-03-04 16:35:00 to 2022-02-07 04:05:00 ]
2022-03-05 06:44:58,022 read KBWB from av [ 2022-03-04 16:10:00 to 2022-02-07 09:35:00 ]
2022-03-05 06:50:59,040 Time out TVIX
2022-03-05 06:56:59,823 Time out ^VVIX
2022-03-05 06:57:00,473 read VIXM from av [ 2022-03-04 16:00:00 to 2022-02-07 09:35:00 ]
2022-03-05 06:57:03,164 read VIXY from av [ 2022-03-04 19:55:00 to 2022-02-07 04:05:00 ]
2022-03-05 06:57:06,618 read VXX from av [ 2022-03-04 20:00:00 to 2022-02-07 04:05:00 ]
2022-03-05 06:57:09,413 read SVXY from av [ 2022-03-04 19:55:00 to 2022-02-07 04:05:00 ]
2022-03-05 06:57:10,573 read UVXY from av [ 2022-03-04 20:00:00 to 2022-02-07 04:05:00 ]
2022-03-05 06:57:11,784 read VIXY from av [ 2022-03-04 19:55:00 to 2022-02-07 04:05:00 ]
