2022-11-12 10:01:08,237 read QQQ from av [ 2022-11-11 20:00:00 to 2022-10-14 04:05:00 ]
2022-11-12 10:07:09,085 Time out ^VIX
2022-11-12 10:07:09,666 read FAS from av [ 2022-11-11 17:40:00 to 2022-10-17 05:05:00 ]
2022-11-12 10:07:10,147 read MIDU from av [ 2022-11-11 16:00:00 to 2022-10-17 08:40:00 ]
2022-11-12 10:07:10,652 read AAPL from av [ 2022-11-11 20:00:00 to 2022-10-14 04:05:00 ]
2022-11-12 10:07:11,275 read GOOG from av [ 2022-11-11 20:00:00 to 2022-10-14 04:05:00 ]
2022-11-12 10:13:11,909 Time out ^GSPC
2022-11-12 10:19:12,628 Time out ^DJI
2022-11-12 10:25:13,299 Time out ^TNX
2022-11-12 10:25:13,672 read MSFT from av [ 2022-11-11 20:00:00 to 2022-10-14 04:10:00 ]
2022-11-12 10:31:14,395 Time out ^VXGOG
2022-11-12 10:37:15,088 Time out ^VXAPL
2022-11-12 10:43:15,715 Time out ^VXGS
2022-11-12 10:49:16,385 Time out ^VXAZN
2022-11-12 10:55:17,063 Time out ^VXIBM
2022-11-12 10:55:17,337 read GS from av [ 2022-11-11 20:00:00 to 2022-10-17 07:05:00 ]
2022-11-12 10:55:17,918 read IBM from av [ 2022-11-11 19:20:00 to 2022-10-14 04:20:00 ]
2022-11-12 11:01:18,716 Time out FB
2022-11-12 11:07:19,268 Time out ^TYVIX
2022-11-12 11:07:19,678 read SPY from av [ 2022-11-11 20:00:00 to 2022-10-14 04:05:00 ]
2022-11-12 11:07:20,235 read GOOGL from av [ 2022-11-11 20:00:00 to 2022-10-14 04:05:00 ]
2022-11-12 11:07:20,690 read JPM from av [ 2022-11-11 19:25:00 to 2022-10-17 04:05:00 ]
2022-11-12 11:07:21,288 read JNJ from av [ 2022-11-11 19:45:00 to 2022-10-14 08:10:00 ]
2022-11-12 11:07:21,678 read BAC from av [ 2022-11-11 20:00:00 to 2022-10-17 04:05:00 ]
2022-11-12 11:07:22,128 read V from av [ 2022-11-11 20:00:00 to 2022-10-14 06:10:00 ]
2022-11-12 11:07:22,543 read WFC from av [ 2022-11-11 20:00:00 to 2022-10-17 04:05:00 ]
2022-11-12 11:07:23,033 read MA from av [ 2022-11-11 16:55:00 to 2022-10-17 05:45:00 ]
2022-11-12 11:07:23,551 read C from av [ 2022-11-11 19:50:00 to 2022-10-17 04:35:00 ]
2022-11-12 11:07:24,046 read PYPL from av [ 2022-11-11 19:45:00 to 2022-10-17 04:10:00 ]
2022-11-12 11:07:24,488 read OIL from av [ 2022-11-11 16:00:00 to 2022-10-17 09:35:00 ]
2022-11-12 11:13:25,146 Time out DX-Y.NYB
2022-11-12 11:13:25,671 read GLD from av [ 2022-11-11 18:55:00 to 2022-10-17 04:05:00 ]
2022-11-12 11:13:26,053 read UUP from av [ 2022-11-11 19:55:00 to 2022-10-17 08:05:00 ]
2022-11-12 11:13:27,362 read SHY from av [ 2022-11-11 17:15:00 to 2022-10-17 07:55:00 ]
2022-11-12 11:13:28,560 read SHV from av [ 2022-11-11 16:35:00 to 2022-10-17 07:55:00 ]
2022-11-12 11:13:30,083 read IEF from av [ 2022-11-11 17:15:00 to 2022-10-17 06:45:00 ]
2022-11-12 11:19:30,819 Time out ^IRX
2022-11-12 11:25:31,493 Time out ^FVX
2022-11-12 11:31:32,213 Time out ^TYX
2022-11-12 11:31:32,980 read SQQQ from av [ 2022-11-11 20:00:00 to 2022-10-14 04:05:00 ]
2022-11-12 11:31:33,843 read TQQQ from av [ 2022-11-11 20:00:00 to 2022-10-14 04:05:00 ]
2022-11-12 11:37:34,539 Time out ^VXX
2022-11-12 11:43:35,255 Time out ^VXZ
2022-11-12 11:43:37,412 read IYE from av [ 2022-11-11 16:45:00 to 2022-10-17 08:45:00 ]
2022-11-12 11:43:38,816 read IYY from av [ 2022-11-11 16:00:00 to 2022-10-17 09:35:00 ]
2022-11-12 11:43:40,835 read IYF from av [ 2022-11-11 16:00:00 to 2022-10-17 09:30:00 ]
2022-11-12 11:43:43,255 read IYR from av [ 2022-11-11 16:45:00 to 2022-10-17 09:30:00 ]
2022-11-12 11:43:45,404 read IYW from av [ 2022-11-11 16:05:00 to 2022-10-17 09:30:00 ]
2022-11-12 11:43:45,737 read IYT from av [ 2022-11-11 16:00:00 to 2022-10-17 09:35:00 ]
2022-11-12 11:43:47,161 read PEJ from av [ 2022-11-11 16:00:00 to 2022-10-17 09:30:00 ]
2022-11-12 11:43:47,601 read USO from av [ 2022-11-11 19:15:00 to 2022-10-17 04:05:00 ]
2022-11-12 11:43:49,694 read DBC from av [ 2022-11-11 16:00:00 to 2022-10-17 08:35:00 ]
2022-11-12 11:43:51,496 read GSG from av [ 2022-11-11 16:25:00 to 2022-10-17 09:10:00 ]
2022-11-12 11:43:51,865 read VTI from av [ 2022-11-11 20:00:00 to 2022-10-14 04:15:00 ]
2022-11-12 11:49:52,601 Time out ^RUT
2022-11-12 11:49:52,949 read FDN from av [ 2022-11-11 16:15:00 to 2022-10-17 09:30:00 ]
2022-11-12 11:49:53,334 read XLV from av [ 2022-11-11 19:40:00 to 2022-10-17 05:15:00 ]
2022-11-12 11:49:53,757 read IBB from av [ 2022-11-11 17:05:00 to 2022-10-17 04:25:00 ]
2022-11-12 11:49:54,089 read KRE from av [ 2022-11-11 18:20:00 to 2022-10-17 04:05:00 ]
2022-11-12 11:49:55,299 read KBE from av [ 2022-11-11 16:00:00 to 2022-10-17 09:35:00 ]
2022-11-12 11:49:55,730 read XLF from av [ 2022-11-11 20:00:00 to 2022-10-17 04:05:00 ]
2022-11-12 11:49:56,071 read XLP from av [ 2022-11-11 19:50:00 to 2022-10-17 09:00:00 ]
2022-11-12 11:49:56,425 read XLY from av [ 2022-11-11 17:35:00 to 2022-10-17 08:05:00 ]
2022-11-12 11:49:56,762 read VNQ from av [ 2022-11-11 16:35:00 to 2022-10-17 04:05:00 ]
2022-11-12 11:49:57,091 read XLB from av [ 2022-11-11 16:05:00 to 2022-10-17 05:05:00 ]
2022-11-12 11:49:57,518 read XLI from av [ 2022-11-11 17:55:00 to 2022-10-17 04:05:00 ]
2022-11-12 11:49:59,137 read KBWB from av [ 2022-11-11 16:05:00 to 2022-10-17 09:25:00 ]
2022-11-12 11:56:00,008 Time out TVIX
2022-11-12 12:02:01,200 Time out ^VVIX
2022-11-12 12:02:01,630 read VIXM from av [ 2022-11-11 16:00:00 to 2022-10-17 08:55:00 ]
2022-11-12 12:02:02,068 read VIXY from av [ 2022-11-11 20:00:00 to 2022-10-17 04:05:00 ]
2022-11-12 12:02:02,524 read VXX from av [ 2022-11-11 20:00:00 to 2022-10-17 04:05:00 ]
2022-11-12 12:02:04,097 read SVXY from av [ 2022-11-11 18:10:00 to 2022-10-17 04:10:00 ]
2022-11-12 12:02:04,648 read UVXY from av [ 2022-11-11 20:00:00 to 2022-10-17 04:05:00 ]
2022-11-12 12:02:05,169 read VIXY from av [ 2022-11-11 20:00:00 to 2022-10-17 04:05:00 ]
