2022-06-25 05:01:08,783 read QQQ from av [ 2022-06-24 20:00:00 to 2022-05-27 04:05:00 ]
2022-06-25 05:07:10,364 Time out ^VIX
2022-06-25 05:07:10,748 read FAS from av [ 2022-06-24 19:50:00 to 2022-05-31 05:45:00 ]
2022-06-25 05:07:11,756 read MIDU from av [ 2022-06-24 19:20:00 to 2022-05-31 08:20:00 ]
2022-06-25 05:07:12,533 read AAPL from av [ 2022-06-24 20:00:00 to 2022-05-27 04:05:00 ]
2022-06-25 05:07:13,933 read GOOG from av [ 2022-06-24 17:20:00 to 2022-05-27 04:25:00 ]
2022-06-25 05:13:15,104 Time out ^GSPC
2022-06-25 05:19:15,886 Time out ^DJI
2022-06-25 05:25:16,667 Time out ^TNX
2022-06-25 05:25:17,107 read MSFT from av [ 2022-06-24 20:00:00 to 2022-05-27 04:20:00 ]
2022-06-25 05:31:18,652 Time out ^VXGOG
2022-06-25 05:37:19,427 Time out ^VXAPL
2022-06-25 05:43:20,193 Time out ^VXGS
2022-06-25 05:49:20,885 Time out ^VXAZN
2022-06-25 05:55:21,656 Time out ^VXIBM
2022-06-25 05:55:22,176 read GS from av [ 2022-06-24 19:30:00 to 2022-05-31 06:25:00 ]
2022-06-25 05:55:23,244 read IBM from av [ 2022-06-24 18:20:00 to 2022-05-27 06:50:00 ]
2022-06-25 06:01:24,586 Time out FB
2022-06-25 06:07:25,321 Time out ^TYVIX
2022-06-25 06:07:25,832 read SPY from av [ 2022-06-24 20:00:00 to 2022-05-27 04:05:00 ]
2022-06-25 06:07:27,095 read GOOGL from av [ 2022-06-24 19:45:00 to 2022-05-27 04:05:00 ]
2022-06-25 06:07:27,986 read JPM from av [ 2022-06-24 19:40:00 to 2022-05-27 05:15:00 ]
2022-06-25 06:07:28,878 read JNJ from av [ 2022-06-24 18:15:00 to 2022-05-27 09:30:00 ]
2022-06-25 06:07:29,776 read BAC from av [ 2022-06-24 20:00:00 to 2022-05-31 04:05:00 ]
2022-06-25 06:07:30,856 read V from av [ 2022-06-24 20:00:00 to 2022-05-27 08:05:00 ]
2022-06-25 06:07:31,775 read WFC from av [ 2022-06-24 20:00:00 to 2022-05-31 04:05:00 ]
2022-06-25 06:07:33,024 read MA from av [ 2022-06-24 19:20:00 to 2022-05-31 08:25:00 ]
2022-06-25 06:07:34,024 read C from av [ 2022-06-24 19:45:00 to 2022-05-31 04:05:00 ]
2022-06-25 06:07:35,003 read PYPL from av [ 2022-06-24 20:00:00 to 2022-05-31 04:05:00 ]
2022-06-25 06:07:36,149 read OIL from av [ 2022-06-24 16:00:00 to 2022-05-31 07:05:00 ]
2022-06-25 06:13:37,203 Time out DX-Y.NYB
2022-06-25 06:13:37,517 read GLD from av [ 2022-06-24 20:00:00 to 2022-05-31 04:05:00 ]
2022-06-25 06:13:39,506 read UUP from av [ 2022-06-24 17:10:00 to 2022-05-31 04:30:00 ]
2022-06-25 06:13:41,125 read SHY from av [ 2022-06-24 16:30:00 to 2022-05-31 08:05:00 ]
2022-06-25 06:13:42,658 read SHV from av [ 2022-06-24 18:00:00 to 2022-05-31 08:55:00 ]
2022-06-25 06:13:44,345 read IEF from av [ 2022-06-24 18:25:00 to 2022-05-31 07:50:00 ]
2022-06-25 06:19:45,445 Time out ^IRX
2022-06-25 06:25:46,213 Time out ^FVX
2022-06-25 06:31:46,817 Time out ^TYX
2022-06-25 06:31:47,607 read SQQQ from av [ 2022-06-24 20:00:00 to 2022-05-27 04:05:00 ]
2022-06-25 06:31:48,811 read TQQQ from av [ 2022-06-24 20:00:00 to 2022-05-27 04:05:00 ]
2022-06-25 06:37:50,399 Time out ^VXX
2022-06-25 06:43:51,255 Time out ^VXZ
2022-06-25 06:43:52,507 read IYE from av [ 2022-06-24 16:00:00 to 2022-05-31 07:45:00 ]
2022-06-25 06:43:53,519 read IYY from av [ 2022-06-24 16:00:00 to 2022-05-31 09:35:00 ]
2022-06-25 06:43:54,873 read IYF from av [ 2022-06-24 16:00:00 to 2022-05-31 09:30:00 ]
2022-06-25 06:43:56,502 read IYR from av [ 2022-06-24 19:00:00 to 2022-05-31 09:30:00 ]
2022-06-25 06:43:57,901 read IYW from av [ 2022-06-24 16:00:00 to 2022-05-31 06:10:00 ]
2022-06-25 06:43:58,572 read IYT from av [ 2022-06-24 16:00:00 to 2022-05-31 09:30:00 ]
2022-06-25 06:43:59,727 read PEJ from av [ 2022-06-24 16:00:00 to 2022-05-31 09:35:00 ]
2022-06-25 06:44:00,494 read USO from av [ 2022-06-24 20:00:00 to 2022-05-31 04:05:00 ]
2022-06-25 06:44:02,570 read DBC from av [ 2022-06-24 18:15:00 to 2022-05-31 04:05:00 ]
2022-06-25 06:44:04,100 read GSG from av [ 2022-06-24 18:10:00 to 2022-05-31 04:05:00 ]
2022-06-25 06:44:04,786 read VTI from av [ 2022-06-24 20:00:00 to 2022-05-31 07:55:00 ]
2022-06-25 06:50:06,054 Time out ^RUT
2022-06-25 06:50:06,303 read FDN from av [ 2022-06-24 16:20:00 to 2022-05-31 08:25:00 ]
2022-06-25 06:50:07,068 read XLV from av [ 2022-06-24 20:00:00 to 2022-05-31 04:20:00 ]
2022-06-25 06:50:08,096 read IBB from av [ 2022-06-24 17:10:00 to 2022-05-31 07:10:00 ]
2022-06-25 06:50:08,864 read KRE from av [ 2022-06-24 19:45:00 to 2022-05-31 08:10:00 ]
2022-06-25 06:50:10,682 read KBE from av [ 2022-06-24 16:50:00 to 2022-05-31 09:35:00 ]
2022-06-25 06:50:11,776 read XLF from av [ 2022-06-24 20:00:00 to 2022-05-27 04:35:00 ]
2022-06-25 06:50:12,740 read XLP from av [ 2022-06-24 19:55:00 to 2022-05-31 04:05:00 ]
2022-06-25 06:50:13,663 read XLY from av [ 2022-06-24 18:15:00 to 2022-05-31 05:05:00 ]
2022-06-25 06:50:14,570 read VNQ from av [ 2022-06-24 16:20:00 to 2022-05-31 09:30:00 ]
2022-06-25 06:50:15,325 read XLB from av [ 2022-06-24 16:35:00 to 2022-05-31 04:30:00 ]
2022-06-25 06:50:16,128 read XLI from av [ 2022-06-24 19:00:00 to 2022-05-31 04:10:00 ]
2022-06-25 06:50:17,545 read KBWB from av [ 2022-06-24 16:00:00 to 2022-05-31 09:35:00 ]
2022-06-25 06:56:18,696 Time out TVIX
2022-06-25 07:02:19,367 Time out ^VVIX
2022-06-25 07:02:20,049 read VIXM from av [ 2022-06-24 16:25:00 to 2022-05-31 08:35:00 ]
2022-06-25 07:02:22,306 read VIXY from av [ 2022-06-24 20:00:00 to 2022-05-31 04:05:00 ]
2022-06-25 07:02:23,276 read VXX from av [ 2022-06-24 20:00:00 to 2022-05-31 04:05:00 ]
2022-06-25 07:02:25,632 read SVXY from av [ 2022-06-24 20:00:00 to 2022-05-31 04:05:00 ]
2022-06-25 07:02:26,661 read UVXY from av [ 2022-06-24 20:00:00 to 2022-05-31 04:05:00 ]
2022-06-25 07:02:27,834 read VIXY from av [ 2022-06-24 20:00:00 to 2022-05-31 04:05:00 ]
