2023-04-15 09:01:09,020 read QQQ from av [ 2023-04-14 20:00:00 to 2023-03-17 04:05:00 ]
2023-04-15 09:07:10,126 Time out ^VIX
2023-04-15 09:07:10,385 read FAS from av [ 2023-04-14 20:00:00 to 2023-03-20 04:05:00 ]
2023-04-15 09:07:10,865 read MIDU from av [ 2023-04-14 16:00:00 to 2023-03-20 09:35:00 ]
2023-04-15 09:07:11,531 read AAPL from av [ 2023-04-14 20:00:00 to 2023-03-17 04:05:00 ]
2023-04-15 09:07:12,082 read GOOG from av [ 2023-04-14 20:00:00 to 2023-03-17 04:05:00 ]
2023-04-15 09:13:13,737 Time out ^GSPC
2023-04-15 09:19:14,418 Time out ^DJI
2023-04-15 09:25:15,070 Time out ^TNX
2023-04-15 09:25:15,642 read MSFT from av [ 2023-04-14 20:00:00 to 2023-03-17 04:05:00 ]
2023-04-15 09:31:17,280 Time out ^VXGOG
2023-04-15 09:37:18,053 Time out ^VXAPL
2023-04-15 09:43:18,649 Time out ^VXGS
2023-04-15 09:49:19,441 Time out ^VXAZN
2023-04-15 09:55:20,168 Time out ^VXIBM
2023-04-15 09:55:20,379 read GS from av [ 2023-04-14 19:55:00 to 2023-03-20 04:05:00 ]
2023-04-15 09:55:20,744 read IBM from av [ 2023-04-14 20:00:00 to 2023-03-17 04:20:00 ]
2023-04-15 10:01:21,621 Time out FB
2023-04-15 10:07:22,393 Time out ^TYVIX
2023-04-15 10:07:22,649 read SPY from av [ 2023-04-14 20:00:00 to 2023-03-17 04:05:00 ]
2023-04-15 10:07:23,471 read GOOGL from av [ 2023-04-14 20:00:00 to 2023-03-17 04:05:00 ]
2023-04-15 10:07:23,969 read JPM from av [ 2023-04-14 20:00:00 to 2023-03-17 04:55:00 ]
2023-04-15 10:07:24,375 read JNJ from av [ 2023-04-14 18:20:00 to 2023-03-17 04:45:00 ]
2023-04-15 10:07:24,739 read BAC from av [ 2023-04-14 20:00:00 to 2023-03-20 04:05:00 ]
2023-04-15 10:07:25,237 read V from av [ 2023-04-14 17:00:00 to 2023-03-17 08:05:00 ]
2023-04-15 10:07:25,652 read WFC from av [ 2023-04-14 20:00:00 to 2023-03-20 04:05:00 ]
2023-04-15 10:07:26,034 read MA from av [ 2023-04-14 17:20:00 to 2023-03-20 09:35:00 ]
2023-04-15 10:07:26,439 read C from av [ 2023-04-14 20:00:00 to 2023-03-20 04:05:00 ]
2023-04-15 10:07:26,921 read PYPL from av [ 2023-04-14 20:00:00 to 2023-03-20 04:05:00 ]
2023-04-15 10:07:27,453 read OIL from av [ 2023-04-14 16:00:00 to 2023-03-20 04:05:00 ]
2023-04-15 10:13:28,181 Time out DX-Y.NYB
2023-04-15 10:13:28,413 read GLD from av [ 2023-04-14 19:50:00 to 2023-03-20 04:05:00 ]
2023-04-15 10:13:28,849 read UUP from av [ 2023-04-14 17:05:00 to 2023-03-20 05:35:00 ]
2023-04-15 10:13:29,216 read SHY from av [ 2023-04-14 20:00:00 to 2023-03-20 04:05:00 ]
2023-04-15 10:13:30,192 read SHV from av [ 2023-04-14 19:30:00 to 2023-03-20 07:05:00 ]
2023-04-15 10:13:31,268 read IEF from av [ 2023-04-14 17:40:00 to 2023-03-20 04:05:00 ]
2023-04-15 10:19:32,153 Time out ^IRX
2023-04-15 10:25:32,812 Time out ^FVX
2023-04-15 10:31:33,397 Time out ^TYX
2023-04-15 10:31:33,657 read SQQQ from av [ 2023-04-14 20:00:00 to 2023-03-17 04:05:00 ]
2023-04-15 10:31:34,285 read TQQQ from av [ 2023-04-14 20:00:00 to 2023-03-17 04:05:00 ]
2023-04-15 10:37:35,332 Time out ^VXX
2023-04-15 10:43:36,023 Time out ^VXZ
2023-04-15 10:43:36,765 read IYE from av [ 2023-04-14 16:00:00 to 2023-03-20 07:05:00 ]
2023-04-15 10:43:37,440 read IYY from av [ 2023-04-14 16:00:00 to 2023-03-20 09:35:00 ]
2023-04-15 10:43:38,138 read IYF from av [ 2023-04-14 16:00:00 to 2023-03-20 09:30:00 ]
2023-04-15 10:43:39,326 read IYR from av [ 2023-04-14 17:00:00 to 2023-03-20 04:10:00 ]
2023-04-15 10:43:40,243 read IYW from av [ 2023-04-14 16:00:00 to 2023-03-20 09:30:00 ]
2023-04-15 10:43:40,551 read IYT from av [ 2023-04-14 16:00:00 to 2023-03-20 08:15:00 ]
2023-04-15 10:43:41,226 read PEJ from av [ 2023-04-14 16:00:00 to 2023-03-20 08:00:00 ]
2023-04-15 10:43:41,544 read USO from av [ 2023-04-14 19:25:00 to 2023-03-20 04:05:00 ]
2023-04-15 10:43:42,611 read DBC from av [ 2023-04-14 16:40:00 to 2023-03-20 04:40:00 ]
2023-04-15 10:43:43,612 read GSG from av [ 2023-04-14 16:00:00 to 2023-03-20 08:20:00 ]
2023-04-15 10:43:44,071 read VTI from av [ 2023-04-14 16:30:00 to 2023-03-20 07:15:00 ]
2023-04-15 10:49:44,899 Time out ^RUT
2023-04-15 10:49:45,119 read FDN from av [ 2023-04-14 19:05:00 to 2023-03-20 08:55:00 ]
2023-04-15 10:49:45,446 read XLV from av [ 2023-04-14 16:40:00 to 2023-03-20 04:25:00 ]
2023-04-15 10:49:45,982 read IBB from av [ 2023-04-14 18:55:00 to 2023-03-20 09:35:00 ]
2023-04-15 10:49:46,590 read KRE from av [ 2023-04-14 20:00:00 to 2023-03-20 04:05:00 ]
2023-04-15 10:49:47,793 read KBE from av [ 2023-04-14 19:30:00 to 2023-03-20 04:05:00 ]
2023-04-15 10:49:48,416 read XLF from av [ 2023-04-14 19:55:00 to 2023-03-17 04:10:00 ]
2023-04-15 10:49:48,868 read XLP from av [ 2023-04-14 16:45:00 to 2023-03-20 04:05:00 ]
2023-04-15 10:49:49,240 read XLY from av [ 2023-04-14 16:25:00 to 2023-03-20 09:00:00 ]
2023-04-15 10:49:49,664 read VNQ from av [ 2023-04-14 18:10:00 to 2023-03-20 04:15:00 ]
2023-04-15 10:49:50,045 read XLB from av [ 2023-04-14 16:35:00 to 2023-03-20 06:20:00 ]
2023-04-15 10:49:50,582 read XLI from av [ 2023-04-14 16:40:00 to 2023-03-20 04:20:00 ]
2023-04-15 10:49:51,646 read KBWB from av [ 2023-04-14 19:40:00 to 2023-03-20 04:05:00 ]
2023-04-15 10:55:52,567 Time out TVIX
2023-04-15 11:01:53,384 Time out ^VVIX
2023-04-15 11:01:53,905 read VIXM from av [ 2023-04-14 16:00:00 to 2023-03-20 09:00:00 ]
2023-04-15 11:01:55,048 read VIXY from av [ 2023-04-14 20:00:00 to 2023-03-20 04:05:00 ]
2023-04-15 11:01:55,504 read VXX from av [ 2023-04-14 18:50:00 to 2023-03-17 04:05:00 ]
2023-04-15 11:01:56,847 read SVXY from av [ 2023-04-14 19:55:00 to 2023-03-20 04:15:00 ]
2023-04-15 11:01:58,587 read UVXY from av [ 2023-04-14 20:00:00 to 2023-03-20 04:05:00 ]
2023-04-15 11:01:59,098 read VIXY from av [ 2023-04-14 20:00:00 to 2023-03-20 04:05:00 ]
