2023-11-25 07:01:05,091 read QQQ from av [ 2023-11-24 16:55:00 to 2023-11-03 04:00:00 ]
2023-11-25 07:07:06,541 Time out ^VIX
2023-11-25 07:07:06,792 read FAS from av [ 2023-11-24 17:00:00 to 2023-11-03 04:45:00 ]
2023-11-25 07:07:07,064 read MIDU from av [ 2023-11-24 17:00:00 to 2023-11-03 08:10:00 ]
2023-11-25 07:07:07,340 read AAPL from av [ 2023-11-24 16:55:00 to 2023-11-03 04:00:00 ]
2023-11-25 07:07:08,523 read GOOG from av [ 2023-11-24 16:55:00 to 2023-11-03 04:00:00 ]
2023-11-25 07:13:10,351 Time out ^GSPC
2023-11-25 07:19:11,083 Time out ^DJI
2023-11-25 07:25:11,718 Time out ^TNX
2023-11-25 07:25:11,970 read MSFT from av [ 2023-11-24 16:55:00 to 2023-11-03 04:00:00 ]
2023-11-25 07:31:12,776 Time out ^VXGOG
2023-11-25 07:37:13,510 Time out ^VXAPL
2023-11-25 07:43:14,266 Time out ^VXGS
2023-11-25 07:49:14,959 Time out ^VXAZN
2023-11-25 07:55:15,648 Time out ^VXIBM
2023-11-25 07:55:15,864 read GS from av [ 2023-11-24 17:00:00 to 2023-11-03 04:00:00 ]
2023-11-25 07:55:16,145 read IBM from av [ 2023-11-24 17:00:00 to 2023-11-03 04:00:00 ]
2023-11-25 08:01:17,033 Time out FB
2023-11-25 08:07:17,800 Time out ^TYVIX
2023-11-25 08:07:18,010 read SPY from av [ 2023-11-24 17:00:00 to 2023-11-03 04:00:00 ]
2023-11-25 08:07:18,337 read GOOGL from av [ 2023-11-24 16:55:00 to 2023-11-03 04:00:00 ]
2023-11-25 08:07:18,620 read JPM from av [ 2023-11-24 17:00:00 to 2023-11-03 04:20:00 ]
2023-11-25 08:07:18,931 read JNJ from av [ 2023-11-24 17:00:00 to 2023-11-03 04:00:00 ]
2023-11-25 08:07:19,249 read BAC from av [ 2023-11-24 17:00:00 to 2023-11-03 04:00:00 ]
2023-11-25 08:07:19,570 read V from av [ 2023-11-24 17:00:00 to 2023-11-03 04:00:00 ]
2023-11-25 08:07:19,819 read WFC from av [ 2023-11-24 17:00:00 to 2023-11-03 04:00:00 ]
2023-11-25 08:07:20,105 read MA from av [ 2023-11-24 17:00:00 to 2023-11-03 04:00:00 ]
2023-11-25 08:07:20,404 read C from av [ 2023-11-24 17:00:00 to 2023-11-03 04:00:00 ]
2023-11-25 08:07:20,707 read PYPL from av [ 2023-11-24 16:55:00 to 2023-11-03 04:00:00 ]
2023-11-25 08:13:21,609 Time out OIL
2023-11-25 08:19:22,404 Time out DX-Y.NYB
2023-11-25 08:19:22,653 read GLD from av [ 2023-11-24 17:00:00 to 2023-11-03 04:00:00 ]
2023-11-25 08:19:22,919 read UUP from av [ 2023-11-24 17:00:00 to 2023-11-03 04:10:00 ]
2023-11-25 08:19:23,204 read SHY from av [ 2023-11-24 16:25:00 to 2023-11-03 04:00:00 ]
2023-11-25 08:19:23,516 read SHV from av [ 2023-11-24 16:40:00 to 2023-11-03 04:10:00 ]
2023-11-25 08:19:23,852 read IEF from av [ 2023-11-24 16:10:00 to 2023-11-03 04:20:00 ]
2023-11-25 08:25:24,671 Time out ^IRX
2023-11-25 08:31:25,333 Time out ^FVX
2023-11-25 08:37:25,939 Time out ^TYX
2023-11-25 08:37:26,191 read SQQQ from av [ 2023-11-24 16:55:00 to 2023-11-03 04:00:00 ]
2023-11-25 08:37:26,496 read TQQQ from av [ 2023-11-24 16:55:00 to 2023-11-03 04:00:00 ]
2023-11-25 08:43:27,297 Time out ^VXX
2023-11-25 08:49:28,019 Time out ^VXZ
2023-11-25 08:49:28,197 read IYE from av [ 2023-11-24 17:00:00 to 2023-11-03 07:55:00 ]
2023-11-25 08:49:28,416 read IYY from av [ 2023-11-24 17:00:00 to 2023-11-03 09:30:00 ]
2023-11-25 08:49:28,611 read IYF from av [ 2023-11-24 17:00:00 to 2023-11-03 08:00:00 ]
2023-11-25 08:49:28,862 read IYR from av [ 2023-11-24 17:00:00 to 2023-11-03 04:00:00 ]
2023-11-25 08:49:29,118 read IYW from av [ 2023-11-24 17:00:00 to 2023-11-03 08:00:00 ]
2023-11-25 08:49:29,349 read IYT from av [ 2023-11-24 17:00:00 to 2023-11-03 07:45:00 ]
2023-11-25 08:49:29,539 read PEJ from av [ 2023-11-24 17:00:00 to 2023-11-03 08:00:00 ]
2023-11-25 08:49:29,837 read USO from av [ 2023-11-24 17:00:00 to 2023-11-03 04:00:00 ]
2023-11-25 08:49:30,092 read DBC from av [ 2023-11-24 17:00:00 to 2023-11-03 04:20:00 ]
2023-11-25 08:49:30,337 read GSG from av [ 2023-11-24 17:00:00 to 2023-11-03 09:30:00 ]
2023-11-25 08:49:30,630 read VTI from av [ 2023-11-24 17:00:00 to 2023-11-03 04:00:00 ]
2023-11-25 08:55:31,389 Time out ^RUT
2023-11-25 08:55:31,595 read FDN from av [ 2023-11-24 17:00:00 to 2023-11-03 08:00:00 ]
2023-11-25 08:55:31,862 read XLV from av [ 2023-11-24 17:00:00 to 2023-11-03 06:55:00 ]
2023-11-25 08:55:32,144 read IBB from av [ 2023-11-24 13:10:00 to 2023-11-03 08:00:00 ]
2023-11-25 08:55:32,417 read KRE from av [ 2023-11-24 17:00:00 to 2023-11-03 04:20:00 ]
2023-11-25 08:55:32,652 read KBE from av [ 2023-11-24 17:00:00 to 2023-11-03 07:45:00 ]
2023-11-25 08:55:32,943 read XLF from av [ 2023-11-24 17:00:00 to 2023-11-03 04:20:00 ]
2023-11-25 08:55:33,251 read XLP from av [ 2023-11-24 17:00:00 to 2023-11-03 04:10:00 ]
2023-11-25 08:55:33,554 read XLY from av [ 2023-11-24 17:00:00 to 2023-11-03 06:50:00 ]
2023-11-25 08:55:33,849 read VNQ from av [ 2023-11-24 17:00:00 to 2023-11-03 07:00:00 ]
2023-11-25 08:55:34,132 read XLB from av [ 2023-11-24 17:00:00 to 2023-11-03 07:35:00 ]
2023-11-25 08:55:34,405 read XLI from av [ 2023-11-24 17:00:00 to 2023-11-03 06:50:00 ]
2023-11-25 08:55:34,639 read KBWB from av [ 2023-11-24 13:25:00 to 2023-11-03 07:00:00 ]
2023-11-25 09:01:35,702 Time out TVIX
2023-11-25 09:07:36,421 Time out ^VVIX
2023-11-25 09:07:36,623 read VIXM from av [ 2023-11-24 17:00:00 to 2023-11-03 08:30:00 ]
2023-11-25 09:07:36,900 read VIXY from av [ 2023-11-24 17:00:00 to 2023-11-03 04:00:00 ]
2023-11-25 09:07:37,214 read VXX from av [ 2023-11-24 17:00:00 to 2023-11-03 04:00:00 ]
2023-11-25 09:07:37,575 read SVXY from av [ 2023-11-24 17:00:00 to 2023-11-03 05:00:00 ]
2023-11-25 09:07:37,865 read UVXY from av [ 2023-11-24 17:00:00 to 2023-11-03 04:00:00 ]
2023-11-25 09:07:38,167 read VIXY from av [ 2023-11-24 17:00:00 to 2023-11-03 04:00:00 ]
