2023-06-03 09:01:08,464 read QQQ from av [ 2023-06-02 19:55:00 to 2023-05-05 04:00:00 ]
2023-06-03 09:07:09,555 Time out ^VIX
2023-06-03 09:07:09,829 read FAS from av [ 2023-06-02 19:50:00 to 2023-05-08 04:25:00 ]
2023-06-03 09:07:10,268 read MIDU from av [ 2023-06-02 15:55:00 to 2023-05-08 08:25:00 ]
2023-06-03 09:07:10,651 read AAPL from av [ 2023-06-02 19:55:00 to 2023-05-05 04:00:00 ]
2023-06-03 09:07:11,309 read GOOG from av [ 2023-06-02 19:55:00 to 2023-05-05 04:00:00 ]
2023-06-03 09:13:12,232 Time out ^GSPC
2023-06-03 09:19:13,091 Time out ^DJI
2023-06-03 09:25:13,809 Time out ^TNX
2023-06-03 09:25:14,243 read MSFT from av [ 2023-06-02 19:55:00 to 2023-05-05 04:00:00 ]
2023-06-03 09:31:15,271 Time out ^VXGOG
2023-06-03 09:37:15,981 Time out ^VXAPL
2023-06-03 09:43:16,760 Time out ^VXGS
2023-06-03 09:49:17,365 Time out ^VXAZN
2023-06-03 09:55:18,055 Time out ^VXIBM
2023-06-03 09:55:18,318 read GS from av [ 2023-06-02 16:55:00 to 2023-05-08 07:00:00 ]
2023-06-03 09:55:18,705 read IBM from av [ 2023-06-02 19:35:00 to 2023-05-05 06:15:00 ]
2023-06-03 10:01:19,687 Time out FB
2023-06-03 10:07:20,598 Time out ^TYVIX
2023-06-03 10:07:20,893 read SPY from av [ 2023-06-02 19:55:00 to 2023-05-05 04:00:00 ]
2023-06-03 10:07:21,561 read GOOGL from av [ 2023-06-02 19:55:00 to 2023-05-05 04:10:00 ]
2023-06-03 10:07:22,125 read JPM from av [ 2023-06-02 19:55:00 to 2023-05-05 04:40:00 ]
2023-06-03 10:07:22,599 read JNJ from av [ 2023-06-02 19:55:00 to 2023-05-05 08:00:00 ]
2023-06-03 10:07:23,098 read BAC from av [ 2023-06-02 19:55:00 to 2023-05-05 04:00:00 ]
2023-06-03 10:07:23,584 read V from av [ 2023-06-02 19:25:00 to 2023-05-05 07:00:00 ]
2023-06-03 10:07:23,979 read WFC from av [ 2023-06-02 19:40:00 to 2023-05-08 04:00:00 ]
2023-06-03 10:07:24,429 read MA from av [ 2023-06-02 17:35:00 to 2023-05-05 09:25:00 ]
2023-06-03 10:07:24,819 read C from av [ 2023-06-02 19:55:00 to 2023-05-05 04:00:00 ]
2023-06-03 10:07:25,351 read PYPL from av [ 2023-06-02 19:55:00 to 2023-05-05 04:55:00 ]
2023-06-03 10:07:25,814 read OIL from av [ 2023-06-02 15:55:00 to 2023-05-08 09:00:00 ]
2023-06-03 10:13:26,711 Time out DX-Y.NYB
2023-06-03 10:13:26,970 read GLD from av [ 2023-06-02 19:30:00 to 2023-05-08 04:00:00 ]
2023-06-03 10:13:27,417 read UUP from av [ 2023-06-02 18:30:00 to 2023-05-08 07:00:00 ]
2023-06-03 10:13:27,852 read SHY from av [ 2023-06-02 18:30:00 to 2023-05-08 07:50:00 ]
2023-06-03 10:13:28,287 read SHV from av [ 2023-06-02 18:35:00 to 2023-05-08 07:50:00 ]
2023-06-03 10:13:28,714 read IEF from av [ 2023-06-02 16:55:00 to 2023-05-08 04:00:00 ]
2023-06-03 10:19:29,704 Time out ^IRX
2023-06-03 10:25:30,428 Time out ^FVX
2023-06-03 10:31:31,200 Time out ^TYX
2023-06-03 10:31:31,460 read SQQQ from av [ 2023-06-02 19:55:00 to 2023-05-05 04:00:00 ]
2023-06-03 10:31:32,118 read TQQQ from av [ 2023-06-02 19:55:00 to 2023-05-05 04:00:00 ]
2023-06-03 10:37:33,274 Time out ^VXX
2023-06-03 10:43:34,108 Time out ^VXZ
2023-06-03 10:43:34,345 read IYE from av [ 2023-06-02 15:55:00 to 2023-05-08 07:45:00 ]
2023-06-03 10:43:34,719 read IYY from av [ 2023-06-02 15:55:00 to 2023-05-08 09:30:00 ]
2023-06-03 10:43:34,997 read IYF from av [ 2023-06-02 15:55:00 to 2023-05-08 08:00:00 ]
2023-06-03 10:43:35,367 read IYR from av [ 2023-06-02 18:15:00 to 2023-05-08 04:00:00 ]
2023-06-03 10:43:35,722 read IYW from av [ 2023-06-02 15:55:00 to 2023-05-08 09:30:00 ]
2023-06-03 10:43:36,056 read IYT from av [ 2023-06-02 15:55:00 to 2023-05-08 09:30:00 ]
2023-06-03 10:43:36,427 read PEJ from av [ 2023-06-02 15:55:00 to 2023-05-08 09:25:00 ]
2023-06-03 10:43:36,883 read USO from av [ 2023-06-02 19:55:00 to 2023-05-08 04:00:00 ]
2023-06-03 10:43:37,356 read DBC from av [ 2023-06-02 16:00:00 to 2023-05-08 07:40:00 ]
2023-06-03 10:43:37,693 read GSG from av [ 2023-06-02 19:35:00 to 2023-05-08 08:00:00 ]
2023-06-03 10:43:38,073 read VTI from av [ 2023-06-02 18:05:00 to 2023-05-05 08:00:00 ]
2023-06-03 10:49:38,955 Time out ^RUT
2023-06-03 10:49:39,141 read FDN from av [ 2023-06-02 15:55:00 to 2023-05-08 09:30:00 ]
2023-06-03 10:49:39,525 read XLV from av [ 2023-06-02 19:40:00 to 2023-05-08 07:45:00 ]
2023-06-03 10:49:39,946 read IBB from av [ 2023-06-02 18:00:00 to 2023-05-08 09:30:00 ]
2023-06-03 10:49:40,396 read KRE from av [ 2023-06-02 19:50:00 to 2023-05-08 04:00:00 ]
2023-06-03 10:49:41,110 read KBE from av [ 2023-06-02 18:10:00 to 2023-05-08 05:25:00 ]
2023-06-03 10:49:41,498 read XLF from av [ 2023-06-02 19:55:00 to 2023-05-05 04:15:00 ]
2023-06-03 10:49:41,993 read XLP from av [ 2023-06-02 18:55:00 to 2023-05-08 07:35:00 ]
2023-06-03 10:49:42,405 read XLY from av [ 2023-06-02 16:05:00 to 2023-05-08 07:00:00 ]
2023-06-03 10:49:42,775 read VNQ from av [ 2023-06-02 17:20:00 to 2023-05-08 09:15:00 ]
2023-06-03 10:49:43,136 read XLB from av [ 2023-06-02 19:10:00 to 2023-05-08 07:25:00 ]
2023-06-03 10:49:43,545 read XLI from av [ 2023-06-02 16:05:00 to 2023-05-08 05:40:00 ]
2023-06-03 10:49:43,984 read KBWB from av [ 2023-06-02 16:00:00 to 2023-05-08 09:30:00 ]
2023-06-03 10:55:45,520 Time out TVIX
2023-06-03 11:01:46,266 Time out ^VVIX
2023-06-03 11:01:46,420 read VIXM from av [ 2023-06-02 16:00:00 to 2023-05-08 08:00:00 ]
2023-06-03 11:01:46,788 read VIXY from av [ 2023-06-02 19:55:00 to 2023-05-08 04:00:00 ]
2023-06-03 11:01:47,294 read VXX from av [ 2023-06-02 19:50:00 to 2023-05-05 04:50:00 ]
2023-06-03 11:01:47,770 read SVXY from av [ 2023-06-02 16:50:00 to 2023-05-08 05:00:00 ]
2023-06-03 11:01:48,326 read UVXY from av [ 2023-06-02 19:55:00 to 2023-05-08 04:00:00 ]
2023-06-03 11:01:48,905 read VIXY from av [ 2023-06-02 19:55:00 to 2023-05-08 04:00:00 ]
