2023-04-08 09:01:08,978 read QQQ from av [ 2023-04-06 20:00:00 to 2023-03-10 04:05:00 ]
2023-04-08 09:07:11,022 Time out ^VIX
2023-04-08 09:07:12,441 read FAS from av [ 2023-04-06 20:00:00 to 2023-03-13 04:05:00 ]
2023-04-08 09:07:12,888 read MIDU from av [ 2023-04-06 16:00:00 to 2023-03-13 09:35:00 ]
2023-04-08 09:07:13,722 read AAPL from av [ 2023-04-06 20:00:00 to 2023-03-10 04:05:00 ]
2023-04-08 09:07:14,259 read GOOG from av [ 2023-04-06 20:00:00 to 2023-03-10 04:05:00 ]
2023-04-08 09:13:15,181 Time out ^GSPC
2023-04-08 09:19:15,810 Time out ^DJI
2023-04-08 09:25:16,477 Time out ^TNX
2023-04-08 09:25:17,007 read MSFT from av [ 2023-04-06 20:00:00 to 2023-03-10 04:05:00 ]
2023-04-08 09:31:17,899 Time out ^VXGOG
2023-04-08 09:37:18,595 Time out ^VXAPL
2023-04-08 09:43:19,232 Time out ^VXGS
2023-04-08 09:49:19,986 Time out ^VXAZN
2023-04-08 09:55:20,685 Time out ^VXIBM
2023-04-08 09:55:21,108 read GS from av [ 2023-04-06 20:00:00 to 2023-03-13 04:45:00 ]
2023-04-08 09:55:21,456 read IBM from av [ 2023-04-06 20:00:00 to 2023-03-10 05:00:00 ]
2023-04-08 10:01:22,255 Time out FB
2023-04-08 10:07:22,908 Time out ^TYVIX
2023-04-08 10:07:23,435 read SPY from av [ 2023-04-06 20:00:00 to 2023-03-10 04:05:00 ]
2023-04-08 10:07:24,049 read GOOGL from av [ 2023-04-06 20:00:00 to 2023-03-10 04:05:00 ]
2023-04-08 10:07:24,567 read JPM from av [ 2023-04-06 19:40:00 to 2023-03-13 04:05:00 ]
2023-04-08 10:07:24,954 read JNJ from av [ 2023-04-06 19:50:00 to 2023-03-13 04:10:00 ]
2023-04-08 10:07:25,298 read BAC from av [ 2023-04-06 20:00:00 to 2023-03-10 04:05:00 ]
2023-04-08 10:07:25,745 read V from av [ 2023-04-06 18:35:00 to 2023-03-10 04:45:00 ]
2023-04-08 10:07:26,219 read WFC from av [ 2023-04-06 19:55:00 to 2023-03-13 04:05:00 ]
2023-04-08 10:07:26,658 read MA from av [ 2023-04-06 17:00:00 to 2023-03-13 07:20:00 ]
2023-04-08 10:07:27,051 read C from av [ 2023-04-06 20:00:00 to 2023-03-13 04:05:00 ]
2023-04-08 10:07:27,482 read PYPL from av [ 2023-04-06 20:00:00 to 2023-03-13 04:05:00 ]
2023-04-08 10:07:27,847 read OIL from av [ 2023-04-06 16:00:00 to 2023-03-13 08:00:00 ]
2023-04-08 10:13:28,606 Time out DX-Y.NYB
2023-04-08 10:13:28,838 read GLD from av [ 2023-04-06 20:00:00 to 2023-03-13 04:05:00 ]
2023-04-08 10:13:29,869 read UUP from av [ 2023-04-06 17:05:00 to 2023-03-13 04:10:00 ]
2023-04-08 10:13:30,962 read SHY from av [ 2023-04-06 18:55:00 to 2023-03-13 04:05:00 ]
2023-04-08 10:13:31,971 read SHV from av [ 2023-04-06 16:45:00 to 2023-03-13 07:05:00 ]
2023-04-08 10:13:33,005 read IEF from av [ 2023-04-06 19:15:00 to 2023-03-13 04:40:00 ]
2023-04-08 10:19:33,728 Time out ^IRX
2023-04-08 10:25:34,403 Time out ^FVX
2023-04-08 10:31:35,160 Time out ^TYX
2023-04-08 10:31:35,681 read SQQQ from av [ 2023-04-06 20:00:00 to 2023-03-10 04:05:00 ]
2023-04-08 10:31:36,535 read TQQQ from av [ 2023-04-06 20:00:00 to 2023-03-13 04:05:00 ]
2023-04-08 10:37:37,528 Time out ^VXX
2023-04-08 10:43:38,254 Time out ^VXZ
2023-04-08 10:43:39,349 read IYE from av [ 2023-04-06 16:00:00 to 2023-03-13 08:15:00 ]
2023-04-08 10:43:40,159 read IYY from av [ 2023-04-06 16:00:00 to 2023-03-13 09:35:00 ]
2023-04-08 10:43:41,097 read IYF from av [ 2023-04-06 16:00:00 to 2023-03-13 08:50:00 ]
2023-04-08 10:43:42,129 read IYR from av [ 2023-04-06 16:25:00 to 2023-03-13 06:05:00 ]
2023-04-08 10:43:43,064 read IYW from av [ 2023-04-06 16:45:00 to 2023-03-13 09:35:00 ]
2023-04-08 10:43:43,779 read IYT from av [ 2023-04-06 16:00:00 to 2023-03-13 09:30:00 ]
2023-04-08 10:43:44,602 read PEJ from av [ 2023-04-06 17:35:00 to 2023-03-13 09:35:00 ]
2023-04-08 10:43:44,947 read USO from av [ 2023-04-06 19:45:00 to 2023-03-13 04:05:00 ]
2023-04-08 10:43:46,008 read DBC from av [ 2023-04-06 16:05:00 to 2023-03-13 07:20:00 ]
2023-04-08 10:43:47,100 read GSG from av [ 2023-04-06 17:00:00 to 2023-03-13 08:10:00 ]
2023-04-08 10:43:47,407 read VTI from av [ 2023-04-06 19:10:00 to 2023-03-13 04:05:00 ]
2023-04-08 10:49:48,214 Time out ^RUT
2023-04-08 10:49:49,095 read FDN from av [ 2023-04-06 16:05:00 to 2023-03-13 09:30:00 ]
2023-04-08 10:49:49,459 read XLV from av [ 2023-04-06 16:40:00 to 2023-03-13 04:20:00 ]
2023-04-08 10:49:49,818 read IBB from av [ 2023-04-06 16:40:00 to 2023-03-13 06:50:00 ]
2023-04-08 10:49:51,469 read KRE from av [ 2023-04-06 20:00:00 to 2023-03-13 04:05:00 ]
2023-04-08 10:49:52,808 read KBE from av [ 2023-04-06 16:10:00 to 2023-03-13 04:05:00 ]
2023-04-08 10:49:53,208 read XLF from av [ 2023-04-06 20:00:00 to 2023-03-10 04:05:00 ]
2023-04-08 10:49:54,376 read XLP from av [ 2023-04-06 16:40:00 to 2023-03-13 05:15:00 ]
2023-04-08 10:49:55,469 read XLY from av [ 2023-04-06 16:10:00 to 2023-03-13 04:25:00 ]
2023-04-08 10:49:56,537 read VNQ from av [ 2023-04-06 16:05:00 to 2023-03-13 04:05:00 ]
2023-04-08 10:49:57,561 read XLB from av [ 2023-04-06 16:25:00 to 2023-03-13 05:50:00 ]
2023-04-08 10:49:58,642 read XLI from av [ 2023-04-06 18:05:00 to 2023-03-13 04:35:00 ]
2023-04-08 10:49:59,687 read KBWB from av [ 2023-04-06 16:00:00 to 2023-03-13 04:05:00 ]
2023-04-08 10:56:00,551 Time out TVIX
2023-04-08 11:02:01,913 Time out ^VVIX
2023-04-08 11:02:02,287 read VIXM from av [ 2023-04-06 16:00:00 to 2023-03-13 07:10:00 ]
2023-04-08 11:02:03,443 read VIXY from av [ 2023-04-06 20:00:00 to 2023-03-13 04:05:00 ]
2023-04-08 11:02:03,892 read VXX from av [ 2023-04-06 19:15:00 to 2023-03-10 04:05:00 ]
2023-04-08 11:02:05,141 read SVXY from av [ 2023-04-06 16:50:00 to 2023-03-13 04:05:00 ]
2023-04-08 11:02:07,246 read UVXY from av [ 2023-04-06 20:00:00 to 2023-03-13 04:05:00 ]
2023-04-08 11:02:07,713 read VIXY from av [ 2023-04-06 20:00:00 to 2023-03-13 04:05:00 ]
