2023-01-21 10:01:07,287 read QQQ from av [ 2023-01-20 20:00:00 to 2022-12-27 04:05:00 ]
2023-01-21 10:07:08,204 Time out ^VIX
2023-01-21 10:07:08,574 read FAS from av [ 2023-01-20 18:35:00 to 2022-12-27 06:20:00 ]
2023-01-21 10:07:08,961 read MIDU from av [ 2023-01-20 16:00:00 to 2022-12-27 08:55:00 ]
2023-01-21 10:07:09,275 read AAPL from av [ 2023-01-20 20:00:00 to 2022-12-23 04:05:00 ]
2023-01-21 10:07:09,738 read GOOG from av [ 2023-01-20 20:00:00 to 2022-12-27 04:05:00 ]
2023-01-21 10:13:10,555 Time out ^GSPC
2023-01-21 10:19:11,227 Time out ^DJI
2023-01-21 10:25:11,930 Time out ^TNX
2023-01-21 10:25:12,161 read MSFT from av [ 2023-01-20 20:00:00 to 2022-12-23 04:05:00 ]
2023-01-21 10:31:13,003 Time out ^VXGOG
2023-01-21 10:37:13,611 Time out ^VXAPL
2023-01-21 10:43:14,362 Time out ^VXGS
2023-01-21 10:49:14,918 Time out ^VXAZN
2023-01-21 10:55:15,597 Time out ^VXIBM
2023-01-21 10:55:15,785 read GS from av [ 2023-01-20 19:55:00 to 2022-12-27 07:10:00 ]
2023-01-21 10:55:16,172 read IBM from av [ 2023-01-20 20:00:00 to 2022-12-23 09:05:00 ]
2023-01-21 11:01:16,845 Time out FB
2023-01-21 11:07:17,533 Time out ^TYVIX
2023-01-21 11:07:17,956 read SPY from av [ 2023-01-20 20:00:00 to 2022-12-23 04:05:00 ]
2023-01-21 11:07:18,376 read GOOGL from av [ 2023-01-20 20:00:00 to 2022-12-23 04:05:00 ]
2023-01-21 11:07:18,756 read JPM from av [ 2023-01-20 20:00:00 to 2022-12-23 05:35:00 ]
2023-01-21 11:07:19,075 read JNJ from av [ 2023-01-20 20:00:00 to 2022-12-23 08:40:00 ]
2023-01-21 11:07:19,397 read BAC from av [ 2023-01-20 20:00:00 to 2022-12-23 05:30:00 ]
2023-01-21 11:07:19,718 read V from av [ 2023-01-20 19:50:00 to 2022-12-27 04:05:00 ]
2023-01-21 11:07:20,114 read WFC from av [ 2023-01-20 19:15:00 to 2022-12-27 05:15:00 ]
2023-01-21 11:07:20,407 read MA from av [ 2023-01-20 17:30:00 to 2022-12-27 09:15:00 ]
2023-01-21 11:07:20,719 read C from av [ 2023-01-20 20:00:00 to 2022-12-23 05:05:00 ]
2023-01-21 11:07:21,056 read PYPL from av [ 2023-01-20 20:00:00 to 2022-12-27 04:05:00 ]
2023-01-21 11:07:21,431 read OIL from av [ 2023-01-20 20:00:00 to 2022-12-27 08:25:00 ]
2023-01-21 11:13:22,737 Time out DX-Y.NYB
2023-01-21 11:13:22,946 read GLD from av [ 2023-01-20 20:00:00 to 2022-12-27 04:05:00 ]
2023-01-21 11:13:23,722 read UUP from av [ 2023-01-20 17:00:00 to 2022-12-27 04:05:00 ]
2023-01-21 11:13:24,631 read SHY from av [ 2023-01-20 17:05:00 to 2022-12-27 04:10:00 ]
2023-01-21 11:13:25,716 read SHV from av [ 2023-01-20 18:45:00 to 2022-12-27 08:05:00 ]
2023-01-21 11:13:26,541 read IEF from av [ 2023-01-20 18:30:00 to 2022-12-27 04:10:00 ]
2023-01-21 11:19:27,223 Time out ^IRX
2023-01-21 11:25:27,939 Time out ^FVX
2023-01-21 11:31:28,605 Time out ^TYX
2023-01-21 11:31:28,877 read SQQQ from av [ 2023-01-20 20:00:00 to 2022-12-27 04:05:00 ]
2023-01-21 11:31:29,584 read TQQQ from av [ 2023-01-20 20:00:00 to 2022-12-27 04:05:00 ]
2023-01-21 11:37:30,354 Time out ^VXX
2023-01-21 11:43:31,046 Time out ^VXZ
2023-01-21 11:43:31,802 read IYE from av [ 2023-01-20 16:00:00 to 2022-12-27 09:35:00 ]
2023-01-21 11:43:32,180 read IYY from av [ 2023-01-20 16:00:00 to 2022-12-27 09:35:00 ]
2023-01-21 11:43:32,984 read IYF from av [ 2023-01-20 16:00:00 to 2022-12-27 09:35:00 ]
2023-01-21 11:43:33,986 read IYR from av [ 2023-01-20 17:40:00 to 2022-12-27 09:30:00 ]
2023-01-21 11:43:34,725 read IYW from av [ 2023-01-20 16:05:00 to 2022-12-27 09:05:00 ]
2023-01-21 11:43:35,182 read IYT from av [ 2023-01-20 16:05:00 to 2022-12-27 08:45:00 ]
2023-01-21 11:43:35,880 read PEJ from av [ 2023-01-20 16:00:00 to 2022-12-27 09:30:00 ]
2023-01-21 11:43:36,193 read USO from av [ 2023-01-20 19:05:00 to 2022-12-27 04:15:00 ]
2023-01-21 11:43:37,222 read DBC from av [ 2023-01-20 16:00:00 to 2022-12-27 04:05:00 ]
2023-01-21 11:43:37,924 read GSG from av [ 2023-01-20 16:05:00 to 2022-12-27 04:15:00 ]
2023-01-21 11:43:38,140 read VTI from av [ 2023-01-20 18:55:00 to 2022-12-27 05:55:00 ]
2023-01-21 11:49:38,849 Time out ^RUT
2023-01-21 11:49:39,464 read FDN from av [ 2023-01-20 16:15:00 to 2022-12-27 07:05:00 ]
2023-01-21 11:49:39,767 read XLV from av [ 2023-01-20 19:20:00 to 2022-12-27 04:05:00 ]
2023-01-21 11:49:40,759 read IBB from av [ 2023-01-20 18:05:00 to 2022-12-27 09:15:00 ]
2023-01-21 11:49:41,600 read KRE from av [ 2023-01-20 16:45:00 to 2022-12-27 07:05:00 ]
2023-01-21 11:49:42,489 read KBE from av [ 2023-01-20 18:30:00 to 2022-12-27 08:05:00 ]
2023-01-21 11:49:42,791 read XLF from av [ 2023-01-20 19:30:00 to 2022-12-27 05:00:00 ]
2023-01-21 11:49:43,110 read XLP from av [ 2023-01-20 19:55:00 to 2022-12-27 07:10:00 ]
2023-01-21 11:49:43,348 read XLY from av [ 2023-01-20 17:15:00 to 2022-12-27 06:25:00 ]
2023-01-21 11:49:44,540 read VNQ from av [ 2023-01-20 16:05:00 to 2022-12-27 04:05:00 ]
2023-01-21 11:49:44,840 read XLB from av [ 2023-01-20 18:05:00 to 2022-12-27 04:30:00 ]
2023-01-21 11:49:45,173 read XLI from av [ 2023-01-20 18:05:00 to 2022-12-27 07:15:00 ]
2023-01-21 11:49:46,114 read KBWB from av [ 2023-01-20 16:00:00 to 2022-12-27 09:35:00 ]
2023-01-21 11:55:46,826 Time out TVIX
2023-01-21 12:01:47,399 Time out ^VVIX
2023-01-21 12:01:47,866 read VIXM from av [ 2023-01-20 16:00:00 to 2022-12-27 09:35:00 ]
2023-01-21 12:01:48,896 read VIXY from av [ 2023-01-20 18:50:00 to 2022-12-27 04:05:00 ]
2023-01-21 12:01:49,222 read VXX from av [ 2023-01-20 19:40:00 to 2022-12-27 04:10:00 ]
2023-01-21 12:01:50,261 read SVXY from av [ 2023-01-20 18:05:00 to 2022-12-27 05:20:00 ]
2023-01-21 12:01:51,662 read UVXY from av [ 2023-01-20 20:00:00 to 2022-12-27 04:05:00 ]
2023-01-21 12:01:52,054 read VIXY from av [ 2023-01-20 18:50:00 to 2022-12-27 04:05:00 ]
