2023-05-06 09:01:08,420 read QQQ from av [ 2023-05-05 20:00:00 to 2023-04-10 04:05:00 ]
2023-05-06 09:07:09,349 Time out ^VIX
2023-05-06 09:07:09,599 read FAS from av [ 2023-05-05 20:00:00 to 2023-04-10 04:10:00 ]
2023-05-06 09:07:10,089 read MIDU from av [ 2023-05-05 16:00:00 to 2023-04-10 09:25:00 ]
2023-05-06 09:07:10,413 read AAPL from av [ 2023-05-05 20:00:00 to 2023-04-10 04:05:00 ]
2023-05-06 09:07:10,999 read GOOG from av [ 2023-05-05 19:25:00 to 2023-04-10 04:05:00 ]
2023-05-06 09:13:11,971 Time out ^GSPC
2023-05-06 09:19:12,622 Time out ^DJI
2023-05-06 09:25:13,267 Time out ^TNX
2023-05-06 09:25:13,507 read MSFT from av [ 2023-05-05 20:00:00 to 2023-04-10 04:05:00 ]
2023-05-06 09:31:14,405 Time out ^VXGOG
2023-05-06 09:37:15,190 Time out ^VXAPL
2023-05-06 09:43:15,685 Time out ^VXGS
2023-05-06 09:49:16,213 Time out ^VXAZN
2023-05-06 09:55:16,896 Time out ^VXIBM
2023-05-06 09:55:17,183 read GS from av [ 2023-05-05 19:35:00 to 2023-04-10 07:05:00 ]
2023-05-06 09:55:17,547 read IBM from av [ 2023-05-05 19:30:00 to 2023-04-10 07:25:00 ]
2023-05-06 10:01:18,497 Time out FB
2023-05-06 10:07:19,219 Time out ^TYVIX
2023-05-06 10:07:19,457 read SPY from av [ 2023-05-05 20:00:00 to 2023-04-10 04:05:00 ]
2023-05-06 10:07:20,087 read GOOGL from av [ 2023-05-05 20:00:00 to 2023-04-10 04:05:00 ]
2023-05-06 10:07:20,645 read JPM from av [ 2023-05-05 20:00:00 to 2023-04-10 04:05:00 ]
2023-05-06 10:07:21,227 read JNJ from av [ 2023-05-05 19:20:00 to 2023-04-10 08:00:00 ]
2023-05-06 10:07:21,651 read BAC from av [ 2023-05-05 20:00:00 to 2023-04-10 04:05:00 ]
2023-05-06 10:07:22,146 read V from av [ 2023-05-05 20:00:00 to 2023-04-10 08:05:00 ]
2023-05-06 10:07:22,539 read WFC from av [ 2023-05-05 20:00:00 to 2023-04-10 04:20:00 ]
2023-05-06 10:07:22,937 read MA from av [ 2023-05-05 16:15:00 to 2023-04-10 08:05:00 ]
2023-05-06 10:07:23,318 read C from av [ 2023-05-05 19:50:00 to 2023-04-10 04:05:00 ]
2023-05-06 10:07:23,753 read PYPL from av [ 2023-05-05 20:00:00 to 2023-04-10 05:20:00 ]
2023-05-06 10:07:24,291 read OIL from av [ 2023-05-05 15:55:00 to 2023-04-10 08:10:00 ]
2023-05-06 10:13:25,045 Time out DX-Y.NYB
2023-05-06 10:13:25,279 read GLD from av [ 2023-05-05 18:30:00 to 2023-04-10 04:05:00 ]
2023-05-06 10:13:25,776 read UUP from av [ 2023-05-05 17:10:00 to 2023-04-10 07:05:00 ]
2023-05-06 10:13:26,189 read SHY from av [ 2023-05-05 17:05:00 to 2023-04-10 07:15:00 ]
2023-05-06 10:13:26,605 read SHV from av [ 2023-05-05 16:35:00 to 2023-04-10 07:45:00 ]
2023-05-06 10:13:27,024 read IEF from av [ 2023-05-05 16:55:00 to 2023-04-10 06:35:00 ]
2023-05-06 10:19:28,035 Time out ^IRX
2023-05-06 10:25:28,746 Time out ^FVX
2023-05-06 10:31:29,440 Time out ^TYX
2023-05-06 10:31:29,705 read SQQQ from av [ 2023-05-05 20:00:00 to 2023-04-10 04:05:00 ]
2023-05-06 10:31:30,785 read TQQQ from av [ 2023-05-05 20:00:00 to 2023-04-10 04:05:00 ]
2023-05-06 10:37:31,801 Time out ^VXX
2023-05-06 10:43:32,984 Time out ^VXZ
2023-05-06 10:43:33,178 read IYE from av [ 2023-05-05 16:00:00 to 2023-04-10 09:30:00 ]
2023-05-06 10:43:33,902 read IYY from av [ 2023-05-05 16:00:00 to 2023-04-10 09:35:00 ]
2023-05-06 10:43:34,792 read IYF from av [ 2023-05-05 16:00:00 to 2023-04-10 09:35:00 ]
2023-05-06 10:43:35,911 read IYR from av [ 2023-05-05 16:45:00 to 2023-04-10 09:35:00 ]
2023-05-06 10:43:36,278 read IYW from av [ 2023-05-05 17:05:00 to 2023-04-10 08:20:00 ]
2023-05-06 10:43:36,657 read IYT from av [ 2023-05-05 16:00:00 to 2023-04-10 09:35:00 ]
2023-05-06 10:43:37,426 read PEJ from av [ 2023-05-05 16:00:00 to 2023-04-10 09:35:00 ]
2023-05-06 10:43:37,807 read USO from av [ 2023-05-05 19:00:00 to 2023-04-10 04:05:00 ]
2023-05-06 10:43:38,241 read DBC from av [ 2023-05-05 16:25:00 to 2023-04-10 09:35:00 ]
2023-05-06 10:43:39,303 read GSG from av [ 2023-05-05 16:00:00 to 2023-04-10 09:05:00 ]
2023-05-06 10:43:39,757 read VTI from av [ 2023-05-05 19:40:00 to 2023-04-10 07:40:00 ]
2023-05-06 10:49:40,551 Time out ^RUT
2023-05-06 10:49:40,745 read FDN from av [ 2023-05-05 16:00:00 to 2023-04-10 09:35:00 ]
2023-05-06 10:49:41,123 read XLV from av [ 2023-05-05 16:55:00 to 2023-04-10 07:25:00 ]
2023-05-06 10:49:41,506 read IBB from av [ 2023-05-05 16:00:00 to 2023-04-10 09:35:00 ]
2023-05-06 10:49:42,155 read KRE from av [ 2023-05-05 20:00:00 to 2023-04-10 05:35:00 ]
2023-05-06 10:49:43,584 read KBE from av [ 2023-05-05 17:45:00 to 2023-04-10 08:20:00 ]
2023-05-06 10:49:44,012 read XLF from av [ 2023-05-05 20:00:00 to 2023-04-10 04:30:00 ]
2023-05-06 10:49:44,479 read XLP from av [ 2023-05-05 19:50:00 to 2023-04-10 08:05:00 ]
2023-05-06 10:49:44,889 read XLY from av [ 2023-05-05 16:10:00 to 2023-04-10 07:10:00 ]
2023-05-06 10:49:45,433 read VNQ from av [ 2023-05-05 16:10:00 to 2023-04-10 04:05:00 ]
2023-05-06 10:49:45,821 read XLB from av [ 2023-05-05 16:15:00 to 2023-04-10 09:30:00 ]
2023-05-06 10:49:46,165 read XLI from av [ 2023-05-05 16:35:00 to 2023-04-10 07:05:00 ]
2023-05-06 10:49:47,413 read KBWB from av [ 2023-05-05 18:10:00 to 2023-04-10 07:40:00 ]
2023-05-06 10:55:48,260 Time out TVIX
2023-05-06 11:01:48,943 Time out ^VVIX
2023-05-06 11:01:49,541 read VIXM from av [ 2023-05-05 16:00:00 to 2023-04-10 09:30:00 ]
2023-05-06 11:01:50,161 read VIXY from av [ 2023-05-05 19:55:00 to 2023-04-10 04:05:00 ]
2023-05-06 11:01:50,723 read VXX from av [ 2023-05-05 20:00:00 to 2023-04-10 04:20:00 ]
2023-05-06 11:01:51,165 read SVXY from av [ 2023-05-05 19:30:00 to 2023-04-10 07:45:00 ]
2023-05-06 11:01:51,681 read UVXY from av [ 2023-05-05 20:00:00 to 2023-04-10 04:05:00 ]
2023-05-06 11:01:52,280 read VIXY from av [ 2023-05-05 19:55:00 to 2023-04-10 04:05:00 ]
