2023-05-20 09:01:08,615 read QQQ from av [ 2023-05-19 20:00:00 to 2023-04-21 04:05:00 ]
2023-05-20 09:07:09,602 Time out ^VIX
2023-05-20 09:07:09,811 read FAS from av [ 2023-05-19 19:20:00 to 2023-04-24 05:25:00 ]
2023-05-20 09:07:10,220 read MIDU from av [ 2023-05-19 16:00:00 to 2023-04-24 09:35:00 ]
2023-05-20 09:07:10,577 read AAPL from av [ 2023-05-19 20:00:00 to 2023-04-21 04:05:00 ]
2023-05-20 09:07:11,228 read GOOG from av [ 2023-05-19 20:00:00 to 2023-04-21 04:05:00 ]
2023-05-20 09:13:12,265 Time out ^GSPC
2023-05-20 09:19:13,045 Time out ^DJI
2023-05-20 09:25:13,653 Time out ^TNX
2023-05-20 09:25:13,927 read MSFT from av [ 2023-05-19 19:55:00 to 2023-04-21 04:05:00 ]
2023-05-20 09:31:14,831 Time out ^VXGOG
2023-05-20 09:37:15,599 Time out ^VXAPL
2023-05-20 09:43:16,359 Time out ^VXGS
2023-05-20 09:49:17,063 Time out ^VXAZN
2023-05-20 09:55:17,822 Time out ^VXIBM
2023-05-20 09:55:18,006 read GS from av [ 2023-05-19 19:50:00 to 2023-04-24 08:35:00 ]
2023-05-20 09:55:18,420 read IBM from av [ 2023-05-19 18:55:00 to 2023-04-21 06:30:00 ]
2023-05-20 10:01:19,263 Time out FB
2023-05-20 10:07:19,957 Time out ^TYVIX
2023-05-20 10:07:20,224 read SPY from av [ 2023-05-19 20:00:00 to 2023-04-21 04:05:00 ]
2023-05-20 10:07:20,894 read GOOGL from av [ 2023-05-19 20:00:00 to 2023-04-21 04:05:00 ]
2023-05-20 10:07:21,429 read JPM from av [ 2023-05-19 19:50:00 to 2023-04-21 05:50:00 ]
2023-05-20 10:07:21,890 read JNJ from av [ 2023-05-19 20:00:00 to 2023-04-21 04:10:00 ]
2023-05-20 10:07:22,367 read BAC from av [ 2023-05-19 20:00:00 to 2023-04-24 04:05:00 ]
2023-05-20 10:07:22,848 read V from av [ 2023-05-19 19:00:00 to 2023-04-21 04:05:00 ]
2023-05-20 10:07:23,255 read WFC from av [ 2023-05-19 19:50:00 to 2023-04-24 06:40:00 ]
2023-05-20 10:07:23,702 read MA from av [ 2023-05-19 19:00:00 to 2023-04-24 07:05:00 ]
2023-05-20 10:07:24,087 read C from av [ 2023-05-19 19:45:00 to 2023-04-24 04:05:00 ]
2023-05-20 10:07:24,602 read PYPL from av [ 2023-05-19 20:00:00 to 2023-04-24 04:05:00 ]
2023-05-20 10:07:25,008 read OIL from av [ 2023-05-19 16:00:00 to 2023-04-24 08:25:00 ]
2023-05-20 10:13:25,883 Time out DX-Y.NYB
2023-05-20 10:13:26,106 read GLD from av [ 2023-05-19 20:00:00 to 2023-04-21 04:05:00 ]
2023-05-20 10:13:26,551 read UUP from av [ 2023-05-19 16:30:00 to 2023-04-24 06:15:00 ]
2023-05-20 10:13:26,936 read SHY from av [ 2023-05-19 18:15:00 to 2023-04-24 07:15:00 ]
2023-05-20 10:13:27,319 read SHV from av [ 2023-05-19 19:45:00 to 2023-04-24 08:30:00 ]
2023-05-20 10:13:27,725 read IEF from av [ 2023-05-19 16:40:00 to 2023-04-24 07:15:00 ]
2023-05-20 10:19:28,617 Time out ^IRX
2023-05-20 10:25:29,253 Time out ^FVX
2023-05-20 10:31:31,368 Time out ^TYX
2023-05-20 10:31:31,701 read SQQQ from av [ 2023-05-19 20:00:00 to 2023-04-24 04:05:00 ]
2023-05-20 10:31:32,381 read TQQQ from av [ 2023-05-19 20:00:00 to 2023-04-24 04:05:00 ]
2023-05-20 10:37:33,476 Time out ^VXX
2023-05-20 10:43:34,040 Time out ^VXZ
2023-05-20 10:43:34,217 read IYE from av [ 2023-05-19 16:00:00 to 2023-04-24 09:05:00 ]
2023-05-20 10:43:34,566 read IYY from av [ 2023-05-19 16:00:00 to 2023-04-24 09:35:00 ]
2023-05-20 10:43:34,830 read IYF from av [ 2023-05-19 16:00:00 to 2023-04-24 09:35:00 ]
2023-05-20 10:43:35,269 read IYR from av [ 2023-05-19 16:25:00 to 2023-04-24 09:35:00 ]
2023-05-20 10:43:35,620 read IYW from av [ 2023-05-19 16:00:00 to 2023-04-24 09:30:00 ]
2023-05-20 10:43:35,941 read IYT from av [ 2023-05-19 16:00:00 to 2023-04-24 09:35:00 ]
2023-05-20 10:43:36,257 read PEJ from av [ 2023-05-19 16:00:00 to 2023-04-24 09:35:00 ]
2023-05-20 10:43:36,581 read USO from av [ 2023-05-19 18:20:00 to 2023-04-24 04:50:00 ]
2023-05-20 10:43:37,016 read DBC from av [ 2023-05-19 16:00:00 to 2023-04-24 09:35:00 ]
2023-05-20 10:43:37,393 read GSG from av [ 2023-05-19 16:50:00 to 2023-04-24 09:35:00 ]
2023-05-20 10:43:37,770 read VTI from av [ 2023-05-19 19:35:00 to 2023-04-21 06:30:00 ]
2023-05-20 10:49:38,523 Time out ^RUT
2023-05-20 10:49:38,714 read FDN from av [ 2023-05-19 16:00:00 to 2023-04-24 09:30:00 ]
2023-05-20 10:49:39,066 read XLV from av [ 2023-05-19 19:50:00 to 2023-04-24 04:15:00 ]
2023-05-20 10:49:39,477 read IBB from av [ 2023-05-19 16:00:00 to 2023-04-24 09:35:00 ]
2023-05-20 10:49:39,875 read KRE from av [ 2023-05-19 20:00:00 to 2023-04-24 07:15:00 ]
2023-05-20 10:49:40,311 read KBE from av [ 2023-05-19 16:10:00 to 2023-04-24 06:55:00 ]
2023-05-20 10:49:40,787 read XLF from av [ 2023-05-19 18:45:00 to 2023-04-24 04:05:00 ]
2023-05-20 10:49:41,248 read XLP from av [ 2023-05-19 17:15:00 to 2023-04-24 07:05:00 ]
2023-05-20 10:49:41,581 read XLY from av [ 2023-05-19 16:45:00 to 2023-04-24 06:20:00 ]
2023-05-20 10:49:41,935 read VNQ from av [ 2023-05-19 19:50:00 to 2023-04-24 08:05:00 ]
2023-05-20 10:49:42,294 read XLB from av [ 2023-05-19 18:20:00 to 2023-04-24 05:20:00 ]
2023-05-20 10:49:42,661 read XLI from av [ 2023-05-19 18:10:00 to 2023-04-24 06:10:00 ]
2023-05-20 10:49:43,068 read KBWB from av [ 2023-05-19 16:00:00 to 2023-04-24 08:05:00 ]
2023-05-20 10:55:43,960 Time out TVIX
2023-05-20 11:01:44,729 Time out ^VVIX
2023-05-20 11:01:44,938 read VIXM from av [ 2023-05-19 16:00:00 to 2023-04-24 08:05:00 ]
2023-05-20 11:01:45,307 read VIXY from av [ 2023-05-19 20:00:00 to 2023-04-24 04:05:00 ]
2023-05-20 11:01:45,816 read VXX from av [ 2023-05-19 20:00:00 to 2023-04-24 05:50:00 ]
2023-05-20 11:01:46,251 read SVXY from av [ 2023-05-19 19:55:00 to 2023-04-24 04:20:00 ]
2023-05-20 11:01:46,720 read UVXY from av [ 2023-05-19 20:00:00 to 2023-04-24 04:05:00 ]
2023-05-20 11:01:47,337 read VIXY from av [ 2023-05-19 20:00:00 to 2023-04-24 04:05:00 ]
