2023-09-16 09:01:08,468 read QQQ from av [ 2023-09-15 19:55:00 to 2023-08-25 04:00:00 ]
2023-09-16 09:07:12,450 Time out ^VIX
2023-09-16 09:07:13,435 read FAS from av [ 2023-09-15 20:00:00 to 2023-08-25 04:40:00 ]
2023-09-16 09:07:14,326 read MIDU from av [ 2023-09-15 20:00:00 to 2023-08-25 09:30:00 ]
2023-09-16 09:07:14,702 read AAPL from av [ 2023-09-15 19:55:00 to 2023-08-25 04:00:00 ]
2023-09-16 09:07:15,485 read GOOG from av [ 2023-09-15 19:55:00 to 2023-08-25 04:00:00 ]
2023-09-16 09:13:16,661 Time out ^GSPC
2023-09-16 09:19:17,328 Time out ^DJI
2023-09-16 09:25:18,100 Time out ^TNX
2023-09-16 09:25:18,347 read MSFT from av [ 2023-09-15 19:55:00 to 2023-08-25 04:00:00 ]
2023-09-16 09:31:19,537 Time out ^VXGOG
2023-09-16 09:37:20,290 Time out ^VXAPL
2023-09-16 09:43:21,955 Time out ^VXGS
2023-09-16 09:49:22,705 Time out ^VXAZN
2023-09-16 09:55:24,181 Time out ^VXIBM
2023-09-16 09:55:24,393 read GS from av [ 2023-09-15 19:40:00 to 2023-08-25 04:00:00 ]
2023-09-16 09:55:24,965 read IBM from av [ 2023-09-15 19:55:00 to 2023-08-25 04:00:00 ]
2023-09-16 10:01:25,995 Time out FB
2023-09-16 10:07:26,715 Time out ^TYVIX
2023-09-16 10:07:26,970 read SPY from av [ 2023-09-15 20:00:00 to 2023-08-25 04:00:00 ]
2023-09-16 10:07:27,737 read GOOGL from av [ 2023-09-15 19:55:00 to 2023-08-25 04:00:00 ]
2023-09-16 10:07:28,405 read JPM from av [ 2023-09-15 19:55:00 to 2023-08-25 04:00:00 ]
2023-09-16 10:07:29,016 read JNJ from av [ 2023-09-15 19:55:00 to 2023-08-25 04:00:00 ]
2023-09-16 10:07:29,581 read BAC from av [ 2023-09-15 19:55:00 to 2023-08-25 04:00:00 ]
2023-09-16 10:07:30,644 read V from av [ 2023-09-15 19:55:00 to 2023-08-25 04:00:00 ]
2023-09-16 10:07:31,164 read WFC from av [ 2023-09-15 19:55:00 to 2023-08-25 04:00:00 ]
2023-09-16 10:07:31,728 read MA from av [ 2023-09-15 19:55:00 to 2023-08-25 04:10:00 ]
2023-09-16 10:07:32,236 read C from av [ 2023-09-15 19:55:00 to 2023-08-25 04:20:00 ]
2023-09-16 10:07:32,814 read PYPL from av [ 2023-09-15 19:55:00 to 2023-08-25 04:00:00 ]
2023-09-16 10:13:34,202 Time out OIL
2023-09-16 10:19:34,914 Time out DX-Y.NYB
2023-09-16 10:19:35,137 read GLD from av [ 2023-09-15 20:00:00 to 2023-08-25 04:00:00 ]
2023-09-16 10:19:36,285 read UUP from av [ 2023-09-15 20:00:00 to 2023-08-25 07:00:00 ]
2023-09-16 10:19:37,447 read SHY from av [ 2023-09-15 18:55:00 to 2023-08-25 04:00:00 ]
2023-09-16 10:19:38,707 read SHV from av [ 2023-09-15 19:45:00 to 2023-08-25 04:00:00 ]
2023-09-16 10:19:39,240 read IEF from av [ 2023-09-15 19:55:00 to 2023-08-25 04:00:00 ]
2023-09-16 10:25:40,194 Time out ^IRX
2023-09-16 10:31:40,825 Time out ^FVX
2023-09-16 10:37:41,533 Time out ^TYX
2023-09-16 10:37:41,795 read SQQQ from av [ 2023-09-15 19:55:00 to 2023-08-25 04:00:00 ]
2023-09-16 10:37:42,654 read TQQQ from av [ 2023-09-15 19:55:00 to 2023-08-25 04:00:00 ]
2023-09-16 10:43:44,059 Time out ^VXX
2023-09-16 10:49:44,768 Time out ^VXZ
2023-09-16 10:49:45,521 read IYE from av [ 2023-09-15 20:00:00 to 2023-08-25 08:00:00 ]
2023-09-16 10:49:46,343 read IYY from av [ 2023-09-15 20:00:00 to 2023-08-25 09:30:00 ]
2023-09-16 10:49:47,203 read IYF from av [ 2023-09-15 20:00:00 to 2023-08-25 09:25:00 ]
2023-09-16 10:49:48,214 read IYR from av [ 2023-09-15 20:00:00 to 2023-08-25 09:30:00 ]
2023-09-16 10:49:49,220 read IYW from av [ 2023-09-15 20:00:00 to 2023-08-25 08:00:00 ]
2023-09-16 10:49:50,139 read IYT from av [ 2023-09-15 20:00:00 to 2023-08-25 08:00:00 ]
2023-09-16 10:49:50,894 read PEJ from av [ 2023-09-15 20:00:00 to 2023-08-25 09:30:00 ]
2023-09-16 10:49:51,286 read USO from av [ 2023-09-15 20:00:00 to 2023-08-25 04:50:00 ]
2023-09-16 10:49:52,417 read DBC from av [ 2023-09-15 20:00:00 to 2023-08-25 08:00:00 ]
2023-09-16 10:49:53,347 read GSG from av [ 2023-09-15 20:00:00 to 2023-08-25 08:00:00 ]
2023-09-16 10:49:53,884 read VTI from av [ 2023-09-15 20:00:00 to 2023-08-25 04:00:00 ]
2023-09-16 10:55:54,751 Time out ^RUT
2023-09-16 10:55:55,477 read FDN from av [ 2023-09-15 20:00:00 to 2023-08-25 08:00:00 ]
2023-09-16 10:55:55,920 read XLV from av [ 2023-09-15 20:00:00 to 2023-08-25 04:00:00 ]
2023-09-16 10:55:56,938 read IBB from av [ 2023-09-15 19:50:00 to 2023-08-25 08:00:00 ]
2023-09-16 10:55:57,947 read KRE from av [ 2023-09-15 20:00:00 to 2023-08-25 05:00:00 ]
2023-09-16 10:55:58,921 read KBE from av [ 2023-09-15 20:00:00 to 2023-08-25 08:00:00 ]
2023-09-16 10:55:59,381 read XLF from av [ 2023-09-15 20:00:00 to 2023-08-25 04:00:00 ]
2023-09-16 10:55:59,966 read XLP from av [ 2023-09-15 20:00:00 to 2023-08-25 04:00:00 ]
2023-09-16 10:56:00,448 read XLY from av [ 2023-09-15 20:00:00 to 2023-08-25 07:00:00 ]
2023-09-16 10:56:01,558 read VNQ from av [ 2023-09-15 20:00:00 to 2023-08-25 04:00:00 ]
2023-09-16 10:56:02,155 read XLB from av [ 2023-09-15 20:00:00 to 2023-08-25 07:00:00 ]
2023-09-16 10:56:02,622 read XLI from av [ 2023-09-15 20:00:00 to 2023-08-25 05:55:00 ]
2023-09-16 10:56:03,641 read KBWB from av [ 2023-09-15 16:10:00 to 2023-08-25 09:30:00 ]
2023-09-16 11:02:16,164 Time out TVIX
2023-09-16 11:08:17,879 Time out ^VVIX
2023-09-16 11:08:18,458 read VIXM from av [ 2023-09-15 20:00:00 to 2023-08-25 08:35:00 ]
2023-09-16 11:08:19,522 read VIXY from av [ 2023-09-15 20:00:00 to 2023-08-25 04:00:00 ]
2023-09-16 11:08:20,059 read VXX from av [ 2023-09-15 20:00:00 to 2023-08-25 04:00:00 ]
2023-09-16 11:08:20,631 read SVXY from av [ 2023-09-15 20:00:00 to 2023-08-25 04:00:00 ]
2023-09-16 11:08:22,021 read UVXY from av [ 2023-09-15 20:00:00 to 2023-08-25 04:00:00 ]
2023-09-16 11:08:22,666 read VIXY from av [ 2023-09-15 20:00:00 to 2023-08-25 04:00:00 ]
