2023-07-29 09:01:09,689 read QQQ from av [ 2023-07-28 19:55:00 to 2023-06-30 04:00:00 ]
2023-07-29 09:07:10,872 Time out ^VIX
2023-07-29 09:07:12,202 read FAS from av [ 2023-07-28 20:00:00 to 2023-06-30 04:00:00 ]
2023-07-29 09:07:13,143 read MIDU from av [ 2023-07-28 20:00:00 to 2023-06-30 04:50:00 ]
2023-07-29 09:07:13,524 read AAPL from av [ 2023-07-28 19:55:00 to 2023-06-30 04:00:00 ]
2023-07-29 09:07:14,234 read GOOG from av [ 2023-07-28 19:55:00 to 2023-06-30 04:00:00 ]
2023-07-29 09:13:15,358 Time out ^GSPC
2023-07-29 09:19:16,055 Time out ^DJI
2023-07-29 09:25:16,726 Time out ^TNX
2023-07-29 09:25:16,967 read MSFT from av [ 2023-07-28 19:55:00 to 2023-06-30 04:00:00 ]
2023-07-29 09:31:18,043 Time out ^VXGOG
2023-07-29 09:37:18,833 Time out ^VXAPL
2023-07-29 09:43:20,170 Time out ^VXGS
2023-07-29 09:49:21,771 Time out ^VXAZN
2023-07-29 09:55:23,316 Time out ^VXIBM
2023-07-29 09:55:23,578 read GS from av [ 2023-07-28 19:55:00 to 2023-06-30 04:15:00 ]
2023-07-29 09:55:24,145 read IBM from av [ 2023-07-28 19:55:00 to 2023-06-30 04:05:00 ]
2023-07-29 10:01:25,153 Time out FB
2023-07-29 10:07:25,854 Time out ^TYVIX
2023-07-29 10:07:26,094 read SPY from av [ 2023-07-28 20:00:00 to 2023-06-30 04:00:00 ]
2023-07-29 10:07:26,816 read GOOGL from av [ 2023-07-28 19:55:00 to 2023-06-30 04:00:00 ]
2023-07-29 10:07:27,483 read JPM from av [ 2023-07-28 19:55:00 to 2023-06-30 04:00:00 ]
2023-07-29 10:07:28,080 read JNJ from av [ 2023-07-28 19:55:00 to 2023-06-30 04:00:00 ]
2023-07-29 10:07:28,601 read BAC from av [ 2023-07-28 19:55:00 to 2023-06-30 04:00:00 ]
2023-07-29 10:07:29,228 read V from av [ 2023-07-28 19:55:00 to 2023-06-30 04:00:00 ]
2023-07-29 10:07:29,751 read WFC from av [ 2023-07-28 19:55:00 to 2023-06-30 04:00:00 ]
2023-07-29 10:07:30,271 read MA from av [ 2023-07-28 19:55:00 to 2023-06-30 04:50:00 ]
2023-07-29 10:07:31,971 read C from av [ 2023-07-28 19:55:00 to 2023-06-30 04:25:00 ]
2023-07-29 10:07:32,531 read PYPL from av [ 2023-07-28 19:55:00 to 2023-06-30 04:00:00 ]
2023-07-29 10:13:34,023 Time out OIL
2023-07-29 10:19:34,728 Time out DX-Y.NYB
2023-07-29 10:19:35,011 read GLD from av [ 2023-07-28 20:00:00 to 2023-06-30 04:00:00 ]
2023-07-29 10:19:36,324 read UUP from av [ 2023-07-28 20:00:00 to 2023-06-30 05:55:00 ]
2023-07-29 10:19:37,643 read SHY from av [ 2023-07-28 17:55:00 to 2023-06-30 04:00:00 ]
2023-07-29 10:19:39,101 read SHV from av [ 2023-07-28 19:50:00 to 2023-06-30 04:10:00 ]
2023-07-29 10:19:39,600 read IEF from av [ 2023-07-28 19:55:00 to 2023-06-30 04:00:00 ]
2023-07-29 10:25:40,540 Time out ^IRX
2023-07-29 10:31:41,325 Time out ^FVX
2023-07-29 10:37:42,098 Time out ^TYX
2023-07-29 10:37:42,413 read SQQQ from av [ 2023-07-28 19:55:00 to 2023-06-30 04:00:00 ]
2023-07-29 10:37:43,175 read TQQQ from av [ 2023-07-28 19:55:00 to 2023-06-30 04:00:00 ]
2023-07-29 10:43:44,241 Time out ^VXX
2023-07-29 10:49:45,542 Time out ^VXZ
2023-07-29 10:49:46,418 read IYE from av [ 2023-07-28 20:00:00 to 2023-06-30 08:00:00 ]
2023-07-29 10:49:47,237 read IYY from av [ 2023-07-28 20:00:00 to 2023-06-30 09:30:00 ]
2023-07-29 10:49:48,217 read IYF from av [ 2023-07-28 20:00:00 to 2023-06-30 08:00:00 ]
2023-07-29 10:49:49,296 read IYR from av [ 2023-07-28 20:00:00 to 2023-06-30 08:00:00 ]
2023-07-29 10:49:50,365 read IYW from av [ 2023-07-28 20:00:00 to 2023-06-30 08:00:00 ]
2023-07-29 10:49:51,347 read IYT from av [ 2023-07-28 20:00:00 to 2023-06-30 08:00:00 ]
2023-07-29 10:49:52,348 read PEJ from av [ 2023-07-28 20:00:00 to 2023-06-30 07:05:00 ]
2023-07-29 10:49:52,777 read USO from av [ 2023-07-28 20:00:00 to 2023-06-30 04:00:00 ]
2023-07-29 10:49:53,972 read DBC from av [ 2023-07-28 20:00:00 to 2023-06-30 04:25:00 ]
2023-07-29 10:49:55,008 read GSG from av [ 2023-07-28 20:00:00 to 2023-06-30 08:00:00 ]
2023-07-29 10:49:55,517 read VTI from av [ 2023-07-28 20:00:00 to 2023-06-30 04:00:00 ]
2023-07-29 10:55:56,506 Time out ^RUT
2023-07-29 10:55:57,354 read FDN from av [ 2023-07-28 20:00:00 to 2023-06-30 06:40:00 ]
2023-07-29 10:55:57,855 read XLV from av [ 2023-07-28 20:00:00 to 2023-06-30 04:45:00 ]
2023-07-29 10:55:59,034 read IBB from av [ 2023-07-28 19:55:00 to 2023-06-30 07:45:00 ]
2023-07-29 10:56:00,431 read KRE from av [ 2023-07-28 20:00:00 to 2023-06-30 06:20:00 ]
2023-07-29 10:56:02,148 read KBE from av [ 2023-07-28 20:00:00 to 2023-06-30 05:40:00 ]
2023-07-29 10:56:03,127 read XLF from av [ 2023-07-28 20:00:00 to 2023-06-30 04:05:00 ]
2023-07-29 10:56:03,708 read XLP from av [ 2023-07-28 20:00:00 to 2023-06-30 05:35:00 ]
2023-07-29 10:56:04,994 read XLY from av [ 2023-07-28 20:00:00 to 2023-06-30 04:25:00 ]
2023-07-29 10:56:07,600 read VNQ from av [ 2023-07-28 20:00:00 to 2023-06-30 05:45:00 ]
2023-07-29 10:56:08,485 read XLB from av [ 2023-07-28 20:00:00 to 2023-06-30 08:00:00 ]
2023-07-29 10:56:08,932 read XLI from av [ 2023-07-28 20:00:00 to 2023-06-30 06:05:00 ]
2023-07-29 10:56:10,017 read KBWB from av [ 2023-07-28 19:55:00 to 2023-06-30 04:20:00 ]
2023-07-29 11:02:11,385 Time out TVIX
2023-07-29 11:08:12,023 Time out ^VVIX
2023-07-29 11:08:12,753 read VIXM from av [ 2023-07-28 20:00:00 to 2023-06-30 08:00:00 ]
2023-07-29 11:08:13,503 read VIXY from av [ 2023-07-28 20:00:00 to 2023-06-30 05:15:00 ]
2023-07-29 11:08:14,086 read VXX from av [ 2023-07-28 20:00:00 to 2023-06-30 04:00:00 ]
2023-07-29 11:08:15,513 read SVXY from av [ 2023-07-28 20:00:00 to 2023-06-30 04:00:00 ]
2023-07-29 11:08:16,255 read UVXY from av [ 2023-07-28 20:00:00 to 2023-06-30 04:05:00 ]
2023-07-29 11:08:16,863 read VIXY from av [ 2023-07-28 20:00:00 to 2023-06-30 05:15:00 ]
