2023-07-15 09:01:09,047 read QQQ from av [ 2023-07-14 19:55:00 to 2023-06-16 04:00:00 ]
2023-07-15 09:07:11,270 Time out ^VIX
2023-07-15 09:07:13,085 read FAS from av [ 2023-07-14 20:00:00 to 2023-06-16 04:20:00 ]
2023-07-15 09:07:15,962 read MIDU from av [ 2023-07-14 20:00:00 to 2023-06-16 04:25:00 ]
2023-07-15 09:07:16,977 read AAPL from av [ 2023-07-14 19:55:00 to 2023-06-16 04:00:00 ]
2023-07-15 09:07:17,692 read GOOG from av [ 2023-07-14 19:55:00 to 2023-06-16 04:00:00 ]
2023-07-15 09:13:20,689 Time out ^GSPC
2023-07-15 09:19:21,917 Time out ^DJI
2023-07-15 09:25:22,545 Time out ^TNX
2023-07-15 09:25:22,879 read MSFT from av [ 2023-07-14 19:55:00 to 2023-06-16 04:00:00 ]
2023-07-15 09:31:23,908 Time out ^VXGOG
2023-07-15 09:37:24,617 Time out ^VXAPL
2023-07-15 09:43:25,403 Time out ^VXGS
2023-07-15 09:49:26,131 Time out ^VXAZN
2023-07-15 09:55:26,857 Time out ^VXIBM
2023-07-15 09:55:27,103 read GS from av [ 2023-07-14 19:55:00 to 2023-06-16 04:05:00 ]
2023-07-15 09:55:27,590 read IBM from av [ 2023-07-14 19:55:00 to 2023-06-16 04:00:00 ]
2023-07-15 10:01:28,397 Time out FB
2023-07-15 10:07:28,912 Time out ^TYVIX
2023-07-15 10:07:29,225 read SPY from av [ 2023-07-14 20:00:00 to 2023-06-16 04:00:00 ]
2023-07-15 10:07:29,892 read GOOGL from av [ 2023-07-14 19:55:00 to 2023-06-16 04:00:00 ]
2023-07-15 10:07:30,536 read JPM from av [ 2023-07-14 19:55:00 to 2023-06-16 04:00:00 ]
2023-07-15 10:07:31,056 read JNJ from av [ 2023-07-14 19:55:00 to 2023-06-16 04:00:00 ]
2023-07-15 10:07:31,571 read BAC from av [ 2023-07-14 19:55:00 to 2023-06-16 04:00:00 ]
2023-07-15 10:07:32,164 read V from av [ 2023-07-14 19:55:00 to 2023-06-16 04:00:00 ]
2023-07-15 10:09:32,911 read WFC from av [ 2023-07-14 19:55:00 to 2023-06-16 04:20:00 ]
2023-07-15 10:09:33,422 read MA from av [ 2023-07-14 19:55:00 to 2023-06-16 04:40:00 ]
2023-07-15 10:09:33,901 read C from av [ 2023-07-14 19:55:00 to 2023-06-16 04:00:00 ]
2023-07-15 10:09:34,463 read PYPL from av [ 2023-07-14 19:55:00 to 2023-06-16 04:00:00 ]
2023-07-15 10:15:35,705 Time out OIL
2023-07-15 10:21:36,284 Time out DX-Y.NYB
2023-07-15 10:21:36,556 read GLD from av [ 2023-07-14 20:00:00 to 2023-06-16 04:00:00 ]
2023-07-15 10:21:37,768 read UUP from av [ 2023-07-14 20:00:00 to 2023-06-16 05:55:00 ]
2023-07-15 10:21:38,968 read SHY from av [ 2023-07-14 19:45:00 to 2023-06-16 04:00:00 ]
2023-07-15 10:21:40,264 read SHV from av [ 2023-07-14 19:55:00 to 2023-06-16 05:40:00 ]
2023-07-15 10:21:40,752 read IEF from av [ 2023-07-14 19:35:00 to 2023-06-16 04:25:00 ]
2023-07-15 10:27:41,666 Time out ^IRX
2023-07-15 10:33:42,308 Time out ^FVX
2023-07-15 10:39:43,056 Time out ^TYX
2023-07-15 10:39:43,328 read SQQQ from av [ 2023-07-14 19:55:00 to 2023-06-16 04:00:00 ]
2023-07-15 10:39:44,023 read TQQQ from av [ 2023-07-14 19:55:00 to 2023-06-16 04:00:00 ]
2023-07-15 10:45:45,106 Time out ^VXX
2023-07-15 10:51:45,871 Time out ^VXZ
2023-07-15 10:51:46,115 read IYE from av [ 2023-07-14 20:00:00 to 2023-06-16 07:25:00 ]
2023-07-15 10:51:46,854 read IYY from av [ 2023-07-14 20:00:00 to 2023-06-16 08:45:00 ]
2023-07-15 10:51:47,767 read IYF from av [ 2023-07-14 20:00:00 to 2023-06-16 08:00:00 ]
2023-07-15 10:51:48,819 read IYR from av [ 2023-07-14 20:00:00 to 2023-06-16 08:00:00 ]
2023-07-15 10:51:49,263 read IYW from av [ 2023-07-14 20:00:00 to 2023-06-16 04:25:00 ]
2023-07-15 10:51:50,192 read IYT from av [ 2023-07-14 20:00:00 to 2023-06-16 07:00:00 ]
2023-07-15 10:51:51,036 read PEJ from av [ 2023-07-14 20:00:00 to 2023-06-16 09:30:00 ]
2023-07-15 10:51:51,440 read USO from av [ 2023-07-14 20:00:00 to 2023-06-16 04:00:00 ]
2023-07-15 10:51:52,577 read DBC from av [ 2023-07-14 20:00:00 to 2023-06-16 04:00:00 ]
2023-07-15 10:51:53,544 read GSG from av [ 2023-07-14 20:00:00 to 2023-06-16 04:00:00 ]
2023-07-15 10:51:53,987 read VTI from av [ 2023-07-14 20:00:00 to 2023-06-16 04:05:00 ]
2023-07-15 10:57:54,918 Time out ^RUT
2023-07-15 10:57:55,803 read FDN from av [ 2023-07-14 20:00:00 to 2023-06-16 07:00:00 ]
2023-07-15 10:57:56,234 read XLV from av [ 2023-07-14 20:00:00 to 2023-06-16 04:00:00 ]
2023-07-15 10:57:57,331 read IBB from av [ 2023-07-14 17:55:00 to 2023-06-16 07:15:00 ]
2023-07-15 10:57:58,646 read KRE from av [ 2023-07-14 20:00:00 to 2023-06-16 04:00:00 ]
2023-07-15 10:57:59,800 read KBE from av [ 2023-07-14 20:00:00 to 2023-06-16 07:00:00 ]
2023-07-15 10:58:00,328 read XLF from av [ 2023-07-14 20:00:00 to 2023-06-16 04:00:00 ]
2023-07-15 10:58:00,880 read XLP from av [ 2023-07-14 20:00:00 to 2023-06-16 04:00:00 ]
2023-07-15 10:58:01,337 read XLY from av [ 2023-07-14 20:00:00 to 2023-06-16 04:55:00 ]
2023-07-15 10:58:03,468 read VNQ from av [ 2023-07-14 20:00:00 to 2023-06-16 04:10:00 ]
2023-07-15 10:58:05,430 read XLB from av [ 2023-07-14 20:00:00 to 2023-06-16 04:05:00 ]
2023-07-15 10:58:08,563 read XLI from av [ 2023-07-14 20:00:00 to 2023-06-16 07:15:00 ]
2023-07-15 10:58:09,645 read KBWB from av [ 2023-07-14 19:55:00 to 2023-06-16 08:00:00 ]
2023-07-15 11:04:13,420 Time out TVIX
2023-07-15 11:10:16,549 Time out ^VVIX
2023-07-15 11:10:17,244 read VIXM from av [ 2023-07-14 20:00:00 to 2023-06-16 07:50:00 ]
2023-07-15 11:10:17,640 read VIXY from av [ 2023-07-14 20:00:00 to 2023-06-16 04:00:00 ]
2023-07-15 11:10:18,229 read VXX from av [ 2023-07-14 20:00:00 to 2023-06-16 04:00:00 ]
2023-07-15 11:10:19,288 read SVXY from av [ 2023-07-14 20:00:00 to 2023-06-16 04:00:00 ]
2023-07-15 11:10:20,344 read UVXY from av [ 2023-07-14 20:00:00 to 2023-06-16 04:00:00 ]
2023-07-15 11:10:20,936 read VIXY from av [ 2023-07-14 20:00:00 to 2023-06-16 04:00:00 ]
