2023-09-23 09:01:08,996 read QQQ from av [ 2023-09-22 19:55:00 to 2023-09-01 04:00:00 ]
2023-09-23 09:07:10,570 Time out ^VIX
2023-09-23 09:07:10,766 read FAS from av [ 2023-09-22 20:00:00 to 2023-09-01 04:20:00 ]
2023-09-23 09:07:11,603 read MIDU from av [ 2023-09-22 20:00:00 to 2023-09-01 07:20:00 ]
2023-09-23 09:07:11,944 read AAPL from av [ 2023-09-22 19:55:00 to 2023-09-01 04:00:00 ]
2023-09-23 09:07:12,718 read GOOG from av [ 2023-09-22 19:55:00 to 2023-09-01 04:00:00 ]
2023-09-23 09:13:13,845 Time out ^GSPC
2023-09-23 09:19:14,607 Time out ^DJI
2023-09-23 09:25:15,216 Time out ^TNX
2023-09-23 09:25:15,468 read MSFT from av [ 2023-09-22 19:55:00 to 2023-09-01 04:00:00 ]
2023-09-23 09:31:16,629 Time out ^VXGOG
2023-09-23 09:37:17,355 Time out ^VXAPL
2023-09-23 09:43:18,753 Time out ^VXGS
2023-09-23 09:49:19,596 Time out ^VXAZN
2023-09-23 09:55:20,265 Time out ^VXIBM
2023-09-23 09:55:20,447 read GS from av [ 2023-09-22 19:55:00 to 2023-09-01 04:00:00 ]
2023-09-23 09:55:22,099 read IBM from av [ 2023-09-22 19:55:00 to 2023-09-01 04:15:00 ]
2023-09-23 10:01:23,117 Time out FB
2023-09-23 10:07:23,799 Time out ^TYVIX
2023-09-23 10:07:24,023 read SPY from av [ 2023-09-22 20:00:00 to 2023-09-01 04:00:00 ]
2023-09-23 10:07:24,804 read GOOGL from av [ 2023-09-22 19:55:00 to 2023-09-01 04:00:00 ]
2023-09-23 10:07:25,473 read JPM from av [ 2023-09-22 19:55:00 to 2023-09-01 04:05:00 ]
2023-09-23 10:07:26,066 read JNJ from av [ 2023-09-22 19:55:00 to 2023-09-01 04:00:00 ]
2023-09-23 10:07:26,650 read BAC from av [ 2023-09-22 19:55:00 to 2023-09-01 04:00:00 ]
2023-09-23 10:07:27,310 read V from av [ 2023-09-22 19:35:00 to 2023-09-01 04:00:00 ]
2023-09-23 10:07:27,807 read WFC from av [ 2023-09-22 19:55:00 to 2023-09-01 04:45:00 ]
2023-09-23 10:07:28,398 read MA from av [ 2023-09-22 19:55:00 to 2023-09-01 04:05:00 ]
2023-09-23 10:07:28,904 read C from av [ 2023-09-22 19:55:00 to 2023-09-01 04:00:00 ]
2023-09-23 10:07:29,530 read PYPL from av [ 2023-09-22 19:55:00 to 2023-09-01 04:00:00 ]
2023-09-23 10:13:30,880 Time out OIL
2023-09-23 10:19:31,746 Time out DX-Y.NYB
2023-09-23 10:19:31,987 read GLD from av [ 2023-09-22 20:00:00 to 2023-09-01 04:00:00 ]
2023-09-23 10:19:32,567 read UUP from av [ 2023-09-22 20:00:00 to 2023-09-01 07:50:00 ]
2023-09-23 10:19:33,104 read SHY from av [ 2023-09-22 19:50:00 to 2023-09-01 04:00:00 ]
2023-09-23 10:19:33,604 read SHV from av [ 2023-09-22 19:55:00 to 2023-09-01 04:00:00 ]
2023-09-23 10:19:34,126 read IEF from av [ 2023-09-22 19:50:00 to 2023-09-01 04:00:00 ]
2023-09-23 10:25:35,076 Time out ^IRX
2023-09-23 10:31:35,825 Time out ^FVX
2023-09-23 10:37:36,373 Time out ^TYX
2023-09-23 10:37:36,633 read SQQQ from av [ 2023-09-22 19:55:00 to 2023-09-01 04:00:00 ]
2023-09-23 10:37:37,359 read TQQQ from av [ 2023-09-22 19:55:00 to 2023-09-01 04:00:00 ]
2023-09-23 10:43:38,511 Time out ^VXX
2023-09-23 10:49:39,162 Time out ^VXZ
2023-09-23 10:49:39,381 read IYE from av [ 2023-09-22 20:00:00 to 2023-09-01 08:00:00 ]
2023-09-23 10:49:39,791 read IYY from av [ 2023-09-22 20:00:00 to 2023-09-01 08:00:00 ]
2023-09-23 10:49:40,127 read IYF from av [ 2023-09-22 20:00:00 to 2023-09-01 09:15:00 ]
2023-09-23 10:49:40,537 read IYR from av [ 2023-09-22 20:00:00 to 2023-09-01 07:05:00 ]
2023-09-23 10:49:40,951 read IYW from av [ 2023-09-22 20:00:00 to 2023-09-01 08:00:00 ]
2023-09-23 10:49:41,374 read IYT from av [ 2023-09-22 20:00:00 to 2023-09-01 09:25:00 ]
2023-09-23 10:49:41,771 read PEJ from av [ 2023-09-22 20:00:00 to 2023-09-01 04:05:00 ]
2023-09-23 10:49:42,185 read USO from av [ 2023-09-22 20:00:00 to 2023-09-01 04:00:00 ]
2023-09-23 10:49:42,742 read DBC from av [ 2023-09-22 20:00:00 to 2023-09-01 06:55:00 ]
2023-09-23 10:49:43,186 read GSG from av [ 2023-09-22 20:00:00 to 2023-09-01 07:00:00 ]
2023-09-23 10:49:43,688 read VTI from av [ 2023-09-22 20:00:00 to 2023-09-01 04:00:00 ]
2023-09-23 10:55:44,643 Time out ^RUT
2023-09-23 10:55:44,846 read FDN from av [ 2023-09-22 20:00:00 to 2023-09-01 08:00:00 ]
2023-09-23 10:55:45,278 read XLV from av [ 2023-09-22 20:00:00 to 2023-09-01 04:10:00 ]
2023-09-23 10:55:45,772 read IBB from av [ 2023-09-22 19:00:00 to 2023-09-01 07:05:00 ]
2023-09-23 10:55:46,194 read KRE from av [ 2023-09-22 20:00:00 to 2023-09-01 04:40:00 ]
2023-09-23 10:55:46,704 read KBE from av [ 2023-09-22 20:00:00 to 2023-09-01 07:50:00 ]
2023-09-23 10:55:47,179 read XLF from av [ 2023-09-22 20:00:00 to 2023-09-01 04:05:00 ]
2023-09-23 10:55:47,756 read XLP from av [ 2023-09-22 20:00:00 to 2023-09-01 05:40:00 ]
2023-09-23 10:55:48,254 read XLY from av [ 2023-09-22 20:00:00 to 2023-09-01 04:00:00 ]
2023-09-23 10:55:48,741 read VNQ from av [ 2023-09-22 20:00:00 to 2023-09-01 04:10:00 ]
2023-09-23 10:55:49,224 read XLB from av [ 2023-09-22 20:00:00 to 2023-09-01 04:35:00 ]
2023-09-23 10:55:49,686 read XLI from av [ 2023-09-22 20:00:00 to 2023-09-01 06:15:00 ]
2023-09-23 10:55:50,176 read KBWB from av [ 2023-09-22 16:45:00 to 2023-09-01 08:00:00 ]
2023-09-23 11:01:51,489 Time out TVIX
2023-09-23 11:07:52,241 Time out ^VVIX
2023-09-23 11:07:52,756 read VIXM from av [ 2023-09-22 20:00:00 to 2023-09-01 07:00:00 ]
2023-09-23 11:07:53,133 read VIXY from av [ 2023-09-22 20:00:00 to 2023-09-01 04:00:00 ]
2023-09-23 11:07:53,683 read VXX from av [ 2023-09-22 20:00:00 to 2023-09-01 04:00:00 ]
2023-09-23 11:07:54,263 read SVXY from av [ 2023-09-22 20:00:00 to 2023-09-01 04:00:00 ]
2023-09-23 11:07:54,786 read UVXY from av [ 2023-09-22 20:00:00 to 2023-09-01 04:00:00 ]
2023-09-23 11:07:55,471 read VIXY from av [ 2023-09-22 20:00:00 to 2023-09-01 04:00:00 ]
