2023-12-30 07:01:08,829 read QQQ from av [ 2023-12-29 19:55:00 to 2023-12-08 04:00:00 ]
2023-12-30 07:07:11,872 Time out ^VIX
2023-12-30 07:07:12,748 read FAS from av [ 2023-12-29 20:00:00 to 2023-12-08 06:45:00 ]
2023-12-30 07:07:13,035 read MIDU from av [ 2023-12-29 20:00:00 to 2023-12-08 07:00:00 ]
2023-12-30 07:07:13,301 read AAPL from av [ 2023-12-29 19:55:00 to 2023-12-08 04:00:00 ]
2023-12-30 07:07:13,651 read GOOG from av [ 2023-12-29 19:55:00 to 2023-12-08 04:00:00 ]
2023-12-30 07:13:14,429 Time out ^GSPC
2023-12-30 07:19:15,220 Time out ^DJI
2023-12-30 07:25:15,787 Time out ^TNX
2023-12-30 07:25:16,020 read MSFT from av [ 2023-12-29 19:55:00 to 2023-12-08 04:00:00 ]
2023-12-30 07:31:16,783 Time out ^VXGOG
2023-12-30 07:37:17,415 Time out ^VXAPL
2023-12-30 07:43:18,056 Time out ^VXGS
2023-12-30 07:49:18,650 Time out ^VXAZN
2023-12-30 07:55:19,266 Time out ^VXIBM
2023-12-30 07:55:19,474 read GS from av [ 2023-12-29 19:00:00 to 2023-12-08 04:00:00 ]
2023-12-30 07:55:19,770 read IBM from av [ 2023-12-29 19:55:00 to 2023-12-08 04:00:00 ]
2023-12-30 08:01:20,946 Time out FB
2023-12-30 08:07:21,649 Time out ^TYVIX
2023-12-30 08:07:21,891 read SPY from av [ 2023-12-29 20:00:00 to 2023-12-08 04:00:00 ]
2023-12-30 08:07:22,251 read GOOGL from av [ 2023-12-29 19:55:00 to 2023-12-08 04:00:00 ]
2023-12-30 08:07:22,578 read JPM from av [ 2023-12-29 19:55:00 to 2023-12-08 04:00:00 ]
2023-12-30 08:07:22,897 read JNJ from av [ 2023-12-29 19:55:00 to 2023-12-08 04:00:00 ]
2023-12-30 08:07:23,226 read BAC from av [ 2023-12-29 19:55:00 to 2023-12-08 04:00:00 ]
2023-12-30 08:07:23,543 read V from av [ 2023-12-29 19:55:00 to 2023-12-08 04:00:00 ]
2023-12-30 08:07:23,859 read WFC from av [ 2023-12-29 19:55:00 to 2023-12-08 04:00:00 ]
2023-12-30 08:07:24,124 read MA from av [ 2023-12-29 19:55:00 to 2023-12-08 04:05:00 ]
2023-12-30 08:07:24,389 read C from av [ 2023-12-29 19:55:00 to 2023-12-08 04:00:00 ]
2023-12-30 08:07:24,729 read PYPL from av [ 2023-12-29 19:55:00 to 2023-12-08 04:00:00 ]
2023-12-30 08:13:25,522 Time out OIL
2023-12-30 08:19:26,197 Time out DX-Y.NYB
2023-12-30 08:19:26,434 read GLD from av [ 2023-12-29 20:00:00 to 2023-12-08 04:00:00 ]
2023-12-30 08:19:26,720 read UUP from av [ 2023-12-29 20:00:00 to 2023-12-08 04:20:00 ]
2023-12-30 08:19:26,947 read SHY from av [ 2023-12-29 19:20:00 to 2023-12-08 04:20:00 ]
2023-12-30 08:19:27,873 read SHV from av [ 2023-12-29 19:55:00 to 2023-12-08 04:00:00 ]
2023-12-30 08:19:28,181 read IEF from av [ 2023-12-29 19:55:00 to 2023-12-08 04:00:00 ]
2023-12-30 08:25:28,838 Time out ^IRX
2023-12-30 08:31:29,588 Time out ^FVX
2023-12-30 08:37:30,170 Time out ^TYX
2023-12-30 08:37:30,432 read SQQQ from av [ 2023-12-29 19:55:00 to 2023-12-08 04:00:00 ]
2023-12-30 08:37:30,789 read TQQQ from av [ 2023-12-29 19:55:00 to 2023-12-08 04:00:00 ]
2023-12-30 08:43:31,552 Time out ^VXX
2023-12-30 08:49:32,171 Time out ^VXZ
2023-12-30 08:49:32,797 read IYE from av [ 2023-12-29 20:00:00 to 2023-12-08 08:00:00 ]
2023-12-30 08:49:33,334 read IYY from av [ 2023-12-29 20:00:00 to 2023-12-08 09:30:00 ]
2023-12-30 08:49:33,925 read IYF from av [ 2023-12-29 20:00:00 to 2023-12-08 08:00:00 ]
2023-12-30 08:49:34,646 read IYR from av [ 2023-12-29 20:00:00 to 2023-12-08 04:55:00 ]
2023-12-30 08:49:35,383 read IYW from av [ 2023-12-29 20:00:00 to 2023-12-08 08:00:00 ]
2023-12-30 08:49:36,062 read IYT from av [ 2023-12-29 20:00:00 to 2023-12-08 09:30:00 ]
2023-12-30 08:49:36,634 read PEJ from av [ 2023-12-29 20:00:00 to 2023-12-08 09:25:00 ]
2023-12-30 08:49:36,894 read USO from av [ 2023-12-29 20:00:00 to 2023-12-08 04:00:00 ]
2023-12-30 08:49:37,199 read DBC from av [ 2023-12-29 20:00:00 to 2023-12-08 04:00:00 ]
2023-12-30 08:49:37,430 read GSG from av [ 2023-12-29 20:00:00 to 2023-12-08 08:10:00 ]
2023-12-30 08:49:37,702 read VTI from av [ 2023-12-29 20:00:00 to 2023-12-08 04:00:00 ]
2023-12-30 08:55:38,493 Time out ^RUT
2023-12-30 08:55:39,160 read FDN from av [ 2023-12-29 20:00:00 to 2023-12-08 04:00:00 ]
2023-12-30 08:55:39,440 read XLV from av [ 2023-12-29 20:00:00 to 2023-12-08 04:00:00 ]
2023-12-30 08:55:40,286 read IBB from av [ 2023-12-29 19:20:00 to 2023-12-08 07:00:00 ]
2023-12-30 08:55:41,228 read KRE from av [ 2023-12-29 20:00:00 to 2023-12-08 04:00:00 ]
2023-12-30 08:55:41,952 read KBE from av [ 2023-12-29 20:00:00 to 2023-12-08 08:35:00 ]
2023-12-30 08:55:42,236 read XLF from av [ 2023-12-29 20:00:00 to 2023-12-08 04:00:00 ]
2023-12-30 08:55:42,525 read XLP from av [ 2023-12-29 20:00:00 to 2023-12-08 04:00:00 ]
2023-12-30 08:55:42,795 read XLY from av [ 2023-12-29 20:00:00 to 2023-12-08 06:30:00 ]
2023-12-30 08:55:43,080 read VNQ from av [ 2023-12-29 20:00:00 to 2023-12-08 04:00:00 ]
2023-12-30 08:55:43,366 read XLB from av [ 2023-12-29 20:00:00 to 2023-12-08 08:00:00 ]
2023-12-30 08:55:43,598 read XLI from av [ 2023-12-29 20:00:00 to 2023-12-08 04:20:00 ]
2023-12-30 08:55:44,365 read KBWB from av [ 2023-12-29 17:10:00 to 2023-12-08 07:10:00 ]
2023-12-30 09:01:45,366 Time out TVIX
2023-12-30 09:07:46,000 Time out ^VVIX
2023-12-30 09:07:46,568 read VIXM from av [ 2023-12-29 20:00:00 to 2023-12-08 08:00:00 ]
2023-12-30 09:07:47,453 read VIXY from av [ 2023-12-29 20:00:00 to 2023-12-08 04:10:00 ]
2023-12-30 09:07:47,751 read VXX from av [ 2023-12-29 20:00:00 to 2023-12-08 04:00:00 ]
2023-12-30 09:07:48,632 read SVXY from av [ 2023-12-29 20:00:00 to 2023-12-08 04:10:00 ]
2023-12-30 09:07:48,982 read UVXY from av [ 2023-12-29 20:00:00 to 2023-12-08 04:00:00 ]
2023-12-30 09:07:49,252 read VIXY from av [ 2023-12-29 20:00:00 to 2023-12-08 04:10:00 ]
