2023-02-25 10:01:08,401 read QQQ from av [ 2023-02-24 20:00:00 to 2023-01-27 04:05:00 ]
2023-02-25 10:07:09,268 Time out ^VIX
2023-02-25 10:07:10,095 read FAS from av [ 2023-02-24 19:00:00 to 2023-01-30 04:35:00 ]
2023-02-25 10:07:10,502 read MIDU from av [ 2023-02-24 16:05:00 to 2023-01-30 09:35:00 ]
2023-02-25 10:07:10,844 read AAPL from av [ 2023-02-24 20:00:00 to 2023-01-27 04:05:00 ]
2023-02-25 10:07:11,571 read GOOG from av [ 2023-02-24 20:00:00 to 2023-01-27 04:15:00 ]
2023-02-25 10:13:12,408 Time out ^GSPC
2023-02-25 10:19:13,107 Time out ^DJI
2023-02-25 10:25:13,825 Time out ^TNX
2023-02-25 10:25:14,082 read MSFT from av [ 2023-02-24 19:55:00 to 2023-01-27 04:05:00 ]
2023-02-25 10:31:15,090 Time out ^VXGOG
2023-02-25 10:37:15,824 Time out ^VXAPL
2023-02-25 10:43:16,440 Time out ^VXGS
2023-02-25 10:49:17,187 Time out ^VXAZN
2023-02-25 10:55:17,851 Time out ^VXIBM
2023-02-25 10:55:18,048 read GS from av [ 2023-02-24 17:00:00 to 2023-01-30 07:20:00 ]
2023-02-25 10:55:18,394 read IBM from av [ 2023-02-24 17:55:00 to 2023-01-27 06:25:00 ]
2023-02-25 11:01:19,221 Time out FB
2023-02-25 11:07:19,916 Time out ^TYVIX
2023-02-25 11:07:20,198 read SPY from av [ 2023-02-24 20:00:00 to 2023-01-27 04:05:00 ]
2023-02-25 11:07:20,706 read GOOGL from av [ 2023-02-24 20:00:00 to 2023-01-27 04:05:00 ]
2023-02-25 11:07:21,119 read JPM from av [ 2023-02-24 20:00:00 to 2023-01-27 06:30:00 ]
2023-02-25 11:07:21,479 read JNJ from av [ 2023-02-24 19:45:00 to 2023-01-27 04:40:00 ]
2023-02-25 11:07:21,831 read BAC from av [ 2023-02-24 20:00:00 to 2023-01-27 04:05:00 ]
2023-02-25 11:07:22,207 read V from av [ 2023-02-24 19:30:00 to 2023-01-30 04:05:00 ]
2023-02-25 11:07:22,534 read WFC from av [ 2023-02-24 18:40:00 to 2023-01-30 04:05:00 ]
2023-02-25 11:07:22,856 read MA from av [ 2023-02-24 16:55:00 to 2023-01-30 07:05:00 ]
2023-02-25 11:07:23,183 read C from av [ 2023-02-24 18:55:00 to 2023-01-30 04:20:00 ]
2023-02-25 11:07:23,636 read PYPL from av [ 2023-02-24 20:00:00 to 2023-01-30 04:05:00 ]
2023-02-25 11:07:24,280 read OIL from av [ 2023-02-24 16:00:00 to 2023-01-30 08:35:00 ]
2023-02-25 11:13:24,901 Time out DX-Y.NYB
2023-02-25 11:13:25,114 read GLD from av [ 2023-02-24 19:50:00 to 2023-01-30 04:05:00 ]
2023-02-25 11:13:26,316 read UUP from av [ 2023-02-24 19:15:00 to 2023-01-30 06:05:00 ]
2023-02-25 11:13:27,472 read SHY from av [ 2023-02-24 18:10:00 to 2023-01-30 06:55:00 ]
2023-02-25 11:13:28,526 read SHV from av [ 2023-02-24 19:15:00 to 2023-01-30 06:25:00 ]
2023-02-25 11:13:28,828 read IEF from av [ 2023-02-24 17:25:00 to 2023-01-30 05:35:00 ]
2023-02-25 11:19:29,543 Time out ^IRX
2023-02-25 11:25:30,177 Time out ^FVX
2023-02-25 11:31:30,840 Time out ^TYX
2023-02-25 11:31:31,134 read SQQQ from av [ 2023-02-24 20:00:00 to 2023-01-27 04:05:00 ]
2023-02-25 11:31:31,630 read TQQQ from av [ 2023-02-24 20:00:00 to 2023-01-30 04:05:00 ]
2023-02-25 11:37:32,517 Time out ^VXX
2023-02-25 11:43:34,012 Time out ^VXZ
2023-02-25 11:43:35,139 read IYE from av [ 2023-02-24 18:15:00 to 2023-01-30 08:35:00 ]
2023-02-25 11:43:35,819 read IYY from av [ 2023-02-24 16:00:00 to 2023-01-30 09:35:00 ]
2023-02-25 11:43:36,618 read IYF from av [ 2023-02-24 16:00:00 to 2023-01-30 09:35:00 ]
2023-02-25 11:43:38,052 read IYR from av [ 2023-02-24 17:05:00 to 2023-01-30 07:25:00 ]
2023-02-25 11:43:39,142 read IYW from av [ 2023-02-24 16:00:00 to 2023-01-30 09:35:00 ]
2023-02-25 11:43:39,640 read IYT from av [ 2023-02-24 16:00:00 to 2023-01-30 09:35:00 ]
2023-02-25 11:43:40,360 read PEJ from av [ 2023-02-24 16:00:00 to 2023-01-30 09:35:00 ]
2023-02-25 11:43:40,680 read USO from av [ 2023-02-24 19:50:00 to 2023-01-30 04:10:00 ]
2023-02-25 11:43:41,892 read DBC from av [ 2023-02-24 16:00:00 to 2023-01-30 09:35:00 ]
2023-02-25 11:43:42,874 read GSG from av [ 2023-02-24 17:00:00 to 2023-01-30 08:30:00 ]
2023-02-25 11:43:43,321 read VTI from av [ 2023-02-24 16:10:00 to 2023-01-27 07:50:00 ]
2023-02-25 11:49:44,031 Time out ^RUT
2023-02-25 11:49:44,277 read FDN from av [ 2023-02-24 16:05:00 to 2023-01-30 09:30:00 ]
2023-02-25 11:49:44,580 read XLV from av [ 2023-02-24 19:55:00 to 2023-01-30 04:30:00 ]
2023-02-25 11:49:45,496 read IBB from av [ 2023-02-24 19:55:00 to 2023-01-30 08:15:00 ]
2023-02-25 11:49:45,799 read KRE from av [ 2023-02-24 16:25:00 to 2023-01-30 09:30:00 ]
2023-02-25 11:49:46,839 read KBE from av [ 2023-02-24 17:15:00 to 2023-01-30 07:55:00 ]
2023-02-25 11:49:47,161 read XLF from av [ 2023-02-24 20:00:00 to 2023-01-30 04:05:00 ]
2023-02-25 11:49:47,681 read XLP from av [ 2023-02-24 19:25:00 to 2023-01-30 04:40:00 ]
2023-02-25 11:49:47,988 read XLY from av [ 2023-02-24 16:40:00 to 2023-01-30 04:10:00 ]
2023-02-25 11:49:49,248 read VNQ from av [ 2023-02-24 19:30:00 to 2023-01-30 04:05:00 ]
2023-02-25 11:49:49,546 read XLB from av [ 2023-02-24 16:40:00 to 2023-01-30 07:05:00 ]
2023-02-25 11:49:49,874 read XLI from av [ 2023-02-24 17:20:00 to 2023-01-30 04:45:00 ]
2023-02-25 11:49:50,729 read KBWB from av [ 2023-02-24 16:00:00 to 2023-01-30 09:35:00 ]
2023-02-25 11:55:51,476 Time out TVIX
2023-02-25 12:01:52,212 Time out ^VVIX
2023-02-25 12:01:52,755 read VIXM from av [ 2023-02-24 16:00:00 to 2023-01-30 08:10:00 ]
2023-02-25 12:01:54,031 read VIXY from av [ 2023-02-24 20:00:00 to 2023-01-30 04:05:00 ]
2023-02-25 12:01:54,401 read VXX from av [ 2023-02-24 20:00:00 to 2023-01-27 04:05:00 ]
2023-02-25 12:01:55,546 read SVXY from av [ 2023-02-24 17:15:00 to 2023-01-30 04:10:00 ]
2023-02-25 12:01:57,265 read UVXY from av [ 2023-02-24 20:00:00 to 2023-01-30 04:05:00 ]
2023-02-25 12:01:57,707 read VIXY from av [ 2023-02-24 20:00:00 to 2023-01-30 04:05:00 ]
