2023-05-27 09:01:08,998 read QQQ from av [ 2023-05-26 19:55:00 to 2023-04-28 04:00:00 ]
2023-05-27 09:07:10,134 Time out ^VIX
2023-05-27 09:07:10,390 read FAS from av [ 2023-05-26 19:30:00 to 2023-05-01 04:00:00 ]
2023-05-27 09:07:10,813 read MIDU from av [ 2023-05-26 15:55:00 to 2023-05-01 09:30:00 ]
2023-05-27 09:07:11,136 read AAPL from av [ 2023-05-26 19:55:00 to 2023-04-28 04:00:00 ]
2023-05-27 09:07:11,801 read GOOG from av [ 2023-05-26 19:55:00 to 2023-04-28 04:00:00 ]
2023-05-27 09:13:12,845 Time out ^GSPC
2023-05-27 09:19:13,600 Time out ^DJI
2023-05-27 09:25:14,404 Time out ^TNX
2023-05-27 09:25:14,679 read MSFT from av [ 2023-05-26 19:55:00 to 2023-04-28 04:00:00 ]
2023-05-27 09:31:15,659 Time out ^VXGOG
2023-05-27 09:37:16,362 Time out ^VXAPL
2023-05-27 09:43:17,163 Time out ^VXGS
2023-05-27 09:49:17,951 Time out ^VXAZN
2023-05-27 09:55:18,796 Time out ^VXIBM
2023-05-27 09:55:18,980 read GS from av [ 2023-05-26 19:15:00 to 2023-05-01 07:10:00 ]
2023-05-27 09:55:19,386 read IBM from av [ 2023-05-26 19:45:00 to 2023-04-28 08:00:00 ]
2023-05-27 10:01:20,259 Time out FB
2023-05-27 10:07:21,104 Time out ^TYVIX
2023-05-27 10:07:21,349 read SPY from av [ 2023-05-26 19:55:00 to 2023-04-28 04:00:00 ]
2023-05-27 10:07:22,005 read GOOGL from av [ 2023-05-26 19:55:00 to 2023-04-28 04:15:00 ]
2023-05-27 10:07:22,579 read JPM from av [ 2023-05-26 19:35:00 to 2023-04-28 05:05:00 ]
2023-05-27 10:07:23,058 read JNJ from av [ 2023-05-26 19:55:00 to 2023-04-28 07:05:00 ]
2023-05-27 10:07:23,551 read BAC from av [ 2023-05-26 19:55:00 to 2023-04-28 04:00:00 ]
2023-05-27 10:07:24,531 read V from av [ 2023-05-26 17:40:00 to 2023-04-28 07:05:00 ]
2023-05-27 10:07:24,900 read WFC from av [ 2023-05-26 19:30:00 to 2023-05-01 05:15:00 ]
2023-05-27 10:07:25,357 read MA from av [ 2023-05-26 16:25:00 to 2023-04-28 08:55:00 ]
2023-05-27 10:07:25,749 read C from av [ 2023-05-26 19:55:00 to 2023-05-01 04:05:00 ]
2023-05-27 10:07:26,269 read PYPL from av [ 2023-05-26 19:55:00 to 2023-04-28 04:30:00 ]
2023-05-27 10:07:26,729 read OIL from av [ 2023-05-26 15:55:00 to 2023-05-01 07:00:00 ]
2023-05-27 10:13:27,568 Time out DX-Y.NYB
2023-05-27 10:13:27,831 read GLD from av [ 2023-05-26 18:10:00 to 2023-04-28 04:05:00 ]
2023-05-27 10:13:30,592 read UUP from av [ 2023-05-26 16:20:00 to 2023-05-01 08:35:00 ]
2023-05-27 10:13:30,989 read SHY from av [ 2023-05-26 19:55:00 to 2023-05-01 04:05:00 ]
2023-05-27 10:13:31,378 read SHV from av [ 2023-05-26 16:35:00 to 2023-05-01 07:00:00 ]
2023-05-27 10:13:31,753 read IEF from av [ 2023-05-26 16:55:00 to 2023-05-01 04:00:00 ]
2023-05-27 10:19:32,643 Time out ^IRX
2023-05-27 10:25:33,322 Time out ^FVX
2023-05-27 10:31:34,128 Time out ^TYX
2023-05-27 10:31:34,427 read SQQQ from av [ 2023-05-26 19:55:00 to 2023-05-01 04:00:00 ]
2023-05-27 10:31:35,025 read TQQQ from av [ 2023-05-26 19:55:00 to 2023-05-01 04:00:00 ]
2023-05-27 10:37:36,056 Time out ^VXX
2023-05-27 10:43:36,750 Time out ^VXZ
2023-05-27 10:43:36,955 read IYE from av [ 2023-05-26 15:55:00 to 2023-05-01 09:25:00 ]
2023-05-27 10:43:37,311 read IYY from av [ 2023-05-26 15:55:00 to 2023-05-01 09:30:00 ]
2023-05-27 10:43:37,649 read IYF from av [ 2023-05-26 15:55:00 to 2023-05-01 09:25:00 ]
2023-05-27 10:43:38,030 read IYR from av [ 2023-05-26 16:25:00 to 2023-05-01 09:30:00 ]
2023-05-27 10:43:38,436 read IYW from av [ 2023-05-26 16:55:00 to 2023-05-01 09:30:00 ]
2023-05-27 10:43:38,802 read IYT from av [ 2023-05-26 18:15:00 to 2023-05-01 09:25:00 ]
2023-05-27 10:43:39,163 read PEJ from av [ 2023-05-26 15:55:00 to 2023-05-01 09:20:00 ]
2023-05-27 10:43:39,556 read USO from av [ 2023-05-26 17:15:00 to 2023-05-01 04:00:00 ]
2023-05-27 10:43:40,031 read DBC from av [ 2023-05-26 16:00:00 to 2023-05-01 06:05:00 ]
2023-05-27 10:43:40,424 read GSG from av [ 2023-05-26 15:55:00 to 2023-05-01 09:25:00 ]
2023-05-27 10:43:40,765 read VTI from av [ 2023-05-26 19:35:00 to 2023-04-28 08:35:00 ]
2023-05-27 10:49:41,693 Time out ^RUT
2023-05-27 10:49:41,940 read FDN from av [ 2023-05-26 16:05:00 to 2023-05-01 09:30:00 ]
2023-05-27 10:49:42,346 read XLV from av [ 2023-05-26 16:55:00 to 2023-05-01 07:00:00 ]
2023-05-27 10:49:42,768 read IBB from av [ 2023-05-26 17:05:00 to 2023-05-01 07:40:00 ]
2023-05-27 10:49:43,164 read KRE from av [ 2023-05-26 19:40:00 to 2023-05-01 04:05:00 ]
2023-05-27 10:49:43,606 read KBE from av [ 2023-05-26 19:30:00 to 2023-05-01 07:45:00 ]
2023-05-27 10:49:44,039 read XLF from av [ 2023-05-26 19:55:00 to 2023-05-01 04:05:00 ]
2023-05-27 10:49:44,547 read XLP from av [ 2023-05-26 17:45:00 to 2023-05-01 07:55:00 ]
2023-05-27 10:49:44,962 read XLY from av [ 2023-05-26 16:55:00 to 2023-05-01 09:05:00 ]
2023-05-27 10:49:45,369 read VNQ from av [ 2023-05-26 16:45:00 to 2023-05-01 04:05:00 ]
2023-05-27 10:49:45,727 read XLB from av [ 2023-05-26 16:40:00 to 2023-05-01 08:35:00 ]
2023-05-27 10:49:46,131 read XLI from av [ 2023-05-26 16:55:00 to 2023-05-01 06:10:00 ]
2023-05-27 10:49:46,551 read KBWB from av [ 2023-05-26 16:30:00 to 2023-05-01 08:10:00 ]
2023-05-27 10:55:47,491 Time out TVIX
2023-05-27 11:01:48,313 Time out ^VVIX
2023-05-27 11:01:48,489 read VIXM from av [ 2023-05-26 15:55:00 to 2023-05-01 09:30:00 ]
2023-05-27 11:01:48,880 read VIXY from av [ 2023-05-26 19:55:00 to 2023-05-01 04:00:00 ]
2023-05-27 11:01:49,364 read VXX from av [ 2023-05-26 19:55:00 to 2023-05-01 04:00:00 ]
2023-05-27 11:01:49,852 read SVXY from av [ 2023-05-26 17:50:00 to 2023-05-01 06:40:00 ]
2023-05-27 11:01:50,386 read UVXY from av [ 2023-05-26 19:55:00 to 2023-05-01 04:00:00 ]
2023-05-27 11:01:51,069 read VIXY from av [ 2023-05-26 19:55:00 to 2023-05-01 04:00:00 ]
