2023-03-11 10:01:07,919 read QQQ from av [ 2023-03-10 20:00:00 to 2023-02-13 04:05:00 ]
2023-03-11 10:07:08,700 Time out ^VIX
2023-03-11 10:07:08,905 read FAS from av [ 2023-03-10 20:00:00 to 2023-02-13 07:25:00 ]
2023-03-11 10:07:09,262 read MIDU from av [ 2023-03-10 16:00:00 to 2023-02-13 08:50:00 ]
2023-03-11 10:07:09,566 read AAPL from av [ 2023-03-10 20:00:00 to 2023-02-10 04:05:00 ]
2023-03-11 10:07:10,095 read GOOG from av [ 2023-03-10 20:00:00 to 2023-02-10 04:05:00 ]
2023-03-11 10:13:11,034 Time out ^GSPC
2023-03-11 10:19:11,648 Time out ^DJI
2023-03-11 10:25:12,275 Time out ^TNX
2023-03-11 10:25:12,520 read MSFT from av [ 2023-03-10 20:00:00 to 2023-02-10 04:05:00 ]
2023-03-11 10:31:13,395 Time out ^VXGOG
2023-03-11 10:37:14,082 Time out ^VXAPL
2023-03-11 10:43:14,789 Time out ^VXGS
2023-03-11 10:49:15,381 Time out ^VXAZN
2023-03-11 10:55:16,025 Time out ^VXIBM
2023-03-11 10:55:16,247 read GS from av [ 2023-03-10 20:00:00 to 2023-02-10 07:55:00 ]
2023-03-11 10:55:16,753 read IBM from av [ 2023-03-10 20:00:00 to 2023-02-10 04:55:00 ]
2023-03-11 11:01:17,479 Time out FB
2023-03-11 11:07:18,064 Time out ^TYVIX
2023-03-11 11:07:18,327 read SPY from av [ 2023-03-10 20:00:00 to 2023-02-10 04:05:00 ]
2023-03-11 11:07:18,829 read GOOGL from av [ 2023-03-10 20:00:00 to 2023-02-10 04:05:00 ]
2023-03-11 11:07:19,252 read JPM from av [ 2023-03-10 20:00:00 to 2023-02-10 06:55:00 ]
2023-03-11 11:07:19,620 read JNJ from av [ 2023-03-10 19:45:00 to 2023-02-10 04:45:00 ]
2023-03-11 11:07:19,993 read BAC from av [ 2023-03-10 20:00:00 to 2023-02-10 04:05:00 ]
2023-03-11 11:07:20,386 read V from av [ 2023-03-10 17:10:00 to 2023-02-10 07:10:00 ]
2023-03-11 11:07:20,738 read WFC from av [ 2023-03-10 20:00:00 to 2023-02-13 05:25:00 ]
2023-03-11 11:07:21,212 read MA from av [ 2023-03-10 17:25:00 to 2023-02-13 09:30:00 ]
2023-03-11 11:07:21,532 read C from av [ 2023-03-10 20:00:00 to 2023-02-13 05:00:00 ]
2023-03-11 11:07:21,903 read PYPL from av [ 2023-03-10 20:00:00 to 2023-02-13 04:05:00 ]
2023-03-11 11:09:22,600 read OIL from av [ 2023-03-10 17:00:00 to 2023-02-13 09:05:00 ]
2023-03-11 11:15:23,272 Time out DX-Y.NYB
2023-03-11 11:15:23,481 read GLD from av [ 2023-03-10 20:00:00 to 2023-02-13 04:20:00 ]
2023-03-11 11:15:24,047 read UUP from av [ 2023-03-10 19:50:00 to 2023-02-13 07:05:00 ]
2023-03-11 11:15:24,469 read SHY from av [ 2023-03-10 20:00:00 to 2023-02-13 04:05:00 ]
2023-03-11 11:15:25,519 read SHV from av [ 2023-03-10 19:55:00 to 2023-02-13 08:00:00 ]
2023-03-11 11:15:26,689 read IEF from av [ 2023-03-10 19:45:00 to 2023-02-13 04:05:00 ]
2023-03-11 11:21:27,395 Time out ^IRX
2023-03-11 11:27:28,100 Time out ^FVX
2023-03-11 11:33:28,802 Time out ^TYX
2023-03-11 11:33:29,068 read SQQQ from av [ 2023-03-10 20:00:00 to 2023-02-10 04:05:00 ]
2023-03-11 11:33:29,557 read TQQQ from av [ 2023-03-10 20:00:00 to 2023-02-13 04:05:00 ]
2023-03-11 11:39:30,377 Time out ^VXX
2023-03-11 11:45:31,334 Time out ^VXZ
2023-03-11 11:45:32,371 read IYE from av [ 2023-03-10 16:00:00 to 2023-02-13 09:35:00 ]
2023-03-11 11:45:33,089 read IYY from av [ 2023-03-10 16:00:00 to 2023-02-13 09:35:00 ]
2023-03-11 11:45:33,795 read IYF from av [ 2023-03-10 16:00:00 to 2023-02-13 09:35:00 ]
2023-03-11 11:45:35,029 read IYR from av [ 2023-03-10 16:55:00 to 2023-02-13 07:35:00 ]
2023-03-11 11:45:35,953 read IYW from av [ 2023-03-10 17:45:00 to 2023-02-13 09:35:00 ]
2023-03-11 11:45:36,237 read IYT from av [ 2023-03-10 16:00:00 to 2023-02-13 09:35:00 ]
2023-03-11 11:45:36,957 read PEJ from av [ 2023-03-10 16:00:00 to 2023-02-13 09:35:00 ]
2023-03-11 11:45:37,402 read USO from av [ 2023-03-10 20:00:00 to 2023-02-13 04:05:00 ]
2023-03-11 11:45:38,361 read DBC from av [ 2023-03-10 17:00:00 to 2023-02-13 09:35:00 ]
2023-03-11 11:45:39,398 read GSG from av [ 2023-03-10 16:00:00 to 2023-02-13 08:05:00 ]
2023-03-11 11:45:39,724 read VTI from av [ 2023-03-10 18:30:00 to 2023-02-13 04:05:00 ]
2023-03-11 11:51:40,445 Time out ^RUT
2023-03-11 11:51:40,665 read FDN from av [ 2023-03-10 16:00:00 to 2023-02-13 09:30:00 ]
2023-03-11 11:51:40,966 read XLV from av [ 2023-03-10 19:45:00 to 2023-02-13 04:25:00 ]
2023-03-11 11:51:41,475 read IBB from av [ 2023-03-10 17:15:00 to 2023-02-13 09:35:00 ]
2023-03-11 11:51:41,824 read KRE from av [ 2023-03-10 19:45:00 to 2023-02-13 08:30:00 ]
2023-03-11 11:51:43,119 read KBE from av [ 2023-03-10 19:10:00 to 2023-02-13 09:30:00 ]
2023-03-11 11:51:43,459 read XLF from av [ 2023-03-10 20:00:00 to 2023-02-13 04:05:00 ]
2023-03-11 11:51:44,007 read XLP from av [ 2023-03-10 16:50:00 to 2023-02-13 08:55:00 ]
2023-03-11 11:51:44,450 read XLY from av [ 2023-03-10 17:05:00 to 2023-02-13 07:05:00 ]
2023-03-11 11:51:44,771 read VNQ from av [ 2023-03-10 18:05:00 to 2023-02-13 04:45:00 ]
2023-03-11 11:51:45,100 read XLB from av [ 2023-03-10 19:40:00 to 2023-02-13 07:30:00 ]
2023-03-11 11:51:45,417 read XLI from av [ 2023-03-10 19:35:00 to 2023-02-13 05:10:00 ]
2023-03-11 11:51:46,916 read KBWB from av [ 2023-03-10 19:45:00 to 2023-02-13 09:35:00 ]
2023-03-11 11:57:47,633 Time out TVIX
2023-03-11 12:03:48,256 Time out ^VVIX
2023-03-11 12:03:48,877 read VIXM from av [ 2023-03-10 16:00:00 to 2023-02-13 09:35:00 ]
2023-03-11 12:03:49,186 read VIXY from av [ 2023-03-10 19:55:00 to 2023-02-13 04:25:00 ]
2023-03-11 12:03:49,661 read VXX from av [ 2023-03-10 20:00:00 to 2023-02-13 04:05:00 ]
2023-03-11 12:03:50,829 read SVXY from av [ 2023-03-10 20:00:00 to 2023-02-13 04:55:00 ]
2023-03-11 12:03:51,174 read UVXY from av [ 2023-03-10 20:00:00 to 2023-02-13 04:05:00 ]
2023-03-11 12:03:51,769 read VIXY from av [ 2023-03-10 19:55:00 to 2023-02-13 04:25:00 ]
