2023-04-22 09:01:08,728 read QQQ from av [ 2023-04-21 20:00:00 to 2023-03-24 04:05:00 ]
2023-04-22 09:07:10,491 Time out ^VIX
2023-04-22 09:07:11,614 read FAS from av [ 2023-04-21 17:30:00 to 2023-03-27 04:05:00 ]
2023-04-22 09:07:12,157 read MIDU from av [ 2023-04-21 16:00:00 to 2023-03-27 08:05:00 ]
2023-04-22 09:07:12,481 read AAPL from av [ 2023-04-21 20:00:00 to 2023-03-24 04:05:00 ]
2023-04-22 09:07:13,072 read GOOG from av [ 2023-04-21 20:00:00 to 2023-03-24 04:05:00 ]
2023-04-22 09:13:14,122 Time out ^GSPC
2023-04-22 09:19:14,906 Time out ^DJI
2023-04-22 09:25:15,670 Time out ^TNX
2023-04-22 09:25:15,946 read MSFT from av [ 2023-04-21 20:00:00 to 2023-03-24 04:05:00 ]
2023-04-22 09:31:16,899 Time out ^VXGOG
2023-04-22 09:37:17,525 Time out ^VXAPL
2023-04-22 09:43:18,187 Time out ^VXGS
2023-04-22 09:49:18,916 Time out ^VXAZN
2023-04-22 09:55:19,685 Time out ^VXIBM
2023-04-22 09:55:19,917 read GS from av [ 2023-04-21 19:20:00 to 2023-03-27 07:05:00 ]
2023-04-22 09:55:20,326 read IBM from av [ 2023-04-21 20:00:00 to 2023-03-24 05:20:00 ]
2023-04-22 10:01:21,128 Time out FB
2023-04-22 10:07:21,727 Time out ^TYVIX
2023-04-22 10:07:22,008 read SPY from av [ 2023-04-21 20:00:00 to 2023-03-24 04:05:00 ]
2023-04-22 10:07:22,858 read GOOGL from av [ 2023-04-21 20:00:00 to 2023-03-24 04:05:00 ]
2023-04-22 10:07:23,394 read JPM from av [ 2023-04-21 18:45:00 to 2023-03-24 04:45:00 ]
2023-04-22 10:07:23,808 read JNJ from av [ 2023-04-21 18:45:00 to 2023-03-24 05:10:00 ]
2023-04-22 10:07:24,223 read BAC from av [ 2023-04-21 20:00:00 to 2023-03-24 04:05:00 ]
2023-04-22 10:07:24,852 read V from av [ 2023-04-21 16:10:00 to 2023-03-24 05:20:00 ]
2023-04-22 10:07:25,228 read WFC from av [ 2023-04-21 19:45:00 to 2023-03-27 04:05:00 ]
2023-04-22 10:07:25,569 read MA from av [ 2023-04-21 16:20:00 to 2023-03-24 09:30:00 ]
2023-04-22 10:07:25,963 read C from av [ 2023-04-21 19:15:00 to 2023-03-27 04:05:00 ]
2023-04-22 10:07:26,379 read PYPL from av [ 2023-04-21 19:15:00 to 2023-03-27 04:05:00 ]
2023-04-22 10:07:26,864 read OIL from av [ 2023-04-21 16:00:00 to 2023-03-27 07:05:00 ]
2023-04-22 10:13:27,648 Time out DX-Y.NYB
2023-04-22 10:13:27,910 read GLD from av [ 2023-04-21 18:05:00 to 2023-03-27 04:05:00 ]
2023-04-22 10:13:28,316 read UUP from av [ 2023-04-21 16:25:00 to 2023-03-27 07:10:00 ]
2023-04-22 10:13:29,533 read SHY from av [ 2023-04-21 17:35:00 to 2023-03-27 04:05:00 ]
2023-04-22 10:13:30,751 read SHV from av [ 2023-04-21 17:55:00 to 2023-03-27 05:15:00 ]
2023-04-22 10:13:31,173 read IEF from av [ 2023-04-21 17:15:00 to 2023-03-27 04:05:00 ]
2023-04-22 10:19:32,046 Time out ^IRX
2023-04-22 10:25:32,641 Time out ^FVX
2023-04-22 10:31:33,315 Time out ^TYX
2023-04-22 10:31:33,648 read SQQQ from av [ 2023-04-21 20:00:00 to 2023-03-24 04:05:00 ]
2023-04-22 10:31:34,332 read TQQQ from av [ 2023-04-21 20:00:00 to 2023-03-24 04:05:00 ]
2023-04-22 10:37:36,250 Time out ^VXX
2023-04-22 10:43:37,172 Time out ^VXZ
2023-04-22 10:43:37,959 read IYE from av [ 2023-04-21 16:00:00 to 2023-03-27 09:35:00 ]
2023-04-22 10:43:38,727 read IYY from av [ 2023-04-21 16:00:00 to 2023-03-27 09:35:00 ]
2023-04-22 10:43:39,412 read IYF from av [ 2023-04-21 16:00:00 to 2023-03-27 09:30:00 ]
2023-04-22 10:43:40,583 read IYR from av [ 2023-04-21 17:00:00 to 2023-03-27 07:35:00 ]
2023-04-22 10:43:41,531 read IYW from av [ 2023-04-21 16:00:00 to 2023-03-27 09:30:00 ]
2023-04-22 10:43:42,377 read IYT from av [ 2023-04-21 16:00:00 to 2023-03-27 09:35:00 ]
2023-04-22 10:43:43,108 read PEJ from av [ 2023-04-21 16:00:00 to 2023-03-27 09:30:00 ]
2023-04-22 10:43:43,399 read USO from av [ 2023-04-21 19:30:00 to 2023-03-27 04:05:00 ]
2023-04-22 10:43:44,528 read DBC from av [ 2023-04-21 16:05:00 to 2023-03-27 09:35:00 ]
2023-04-22 10:43:45,429 read GSG from av [ 2023-04-21 16:00:00 to 2023-03-27 09:00:00 ]
2023-04-22 10:43:45,949 read VTI from av [ 2023-04-21 19:05:00 to 2023-03-27 08:45:00 ]
2023-04-22 10:49:46,893 Time out ^RUT
2023-04-22 10:49:47,858 read FDN from av [ 2023-04-21 16:00:00 to 2023-03-27 09:35:00 ]
2023-04-22 10:49:48,379 read XLV from av [ 2023-04-21 19:15:00 to 2023-03-27 04:20:00 ]
2023-04-22 10:49:48,728 read IBB from av [ 2023-04-21 17:55:00 to 2023-03-27 09:35:00 ]
2023-04-22 10:49:50,029 read KRE from av [ 2023-04-21 19:55:00 to 2023-03-27 04:05:00 ]
2023-04-22 10:49:51,107 read KBE from av [ 2023-04-21 17:10:00 to 2023-03-27 04:10:00 ]
2023-04-22 10:49:51,539 read XLF from av [ 2023-04-21 19:55:00 to 2023-03-24 04:15:00 ]
2023-04-22 10:49:52,046 read XLP from av [ 2023-04-21 16:50:00 to 2023-03-27 05:15:00 ]
2023-04-22 10:49:52,446 read XLY from av [ 2023-04-21 18:40:00 to 2023-03-27 08:35:00 ]
2023-04-22 10:49:52,979 read VNQ from av [ 2023-04-21 16:05:00 to 2023-03-27 04:05:00 ]
2023-04-22 10:51:53,667 read XLB from av [ 2023-04-21 17:35:00 to 2023-03-27 05:40:00 ]
2023-04-22 10:51:54,027 read XLI from av [ 2023-04-21 17:35:00 to 2023-03-27 06:15:00 ]
2023-04-22 10:51:55,074 read KBWB from av [ 2023-04-21 16:00:00 to 2023-03-27 07:05:00 ]
2023-04-22 10:57:55,939 Time out TVIX
2023-04-22 11:03:56,553 Time out ^VVIX
2023-04-22 11:03:56,727 read VIXM from av [ 2023-04-21 16:00:00 to 2023-03-27 09:20:00 ]
2023-04-22 11:03:57,240 read VIXY from av [ 2023-04-21 20:00:00 to 2023-03-27 04:05:00 ]
2023-04-22 11:03:57,679 read VXX from av [ 2023-04-21 20:00:00 to 2023-03-24 04:25:00 ]
2023-04-22 11:03:58,834 read SVXY from av [ 2023-04-21 16:10:00 to 2023-03-27 04:20:00 ]
2023-04-22 11:04:00,662 read UVXY from av [ 2023-04-21 20:00:00 to 2023-03-27 04:05:00 ]
2023-04-22 11:04:01,277 read VIXY from av [ 2023-04-21 20:00:00 to 2023-03-27 04:05:00 ]
