2023-10-07 06:01:10,000 read QQQ from av [ 2023-10-06 19:55:00 to 2023-09-15 04:00:00 ]
2023-10-07 06:07:11,264 Time out ^VIX
2023-10-07 06:07:11,524 read FAS from av [ 2023-10-06 20:00:00 to 2023-09-15 04:10:00 ]
2023-10-07 06:07:12,612 read MIDU from av [ 2023-10-06 20:00:00 to 2023-09-15 06:10:00 ]
2023-10-07 06:07:13,204 read AAPL from av [ 2023-10-06 19:55:00 to 2023-09-15 04:00:00 ]
2023-10-07 06:07:13,533 read GOOG from av [ 2023-10-06 19:55:00 to 2023-09-15 04:00:00 ]
2023-10-07 06:13:14,217 Time out ^GSPC
2023-10-07 06:19:14,998 Time out ^DJI
2023-10-07 06:25:16,038 Time out ^TNX
2023-10-07 06:25:16,304 read MSFT from av [ 2023-10-06 19:55:00 to 2023-09-15 04:00:00 ]
2023-10-07 06:31:17,145 Time out ^VXGOG
2023-10-07 06:37:17,764 Time out ^VXAPL
2023-10-07 06:43:18,521 Time out ^VXGS
2023-10-07 06:49:19,289 Time out ^VXAZN
2023-10-07 06:55:20,039 Time out ^VXIBM
2023-10-07 06:55:20,285 read GS from av [ 2023-10-06 19:55:00 to 2023-09-15 04:00:00 ]
2023-10-07 06:55:20,566 read IBM from av [ 2023-10-06 19:55:00 to 2023-09-15 04:00:00 ]
2023-10-07 07:01:22,289 Time out FB
2023-10-07 07:07:23,064 Time out ^TYVIX
2023-10-07 07:07:23,340 read SPY from av [ 2023-10-06 20:00:00 to 2023-09-15 04:00:00 ]
2023-10-07 07:07:23,666 read GOOGL from av [ 2023-10-06 19:55:00 to 2023-09-15 04:00:00 ]
2023-10-07 07:07:23,971 read JPM from av [ 2023-10-06 19:55:00 to 2023-09-15 04:00:00 ]
2023-10-07 07:07:24,279 read JNJ from av [ 2023-10-06 19:55:00 to 2023-09-15 04:00:00 ]
2023-10-07 07:07:24,562 read BAC from av [ 2023-10-06 19:55:00 to 2023-09-15 04:00:00 ]
2023-10-07 07:07:24,831 read V from av [ 2023-10-06 19:55:00 to 2023-09-15 04:00:00 ]
2023-10-07 07:07:25,097 read WFC from av [ 2023-10-06 19:55:00 to 2023-09-15 04:00:00 ]
2023-10-07 07:07:25,380 read MA from av [ 2023-10-06 19:55:00 to 2023-09-15 04:00:00 ]
2023-10-07 07:07:25,707 read C from av [ 2023-10-06 19:55:00 to 2023-09-15 04:00:00 ]
2023-10-07 07:07:26,035 read PYPL from av [ 2023-10-06 19:55:00 to 2023-09-15 04:00:00 ]
2023-10-07 07:13:29,933 Time out OIL
2023-10-07 07:19:30,672 Time out DX-Y.NYB
2023-10-07 07:19:30,951 read GLD from av [ 2023-10-06 20:00:00 to 2023-09-15 04:00:00 ]
2023-10-07 07:19:31,199 read UUP from av [ 2023-10-06 20:00:00 to 2023-09-15 07:10:00 ]
2023-10-07 07:19:31,469 read SHY from av [ 2023-10-06 18:40:00 to 2023-09-15 04:00:00 ]
2023-10-07 07:19:31,742 read SHV from av [ 2023-10-06 19:50:00 to 2023-09-15 04:00:00 ]
2023-10-07 07:19:32,036 read IEF from av [ 2023-10-06 19:05:00 to 2023-09-15 04:00:00 ]
2023-10-07 07:25:32,785 Time out ^IRX
2023-10-07 07:31:33,562 Time out ^FVX
2023-10-07 07:37:34,105 Time out ^TYX
2023-10-07 07:37:34,361 read SQQQ from av [ 2023-10-06 19:55:00 to 2023-09-15 04:00:00 ]
2023-10-07 07:37:34,669 read TQQQ from av [ 2023-10-06 19:55:00 to 2023-09-15 04:00:00 ]
2023-10-07 07:43:35,479 Time out ^VXX
2023-10-07 07:49:36,262 Time out ^VXZ
2023-10-07 07:49:36,489 read IYE from av [ 2023-10-06 20:00:00 to 2023-09-15 07:15:00 ]
2023-10-07 07:49:36,715 read IYY from av [ 2023-10-06 20:00:00 to 2023-09-15 08:00:00 ]
2023-10-07 07:49:36,927 read IYF from av [ 2023-10-06 20:00:00 to 2023-09-15 08:00:00 ]
2023-10-07 07:49:37,152 read IYR from av [ 2023-10-06 20:00:00 to 2023-09-15 08:00:00 ]
2023-10-07 07:49:37,383 read IYW from av [ 2023-10-06 20:00:00 to 2023-09-15 08:00:00 ]
2023-10-07 07:49:37,613 read IYT from av [ 2023-10-06 20:00:00 to 2023-09-15 08:00:00 ]
2023-10-07 07:49:37,845 read PEJ from av [ 2023-10-06 20:00:00 to 2023-09-15 09:30:00 ]
2023-10-07 07:49:38,283 read USO from av [ 2023-10-06 20:00:00 to 2023-09-15 04:00:00 ]
2023-10-07 07:49:38,554 read DBC from av [ 2023-10-06 20:00:00 to 2023-09-15 05:10:00 ]
2023-10-07 07:49:38,806 read GSG from av [ 2023-10-06 20:00:00 to 2023-09-15 08:00:00 ]
2023-10-07 07:49:39,104 read VTI from av [ 2023-10-06 20:00:00 to 2023-09-15 04:00:00 ]
2023-10-07 07:55:39,789 Time out ^RUT
2023-10-07 07:55:39,979 read FDN from av [ 2023-10-06 20:00:00 to 2023-09-15 08:00:00 ]
2023-10-07 07:55:40,246 read XLV from av [ 2023-10-06 20:00:00 to 2023-09-15 04:05:00 ]
2023-10-07 07:55:40,475 read IBB from av [ 2023-10-06 16:45:00 to 2023-09-15 08:00:00 ]
2023-10-07 07:55:40,741 read KRE from av [ 2023-10-06 20:00:00 to 2023-09-15 04:15:00 ]
2023-10-07 07:55:40,975 read KBE from av [ 2023-10-06 20:00:00 to 2023-09-15 08:00:00 ]
2023-10-07 07:55:41,260 read XLF from av [ 2023-10-06 20:00:00 to 2023-09-15 04:00:00 ]
2023-10-07 07:55:41,526 read XLP from av [ 2023-10-06 20:00:00 to 2023-09-15 04:00:00 ]
2023-10-07 07:55:41,789 read XLY from av [ 2023-10-06 20:00:00 to 2023-09-15 04:35:00 ]
2023-10-07 07:55:42,051 read VNQ from av [ 2023-10-06 20:00:00 to 2023-09-15 04:15:00 ]
2023-10-07 07:55:42,323 read XLB from av [ 2023-10-06 20:00:00 to 2023-09-15 07:20:00 ]
2023-10-07 07:55:42,596 read XLI from av [ 2023-10-06 20:00:00 to 2023-09-15 05:15:00 ]
2023-10-07 07:55:42,911 read KBWB from av [ 2023-10-06 16:25:00 to 2023-09-15 04:10:00 ]
2023-10-07 08:01:44,223 Time out TVIX
2023-10-07 08:07:44,817 Time out ^VVIX
2023-10-07 08:07:45,023 read VIXM from av [ 2023-10-06 20:00:00 to 2023-09-15 04:50:00 ]
2023-10-07 08:07:45,322 read VIXY from av [ 2023-10-06 20:00:00 to 2023-09-15 04:00:00 ]
2023-10-07 08:07:45,634 read VXX from av [ 2023-10-06 20:00:00 to 2023-09-15 04:00:00 ]
2023-10-07 08:07:45,941 read SVXY from av [ 2023-10-06 20:00:00 to 2023-09-15 04:00:00 ]
2023-10-07 08:07:46,257 read UVXY from av [ 2023-10-06 20:00:00 to 2023-09-15 04:00:00 ]
2023-10-07 08:07:46,548 read VIXY from av [ 2023-10-06 20:00:00 to 2023-09-15 04:00:00 ]
