2023-02-18 10:01:08,849 read QQQ from av [ 2023-02-17 20:00:00 to 2023-01-23 04:05:00 ]
2023-02-18 10:07:10,142 Time out ^VIX
2023-02-18 10:07:10,421 read FAS from av [ 2023-02-17 17:40:00 to 2023-01-23 04:45:00 ]
2023-02-18 10:07:10,801 read MIDU from av [ 2023-02-17 16:00:00 to 2023-01-23 08:55:00 ]
2023-02-18 10:07:11,148 read AAPL from av [ 2023-02-17 20:00:00 to 2023-01-20 04:05:00 ]
2023-02-18 10:07:11,629 read GOOG from av [ 2023-02-17 20:00:00 to 2023-01-20 04:05:00 ]
2023-02-18 10:13:12,421 Time out ^GSPC
2023-02-18 10:19:13,112 Time out ^DJI
2023-02-18 10:25:13,763 Time out ^TNX
2023-02-18 10:25:14,377 read MSFT from av [ 2023-02-17 20:00:00 to 2023-01-20 04:05:00 ]
2023-02-18 10:31:15,331 Time out ^VXGOG
2023-02-18 10:37:16,061 Time out ^VXAPL
2023-02-18 10:43:16,791 Time out ^VXGS
2023-02-18 10:49:17,463 Time out ^VXAZN
2023-02-18 10:55:18,032 Time out ^VXIBM
2023-02-18 10:55:18,268 read GS from av [ 2023-02-17 18:25:00 to 2023-01-20 09:05:00 ]
2023-02-18 10:55:18,585 read IBM from av [ 2023-02-17 19:40:00 to 2023-01-20 08:05:00 ]
2023-02-18 11:01:19,254 Time out FB
2023-02-18 11:07:19,937 Time out ^TYVIX
2023-02-18 11:07:20,916 read SPY from av [ 2023-02-17 20:00:00 to 2023-01-20 04:05:00 ]
2023-02-18 11:07:21,625 read GOOGL from av [ 2023-02-17 20:00:00 to 2023-01-20 04:05:00 ]
2023-02-18 11:07:22,042 read JPM from av [ 2023-02-17 20:00:00 to 2023-01-20 07:05:00 ]
2023-02-18 11:07:22,392 read JNJ from av [ 2023-02-17 20:00:00 to 2023-01-20 07:20:00 ]
2023-02-18 11:07:22,834 read BAC from av [ 2023-02-17 20:00:00 to 2023-01-20 04:10:00 ]
2023-02-18 11:07:23,200 read V from av [ 2023-02-17 18:10:00 to 2023-01-20 05:55:00 ]
2023-02-18 11:07:23,571 read WFC from av [ 2023-02-17 19:10:00 to 2023-01-23 04:25:00 ]
2023-02-18 11:07:24,124 read MA from av [ 2023-02-17 19:25:00 to 2023-01-23 07:35:00 ]
2023-02-18 11:07:24,448 read C from av [ 2023-02-17 17:05:00 to 2023-01-23 04:50:00 ]
2023-02-18 11:07:25,189 read PYPL from av [ 2023-02-17 20:00:00 to 2023-01-20 04:10:00 ]
2023-02-18 11:07:25,689 read OIL from av [ 2023-02-17 16:00:00 to 2023-01-23 04:05:00 ]
2023-02-18 11:13:26,377 Time out DX-Y.NYB
2023-02-18 11:13:26,591 read GLD from av [ 2023-02-17 19:50:00 to 2023-01-23 04:05:00 ]
2023-02-18 11:13:26,944 read UUP from av [ 2023-02-17 17:30:00 to 2023-01-23 07:05:00 ]
2023-02-18 11:13:27,934 read SHY from av [ 2023-02-17 19:35:00 to 2023-01-23 07:50:00 ]
2023-02-18 11:13:29,035 read SHV from av [ 2023-02-17 19:45:00 to 2023-01-23 05:00:00 ]
2023-02-18 11:13:30,170 read IEF from av [ 2023-02-17 17:30:00 to 2023-01-23 06:25:00 ]
2023-02-18 11:19:31,584 Time out ^IRX
2023-02-18 11:25:32,286 Time out ^FVX
2023-02-18 11:31:32,949 Time out ^TYX
2023-02-18 11:31:33,299 read SQQQ from av [ 2023-02-17 20:00:00 to 2023-01-23 04:05:00 ]
2023-02-18 11:31:33,842 read TQQQ from av [ 2023-02-17 20:00:00 to 2023-01-23 04:05:00 ]
2023-02-18 11:37:34,732 Time out ^VXX
2023-02-18 11:43:35,305 Time out ^VXZ
2023-02-18 11:43:36,332 read IYE from av [ 2023-02-17 16:00:00 to 2023-01-23 07:45:00 ]
2023-02-18 11:43:36,601 read IYY from av [ 2023-02-17 16:00:00 to 2023-01-23 09:35:00 ]
2023-02-18 11:43:37,407 read IYF from av [ 2023-02-17 16:00:00 to 2023-01-23 09:35:00 ]
2023-02-18 11:43:38,714 read IYR from av [ 2023-02-17 16:45:00 to 2023-01-23 09:35:00 ]
2023-02-18 11:43:39,550 read IYW from av [ 2023-02-17 17:10:00 to 2023-01-23 09:35:00 ]
2023-02-18 11:43:39,891 read IYT from av [ 2023-02-17 16:00:00 to 2023-01-23 09:35:00 ]
2023-02-18 11:43:40,691 read PEJ from av [ 2023-02-17 16:00:00 to 2023-01-23 09:35:00 ]
2023-02-18 11:43:40,983 read USO from av [ 2023-02-17 19:35:00 to 2023-01-23 04:15:00 ]
2023-02-18 11:43:41,311 read DBC from av [ 2023-02-17 16:00:00 to 2023-01-23 05:55:00 ]
2023-02-18 11:43:42,403 read GSG from av [ 2023-02-17 16:00:00 to 2023-01-23 04:05:00 ]
2023-02-18 11:43:42,684 read VTI from av [ 2023-02-17 18:10:00 to 2023-01-23 07:35:00 ]
2023-02-18 11:49:43,421 Time out ^RUT
2023-02-18 11:49:43,689 read FDN from av [ 2023-02-17 16:00:00 to 2023-01-23 09:35:00 ]
2023-02-18 11:49:44,001 read XLV from av [ 2023-02-17 17:30:00 to 2023-01-23 04:35:00 ]
2023-02-18 11:49:44,310 read IBB from av [ 2023-02-17 19:45:00 to 2023-01-23 08:25:00 ]
2023-02-18 11:49:44,610 read KRE from av [ 2023-02-17 16:05:00 to 2023-01-23 08:00:00 ]
2023-02-18 11:49:45,748 read KBE from av [ 2023-02-17 16:05:00 to 2023-01-23 08:20:00 ]
2023-02-18 11:49:46,065 read XLF from av [ 2023-02-17 20:00:00 to 2023-01-23 04:05:00 ]
2023-02-18 11:49:46,463 read XLP from av [ 2023-02-17 17:10:00 to 2023-01-23 07:45:00 ]
2023-02-18 11:49:46,806 read XLY from av [ 2023-02-17 17:15:00 to 2023-01-23 05:30:00 ]
2023-02-18 11:49:47,104 read VNQ from av [ 2023-02-17 16:10:00 to 2023-01-23 07:00:00 ]
2023-02-18 11:49:47,392 read XLB from av [ 2023-02-17 16:05:00 to 2023-01-23 07:05:00 ]
2023-02-18 11:49:47,679 read XLI from av [ 2023-02-17 20:00:00 to 2023-01-23 04:05:00 ]
2023-02-18 11:49:48,796 read KBWB from av [ 2023-02-17 16:00:00 to 2023-01-23 04:05:00 ]
2023-02-18 11:55:49,446 Time out TVIX
2023-02-18 12:01:50,165 Time out ^VVIX
2023-02-18 12:01:50,348 read VIXM from av [ 2023-02-17 16:00:00 to 2023-01-23 08:15:00 ]
2023-02-18 12:01:50,685 read VIXY from av [ 2023-02-17 19:50:00 to 2023-01-23 04:15:00 ]
2023-02-18 12:01:51,096 read VXX from av [ 2023-02-17 19:55:00 to 2023-01-20 04:05:00 ]
2023-02-18 12:01:52,256 read SVXY from av [ 2023-02-17 17:35:00 to 2023-01-23 04:15:00 ]
2023-02-18 12:01:53,896 read UVXY from av [ 2023-02-17 20:00:00 to 2023-01-23 04:05:00 ]
2023-02-18 12:01:54,301 read VIXY from av [ 2023-02-17 19:50:00 to 2023-01-23 04:15:00 ]
