2023-02-11 10:01:07,767 read QQQ from av [ 2023-02-10 20:00:00 to 2023-01-17 04:05:00 ]
2023-02-11 10:07:08,712 Time out ^VIX
2023-02-11 10:07:09,014 read FAS from av [ 2023-02-10 18:40:00 to 2023-01-17 04:15:00 ]
2023-02-11 10:07:09,663 read MIDU from av [ 2023-02-10 16:00:00 to 2023-01-17 09:35:00 ]
2023-02-11 10:07:10,262 read AAPL from av [ 2023-02-10 20:00:00 to 2023-01-13 04:05:00 ]
2023-02-11 10:07:10,818 read GOOG from av [ 2023-02-10 20:00:00 to 2023-01-13 04:05:00 ]
2023-02-11 10:13:11,907 Time out ^GSPC
2023-02-11 10:19:12,404 Time out ^DJI
2023-02-11 10:25:13,024 Time out ^TNX
2023-02-11 10:25:13,299 read MSFT from av [ 2023-02-10 20:00:00 to 2023-01-13 04:05:00 ]
2023-02-11 10:31:14,109 Time out ^VXGOG
2023-02-11 10:37:14,687 Time out ^VXAPL
2023-02-11 10:43:15,299 Time out ^VXGS
2023-02-11 10:49:15,923 Time out ^VXAZN
2023-02-11 10:55:16,604 Time out ^VXIBM
2023-02-11 10:55:16,803 read GS from av [ 2023-02-10 20:00:00 to 2023-01-13 06:50:00 ]
2023-02-11 10:55:17,202 read IBM from av [ 2023-02-10 19:45:00 to 2023-01-13 07:10:00 ]
2023-02-11 11:01:17,819 Time out FB
2023-02-11 11:07:18,388 Time out ^TYVIX
2023-02-11 11:07:18,672 read SPY from av [ 2023-02-10 20:00:00 to 2023-01-13 04:05:00 ]
2023-02-11 11:07:19,136 read GOOGL from av [ 2023-02-10 20:00:00 to 2023-01-13 04:05:00 ]
2023-02-11 11:07:19,562 read JPM from av [ 2023-02-10 20:00:00 to 2023-01-13 04:15:00 ]
2023-02-11 11:07:19,970 read JNJ from av [ 2023-02-10 19:25:00 to 2023-01-13 05:50:00 ]
2023-02-11 11:07:20,348 read BAC from av [ 2023-02-10 20:00:00 to 2023-01-13 04:05:00 ]
2023-02-11 11:07:20,731 read V from av [ 2023-02-10 20:00:00 to 2023-01-17 07:30:00 ]
2023-02-11 11:07:21,044 read WFC from av [ 2023-02-10 19:50:00 to 2023-01-17 04:05:00 ]
2023-02-11 11:07:21,347 read MA from av [ 2023-02-10 18:00:00 to 2023-01-17 04:15:00 ]
2023-02-11 11:07:21,650 read C from av [ 2023-02-10 20:00:00 to 2023-01-17 06:10:00 ]
2023-02-11 11:07:22,015 read PYPL from av [ 2023-02-10 20:00:00 to 2023-01-17 04:05:00 ]
2023-02-11 11:07:22,403 read OIL from av [ 2023-02-10 16:00:00 to 2023-01-17 07:15:00 ]
2023-02-11 11:13:23,076 Time out DX-Y.NYB
2023-02-11 11:13:23,305 read GLD from av [ 2023-02-10 19:40:00 to 2023-01-17 04:05:00 ]
2023-02-11 11:13:23,646 read UUP from av [ 2023-02-10 19:15:00 to 2023-01-17 07:10:00 ]
2023-02-11 11:13:24,629 read SHY from av [ 2023-02-10 16:30:00 to 2023-01-17 07:20:00 ]
2023-02-11 11:13:25,510 read SHV from av [ 2023-02-10 18:15:00 to 2023-01-17 07:55:00 ]
2023-02-11 11:13:26,561 read IEF from av [ 2023-02-10 17:10:00 to 2023-01-17 05:05:00 ]
2023-02-11 11:19:27,367 Time out ^IRX
2023-02-11 11:25:28,081 Time out ^FVX
2023-02-11 11:31:28,828 Time out ^TYX
2023-02-11 11:31:29,291 read SQQQ from av [ 2023-02-10 20:00:00 to 2023-01-13 04:05:00 ]
2023-02-11 11:31:30,016 read TQQQ from av [ 2023-02-10 20:00:00 to 2023-01-13 04:05:00 ]
2023-02-11 11:37:30,981 Time out ^VXX
2023-02-11 11:43:31,600 Time out ^VXZ
2023-02-11 11:43:32,711 read IYE from av [ 2023-02-10 16:05:00 to 2023-01-17 08:25:00 ]
2023-02-11 11:43:33,347 read IYY from av [ 2023-02-10 16:00:00 to 2023-01-17 09:35:00 ]
2023-02-11 11:43:34,147 read IYF from av [ 2023-02-10 16:00:00 to 2023-01-17 09:30:00 ]
2023-02-11 11:43:34,421 read IYR from av [ 2023-02-10 16:15:00 to 2023-01-17 07:45:00 ]
2023-02-11 11:43:35,212 read IYW from av [ 2023-02-10 16:10:00 to 2023-01-17 09:30:00 ]
2023-02-11 11:43:35,479 read IYT from av [ 2023-02-10 16:00:00 to 2023-01-17 09:35:00 ]
2023-02-11 11:43:36,243 read PEJ from av [ 2023-02-10 16:00:00 to 2023-01-17 09:35:00 ]
2023-02-11 11:43:36,552 read USO from av [ 2023-02-10 19:55:00 to 2023-01-17 04:35:00 ]
2023-02-11 11:43:37,774 read DBC from av [ 2023-02-10 17:30:00 to 2023-01-17 08:30:00 ]
2023-02-11 11:43:38,539 read GSG from av [ 2023-02-10 16:00:00 to 2023-01-17 09:35:00 ]
2023-02-11 11:43:38,850 read VTI from av [ 2023-02-10 19:45:00 to 2023-01-13 07:05:00 ]
2023-02-11 11:49:39,572 Time out ^RUT
2023-02-11 11:49:39,753 read FDN from av [ 2023-02-10 16:00:00 to 2023-01-17 09:35:00 ]
2023-02-11 11:49:40,072 read XLV from av [ 2023-02-10 17:10:00 to 2023-01-17 04:40:00 ]
2023-02-11 11:49:40,370 read IBB from av [ 2023-02-10 16:10:00 to 2023-01-17 09:30:00 ]
2023-02-11 11:49:40,656 read KRE from av [ 2023-02-10 16:20:00 to 2023-01-17 07:05:00 ]
2023-02-11 11:49:42,095 read KBE from av [ 2023-02-10 18:00:00 to 2023-01-17 08:10:00 ]
2023-02-11 11:49:42,524 read XLF from av [ 2023-02-10 20:00:00 to 2023-01-17 04:05:00 ]
2023-02-11 11:49:42,864 read XLP from av [ 2023-02-10 16:35:00 to 2023-01-17 06:45:00 ]
2023-02-11 11:49:43,191 read XLY from av [ 2023-02-10 18:00:00 to 2023-01-17 07:20:00 ]
2023-02-11 11:49:43,509 read VNQ from av [ 2023-02-10 17:35:00 to 2023-01-17 04:05:00 ]
2023-02-11 11:49:43,921 read XLB from av [ 2023-02-10 17:25:00 to 2023-01-17 07:25:00 ]
2023-02-11 11:49:44,298 read XLI from av [ 2023-02-10 17:55:00 to 2023-01-17 06:45:00 ]
2023-02-11 11:49:44,633 read KBWB from av [ 2023-02-10 16:00:00 to 2023-01-17 09:35:00 ]
2023-02-11 11:55:45,395 Time out TVIX
2023-02-11 12:01:46,004 Time out ^VVIX
2023-02-11 12:01:46,417 read VIXM from av [ 2023-02-10 16:00:00 to 2023-01-17 08:45:00 ]
2023-02-11 12:01:47,534 read VIXY from av [ 2023-02-10 20:00:00 to 2023-01-17 04:05:00 ]
2023-02-11 12:01:47,905 read VXX from av [ 2023-02-10 20:00:00 to 2023-01-17 04:05:00 ]
2023-02-11 12:01:49,144 read SVXY from av [ 2023-02-10 17:00:00 to 2023-01-17 04:05:00 ]
2023-02-11 12:01:50,747 read UVXY from av [ 2023-02-10 20:00:00 to 2023-01-17 04:05:00 ]
2023-02-11 12:01:51,135 read VIXY from av [ 2023-02-10 20:00:00 to 2023-01-17 04:05:00 ]
