2023-07-22 09:01:10,054 read QQQ from av [ 2023-07-21 19:55:00 to 2023-06-23 04:00:00 ]
2023-07-22 09:07:13,800 Time out ^VIX
2023-07-22 09:07:14,837 read FAS from av [ 2023-07-21 20:00:00 to 2023-06-23 04:00:00 ]
2023-07-22 09:07:15,807 read MIDU from av [ 2023-07-21 20:00:00 to 2023-06-23 04:00:00 ]
2023-07-22 09:07:16,168 read AAPL from av [ 2023-07-21 19:55:00 to 2023-06-23 04:00:00 ]
2023-07-22 09:07:16,965 read GOOG from av [ 2023-07-21 19:55:00 to 2023-06-23 04:00:00 ]
2023-07-22 09:13:18,772 Time out ^GSPC
2023-07-22 09:19:19,395 Time out ^DJI
2023-07-22 09:25:20,117 Time out ^TNX
2023-07-22 09:25:20,357 read MSFT from av [ 2023-07-21 19:55:00 to 2023-06-23 04:00:00 ]
2023-07-22 09:31:25,963 Time out ^VXGOG
2023-07-22 09:37:27,298 Time out ^VXAPL
2023-07-22 09:43:30,578 Time out ^VXGS
2023-07-22 09:49:33,527 Time out ^VXAZN
2023-07-22 09:55:34,290 Time out ^VXIBM
2023-07-22 09:55:34,576 read GS from av [ 2023-07-21 19:55:00 to 2023-06-23 04:00:00 ]
2023-07-22 09:55:35,044 read IBM from av [ 2023-07-21 19:50:00 to 2023-06-23 04:00:00 ]
2023-07-22 10:01:36,952 Time out FB
2023-07-22 10:07:37,478 Time out ^TYVIX
2023-07-22 10:07:37,757 read SPY from av [ 2023-07-21 20:00:00 to 2023-06-23 04:00:00 ]
2023-07-22 10:07:38,514 read GOOGL from av [ 2023-07-21 19:55:00 to 2023-06-23 04:00:00 ]
2023-07-22 10:07:39,208 read JPM from av [ 2023-07-21 19:55:00 to 2023-06-23 04:00:00 ]
2023-07-22 10:07:39,786 read JNJ from av [ 2023-07-21 19:55:00 to 2023-06-23 04:00:00 ]
2023-07-22 10:07:40,328 read BAC from av [ 2023-07-21 19:55:00 to 2023-06-23 04:00:00 ]
2023-07-22 10:07:40,943 read V from av [ 2023-07-21 19:50:00 to 2023-06-23 04:00:00 ]
2023-07-22 10:07:41,463 read WFC from av [ 2023-07-21 19:55:00 to 2023-06-23 04:00:00 ]
2023-07-22 10:07:42,011 read MA from av [ 2023-07-21 19:05:00 to 2023-06-23 04:00:00 ]
2023-07-22 10:07:42,506 read C from av [ 2023-07-21 19:55:00 to 2023-06-23 04:00:00 ]
2023-07-22 10:07:43,102 read PYPL from av [ 2023-07-21 19:55:00 to 2023-06-23 04:00:00 ]
2023-07-22 10:13:44,600 Time out OIL
2023-07-22 10:19:45,346 Time out DX-Y.NYB
2023-07-22 10:19:45,628 read GLD from av [ 2023-07-21 20:00:00 to 2023-06-23 04:00:00 ]
2023-07-22 10:19:46,885 read UUP from av [ 2023-07-21 20:00:00 to 2023-06-23 07:00:00 ]
2023-07-22 10:19:48,225 read SHY from av [ 2023-07-21 19:30:00 to 2023-06-23 04:00:00 ]
2023-07-22 10:19:49,652 read SHV from av [ 2023-07-21 18:30:00 to 2023-06-23 04:00:00 ]
2023-07-22 10:19:50,187 read IEF from av [ 2023-07-21 19:50:00 to 2023-06-23 04:00:00 ]
2023-07-22 10:25:51,103 Time out ^IRX
2023-07-22 10:31:51,827 Time out ^FVX
2023-07-22 10:37:53,365 Time out ^TYX
2023-07-22 10:37:53,625 read SQQQ from av [ 2023-07-21 19:55:00 to 2023-06-23 04:00:00 ]
2023-07-22 10:37:54,855 read TQQQ from av [ 2023-07-21 19:55:00 to 2023-06-23 04:00:00 ]
2023-07-22 10:43:56,043 Time out ^VXX
2023-07-22 10:49:56,798 Time out ^VXZ
2023-07-22 10:49:57,609 read IYE from av [ 2023-07-21 20:00:00 to 2023-06-23 08:00:00 ]
2023-07-22 10:49:58,456 read IYY from av [ 2023-07-21 20:00:00 to 2023-06-23 09:30:00 ]
2023-07-22 10:49:59,385 read IYF from av [ 2023-07-21 20:00:00 to 2023-06-23 08:00:00 ]
2023-07-22 10:50:00,544 read IYR from av [ 2023-07-21 20:00:00 to 2023-06-23 07:05:00 ]
2023-07-22 10:50:03,043 read IYW from av [ 2023-07-21 20:00:00 to 2023-06-23 06:35:00 ]
2023-07-22 10:50:06,543 read IYT from av [ 2023-07-21 20:00:00 to 2023-06-23 08:00:00 ]
2023-07-22 10:50:11,418 read PEJ from av [ 2023-07-21 20:00:00 to 2023-06-23 08:00:00 ]
2023-07-22 10:50:11,826 read USO from av [ 2023-07-21 20:00:00 to 2023-06-23 04:00:00 ]
2023-07-22 10:50:12,982 read DBC from av [ 2023-07-21 20:00:00 to 2023-06-23 04:00:00 ]
2023-07-22 10:50:14,042 read GSG from av [ 2023-07-21 20:00:00 to 2023-06-23 08:45:00 ]
2023-07-22 10:50:14,536 read VTI from av [ 2023-07-21 20:00:00 to 2023-06-23 04:00:00 ]
2023-07-22 10:56:15,557 Time out ^RUT
2023-07-22 10:56:16,449 read FDN from av [ 2023-07-21 20:00:00 to 2023-06-23 07:00:00 ]
2023-07-22 10:56:16,926 read XLV from av [ 2023-07-21 20:00:00 to 2023-06-23 04:00:00 ]
2023-07-22 10:56:17,429 read IBB from av [ 2023-07-21 17:55:00 to 2023-06-23 07:00:00 ]
2023-07-22 10:56:17,893 read KRE from av [ 2023-07-21 20:00:00 to 2023-06-23 04:00:00 ]
2023-07-22 10:56:19,125 read KBE from av [ 2023-07-21 20:00:00 to 2023-06-23 07:00:00 ]
2023-07-22 10:56:19,592 read XLF from av [ 2023-07-21 20:00:00 to 2023-06-23 04:00:00 ]
2023-07-22 10:56:20,193 read XLP from av [ 2023-07-21 20:00:00 to 2023-06-23 04:05:00 ]
2023-07-22 10:56:20,671 read XLY from av [ 2023-07-21 20:00:00 to 2023-06-23 05:10:00 ]
2023-07-22 10:56:21,320 read VNQ from av [ 2023-07-21 20:00:00 to 2023-06-23 04:00:00 ]
2023-07-22 10:56:22,495 read XLB from av [ 2023-07-21 20:00:00 to 2023-06-23 07:00:00 ]
2023-07-22 10:56:27,310 read XLI from av [ 2023-07-21 20:00:00 to 2023-06-23 04:30:00 ]
2023-07-22 10:56:30,279 read KBWB from av [ 2023-07-21 19:35:00 to 2023-06-23 04:20:00 ]
2023-07-22 11:02:32,092 Time out TVIX
2023-07-22 11:08:32,807 Time out ^VVIX
2023-07-22 11:08:33,017 read VIXM from av [ 2023-07-21 20:00:00 to 2023-06-23 09:30:00 ]
2023-07-22 11:08:33,409 read VIXY from av [ 2023-07-21 20:00:00 to 2023-06-23 04:00:00 ]
2023-07-22 11:08:34,332 read VXX from av [ 2023-07-21 20:00:00 to 2023-06-23 04:00:00 ]
2023-07-22 11:08:34,917 read SVXY from av [ 2023-07-21 20:00:00 to 2023-06-23 04:00:00 ]
2023-07-22 11:08:35,480 read UVXY from av [ 2023-07-21 20:00:00 to 2023-06-23 04:00:00 ]
2023-07-22 11:08:36,104 read VIXY from av [ 2023-07-21 20:00:00 to 2023-06-23 04:00:00 ]
