2023-06-17 09:01:09,197 read QQQ from av [ 2023-06-16 19:55:00 to 2023-05-19 04:00:00 ]
2023-06-17 09:07:10,384 Time out ^VIX
2023-06-17 09:07:10,611 read FAS from av [ 2023-06-16 17:25:00 to 2023-05-22 06:10:00 ]
2023-06-17 09:07:11,012 read MIDU from av [ 2023-06-16 15:55:00 to 2023-05-22 09:30:00 ]
2023-06-17 09:07:11,742 read AAPL from av [ 2023-06-16 19:55:00 to 2023-05-19 04:00:00 ]
2023-06-17 09:07:12,409 read GOOG from av [ 2023-06-16 19:55:00 to 2023-05-19 04:00:00 ]
2023-06-17 09:13:13,393 Time out ^GSPC
2023-06-17 09:19:14,140 Time out ^DJI
2023-06-17 09:25:14,830 Time out ^TNX
2023-06-17 09:25:15,087 read MSFT from av [ 2023-06-16 19:55:00 to 2023-05-19 04:00:00 ]
2023-06-17 09:31:16,147 Time out ^VXGOG
2023-06-17 09:37:16,847 Time out ^VXAPL
2023-06-17 09:43:17,606 Time out ^VXGS
2023-06-17 09:49:18,296 Time out ^VXAZN
2023-06-17 09:55:19,090 Time out ^VXIBM
2023-06-17 09:55:19,329 read GS from av [ 2023-06-16 19:55:00 to 2023-05-19 05:45:00 ]
2023-06-17 09:55:19,749 read IBM from av [ 2023-06-16 19:15:00 to 2023-05-19 07:00:00 ]
2023-06-17 10:01:20,693 Time out FB
2023-06-17 10:07:21,481 Time out ^TYVIX
2023-06-17 10:07:21,760 read SPY from av [ 2023-06-16 19:55:00 to 2023-05-19 04:00:00 ]
2023-06-17 10:07:22,519 read GOOGL from av [ 2023-06-16 19:55:00 to 2023-05-19 04:00:00 ]
2023-06-17 10:07:23,114 read JPM from av [ 2023-06-16 18:30:00 to 2023-05-22 06:00:00 ]
2023-06-17 10:07:23,590 read JNJ from av [ 2023-06-16 19:10:00 to 2023-05-22 05:50:00 ]
2023-06-17 10:07:24,103 read BAC from av [ 2023-06-16 19:55:00 to 2023-05-19 04:00:00 ]
2023-06-17 10:07:24,628 read V from av [ 2023-06-16 18:20:00 to 2023-05-19 08:00:00 ]
2023-06-17 10:07:25,017 read WFC from av [ 2023-06-16 18:10:00 to 2023-05-22 05:15:00 ]
2023-06-17 10:07:25,446 read MA from av [ 2023-06-16 16:15:00 to 2023-05-22 08:00:00 ]
2023-06-17 10:07:25,885 read C from av [ 2023-06-16 19:35:00 to 2023-05-22 04:00:00 ]
2023-06-17 10:07:26,391 read PYPL from av [ 2023-06-16 19:50:00 to 2023-05-22 04:00:00 ]
2023-06-17 10:07:26,828 read OIL from av [ 2023-06-08 10:05:00 to 2023-05-22 09:15:00 ]
2023-06-17 10:13:27,615 Time out DX-Y.NYB
2023-06-17 10:13:27,864 read GLD from av [ 2023-06-16 19:55:00 to 2023-05-19 04:20:00 ]
2023-06-17 10:13:28,350 read UUP from av [ 2023-06-16 17:00:00 to 2023-05-22 06:05:00 ]
2023-06-17 10:13:29,534 read SHY from av [ 2023-06-16 18:35:00 to 2023-05-22 07:25:00 ]
2023-06-17 10:13:30,627 read SHV from av [ 2023-06-16 16:55:00 to 2023-05-22 07:00:00 ]
2023-06-17 10:13:31,043 read IEF from av [ 2023-06-16 19:00:00 to 2023-05-22 08:05:00 ]
2023-06-17 10:19:31,909 Time out ^IRX
2023-06-17 10:25:32,693 Time out ^FVX
2023-06-17 10:31:33,426 Time out ^TYX
2023-06-17 10:31:33,710 read SQQQ from av [ 2023-06-16 19:55:00 to 2023-05-19 04:00:00 ]
2023-06-17 10:31:34,432 read TQQQ from av [ 2023-06-16 19:55:00 to 2023-05-19 04:00:00 ]
2023-06-17 10:37:35,566 Time out ^VXX
2023-06-17 10:43:36,253 Time out ^VXZ
2023-06-17 10:43:37,551 read IYE from av [ 2023-06-16 15:55:00 to 2023-05-22 06:45:00 ]
2023-06-17 10:43:37,914 read IYY from av [ 2023-06-16 15:55:00 to 2023-05-22 09:30:00 ]
2023-06-17 10:43:38,190 read IYF from av [ 2023-06-16 15:55:00 to 2023-05-22 09:25:00 ]
2023-06-17 10:43:38,557 read IYR from av [ 2023-06-16 16:30:00 to 2023-05-22 09:30:00 ]
2023-06-17 10:43:39,892 read IYW from av [ 2023-06-16 17:15:00 to 2023-05-22 09:15:00 ]
2023-06-17 10:43:40,244 read IYT from av [ 2023-06-16 15:55:00 to 2023-05-22 09:30:00 ]
2023-06-17 10:43:40,600 read PEJ from av [ 2023-06-16 15:55:00 to 2023-05-22 09:25:00 ]
2023-06-17 10:43:41,005 read USO from av [ 2023-06-16 19:05:00 to 2023-05-22 04:25:00 ]
2023-06-17 10:43:42,033 read DBC from av [ 2023-06-16 17:30:00 to 2023-05-22 08:25:00 ]
2023-06-17 10:43:43,040 read GSG from av [ 2023-06-16 18:55:00 to 2023-05-22 08:00:00 ]
2023-06-17 10:43:43,413 read VTI from av [ 2023-06-16 18:05:00 to 2023-05-19 07:00:00 ]
2023-06-17 10:49:44,339 Time out ^RUT
2023-06-17 10:49:44,553 read FDN from av [ 2023-06-16 16:10:00 to 2023-05-22 09:30:00 ]
2023-06-17 10:49:45,025 read XLV from av [ 2023-06-16 17:15:00 to 2023-05-22 06:00:00 ]
2023-06-17 10:49:45,451 read IBB from av [ 2023-06-16 16:50:00 to 2023-05-22 07:10:00 ]
2023-06-17 10:49:45,862 read KRE from av [ 2023-06-16 19:35:00 to 2023-05-22 04:40:00 ]
2023-06-17 10:49:47,003 read KBE from av [ 2023-06-16 16:30:00 to 2023-05-22 08:25:00 ]
2023-06-17 10:49:47,438 read XLF from av [ 2023-06-16 19:55:00 to 2023-05-22 04:30:00 ]
2023-06-17 10:49:47,957 read XLP from av [ 2023-06-16 17:15:00 to 2023-05-22 08:30:00 ]
2023-06-17 10:49:48,389 read XLY from av [ 2023-06-16 18:25:00 to 2023-05-22 07:50:00 ]
2023-06-17 10:49:48,798 read VNQ from av [ 2023-06-16 19:10:00 to 2023-05-22 09:25:00 ]
2023-06-17 10:49:49,201 read XLB from av [ 2023-06-16 16:30:00 to 2023-05-22 05:10:00 ]
2023-06-17 10:49:49,629 read XLI from av [ 2023-06-16 19:55:00 to 2023-05-22 05:30:00 ]
2023-06-17 10:49:50,719 read KBWB from av [ 2023-06-16 15:55:00 to 2023-05-22 09:30:00 ]
2023-06-17 10:55:51,645 Time out TVIX
2023-06-17 11:01:52,277 Time out ^VVIX
2023-06-17 11:01:52,767 read VIXM from av [ 2023-06-16 15:55:00 to 2023-05-22 09:30:00 ]
2023-06-17 11:01:53,117 read VIXY from av [ 2023-06-16 19:55:00 to 2023-05-22 05:50:00 ]
2023-06-17 11:01:53,596 read VXX from av [ 2023-06-16 19:55:00 to 2023-05-19 04:20:00 ]
2023-06-17 11:01:54,106 read SVXY from av [ 2023-06-16 17:05:00 to 2023-05-22 06:30:00 ]
2023-06-17 11:01:54,561 read UVXY from av [ 2023-06-16 19:55:00 to 2023-05-19 04:00:00 ]
2023-06-17 11:01:55,187 read VIXY from av [ 2023-06-16 19:55:00 to 2023-05-22 05:50:00 ]
