2023-01-07 10:01:07,988 read QQQ from av [ 2023-01-06 20:00:00 to 2022-12-12 04:05:00 ]
2023-01-07 10:07:08,990 Time out ^VIX
2023-01-07 10:07:09,214 read FAS from av [ 2023-01-06 20:00:00 to 2022-12-12 04:20:00 ]
2023-01-07 10:07:09,599 read MIDU from av [ 2023-01-06 16:00:00 to 2022-12-12 09:30:00 ]
2023-01-07 10:07:09,951 read AAPL from av [ 2023-01-06 20:00:00 to 2022-12-09 04:05:00 ]
2023-01-07 10:07:10,392 read GOOG from av [ 2023-01-06 20:00:00 to 2022-12-12 04:05:00 ]
2023-01-07 10:13:11,288 Time out ^GSPC
2023-01-07 10:19:11,973 Time out ^DJI
2023-01-07 10:25:12,554 Time out ^TNX
2023-01-07 10:25:12,821 read MSFT from av [ 2023-01-06 20:00:00 to 2022-12-09 04:05:00 ]
2023-01-07 10:31:13,571 Time out ^VXGOG
2023-01-07 10:37:14,292 Time out ^VXAPL
2023-01-07 10:43:14,896 Time out ^VXGS
2023-01-07 10:49:15,525 Time out ^VXAZN
2023-01-07 10:55:16,263 Time out ^VXIBM
2023-01-07 10:55:16,626 read GS from av [ 2023-01-06 18:20:00 to 2022-12-12 09:05:00 ]
2023-01-07 10:55:16,927 read IBM from av [ 2023-01-06 18:50:00 to 2022-12-09 07:30:00 ]
2023-01-07 11:01:18,327 Time out FB
2023-01-07 11:07:18,972 Time out ^TYVIX
2023-01-07 11:07:19,364 read SPY from av [ 2023-01-06 20:00:00 to 2022-12-09 04:05:00 ]
2023-01-07 11:07:19,781 read GOOGL from av [ 2023-01-06 20:00:00 to 2022-12-09 04:05:00 ]
2023-01-07 11:07:20,356 read JPM from av [ 2023-01-06 19:55:00 to 2022-12-09 05:35:00 ]
2023-01-07 11:07:20,700 read JNJ from av [ 2023-01-06 20:00:00 to 2022-12-09 07:05:00 ]
2023-01-07 11:07:21,226 read BAC from av [ 2023-01-06 20:00:00 to 2022-12-09 04:25:00 ]
2023-01-07 11:07:21,551 read V from av [ 2023-01-06 19:20:00 to 2022-12-09 06:10:00 ]
2023-01-07 11:07:21,879 read WFC from av [ 2023-01-06 19:55:00 to 2022-12-12 07:05:00 ]
2023-01-07 11:07:22,205 read MA from av [ 2023-01-06 19:25:00 to 2022-12-12 08:05:00 ]
2023-01-07 11:07:22,540 read C from av [ 2023-01-06 20:00:00 to 2022-12-12 04:40:00 ]
2023-01-07 11:07:22,896 read PYPL from av [ 2023-01-06 20:00:00 to 2022-12-12 04:10:00 ]
2023-01-07 11:07:23,128 read OIL from av [ 2023-01-06 16:00:00 to 2022-12-12 05:45:00 ]
2023-01-07 11:13:23,905 Time out DX-Y.NYB
2023-01-07 11:13:24,141 read GLD from av [ 2023-01-06 19:55:00 to 2022-12-12 06:40:00 ]
2023-01-07 11:13:24,450 read UUP from av [ 2023-01-06 17:10:00 to 2022-12-12 06:00:00 ]
2023-01-07 11:13:25,392 read SHY from av [ 2023-01-06 18:40:00 to 2022-12-12 05:05:00 ]
2023-01-07 11:13:26,258 read SHV from av [ 2023-01-06 17:35:00 to 2022-12-12 07:15:00 ]
2023-01-07 11:13:27,065 read IEF from av [ 2023-01-06 19:10:00 to 2022-12-12 08:10:00 ]
2023-01-07 11:19:27,824 Time out ^IRX
2023-01-07 11:25:28,372 Time out ^FVX
2023-01-07 11:31:29,081 Time out ^TYX
2023-01-07 11:31:29,382 read SQQQ from av [ 2023-01-06 20:00:00 to 2022-12-09 04:05:00 ]
2023-01-07 11:31:29,988 read TQQQ from av [ 2023-01-06 20:00:00 to 2022-12-12 04:05:00 ]
2023-01-07 11:37:30,773 Time out ^VXX
2023-01-07 11:43:31,774 Time out ^VXZ
2023-01-07 11:43:32,385 read IYE from av [ 2023-01-06 16:00:00 to 2022-12-12 07:50:00 ]
2023-01-07 11:43:33,148 read IYY from av [ 2023-01-06 16:00:00 to 2022-12-12 09:35:00 ]
2023-01-07 11:43:33,662 read IYF from av [ 2023-01-06 16:00:00 to 2022-12-12 09:35:00 ]
2023-01-07 11:43:34,511 read IYR from av [ 2023-01-06 16:25:00 to 2022-12-12 04:05:00 ]
2023-01-07 11:43:35,305 read IYW from av [ 2023-01-06 16:00:00 to 2022-12-12 09:30:00 ]
2023-01-07 11:43:35,598 read IYT from av [ 2023-01-06 16:00:00 to 2022-12-12 09:35:00 ]
2023-01-07 11:43:36,277 read PEJ from av [ 2023-01-06 16:00:00 to 2022-12-12 09:30:00 ]
2023-01-07 11:43:36,615 read USO from av [ 2023-01-06 20:00:00 to 2022-12-12 04:05:00 ]
2023-01-07 11:43:37,441 read DBC from av [ 2023-01-06 16:00:00 to 2022-12-12 08:15:00 ]
2023-01-07 11:43:38,370 read GSG from av [ 2023-01-06 16:00:00 to 2022-12-12 04:35:00 ]
2023-01-07 11:43:38,691 read VTI from av [ 2023-01-06 19:15:00 to 2022-12-12 08:05:00 ]
2023-01-07 11:49:39,520 Time out ^RUT
2023-01-07 11:49:39,742 read FDN from av [ 2023-01-06 16:10:00 to 2022-12-12 09:35:00 ]
2023-01-07 11:49:40,017 read XLV from av [ 2023-01-06 20:00:00 to 2022-12-12 07:40:00 ]
2023-01-07 11:49:40,324 read IBB from av [ 2023-01-06 16:10:00 to 2022-12-12 09:30:00 ]
2023-01-07 11:49:40,598 read KRE from av [ 2023-01-06 18:15:00 to 2022-12-12 08:30:00 ]
2023-01-07 11:49:41,434 read KBE from av [ 2023-01-06 19:05:00 to 2022-12-12 09:35:00 ]
2023-01-07 11:49:41,797 read XLF from av [ 2023-01-06 20:00:00 to 2022-12-12 04:05:00 ]
2023-01-07 11:49:42,146 read XLP from av [ 2023-01-06 16:25:00 to 2022-12-12 04:15:00 ]
2023-01-07 11:49:42,576 read XLY from av [ 2023-01-06 19:25:00 to 2022-12-12 08:05:00 ]
2023-01-07 11:49:42,815 read VNQ from av [ 2023-01-06 16:05:00 to 2022-12-12 09:35:00 ]
2023-01-07 11:49:43,049 read XLB from av [ 2023-01-06 19:35:00 to 2022-12-12 09:35:00 ]
2023-01-07 11:49:43,319 read XLI from av [ 2023-01-06 17:15:00 to 2022-12-12 04:50:00 ]
2023-01-07 11:49:44,170 read KBWB from av [ 2023-01-06 16:20:00 to 2022-12-12 09:35:00 ]
2023-01-07 11:55:44,899 Time out TVIX
2023-01-07 12:01:45,605 Time out ^VVIX
2023-01-07 12:01:46,113 read VIXM from av [ 2023-01-06 16:00:00 to 2022-12-12 09:35:00 ]
2023-01-07 12:01:47,430 read VIXY from av [ 2023-01-06 19:40:00 to 2022-12-12 04:05:00 ]
2023-01-07 12:01:47,780 read VXX from av [ 2023-01-06 20:00:00 to 2022-12-09 04:10:00 ]
2023-01-07 12:01:48,699 read SVXY from av [ 2023-01-06 18:05:00 to 2022-12-12 07:15:00 ]
2023-01-07 12:01:50,028 read UVXY from av [ 2023-01-06 20:00:00 to 2022-12-12 04:05:00 ]
2023-01-07 12:01:50,374 read VIXY from av [ 2023-01-06 19:40:00 to 2022-12-12 04:05:00 ]
