2023-03-18 09:01:08,498 read QQQ from av [ 2023-03-17 20:00:00 to 2023-02-17 04:05:00 ]
2023-03-18 09:07:09,436 Time out ^VIX
2023-03-18 09:07:10,438 read FAS from av [ 2023-03-17 20:00:00 to 2023-02-21 07:20:00 ]
2023-03-18 09:07:10,841 read MIDU from av [ 2023-03-17 16:00:00 to 2023-02-21 09:30:00 ]
2023-03-18 09:07:11,338 read AAPL from av [ 2023-03-17 20:00:00 to 2023-02-17 04:05:00 ]
2023-03-18 09:07:11,960 read GOOG from av [ 2023-03-17 20:00:00 to 2023-02-17 04:05:00 ]
2023-03-18 09:13:13,382 Time out ^GSPC
2023-03-18 09:19:14,008 Time out ^DJI
2023-03-18 09:25:14,580 Time out ^TNX
2023-03-18 09:25:14,826 read MSFT from av [ 2023-03-17 20:00:00 to 2023-02-17 04:05:00 ]
2023-03-18 09:31:16,008 Time out ^VXGOG
2023-03-18 09:37:16,654 Time out ^VXAPL
2023-03-18 09:43:17,232 Time out ^VXGS
2023-03-18 09:49:17,924 Time out ^VXAZN
2023-03-18 09:55:18,568 Time out ^VXIBM
2023-03-18 09:55:18,771 read GS from av [ 2023-03-17 20:00:00 to 2023-02-17 09:35:00 ]
2023-03-18 09:55:19,098 read IBM from av [ 2023-03-17 20:00:00 to 2023-02-17 04:05:00 ]
2023-03-18 10:01:19,849 Time out FB
2023-03-18 10:07:20,532 Time out ^TYVIX
2023-03-18 10:07:20,832 read SPY from av [ 2023-03-17 20:00:00 to 2023-02-17 04:05:00 ]
2023-03-18 10:07:21,429 read GOOGL from av [ 2023-03-17 20:00:00 to 2023-02-21 04:05:00 ]
2023-03-18 10:07:21,879 read JPM from av [ 2023-03-17 20:00:00 to 2023-02-17 07:05:00 ]
2023-03-18 10:07:22,246 read JNJ from av [ 2023-03-17 19:45:00 to 2023-02-17 04:05:00 ]
2023-03-18 10:07:22,624 read BAC from av [ 2023-03-17 20:00:00 to 2023-02-17 04:05:00 ]
2023-03-18 10:07:23,042 read V from av [ 2023-03-17 19:10:00 to 2023-02-17 04:05:00 ]
2023-03-18 10:07:23,407 read WFC from av [ 2023-03-17 20:00:00 to 2023-02-21 07:35:00 ]
2023-03-18 10:07:23,713 read MA from av [ 2023-03-17 19:40:00 to 2023-02-21 08:10:00 ]
2023-03-18 10:07:24,052 read C from av [ 2023-03-17 20:00:00 to 2023-02-17 08:25:00 ]
2023-03-18 10:07:24,442 read PYPL from av [ 2023-03-17 19:55:00 to 2023-02-21 04:05:00 ]
2023-03-18 10:07:24,973 read OIL from av [ 2023-03-17 18:10:00 to 2023-02-21 07:05:00 ]
2023-03-18 10:13:25,759 Time out DX-Y.NYB
2023-03-18 10:13:25,972 read GLD from av [ 2023-03-17 20:00:00 to 2023-02-17 04:05:00 ]
2023-03-18 10:13:27,061 read UUP from av [ 2023-03-17 16:50:00 to 2023-02-21 05:35:00 ]
2023-03-18 10:13:28,461 read SHY from av [ 2023-03-17 17:05:00 to 2023-02-21 04:05:00 ]
2023-03-18 10:13:29,493 read SHV from av [ 2023-03-17 18:35:00 to 2023-02-21 07:00:00 ]
2023-03-18 10:13:30,644 read IEF from av [ 2023-03-17 19:30:00 to 2023-02-21 05:00:00 ]
2023-03-18 10:19:31,507 Time out ^IRX
2023-03-18 10:25:32,064 Time out ^FVX
2023-03-18 10:31:32,647 Time out ^TYX
2023-03-18 10:31:33,153 read SQQQ from av [ 2023-03-17 20:00:00 to 2023-02-17 04:05:00 ]
2023-03-18 10:31:33,674 read TQQQ from av [ 2023-03-17 20:00:00 to 2023-02-21 04:05:00 ]
2023-03-18 10:37:34,715 Time out ^VXX
2023-03-18 10:43:35,439 Time out ^VXZ
2023-03-18 10:43:36,267 read IYE from av [ 2023-03-17 16:00:00 to 2023-02-21 09:05:00 ]
2023-03-18 10:43:36,747 read IYY from av [ 2023-03-17 16:00:00 to 2023-02-21 09:35:00 ]
2023-03-18 10:43:37,383 read IYF from av [ 2023-03-17 16:00:00 to 2023-02-21 09:35:00 ]
2023-03-18 10:43:38,416 read IYR from av [ 2023-03-17 18:00:00 to 2023-02-21 04:05:00 ]
2023-03-18 10:43:39,177 read IYW from av [ 2023-03-17 16:50:00 to 2023-02-21 09:15:00 ]
2023-03-18 10:43:39,856 read IYT from av [ 2023-03-17 16:00:00 to 2023-02-21 09:35:00 ]
2023-03-18 10:43:40,617 read PEJ from av [ 2023-03-17 16:35:00 to 2023-02-21 09:30:00 ]
2023-03-18 10:43:41,009 read USO from av [ 2023-03-17 20:00:00 to 2023-02-21 04:10:00 ]
2023-03-18 10:43:42,005 read DBC from av [ 2023-03-17 16:00:00 to 2023-02-21 08:10:00 ]
2023-03-18 10:43:42,863 read GSG from av [ 2023-03-17 16:00:00 to 2023-02-21 09:30:00 ]
2023-03-18 10:43:43,198 read VTI from av [ 2023-03-17 20:00:00 to 2023-02-21 04:05:00 ]
2023-03-18 10:49:44,001 Time out ^RUT
2023-03-18 10:49:44,695 read FDN from av [ 2023-03-17 16:00:00 to 2023-02-21 09:30:00 ]
2023-03-18 10:49:45,013 read XLV from av [ 2023-03-17 16:20:00 to 2023-02-21 04:15:00 ]
2023-03-18 10:49:46,134 read IBB from av [ 2023-03-17 18:25:00 to 2023-02-21 09:35:00 ]
2023-03-18 10:49:47,581 read KRE from av [ 2023-03-17 20:00:00 to 2023-02-21 09:25:00 ]
2023-03-18 10:49:48,812 read KBE from av [ 2023-03-17 20:00:00 to 2023-02-21 09:30:00 ]
2023-03-18 10:49:49,373 read XLF from av [ 2023-03-17 20:00:00 to 2023-02-21 04:05:00 ]
2023-03-18 10:49:49,771 read XLP from av [ 2023-03-17 20:00:00 to 2023-02-21 05:15:00 ]
2023-03-18 10:49:50,090 read XLY from av [ 2023-03-17 17:15:00 to 2023-02-21 07:05:00 ]
2023-03-18 10:49:51,174 read VNQ from av [ 2023-03-17 19:40:00 to 2023-02-21 04:05:00 ]
2023-03-18 10:49:51,542 read XLB from av [ 2023-03-17 16:20:00 to 2023-02-21 08:35:00 ]
2023-03-18 10:49:51,991 read XLI from av [ 2023-03-17 19:05:00 to 2023-02-21 07:05:00 ]
2023-03-18 10:49:53,198 read KBWB from av [ 2023-03-17 20:00:00 to 2023-02-21 09:35:00 ]
2023-03-18 10:55:53,999 Time out TVIX
2023-03-18 11:01:54,803 Time out ^VVIX
2023-03-18 11:01:55,304 read VIXM from av [ 2023-03-17 16:00:00 to 2023-02-21 08:30:00 ]
2023-03-18 11:01:56,703 read VIXY from av [ 2023-03-17 19:55:00 to 2023-02-21 04:05:00 ]
2023-03-18 11:01:57,100 read VXX from av [ 2023-03-17 20:00:00 to 2023-02-17 04:05:00 ]
2023-03-18 11:01:57,471 read SVXY from av [ 2023-03-17 17:35:00 to 2023-02-21 04:10:00 ]
2023-03-18 11:01:59,619 read UVXY from av [ 2023-03-17 20:00:00 to 2023-02-21 04:05:00 ]
2023-03-18 11:02:00,072 read VIXY from av [ 2023-03-17 19:55:00 to 2023-02-21 04:05:00 ]
