2023-03-25 09:01:09,054 read QQQ from av [ 2023-03-24 20:00:00 to 2023-02-24 04:05:00 ]
2023-03-25 09:07:10,084 Time out ^VIX
2023-03-25 09:07:11,383 read FAS from av [ 2023-03-24 20:00:00 to 2023-02-27 05:50:00 ]
2023-03-25 09:07:11,878 read MIDU from av [ 2023-03-24 19:45:00 to 2023-02-27 09:35:00 ]
2023-03-25 09:07:12,194 read AAPL from av [ 2023-03-24 20:00:00 to 2023-02-24 04:05:00 ]
2023-03-25 09:07:12,777 read GOOG from av [ 2023-03-24 20:00:00 to 2023-02-24 04:05:00 ]
2023-03-25 09:13:13,711 Time out ^GSPC
2023-03-25 09:19:14,415 Time out ^DJI
2023-03-25 09:25:15,052 Time out ^TNX
2023-03-25 09:25:15,312 read MSFT from av [ 2023-03-24 20:00:00 to 2023-02-24 04:05:00 ]
2023-03-25 09:31:16,283 Time out ^VXGOG
2023-03-25 09:37:17,027 Time out ^VXAPL
2023-03-25 09:43:17,837 Time out ^VXGS
2023-03-25 09:49:18,472 Time out ^VXAZN
2023-03-25 09:55:19,111 Time out ^VXIBM
2023-03-25 09:55:19,353 read GS from av [ 2023-03-24 19:55:00 to 2023-02-27 07:20:00 ]
2023-03-25 09:55:19,708 read IBM from av [ 2023-03-24 18:35:00 to 2023-02-24 08:25:00 ]
2023-03-25 10:01:20,587 Time out FB
2023-03-25 10:07:21,640 Time out ^TYVIX
2023-03-25 10:07:21,954 read SPY from av [ 2023-03-24 20:00:00 to 2023-02-24 04:05:00 ]
2023-03-25 10:07:22,557 read GOOGL from av [ 2023-03-24 20:00:00 to 2023-02-24 04:05:00 ]
2023-03-25 10:07:23,250 read JPM from av [ 2023-03-24 20:00:00 to 2023-02-27 04:05:00 ]
2023-03-25 10:07:23,644 read JNJ from av [ 2023-03-24 18:25:00 to 2023-02-27 07:05:00 ]
2023-03-25 10:07:24,089 read BAC from av [ 2023-03-24 20:00:00 to 2023-02-24 04:15:00 ]
2023-03-25 10:07:24,507 read V from av [ 2023-03-24 20:00:00 to 2023-02-24 06:35:00 ]
2023-03-25 10:07:24,895 read WFC from av [ 2023-03-24 20:00:00 to 2023-02-27 06:40:00 ]
2023-03-25 10:07:25,264 read MA from av [ 2023-03-24 16:05:00 to 2023-02-27 09:35:00 ]
2023-03-25 10:07:25,634 read C from av [ 2023-03-24 20:00:00 to 2023-02-27 07:05:00 ]
2023-03-25 10:07:26,065 read PYPL from av [ 2023-03-24 19:55:00 to 2023-02-27 04:05:00 ]
2023-03-25 10:07:26,572 read OIL from av [ 2023-03-24 16:00:00 to 2023-02-27 09:15:00 ]
2023-03-25 10:13:27,233 Time out DX-Y.NYB
2023-03-25 10:13:27,458 read GLD from av [ 2023-03-24 20:00:00 to 2023-02-24 04:15:00 ]
2023-03-25 10:13:28,731 read UUP from av [ 2023-03-24 17:00:00 to 2023-02-27 05:55:00 ]
2023-03-25 10:13:29,816 read SHY from av [ 2023-03-24 19:40:00 to 2023-02-27 04:40:00 ]
2023-03-25 10:13:30,817 read SHV from av [ 2023-03-24 19:30:00 to 2023-02-27 06:05:00 ]
2023-03-25 10:13:32,039 read IEF from av [ 2023-03-24 17:00:00 to 2023-02-27 05:40:00 ]
2023-03-25 10:19:32,947 Time out ^IRX
2023-03-25 10:25:33,655 Time out ^FVX
2023-03-25 10:31:34,183 Time out ^TYX
2023-03-25 10:31:34,434 read SQQQ from av [ 2023-03-24 20:00:00 to 2023-02-24 04:05:00 ]
2023-03-25 10:31:34,992 read TQQQ from av [ 2023-03-24 20:00:00 to 2023-02-24 04:05:00 ]
2023-03-25 10:37:35,846 Time out ^VXX
2023-03-25 10:43:36,387 Time out ^VXZ
2023-03-25 10:43:37,518 read IYE from av [ 2023-03-24 16:00:00 to 2023-02-27 09:35:00 ]
2023-03-25 10:43:38,291 read IYY from av [ 2023-03-24 16:00:00 to 2023-02-27 09:35:00 ]
2023-03-25 10:43:39,024 read IYF from av [ 2023-03-24 16:00:00 to 2023-02-27 09:35:00 ]
2023-03-25 10:43:40,028 read IYR from av [ 2023-03-24 17:10:00 to 2023-02-27 08:25:00 ]
2023-03-25 10:43:40,941 read IYW from av [ 2023-03-24 16:05:00 to 2023-02-27 09:35:00 ]
2023-03-25 10:43:41,728 read IYT from av [ 2023-03-24 16:00:00 to 2023-02-27 09:35:00 ]
2023-03-25 10:43:42,473 read PEJ from av [ 2023-03-24 16:00:00 to 2023-02-27 09:35:00 ]
2023-03-25 10:43:42,792 read USO from av [ 2023-03-24 19:40:00 to 2023-02-27 04:45:00 ]
2023-03-25 10:43:43,980 read DBC from av [ 2023-03-24 17:05:00 to 2023-02-27 04:25:00 ]
2023-03-25 10:43:44,996 read GSG from av [ 2023-03-24 16:00:00 to 2023-02-27 08:10:00 ]
2023-03-25 10:43:45,274 read VTI from av [ 2023-03-24 16:25:00 to 2023-02-27 07:05:00 ]
2023-03-25 10:49:46,128 Time out ^RUT
2023-03-25 10:49:47,113 read FDN from av [ 2023-03-24 16:00:00 to 2023-02-27 09:35:00 ]
2023-03-25 10:49:47,452 read XLV from av [ 2023-03-24 17:10:00 to 2023-02-27 04:05:00 ]
2023-03-25 10:49:48,610 read IBB from av [ 2023-03-24 19:20:00 to 2023-02-27 07:05:00 ]
2023-03-25 10:49:50,160 read KRE from av [ 2023-03-24 20:00:00 to 2023-02-27 08:05:00 ]
2023-03-25 10:49:51,633 read KBE from av [ 2023-03-24 19:50:00 to 2023-02-27 07:50:00 ]
2023-03-25 10:49:52,009 read XLF from av [ 2023-03-24 20:00:00 to 2023-02-27 04:35:00 ]
2023-03-25 10:49:52,517 read XLP from av [ 2023-03-24 17:10:00 to 2023-02-27 07:05:00 ]
2023-03-25 10:49:52,958 read XLY from av [ 2023-03-24 17:50:00 to 2023-02-27 07:05:00 ]
2023-03-25 10:49:54,024 read VNQ from av [ 2023-03-24 16:20:00 to 2023-02-27 08:05:00 ]
2023-03-25 10:49:54,391 read XLB from av [ 2023-03-24 17:00:00 to 2023-02-27 06:40:00 ]
2023-03-25 10:49:54,906 read XLI from av [ 2023-03-24 17:15:00 to 2023-02-27 06:10:00 ]
2023-03-25 10:49:56,346 read KBWB from av [ 2023-03-24 18:25:00 to 2023-02-27 09:35:00 ]
2023-03-25 10:55:57,245 Time out TVIX
2023-03-25 11:01:58,001 Time out ^VVIX
2023-03-25 11:01:58,592 read VIXM from av [ 2023-03-24 16:00:00 to 2023-02-27 07:05:00 ]
2023-03-25 11:02:00,048 read VIXY from av [ 2023-03-24 20:00:00 to 2023-02-27 04:05:00 ]
2023-03-25 11:02:00,519 read VXX from av [ 2023-03-24 19:10:00 to 2023-02-24 04:10:00 ]
2023-03-25 11:02:01,835 read SVXY from av [ 2023-03-24 17:05:00 to 2023-02-27 06:10:00 ]
2023-03-25 11:02:03,906 read UVXY from av [ 2023-03-24 20:00:00 to 2023-02-27 04:05:00 ]
2023-03-25 11:02:04,567 read VIXY from av [ 2023-03-24 20:00:00 to 2023-02-27 04:05:00 ]
