2023-09-02 09:01:08,520 read QQQ from av [ 2023-09-01 19:55:00 to 2023-08-11 04:00:00 ]
2023-09-02 09:07:10,155 Time out ^VIX
2023-09-02 09:07:11,118 read FAS from av [ 2023-09-01 20:00:00 to 2023-08-11 04:00:00 ]
2023-09-02 09:07:11,990 read MIDU from av [ 2023-09-01 20:00:00 to 2023-08-11 04:10:00 ]
2023-09-02 09:07:12,377 read AAPL from av [ 2023-09-01 19:55:00 to 2023-08-11 04:00:00 ]
2023-09-02 09:07:13,116 read GOOG from av [ 2023-09-01 19:55:00 to 2023-08-11 04:00:00 ]
2023-09-02 09:13:14,260 Time out ^GSPC
2023-09-02 09:19:14,935 Time out ^DJI
2023-09-02 09:25:15,591 Time out ^TNX
2023-09-02 09:25:16,559 read MSFT from av [ 2023-09-01 19:55:00 to 2023-08-11 04:00:00 ]
2023-09-02 09:31:18,254 Time out ^VXGOG
2023-09-02 09:37:19,668 Time out ^VXAPL
2023-09-02 09:43:20,581 Time out ^VXGS
2023-09-02 09:49:21,972 Time out ^VXAZN
2023-09-02 09:55:23,053 Time out ^VXIBM
2023-09-02 09:55:23,248 read GS from av [ 2023-09-01 19:55:00 to 2023-08-11 04:00:00 ]
2023-09-02 09:55:23,727 read IBM from av [ 2023-09-01 19:55:00 to 2023-08-11 04:00:00 ]
2023-09-02 10:01:24,725 Time out FB
2023-09-02 10:07:25,731 Time out ^TYVIX
2023-09-02 10:07:26,067 read SPY from av [ 2023-09-01 20:00:00 to 2023-08-11 04:00:00 ]
2023-09-02 10:07:26,819 read GOOGL from av [ 2023-09-01 19:55:00 to 2023-08-11 04:00:00 ]
2023-09-02 10:07:27,520 read JPM from av [ 2023-09-01 19:55:00 to 2023-08-11 04:20:00 ]
2023-09-02 10:07:28,111 read JNJ from av [ 2023-09-01 19:55:00 to 2023-08-11 04:00:00 ]
2023-09-02 10:07:28,669 read BAC from av [ 2023-09-01 19:55:00 to 2023-08-11 04:00:00 ]
2023-09-02 10:07:29,273 read V from av [ 2023-09-01 19:55:00 to 2023-08-11 04:00:00 ]
2023-09-02 10:07:29,796 read WFC from av [ 2023-09-01 19:55:00 to 2023-08-11 04:30:00 ]
2023-09-02 10:07:30,300 read MA from av [ 2023-09-01 19:55:00 to 2023-08-11 04:05:00 ]
2023-09-02 10:07:30,815 read C from av [ 2023-09-01 19:55:00 to 2023-08-11 04:00:00 ]
2023-09-02 10:07:31,396 read PYPL from av [ 2023-09-01 19:55:00 to 2023-08-11 04:00:00 ]
2023-09-02 10:13:32,862 Time out OIL
2023-09-02 10:19:33,556 Time out DX-Y.NYB
2023-09-02 10:19:33,817 read GLD from av [ 2023-09-01 20:00:00 to 2023-08-11 04:00:00 ]
2023-09-02 10:19:34,992 read UUP from av [ 2023-09-01 20:00:00 to 2023-08-11 07:40:00 ]
2023-09-02 10:19:35,484 read SHY from av [ 2023-09-01 19:30:00 to 2023-08-11 04:00:00 ]
2023-09-02 10:19:36,814 read SHV from av [ 2023-09-01 19:55:00 to 2023-08-11 04:10:00 ]
2023-09-02 10:19:37,323 read IEF from av [ 2023-09-01 17:40:00 to 2023-08-11 04:00:00 ]
2023-09-02 10:25:38,341 Time out ^IRX
2023-09-02 10:31:39,160 Time out ^FVX
2023-09-02 10:37:39,937 Time out ^TYX
2023-09-02 10:37:40,233 read SQQQ from av [ 2023-09-01 19:55:00 to 2023-08-11 04:00:00 ]
2023-09-02 10:37:40,978 read TQQQ from av [ 2023-09-01 19:55:00 to 2023-08-11 04:00:00 ]
2023-09-02 10:43:42,400 Time out ^VXX
2023-09-02 10:49:43,908 Time out ^VXZ
2023-09-02 10:49:44,712 read IYE from av [ 2023-09-01 20:00:00 to 2023-08-11 08:00:00 ]
2023-09-02 10:49:45,489 read IYY from av [ 2023-09-01 20:00:00 to 2023-08-11 08:00:00 ]
2023-09-02 10:49:46,362 read IYF from av [ 2023-09-01 20:00:00 to 2023-08-11 06:40:00 ]
2023-09-02 10:49:46,785 read IYR from av [ 2023-09-01 20:00:00 to 2023-08-11 05:30:00 ]
2023-09-02 10:49:47,848 read IYW from av [ 2023-09-01 20:00:00 to 2023-08-11 07:00:00 ]
2023-09-02 10:49:48,778 read IYT from av [ 2023-09-01 20:00:00 to 2023-08-11 08:00:00 ]
2023-09-02 10:49:49,535 read PEJ from av [ 2023-09-01 20:00:00 to 2023-08-11 08:00:00 ]
2023-09-02 10:49:49,977 read USO from av [ 2023-09-01 20:00:00 to 2023-08-11 04:25:00 ]
2023-09-02 10:49:51,136 read DBC from av [ 2023-09-01 20:00:00 to 2023-08-11 04:40:00 ]
2023-09-02 10:49:52,192 read GSG from av [ 2023-09-01 20:00:00 to 2023-08-11 09:30:00 ]
2023-09-02 10:49:52,600 read VTI from av [ 2023-09-01 20:00:00 to 2023-08-11 04:00:00 ]
2023-09-02 10:55:53,505 Time out ^RUT
2023-09-02 10:55:53,722 read FDN from av [ 2023-09-01 20:00:00 to 2023-08-11 07:20:00 ]
2023-09-02 10:55:54,269 read XLV from av [ 2023-09-01 20:00:00 to 2023-08-11 04:35:00 ]
2023-09-02 10:55:55,357 read IBB from av [ 2023-09-01 17:20:00 to 2023-08-11 06:45:00 ]
2023-09-02 10:55:56,503 read KRE from av [ 2023-09-01 20:00:00 to 2023-08-11 04:40:00 ]
2023-09-02 10:55:57,697 read KBE from av [ 2023-09-01 20:00:00 to 2023-08-11 08:30:00 ]
2023-09-02 10:55:58,153 read XLF from av [ 2023-09-01 20:00:00 to 2023-08-11 04:10:00 ]
2023-09-02 10:55:58,728 read XLP from av [ 2023-09-01 20:00:00 to 2023-08-11 05:10:00 ]
2023-09-02 10:55:59,191 read XLY from av [ 2023-09-01 20:00:00 to 2023-08-11 04:00:00 ]
2023-09-02 10:55:59,697 read VNQ from av [ 2023-09-01 20:00:00 to 2023-08-11 04:30:00 ]
2023-09-02 10:56:00,165 read XLB from av [ 2023-09-01 20:00:00 to 2023-08-11 07:00:00 ]
2023-09-02 10:56:01,527 read XLI from av [ 2023-09-01 20:00:00 to 2023-08-11 07:00:00 ]
2023-09-02 10:56:02,773 read KBWB from av [ 2023-09-01 17:50:00 to 2023-08-11 09:10:00 ]
2023-09-02 11:02:08,490 Time out TVIX
2023-09-02 11:08:10,452 Time out ^VVIX
2023-09-02 11:08:11,150 read VIXM from av [ 2023-09-01 20:00:00 to 2023-08-11 08:20:00 ]
2023-09-02 11:08:11,537 read VIXY from av [ 2023-09-01 20:00:00 to 2023-08-11 04:05:00 ]
2023-09-02 11:08:12,129 read VXX from av [ 2023-09-01 20:00:00 to 2023-08-11 04:05:00 ]
2023-09-02 11:08:12,706 read SVXY from av [ 2023-09-01 20:00:00 to 2023-08-11 04:00:00 ]
2023-09-02 11:08:13,276 read UVXY from av [ 2023-09-01 20:00:00 to 2023-08-11 04:00:00 ]
2023-09-02 11:08:13,896 read VIXY from av [ 2023-09-01 20:00:00 to 2023-08-11 04:05:00 ]
