2023-04-29 09:01:08,104 read QQQ from av [ 2023-04-28 20:00:00 to 2023-03-31 04:05:00 ]
2023-04-29 09:07:09,185 Time out ^VIX
2023-04-29 09:07:09,396 read FAS from av [ 2023-04-28 19:50:00 to 2023-04-03 04:05:00 ]
2023-04-29 09:07:09,905 read MIDU from av [ 2023-04-28 16:05:00 to 2023-04-03 07:20:00 ]
2023-04-29 09:07:10,220 read AAPL from av [ 2023-04-28 20:00:00 to 2023-03-31 04:05:00 ]
2023-04-29 09:07:10,885 read GOOG from av [ 2023-04-28 20:00:00 to 2023-03-31 04:05:00 ]
2023-04-29 09:13:11,799 Time out ^GSPC
2023-04-29 09:19:12,427 Time out ^DJI
2023-04-29 09:25:13,160 Time out ^TNX
2023-04-29 09:25:13,397 read MSFT from av [ 2023-04-28 20:00:00 to 2023-03-31 04:05:00 ]
2023-04-29 09:31:14,339 Time out ^VXGOG
2023-04-29 09:37:15,000 Time out ^VXAPL
2023-04-29 09:43:15,603 Time out ^VXGS
2023-04-29 09:49:16,248 Time out ^VXAZN
2023-04-29 09:55:16,873 Time out ^VXIBM
2023-04-29 09:55:17,086 read GS from av [ 2023-04-28 20:00:00 to 2023-04-03 04:10:00 ]
2023-04-29 09:55:17,459 read IBM from av [ 2023-04-28 20:00:00 to 2023-03-31 07:10:00 ]
2023-04-29 10:01:18,292 Time out FB
2023-04-29 10:07:18,915 Time out ^TYVIX
2023-04-29 10:07:19,201 read SPY from av [ 2023-04-28 20:00:00 to 2023-03-31 04:05:00 ]
2023-04-29 10:07:20,072 read GOOGL from av [ 2023-04-28 20:00:00 to 2023-03-31 04:05:00 ]
2023-04-29 10:07:20,793 read JPM from av [ 2023-04-28 20:00:00 to 2023-04-03 04:05:00 ]
2023-04-29 10:07:21,210 read JNJ from av [ 2023-04-28 19:55:00 to 2023-03-31 05:50:00 ]
2023-04-29 10:07:21,671 read BAC from av [ 2023-04-28 20:00:00 to 2023-03-31 04:05:00 ]
2023-04-29 10:07:22,107 read V from av [ 2023-04-28 17:10:00 to 2023-03-31 08:05:00 ]
2023-04-29 10:07:22,483 read WFC from av [ 2023-04-28 19:50:00 to 2023-04-03 04:25:00 ]
2023-04-29 10:07:23,065 read MA from av [ 2023-04-28 19:40:00 to 2023-04-03 07:50:00 ]
2023-04-29 10:07:23,483 read C from av [ 2023-04-28 19:55:00 to 2023-04-03 04:05:00 ]
2023-04-29 10:07:24,029 read PYPL from av [ 2023-04-28 20:00:00 to 2023-04-03 04:15:00 ]
2023-04-29 10:07:24,570 read OIL from av [ 2023-04-28 19:55:00 to 2023-04-03 04:05:00 ]
2023-04-29 10:13:25,409 Time out DX-Y.NYB
2023-04-29 10:13:25,885 read GLD from av [ 2023-04-28 19:05:00 to 2023-03-31 04:05:00 ]
2023-04-29 10:13:26,297 read UUP from av [ 2023-04-28 16:50:00 to 2023-04-03 07:55:00 ]
2023-04-29 10:13:27,663 read SHY from av [ 2023-04-28 20:00:00 to 2023-04-03 04:05:00 ]
2023-04-29 10:13:28,918 read SHV from av [ 2023-04-28 17:10:00 to 2023-04-03 04:05:00 ]
2023-04-29 10:13:29,272 read IEF from av [ 2023-04-28 17:40:00 to 2023-04-03 04:05:00 ]
2023-04-29 10:19:30,056 Time out ^IRX
2023-04-29 10:25:30,681 Time out ^FVX
2023-04-29 10:31:31,223 Time out ^TYX
2023-04-29 10:31:31,532 read SQQQ from av [ 2023-04-28 20:00:00 to 2023-03-31 04:05:00 ]
2023-04-29 10:31:32,416 read TQQQ from av [ 2023-04-28 20:00:00 to 2023-03-31 04:05:00 ]
2023-04-29 10:37:33,465 Time out ^VXX
2023-04-29 10:43:34,187 Time out ^VXZ
2023-04-29 10:43:35,330 read IYE from av [ 2023-04-28 16:00:00 to 2023-04-03 07:10:00 ]
2023-04-29 10:43:36,097 read IYY from av [ 2023-04-28 16:00:00 to 2023-04-03 09:35:00 ]
2023-04-29 10:43:36,764 read IYF from av [ 2023-04-28 16:00:00 to 2023-04-03 09:35:00 ]
2023-04-29 10:43:37,844 read IYR from av [ 2023-04-28 18:40:00 to 2023-04-03 09:25:00 ]
2023-04-29 10:43:38,771 read IYW from av [ 2023-04-28 17:55:00 to 2023-04-03 09:35:00 ]
2023-04-29 10:43:39,131 read IYT from av [ 2023-04-28 16:00:00 to 2023-04-03 09:35:00 ]
2023-04-29 10:43:39,463 read PEJ from av [ 2023-04-28 16:00:00 to 2023-04-03 09:35:00 ]
2023-04-29 10:43:39,915 read USO from av [ 2023-04-28 18:45:00 to 2023-04-03 04:05:00 ]
2023-04-29 10:43:40,944 read DBC from av [ 2023-04-28 16:10:00 to 2023-04-03 04:05:00 ]
2023-04-29 10:43:42,022 read GSG from av [ 2023-04-28 16:00:00 to 2023-04-03 07:10:00 ]
2023-04-29 10:43:42,345 read VTI from av [ 2023-04-28 18:05:00 to 2023-03-31 08:40:00 ]
2023-04-29 10:49:43,262 Time out ^RUT
2023-04-29 10:49:43,572 read FDN from av [ 2023-04-28 16:05:00 to 2023-04-03 09:35:00 ]
2023-04-29 10:49:44,127 read XLV from av [ 2023-04-28 17:40:00 to 2023-04-03 05:40:00 ]
2023-04-29 10:49:44,536 read IBB from av [ 2023-04-28 19:00:00 to 2023-04-03 08:05:00 ]
2023-04-29 10:49:45,084 read KRE from av [ 2023-04-28 19:55:00 to 2023-04-03 04:30:00 ]
2023-04-29 10:49:46,248 read KBE from av [ 2023-04-28 19:10:00 to 2023-04-03 06:30:00 ]
2023-04-29 10:49:46,637 read XLF from av [ 2023-04-28 20:00:00 to 2023-03-31 04:05:00 ]
2023-04-29 10:49:47,270 read XLP from av [ 2023-04-28 18:45:00 to 2023-04-03 07:05:00 ]
2023-04-29 10:49:47,815 read XLY from av [ 2023-04-28 16:35:00 to 2023-04-03 06:20:00 ]
2023-04-29 10:49:48,164 read VNQ from av [ 2023-04-28 16:05:00 to 2023-04-03 06:25:00 ]
2023-04-29 10:49:48,574 read XLB from av [ 2023-04-28 19:35:00 to 2023-04-03 08:00:00 ]
2023-04-29 10:49:48,910 read XLI from av [ 2023-04-28 18:35:00 to 2023-04-03 06:15:00 ]
2023-04-29 10:49:49,409 read KBWB from av [ 2023-04-28 17:55:00 to 2023-04-03 05:10:00 ]
2023-04-29 10:55:50,633 Time out TVIX
2023-04-29 11:01:51,256 Time out ^VVIX
2023-04-29 11:01:51,459 read VIXM from av [ 2023-04-28 16:00:00 to 2023-04-03 09:35:00 ]
2023-04-29 11:01:52,865 read VIXY from av [ 2023-04-28 20:00:00 to 2023-04-03 04:05:00 ]
2023-04-29 11:01:53,531 read VXX from av [ 2023-04-28 20:00:00 to 2023-03-31 04:50:00 ]
2023-04-29 11:01:54,717 read SVXY from av [ 2023-04-28 16:15:00 to 2023-04-03 04:05:00 ]
2023-04-29 11:01:56,794 read UVXY from av [ 2023-04-28 20:00:00 to 2023-04-03 04:05:00 ]
2023-04-29 11:01:57,478 read VIXY from av [ 2023-04-28 20:00:00 to 2023-04-03 04:05:00 ]
