2023-10-14 06:01:09,059 read QQQ from av [ 2023-10-13 19:55:00 to 2023-09-22 04:00:00 ]
2023-10-14 06:07:11,621 Time out ^VIX
2023-10-14 06:07:12,575 read FAS from av [ 2023-10-13 20:00:00 to 2023-09-22 04:00:00 ]
2023-10-14 06:07:12,804 read MIDU from av [ 2023-10-13 20:00:00 to 2023-09-22 04:05:00 ]
2023-10-14 06:07:13,256 read AAPL from av [ 2023-10-13 19:55:00 to 2023-09-22 04:00:00 ]
2023-10-14 06:07:13,558 read GOOG from av [ 2023-10-13 19:55:00 to 2023-09-22 04:00:00 ]
2023-10-14 06:13:14,245 Time out ^GSPC
2023-10-14 06:19:15,550 Time out ^DJI
2023-10-14 06:25:16,304 Time out ^TNX
2023-10-14 06:25:16,589 read MSFT from av [ 2023-10-13 19:55:00 to 2023-09-22 04:00:00 ]
2023-10-14 06:31:17,290 Time out ^VXGOG
2023-10-14 06:37:18,079 Time out ^VXAPL
2023-10-14 06:43:18,877 Time out ^VXGS
2023-10-14 06:49:19,619 Time out ^VXAZN
2023-10-14 06:55:20,283 Time out ^VXIBM
2023-10-14 06:55:20,526 read GS from av [ 2023-10-13 19:50:00 to 2023-09-22 04:00:00 ]
2023-10-14 06:55:20,822 read IBM from av [ 2023-10-13 19:55:00 to 2023-09-22 04:00:00 ]
2023-10-14 07:01:22,267 Time out FB
2023-10-14 07:07:22,918 Time out ^TYVIX
2023-10-14 07:07:23,183 read SPY from av [ 2023-10-13 20:00:00 to 2023-09-22 04:00:00 ]
2023-10-14 07:07:23,539 read GOOGL from av [ 2023-10-13 19:55:00 to 2023-09-22 04:00:00 ]
2023-10-14 07:07:23,853 read JPM from av [ 2023-10-13 19:55:00 to 2023-09-22 04:00:00 ]
2023-10-14 07:07:24,162 read JNJ from av [ 2023-10-13 19:55:00 to 2023-09-22 04:00:00 ]
2023-10-14 07:07:24,468 read BAC from av [ 2023-10-13 19:55:00 to 2023-09-22 04:00:00 ]
2023-10-14 07:07:24,712 read V from av [ 2023-10-13 19:55:00 to 2023-09-22 04:00:00 ]
2023-10-14 07:07:24,997 read WFC from av [ 2023-10-13 19:55:00 to 2023-09-22 04:10:00 ]
2023-10-14 07:07:25,280 read MA from av [ 2023-10-13 19:55:00 to 2023-09-22 04:55:00 ]
2023-10-14 07:07:25,591 read C from av [ 2023-10-13 19:55:00 to 2023-09-22 04:00:00 ]
2023-10-14 07:07:25,921 read PYPL from av [ 2023-10-13 19:55:00 to 2023-09-22 04:00:00 ]
2023-10-14 07:13:26,721 Time out OIL
2023-10-14 07:19:27,489 Time out DX-Y.NYB
2023-10-14 07:19:27,757 read GLD from av [ 2023-10-13 20:00:00 to 2023-09-22 04:00:00 ]
2023-10-14 07:19:28,620 read UUP from av [ 2023-10-13 20:00:00 to 2023-09-22 05:20:00 ]
2023-10-14 07:19:29,449 read SHY from av [ 2023-10-13 18:30:00 to 2023-09-22 04:00:00 ]
2023-10-14 07:19:30,378 read SHV from av [ 2023-10-13 19:55:00 to 2023-09-22 04:00:00 ]
2023-10-14 07:19:31,265 read IEF from av [ 2023-10-13 19:20:00 to 2023-09-22 04:00:00 ]
2023-10-14 07:25:31,984 Time out ^IRX
2023-10-14 07:31:32,755 Time out ^FVX
2023-10-14 07:37:33,554 Time out ^TYX
2023-10-14 07:37:33,911 read SQQQ from av [ 2023-10-13 19:55:00 to 2023-09-22 04:00:00 ]
2023-10-14 07:37:34,274 read TQQQ from av [ 2023-10-13 19:55:00 to 2023-09-22 04:00:00 ]
2023-10-14 07:43:35,050 Time out ^VXX
2023-10-14 07:49:35,604 Time out ^VXZ
2023-10-14 07:49:36,487 read IYE from av [ 2023-10-13 20:00:00 to 2023-09-22 08:00:00 ]
2023-10-14 07:49:37,041 read IYY from av [ 2023-10-13 20:00:00 to 2023-09-22 08:00:00 ]
2023-10-14 07:49:37,732 read IYF from av [ 2023-10-13 20:00:00 to 2023-09-22 08:00:00 ]
2023-10-14 07:49:38,544 read IYR from av [ 2023-10-13 20:00:00 to 2023-09-22 07:40:00 ]
2023-10-14 07:49:39,307 read IYW from av [ 2023-10-13 20:00:00 to 2023-09-22 08:00:00 ]
2023-10-14 07:49:40,012 read IYT from av [ 2023-10-13 20:00:00 to 2023-09-22 08:00:00 ]
2023-10-14 07:49:40,592 read PEJ from av [ 2023-10-13 20:00:00 to 2023-09-22 08:00:00 ]
2023-10-14 07:49:41,044 read USO from av [ 2023-10-13 20:00:00 to 2023-09-22 04:00:00 ]
2023-10-14 07:49:41,813 read DBC from av [ 2023-10-13 20:00:00 to 2023-09-22 05:00:00 ]
2023-10-14 07:49:42,556 read GSG from av [ 2023-10-13 20:00:00 to 2023-09-22 08:25:00 ]
2023-10-14 07:49:42,812 read VTI from av [ 2023-10-13 20:00:00 to 2023-09-22 04:00:00 ]
2023-10-14 07:55:43,589 Time out ^RUT
2023-10-14 07:55:44,405 read FDN from av [ 2023-10-13 20:00:00 to 2023-09-22 08:25:00 ]
2023-10-14 07:55:44,743 read XLV from av [ 2023-10-13 20:00:00 to 2023-09-22 04:00:00 ]
2023-10-14 07:55:45,731 read IBB from av [ 2023-10-13 19:40:00 to 2023-09-22 04:50:00 ]
2023-10-14 07:55:46,717 read KRE from av [ 2023-10-13 20:00:00 to 2023-09-22 04:05:00 ]
2023-10-14 07:55:47,456 read KBE from av [ 2023-10-13 20:00:00 to 2023-09-22 08:00:00 ]
2023-10-14 07:55:47,751 read XLF from av [ 2023-10-13 20:00:00 to 2023-09-22 04:00:00 ]
2023-10-14 07:55:48,062 read XLP from av [ 2023-10-13 20:00:00 to 2023-09-22 04:00:00 ]
2023-10-14 07:55:48,316 read XLY from av [ 2023-10-13 20:00:00 to 2023-09-22 06:55:00 ]
2023-10-14 07:55:49,239 read VNQ from av [ 2023-10-13 20:00:00 to 2023-09-22 04:00:00 ]
2023-10-14 07:55:49,645 read XLB from av [ 2023-10-13 20:00:00 to 2023-09-22 04:35:00 ]
2023-10-14 07:55:50,084 read XLI from av [ 2023-10-13 20:00:00 to 2023-09-22 04:30:00 ]
2023-10-14 07:55:50,791 read KBWB from av [ 2023-10-13 17:30:00 to 2023-09-22 06:45:00 ]
2023-10-14 08:01:51,873 Time out TVIX
2023-10-14 08:07:52,681 Time out ^VVIX
2023-10-14 08:07:53,235 read VIXM from av [ 2023-10-13 20:00:00 to 2023-09-22 07:15:00 ]
2023-10-14 08:07:54,333 read VIXY from av [ 2023-10-13 20:00:00 to 2023-09-22 04:00:00 ]
2023-10-14 08:07:54,666 read VXX from av [ 2023-10-13 20:00:00 to 2023-09-22 04:00:00 ]
2023-10-14 08:07:55,668 read SVXY from av [ 2023-10-13 20:00:00 to 2023-09-22 04:00:00 ]
2023-10-14 08:07:56,851 read UVXY from av [ 2023-10-13 20:00:00 to 2023-09-22 04:00:00 ]
2023-10-14 08:07:57,118 read VIXY from av [ 2023-10-13 20:00:00 to 2023-09-22 04:00:00 ]
