2023-08-12 09:01:10,229 read QQQ from av [ 2023-08-11 19:55:00 to 2023-07-14 04:00:00 ]
2023-08-12 09:07:11,468 Time out ^VIX
2023-08-12 09:07:11,759 read FAS from av [ 2023-08-11 20:00:00 to 2023-07-14 04:00:00 ]
2023-08-12 09:07:12,195 read MIDU from av [ 2023-08-11 20:00:00 to 2023-07-14 04:20:00 ]
2023-08-12 09:07:12,573 read AAPL from av [ 2023-08-11 19:55:00 to 2023-07-14 04:00:00 ]
2023-08-12 09:07:13,306 read GOOG from av [ 2023-08-11 19:55:00 to 2023-07-14 04:00:00 ]
2023-08-12 09:13:14,499 Time out ^GSPC
2023-08-12 09:19:15,254 Time out ^DJI
2023-08-12 09:25:17,484 Time out ^TNX
2023-08-12 09:25:18,223 read MSFT from av [ 2023-08-11 19:55:00 to 2023-07-14 04:00:00 ]
2023-08-12 09:31:19,292 Time out ^VXGOG
2023-08-12 09:37:20,017 Time out ^VXAPL
2023-08-12 09:43:22,119 Time out ^VXGS
2023-08-12 09:49:23,381 Time out ^VXAZN
2023-08-12 09:55:24,142 Time out ^VXIBM
2023-08-12 09:55:24,371 read GS from av [ 2023-08-11 19:55:00 to 2023-07-14 04:00:00 ]
2023-08-12 09:55:24,925 read IBM from av [ 2023-08-11 19:55:00 to 2023-07-14 04:00:00 ]
2023-08-12 10:01:26,018 Time out FB
2023-08-12 10:07:26,688 Time out ^TYVIX
2023-08-12 10:07:27,017 read SPY from av [ 2023-08-11 20:00:00 to 2023-07-14 04:00:00 ]
2023-08-12 10:07:27,770 read GOOGL from av [ 2023-08-11 19:55:00 to 2023-07-14 04:00:00 ]
2023-08-12 10:07:28,481 read JPM from av [ 2023-08-11 19:55:00 to 2023-07-14 04:00:00 ]
2023-08-12 10:07:29,060 read JNJ from av [ 2023-08-11 19:55:00 to 2023-07-14 04:05:00 ]
2023-08-12 10:07:29,692 read BAC from av [ 2023-08-11 19:55:00 to 2023-07-14 04:00:00 ]
2023-08-12 10:07:30,311 read V from av [ 2023-08-11 19:55:00 to 2023-07-14 04:00:00 ]
2023-08-12 10:07:30,937 read WFC from av [ 2023-08-11 19:45:00 to 2023-07-14 04:00:00 ]
2023-08-12 10:07:31,563 read MA from av [ 2023-08-11 19:55:00 to 2023-07-14 04:00:00 ]
2023-08-12 10:07:32,084 read C from av [ 2023-08-11 19:55:00 to 2023-07-14 04:00:00 ]
2023-08-12 10:07:32,704 read PYPL from av [ 2023-08-11 19:55:00 to 2023-07-14 04:00:00 ]
2023-08-12 10:13:33,853 Time out OIL
2023-08-12 10:19:34,529 Time out DX-Y.NYB
2023-08-12 10:19:34,778 read GLD from av [ 2023-08-11 20:00:00 to 2023-07-14 04:00:00 ]
2023-08-12 10:19:35,355 read UUP from av [ 2023-08-11 20:00:00 to 2023-07-14 07:05:00 ]
2023-08-12 10:19:35,909 read SHY from av [ 2023-08-11 19:35:00 to 2023-07-14 04:30:00 ]
2023-08-12 10:19:36,576 read SHV from av [ 2023-08-11 19:55:00 to 2023-07-14 06:05:00 ]
2023-08-12 10:19:39,686 read IEF from av [ 2023-08-11 19:45:00 to 2023-07-14 04:30:00 ]
2023-08-12 10:25:40,708 Time out ^IRX
2023-08-12 10:31:41,354 Time out ^FVX
2023-08-12 10:37:42,130 Time out ^TYX
2023-08-12 10:37:42,487 read SQQQ from av [ 2023-08-11 19:55:00 to 2023-07-14 04:00:00 ]
2023-08-12 10:37:43,234 read TQQQ from av [ 2023-08-11 19:55:00 to 2023-07-14 04:00:00 ]
2023-08-12 10:43:44,288 Time out ^VXX
2023-08-12 10:49:44,928 Time out ^VXZ
2023-08-12 10:49:45,113 read IYE from av [ 2023-08-11 20:00:00 to 2023-07-14 08:00:00 ]
2023-08-12 10:49:45,519 read IYY from av [ 2023-08-11 20:00:00 to 2023-07-14 09:10:00 ]
2023-08-12 10:49:45,849 read IYF from av [ 2023-08-11 20:00:00 to 2023-07-14 08:00:00 ]
2023-08-12 10:49:46,278 read IYR from av [ 2023-08-11 20:00:00 to 2023-07-14 08:00:00 ]
2023-08-12 10:49:46,722 read IYW from av [ 2023-08-11 20:00:00 to 2023-07-14 07:55:00 ]
2023-08-12 10:49:47,157 read IYT from av [ 2023-08-11 20:00:00 to 2023-07-14 08:00:00 ]
2023-08-12 10:49:47,561 read PEJ from av [ 2023-08-11 20:00:00 to 2023-07-14 09:25:00 ]
2023-08-12 10:49:48,016 read USO from av [ 2023-08-11 20:00:00 to 2023-07-14 04:00:00 ]
2023-08-12 10:49:48,537 read DBC from av [ 2023-08-11 20:00:00 to 2023-07-14 04:00:00 ]
2023-08-12 10:51:49,107 read GSG from av [ 2023-08-11 20:00:00 to 2023-07-14 07:55:00 ]
2023-08-12 10:51:49,597 read VTI from av [ 2023-08-11 20:00:00 to 2023-07-14 04:00:00 ]
2023-08-12 10:57:50,586 Time out ^RUT
2023-08-12 10:57:50,813 read FDN from av [ 2023-08-11 20:00:00 to 2023-07-14 07:05:00 ]
2023-08-12 10:57:51,256 read XLV from av [ 2023-08-11 20:00:00 to 2023-07-14 04:20:00 ]
2023-08-12 10:57:51,727 read IBB from av [ 2023-08-11 19:00:00 to 2023-07-14 07:00:00 ]
2023-08-12 10:57:52,209 read KRE from av [ 2023-08-11 20:00:00 to 2023-07-14 04:00:00 ]
2023-08-12 10:57:52,727 read KBE from av [ 2023-08-11 20:00:00 to 2023-07-14 06:55:00 ]
2023-08-12 10:57:53,194 read XLF from av [ 2023-08-11 20:00:00 to 2023-07-14 04:00:00 ]
2023-08-12 10:57:53,812 read XLP from av [ 2023-08-11 20:00:00 to 2023-07-14 04:10:00 ]
2023-08-12 10:57:54,316 read XLY from av [ 2023-08-11 20:00:00 to 2023-07-14 04:45:00 ]
2023-08-12 10:57:54,826 read VNQ from av [ 2023-08-11 20:00:00 to 2023-07-14 05:00:00 ]
2023-08-12 10:57:55,347 read XLB from av [ 2023-08-11 20:00:00 to 2023-07-14 07:00:00 ]
2023-08-12 10:57:55,833 read XLI from av [ 2023-08-11 20:00:00 to 2023-07-14 06:05:00 ]
2023-08-12 10:57:56,307 read KBWB from av [ 2023-08-11 16:55:00 to 2023-07-14 04:55:00 ]
2023-08-12 11:03:57,787 Time out TVIX
2023-08-12 11:09:58,555 Time out ^VVIX
2023-08-12 11:09:58,762 read VIXM from av [ 2023-08-11 20:00:00 to 2023-07-14 08:00:00 ]
2023-08-12 11:09:59,198 read VIXY from av [ 2023-08-11 20:00:00 to 2023-07-14 04:00:00 ]
2023-08-12 11:09:59,791 read VXX from av [ 2023-08-11 20:00:00 to 2023-07-14 04:05:00 ]
2023-08-12 11:10:00,368 read SVXY from av [ 2023-08-11 20:00:00 to 2023-07-14 04:00:00 ]
2023-08-12 11:10:01,924 read UVXY from av [ 2023-08-11 20:00:00 to 2023-07-14 04:00:00 ]
2023-08-12 11:10:03,735 read VIXY from av [ 2023-08-11 20:00:00 to 2023-07-14 04:00:00 ]
