2023-10-21 06:01:11,489 read QQQ from av [ 2023-10-20 19:55:00 to 2023-09-29 04:00:00 ]
2023-10-21 06:07:14,075 Time out ^VIX
2023-10-21 06:07:14,331 read FAS from av [ 2023-10-20 20:00:00 to 2023-09-29 04:10:00 ]
2023-10-21 06:07:14,986 read MIDU from av [ 2023-10-20 20:00:00 to 2023-09-29 07:10:00 ]
2023-10-21 06:07:15,275 read AAPL from av [ 2023-10-20 19:55:00 to 2023-09-29 04:00:00 ]
2023-10-21 06:07:15,621 read GOOG from av [ 2023-10-20 19:55:00 to 2023-09-29 04:00:00 ]
2023-10-21 06:13:16,462 Time out ^GSPC
2023-10-21 06:19:17,211 Time out ^DJI
2023-10-21 06:25:17,829 Time out ^TNX
2023-10-21 06:25:18,100 read MSFT from av [ 2023-10-20 19:55:00 to 2023-09-29 04:00:00 ]
2023-10-21 06:31:18,836 Time out ^VXGOG
2023-10-21 06:37:19,529 Time out ^VXAPL
2023-10-21 06:43:20,203 Time out ^VXGS
2023-10-21 06:49:22,513 Time out ^VXAZN
2023-10-21 06:55:23,130 Time out ^VXIBM
2023-10-21 06:55:23,337 read GS from av [ 2023-10-20 19:55:00 to 2023-09-29 04:45:00 ]
2023-10-21 06:55:23,621 read IBM from av [ 2023-10-20 19:55:00 to 2023-09-29 04:00:00 ]
2023-10-21 07:01:24,281 Time out FB
2023-10-21 07:07:25,357 Time out ^TYVIX
2023-10-21 07:07:25,629 read SPY from av [ 2023-10-20 20:00:00 to 2023-09-29 04:00:00 ]
2023-10-21 07:07:25,948 read GOOGL from av [ 2023-10-20 19:55:00 to 2023-09-29 04:00:00 ]
2023-10-21 07:07:26,261 read JPM from av [ 2023-10-20 19:55:00 to 2023-09-29 04:00:00 ]
2023-10-21 07:07:26,572 read JNJ from av [ 2023-10-20 19:55:00 to 2023-09-29 04:00:00 ]
2023-10-21 07:07:26,893 read BAC from av [ 2023-10-20 19:55:00 to 2023-09-29 04:00:00 ]
2023-10-21 07:07:27,192 read V from av [ 2023-10-20 19:55:00 to 2023-09-29 04:00:00 ]
2023-10-21 07:07:27,523 read WFC from av [ 2023-10-20 19:50:00 to 2023-09-29 04:25:00 ]
2023-10-21 07:07:27,771 read MA from av [ 2023-10-20 19:55:00 to 2023-09-29 04:00:00 ]
2023-10-21 07:07:28,086 read C from av [ 2023-10-20 19:55:00 to 2023-09-29 04:00:00 ]
2023-10-21 07:07:28,436 read PYPL from av [ 2023-10-20 19:55:00 to 2023-09-29 04:00:00 ]
2023-10-21 07:13:30,007 Time out OIL
2023-10-21 07:19:30,861 Time out DX-Y.NYB
2023-10-21 07:19:31,130 read GLD from av [ 2023-10-20 20:00:00 to 2023-09-29 04:00:00 ]
2023-10-21 07:19:32,077 read UUP from av [ 2023-10-20 20:00:00 to 2023-09-29 06:05:00 ]
2023-10-21 07:19:32,405 read SHY from av [ 2023-10-20 19:05:00 to 2023-09-29 04:00:00 ]
2023-10-21 07:19:32,727 read SHV from av [ 2023-10-20 19:45:00 to 2023-09-29 04:00:00 ]
2023-10-21 07:19:33,008 read IEF from av [ 2023-10-20 19:55:00 to 2023-09-29 04:00:00 ]
2023-10-21 07:25:33,807 Time out ^IRX
2023-10-21 07:31:34,447 Time out ^FVX
2023-10-21 07:37:35,183 Time out ^TYX
2023-10-21 07:37:35,502 read SQQQ from av [ 2023-10-20 19:55:00 to 2023-09-29 04:00:00 ]
2023-10-21 07:37:35,873 read TQQQ from av [ 2023-10-20 19:55:00 to 2023-09-29 04:00:00 ]
2023-10-21 07:43:36,626 Time out ^VXX
2023-10-21 07:49:37,270 Time out ^VXZ
2023-10-21 07:49:37,527 read IYE from av [ 2023-10-20 20:00:00 to 2023-09-29 08:00:00 ]
2023-10-21 07:49:37,787 read IYY from av [ 2023-10-20 20:00:00 to 2023-09-29 08:00:00 ]
2023-10-21 07:49:38,097 read IYF from av [ 2023-10-20 20:00:00 to 2023-09-29 08:00:00 ]
2023-10-21 07:49:38,403 read IYR from av [ 2023-10-20 20:00:00 to 2023-09-29 08:00:00 ]
2023-10-21 07:49:38,731 read IYW from av [ 2023-10-20 20:00:00 to 2023-09-29 07:55:00 ]
2023-10-21 07:49:39,059 read IYT from av [ 2023-10-20 20:00:00 to 2023-09-29 08:00:00 ]
2023-10-21 07:49:39,302 read PEJ from av [ 2023-10-20 20:00:00 to 2023-09-29 08:00:00 ]
2023-10-21 07:49:39,659 read USO from av [ 2023-10-20 20:00:00 to 2023-09-29 04:05:00 ]
2023-10-21 07:49:39,930 read DBC from av [ 2023-10-20 20:00:00 to 2023-09-29 05:40:00 ]
2023-10-21 07:49:40,222 read GSG from av [ 2023-10-20 20:00:00 to 2023-09-29 08:00:00 ]
2023-10-21 07:49:40,511 read VTI from av [ 2023-10-20 20:00:00 to 2023-09-29 04:00:00 ]
2023-10-21 07:55:41,273 Time out ^RUT
2023-10-21 07:55:41,511 read FDN from av [ 2023-10-20 20:00:00 to 2023-09-29 08:20:00 ]
2023-10-21 07:55:41,749 read XLV from av [ 2023-10-20 20:00:00 to 2023-09-29 04:00:00 ]
2023-10-21 07:55:42,014 read IBB from av [ 2023-10-20 16:55:00 to 2023-09-29 08:00:00 ]
2023-10-21 07:55:42,321 read KRE from av [ 2023-10-20 20:00:00 to 2023-09-29 04:00:00 ]
2023-10-21 07:55:42,632 read KBE from av [ 2023-10-20 20:00:00 to 2023-09-29 08:00:00 ]
2023-10-21 07:55:42,932 read XLF from av [ 2023-10-20 20:00:00 to 2023-09-29 04:00:00 ]
2023-10-21 07:55:43,229 read XLP from av [ 2023-10-20 20:00:00 to 2023-09-29 04:00:00 ]
2023-10-21 07:55:43,522 read XLY from av [ 2023-10-20 20:00:00 to 2023-09-29 04:00:00 ]
2023-10-21 07:55:43,837 read VNQ from av [ 2023-10-20 20:00:00 to 2023-09-29 05:35:00 ]
2023-10-21 07:55:44,089 read XLB from av [ 2023-10-20 20:00:00 to 2023-09-29 06:45:00 ]
2023-10-21 07:55:44,369 read XLI from av [ 2023-10-20 20:00:00 to 2023-09-29 05:05:00 ]
2023-10-21 07:55:44,624 read KBWB from av [ 2023-10-20 19:35:00 to 2023-09-29 08:00:00 ]
2023-10-21 08:01:45,839 Time out TVIX
2023-10-21 08:07:46,510 Time out ^VVIX
2023-10-21 08:07:46,751 read VIXM from av [ 2023-10-20 20:00:00 to 2023-09-29 07:00:00 ]
2023-10-21 08:07:47,089 read VIXY from av [ 2023-10-20 20:00:00 to 2023-09-29 04:00:00 ]
2023-10-21 08:07:47,426 read VXX from av [ 2023-10-20 20:00:00 to 2023-09-29 04:00:00 ]
2023-10-21 08:07:47,777 read SVXY from av [ 2023-10-20 20:00:00 to 2023-09-29 04:00:00 ]
2023-10-21 08:07:48,098 read UVXY from av [ 2023-10-20 20:00:00 to 2023-09-29 04:00:00 ]
2023-10-21 08:07:48,381 read VIXY from av [ 2023-10-20 20:00:00 to 2023-09-29 04:00:00 ]
