2023-12-02 07:01:08,098 read QQQ from av [ 2023-12-01 19:55:00 to 2023-11-10 04:00:00 ]
2023-12-02 07:07:11,076 Time out ^VIX
2023-12-02 07:07:11,992 read FAS from av [ 2023-12-01 20:00:00 to 2023-11-10 04:05:00 ]
2023-12-02 07:07:12,633 read MIDU from av [ 2023-12-01 20:00:00 to 2023-11-10 08:00:00 ]
2023-12-02 07:07:12,908 read AAPL from av [ 2023-12-01 19:55:00 to 2023-11-10 04:00:00 ]
2023-12-02 07:07:13,250 read GOOG from av [ 2023-12-01 19:55:00 to 2023-11-10 04:00:00 ]
2023-12-02 07:13:13,984 Time out ^GSPC
2023-12-02 07:19:14,655 Time out ^DJI
2023-12-02 07:25:15,468 Time out ^TNX
2023-12-02 07:25:15,727 read MSFT from av [ 2023-12-01 19:55:00 to 2023-11-10 04:00:00 ]
2023-12-02 07:31:16,544 Time out ^VXGOG
2023-12-02 07:37:17,285 Time out ^VXAPL
2023-12-02 07:43:17,994 Time out ^VXGS
2023-12-02 07:49:19,130 Time out ^VXAZN
2023-12-02 07:55:19,873 Time out ^VXIBM
2023-12-02 07:55:20,077 read GS from av [ 2023-12-01 19:55:00 to 2023-11-10 04:00:00 ]
2023-12-02 07:55:20,375 read IBM from av [ 2023-12-01 19:55:00 to 2023-11-10 04:00:00 ]
2023-12-02 08:01:21,171 Time out FB
2023-12-02 08:07:21,908 Time out ^TYVIX
2023-12-02 08:07:22,111 read SPY from av [ 2023-12-01 20:00:00 to 2023-11-10 04:00:00 ]
2023-12-02 08:07:22,428 read GOOGL from av [ 2023-12-01 19:55:00 to 2023-11-10 04:00:00 ]
2023-12-02 08:07:22,752 read JPM from av [ 2023-12-01 19:55:00 to 2023-11-10 04:00:00 ]
2023-12-02 08:07:23,066 read JNJ from av [ 2023-12-01 19:55:00 to 2023-11-10 04:00:00 ]
2023-12-02 08:07:23,380 read BAC from av [ 2023-12-01 19:55:00 to 2023-11-10 04:00:00 ]
2023-12-02 08:07:23,695 read V from av [ 2023-12-01 19:55:00 to 2023-11-10 04:00:00 ]
2023-12-02 08:07:23,985 read WFC from av [ 2023-12-01 19:55:00 to 2023-11-10 04:00:00 ]
2023-12-02 08:07:24,270 read MA from av [ 2023-12-01 19:55:00 to 2023-11-10 04:00:00 ]
2023-12-02 08:07:24,581 read C from av [ 2023-12-01 19:55:00 to 2023-11-10 04:00:00 ]
2023-12-02 08:07:25,018 read PYPL from av [ 2023-12-01 19:55:00 to 2023-11-10 04:00:00 ]
2023-12-02 08:13:26,181 Time out OIL
2023-12-02 08:19:26,987 Time out DX-Y.NYB
2023-12-02 08:19:27,239 read GLD from av [ 2023-12-01 20:00:00 to 2023-11-10 04:00:00 ]
2023-12-02 08:19:28,104 read UUP from av [ 2023-12-01 20:00:00 to 2023-11-10 07:55:00 ]
2023-12-02 08:19:28,998 read SHY from av [ 2023-12-01 19:30:00 to 2023-11-10 04:00:00 ]
2023-12-02 08:19:29,952 read SHV from av [ 2023-12-01 19:35:00 to 2023-11-10 04:00:00 ]
2023-12-02 08:19:30,831 read IEF from av [ 2023-12-01 19:35:00 to 2023-11-10 04:10:00 ]
2023-12-02 08:25:31,635 Time out ^IRX
2023-12-02 08:31:32,363 Time out ^FVX
2023-12-02 08:37:33,092 Time out ^TYX
2023-12-02 08:37:33,428 read SQQQ from av [ 2023-12-01 19:55:00 to 2023-11-10 04:00:00 ]
2023-12-02 08:37:33,887 read TQQQ from av [ 2023-12-01 19:55:00 to 2023-11-10 04:00:00 ]
2023-12-02 08:43:34,685 Time out ^VXX
2023-12-02 08:49:35,344 Time out ^VXZ
2023-12-02 08:49:35,984 read IYE from av [ 2023-12-01 20:00:00 to 2023-11-10 08:00:00 ]
2023-12-02 08:49:36,507 read IYY from av [ 2023-12-01 20:00:00 to 2023-11-10 09:30:00 ]
2023-12-02 08:49:37,120 read IYF from av [ 2023-12-01 20:00:00 to 2023-11-10 08:00:00 ]
2023-12-02 08:49:37,843 read IYR from av [ 2023-12-01 20:00:00 to 2023-11-10 08:05:00 ]
2023-12-02 08:49:38,605 read IYW from av [ 2023-12-01 20:00:00 to 2023-11-10 05:15:00 ]
2023-12-02 08:49:39,285 read IYT from av [ 2023-12-01 20:00:00 to 2023-11-10 09:30:00 ]
2023-12-02 08:49:39,838 read PEJ from av [ 2023-12-01 20:00:00 to 2023-11-10 07:30:00 ]
2023-12-02 08:49:40,137 read USO from av [ 2023-12-01 20:00:00 to 2023-11-10 04:00:00 ]
2023-12-02 08:49:40,926 read DBC from av [ 2023-12-01 20:00:00 to 2023-11-10 07:55:00 ]
2023-12-02 08:49:41,650 read GSG from av [ 2023-12-01 20:00:00 to 2023-11-10 08:15:00 ]
2023-12-02 08:49:41,957 read VTI from av [ 2023-12-01 20:00:00 to 2023-11-10 04:00:00 ]
2023-12-02 08:55:42,868 Time out ^RUT
2023-12-02 08:55:43,486 read FDN from av [ 2023-12-01 20:00:00 to 2023-11-10 08:00:00 ]
2023-12-02 08:55:43,755 read XLV from av [ 2023-12-01 20:00:00 to 2023-11-10 04:15:00 ]
2023-12-02 08:55:44,554 read IBB from av [ 2023-12-01 19:50:00 to 2023-11-10 07:10:00 ]
2023-12-02 08:55:45,478 read KRE from av [ 2023-12-01 20:00:00 to 2023-11-10 04:00:00 ]
2023-12-02 08:55:46,261 read KBE from av [ 2023-12-01 20:00:00 to 2023-11-10 07:40:00 ]
2023-12-02 08:55:46,546 read XLF from av [ 2023-12-01 20:00:00 to 2023-11-10 04:00:00 ]
2023-12-02 08:55:46,861 read XLP from av [ 2023-12-01 20:00:00 to 2023-11-10 04:05:00 ]
2023-12-02 08:55:47,143 read XLY from av [ 2023-12-01 20:00:00 to 2023-11-10 04:15:00 ]
2023-12-02 08:55:47,988 read VNQ from av [ 2023-12-01 20:00:00 to 2023-11-10 04:00:00 ]
2023-12-02 08:55:48,250 read XLB from av [ 2023-12-01 20:00:00 to 2023-11-10 04:00:00 ]
2023-12-02 08:55:48,533 read XLI from av [ 2023-12-01 20:00:00 to 2023-11-10 04:10:00 ]
2023-12-02 08:55:49,237 read KBWB from av [ 2023-12-01 19:45:00 to 2023-11-10 08:00:00 ]
2023-12-02 09:01:50,269 Time out TVIX
2023-12-02 09:07:50,963 Time out ^VVIX
2023-12-02 09:07:51,531 read VIXM from av [ 2023-12-01 20:00:00 to 2023-11-10 07:15:00 ]
2023-12-02 09:07:52,401 read VIXY from av [ 2023-12-01 20:00:00 to 2023-11-10 04:10:00 ]
2023-12-02 09:07:52,731 read VXX from av [ 2023-12-01 20:00:00 to 2023-11-10 04:00:00 ]
2023-12-02 09:07:53,590 read SVXY from av [ 2023-12-01 20:00:00 to 2023-11-10 04:00:00 ]
2023-12-02 09:07:53,914 read UVXY from av [ 2023-12-01 20:00:00 to 2023-11-10 04:00:00 ]
2023-12-02 09:07:54,219 read VIXY from av [ 2023-12-01 20:00:00 to 2023-11-10 04:10:00 ]
