2023-08-26 09:01:10,636 read QQQ from av [ 2023-08-25 19:55:00 to 2023-07-28 04:00:00 ]
2023-08-26 09:07:11,869 Time out ^VIX
2023-08-26 09:07:13,284 read FAS from av [ 2023-08-25 20:00:00 to 2023-07-28 04:15:00 ]
2023-08-26 09:07:14,216 read MIDU from av [ 2023-08-25 20:00:00 to 2023-07-28 05:30:00 ]
2023-08-26 09:07:14,593 read AAPL from av [ 2023-08-25 19:55:00 to 2023-07-28 04:00:00 ]
2023-08-26 09:07:15,356 read GOOG from av [ 2023-08-25 19:55:00 to 2023-07-28 04:00:00 ]
2023-08-26 09:13:16,387 Time out ^GSPC
2023-08-26 09:19:17,168 Time out ^DJI
2023-08-26 09:25:17,868 Time out ^TNX
2023-08-26 09:25:18,167 read MSFT from av [ 2023-08-25 19:55:00 to 2023-07-28 04:00:00 ]
2023-08-26 09:31:19,311 Time out ^VXGOG
2023-08-26 09:37:20,035 Time out ^VXAPL
2023-08-26 09:43:20,659 Time out ^VXGS
2023-08-26 09:49:21,931 Time out ^VXAZN
2023-08-26 09:55:22,525 Time out ^VXIBM
2023-08-26 09:55:22,781 read GS from av [ 2023-08-25 19:55:00 to 2023-07-28 04:00:00 ]
2023-08-26 09:55:23,278 read IBM from av [ 2023-08-25 19:55:00 to 2023-07-28 04:00:00 ]
2023-08-26 10:01:24,306 Time out FB
2023-08-26 10:07:25,080 Time out ^TYVIX
2023-08-26 10:07:25,362 read SPY from av [ 2023-08-25 20:00:00 to 2023-07-28 04:00:00 ]
2023-08-26 10:07:26,112 read GOOGL from av [ 2023-08-25 19:55:00 to 2023-07-28 04:00:00 ]
2023-08-26 10:07:26,824 read JPM from av [ 2023-08-25 19:55:00 to 2023-07-28 04:00:00 ]
2023-08-26 10:07:27,408 read JNJ from av [ 2023-08-25 19:55:00 to 2023-07-28 04:00:00 ]
2023-08-26 10:07:27,983 read BAC from av [ 2023-08-25 19:55:00 to 2023-07-28 04:00:00 ]
2023-08-26 10:07:28,601 read V from av [ 2023-08-25 19:55:00 to 2023-07-28 04:00:00 ]
2023-08-26 10:07:29,132 read WFC from av [ 2023-08-25 19:55:00 to 2023-07-28 04:10:00 ]
2023-08-26 10:07:29,682 read MA from av [ 2023-08-25 19:50:00 to 2023-07-28 05:10:00 ]
2023-08-26 10:07:30,220 read C from av [ 2023-08-25 19:55:00 to 2023-07-28 04:00:00 ]
2023-08-26 10:07:30,899 read PYPL from av [ 2023-08-25 19:55:00 to 2023-07-28 04:00:00 ]
2023-08-26 10:13:34,612 Time out OIL
2023-08-26 10:19:35,434 Time out DX-Y.NYB
2023-08-26 10:19:35,725 read GLD from av [ 2023-08-25 20:00:00 to 2023-07-28 04:00:00 ]
2023-08-26 10:19:37,105 read UUP from av [ 2023-08-25 20:00:00 to 2023-07-28 06:40:00 ]
2023-08-26 10:19:38,586 read SHY from av [ 2023-08-25 19:55:00 to 2023-07-28 06:15:00 ]
2023-08-26 10:19:40,159 read SHV from av [ 2023-08-25 19:30:00 to 2023-07-28 04:05:00 ]
2023-08-26 10:19:41,771 read IEF from av [ 2023-08-25 19:55:00 to 2023-07-28 05:45:00 ]
2023-08-26 10:25:42,699 Time out ^IRX
2023-08-26 10:31:43,365 Time out ^FVX
2023-08-26 10:37:44,060 Time out ^TYX
2023-08-26 10:37:44,462 read SQQQ from av [ 2023-08-25 19:55:00 to 2023-07-28 04:00:00 ]
2023-08-26 10:37:45,321 read TQQQ from av [ 2023-08-25 19:55:00 to 2023-07-28 04:00:00 ]
2023-08-26 10:43:46,408 Time out ^VXX
2023-08-26 10:49:47,105 Time out ^VXZ
2023-08-26 10:49:47,988 read IYE from av [ 2023-08-25 20:00:00 to 2023-07-28 08:00:00 ]
2023-08-26 10:49:48,820 read IYY from av [ 2023-08-25 20:00:00 to 2023-07-28 09:30:00 ]
2023-08-26 10:49:49,861 read IYF from av [ 2023-08-25 20:00:00 to 2023-07-28 08:00:00 ]
2023-08-26 10:49:51,154 read IYR from av [ 2023-08-25 20:00:00 to 2023-07-28 08:00:00 ]
2023-08-26 10:49:52,394 read IYW from av [ 2023-08-25 20:00:00 to 2023-07-28 07:00:00 ]
2023-08-26 10:49:52,810 read IYT from av [ 2023-08-25 20:00:00 to 2023-07-28 07:20:00 ]
2023-08-26 10:49:53,765 read PEJ from av [ 2023-08-25 20:00:00 to 2023-07-28 08:00:00 ]
2023-08-26 10:49:54,198 read USO from av [ 2023-08-25 20:00:00 to 2023-07-28 04:15:00 ]
2023-08-26 10:49:55,476 read DBC from av [ 2023-08-25 20:00:00 to 2023-07-28 04:20:00 ]
2023-08-26 10:49:56,624 read GSG from av [ 2023-08-25 20:00:00 to 2023-07-28 06:00:00 ]
2023-08-26 10:49:57,121 read VTI from av [ 2023-08-25 20:00:00 to 2023-07-28 04:00:00 ]
2023-08-26 10:55:58,141 Time out ^RUT
2023-08-26 10:55:59,018 read FDN from av [ 2023-08-25 20:00:00 to 2023-07-28 08:45:00 ]
2023-08-26 10:55:59,540 read XLV from av [ 2023-08-25 20:00:00 to 2023-07-28 06:10:00 ]
2023-08-26 10:56:00,829 read IBB from av [ 2023-08-25 16:35:00 to 2023-07-28 07:15:00 ]
2023-08-26 10:56:04,381 read KRE from av [ 2023-08-25 20:00:00 to 2023-07-28 04:00:00 ]
2023-08-26 10:56:07,854 read KBE from av [ 2023-08-25 20:00:00 to 2023-07-28 04:00:00 ]
2023-08-26 10:56:09,777 read XLF from av [ 2023-08-25 20:00:00 to 2023-07-28 04:00:00 ]
2023-08-26 10:56:11,188 read XLP from av [ 2023-08-25 20:00:00 to 2023-07-28 05:45:00 ]
2023-08-26 10:56:12,125 read XLY from av [ 2023-08-25 20:00:00 to 2023-07-28 04:30:00 ]
2023-08-26 10:56:13,899 read VNQ from av [ 2023-08-25 20:00:00 to 2023-07-28 04:00:00 ]
2023-08-26 10:56:14,390 read XLB from av [ 2023-08-25 20:00:00 to 2023-07-28 07:05:00 ]
2023-08-26 10:56:14,902 read XLI from av [ 2023-08-25 20:00:00 to 2023-07-28 05:05:00 ]
2023-08-26 10:56:16,168 read KBWB from av [ 2023-08-25 18:25:00 to 2023-07-28 05:45:00 ]
2023-08-26 11:02:20,179 Time out TVIX
2023-08-26 11:08:22,004 Time out ^VVIX
2023-08-26 11:08:23,304 read VIXM from av [ 2023-08-25 20:00:00 to 2023-07-28 08:35:00 ]
2023-08-26 11:08:23,974 read VIXY from av [ 2023-08-25 20:00:00 to 2023-07-28 04:00:00 ]
2023-08-26 11:08:24,701 read VXX from av [ 2023-08-25 20:00:00 to 2023-07-28 04:00:00 ]
2023-08-26 11:08:25,332 read SVXY from av [ 2023-08-25 20:00:00 to 2023-07-28 04:00:00 ]
2023-08-26 11:08:26,083 read UVXY from av [ 2023-08-25 20:00:00 to 2023-07-28 04:00:00 ]
2023-08-26 11:08:26,738 read VIXY from av [ 2023-08-25 20:00:00 to 2023-07-28 04:00:00 ]
