2023-12-23 07:01:10,245 read QQQ from av [ 2023-12-22 19:55:00 to 2023-12-01 04:00:00 ]
2023-12-23 07:07:12,706 Time out ^VIX
2023-12-23 07:07:15,869 read FAS from av [ 2023-12-22 20:00:00 to 2023-12-01 04:00:00 ]
2023-12-23 07:07:23,600 read MIDU from av [ 2023-12-22 20:00:00 to 2023-12-01 05:30:00 ]
2023-12-23 07:07:29,356 read AAPL from av [ 2023-12-22 19:55:00 to 2023-12-01 04:00:00 ]
2023-12-23 07:07:29,701 read GOOG from av [ 2023-12-22 19:55:00 to 2023-12-01 04:00:00 ]
2023-12-23 07:13:30,545 Time out ^GSPC
2023-12-23 07:19:31,213 Time out ^DJI
2023-12-23 07:25:31,858 Time out ^TNX
2023-12-23 07:25:32,089 read MSFT from av [ 2023-12-22 19:55:00 to 2023-12-01 04:00:00 ]
2023-12-23 07:31:32,861 Time out ^VXGOG
2023-12-23 07:37:33,489 Time out ^VXAPL
2023-12-23 07:43:34,082 Time out ^VXGS
2023-12-23 07:49:34,667 Time out ^VXAZN
2023-12-23 07:55:35,424 Time out ^VXIBM
2023-12-23 07:55:35,636 read GS from av [ 2023-12-22 19:25:00 to 2023-12-01 04:00:00 ]
2023-12-23 07:55:35,944 read IBM from av [ 2023-12-22 19:55:00 to 2023-12-01 04:00:00 ]
2023-12-23 08:01:36,658 Time out FB
2023-12-23 08:07:37,335 Time out ^TYVIX
2023-12-23 08:07:37,578 read SPY from av [ 2023-12-22 20:00:00 to 2023-12-01 04:00:00 ]
2023-12-23 08:07:37,909 read GOOGL from av [ 2023-12-22 19:55:00 to 2023-12-01 04:00:00 ]
2023-12-23 08:07:38,240 read JPM from av [ 2023-12-22 19:55:00 to 2023-12-01 04:00:00 ]
2023-12-23 08:07:38,636 read JNJ from av [ 2023-12-22 19:55:00 to 2023-12-01 04:00:00 ]
2023-12-23 08:07:38,970 read BAC from av [ 2023-12-22 19:55:00 to 2023-12-01 04:00:00 ]
2023-12-23 08:07:39,301 read V from av [ 2023-12-22 19:55:00 to 2023-12-01 04:00:00 ]
2023-12-23 08:07:39,613 read WFC from av [ 2023-12-22 19:55:00 to 2023-12-01 04:00:00 ]
2023-12-23 08:07:39,910 read MA from av [ 2023-12-22 19:50:00 to 2023-12-01 04:00:00 ]
2023-12-23 08:07:40,224 read C from av [ 2023-12-22 19:55:00 to 2023-12-01 04:00:00 ]
2023-12-23 08:07:40,544 read PYPL from av [ 2023-12-22 19:55:00 to 2023-12-01 04:00:00 ]
2023-12-23 08:13:42,249 Time out OIL
2023-12-23 08:19:43,042 Time out DX-Y.NYB
2023-12-23 08:19:43,274 read GLD from av [ 2023-12-22 20:00:00 to 2023-12-01 04:00:00 ]
2023-12-23 08:19:43,551 read UUP from av [ 2023-12-22 20:00:00 to 2023-12-01 04:10:00 ]
2023-12-23 08:19:43,769 read SHY from av [ 2023-12-22 19:20:00 to 2023-12-01 04:00:00 ]
2023-12-23 08:19:44,798 read SHV from av [ 2023-12-22 18:40:00 to 2023-12-01 04:00:00 ]
2023-12-23 08:19:45,099 read IEF from av [ 2023-12-22 19:20:00 to 2023-12-01 04:25:00 ]
2023-12-23 08:25:45,789 Time out ^IRX
2023-12-23 08:31:46,482 Time out ^FVX
2023-12-23 08:37:47,102 Time out ^TYX
2023-12-23 08:37:47,421 read SQQQ from av [ 2023-12-22 19:55:00 to 2023-12-01 04:00:00 ]
2023-12-23 08:37:47,826 read TQQQ from av [ 2023-12-22 19:55:00 to 2023-12-01 04:00:00 ]
2023-12-23 08:43:48,483 Time out ^VXX
2023-12-23 08:49:49,123 Time out ^VXZ
2023-12-23 08:49:49,923 read IYE from av [ 2023-12-22 20:00:00 to 2023-12-01 07:55:00 ]
2023-12-23 08:49:50,514 read IYY from av [ 2023-12-22 20:00:00 to 2023-12-01 08:45:00 ]
2023-12-23 08:49:51,141 read IYF from av [ 2023-12-22 20:00:00 to 2023-12-01 09:30:00 ]
2023-12-23 08:49:51,893 read IYR from av [ 2023-12-22 20:00:00 to 2023-12-01 07:05:00 ]
2023-12-23 08:49:52,724 read IYW from av [ 2023-12-22 20:00:00 to 2023-12-01 07:45:00 ]
2023-12-23 08:49:53,369 read IYT from av [ 2023-12-22 20:00:00 to 2023-12-01 08:00:00 ]
2023-12-23 08:49:53,964 read PEJ from av [ 2023-12-22 20:00:00 to 2023-12-01 09:25:00 ]
2023-12-23 08:49:54,242 read USO from av [ 2023-12-22 20:00:00 to 2023-12-01 04:00:00 ]
2023-12-23 08:49:54,522 read DBC from av [ 2023-12-22 20:00:00 to 2023-12-01 04:00:00 ]
2023-12-23 08:49:54,738 read GSG from av [ 2023-12-22 20:00:00 to 2023-12-01 07:55:00 ]
2023-12-23 08:49:55,023 read VTI from av [ 2023-12-22 20:00:00 to 2023-12-01 04:00:00 ]
2023-12-23 08:55:55,819 Time out ^RUT
2023-12-23 08:55:57,510 read FDN from av [ 2023-12-22 20:00:00 to 2023-12-01 08:35:00 ]
2023-12-23 08:55:57,779 read XLV from av [ 2023-12-22 20:00:00 to 2023-12-01 04:00:00 ]
2023-12-23 08:55:58,558 read IBB from av [ 2023-12-22 19:55:00 to 2023-12-01 07:00:00 ]
2023-12-23 08:55:59,544 read KRE from av [ 2023-12-22 20:00:00 to 2023-12-01 06:50:00 ]
2023-12-23 08:56:00,390 read KBE from av [ 2023-12-22 20:00:00 to 2023-12-01 07:35:00 ]
2023-12-23 08:56:00,656 read XLF from av [ 2023-12-22 20:00:00 to 2023-12-01 04:00:00 ]
2023-12-23 08:56:00,949 read XLP from av [ 2023-12-22 20:00:00 to 2023-12-01 05:30:00 ]
2023-12-23 08:56:01,735 read XLY from av [ 2023-12-22 20:00:00 to 2023-12-01 06:40:00 ]
2023-12-23 08:56:02,361 read VNQ from av [ 2023-12-22 20:00:00 to 2023-12-01 04:00:00 ]
2023-12-23 08:56:04,833 read XLB from av [ 2023-12-22 20:00:00 to 2023-12-01 04:20:00 ]
2023-12-23 08:56:09,444 read XLI from av [ 2023-12-22 20:00:00 to 2023-12-01 06:35:00 ]
2023-12-23 08:56:10,309 read KBWB from av [ 2023-12-22 16:05:00 to 2023-12-01 08:55:00 ]
2023-12-23 09:02:11,616 Time out TVIX
2023-12-23 09:08:14,117 Time out ^VVIX
2023-12-23 09:08:14,735 read VIXM from av [ 2023-12-22 20:00:00 to 2023-12-01 04:00:00 ]
2023-12-23 09:08:15,705 read VIXY from av [ 2023-12-22 20:00:00 to 2023-12-01 04:00:00 ]
2023-12-23 09:08:16,006 read VXX from av [ 2023-12-22 20:00:00 to 2023-12-01 04:00:00 ]
2023-12-23 09:08:16,925 read SVXY from av [ 2023-12-22 20:00:00 to 2023-12-01 04:00:00 ]
2023-12-23 09:08:17,231 read UVXY from av [ 2023-12-22 20:00:00 to 2023-12-01 04:00:00 ]
2023-12-23 09:08:17,540 read VIXY from av [ 2023-12-22 20:00:00 to 2023-12-01 04:00:00 ]
