2023-07-08 09:01:09,114 read QQQ from av [ 2023-07-07 19:55:00 to 2023-06-09 04:00:00 ]
2023-07-08 09:07:10,502 Time out ^VIX
2023-07-08 09:07:10,859 read FAS from av [ 2023-07-07 20:00:00 to 2023-06-09 04:00:00 ]
2023-07-08 09:07:11,326 read MIDU from av [ 2023-07-07 20:00:00 to 2023-06-09 05:05:00 ]
2023-07-08 09:07:11,942 read AAPL from av [ 2023-07-07 19:55:00 to 2023-06-09 04:00:00 ]
2023-07-08 09:07:12,709 read GOOG from av [ 2023-07-07 19:55:00 to 2023-06-09 04:00:00 ]
2023-07-08 09:13:13,914 Time out ^GSPC
2023-07-08 09:19:14,677 Time out ^DJI
2023-07-08 09:25:15,286 Time out ^TNX
2023-07-08 09:25:15,566 read MSFT from av [ 2023-07-07 19:55:00 to 2023-06-09 04:00:00 ]
2023-07-08 09:31:16,819 Time out ^VXGOG
2023-07-08 09:37:17,587 Time out ^VXAPL
2023-07-08 09:43:18,341 Time out ^VXGS
2023-07-08 09:49:19,321 Time out ^VXAZN
2023-07-08 09:55:20,117 Time out ^VXIBM
2023-07-08 09:55:20,523 read GS from av [ 2023-07-07 19:55:00 to 2023-06-09 04:00:00 ]
2023-07-08 09:55:21,040 read IBM from av [ 2023-07-07 19:55:00 to 2023-06-09 04:00:00 ]
2023-07-08 10:01:22,141 Time out FB
2023-07-08 10:07:22,819 Time out ^TYVIX
2023-07-08 10:07:23,102 read SPY from av [ 2023-07-07 20:00:00 to 2023-06-09 04:00:00 ]
2023-07-08 10:07:23,869 read GOOGL from av [ 2023-07-07 19:55:00 to 2023-06-09 04:00:00 ]
2023-07-08 10:07:24,500 read JPM from av [ 2023-07-07 19:55:00 to 2023-06-09 04:00:00 ]
2023-07-08 10:07:25,036 read JNJ from av [ 2023-07-07 19:55:00 to 2023-06-09 04:00:00 ]
2023-07-08 10:07:25,584 read BAC from av [ 2023-07-07 19:55:00 to 2023-06-09 04:00:00 ]
2023-07-08 10:07:26,182 read V from av [ 2023-07-07 19:55:00 to 2023-06-09 04:00:00 ]
2023-07-08 10:07:26,694 read WFC from av [ 2023-07-07 19:55:00 to 2023-06-09 05:50:00 ]
2023-07-08 10:07:27,263 read MA from av [ 2023-07-07 19:55:00 to 2023-06-09 04:00:00 ]
2023-07-08 10:07:27,808 read C from av [ 2023-07-07 19:55:00 to 2023-06-09 04:00:00 ]
2023-07-08 10:07:28,390 read PYPL from av [ 2023-07-07 19:55:00 to 2023-06-09 04:00:00 ]
2023-07-08 10:13:29,569 Time out OIL
2023-07-08 10:19:30,377 Time out DX-Y.NYB
2023-07-08 10:19:30,655 read GLD from av [ 2023-07-07 20:00:00 to 2023-06-09 04:00:00 ]
2023-07-08 10:19:31,196 read UUP from av [ 2023-07-07 20:00:00 to 2023-06-09 07:00:00 ]
2023-07-08 10:19:31,654 read SHY from av [ 2023-07-07 19:55:00 to 2023-06-09 06:00:00 ]
2023-07-08 10:19:32,156 read SHV from av [ 2023-07-07 19:55:00 to 2023-06-09 04:00:00 ]
2023-07-08 10:19:32,641 read IEF from av [ 2023-07-07 19:55:00 to 2023-06-09 04:10:00 ]
2023-07-08 10:25:33,595 Time out ^IRX
2023-07-08 10:31:34,385 Time out ^FVX
2023-07-08 10:37:35,137 Time out ^TYX
2023-07-08 10:37:35,454 read SQQQ from av [ 2023-07-07 19:55:00 to 2023-06-09 04:00:00 ]
2023-07-08 10:37:36,167 read TQQQ from av [ 2023-07-07 19:55:00 to 2023-06-09 04:00:00 ]
2023-07-08 10:43:37,295 Time out ^VXX
2023-07-08 10:49:38,430 Time out ^VXZ
2023-07-08 10:49:38,650 read IYE from av [ 2023-07-07 20:00:00 to 2023-06-09 08:00:00 ]
2023-07-08 10:49:39,004 read IYY from av [ 2023-07-07 20:00:00 to 2023-06-09 08:00:00 ]
2023-07-08 10:49:39,331 read IYF from av [ 2023-07-07 20:00:00 to 2023-06-09 08:45:00 ]
2023-07-08 10:49:39,756 read IYR from av [ 2023-07-07 20:00:00 to 2023-06-09 08:00:00 ]
2023-07-08 10:49:40,178 read IYW from av [ 2023-07-07 20:00:00 to 2023-06-09 08:00:00 ]
2023-07-08 10:49:40,583 read IYT from av [ 2023-07-07 20:00:00 to 2023-06-09 07:00:00 ]
2023-07-08 10:49:40,952 read PEJ from av [ 2023-07-07 20:00:00 to 2023-06-09 08:00:00 ]
2023-07-08 10:49:41,374 read USO from av [ 2023-07-07 20:00:00 to 2023-06-09 04:10:00 ]
2023-07-08 10:49:41,896 read DBC from av [ 2023-07-07 20:00:00 to 2023-06-09 08:00:00 ]
2023-07-08 10:49:42,283 read GSG from av [ 2023-07-07 20:00:00 to 2023-06-09 08:00:00 ]
2023-07-08 10:49:42,725 read VTI from av [ 2023-07-07 20:00:00 to 2023-06-09 04:00:00 ]
2023-07-08 10:55:43,682 Time out ^RUT
2023-07-08 10:55:43,922 read FDN from av [ 2023-07-07 20:00:00 to 2023-06-09 08:40:00 ]
2023-07-08 10:55:44,405 read XLV from av [ 2023-07-07 20:00:00 to 2023-06-09 04:15:00 ]
2023-07-08 10:55:44,865 read IBB from av [ 2023-07-07 19:20:00 to 2023-06-09 07:15:00 ]
2023-07-08 10:55:45,352 read KRE from av [ 2023-07-07 20:00:00 to 2023-06-09 04:45:00 ]
2023-07-08 10:55:45,854 read KBE from av [ 2023-07-07 20:00:00 to 2023-06-09 04:05:00 ]
2023-07-08 10:55:46,328 read XLF from av [ 2023-07-07 20:00:00 to 2023-06-09 04:00:00 ]
2023-07-08 10:55:46,879 read XLP from av [ 2023-07-07 20:00:00 to 2023-06-09 04:00:00 ]
2023-07-08 10:55:47,342 read XLY from av [ 2023-07-07 20:00:00 to 2023-06-09 04:50:00 ]
2023-07-08 10:55:47,811 read VNQ from av [ 2023-07-07 20:00:00 to 2023-06-09 04:00:00 ]
2023-07-08 10:55:48,263 read XLB from av [ 2023-07-07 20:00:00 to 2023-06-09 07:00:00 ]
2023-07-08 10:55:48,732 read XLI from av [ 2023-07-07 20:00:00 to 2023-06-09 04:50:00 ]
2023-07-08 10:55:49,437 read KBWB from av [ 2023-07-07 16:40:00 to 2023-06-09 08:35:00 ]
2023-07-08 11:01:51,266 Time out TVIX
2023-07-08 11:07:51,932 Time out ^VVIX
2023-07-08 11:07:52,142 read VIXM from av [ 2023-07-07 20:00:00 to 2023-06-09 07:05:00 ]
2023-07-08 11:07:52,556 read VIXY from av [ 2023-07-07 20:00:00 to 2023-06-09 04:00:00 ]
2023-07-08 11:07:53,140 read VXX from av [ 2023-07-07 20:00:00 to 2023-06-09 04:00:00 ]
2023-07-08 11:07:53,681 read SVXY from av [ 2023-07-07 20:00:00 to 2023-06-09 04:05:00 ]
2023-07-08 11:07:54,192 read UVXY from av [ 2023-07-07 20:00:00 to 2023-06-09 04:00:00 ]
2023-07-08 11:07:54,812 read VIXY from av [ 2023-07-07 20:00:00 to 2023-06-09 04:00:00 ]
