2023-08-05 09:01:09,020 read QQQ from av [ 2023-08-04 19:55:00 to 2023-07-07 04:00:00 ]
2023-08-05 09:07:10,553 Time out ^VIX
2023-08-05 09:07:11,875 read FAS from av [ 2023-08-04 20:00:00 to 2023-07-07 04:00:00 ]
2023-08-05 09:07:13,069 read MIDU from av [ 2023-08-04 20:00:00 to 2023-07-07 04:25:00 ]
2023-08-05 09:07:15,069 read AAPL from av [ 2023-08-04 19:55:00 to 2023-07-07 04:00:00 ]
2023-08-05 09:07:15,786 read GOOG from av [ 2023-08-04 19:55:00 to 2023-07-07 04:00:00 ]
2023-08-05 09:13:17,489 Time out ^GSPC
2023-08-05 09:19:18,144 Time out ^DJI
2023-08-05 09:25:18,886 Time out ^TNX
2023-08-05 09:25:19,169 read MSFT from av [ 2023-08-04 19:55:00 to 2023-07-07 04:00:00 ]
2023-08-05 09:31:20,764 Time out ^VXGOG
2023-08-05 09:37:22,219 Time out ^VXAPL
2023-08-05 09:43:22,944 Time out ^VXGS
2023-08-05 09:49:23,627 Time out ^VXAZN
2023-08-05 09:55:24,385 Time out ^VXIBM
2023-08-05 09:55:24,653 read GS from av [ 2023-08-04 19:55:00 to 2023-07-07 04:00:00 ]
2023-08-05 09:55:25,163 read IBM from av [ 2023-08-04 19:55:00 to 2023-07-07 04:00:00 ]
2023-08-05 10:01:26,189 Time out FB
2023-08-05 10:07:26,800 Time out ^TYVIX
2023-08-05 10:07:27,085 read SPY from av [ 2023-08-04 20:00:00 to 2023-07-07 04:00:00 ]
2023-08-05 10:07:27,917 read GOOGL from av [ 2023-08-04 19:55:00 to 2023-07-07 04:00:00 ]
2023-08-05 10:07:28,611 read JPM from av [ 2023-08-04 19:55:00 to 2023-07-07 04:00:00 ]
2023-08-05 10:07:29,204 read JNJ from av [ 2023-08-04 19:50:00 to 2023-07-07 04:00:00 ]
2023-08-05 10:07:29,767 read BAC from av [ 2023-08-04 19:55:00 to 2023-07-07 04:00:00 ]
2023-08-05 10:07:30,380 read V from av [ 2023-08-04 19:55:00 to 2023-07-07 04:00:00 ]
2023-08-05 10:07:30,897 read WFC from av [ 2023-08-04 19:55:00 to 2023-07-07 04:00:00 ]
2023-08-05 10:07:31,460 read MA from av [ 2023-08-04 19:45:00 to 2023-07-07 04:00:00 ]
2023-08-05 10:07:32,017 read C from av [ 2023-08-04 19:55:00 to 2023-07-07 04:00:00 ]
2023-08-05 10:07:32,632 read PYPL from av [ 2023-08-04 19:55:00 to 2023-07-07 04:00:00 ]
2023-08-05 10:13:34,064 Time out OIL
2023-08-05 10:19:34,663 Time out DX-Y.NYB
2023-08-05 10:19:34,917 read GLD from av [ 2023-08-04 20:00:00 to 2023-07-07 04:00:00 ]
2023-08-05 10:19:35,467 read UUP from av [ 2023-08-04 20:00:00 to 2023-07-07 07:35:00 ]
2023-08-05 10:19:36,887 read SHY from av [ 2023-08-04 19:25:00 to 2023-07-07 04:15:00 ]
2023-08-05 10:19:38,423 read SHV from av [ 2023-08-04 19:55:00 to 2023-07-07 04:00:00 ]
2023-08-05 10:19:38,997 read IEF from av [ 2023-08-04 19:55:00 to 2023-07-07 04:45:00 ]
2023-08-05 10:25:39,906 Time out ^IRX
2023-08-05 10:31:40,626 Time out ^FVX
2023-08-05 10:37:41,369 Time out ^TYX
2023-08-05 10:37:41,678 read SQQQ from av [ 2023-08-04 19:55:00 to 2023-07-07 04:00:00 ]
2023-08-05 10:37:42,474 read TQQQ from av [ 2023-08-04 19:55:00 to 2023-07-07 04:00:00 ]
2023-08-05 10:43:43,651 Time out ^VXX
2023-08-05 10:49:44,418 Time out ^VXZ
2023-08-05 10:49:45,369 read IYE from av [ 2023-08-04 20:00:00 to 2023-07-07 08:05:00 ]
2023-08-05 10:49:46,248 read IYY from av [ 2023-08-04 20:00:00 to 2023-07-07 08:35:00 ]
2023-08-05 10:49:47,291 read IYF from av [ 2023-08-04 20:00:00 to 2023-07-07 08:00:00 ]
2023-08-05 10:49:48,457 read IYR from av [ 2023-08-04 20:00:00 to 2023-07-07 07:40:00 ]
2023-08-05 10:49:49,645 read IYW from av [ 2023-08-04 20:00:00 to 2023-07-07 08:00:00 ]
2023-08-05 10:49:50,692 read IYT from av [ 2023-08-04 20:00:00 to 2023-07-07 08:15:00 ]
2023-08-05 10:49:51,664 read PEJ from av [ 2023-08-04 20:00:00 to 2023-07-07 08:00:00 ]
2023-08-05 10:49:52,074 read USO from av [ 2023-08-04 20:00:00 to 2023-07-07 04:05:00 ]
2023-08-05 10:49:53,379 read DBC from av [ 2023-08-04 20:00:00 to 2023-07-07 06:40:00 ]
2023-08-05 10:49:54,360 read GSG from av [ 2023-08-04 20:00:00 to 2023-07-07 07:20:00 ]
2023-08-05 10:49:54,900 read VTI from av [ 2023-08-04 20:00:00 to 2023-07-07 04:00:00 ]
2023-08-05 10:55:55,740 Time out ^RUT
2023-08-05 10:55:56,702 read FDN from av [ 2023-08-04 20:00:00 to 2023-07-07 08:00:00 ]
2023-08-05 10:55:57,227 read XLV from av [ 2023-08-04 20:00:00 to 2023-07-07 04:00:00 ]
2023-08-05 10:55:58,567 read IBB from av [ 2023-08-04 17:40:00 to 2023-07-07 04:00:00 ]
2023-08-05 10:56:00,099 read KRE from av [ 2023-08-04 20:00:00 to 2023-07-07 04:00:00 ]
2023-08-05 10:56:02,096 read KBE from av [ 2023-08-04 20:00:00 to 2023-07-07 07:10:00 ]
2023-08-05 10:56:02,698 read XLF from av [ 2023-08-04 20:00:00 to 2023-07-07 04:00:00 ]
2023-08-05 10:56:03,300 read XLP from av [ 2023-08-04 20:00:00 to 2023-07-07 04:40:00 ]
2023-08-05 10:56:05,207 read XLY from av [ 2023-08-04 20:00:00 to 2023-07-07 04:00:00 ]
2023-08-05 10:56:06,893 read VNQ from av [ 2023-08-04 20:00:00 to 2023-07-07 04:00:00 ]
2023-08-05 10:56:07,545 read XLB from av [ 2023-08-04 20:00:00 to 2023-07-07 07:00:00 ]
2023-08-05 10:56:08,042 read XLI from av [ 2023-08-04 20:00:00 to 2023-07-07 04:10:00 ]
2023-08-05 10:56:09,217 read KBWB from av [ 2023-08-04 19:35:00 to 2023-07-07 05:15:00 ]
2023-08-05 11:02:12,055 Time out TVIX
2023-08-05 11:08:13,692 Time out ^VVIX
2023-08-05 11:08:14,411 read VIXM from av [ 2023-08-04 20:00:00 to 2023-07-07 08:35:00 ]
2023-08-05 11:08:15,758 read VIXY from av [ 2023-08-04 20:00:00 to 2023-07-07 04:00:00 ]
2023-08-05 11:08:16,321 read VXX from av [ 2023-08-04 20:00:00 to 2023-07-07 04:00:00 ]
2023-08-05 11:08:16,939 read SVXY from av [ 2023-08-04 20:00:00 to 2023-07-07 04:00:00 ]
2023-08-05 11:08:17,488 read UVXY from av [ 2023-08-04 20:00:00 to 2023-07-07 04:00:00 ]
2023-08-05 11:08:18,129 read VIXY from av [ 2023-08-04 20:00:00 to 2023-07-07 04:00:00 ]
