2023-11-18 07:01:09,184 read QQQ from av [ 2023-11-17 19:55:00 to 2023-10-27 04:00:00 ]
2023-11-18 07:07:11,149 Time out ^VIX
2023-11-18 07:07:12,072 read FAS from av [ 2023-11-17 20:00:00 to 2023-10-27 04:40:00 ]
2023-11-18 07:07:12,641 read MIDU from av [ 2023-11-17 20:00:00 to 2023-10-27 07:10:00 ]
2023-11-18 07:07:12,903 read AAPL from av [ 2023-11-17 19:55:00 to 2023-10-27 04:00:00 ]
2023-11-18 07:07:13,219 read GOOG from av [ 2023-11-17 19:55:00 to 2023-10-27 04:00:00 ]
2023-11-18 07:13:14,021 Time out ^GSPC
2023-11-18 07:19:14,824 Time out ^DJI
2023-11-18 07:25:15,485 Time out ^TNX
2023-11-18 07:25:15,739 read MSFT from av [ 2023-11-17 19:55:00 to 2023-10-27 04:00:00 ]
2023-11-18 07:31:16,443 Time out ^VXGOG
2023-11-18 07:37:17,169 Time out ^VXAPL
2023-11-18 07:43:17,893 Time out ^VXGS
2023-11-18 07:49:18,535 Time out ^VXAZN
2023-11-18 07:55:20,120 Time out ^VXIBM
2023-11-18 07:55:20,894 read GS from av [ 2023-11-17 19:45:00 to 2023-10-27 04:00:00 ]
2023-11-18 07:55:21,149 read IBM from av [ 2023-11-17 19:55:00 to 2023-10-27 04:00:00 ]
2023-11-18 08:01:22,224 Time out FB
2023-11-18 08:07:22,915 Time out ^TYVIX
2023-11-18 08:07:23,164 read SPY from av [ 2023-11-17 20:00:00 to 2023-10-27 04:00:00 ]
2023-11-18 08:07:23,483 read GOOGL from av [ 2023-11-17 19:55:00 to 2023-10-27 04:00:00 ]
2023-11-18 08:07:23,803 read JPM from av [ 2023-11-17 19:55:00 to 2023-10-27 04:45:00 ]
2023-11-18 08:07:24,087 read JNJ from av [ 2023-11-17 19:55:00 to 2023-10-27 04:05:00 ]
2023-11-18 08:07:24,366 read BAC from av [ 2023-11-17 19:55:00 to 2023-10-27 04:00:00 ]
2023-11-18 08:07:24,661 read V from av [ 2023-11-17 19:55:00 to 2023-10-27 04:00:00 ]
2023-11-18 08:07:24,919 read WFC from av [ 2023-11-17 19:55:00 to 2023-10-27 04:45:00 ]
2023-11-18 08:07:25,207 read MA from av [ 2023-11-17 19:50:00 to 2023-10-27 04:00:00 ]
2023-11-18 08:07:25,506 read C from av [ 2023-11-17 19:55:00 to 2023-10-27 04:05:00 ]
2023-11-18 08:07:25,851 read PYPL from av [ 2023-11-17 19:55:00 to 2023-10-27 04:00:00 ]
2023-11-18 08:13:26,948 Time out OIL
2023-11-18 08:19:27,683 Time out DX-Y.NYB
2023-11-18 08:19:27,931 read GLD from av [ 2023-11-17 20:00:00 to 2023-10-27 04:00:00 ]
2023-11-18 08:19:28,747 read UUP from av [ 2023-11-17 20:00:00 to 2023-10-27 07:00:00 ]
2023-11-18 08:19:29,077 read SHY from av [ 2023-11-17 19:45:00 to 2023-10-27 04:00:00 ]
2023-11-18 08:19:29,418 read SHV from av [ 2023-11-17 19:55:00 to 2023-10-27 04:00:00 ]
2023-11-18 08:19:29,708 read IEF from av [ 2023-11-17 18:25:00 to 2023-10-27 04:35:00 ]
2023-11-18 08:25:30,443 Time out ^IRX
2023-11-18 08:31:31,169 Time out ^FVX
2023-11-18 08:37:31,919 Time out ^TYX
2023-11-18 08:37:32,248 read SQQQ from av [ 2023-11-17 19:55:00 to 2023-10-27 04:00:00 ]
2023-11-18 08:37:32,595 read TQQQ from av [ 2023-11-17 19:55:00 to 2023-10-27 04:00:00 ]
2023-11-18 08:43:33,359 Time out ^VXX
2023-11-18 08:49:34,073 Time out ^VXZ
2023-11-18 08:49:34,732 read IYE from av [ 2023-11-17 20:00:00 to 2023-10-27 06:05:00 ]
2023-11-18 08:49:35,255 read IYY from av [ 2023-11-17 20:00:00 to 2023-10-27 08:00:00 ]
2023-11-18 08:49:35,862 read IYF from av [ 2023-11-17 20:00:00 to 2023-10-27 08:00:00 ]
2023-11-18 08:49:36,616 read IYR from av [ 2023-11-17 20:00:00 to 2023-10-27 07:15:00 ]
2023-11-18 08:49:37,396 read IYW from av [ 2023-11-17 20:00:00 to 2023-10-27 07:30:00 ]
2023-11-18 08:49:38,093 read IYT from av [ 2023-11-17 20:00:00 to 2023-10-27 07:15:00 ]
2023-11-18 08:49:38,665 read PEJ from av [ 2023-11-17 20:00:00 to 2023-10-27 08:00:00 ]
2023-11-18 08:49:38,963 read USO from av [ 2023-11-17 20:00:00 to 2023-10-27 04:00:00 ]
2023-11-18 08:49:39,733 read DBC from av [ 2023-11-17 20:00:00 to 2023-10-27 04:35:00 ]
2023-11-18 08:49:40,466 read GSG from av [ 2023-11-17 20:00:00 to 2023-10-27 08:50:00 ]
2023-11-18 08:49:40,770 read VTI from av [ 2023-11-17 20:00:00 to 2023-10-27 04:00:00 ]
2023-11-18 08:55:41,463 Time out ^RUT
2023-11-18 08:55:42,127 read FDN from av [ 2023-11-17 20:00:00 to 2023-10-27 09:30:00 ]
2023-11-18 08:55:42,403 read XLV from av [ 2023-11-17 20:00:00 to 2023-10-27 04:15:00 ]
2023-11-18 08:55:42,697 read IBB from av [ 2023-11-17 19:50:00 to 2023-10-27 08:00:00 ]
2023-11-18 08:55:43,535 read KRE from av [ 2023-11-17 20:00:00 to 2023-10-27 06:35:00 ]
2023-11-18 08:55:44,254 read KBE from av [ 2023-11-17 20:00:00 to 2023-10-27 08:00:00 ]
2023-11-18 08:55:44,514 read XLF from av [ 2023-11-17 20:00:00 to 2023-10-27 04:15:00 ]
2023-11-18 08:55:44,780 read XLP from av [ 2023-11-17 20:00:00 to 2023-10-27 04:00:00 ]
2023-11-18 08:55:45,063 read XLY from av [ 2023-11-17 20:00:00 to 2023-10-27 04:25:00 ]
2023-11-18 08:55:45,991 read VNQ from av [ 2023-11-17 20:00:00 to 2023-10-27 04:00:00 ]
2023-11-18 08:55:46,249 read XLB from av [ 2023-11-17 20:00:00 to 2023-10-27 05:10:00 ]
2023-11-18 08:55:46,551 read XLI from av [ 2023-11-17 20:00:00 to 2023-10-27 06:50:00 ]
2023-11-18 08:55:46,819 read KBWB from av [ 2023-11-17 18:25:00 to 2023-10-27 07:00:00 ]
2023-11-18 09:01:47,897 Time out TVIX
2023-11-18 09:07:48,607 Time out ^VVIX
2023-11-18 09:07:49,117 read VIXM from av [ 2023-11-17 20:00:00 to 2023-10-27 08:15:00 ]
2023-11-18 09:07:50,119 read VIXY from av [ 2023-11-17 20:00:00 to 2023-10-27 04:05:00 ]
2023-11-18 09:07:50,430 read VXX from av [ 2023-11-17 20:00:00 to 2023-10-27 04:00:00 ]
2023-11-18 09:07:51,346 read SVXY from av [ 2023-11-17 20:00:00 to 2023-10-27 04:00:00 ]
2023-11-18 09:07:51,657 read UVXY from av [ 2023-11-17 20:00:00 to 2023-10-27 04:00:00 ]
2023-11-18 09:07:51,947 read VIXY from av [ 2023-11-17 20:00:00 to 2023-10-27 04:05:00 ]
