2023-09-09 09:01:09,708 read QQQ from av [ 2023-09-08 19:55:00 to 2023-08-18 04:00:00 ]
2023-09-09 09:07:12,694 Time out ^VIX
2023-09-09 09:07:14,858 read FAS from av [ 2023-09-08 20:00:00 to 2023-08-18 04:00:00 ]
2023-09-09 09:07:17,078 read MIDU from av [ 2023-09-08 20:00:00 to 2023-08-18 04:15:00 ]
2023-09-09 09:07:18,088 read AAPL from av [ 2023-09-08 19:55:00 to 2023-08-18 04:00:00 ]
2023-09-09 09:07:18,799 read GOOG from av [ 2023-09-08 19:55:00 to 2023-08-18 04:00:00 ]
2023-09-09 09:13:19,901 Time out ^GSPC
2023-09-09 09:19:21,022 Time out ^DJI
2023-09-09 09:25:21,813 Time out ^TNX
2023-09-09 09:25:22,202 read MSFT from av [ 2023-09-08 19:55:00 to 2023-08-18 04:00:00 ]
2023-09-09 09:31:23,351 Time out ^VXGOG
2023-09-09 09:37:24,012 Time out ^VXAPL
2023-09-09 09:43:24,872 Time out ^VXGS
2023-09-09 09:49:25,581 Time out ^VXAZN
2023-09-09 09:55:26,224 Time out ^VXIBM
2023-09-09 09:55:26,476 read GS from av [ 2023-09-08 19:55:00 to 2023-08-18 04:20:00 ]
2023-09-09 09:55:26,988 read IBM from av [ 2023-09-08 19:55:00 to 2023-08-18 04:20:00 ]
2023-09-09 10:01:28,164 Time out FB
2023-09-09 10:07:30,365 Time out ^TYVIX
2023-09-09 10:07:30,690 read SPY from av [ 2023-09-08 20:00:00 to 2023-08-18 04:00:00 ]
2023-09-09 10:07:31,431 read GOOGL from av [ 2023-09-08 19:55:00 to 2023-08-18 04:00:00 ]
2023-09-09 10:07:32,185 read JPM from av [ 2023-09-08 19:55:00 to 2023-08-18 04:00:00 ]
2023-09-09 10:07:32,918 read JNJ from av [ 2023-09-08 19:50:00 to 2023-08-18 04:00:00 ]
2023-09-09 10:07:33,477 read BAC from av [ 2023-09-08 19:55:00 to 2023-08-18 04:00:00 ]
2023-09-09 10:07:34,101 read V from av [ 2023-09-08 19:55:00 to 2023-08-18 04:00:00 ]
2023-09-09 10:07:34,615 read WFC from av [ 2023-09-08 19:55:00 to 2023-08-18 04:10:00 ]
2023-09-09 10:07:35,155 read MA from av [ 2023-09-08 19:50:00 to 2023-08-18 04:10:00 ]
2023-09-09 10:07:35,650 read C from av [ 2023-09-08 19:55:00 to 2023-08-18 04:00:00 ]
2023-09-09 10:07:36,289 read PYPL from av [ 2023-09-08 19:55:00 to 2023-08-18 04:00:00 ]
2023-09-09 10:13:37,699 Time out OIL
2023-09-09 10:19:38,429 Time out DX-Y.NYB
2023-09-09 10:19:38,686 read GLD from av [ 2023-09-08 20:00:00 to 2023-08-18 04:00:00 ]
2023-09-09 10:19:39,239 read UUP from av [ 2023-09-08 20:00:00 to 2023-08-18 05:15:00 ]
2023-09-09 10:19:40,469 read SHY from av [ 2023-09-08 19:20:00 to 2023-08-18 04:00:00 ]
2023-09-09 10:19:41,859 read SHV from av [ 2023-09-08 19:55:00 to 2023-08-18 04:00:00 ]
2023-09-09 10:19:42,363 read IEF from av [ 2023-09-08 17:55:00 to 2023-08-18 04:00:00 ]
2023-09-09 10:25:43,402 Time out ^IRX
2023-09-09 10:31:44,108 Time out ^FVX
2023-09-09 10:37:44,830 Time out ^TYX
2023-09-09 10:37:45,150 read SQQQ from av [ 2023-09-08 19:55:00 to 2023-08-18 04:00:00 ]
2023-09-09 10:37:45,858 read TQQQ from av [ 2023-09-08 19:55:00 to 2023-08-18 04:00:00 ]
2023-09-09 10:43:46,926 Time out ^VXX
2023-09-09 10:49:47,628 Time out ^VXZ
2023-09-09 10:49:48,324 read IYE from av [ 2023-09-08 20:00:00 to 2023-08-18 07:05:00 ]
2023-09-09 10:49:49,060 read IYY from av [ 2023-09-08 20:00:00 to 2023-08-18 08:00:00 ]
2023-09-09 10:49:49,933 read IYF from av [ 2023-09-08 20:00:00 to 2023-08-18 08:00:00 ]
2023-09-09 10:49:50,852 read IYR from av [ 2023-09-08 20:00:00 to 2023-08-18 08:20:00 ]
2023-09-09 10:49:51,816 read IYW from av [ 2023-09-08 20:00:00 to 2023-08-18 05:25:00 ]
2023-09-09 10:49:52,739 read IYT from av [ 2023-09-08 20:00:00 to 2023-08-18 08:20:00 ]
2023-09-09 10:49:53,519 read PEJ from av [ 2023-09-08 20:00:00 to 2023-08-18 09:30:00 ]
2023-09-09 10:49:53,919 read USO from av [ 2023-09-08 20:00:00 to 2023-08-18 04:00:00 ]
2023-09-09 10:49:55,034 read DBC from av [ 2023-09-08 20:00:00 to 2023-08-18 04:00:00 ]
2023-09-09 10:51:56,322 read GSG from av [ 2023-09-08 20:00:00 to 2023-08-18 05:40:00 ]
2023-09-09 10:51:56,772 read VTI from av [ 2023-09-08 20:00:00 to 2023-08-18 04:00:00 ]
2023-09-09 10:57:57,813 Time out ^RUT
2023-09-09 10:57:58,509 read FDN from av [ 2023-09-08 20:00:00 to 2023-08-18 07:40:00 ]
2023-09-09 10:57:58,942 read XLV from av [ 2023-09-08 20:00:00 to 2023-08-18 04:00:00 ]
2023-09-09 10:57:59,932 read IBB from av [ 2023-09-08 19:00:00 to 2023-08-18 07:00:00 ]
2023-09-09 10:58:01,051 read KRE from av [ 2023-09-08 20:00:00 to 2023-08-18 04:05:00 ]
2023-09-09 10:58:02,504 read KBE from av [ 2023-09-08 20:00:00 to 2023-08-18 07:05:00 ]
2023-09-09 10:58:03,437 read XLF from av [ 2023-09-08 20:00:00 to 2023-08-18 04:05:00 ]
2023-09-09 10:58:04,172 read XLP from av [ 2023-09-08 20:00:00 to 2023-08-18 04:00:00 ]
2023-09-09 10:58:06,149 read XLY from av [ 2023-09-08 20:00:00 to 2023-08-18 04:05:00 ]
2023-09-09 10:58:08,184 read VNQ from av [ 2023-09-08 20:00:00 to 2023-08-18 04:00:00 ]
2023-09-09 10:58:08,656 read XLB from av [ 2023-09-08 20:00:00 to 2023-08-18 07:05:00 ]
2023-09-09 10:58:09,079 read XLI from av [ 2023-09-08 20:00:00 to 2023-08-18 04:10:00 ]
2023-09-09 10:58:10,088 read KBWB from av [ 2023-09-08 16:15:00 to 2023-08-18 05:45:00 ]
2023-09-09 11:04:11,626 Time out TVIX
2023-09-09 11:10:12,473 Time out ^VVIX
2023-09-09 11:10:13,070 read VIXM from av [ 2023-09-08 20:00:00 to 2023-08-18 08:00:00 ]
2023-09-09 11:10:13,480 read VIXY from av [ 2023-09-08 20:00:00 to 2023-08-18 04:00:00 ]
2023-09-09 11:10:14,877 read VXX from av [ 2023-09-08 20:00:00 to 2023-08-18 04:00:00 ]
2023-09-09 11:10:15,538 read SVXY from av [ 2023-09-08 20:00:00 to 2023-08-18 04:00:00 ]
2023-09-09 11:10:16,043 read UVXY from av [ 2023-09-08 20:00:00 to 2023-08-18 04:00:00 ]
2023-09-09 11:10:16,716 read VIXY from av [ 2023-09-08 20:00:00 to 2023-08-18 04:00:00 ]
