2023-05-13 09:01:08,468 read QQQ from av [ 2023-05-12 20:00:00 to 2023-04-14 04:05:00 ]
2023-05-13 09:07:09,929 Time out ^VIX
2023-05-13 09:07:11,052 read FAS from av [ 2023-05-12 20:00:00 to 2023-04-17 06:15:00 ]
2023-05-13 09:07:11,554 read MIDU from av [ 2023-05-12 16:00:00 to 2023-04-17 09:35:00 ]
2023-05-13 09:07:11,918 read AAPL from av [ 2023-05-12 20:00:00 to 2023-04-14 04:05:00 ]
2023-05-13 09:07:12,548 read GOOG from av [ 2023-05-12 20:00:00 to 2023-04-17 04:05:00 ]
2023-05-13 09:13:13,576 Time out ^GSPC
2023-05-13 09:19:14,343 Time out ^DJI
2023-05-13 09:25:15,003 Time out ^TNX
2023-05-13 09:25:15,311 read MSFT from av [ 2023-05-12 20:00:00 to 2023-04-14 04:05:00 ]
2023-05-13 09:31:16,246 Time out ^VXGOG
2023-05-13 09:37:17,005 Time out ^VXAPL
2023-05-13 09:43:17,600 Time out ^VXGS
2023-05-13 09:49:18,400 Time out ^VXAZN
2023-05-13 09:55:19,093 Time out ^VXIBM
2023-05-13 09:55:19,332 read GS from av [ 2023-05-12 18:50:00 to 2023-04-14 07:05:00 ]
2023-05-13 09:55:19,711 read IBM from av [ 2023-05-12 20:00:00 to 2023-04-14 07:25:00 ]
2023-05-13 10:01:20,559 Time out FB
2023-05-13 10:07:24,607 Time out ^TYVIX
2023-05-13 10:07:24,902 read SPY from av [ 2023-05-12 20:00:00 to 2023-04-14 04:05:00 ]
2023-05-13 10:07:25,529 read GOOGL from av [ 2023-05-12 20:00:00 to 2023-04-14 04:05:00 ]
2023-05-13 10:07:26,091 read JPM from av [ 2023-05-12 20:00:00 to 2023-04-14 04:05:00 ]
2023-05-13 10:07:26,521 read JNJ from av [ 2023-05-12 17:00:00 to 2023-04-14 08:10:00 ]
2023-05-13 10:07:27,001 read BAC from av [ 2023-05-12 20:00:00 to 2023-04-14 04:30:00 ]
2023-05-13 10:07:27,454 read V from av [ 2023-05-12 20:00:00 to 2023-04-14 04:50:00 ]
2023-05-13 10:07:27,910 read WFC from av [ 2023-05-12 19:50:00 to 2023-04-14 04:10:00 ]
2023-05-13 10:07:28,377 read MA from av [ 2023-05-12 16:05:00 to 2023-04-17 09:10:00 ]
2023-05-13 10:07:28,758 read C from av [ 2023-05-12 20:00:00 to 2023-04-17 04:30:00 ]
2023-05-13 10:07:29,203 read PYPL from av [ 2023-05-12 20:00:00 to 2023-04-17 04:05:00 ]
2023-05-13 10:07:29,593 read OIL from av [ 2023-05-12 15:50:00 to 2023-04-17 09:35:00 ]
2023-05-13 10:13:30,261 Time out DX-Y.NYB
2023-05-13 10:13:30,485 read GLD from av [ 2023-05-12 20:00:00 to 2023-04-14 04:10:00 ]
2023-05-13 10:13:30,956 read UUP from av [ 2023-05-12 19:20:00 to 2023-04-17 07:05:00 ]
2023-05-13 10:13:32,176 read SHY from av [ 2023-05-12 17:50:00 to 2023-04-17 07:05:00 ]
2023-05-13 10:13:33,304 read SHV from av [ 2023-05-12 18:15:00 to 2023-04-17 04:30:00 ]
2023-05-13 10:13:33,662 read IEF from av [ 2023-05-12 17:00:00 to 2023-04-17 07:10:00 ]
2023-05-13 10:19:34,485 Time out ^IRX
2023-05-13 10:25:35,177 Time out ^FVX
2023-05-13 10:31:35,772 Time out ^TYX
2023-05-13 10:31:36,051 read SQQQ from av [ 2023-05-12 20:00:00 to 2023-04-14 04:05:00 ]
2023-05-13 10:31:36,640 read TQQQ from av [ 2023-05-12 20:00:00 to 2023-04-17 04:05:00 ]
2023-05-13 10:37:37,678 Time out ^VXX
2023-05-13 10:43:38,417 Time out ^VXZ
2023-05-13 10:43:39,608 read IYE from av [ 2023-05-12 16:00:00 to 2023-04-17 09:35:00 ]
2023-05-13 10:43:40,321 read IYY from av [ 2023-05-12 16:00:00 to 2023-04-17 09:35:00 ]
2023-05-13 10:43:41,069 read IYF from av [ 2023-05-12 16:00:00 to 2023-04-17 09:35:00 ]
2023-05-13 10:43:42,145 read IYR from av [ 2023-05-12 19:55:00 to 2023-04-17 05:25:00 ]
2023-05-13 10:43:43,066 read IYW from av [ 2023-05-12 16:00:00 to 2023-04-17 09:30:00 ]
2023-05-13 10:43:43,732 read IYT from av [ 2023-05-12 16:00:00 to 2023-04-17 09:40:00 ]
2023-05-13 10:43:44,475 read PEJ from av [ 2023-05-12 16:00:00 to 2023-04-17 09:25:00 ]
2023-05-13 10:43:44,800 read USO from av [ 2023-05-12 20:00:00 to 2023-04-17 04:05:00 ]
2023-05-13 10:43:45,821 read DBC from av [ 2023-05-12 16:00:00 to 2023-04-17 09:35:00 ]
2023-05-13 10:43:46,891 read GSG from av [ 2023-05-12 16:00:00 to 2023-04-17 08:05:00 ]
2023-05-13 10:43:47,379 read VTI from av [ 2023-05-12 17:40:00 to 2023-04-14 07:10:00 ]
2023-05-13 10:49:48,254 Time out ^RUT
2023-05-13 10:49:49,252 read FDN from av [ 2023-05-12 16:00:00 to 2023-04-17 09:35:00 ]
2023-05-13 10:49:49,652 read XLV from av [ 2023-05-12 19:35:00 to 2023-04-17 06:00:00 ]
2023-05-13 10:49:50,077 read IBB from av [ 2023-05-12 17:30:00 to 2023-04-17 08:30:00 ]
2023-05-13 10:49:51,605 read KRE from av [ 2023-05-12 20:00:00 to 2023-04-17 04:20:00 ]
2023-05-13 10:49:52,951 read KBE from av [ 2023-05-12 17:30:00 to 2023-04-17 07:30:00 ]
2023-05-13 10:49:53,338 read XLF from av [ 2023-05-12 20:00:00 to 2023-04-17 04:05:00 ]
2023-05-13 10:49:53,825 read XLP from av [ 2023-05-12 19:55:00 to 2023-04-17 04:45:00 ]
2023-05-13 10:49:54,250 read XLY from av [ 2023-05-12 18:15:00 to 2023-04-17 04:20:00 ]
2023-05-13 10:49:54,652 read VNQ from av [ 2023-05-12 17:40:00 to 2023-04-17 08:05:00 ]
2023-05-13 10:49:54,996 read XLB from av [ 2023-05-12 16:20:00 to 2023-04-17 09:05:00 ]
2023-05-13 10:49:55,394 read XLI from av [ 2023-05-12 19:35:00 to 2023-04-17 04:30:00 ]
2023-05-13 10:49:56,667 read KBWB from av [ 2023-05-12 16:05:00 to 2023-04-17 07:50:00 ]
2023-05-13 10:55:57,449 Time out TVIX
2023-05-13 11:01:58,110 Time out ^VVIX
2023-05-13 11:01:58,660 read VIXM from av [ 2023-05-12 16:00:00 to 2023-04-17 04:30:00 ]
2023-05-13 11:02:00,098 read VIXY from av [ 2023-05-12 19:00:00 to 2023-04-17 04:05:00 ]
2023-05-13 11:02:00,544 read VXX from av [ 2023-05-12 19:55:00 to 2023-04-14 04:45:00 ]
2023-05-13 11:02:01,947 read SVXY from av [ 2023-05-12 17:30:00 to 2023-04-17 04:05:00 ]
2023-05-13 11:02:03,928 read UVXY from av [ 2023-05-12 20:00:00 to 2023-04-17 04:05:00 ]
2023-05-13 11:02:04,661 read VIXY from av [ 2023-05-12 19:00:00 to 2023-04-17 04:05:00 ]
