2023-06-10 09:01:08,819 read QQQ from av [ 2023-06-09 19:55:00 to 2023-05-12 04:00:00 ]
2023-06-10 09:07:09,995 Time out ^VIX
2023-06-10 09:07:10,944 read FAS from av [ 2023-06-09 19:40:00 to 2023-05-15 04:10:00 ]
2023-06-10 09:07:11,472 read MIDU from av [ 2023-06-09 15:55:00 to 2023-05-15 09:35:00 ]
2023-06-10 09:07:11,841 read AAPL from av [ 2023-06-09 19:55:00 to 2023-05-12 04:00:00 ]
2023-06-10 09:07:12,480 read GOOG from av [ 2023-06-09 19:55:00 to 2023-05-12 04:00:00 ]
2023-06-10 09:13:13,566 Time out ^GSPC
2023-06-10 09:19:14,351 Time out ^DJI
2023-06-10 09:25:15,060 Time out ^TNX
2023-06-10 09:25:15,291 read MSFT from av [ 2023-06-09 19:55:00 to 2023-05-12 04:05:00 ]
2023-06-10 09:31:16,426 Time out ^VXGOG
2023-06-10 09:37:17,120 Time out ^VXAPL
2023-06-10 09:43:17,851 Time out ^VXGS
2023-06-10 09:49:18,479 Time out ^VXAZN
2023-06-10 09:55:19,178 Time out ^VXIBM
2023-06-10 09:55:19,394 read GS from av [ 2023-06-09 18:35:00 to 2023-05-15 07:20:00 ]
2023-06-10 09:55:19,826 read IBM from av [ 2023-06-09 16:40:00 to 2023-05-12 07:00:00 ]
2023-06-10 10:01:20,784 Time out FB
2023-06-10 10:07:21,449 Time out ^TYVIX
2023-06-10 10:07:21,703 read SPY from av [ 2023-06-09 19:55:00 to 2023-05-12 04:00:00 ]
2023-06-10 10:07:22,359 read GOOGL from av [ 2023-06-09 19:55:00 to 2023-05-12 04:00:00 ]
2023-06-10 10:07:22,943 read JPM from av [ 2023-06-09 19:45:00 to 2023-05-12 06:50:00 ]
2023-06-10 10:07:23,410 read JNJ from av [ 2023-06-09 19:10:00 to 2023-05-12 05:45:00 ]
2023-06-10 10:07:23,919 read BAC from av [ 2023-06-09 19:55:00 to 2023-05-12 04:10:00 ]
2023-06-10 10:07:24,457 read V from av [ 2023-06-09 17:05:00 to 2023-05-12 04:50:00 ]
2023-06-10 10:07:24,909 read WFC from av [ 2023-06-09 18:55:00 to 2023-05-15 06:25:00 ]
2023-06-10 10:07:25,361 read MA from av [ 2023-06-09 18:35:00 to 2023-05-12 09:30:00 ]
2023-06-10 10:07:25,793 read C from av [ 2023-06-09 19:55:00 to 2023-05-15 04:00:00 ]
2023-06-10 10:07:26,349 read PYPL from av [ 2023-06-09 19:55:00 to 2023-05-12 04:05:00 ]
2023-06-10 10:07:26,987 read OIL from av [ 2023-06-08 10:05:00 to 2023-05-15 08:20:00 ]
2023-06-10 10:13:28,085 Time out DX-Y.NYB
2023-06-10 10:13:28,369 read GLD from av [ 2023-06-09 19:05:00 to 2023-05-15 04:00:00 ]
2023-06-10 10:13:29,387 read UUP from av [ 2023-06-09 16:15:00 to 2023-05-15 06:55:00 ]
2023-06-10 10:13:30,529 read SHY from av [ 2023-06-09 18:50:00 to 2023-05-15 04:55:00 ]
2023-06-10 10:13:31,644 read SHV from av [ 2023-06-09 18:50:00 to 2023-05-15 08:00:00 ]
2023-06-10 10:13:32,056 read IEF from av [ 2023-06-09 16:50:00 to 2023-05-15 08:00:00 ]
2023-06-10 10:19:32,929 Time out ^IRX
2023-06-10 10:25:33,651 Time out ^FVX
2023-06-10 10:31:34,455 Time out ^TYX
2023-06-10 10:31:34,707 read SQQQ from av [ 2023-06-09 19:55:00 to 2023-05-15 04:00:00 ]
2023-06-10 10:31:35,373 read TQQQ from av [ 2023-06-09 19:55:00 to 2023-05-15 04:00:00 ]
2023-06-10 10:37:36,413 Time out ^VXX
2023-06-10 10:43:37,072 Time out ^VXZ
2023-06-10 10:43:38,312 read IYE from av [ 2023-06-09 17:20:00 to 2023-05-15 09:30:00 ]
2023-06-10 10:43:38,841 read IYY from av [ 2023-06-09 15:55:00 to 2023-05-15 09:30:00 ]
2023-06-10 10:43:39,467 read IYF from av [ 2023-06-09 15:55:00 to 2023-05-15 09:30:00 ]
2023-06-10 10:43:40,451 read IYR from av [ 2023-06-09 16:00:00 to 2023-05-15 09:30:00 ]
2023-06-10 10:43:41,457 read IYW from av [ 2023-06-09 17:00:00 to 2023-05-15 09:30:00 ]
2023-06-10 10:43:42,135 read IYT from av [ 2023-06-09 15:55:00 to 2023-05-15 09:30:00 ]
2023-06-10 10:43:42,893 read PEJ from av [ 2023-06-09 15:55:00 to 2023-05-15 09:30:00 ]
2023-06-10 10:43:43,297 read USO from av [ 2023-06-09 19:50:00 to 2023-05-15 04:00:00 ]
2023-06-10 10:43:44,323 read DBC from av [ 2023-06-09 15:55:00 to 2023-05-15 09:25:00 ]
2023-06-10 10:43:45,363 read GSG from av [ 2023-06-09 15:55:00 to 2023-05-15 08:00:00 ]
2023-06-10 10:43:45,732 read VTI from av [ 2023-06-09 18:35:00 to 2023-05-12 05:25:00 ]
2023-06-10 10:49:46,671 Time out ^RUT
2023-06-10 10:49:47,642 read FDN from av [ 2023-06-09 16:20:00 to 2023-05-15 09:30:00 ]
2023-06-10 10:49:48,077 read XLV from av [ 2023-06-09 16:45:00 to 2023-05-15 08:25:00 ]
2023-06-10 10:49:48,566 read IBB from av [ 2023-06-09 19:25:00 to 2023-05-15 04:00:00 ]
2023-06-10 10:49:49,002 read KRE from av [ 2023-06-09 19:55:00 to 2023-05-15 04:05:00 ]
2023-06-10 10:49:50,337 read KBE from av [ 2023-06-09 16:10:00 to 2023-05-15 08:10:00 ]
2023-06-10 10:49:50,767 read XLF from av [ 2023-06-09 19:55:00 to 2023-05-12 04:00:00 ]
2023-06-10 10:49:51,276 read XLP from av [ 2023-06-09 19:45:00 to 2023-05-15 04:05:00 ]
2023-06-10 10:49:51,685 read XLY from av [ 2023-06-09 16:10:00 to 2023-05-15 07:30:00 ]
2023-06-10 10:49:52,690 read VNQ from av [ 2023-06-09 16:00:00 to 2023-05-15 07:00:00 ]
2023-06-10 10:49:53,094 read XLB from av [ 2023-06-09 16:50:00 to 2023-05-15 07:05:00 ]
2023-06-10 10:49:53,468 read XLI from av [ 2023-06-09 17:55:00 to 2023-05-15 04:05:00 ]
2023-06-10 10:49:54,764 read KBWB from av [ 2023-06-09 15:55:00 to 2023-05-15 09:00:00 ]
2023-06-10 10:55:55,668 Time out TVIX
2023-06-10 11:01:56,383 Time out ^VVIX
2023-06-10 11:01:56,874 read VIXM from av [ 2023-06-09 15:55:00 to 2023-05-15 04:20:00 ]
2023-06-10 11:01:58,572 read VIXY from av [ 2023-06-09 19:55:00 to 2023-05-15 04:00:00 ]
2023-06-10 11:01:59,093 read VXX from av [ 2023-06-09 19:55:00 to 2023-05-15 04:00:00 ]
2023-06-10 11:02:00,270 read SVXY from av [ 2023-06-09 16:55:00 to 2023-05-15 04:40:00 ]
2023-06-10 11:02:02,901 read UVXY from av [ 2023-06-09 19:55:00 to 2023-05-15 04:00:00 ]
2023-06-10 11:02:03,500 read VIXY from av [ 2023-06-09 19:55:00 to 2023-05-15 04:00:00 ]
