2023-04-01 09:01:08,274 read QQQ from av [ 2023-03-31 20:00:00 to 2023-03-03 04:05:00 ]
2023-04-01 09:07:09,281 Time out ^VIX
2023-04-01 09:07:09,517 read FAS from av [ 2023-03-31 20:00:00 to 2023-03-06 04:45:00 ]
2023-04-01 09:07:09,939 read MIDU from av [ 2023-03-31 16:20:00 to 2023-03-06 08:15:00 ]
2023-04-01 09:07:10,574 read AAPL from av [ 2023-03-31 20:00:00 to 2023-03-03 04:05:00 ]
2023-04-01 09:07:11,135 read GOOG from av [ 2023-03-31 20:00:00 to 2023-03-03 04:05:00 ]
2023-04-01 09:13:12,058 Time out ^GSPC
2023-04-01 09:19:12,794 Time out ^DJI
2023-04-01 09:25:13,569 Time out ^TNX
2023-04-01 09:25:13,861 read MSFT from av [ 2023-03-31 20:00:00 to 2023-03-03 04:10:00 ]
2023-04-01 09:31:14,824 Time out ^VXGOG
2023-04-01 09:37:15,445 Time out ^VXAPL
2023-04-01 09:43:16,175 Time out ^VXGS
2023-04-01 09:49:16,711 Time out ^VXAZN
2023-04-01 09:55:17,321 Time out ^VXIBM
2023-04-01 09:55:17,550 read GS from av [ 2023-03-31 19:45:00 to 2023-03-06 08:05:00 ]
2023-04-01 09:55:17,909 read IBM from av [ 2023-03-31 19:45:00 to 2023-03-03 05:25:00 ]
2023-04-01 10:01:18,543 Time out FB
2023-04-01 10:07:19,221 Time out ^TYVIX
2023-04-01 10:07:19,517 read SPY from av [ 2023-03-31 20:00:00 to 2023-03-03 04:05:00 ]
2023-04-01 10:07:20,081 read GOOGL from av [ 2023-03-31 20:00:00 to 2023-03-03 04:05:00 ]
2023-04-01 10:07:20,589 read JPM from av [ 2023-03-31 19:55:00 to 2023-03-03 05:30:00 ]
2023-04-01 10:07:20,991 read JNJ from av [ 2023-03-31 19:55:00 to 2023-03-03 05:35:00 ]
2023-04-01 10:07:21,412 read BAC from av [ 2023-03-31 20:00:00 to 2023-03-03 04:40:00 ]
2023-04-01 10:07:21,888 read V from av [ 2023-03-31 20:00:00 to 2023-03-03 08:05:00 ]
2023-04-01 10:07:22,280 read WFC from av [ 2023-03-31 20:00:00 to 2023-03-06 08:05:00 ]
2023-04-01 10:07:22,742 read MA from av [ 2023-03-31 19:15:00 to 2023-03-06 06:50:00 ]
2023-04-01 10:07:23,363 read C from av [ 2023-03-31 20:00:00 to 2023-03-06 05:05:00 ]
2023-04-01 10:07:23,834 read PYPL from av [ 2023-03-31 20:00:00 to 2023-03-06 04:05:00 ]
2023-04-01 10:07:24,219 read OIL from av [ 2023-03-31 18:30:00 to 2023-03-06 08:20:00 ]
2023-04-01 10:13:24,944 Time out DX-Y.NYB
2023-04-01 10:13:25,213 read GLD from av [ 2023-03-31 20:00:00 to 2023-03-03 04:10:00 ]
2023-04-01 10:13:25,625 read UUP from av [ 2023-03-31 19:50:00 to 2023-03-06 05:00:00 ]
2023-04-01 10:13:27,167 read SHY from av [ 2023-03-31 16:30:00 to 2023-03-06 04:05:00 ]
2023-04-01 10:13:28,171 read SHV from av [ 2023-03-31 17:50:00 to 2023-03-06 06:35:00 ]
2023-04-01 10:13:29,451 read IEF from av [ 2023-03-31 17:50:00 to 2023-03-06 04:50:00 ]
2023-04-01 10:19:30,336 Time out ^IRX
2023-04-01 10:25:31,037 Time out ^FVX
2023-04-01 10:31:31,516 Time out ^TYX
2023-04-01 10:31:31,807 read SQQQ from av [ 2023-03-31 20:00:00 to 2023-03-03 04:05:00 ]
2023-04-01 10:31:32,459 read TQQQ from av [ 2023-03-31 20:00:00 to 2023-03-06 04:05:00 ]
2023-04-01 10:37:33,399 Time out ^VXX
2023-04-01 10:43:33,997 Time out ^VXZ
2023-04-01 10:43:35,085 read IYE from av [ 2023-03-31 16:20:00 to 2023-03-06 09:15:00 ]
2023-04-01 10:43:35,809 read IYY from av [ 2023-03-31 16:00:00 to 2023-03-06 09:35:00 ]
2023-04-01 10:43:36,577 read IYF from av [ 2023-03-31 16:00:00 to 2023-03-06 09:35:00 ]
2023-04-01 10:43:37,694 read IYR from av [ 2023-03-31 17:05:00 to 2023-03-06 09:30:00 ]
2023-04-01 10:43:38,650 read IYW from av [ 2023-03-31 16:35:00 to 2023-03-06 09:35:00 ]
2023-04-01 10:43:39,081 read IYT from av [ 2023-03-31 16:00:00 to 2023-03-06 09:30:00 ]
2023-04-01 10:43:39,564 read PEJ from av [ 2023-03-31 16:00:00 to 2023-03-06 09:35:00 ]
2023-04-01 10:43:39,881 read USO from av [ 2023-03-31 19:45:00 to 2023-03-06 04:10:00 ]
2023-04-01 10:43:40,949 read DBC from av [ 2023-03-31 17:40:00 to 2023-03-06 07:10:00 ]
2023-04-01 10:43:42,144 read GSG from av [ 2023-03-31 18:45:00 to 2023-03-06 09:35:00 ]
2023-04-01 10:43:42,458 read VTI from av [ 2023-03-31 19:45:00 to 2023-03-06 04:05:00 ]
2023-04-01 10:49:43,300 Time out ^RUT
2023-04-01 10:49:43,580 read FDN from av [ 2023-03-31 16:00:00 to 2023-03-06 09:30:00 ]
2023-04-01 10:49:43,988 read XLV from av [ 2023-03-31 18:50:00 to 2023-03-06 04:40:00 ]
2023-04-01 10:49:44,382 read IBB from av [ 2023-03-31 18:35:00 to 2023-03-06 08:45:00 ]
2023-04-01 10:49:44,857 read KRE from av [ 2023-03-31 19:55:00 to 2023-03-06 08:40:00 ]
2023-04-01 10:49:46,067 read KBE from av [ 2023-03-31 19:45:00 to 2023-03-06 08:05:00 ]
2023-04-01 10:49:46,725 read XLF from av [ 2023-03-31 20:00:00 to 2023-03-06 04:05:00 ]
2023-04-01 10:49:47,176 read XLP from av [ 2023-03-31 18:15:00 to 2023-03-06 04:15:00 ]
2023-04-01 10:49:47,702 read XLY from av [ 2023-03-31 17:30:00 to 2023-03-06 04:55:00 ]
2023-04-01 10:49:48,050 read VNQ from av [ 2023-03-31 19:45:00 to 2023-03-06 07:55:00 ]
2023-04-01 10:49:48,384 read XLB from av [ 2023-03-31 16:00:00 to 2023-03-06 07:05:00 ]
2023-04-01 10:49:48,726 read XLI from av [ 2023-03-31 17:10:00 to 2023-03-06 06:05:00 ]
2023-04-01 10:49:49,835 read KBWB from av [ 2023-03-31 17:55:00 to 2023-03-06 09:30:00 ]
2023-04-01 10:55:50,604 Time out TVIX
2023-04-01 11:01:51,232 Time out ^VVIX
2023-04-01 11:01:51,797 read VIXM from av [ 2023-03-31 16:00:00 to 2023-03-06 09:35:00 ]
2023-04-01 11:01:53,246 read VIXY from av [ 2023-03-31 20:00:00 to 2023-03-06 04:20:00 ]
2023-04-01 11:01:53,703 read VXX from av [ 2023-03-31 20:00:00 to 2023-03-03 04:05:00 ]
2023-04-01 11:01:55,036 read SVXY from av [ 2023-03-31 20:00:00 to 2023-03-06 04:15:00 ]
2023-04-01 11:01:57,073 read UVXY from av [ 2023-03-31 20:00:00 to 2023-03-06 04:05:00 ]
2023-04-01 11:01:57,581 read VIXY from av [ 2023-03-31 20:00:00 to 2023-03-06 04:20:00 ]
