2023-12-16 07:01:08,439 read QQQ from av [ 2023-12-15 19:55:00 to 2023-11-24 04:00:00 ]
2023-12-16 07:07:10,811 Time out ^VIX
2023-12-16 07:07:11,983 read FAS from av [ 2023-12-15 20:00:00 to 2023-11-24 04:00:00 ]
2023-12-16 07:07:12,819 read MIDU from av [ 2023-12-15 20:00:00 to 2023-11-24 07:10:00 ]
2023-12-16 07:07:13,088 read AAPL from av [ 2023-12-15 19:55:00 to 2023-11-24 04:00:00 ]
2023-12-16 07:07:13,510 read GOOG from av [ 2023-12-15 19:55:00 to 2023-11-24 04:00:00 ]
2023-12-16 07:13:14,321 Time out ^GSPC
2023-12-16 07:19:15,078 Time out ^DJI
2023-12-16 07:25:15,821 Time out ^TNX
2023-12-16 07:25:16,039 read MSFT from av [ 2023-12-15 19:55:00 to 2023-11-24 04:00:00 ]
2023-12-16 07:31:16,853 Time out ^VXGOG
2023-12-16 07:37:17,583 Time out ^VXAPL
2023-12-16 07:43:18,282 Time out ^VXGS
2023-12-16 07:49:19,078 Time out ^VXAZN
2023-12-16 07:55:19,862 Time out ^VXIBM
2023-12-16 07:55:20,089 read GS from av [ 2023-12-15 19:50:00 to 2023-11-24 06:05:00 ]
2023-12-16 07:55:20,451 read IBM from av [ 2023-12-15 19:55:00 to 2023-11-24 04:00:00 ]
2023-12-16 08:01:21,350 Time out FB
2023-12-16 08:07:22,135 Time out ^TYVIX
2023-12-16 08:07:22,368 read SPY from av [ 2023-12-15 20:00:00 to 2023-11-24 04:00:00 ]
2023-12-16 08:07:22,711 read GOOGL from av [ 2023-12-15 19:55:00 to 2023-11-24 04:00:00 ]
2023-12-16 08:07:23,166 read JPM from av [ 2023-12-15 19:55:00 to 2023-11-24 04:00:00 ]
2023-12-16 08:07:23,558 read JNJ from av [ 2023-12-15 19:55:00 to 2023-11-24 04:00:00 ]
2023-12-16 08:07:23,937 read BAC from av [ 2023-12-15 19:55:00 to 2023-11-24 04:00:00 ]
2023-12-16 08:07:24,321 read V from av [ 2023-12-15 19:55:00 to 2023-11-24 04:00:00 ]
2023-12-16 08:07:24,670 read WFC from av [ 2023-12-15 19:55:00 to 2023-11-24 04:00:00 ]
2023-12-16 08:07:25,011 read MA from av [ 2023-12-15 19:55:00 to 2023-11-24 04:00:00 ]
2023-12-16 08:07:25,344 read C from av [ 2023-12-15 19:55:00 to 2023-11-24 04:00:00 ]
2023-12-16 08:07:25,728 read PYPL from av [ 2023-12-15 19:55:00 to 2023-11-24 04:00:00 ]
2023-12-16 08:13:26,873 Time out OIL
2023-12-16 08:19:27,657 Time out DX-Y.NYB
2023-12-16 08:19:27,917 read GLD from av [ 2023-12-15 20:00:00 to 2023-11-24 04:00:00 ]
2023-12-16 08:19:28,231 read UUP from av [ 2023-12-15 20:00:00 to 2023-11-24 06:05:00 ]
2023-12-16 08:19:28,553 read SHY from av [ 2023-12-15 19:50:00 to 2023-11-24 04:00:00 ]
2023-12-16 08:19:29,614 read SHV from av [ 2023-12-15 19:55:00 to 2023-11-24 04:00:00 ]
2023-12-16 08:19:29,977 read IEF from av [ 2023-12-15 19:50:00 to 2023-11-24 04:00:00 ]
2023-12-16 08:25:30,782 Time out ^IRX
2023-12-16 08:31:31,544 Time out ^FVX
2023-12-16 08:37:32,299 Time out ^TYX
2023-12-16 08:37:32,643 read SQQQ from av [ 2023-12-15 19:55:00 to 2023-11-24 04:00:00 ]
2023-12-16 08:37:33,096 read TQQQ from av [ 2023-12-15 19:55:00 to 2023-11-24 04:00:00 ]
2023-12-16 08:43:34,016 Time out ^VXX
2023-12-16 08:49:34,752 Time out ^VXZ
2023-12-16 08:49:35,495 read IYE from av [ 2023-12-15 20:00:00 to 2023-11-24 08:00:00 ]
2023-12-16 08:49:36,093 read IYY from av [ 2023-12-15 20:00:00 to 2023-11-24 08:00:00 ]
2023-12-16 08:49:36,748 read IYF from av [ 2023-12-15 20:00:00 to 2023-11-24 08:00:00 ]
2023-12-16 08:49:37,536 read IYR from av [ 2023-12-15 20:00:00 to 2023-11-24 04:10:00 ]
2023-12-16 08:49:38,377 read IYW from av [ 2023-12-15 20:00:00 to 2023-11-24 04:35:00 ]
2023-12-16 08:49:39,061 read IYT from av [ 2023-12-15 20:00:00 to 2023-11-24 08:00:00 ]
2023-12-16 08:49:39,673 read PEJ from av [ 2023-12-15 20:00:00 to 2023-11-24 09:30:00 ]
2023-12-16 08:49:40,005 read USO from av [ 2023-12-15 20:00:00 to 2023-11-24 04:00:00 ]
2023-12-16 08:49:40,318 read DBC from av [ 2023-12-15 20:00:00 to 2023-11-24 08:00:00 ]
2023-12-16 08:49:40,584 read GSG from av [ 2023-12-15 20:00:00 to 2023-11-24 08:00:00 ]
2023-12-16 08:49:40,871 read VTI from av [ 2023-12-15 20:00:00 to 2023-11-24 04:00:00 ]
2023-12-16 08:55:41,710 Time out ^RUT
2023-12-16 08:55:42,373 read FDN from av [ 2023-12-15 20:00:00 to 2023-11-24 08:00:00 ]
2023-12-16 08:55:42,685 read XLV from av [ 2023-12-15 20:00:00 to 2023-11-24 04:55:00 ]
2023-12-16 08:55:43,481 read IBB from av [ 2023-12-15 17:55:00 to 2023-11-24 07:10:00 ]
2023-12-16 08:55:44,442 read KRE from av [ 2023-12-15 20:00:00 to 2023-11-24 06:10:00 ]
2023-12-16 08:55:45,319 read KBE from av [ 2023-12-15 20:00:00 to 2023-11-24 08:00:00 ]
2023-12-16 08:55:45,616 read XLF from av [ 2023-12-15 20:00:00 to 2023-11-24 04:00:00 ]
2023-12-16 08:55:45,910 read XLP from av [ 2023-12-15 20:00:00 to 2023-11-24 04:00:00 ]
2023-12-16 08:55:46,202 read XLY from av [ 2023-12-15 20:00:00 to 2023-11-24 06:40:00 ]
2023-12-16 08:55:46,542 read VNQ from av [ 2023-12-15 20:00:00 to 2023-11-24 04:00:00 ]
2023-12-16 08:55:46,852 read XLB from av [ 2023-12-15 20:00:00 to 2023-11-24 07:20:00 ]
2023-12-16 08:55:47,151 read XLI from av [ 2023-12-15 20:00:00 to 2023-11-24 04:10:00 ]
2023-12-16 08:55:48,010 read KBWB from av [ 2023-12-15 17:55:00 to 2023-11-24 08:00:00 ]
2023-12-16 09:01:49,281 Time out TVIX
2023-12-16 09:07:49,965 Time out ^VVIX
2023-12-16 09:07:50,526 read VIXM from av [ 2023-12-15 20:00:00 to 2023-11-24 09:20:00 ]
2023-12-16 09:07:51,445 read VIXY from av [ 2023-12-15 20:00:00 to 2023-11-24 04:00:00 ]
2023-12-16 09:07:51,773 read VXX from av [ 2023-12-15 20:00:00 to 2023-11-24 04:00:00 ]
2023-12-16 09:07:52,719 read SVXY from av [ 2023-12-15 20:00:00 to 2023-11-24 04:00:00 ]
2023-12-16 09:07:53,105 read UVXY from av [ 2023-12-15 20:00:00 to 2023-11-24 04:00:00 ]
2023-12-16 09:07:53,471 read VIXY from av [ 2023-12-15 20:00:00 to 2023-11-24 04:00:00 ]
