2023-02-04 10:01:08,772 read QQQ from av [ 2023-02-03 20:00:00 to 2023-01-06 04:05:00 ]
2023-02-04 10:07:09,680 Time out ^VIX
2023-02-04 10:07:09,885 read FAS from av [ 2023-02-03 20:00:00 to 2023-01-06 04:20:00 ]
2023-02-04 10:07:10,302 read MIDU from av [ 2023-02-03 16:00:00 to 2023-01-09 09:35:00 ]
2023-02-04 10:07:10,643 read AAPL from av [ 2023-02-03 20:00:00 to 2023-01-06 04:05:00 ]
2023-02-04 10:07:11,425 read GOOG from av [ 2023-02-03 20:00:00 to 2023-01-06 04:05:00 ]
2023-02-04 10:13:12,225 Time out ^GSPC
2023-02-04 10:19:12,905 Time out ^DJI
2023-02-04 10:25:13,612 Time out ^TNX
2023-02-04 10:25:13,859 read MSFT from av [ 2023-02-03 20:00:00 to 2023-01-06 04:05:00 ]
2023-02-04 10:31:14,594 Time out ^VXGOG
2023-02-04 10:37:15,295 Time out ^VXAPL
2023-02-04 10:43:15,908 Time out ^VXGS
2023-02-04 10:49:16,622 Time out ^VXAZN
2023-02-04 10:55:17,243 Time out ^VXIBM
2023-02-04 10:55:17,491 read GS from av [ 2023-02-03 20:00:00 to 2023-01-09 07:05:00 ]
2023-02-04 10:55:17,839 read IBM from av [ 2023-02-03 19:30:00 to 2023-01-06 08:35:00 ]
2023-02-04 11:01:18,832 Time out FB
2023-02-04 11:07:19,575 Time out ^TYVIX
2023-02-04 11:07:19,835 read SPY from av [ 2023-02-03 20:00:00 to 2023-01-06 04:05:00 ]
2023-02-04 11:07:20,352 read GOOGL from av [ 2023-02-03 20:00:00 to 2023-01-06 04:05:00 ]
2023-02-04 11:07:20,702 read JPM from av [ 2023-02-03 19:15:00 to 2023-01-06 04:15:00 ]
2023-02-04 11:07:21,049 read JNJ from av [ 2023-02-03 19:55:00 to 2023-01-06 06:45:00 ]
2023-02-04 11:07:21,394 read BAC from av [ 2023-02-03 20:00:00 to 2023-01-06 04:05:00 ]
2023-02-04 11:07:21,754 read V from av [ 2023-02-03 19:55:00 to 2023-01-09 04:05:00 ]
2023-02-04 11:07:22,143 read WFC from av [ 2023-02-03 19:40:00 to 2023-01-06 04:15:00 ]
2023-02-04 11:07:22,459 read MA from av [ 2023-02-03 16:15:00 to 2023-01-09 04:05:00 ]
2023-02-04 11:07:22,906 read C from av [ 2023-02-03 20:00:00 to 2023-01-09 04:10:00 ]
2023-02-04 11:07:23,404 read PYPL from av [ 2023-02-03 20:00:00 to 2023-01-06 04:05:00 ]
2023-02-04 11:07:23,913 read OIL from av [ 2023-02-03 17:10:00 to 2023-01-09 09:35:00 ]
2023-02-04 11:13:24,619 Time out DX-Y.NYB
2023-02-04 11:13:24,876 read GLD from av [ 2023-02-03 19:45:00 to 2023-01-09 04:05:00 ]
2023-02-04 11:13:25,875 read UUP from av [ 2023-02-03 19:15:00 to 2023-01-09 06:30:00 ]
2023-02-04 11:13:26,890 read SHY from av [ 2023-02-03 18:35:00 to 2023-01-09 04:05:00 ]
2023-02-04 11:13:27,769 read SHV from av [ 2023-02-03 16:20:00 to 2023-01-09 09:15:00 ]
2023-02-04 11:13:28,810 read IEF from av [ 2023-02-03 16:40:00 to 2023-01-09 04:05:00 ]
2023-02-04 11:19:29,597 Time out ^IRX
2023-02-04 11:25:30,234 Time out ^FVX
2023-02-04 11:31:30,881 Time out ^TYX
2023-02-04 11:31:31,144 read SQQQ from av [ 2023-02-03 20:00:00 to 2023-01-09 04:05:00 ]
2023-02-04 11:31:31,973 read TQQQ from av [ 2023-02-03 20:00:00 to 2023-01-06 04:05:00 ]
2023-02-04 11:37:32,899 Time out ^VXX
2023-02-04 11:43:33,512 Time out ^VXZ
2023-02-04 11:43:34,517 read IYE from av [ 2023-02-03 16:00:00 to 2023-01-09 09:35:00 ]
2023-02-04 11:43:35,156 read IYY from av [ 2023-02-03 16:00:00 to 2023-01-09 09:35:00 ]
2023-02-04 11:43:35,976 read IYF from av [ 2023-02-03 16:00:00 to 2023-01-09 09:35:00 ]
2023-02-04 11:43:37,185 read IYR from av [ 2023-02-03 16:45:00 to 2023-01-09 09:30:00 ]
2023-02-04 11:43:38,032 read IYW from av [ 2023-02-03 16:00:00 to 2023-01-09 09:30:00 ]
2023-02-04 11:43:38,558 read IYT from av [ 2023-02-03 16:00:00 to 2023-01-09 09:35:00 ]
2023-02-04 11:43:39,252 read PEJ from av [ 2023-02-03 16:00:00 to 2023-01-09 09:30:00 ]
2023-02-04 11:43:39,602 read USO from av [ 2023-02-03 19:55:00 to 2023-01-09 04:15:00 ]
2023-02-04 11:43:40,744 read DBC from av [ 2023-02-03 17:15:00 to 2023-01-09 04:05:00 ]
2023-02-04 11:43:41,703 read GSG from av [ 2023-02-03 16:00:00 to 2023-01-09 08:45:00 ]
2023-02-04 11:43:41,989 read VTI from av [ 2023-02-03 17:55:00 to 2023-01-06 07:05:00 ]
2023-02-04 11:49:42,692 Time out ^RUT
2023-02-04 11:49:43,568 read FDN from av [ 2023-02-03 16:15:00 to 2023-01-09 07:05:00 ]
2023-02-04 11:49:43,856 read XLV from av [ 2023-02-03 18:25:00 to 2023-01-09 05:50:00 ]
2023-02-04 11:49:44,978 read IBB from av [ 2023-02-03 16:05:00 to 2023-01-09 08:15:00 ]
2023-02-04 11:49:45,961 read KRE from av [ 2023-02-03 17:05:00 to 2023-01-09 05:20:00 ]
2023-02-04 11:49:46,861 read KBE from av [ 2023-02-03 19:20:00 to 2023-01-09 09:30:00 ]
2023-02-04 11:49:47,169 read XLF from av [ 2023-02-03 20:00:00 to 2023-01-09 04:05:00 ]
2023-02-04 11:49:47,509 read XLP from av [ 2023-02-03 18:50:00 to 2023-01-09 06:45:00 ]
2023-02-04 11:49:47,849 read XLY from av [ 2023-02-03 19:40:00 to 2023-01-06 06:35:00 ]
2023-02-04 11:49:48,213 read VNQ from av [ 2023-02-03 16:45:00 to 2023-01-09 09:30:00 ]
2023-02-04 11:49:48,612 read XLB from av [ 2023-02-03 18:30:00 to 2023-01-09 07:00:00 ]
2023-02-04 11:49:48,918 read XLI from av [ 2023-02-03 17:05:00 to 2023-01-09 07:10:00 ]
2023-02-04 11:49:50,078 read KBWB from av [ 2023-02-03 16:00:00 to 2023-01-09 09:00:00 ]
2023-02-04 11:55:50,746 Time out TVIX
2023-02-04 12:01:51,469 Time out ^VVIX
2023-02-04 12:01:51,817 read VIXM from av [ 2023-02-03 16:00:00 to 2023-01-09 09:35:00 ]
2023-02-04 12:01:52,884 read VIXY from av [ 2023-02-03 19:55:00 to 2023-01-09 07:05:00 ]
2023-02-04 12:01:53,263 read VXX from av [ 2023-02-03 20:00:00 to 2023-01-09 04:35:00 ]
2023-02-04 12:01:54,314 read SVXY from av [ 2023-02-03 17:40:00 to 2023-01-09 04:25:00 ]
2023-02-04 12:01:55,914 read UVXY from av [ 2023-02-03 20:00:00 to 2023-01-09 04:05:00 ]
2023-02-04 12:01:56,353 read VIXY from av [ 2023-02-03 19:55:00 to 2023-01-09 07:05:00 ]
