2023-03-04 10:01:08,171 read QQQ from av [ 2023-03-03 20:00:00 to 2023-02-06 04:05:00 ]
2023-03-04 10:07:09,458 Time out ^VIX
2023-03-04 10:07:09,774 read FAS from av [ 2023-03-03 20:00:00 to 2023-02-06 05:30:00 ]
2023-03-04 10:07:10,239 read MIDU from av [ 2023-03-03 16:00:00 to 2023-02-06 08:35:00 ]
2023-03-04 10:07:10,601 read AAPL from av [ 2023-03-03 20:00:00 to 2023-02-03 04:05:00 ]
2023-03-04 10:07:11,128 read GOOG from av [ 2023-03-03 20:00:00 to 2023-02-03 04:05:00 ]
2023-03-04 10:13:12,532 Time out ^GSPC
2023-03-04 10:19:13,122 Time out ^DJI
2023-03-04 10:25:13,801 Time out ^TNX
2023-03-04 10:25:14,082 read MSFT from av [ 2023-03-03 20:00:00 to 2023-02-03 04:05:00 ]
2023-03-04 10:31:15,025 Time out ^VXGOG
2023-03-04 10:37:15,549 Time out ^VXAPL
2023-03-04 10:43:16,199 Time out ^VXGS
2023-03-04 10:49:16,845 Time out ^VXAZN
2023-03-04 10:55:17,444 Time out ^VXIBM
2023-03-04 10:55:17,715 read GS from av [ 2023-03-03 16:55:00 to 2023-02-06 07:20:00 ]
2023-03-04 10:55:18,005 read IBM from av [ 2023-03-03 18:35:00 to 2023-02-03 04:15:00 ]
2023-03-04 11:01:18,811 Time out FB
2023-03-04 11:07:19,599 Time out ^TYVIX
2023-03-04 11:07:19,856 read SPY from av [ 2023-03-03 20:00:00 to 2023-02-03 04:05:00 ]
2023-03-04 11:07:20,361 read GOOGL from av [ 2023-03-03 20:00:00 to 2023-02-03 04:05:00 ]
2023-03-04 11:07:20,781 read JPM from av [ 2023-03-03 20:00:00 to 2023-02-06 06:25:00 ]
2023-03-04 11:07:21,137 read JNJ from av [ 2023-03-03 19:30:00 to 2023-02-06 08:05:00 ]
2023-03-04 11:07:21,467 read BAC from av [ 2023-03-03 20:00:00 to 2023-02-03 04:10:00 ]
2023-03-04 11:07:21,843 read V from av [ 2023-03-03 17:00:00 to 2023-02-03 04:05:00 ]
2023-03-04 11:07:22,206 read WFC from av [ 2023-03-03 19:15:00 to 2023-02-06 04:05:00 ]
2023-03-04 11:07:22,538 read MA from av [ 2023-03-03 17:20:00 to 2023-02-06 09:35:00 ]
2023-03-04 11:07:22,873 read C from av [ 2023-03-03 19:55:00 to 2023-02-03 04:50:00 ]
2023-03-04 11:07:23,271 read PYPL from av [ 2023-03-03 20:00:00 to 2023-02-06 04:05:00 ]
2023-03-04 11:07:23,625 read OIL from av [ 2023-03-03 16:00:00 to 2023-02-06 09:35:00 ]
2023-03-04 11:13:24,235 Time out DX-Y.NYB
2023-03-04 11:13:24,483 read GLD from av [ 2023-03-03 19:25:00 to 2023-02-06 04:05:00 ]
2023-03-04 11:13:24,884 read UUP from av [ 2023-03-03 19:00:00 to 2023-02-06 06:05:00 ]
2023-03-04 11:13:25,923 read SHY from av [ 2023-03-03 17:05:00 to 2023-02-06 04:05:00 ]
2023-03-04 11:13:26,805 read SHV from av [ 2023-03-03 18:35:00 to 2023-02-06 05:35:00 ]
2023-03-04 11:13:27,763 read IEF from av [ 2023-03-03 16:30:00 to 2023-02-06 05:35:00 ]
2023-03-04 11:19:28,409 Time out ^IRX
2023-03-04 11:25:29,066 Time out ^FVX
2023-03-04 11:31:29,740 Time out ^TYX
2023-03-04 11:31:30,081 read SQQQ from av [ 2023-03-03 20:00:00 to 2023-02-03 04:05:00 ]
2023-03-04 11:31:30,605 read TQQQ from av [ 2023-03-03 20:00:00 to 2023-02-06 04:05:00 ]
2023-03-04 11:37:31,568 Time out ^VXX
2023-03-04 11:43:32,224 Time out ^VXZ
2023-03-04 11:43:32,976 read IYE from av [ 2023-03-03 16:00:00 to 2023-02-06 09:35:00 ]
2023-03-04 11:43:33,656 read IYY from av [ 2023-03-03 16:00:00 to 2023-02-06 09:35:00 ]
2023-03-04 11:43:34,438 read IYF from av [ 2023-03-03 16:00:00 to 2023-02-06 09:35:00 ]
2023-03-04 11:43:35,321 read IYR from av [ 2023-03-03 16:05:00 to 2023-02-06 09:35:00 ]
2023-03-04 11:43:36,344 read IYW from av [ 2023-03-03 16:00:00 to 2023-02-06 09:35:00 ]
2023-03-04 11:43:36,601 read IYT from av [ 2023-03-03 16:00:00 to 2023-02-06 07:50:00 ]
2023-03-04 11:43:36,929 read PEJ from av [ 2023-03-03 16:00:00 to 2023-02-06 09:35:00 ]
2023-03-04 11:43:37,291 read USO from av [ 2023-03-03 20:00:00 to 2023-02-06 04:15:00 ]
2023-03-04 11:43:37,647 read DBC from av [ 2023-03-03 16:00:00 to 2023-02-06 06:45:00 ]
2023-03-04 11:43:37,913 read GSG from av [ 2023-03-03 16:00:00 to 2023-02-06 04:40:00 ]
2023-03-04 11:43:38,434 read VTI from av [ 2023-03-03 18:45:00 to 2023-02-03 04:15:00 ]
2023-03-04 11:49:39,356 Time out ^RUT
2023-03-04 11:49:39,626 read FDN from av [ 2023-03-03 16:00:00 to 2023-02-06 07:05:00 ]
2023-03-04 11:49:39,924 read XLV from av [ 2023-03-03 20:00:00 to 2023-02-06 04:35:00 ]
2023-03-04 11:49:40,253 read IBB from av [ 2023-03-03 16:55:00 to 2023-02-06 09:35:00 ]
2023-03-04 11:49:40,606 read KRE from av [ 2023-03-03 16:50:00 to 2023-02-06 07:20:00 ]
2023-03-04 11:49:41,707 read KBE from av [ 2023-03-03 16:05:00 to 2023-02-06 09:30:00 ]
2023-03-04 11:49:42,090 read XLF from av [ 2023-03-03 19:05:00 to 2023-02-06 04:20:00 ]
2023-03-04 11:49:42,476 read XLP from av [ 2023-03-03 18:25:00 to 2023-02-06 04:50:00 ]
2023-03-04 11:49:42,817 read XLY from av [ 2023-03-03 17:10:00 to 2023-02-06 05:05:00 ]
2023-03-04 11:49:43,138 read VNQ from av [ 2023-03-03 16:50:00 to 2023-02-06 05:15:00 ]
2023-03-04 11:49:43,440 read XLB from av [ 2023-03-03 18:40:00 to 2023-02-06 04:10:00 ]
2023-03-04 11:49:43,765 read XLI from av [ 2023-03-03 19:20:00 to 2023-02-06 06:10:00 ]
2023-03-04 11:49:44,669 read KBWB from av [ 2023-03-03 16:00:00 to 2023-02-06 09:35:00 ]
2023-03-04 11:55:45,365 Time out TVIX
2023-03-04 12:01:47,510 Time out ^VVIX
2023-03-04 12:01:48,766 read VIXM from av [ 2023-03-03 16:00:00 to 2023-02-06 07:10:00 ]
2023-03-04 12:01:51,522 read VIXY from av [ 2023-03-03 20:00:00 to 2023-02-06 04:05:00 ]
2023-03-04 12:01:54,273 read VXX from av [ 2023-03-03 20:00:00 to 2023-02-06 04:05:00 ]
2023-03-04 12:01:57,759 read SVXY from av [ 2023-03-03 18:30:00 to 2023-02-06 04:20:00 ]
2023-03-04 12:02:01,514 read UVXY from av [ 2023-03-03 20:00:00 to 2023-02-06 04:05:00 ]
2023-03-04 12:02:05,279 read VIXY from av [ 2023-03-03 20:00:00 to 2023-02-06 04:05:00 ]
