2023-10-05 22:42:08,856 read QQQ from av [ 2023-10-04 19:55:00 to 2023-09-13 04:00:00 ]
2023-10-05 22:48:12,776 Time out ^VIX
2023-10-05 22:48:13,704 read FAS from av [ 2023-10-04 20:00:00 to 2023-09-13 04:00:00 ]
2023-10-05 22:48:14,374 read MIDU from av [ 2023-10-04 20:00:00 to 2023-09-13 09:30:00 ]
2023-10-05 22:48:14,766 read AAPL from av [ 2023-10-04 19:55:00 to 2023-09-13 04:00:00 ]
2023-10-05 22:48:15,053 read GOOG from av [ 2023-10-04 19:55:00 to 2023-09-13 04:00:00 ]
2023-10-05 22:54:15,940 Time out ^GSPC
2023-10-05 23:00:16,687 Time out ^DJI
2023-10-05 23:06:22,013 Time out ^TNX
2023-10-05 23:06:26,741 read MSFT from av [ 2023-10-04 19:55:00 to 2023-09-13 04:00:00 ]
2023-10-05 23:12:28,729 Time out ^VXGOG
2023-10-05 23:18:29,514 Time out ^VXAPL
2023-10-05 23:24:30,558 Time out ^VXGS
2023-10-05 23:30:31,333 Time out ^VXAZN
2023-10-05 23:36:32,201 Time out ^VXIBM
2023-10-05 23:36:32,458 read GS from av [ 2023-10-04 19:35:00 to 2023-09-13 04:15:00 ]
2023-10-05 23:36:32,779 read IBM from av [ 2023-10-04 19:50:00 to 2023-09-13 04:00:00 ]
2023-10-05 23:42:33,598 Time out FB
2023-10-05 23:48:34,349 Time out ^TYVIX
2023-10-05 23:48:34,636 read SPY from av [ 2023-10-04 20:00:00 to 2023-09-13 04:00:00 ]
2023-10-05 23:48:34,929 read GOOGL from av [ 2023-10-04 19:55:00 to 2023-09-13 04:00:00 ]
2023-10-05 23:48:35,221 read JPM from av [ 2023-10-04 19:55:00 to 2023-09-13 04:00:00 ]
2023-10-05 23:48:35,785 read JNJ from av [ 2023-10-04 19:55:00 to 2023-09-13 04:00:00 ]
2023-10-05 23:48:36,092 read BAC from av [ 2023-10-04 19:55:00 to 2023-09-13 04:00:00 ]
2023-10-05 23:48:36,356 read V from av [ 2023-10-04 19:50:00 to 2023-09-13 04:00:00 ]
2023-10-05 23:48:36,596 read WFC from av [ 2023-10-04 19:50:00 to 2023-09-13 04:40:00 ]
2023-10-05 23:48:36,874 read MA from av [ 2023-10-04 19:35:00 to 2023-09-13 04:00:00 ]
2023-10-05 23:50:38,221 read C from av [ 2023-10-04 19:55:00 to 2023-09-13 04:00:00 ]
2023-10-05 23:50:38,524 read PYPL from av [ 2023-10-04 19:55:00 to 2023-09-13 04:00:00 ]
2023-10-05 23:56:40,019 Time out OIL
2023-10-06 00:02:40,779 Time out DX-Y.NYB
2023-10-06 00:02:41,153 read GLD from av [ 2023-10-04 20:00:00 to 2023-09-13 04:05:00 ]
2023-10-06 00:02:42,054 read UUP from av [ 2023-10-05 20:00:00 to 2023-09-14 07:50:00 ]
2023-10-06 00:02:43,091 read SHY from av [ 2023-10-05 18:10:00 to 2023-09-14 04:15:00 ]
2023-10-06 00:02:43,531 read SHV from av [ 2023-10-04 19:55:00 to 2023-09-13 04:00:00 ]
2023-10-06 00:02:43,890 read IEF from av [ 2023-10-04 19:30:00 to 2023-09-13 04:30:00 ]
2023-10-06 00:08:44,913 Time out ^IRX
2023-10-06 00:14:45,684 Time out ^FVX
2023-10-06 00:20:46,374 Time out ^TYX
2023-10-06 00:20:47,677 read SQQQ from av [ 2023-10-05 19:55:00 to 2023-09-14 04:00:00 ]
2023-10-06 00:20:49,061 read TQQQ from av [ 2023-10-05 19:55:00 to 2023-09-14 04:00:00 ]
2023-10-06 00:26:50,020 Time out ^VXX
2023-10-06 00:32:50,865 Time out ^VXZ
2023-10-06 00:32:51,546 read IYE from av [ 2023-10-05 20:00:00 to 2023-09-14 06:05:00 ]
2023-10-06 00:32:52,164 read IYY from av [ 2023-10-05 20:00:00 to 2023-09-14 08:00:00 ]
2023-10-06 00:32:52,881 read IYF from av [ 2023-10-05 20:00:00 to 2023-09-14 07:00:00 ]
2023-10-06 00:32:53,717 read IYR from av [ 2023-10-05 20:00:00 to 2023-09-14 07:15:00 ]
2023-10-06 00:32:54,437 read IYW from av [ 2023-10-05 20:00:00 to 2023-09-14 07:15:00 ]
2023-10-06 00:32:55,238 read IYT from av [ 2023-10-05 20:00:00 to 2023-09-14 08:00:00 ]
2023-10-06 00:32:55,761 read PEJ from av [ 2023-10-05 20:00:00 to 2023-09-14 08:00:00 ]
2023-10-06 00:32:56,926 read USO from av [ 2023-10-05 20:00:00 to 2023-09-14 04:00:00 ]
2023-10-06 00:32:57,767 read DBC from av [ 2023-10-05 20:00:00 to 2023-09-14 04:05:00 ]
2023-10-06 00:32:58,500 read GSG from av [ 2023-10-05 20:00:00 to 2023-09-14 07:00:00 ]
2023-10-06 00:32:58,780 read VTI from av [ 2023-10-05 20:00:00 to 2023-09-14 04:00:00 ]
2023-10-06 00:38:59,640 Time out ^RUT
2023-10-06 00:39:00,563 read FDN from av [ 2023-10-05 20:00:00 to 2023-09-14 07:30:00 ]
2023-10-06 00:39:00,857 read XLV from av [ 2023-10-05 20:00:00 to 2023-09-14 04:15:00 ]
2023-10-06 00:39:02,402 read IBB from av [ 2023-10-05 19:35:00 to 2023-09-14 07:00:00 ]
2023-10-06 00:39:03,434 read KRE from av [ 2023-10-05 20:00:00 to 2023-09-14 05:40:00 ]
2023-10-06 00:39:06,966 read KBE from av [ 2023-10-05 20:00:00 to 2023-09-14 08:00:00 ]
2023-10-06 00:39:07,541 read XLF from av [ 2023-10-05 20:00:00 to 2023-09-14 04:10:00 ]
2023-10-06 00:39:08,961 read XLP from av [ 2023-10-05 20:00:00 to 2023-09-14 04:10:00 ]
2023-10-06 00:39:09,779 read XLY from av [ 2023-10-05 20:00:00 to 2023-09-14 05:00:00 ]
2023-10-06 00:39:10,743 read VNQ from av [ 2023-10-05 20:00:00 to 2023-09-14 04:00:00 ]
2023-10-06 00:39:11,470 read XLB from av [ 2023-10-05 20:00:00 to 2023-09-14 06:25:00 ]
2023-10-06 00:39:12,855 read XLI from av [ 2023-10-05 20:00:00 to 2023-09-14 04:00:00 ]
2023-10-06 00:39:13,628 read KBWB from av [ 2023-10-05 19:35:00 to 2023-09-14 08:00:00 ]
2023-10-06 00:45:14,541 Time out TVIX
2023-10-06 00:51:15,498 Time out ^VVIX
2023-10-06 00:51:16,158 read VIXM from av [ 2023-10-05 20:00:00 to 2023-09-14 08:05:00 ]
2023-10-06 00:51:17,214 read VIXY from av [ 2023-10-05 20:00:00 to 2023-09-14 04:00:00 ]
2023-10-06 00:51:18,348 read VXX from av [ 2023-10-05 20:00:00 to 2023-09-14 04:00:00 ]
2023-10-06 00:51:19,551 read SVXY from av [ 2023-10-05 20:00:00 to 2023-09-14 04:00:00 ]
2023-10-06 00:51:20,687 read UVXY from av [ 2023-10-05 20:00:00 to 2023-09-14 04:00:00 ]
2023-10-06 00:51:21,068 read VIXY from av [ 2023-10-05 20:00:00 to 2023-09-14 04:00:00 ]
