2023-12-09 07:01:08,107 read QQQ from av [ 2023-12-08 19:55:00 to 2023-11-17 04:00:00 ]
2023-12-09 07:07:10,521 Time out ^VIX
2023-12-09 07:07:11,349 read FAS from av [ 2023-12-08 20:00:00 to 2023-11-17 04:05:00 ]
2023-12-09 07:07:12,015 read MIDU from av [ 2023-12-08 20:00:00 to 2023-11-17 07:00:00 ]
2023-12-09 07:07:12,272 read AAPL from av [ 2023-12-08 19:55:00 to 2023-11-17 04:00:00 ]
2023-12-09 07:07:12,596 read GOOG from av [ 2023-12-08 19:55:00 to 2023-11-17 04:00:00 ]
2023-12-09 07:13:13,364 Time out ^GSPC
2023-12-09 07:19:13,993 Time out ^DJI
2023-12-09 07:25:14,774 Time out ^TNX
2023-12-09 07:25:15,012 read MSFT from av [ 2023-12-08 19:55:00 to 2023-11-17 04:00:00 ]
2023-12-09 07:31:15,773 Time out ^VXGOG
2023-12-09 07:37:16,507 Time out ^VXAPL
2023-12-09 07:43:17,137 Time out ^VXGS
2023-12-09 07:49:17,811 Time out ^VXAZN
2023-12-09 07:55:18,506 Time out ^VXIBM
2023-12-09 07:55:18,727 read GS from av [ 2023-12-08 19:55:00 to 2023-11-17 06:30:00 ]
2023-12-09 07:55:19,005 read IBM from av [ 2023-12-08 19:50:00 to 2023-11-17 04:05:00 ]
2023-12-09 08:01:19,775 Time out FB
2023-12-09 08:07:20,481 Time out ^TYVIX
2023-12-09 08:07:20,723 read SPY from av [ 2023-12-08 20:00:00 to 2023-11-17 04:00:00 ]
2023-12-09 08:07:21,071 read GOOGL from av [ 2023-12-08 19:55:00 to 2023-11-17 04:00:00 ]
2023-12-09 08:07:21,409 read JPM from av [ 2023-12-08 19:55:00 to 2023-11-17 04:00:00 ]
2023-12-09 08:07:21,743 read JNJ from av [ 2023-12-08 19:55:00 to 2023-11-17 04:00:00 ]
2023-12-09 08:07:22,076 read BAC from av [ 2023-12-08 19:55:00 to 2023-11-17 04:00:00 ]
2023-12-09 08:07:22,403 read V from av [ 2023-12-08 19:55:00 to 2023-11-17 04:00:00 ]
2023-12-09 08:07:22,705 read WFC from av [ 2023-12-08 19:55:00 to 2023-11-17 04:00:00 ]
2023-12-09 08:07:23,064 read MA from av [ 2023-12-08 19:55:00 to 2023-11-17 04:05:00 ]
2023-12-09 08:07:23,377 read C from av [ 2023-12-08 19:55:00 to 2023-11-17 04:00:00 ]
2023-12-09 08:07:23,722 read PYPL from av [ 2023-12-08 19:55:00 to 2023-11-17 04:00:00 ]
2023-12-09 08:13:24,923 Time out OIL
2023-12-09 08:19:25,661 Time out DX-Y.NYB
2023-12-09 08:19:25,922 read GLD from av [ 2023-12-08 20:00:00 to 2023-11-17 04:00:00 ]
2023-12-09 08:19:26,737 read UUP from av [ 2023-12-08 20:00:00 to 2023-11-17 05:20:00 ]
2023-12-09 08:19:27,576 read SHY from av [ 2023-12-08 19:55:00 to 2023-11-17 04:00:00 ]
2023-12-09 08:19:28,579 read SHV from av [ 2023-12-08 19:55:00 to 2023-11-17 04:00:00 ]
2023-12-09 08:19:29,490 read IEF from av [ 2023-12-08 19:40:00 to 2023-11-17 04:00:00 ]
2023-12-09 08:25:30,268 Time out ^IRX
2023-12-09 08:31:30,948 Time out ^FVX
2023-12-09 08:37:31,642 Time out ^TYX
2023-12-09 08:37:31,992 read SQQQ from av [ 2023-12-08 19:55:00 to 2023-11-17 04:00:00 ]
2023-12-09 08:37:32,411 read TQQQ from av [ 2023-12-08 19:55:00 to 2023-11-17 04:00:00 ]
2023-12-09 08:43:33,250 Time out ^VXX
2023-12-09 08:49:34,005 Time out ^VXZ
2023-12-09 08:49:34,664 read IYE from av [ 2023-12-08 20:00:00 to 2023-11-17 08:00:00 ]
2023-12-09 08:49:35,286 read IYY from av [ 2023-12-08 20:00:00 to 2023-11-17 09:30:00 ]
2023-12-09 08:49:35,944 read IYF from av [ 2023-12-08 20:00:00 to 2023-11-17 09:25:00 ]
2023-12-09 08:49:36,673 read IYR from av [ 2023-12-08 20:00:00 to 2023-11-17 04:10:00 ]
2023-12-09 08:49:37,473 read IYW from av [ 2023-12-08 20:00:00 to 2023-11-17 08:00:00 ]
2023-12-09 08:49:38,156 read IYT from av [ 2023-12-08 20:00:00 to 2023-11-17 08:00:00 ]
2023-12-09 08:49:38,728 read PEJ from av [ 2023-12-08 20:00:00 to 2023-11-17 07:05:00 ]
2023-12-09 08:49:39,036 read USO from av [ 2023-12-08 20:00:00 to 2023-11-17 04:00:00 ]
2023-12-09 08:49:39,855 read DBC from av [ 2023-12-08 20:00:00 to 2023-11-17 04:00:00 ]
2023-12-09 08:49:40,535 read GSG from av [ 2023-12-08 20:00:00 to 2023-11-17 04:00:00 ]
2023-12-09 08:49:40,849 read VTI from av [ 2023-12-08 20:00:00 to 2023-11-17 04:00:00 ]
2023-12-09 08:55:41,661 Time out ^RUT
2023-12-09 08:55:42,339 read FDN from av [ 2023-12-08 20:00:00 to 2023-11-17 08:00:00 ]
2023-12-09 08:55:42,634 read XLV from av [ 2023-12-08 20:00:00 to 2023-11-17 04:20:00 ]
2023-12-09 08:55:43,398 read IBB from av [ 2023-12-08 18:45:00 to 2023-11-17 06:05:00 ]
2023-12-09 08:55:44,305 read KRE from av [ 2023-12-08 20:00:00 to 2023-11-17 04:00:00 ]
2023-12-09 08:55:45,051 read KBE from av [ 2023-12-08 20:00:00 to 2023-11-17 04:00:00 ]
2023-12-09 08:55:45,347 read XLF from av [ 2023-12-08 20:00:00 to 2023-11-17 04:05:00 ]
2023-12-09 08:55:45,627 read XLP from av [ 2023-12-08 20:00:00 to 2023-11-17 04:00:00 ]
2023-12-09 08:55:45,927 read XLY from av [ 2023-12-08 20:00:00 to 2023-11-17 04:05:00 ]
2023-12-09 08:55:46,830 read VNQ from av [ 2023-12-08 20:00:00 to 2023-11-17 04:00:00 ]
2023-12-09 08:55:47,152 read XLB from av [ 2023-12-08 20:00:00 to 2023-11-17 04:15:00 ]
2023-12-09 08:55:47,411 read XLI from av [ 2023-12-08 20:00:00 to 2023-11-17 07:10:00 ]
2023-12-09 08:55:48,118 read KBWB from av [ 2023-12-08 18:15:00 to 2023-11-17 07:05:00 ]
2023-12-09 09:01:49,215 Time out TVIX
2023-12-09 09:07:49,956 Time out ^VVIX
2023-12-09 09:07:50,502 read VIXM from av [ 2023-12-08 20:00:00 to 2023-11-17 08:05:00 ]
2023-12-09 09:07:51,438 read VIXY from av [ 2023-12-08 20:00:00 to 2023-11-17 04:00:00 ]
2023-12-09 09:07:51,737 read VXX from av [ 2023-12-08 20:00:00 to 2023-11-17 04:00:00 ]
2023-12-09 09:07:52,607 read SVXY from av [ 2023-12-08 20:00:00 to 2023-11-17 04:00:00 ]
2023-12-09 09:07:53,870 read UVXY from av [ 2023-12-08 20:00:00 to 2023-11-17 04:00:00 ]
2023-12-09 09:07:54,172 read VIXY from av [ 2023-12-08 20:00:00 to 2023-11-17 04:00:00 ]
