2023-01-28 10:01:08,004 read QQQ from av [ 2023-01-27 20:00:00 to 2022-12-30 04:05:00 ]
2023-01-28 10:07:08,932 Time out ^VIX
2023-01-28 10:07:09,129 read FAS from av [ 2023-01-27 18:20:00 to 2023-01-03 04:25:00 ]
2023-01-28 10:07:09,464 read MIDU from av [ 2023-01-27 16:00:00 to 2023-01-03 09:35:00 ]
2023-01-28 10:07:09,772 read AAPL from av [ 2023-01-27 20:00:00 to 2022-12-30 04:05:00 ]
2023-01-28 10:07:10,264 read GOOG from av [ 2023-01-27 20:00:00 to 2022-12-30 04:05:00 ]
2023-01-28 10:13:11,385 Time out ^GSPC
2023-01-28 10:19:12,198 Time out ^DJI
2023-01-28 10:25:12,922 Time out ^TNX
2023-01-28 10:25:13,474 read MSFT from av [ 2023-01-27 20:00:00 to 2022-12-30 04:05:00 ]
2023-01-28 10:31:14,227 Time out ^VXGOG
2023-01-28 10:37:14,765 Time out ^VXAPL
2023-01-28 10:43:15,437 Time out ^VXGS
2023-01-28 10:49:16,115 Time out ^VXAZN
2023-01-28 10:55:16,847 Time out ^VXIBM
2023-01-28 10:55:17,049 read GS from av [ 2023-01-27 17:05:00 to 2022-12-30 07:40:00 ]
2023-01-28 10:55:17,436 read IBM from av [ 2023-01-27 20:00:00 to 2022-12-30 08:15:00 ]
2023-01-28 11:01:18,257 Time out FB
2023-01-28 11:07:18,935 Time out ^TYVIX
2023-01-28 11:07:19,305 read SPY from av [ 2023-01-27 20:00:00 to 2022-12-30 04:05:00 ]
2023-01-28 11:07:19,766 read GOOGL from av [ 2023-01-27 20:00:00 to 2022-12-30 04:05:00 ]
2023-01-28 11:07:20,373 read JPM from av [ 2023-01-27 19:25:00 to 2022-12-30 07:50:00 ]
2023-01-28 11:07:20,925 read JNJ from av [ 2023-01-27 19:55:00 to 2022-12-30 08:15:00 ]
2023-01-28 11:07:21,414 read BAC from av [ 2023-01-27 20:00:00 to 2022-12-30 04:05:00 ]
2023-01-28 11:07:21,764 read V from av [ 2023-01-27 19:25:00 to 2022-12-30 04:05:00 ]
2023-01-28 11:07:22,256 read WFC from av [ 2023-01-27 19:35:00 to 2023-01-03 04:05:00 ]
2023-01-28 11:07:22,564 read MA from av [ 2023-01-27 18:00:00 to 2023-01-03 04:05:00 ]
2023-01-28 11:07:22,859 read C from av [ 2023-01-27 20:00:00 to 2023-01-03 04:05:00 ]
2023-01-28 11:07:23,213 read PYPL from av [ 2023-01-27 20:00:00 to 2022-12-30 04:05:00 ]
2023-01-28 11:07:23,496 read OIL from av [ 2023-01-27 16:00:00 to 2023-01-03 07:05:00 ]
2023-01-28 11:13:24,187 Time out DX-Y.NYB
2023-01-28 11:13:24,517 read GLD from av [ 2023-01-27 20:00:00 to 2023-01-03 04:05:00 ]
2023-01-28 11:13:24,890 read UUP from av [ 2023-01-27 20:00:00 to 2023-01-03 04:05:00 ]
2023-01-28 11:13:25,792 read SHY from av [ 2023-01-27 17:45:00 to 2023-01-03 05:05:00 ]
2023-01-28 11:13:26,639 read SHV from av [ 2023-01-27 19:15:00 to 2023-01-03 07:50:00 ]
2023-01-28 11:13:27,886 read IEF from av [ 2023-01-27 16:45:00 to 2023-01-03 07:20:00 ]
2023-01-28 11:19:28,727 Time out ^IRX
2023-01-28 11:25:29,457 Time out ^FVX
2023-01-28 11:31:30,125 Time out ^TYX
2023-01-28 11:31:30,391 read SQQQ from av [ 2023-01-27 20:00:00 to 2023-01-03 04:05:00 ]
2023-01-28 11:31:30,857 read TQQQ from av [ 2023-01-27 20:00:00 to 2023-01-03 04:05:00 ]
2023-01-28 11:37:31,735 Time out ^VXX
2023-01-28 11:43:32,349 Time out ^VXZ
2023-01-28 11:43:33,366 read IYE from av [ 2023-01-27 16:00:00 to 2023-01-03 07:55:00 ]
2023-01-28 11:43:34,053 read IYY from av [ 2023-01-27 16:00:00 to 2023-01-03 09:35:00 ]
2023-01-28 11:43:34,944 read IYF from av [ 2023-01-27 16:00:00 to 2023-01-03 09:30:00 ]
2023-01-28 11:43:35,886 read IYR from av [ 2023-01-27 16:10:00 to 2023-01-03 08:10:00 ]
2023-01-28 11:43:36,618 read IYW from av [ 2023-01-27 16:00:00 to 2023-01-03 07:20:00 ]
2023-01-28 11:43:36,960 read IYT from av [ 2023-01-27 16:00:00 to 2023-01-03 09:35:00 ]
2023-01-28 11:43:37,263 read PEJ from av [ 2023-01-27 16:00:00 to 2023-01-03 09:30:00 ]
2023-01-28 11:43:37,582 read USO from av [ 2023-01-27 18:15:00 to 2023-01-03 04:25:00 ]
2023-01-28 11:43:38,630 read DBC from av [ 2023-01-27 16:00:00 to 2023-01-03 08:25:00 ]
2023-01-28 11:43:39,402 read GSG from av [ 2023-01-27 16:00:00 to 2023-01-03 09:15:00 ]
2023-01-28 11:43:39,797 read VTI from av [ 2023-01-27 20:00:00 to 2023-01-03 07:35:00 ]
2023-01-28 11:49:40,584 Time out ^RUT
2023-01-28 11:49:40,797 read FDN from av [ 2023-01-27 16:00:00 to 2023-01-03 09:30:00 ]
2023-01-28 11:49:41,168 read XLV from av [ 2023-01-27 19:35:00 to 2023-01-03 04:15:00 ]
2023-01-28 11:49:41,484 read IBB from av [ 2023-01-27 16:05:00 to 2023-01-03 09:35:00 ]
2023-01-28 11:49:41,808 read KRE from av [ 2023-01-27 17:05:00 to 2023-01-03 08:05:00 ]
2023-01-28 11:49:42,223 read KBE from av [ 2023-01-27 16:05:00 to 2023-01-03 09:35:00 ]
2023-01-28 11:49:42,532 read XLF from av [ 2023-01-27 20:00:00 to 2023-01-03 04:05:00 ]
2023-01-28 11:49:42,873 read XLP from av [ 2023-01-27 17:30:00 to 2023-01-03 08:15:00 ]
2023-01-28 11:49:43,284 read XLY from av [ 2023-01-27 17:15:00 to 2023-01-03 04:05:00 ]
2023-01-28 11:49:43,574 read VNQ from av [ 2023-01-27 16:15:00 to 2023-01-03 04:05:00 ]
2023-01-28 11:49:43,861 read XLB from av [ 2023-01-27 18:45:00 to 2023-01-03 09:00:00 ]
2023-01-28 11:49:44,145 read XLI from av [ 2023-01-27 18:35:00 to 2023-01-03 06:45:00 ]
2023-01-28 11:49:45,094 read KBWB from av [ 2023-01-27 16:05:00 to 2023-01-03 09:35:00 ]
2023-01-28 11:55:45,887 Time out TVIX
2023-01-28 12:01:46,568 Time out ^VVIX
2023-01-28 12:01:47,090 read VIXM from av [ 2023-01-27 16:00:00 to 2023-01-03 09:35:00 ]
2023-01-28 12:01:48,193 read VIXY from av [ 2023-01-27 19:55:00 to 2023-01-03 04:10:00 ]
2023-01-28 12:01:48,540 read VXX from av [ 2023-01-27 20:00:00 to 2023-01-03 04:05:00 ]
2023-01-28 12:01:49,598 read SVXY from av [ 2023-01-27 16:20:00 to 2023-01-03 04:05:00 ]
2023-01-28 12:01:50,242 read UVXY from av [ 2023-01-27 20:00:00 to 2023-01-03 04:05:00 ]
2023-01-28 12:01:50,664 read VIXY from av [ 2023-01-27 19:55:00 to 2023-01-03 04:10:00 ]
