2023-01-14 10:01:07,546 read QQQ from av [ 2023-01-13 20:00:00 to 2022-12-19 04:05:00 ]
2023-01-14 10:07:08,385 Time out ^VIX
2023-01-14 10:07:08,572 read FAS from av [ 2023-01-13 19:50:00 to 2022-12-19 07:35:00 ]
2023-01-14 10:07:08,929 read MIDU from av [ 2023-01-13 20:00:00 to 2022-12-19 09:35:00 ]
2023-01-14 10:07:09,243 read AAPL from av [ 2023-01-13 20:00:00 to 2022-12-16 04:05:00 ]
2023-01-14 10:07:09,591 read GOOG from av [ 2023-01-13 20:00:00 to 2022-12-19 04:10:00 ]
2023-01-14 10:13:10,470 Time out ^GSPC
2023-01-14 10:19:11,052 Time out ^DJI
2023-01-14 10:25:11,540 Time out ^TNX
2023-01-14 10:25:11,786 read MSFT from av [ 2023-01-13 20:00:00 to 2022-12-16 04:05:00 ]
2023-01-14 10:31:12,514 Time out ^VXGOG
2023-01-14 10:37:13,088 Time out ^VXAPL
2023-01-14 10:43:13,683 Time out ^VXGS
2023-01-14 10:49:14,305 Time out ^VXAZN
2023-01-14 10:55:14,947 Time out ^VXIBM
2023-01-14 10:55:15,296 read GS from av [ 2023-01-13 19:45:00 to 2022-12-19 07:05:00 ]
2023-01-14 10:55:15,606 read IBM from av [ 2023-01-13 16:30:00 to 2022-12-16 04:05:00 ]
2023-01-14 11:01:16,374 Time out FB
2023-01-14 11:07:17,149 Time out ^TYVIX
2023-01-14 11:07:17,744 read SPY from av [ 2023-01-13 20:00:00 to 2022-12-16 04:05:00 ]
2023-01-14 11:07:18,208 read GOOGL from av [ 2023-01-13 20:00:00 to 2022-12-16 04:05:00 ]
2023-01-14 11:07:18,607 read JPM from av [ 2023-01-13 19:50:00 to 2022-12-16 05:00:00 ]
2023-01-14 11:07:18,977 read JNJ from av [ 2023-01-13 17:45:00 to 2022-12-16 07:40:00 ]
2023-01-14 11:07:19,334 read BAC from av [ 2023-01-13 20:00:00 to 2022-12-16 04:05:00 ]
2023-01-14 11:07:19,653 read V from av [ 2023-01-13 17:10:00 to 2022-12-19 08:05:00 ]
2023-01-14 11:07:20,003 read WFC from av [ 2023-01-13 20:00:00 to 2022-12-19 04:50:00 ]
2023-01-14 11:07:20,296 read MA from av [ 2023-01-13 20:00:00 to 2022-12-19 04:10:00 ]
2023-01-14 11:07:20,597 read C from av [ 2023-01-13 20:00:00 to 2022-12-19 04:15:00 ]
2023-01-14 11:07:20,932 read PYPL from av [ 2023-01-13 19:25:00 to 2022-12-19 04:05:00 ]
2023-01-14 11:07:21,285 read OIL from av [ 2023-01-13 16:10:00 to 2022-12-19 09:00:00 ]
2023-01-14 11:13:21,980 Time out DX-Y.NYB
2023-01-14 11:13:22,196 read GLD from av [ 2023-01-13 20:00:00 to 2022-12-19 04:05:00 ]
2023-01-14 11:13:22,535 read UUP from av [ 2023-01-13 19:50:00 to 2022-12-19 04:05:00 ]
2023-01-14 11:13:23,552 read SHY from av [ 2023-01-13 17:10:00 to 2022-12-19 06:10:00 ]
2023-01-14 11:13:24,325 read SHV from av [ 2023-01-13 18:45:00 to 2022-12-19 04:25:00 ]
2023-01-14 11:13:25,189 read IEF from av [ 2023-01-13 19:20:00 to 2022-12-19 08:40:00 ]
2023-01-14 11:19:26,024 Time out ^IRX
2023-01-14 11:25:26,668 Time out ^FVX
2023-01-14 11:31:27,393 Time out ^TYX
2023-01-14 11:31:27,654 read SQQQ from av [ 2023-01-13 20:00:00 to 2022-12-16 04:05:00 ]
2023-01-14 11:31:28,115 read TQQQ from av [ 2023-01-13 20:00:00 to 2022-12-16 04:05:00 ]
2023-01-14 11:37:30,097 Time out ^VXX
2023-01-14 11:43:31,221 Time out ^VXZ
2023-01-14 11:43:32,263 read IYE from av [ 2023-01-13 16:05:00 to 2022-12-19 09:35:00 ]
2023-01-14 11:43:32,917 read IYY from av [ 2023-01-13 16:00:00 to 2022-12-19 09:35:00 ]
2023-01-14 11:43:33,683 read IYF from av [ 2023-01-13 16:00:00 to 2022-12-19 09:35:00 ]
2023-01-14 11:43:34,486 read IYR from av [ 2023-01-13 19:10:00 to 2022-12-19 09:35:00 ]
2023-01-14 11:43:35,354 read IYW from av [ 2023-01-13 16:05:00 to 2022-12-19 09:35:00 ]
2023-01-14 11:43:35,627 read IYT from av [ 2023-01-13 16:00:00 to 2022-12-19 09:35:00 ]
2023-01-14 11:43:36,396 read PEJ from av [ 2023-01-13 16:00:00 to 2022-12-19 09:35:00 ]
2023-01-14 11:43:36,675 read USO from av [ 2023-01-13 19:15:00 to 2022-12-19 05:30:00 ]
2023-01-14 11:43:37,565 read DBC from av [ 2023-01-13 16:55:00 to 2022-12-19 07:10:00 ]
2023-01-14 11:43:38,276 read GSG from av [ 2023-01-13 16:00:00 to 2022-12-19 09:10:00 ]
2023-01-14 11:43:38,540 read VTI from av [ 2023-01-13 18:05:00 to 2022-12-19 08:10:00 ]
2023-01-14 11:49:39,242 Time out ^RUT
2023-01-14 11:49:39,461 read FDN from av [ 2023-01-13 16:05:00 to 2022-12-19 09:35:00 ]
2023-01-14 11:49:39,736 read XLV from av [ 2023-01-13 20:00:00 to 2022-12-19 05:15:00 ]
2023-01-14 11:49:40,049 read IBB from av [ 2023-01-13 16:20:00 to 2022-12-19 07:05:00 ]
2023-01-14 11:49:40,350 read KRE from av [ 2023-01-13 17:30:00 to 2022-12-19 04:45:00 ]
2023-01-14 11:49:41,346 read KBE from av [ 2023-01-13 16:30:00 to 2022-12-19 04:50:00 ]
2023-01-14 11:49:41,651 read XLF from av [ 2023-01-13 19:30:00 to 2022-12-19 04:50:00 ]
2023-01-14 11:49:41,967 read XLP from av [ 2023-01-13 18:35:00 to 2022-12-19 04:35:00 ]
2023-01-14 11:49:42,447 read XLY from av [ 2023-01-13 18:45:00 to 2022-12-19 06:05:00 ]
2023-01-14 11:49:42,746 read VNQ from av [ 2023-01-13 19:00:00 to 2022-12-19 07:10:00 ]
2023-01-14 11:49:43,200 read XLB from av [ 2023-01-13 16:10:00 to 2022-12-19 08:05:00 ]
2023-01-14 11:49:43,508 read XLI from av [ 2023-01-13 18:35:00 to 2022-12-19 05:45:00 ]
2023-01-14 11:49:44,584 read KBWB from av [ 2023-01-13 16:05:00 to 2022-12-19 09:35:00 ]
2023-01-14 11:55:45,300 Time out TVIX
2023-01-14 12:01:46,062 Time out ^VVIX
2023-01-14 12:01:46,566 read VIXM from av [ 2023-01-13 16:45:00 to 2022-12-19 07:20:00 ]
2023-01-14 12:01:47,640 read VIXY from av [ 2023-01-13 20:00:00 to 2022-12-19 04:05:00 ]
2023-01-14 12:01:47,967 read VXX from av [ 2023-01-13 20:00:00 to 2022-12-16 04:05:00 ]
2023-01-14 12:01:48,791 read SVXY from av [ 2023-01-13 16:35:00 to 2022-12-19 04:05:00 ]
2023-01-14 12:01:50,099 read UVXY from av [ 2023-01-13 20:00:00 to 2022-12-19 04:05:00 ]
2023-01-14 12:01:50,478 read VIXY from av [ 2023-01-13 20:00:00 to 2022-12-19 04:05:00 ]
