2023-08-19 09:01:09,520 read QQQ from av [ 2023-08-18 19:55:00 to 2023-07-21 04:00:00 ]
2023-08-19 09:07:12,653 Time out ^VIX
2023-08-19 09:07:14,080 read FAS from av [ 2023-08-18 20:00:00 to 2023-07-21 04:05:00 ]
2023-08-19 09:07:15,101 read MIDU from av [ 2023-08-18 20:00:00 to 2023-07-21 08:00:00 ]
2023-08-19 09:07:15,471 read AAPL from av [ 2023-08-18 19:55:00 to 2023-07-21 04:00:00 ]
2023-08-19 09:07:16,232 read GOOG from av [ 2023-08-18 19:55:00 to 2023-07-21 04:00:00 ]
2023-08-19 09:13:17,319 Time out ^GSPC
2023-08-19 09:19:18,050 Time out ^DJI
2023-08-19 09:25:18,670 Time out ^TNX
2023-08-19 09:25:18,920 read MSFT from av [ 2023-08-18 19:55:00 to 2023-07-21 04:00:00 ]
2023-08-19 09:31:19,925 Time out ^VXGOG
2023-08-19 09:37:20,940 Time out ^VXAPL
2023-08-19 09:43:21,702 Time out ^VXGS
2023-08-19 09:49:22,349 Time out ^VXAZN
2023-08-19 09:55:22,981 Time out ^VXIBM
2023-08-19 09:55:23,285 read GS from av [ 2023-08-18 19:55:00 to 2023-07-21 04:00:00 ]
2023-08-19 09:55:23,795 read IBM from av [ 2023-08-18 19:55:00 to 2023-07-21 04:00:00 ]
2023-08-19 10:01:24,807 Time out FB
2023-08-19 10:07:25,340 Time out ^TYVIX
2023-08-19 10:07:25,624 read SPY from av [ 2023-08-18 20:00:00 to 2023-07-21 04:00:00 ]
2023-08-19 10:07:26,388 read GOOGL from av [ 2023-08-18 19:55:00 to 2023-07-21 04:00:00 ]
2023-08-19 10:07:27,068 read JPM from av [ 2023-08-18 19:55:00 to 2023-07-21 04:00:00 ]
2023-08-19 10:07:27,756 read JNJ from av [ 2023-08-18 19:55:00 to 2023-07-21 04:00:00 ]
2023-08-19 10:07:28,326 read BAC from av [ 2023-08-18 19:55:00 to 2023-07-21 04:00:00 ]
2023-08-19 10:07:28,986 read V from av [ 2023-08-18 19:55:00 to 2023-07-21 04:00:00 ]
2023-08-19 10:07:29,565 read WFC from av [ 2023-08-18 19:55:00 to 2023-07-21 04:10:00 ]
2023-08-19 10:07:30,124 read MA from av [ 2023-08-18 19:30:00 to 2023-07-21 04:00:00 ]
2023-08-19 10:07:30,637 read C from av [ 2023-08-18 19:55:00 to 2023-07-21 04:00:00 ]
2023-08-19 10:07:31,272 read PYPL from av [ 2023-08-18 19:55:00 to 2023-07-21 04:00:00 ]
2023-08-19 10:13:32,631 Time out OIL
2023-08-19 10:19:33,806 Time out DX-Y.NYB
2023-08-19 10:19:34,067 read GLD from av [ 2023-08-18 20:00:00 to 2023-07-21 04:00:00 ]
2023-08-19 10:19:35,397 read UUP from av [ 2023-08-18 20:00:00 to 2023-07-21 04:45:00 ]
2023-08-19 10:19:36,784 read SHY from av [ 2023-08-18 19:35:00 to 2023-07-21 04:00:00 ]
2023-08-19 10:19:38,213 read SHV from av [ 2023-08-18 19:50:00 to 2023-07-21 04:45:00 ]
2023-08-19 10:19:38,747 read IEF from av [ 2023-08-18 19:55:00 to 2023-07-21 04:05:00 ]
2023-08-19 10:25:39,682 Time out ^IRX
2023-08-19 10:31:40,722 Time out ^FVX
2023-08-19 10:37:41,416 Time out ^TYX
2023-08-19 10:37:41,787 read SQQQ from av [ 2023-08-18 19:55:00 to 2023-07-21 04:00:00 ]
2023-08-19 10:37:42,552 read TQQQ from av [ 2023-08-18 19:55:00 to 2023-07-21 04:00:00 ]
2023-08-19 10:43:43,651 Time out ^VXX
2023-08-19 10:49:44,273 Time out ^VXZ
2023-08-19 10:49:45,157 read IYE from av [ 2023-08-18 20:00:00 to 2023-07-21 08:00:00 ]
2023-08-19 10:49:45,991 read IYY from av [ 2023-08-18 20:00:00 to 2023-07-21 09:30:00 ]
2023-08-19 10:49:46,990 read IYF from av [ 2023-08-18 20:00:00 to 2023-07-21 07:30:00 ]
2023-08-19 10:49:48,108 read IYR from av [ 2023-08-18 20:00:00 to 2023-07-21 08:00:00 ]
2023-08-19 10:49:49,193 read IYW from av [ 2023-08-18 20:00:00 to 2023-07-21 08:00:00 ]
2023-08-19 10:49:50,225 read IYT from av [ 2023-08-18 20:00:00 to 2023-07-21 08:00:00 ]
2023-08-19 10:49:51,148 read PEJ from av [ 2023-08-18 20:00:00 to 2023-07-21 08:00:00 ]
2023-08-19 10:49:51,537 read USO from av [ 2023-08-18 20:00:00 to 2023-07-21 04:00:00 ]
2023-08-19 10:49:52,759 read DBC from av [ 2023-08-18 20:00:00 to 2023-07-21 05:10:00 ]
2023-08-19 10:49:53,803 read GSG from av [ 2023-08-18 20:00:00 to 2023-07-21 06:15:00 ]
2023-08-19 10:49:54,244 read VTI from av [ 2023-08-18 20:00:00 to 2023-07-21 04:00:00 ]
2023-08-19 10:55:55,245 Time out ^RUT
2023-08-19 10:55:56,240 read FDN from av [ 2023-08-18 20:00:00 to 2023-07-21 08:00:00 ]
2023-08-19 10:55:56,671 read XLV from av [ 2023-08-18 20:00:00 to 2023-07-21 04:20:00 ]
2023-08-19 10:55:57,176 read IBB from av [ 2023-08-18 19:50:00 to 2023-07-21 04:35:00 ]
2023-08-19 10:55:58,721 read KRE from av [ 2023-08-18 20:00:00 to 2023-07-21 04:00:00 ]
2023-08-19 10:55:59,994 read KBE from av [ 2023-08-18 20:00:00 to 2023-07-21 07:05:00 ]
2023-08-19 10:56:00,495 read XLF from av [ 2023-08-18 20:00:00 to 2023-07-21 04:00:00 ]
2023-08-19 10:56:01,413 read XLP from av [ 2023-08-18 20:00:00 to 2023-07-21 04:00:00 ]
2023-08-19 10:56:03,338 read XLY from av [ 2023-08-18 20:00:00 to 2023-07-21 04:10:00 ]
2023-08-19 10:56:06,058 read VNQ from av [ 2023-08-18 20:00:00 to 2023-07-21 04:10:00 ]
2023-08-19 10:56:08,577 read XLB from av [ 2023-08-18 20:00:00 to 2023-07-21 07:30:00 ]
2023-08-19 10:56:09,081 read XLI from av [ 2023-08-18 20:00:00 to 2023-07-21 05:20:00 ]
2023-08-19 10:56:10,751 read KBWB from av [ 2023-08-18 18:55:00 to 2023-07-21 06:25:00 ]
2023-08-19 11:02:14,206 Time out TVIX
2023-08-19 11:08:14,910 Time out ^VVIX
2023-08-19 11:08:15,759 read VIXM from av [ 2023-08-18 20:00:00 to 2023-07-21 08:15:00 ]
2023-08-19 11:08:17,408 read VIXY from av [ 2023-08-18 20:00:00 to 2023-07-21 04:00:00 ]
2023-08-19 11:08:18,090 read VXX from av [ 2023-08-18 20:00:00 to 2023-07-21 04:00:00 ]
2023-08-19 11:08:19,711 read SVXY from av [ 2023-08-18 20:00:00 to 2023-07-21 04:00:00 ]
2023-08-19 11:08:21,477 read UVXY from av [ 2023-08-18 20:00:00 to 2023-07-21 04:00:00 ]
2023-08-19 11:08:22,171 read VIXY from av [ 2023-08-18 20:00:00 to 2023-07-21 04:00:00 ]
