2023-07-01 09:01:09,509 read QQQ from av [ 2023-06-30 19:55:00 to 2023-06-02 04:00:00 ]
2023-07-01 09:07:10,658 Time out ^VIX
2023-07-01 09:07:11,607 read FAS from av [ 2023-06-30 20:00:00 to 2023-06-02 04:00:00 ]
2023-07-01 09:07:12,206 read MIDU from av [ 2023-06-30 20:00:00 to 2023-06-02 04:00:00 ]
2023-07-01 09:07:12,674 read AAPL from av [ 2023-06-30 19:55:00 to 2023-06-02 04:00:00 ]
2023-07-01 09:07:13,364 read GOOG from av [ 2023-06-30 19:55:00 to 2023-06-02 04:00:00 ]
2023-07-01 09:13:14,268 Time out ^GSPC
2023-07-01 09:19:15,166 Time out ^DJI
2023-07-01 09:25:15,983 Time out ^TNX
2023-07-01 09:25:16,237 read MSFT from av [ 2023-06-30 19:55:00 to 2023-06-02 04:00:00 ]
2023-07-01 09:31:17,296 Time out ^VXGOG
2023-07-01 09:37:18,044 Time out ^VXAPL
2023-07-01 09:43:18,774 Time out ^VXGS
2023-07-01 09:49:19,401 Time out ^VXAZN
2023-07-01 09:55:20,047 Time out ^VXIBM
2023-07-01 09:55:20,388 read GS from av [ 2023-06-30 19:55:00 to 2023-06-02 04:00:00 ]
2023-07-01 09:55:20,859 read IBM from av [ 2023-06-30 19:55:00 to 2023-06-02 04:05:00 ]
2023-07-01 10:01:21,904 Time out FB
2023-07-01 10:07:22,577 Time out ^TYVIX
2023-07-01 10:07:22,835 read SPY from av [ 2023-06-30 20:00:00 to 2023-06-02 04:00:00 ]
2023-07-01 10:07:23,550 read GOOGL from av [ 2023-06-30 19:55:00 to 2023-06-02 04:00:00 ]
2023-07-01 10:07:24,167 read JPM from av [ 2023-06-30 19:55:00 to 2023-06-02 04:00:00 ]
2023-07-01 10:07:24,704 read JNJ from av [ 2023-06-30 19:50:00 to 2023-06-02 04:00:00 ]
2023-07-01 10:07:25,289 read BAC from av [ 2023-06-30 19:55:00 to 2023-06-02 04:00:00 ]
2023-07-01 10:07:25,877 read V from av [ 2023-06-30 19:55:00 to 2023-06-02 04:00:00 ]
2023-07-01 10:07:26,362 read WFC from av [ 2023-06-30 19:55:00 to 2023-06-02 04:55:00 ]
2023-07-01 10:07:26,885 read MA from av [ 2023-06-30 19:50:00 to 2023-06-02 04:00:00 ]
2023-07-01 10:07:27,394 read C from av [ 2023-06-30 19:55:00 to 2023-06-02 04:00:00 ]
2023-07-01 10:07:27,962 read PYPL from av [ 2023-06-30 19:55:00 to 2023-06-02 04:00:00 ]
2023-07-01 10:07:28,428 read OIL from av [ 2023-06-08 20:00:00 to 2023-06-02 07:00:00 ]
2023-07-01 10:13:29,167 Time out DX-Y.NYB
2023-07-01 10:13:29,440 read GLD from av [ 2023-06-30 20:00:00 to 2023-06-02 04:00:00 ]
2023-07-01 10:13:29,942 read UUP from av [ 2023-06-30 20:00:00 to 2023-06-02 06:10:00 ]
2023-07-01 10:13:30,396 read SHY from av [ 2023-06-30 19:30:00 to 2023-06-02 04:20:00 ]
2023-07-01 10:13:30,854 read SHV from av [ 2023-06-30 19:55:00 to 2023-06-02 04:00:00 ]
2023-07-01 10:13:31,281 read IEF from av [ 2023-06-30 19:55:00 to 2023-06-02 04:00:00 ]
2023-07-01 10:19:35,622 Time out ^IRX
2023-07-01 10:25:36,987 Time out ^FVX
2023-07-01 10:31:38,171 Time out ^TYX
2023-07-01 10:31:38,567 read SQQQ from av [ 2023-06-30 19:55:00 to 2023-06-02 04:00:00 ]
2023-07-01 10:31:39,268 read TQQQ from av [ 2023-06-30 19:55:00 to 2023-06-02 04:00:00 ]
2023-07-01 10:37:40,372 Time out ^VXX
2023-07-01 10:43:41,103 Time out ^VXZ
2023-07-01 10:43:41,326 read IYE from av [ 2023-06-30 20:00:00 to 2023-06-02 08:00:00 ]
2023-07-01 10:43:41,676 read IYY from av [ 2023-06-30 20:00:00 to 2023-06-02 08:00:00 ]
2023-07-01 10:43:41,963 read IYF from av [ 2023-06-30 20:00:00 to 2023-06-02 09:30:00 ]
2023-07-01 10:43:42,369 read IYR from av [ 2023-06-30 20:00:00 to 2023-06-02 08:00:00 ]
2023-07-01 10:43:42,776 read IYW from av [ 2023-06-30 20:00:00 to 2023-06-02 08:00:00 ]
2023-07-01 10:43:43,172 read IYT from av [ 2023-06-30 20:00:00 to 2023-06-02 08:00:00 ]
2023-07-01 10:43:43,505 read PEJ from av [ 2023-06-30 20:00:00 to 2023-06-02 07:05:00 ]
2023-07-01 10:43:43,890 read USO from av [ 2023-06-30 20:00:00 to 2023-06-02 04:00:00 ]
2023-07-01 10:43:44,385 read DBC from av [ 2023-06-30 20:00:00 to 2023-06-02 04:00:00 ]
2023-07-01 10:43:44,755 read GSG from av [ 2023-06-30 20:00:00 to 2023-06-02 07:15:00 ]
2023-07-01 10:43:45,157 read VTI from av [ 2023-06-30 20:00:00 to 2023-06-02 04:00:00 ]
2023-07-01 10:49:46,069 Time out ^RUT
2023-07-01 10:49:46,254 read FDN from av [ 2023-06-30 20:00:00 to 2023-06-02 04:05:00 ]
2023-07-01 10:49:46,653 read XLV from av [ 2023-06-30 20:00:00 to 2023-06-02 04:00:00 ]
2023-07-01 10:49:47,141 read IBB from av [ 2023-06-30 18:30:00 to 2023-06-02 07:00:00 ]
2023-07-01 10:49:47,592 read KRE from av [ 2023-06-30 20:00:00 to 2023-06-02 04:00:00 ]
2023-07-01 10:49:47,975 read KBE from av [ 2023-06-30 20:00:00 to 2023-06-02 04:00:00 ]
2023-07-01 10:49:48,422 read XLF from av [ 2023-06-30 20:00:00 to 2023-06-02 04:00:00 ]
2023-07-01 10:49:48,964 read XLP from av [ 2023-06-30 20:00:00 to 2023-06-02 05:15:00 ]
2023-07-01 10:49:49,429 read XLY from av [ 2023-06-30 20:00:00 to 2023-06-02 04:15:00 ]
2023-07-01 10:49:49,885 read VNQ from av [ 2023-06-30 20:00:00 to 2023-06-02 04:00:00 ]
2023-07-01 10:49:50,330 read XLB from av [ 2023-06-30 20:00:00 to 2023-06-02 04:00:00 ]
2023-07-01 10:49:50,746 read XLI from av [ 2023-06-30 20:00:00 to 2023-06-02 06:20:00 ]
2023-07-01 10:49:51,175 read KBWB from av [ 2023-06-30 18:55:00 to 2023-06-02 05:25:00 ]
2023-07-01 10:55:52,361 Time out TVIX
2023-07-01 11:01:53,191 Time out ^VVIX
2023-07-01 11:01:53,378 read VIXM from av [ 2023-06-30 20:00:00 to 2023-06-02 08:10:00 ]
2023-07-01 11:01:53,707 read VIXY from av [ 2023-06-30 20:00:00 to 2023-06-02 04:00:00 ]
2023-07-01 11:01:54,240 read VXX from av [ 2023-06-30 20:00:00 to 2023-06-02 04:00:00 ]
2023-07-01 11:01:54,753 read SVXY from av [ 2023-06-30 20:00:00 to 2023-06-02 04:00:00 ]
2023-07-01 11:01:55,272 read UVXY from av [ 2023-06-30 20:00:00 to 2023-06-02 04:00:00 ]
2023-07-01 11:01:55,875 read VIXY from av [ 2023-06-30 20:00:00 to 2023-06-02 04:00:00 ]
