2023-06-24 09:01:09,506 read QQQ from av [ 2023-06-23 19:55:00 to 2023-06-08 04:00:00 ]
2023-06-24 09:07:10,684 Time out ^VIX
2023-06-24 09:07:10,921 read FAS from av [ 2023-06-23 20:00:00 to 2023-06-08 04:00:00 ]
2023-06-24 09:07:11,314 read MIDU from av [ 2023-06-23 20:00:00 to 2023-06-08 04:05:00 ]
2023-06-24 09:07:11,630 read AAPL from av [ 2023-06-23 19:55:00 to 2023-06-08 04:00:00 ]
2023-06-24 09:07:12,242 read GOOG from av [ 2023-06-23 19:55:00 to 2023-06-08 04:00:00 ]
2023-06-24 09:13:13,411 Time out ^GSPC
2023-06-24 09:19:14,216 Time out ^DJI
2023-06-24 09:25:15,008 Time out ^TNX
2023-06-24 09:25:15,231 read MSFT from av [ 2023-06-23 19:55:00 to 2023-06-08 04:00:00 ]
2023-06-24 09:31:16,476 Time out ^VXGOG
2023-06-24 09:37:17,480 Time out ^VXAPL
2023-06-24 09:43:18,111 Time out ^VXGS
2023-06-24 09:49:18,860 Time out ^VXAZN
2023-06-24 09:55:19,583 Time out ^VXIBM
2023-06-24 09:55:19,849 read GS from av [ 2023-06-23 19:55:00 to 2023-06-08 04:20:00 ]
2023-06-24 09:55:20,296 read IBM from av [ 2023-06-23 19:55:00 to 2023-06-08 04:00:00 ]
2023-06-24 10:01:21,258 Time out FB
2023-06-24 10:07:22,038 Time out ^TYVIX
2023-06-24 10:07:22,644 read SPY from av [ 2023-06-23 20:00:00 to 2023-06-08 04:00:00 ]
2023-06-24 10:07:23,282 read GOOGL from av [ 2023-06-23 19:55:00 to 2023-06-08 04:00:00 ]
2023-06-24 10:07:23,863 read JPM from av [ 2023-06-23 19:55:00 to 2023-06-08 04:20:00 ]
2023-06-24 10:07:24,351 read JNJ from av [ 2023-06-23 19:55:00 to 2023-06-08 04:00:00 ]
2023-06-24 10:07:24,808 read BAC from av [ 2023-06-23 19:55:00 to 2023-06-08 04:00:00 ]
2023-06-24 10:07:25,332 read V from av [ 2023-06-23 19:55:00 to 2023-06-08 04:00:00 ]
2023-06-24 10:07:25,745 read WFC from av [ 2023-06-23 19:55:00 to 2023-06-08 04:05:00 ]
2023-06-24 10:07:26,184 read MA from av [ 2023-06-23 19:55:00 to 2023-06-08 04:40:00 ]
2023-06-24 10:07:26,565 read C from av [ 2023-06-23 19:55:00 to 2023-06-08 04:05:00 ]
2023-06-24 10:07:27,071 read PYPL from av [ 2023-06-23 19:55:00 to 2023-06-08 04:00:00 ]
2023-06-24 10:07:27,658 read OIL from av [ 2023-06-08 20:00:00 to 2023-06-08 09:30:00 ]
2023-06-24 10:13:28,445 Time out DX-Y.NYB
2023-06-24 10:13:28,669 read GLD from av [ 2023-06-23 20:00:00 to 2023-06-08 04:00:00 ]
2023-06-24 10:13:29,149 read UUP from av [ 2023-06-23 20:00:00 to 2023-06-08 04:50:00 ]
2023-06-24 10:13:29,589 read SHY from av [ 2023-06-23 19:55:00 to 2023-06-08 07:00:00 ]
2023-06-24 10:13:30,028 read SHV from av [ 2023-06-23 19:50:00 to 2023-06-08 04:00:00 ]
2023-06-24 10:13:30,435 read IEF from av [ 2023-06-23 16:45:00 to 2023-06-08 06:45:00 ]
2023-06-24 10:19:31,371 Time out ^IRX
2023-06-24 10:25:32,143 Time out ^FVX
2023-06-24 10:31:32,869 Time out ^TYX
2023-06-24 10:31:33,103 read SQQQ from av [ 2023-06-23 19:55:00 to 2023-06-08 04:00:00 ]
2023-06-24 10:31:33,724 read TQQQ from av [ 2023-06-23 19:55:00 to 2023-06-08 04:00:00 ]
2023-06-24 10:37:34,917 Time out ^VXX
2023-06-24 10:43:36,382 Time out ^VXZ
2023-06-24 10:43:36,650 read IYE from av [ 2023-06-23 20:00:00 to 2023-06-08 08:00:00 ]
2023-06-24 10:43:37,022 read IYY from av [ 2023-06-23 20:00:00 to 2023-06-08 09:30:00 ]
2023-06-24 10:43:37,491 read IYF from av [ 2023-06-23 20:00:00 to 2023-06-08 08:00:00 ]
2023-06-24 10:43:37,859 read IYR from av [ 2023-06-23 20:00:00 to 2023-06-08 07:10:00 ]
2023-06-24 10:43:38,236 read IYW from av [ 2023-06-23 20:00:00 to 2023-06-08 07:30:00 ]
2023-06-24 10:43:38,574 read IYT from av [ 2023-06-23 20:00:00 to 2023-06-08 08:00:00 ]
2023-06-24 10:43:38,897 read PEJ from av [ 2023-06-23 20:00:00 to 2023-06-08 08:00:00 ]
2023-06-24 10:43:39,219 read USO from av [ 2023-06-23 20:00:00 to 2023-06-08 04:00:00 ]
2023-06-24 10:43:39,673 read DBC from av [ 2023-06-23 20:00:00 to 2023-06-08 05:55:00 ]
2023-06-24 10:43:40,006 read GSG from av [ 2023-06-23 20:00:00 to 2023-06-08 08:20:00 ]
2023-06-24 10:43:40,355 read VTI from av [ 2023-06-23 20:00:00 to 2023-06-08 04:00:00 ]
2023-06-24 10:49:41,284 Time out ^RUT
2023-06-24 10:49:41,502 read FDN from av [ 2023-06-23 20:00:00 to 2023-06-08 08:10:00 ]
2023-06-24 10:49:41,904 read XLV from av [ 2023-06-23 20:00:00 to 2023-06-08 05:40:00 ]
2023-06-24 10:49:42,295 read IBB from av [ 2023-06-23 17:15:00 to 2023-06-08 08:00:00 ]
2023-06-24 10:49:42,695 read KRE from av [ 2023-06-23 20:00:00 to 2023-06-08 04:00:00 ]
2023-06-24 10:49:43,131 read KBE from av [ 2023-06-23 20:00:00 to 2023-06-08 04:30:00 ]
2023-06-24 10:49:43,550 read XLF from av [ 2023-06-23 20:00:00 to 2023-06-08 04:00:00 ]
2023-06-24 10:49:44,018 read XLP from av [ 2023-06-23 20:00:00 to 2023-06-08 04:00:00 ]
2023-06-24 10:49:44,429 read XLY from av [ 2023-06-23 20:00:00 to 2023-06-08 04:40:00 ]
2023-06-24 10:49:44,813 read VNQ from av [ 2023-06-23 20:00:00 to 2023-06-08 04:40:00 ]
2023-06-24 10:49:45,220 read XLB from av [ 2023-06-23 20:00:00 to 2023-06-08 07:05:00 ]
2023-06-24 10:49:45,614 read XLI from av [ 2023-06-23 20:00:00 to 2023-06-08 07:00:00 ]
2023-06-24 10:49:46,027 read KBWB from av [ 2023-06-23 16:50:00 to 2023-06-08 04:00:00 ]
2023-06-24 10:55:47,733 Time out TVIX
2023-06-24 11:01:48,521 Time out ^VVIX
2023-06-24 11:01:48,695 read VIXM from av [ 2023-06-23 20:00:00 to 2023-06-08 07:55:00 ]
2023-06-24 11:01:49,039 read VIXY from av [ 2023-06-23 20:00:00 to 2023-06-08 04:00:00 ]
2023-06-24 11:01:49,533 read VXX from av [ 2023-06-23 20:00:00 to 2023-06-08 04:00:00 ]
2023-06-24 11:01:49,994 read SVXY from av [ 2023-06-23 20:00:00 to 2023-06-08 04:00:00 ]
2023-06-24 11:01:50,479 read UVXY from av [ 2023-06-23 20:00:00 to 2023-06-08 04:00:00 ]
2023-06-24 11:01:51,000 read VIXY from av [ 2023-06-23 20:00:00 to 2023-06-08 04:00:00 ]
