2024-02-10 07:01:09,435 read QQQ from av [ 2024-02-09 19:55:00 to 2024-01-19 04:00:00 ]
2024-02-10 07:07:11,425 Time out ^VIX
2024-02-10 07:07:12,218 read FAS from av [ 2024-02-09 20:00:00 to 2024-01-19 04:15:00 ]
2024-02-10 07:07:12,528 read MIDU from av [ 2024-02-09 20:00:00 to 2024-01-19 04:40:00 ]
2024-02-10 07:07:12,835 read AAPL from av [ 2024-02-09 19:55:00 to 2024-01-19 04:00:00 ]
2024-02-10 07:07:13,994 read GOOG from av [ 2024-02-09 19:55:00 to 2024-01-19 04:00:00 ]
2024-02-10 07:13:14,734 Time out ^GSPC
2024-02-10 07:19:15,316 Time out ^DJI
2024-02-10 07:25:16,059 Time out ^TNX
2024-02-10 07:25:16,317 read MSFT from av [ 2024-02-09 19:55:00 to 2024-01-19 04:00:00 ]
2024-02-10 07:31:17,115 Time out ^VXGOG
2024-02-10 07:37:17,722 Time out ^VXAPL
2024-02-10 07:43:18,363 Time out ^VXGS
2024-02-10 07:49:19,028 Time out ^VXAZN
2024-02-10 07:55:20,051 Time out ^VXIBM
2024-02-10 07:55:20,973 read GS from av [ 2024-02-09 19:55:00 to 2024-01-19 04:35:00 ]
2024-02-10 07:55:21,318 read IBM from av [ 2024-02-09 19:55:00 to 2024-01-19 04:00:00 ]
2024-02-10 08:01:22,522 Time out FB
2024-02-10 08:07:23,182 Time out ^TYVIX
2024-02-10 08:07:24,220 read SPY from av [ 2024-02-09 20:00:00 to 2024-01-19 04:00:00 ]
2024-02-10 08:07:24,598 read GOOGL from av [ 2024-02-09 19:55:00 to 2024-01-19 04:00:00 ]
2024-02-10 08:07:25,692 read JPM from av [ 2024-02-09 19:55:00 to 2024-01-19 04:10:00 ]
2024-02-10 08:07:26,682 read JNJ from av [ 2024-02-09 19:55:00 to 2024-01-19 04:00:00 ]
2024-02-10 08:07:27,847 read BAC from av [ 2024-02-09 19:55:00 to 2024-01-19 04:00:00 ]
2024-02-10 08:07:28,994 read V from av [ 2024-02-09 19:55:00 to 2024-01-19 04:00:00 ]
2024-02-10 08:07:29,902 read WFC from av [ 2024-02-09 19:55:00 to 2024-01-19 04:00:00 ]
2024-02-10 08:07:30,826 read MA from av [ 2024-02-09 19:45:00 to 2024-01-19 04:00:00 ]
2024-02-10 08:07:31,770 read C from av [ 2024-02-09 19:55:00 to 2024-01-19 04:05:00 ]
2024-02-10 08:07:32,151 read PYPL from av [ 2024-02-09 19:55:00 to 2024-01-19 04:00:00 ]
2024-02-10 08:13:33,261 Time out OIL
2024-02-10 08:19:33,972 Time out DX-Y.NYB
2024-02-10 08:19:34,993 read GLD from av [ 2024-02-09 20:00:00 to 2024-01-19 04:00:00 ]
2024-02-10 08:19:35,850 read UUP from av [ 2024-02-09 20:00:00 to 2024-01-19 08:00:00 ]
2024-02-10 08:19:36,711 read SHY from av [ 2024-02-09 19:20:00 to 2024-01-19 04:05:00 ]
2024-02-10 08:19:37,772 read SHV from av [ 2024-02-09 19:55:00 to 2024-01-19 04:00:00 ]
2024-02-10 08:19:38,702 read IEF from av [ 2024-02-09 19:30:00 to 2024-01-19 04:05:00 ]
2024-02-10 08:25:39,333 Time out ^IRX
2024-02-10 08:31:40,024 Time out ^FVX
2024-02-10 08:37:40,790 Time out ^TYX
2024-02-10 08:37:41,811 read SQQQ from av [ 2024-02-09 19:55:00 to 2024-01-19 04:00:00 ]
2024-02-10 08:37:42,969 read TQQQ from av [ 2024-02-09 19:55:00 to 2024-01-19 04:00:00 ]
2024-02-10 08:43:43,821 Time out ^VXX
2024-02-10 08:49:44,483 Time out ^VXZ
2024-02-10 08:49:45,128 read IYE from av [ 2024-02-09 20:00:00 to 2024-01-19 08:00:00 ]
2024-02-10 08:49:45,343 read IYY from av [ 2024-02-09 20:00:00 to 2024-01-19 08:00:00 ]
2024-02-10 08:49:45,942 read IYF from av [ 2024-02-09 20:00:00 to 2024-01-19 08:00:00 ]
2024-02-10 08:49:46,647 read IYR from av [ 2024-02-09 20:00:00 to 2024-01-19 05:40:00 ]
2024-02-10 08:49:47,482 read IYW from av [ 2024-02-09 20:00:00 to 2024-01-19 05:05:00 ]
2024-02-10 08:49:48,130 read IYT from av [ 2024-02-09 20:00:00 to 2024-01-19 07:00:00 ]
2024-02-10 08:49:48,747 read PEJ from av [ 2024-02-09 20:00:00 to 2024-01-19 07:20:00 ]
2024-02-10 08:49:49,780 read USO from av [ 2024-02-09 20:00:00 to 2024-01-19 04:00:00 ]
2024-02-10 08:49:50,575 read DBC from av [ 2024-02-09 20:00:00 to 2024-01-19 04:00:00 ]
2024-02-10 08:49:51,275 read GSG from av [ 2024-02-09 20:00:00 to 2024-01-19 04:55:00 ]
2024-02-10 08:49:52,208 read VTI from av [ 2024-02-09 20:00:00 to 2024-01-19 04:00:00 ]
2024-02-10 08:55:52,925 Time out ^RUT
2024-02-10 08:55:53,525 read FDN from av [ 2024-02-09 20:00:00 to 2024-01-19 07:00:00 ]
2024-02-10 08:55:54,403 read XLV from av [ 2024-02-09 20:00:00 to 2024-01-19 04:00:00 ]
2024-02-10 08:55:55,146 read IBB from av [ 2024-02-09 19:05:00 to 2024-01-19 05:30:00 ]
2024-02-10 08:55:56,057 read KRE from av [ 2024-02-09 20:00:00 to 2024-01-19 04:00:00 ]
2024-02-10 08:55:56,795 read KBE from av [ 2024-02-09 20:00:00 to 2024-01-19 04:50:00 ]
2024-02-10 08:55:57,778 read XLF from av [ 2024-02-09 20:00:00 to 2024-01-19 04:00:00 ]
2024-02-10 08:55:58,656 read XLP from av [ 2024-02-09 20:00:00 to 2024-01-19 04:10:00 ]
2024-02-10 08:55:59,427 read XLY from av [ 2024-02-09 20:00:00 to 2024-01-19 04:40:00 ]
2024-02-10 08:56:00,330 read VNQ from av [ 2024-02-09 20:00:00 to 2024-01-19 04:00:00 ]
2024-02-10 08:56:01,683 read XLB from av [ 2024-02-09 20:00:00 to 2024-01-19 05:00:00 ]
2024-02-10 08:56:04,980 read XLI from av [ 2024-02-09 20:00:00 to 2024-01-19 04:05:00 ]
2024-02-10 08:56:09,772 read KBWB from av [ 2024-02-09 17:50:00 to 2024-01-19 05:25:00 ]
2024-02-10 09:02:13,488 Time out TVIX
2024-02-10 09:08:14,302 Time out ^VVIX
2024-02-10 09:08:14,813 read VIXM from av [ 2024-02-09 20:00:00 to 2024-01-19 07:00:00 ]
2024-02-10 09:14:15,543 Time out VIXY
2024-02-10 09:14:16,442 read VXX from av [ 2024-02-09 20:00:00 to 2024-01-19 04:00:00 ]
2024-02-10 09:14:17,297 read SVXY from av [ 2024-02-09 20:00:00 to 2024-01-19 04:00:00 ]
2024-02-10 09:20:18,063 Time out UVXY
2024-02-10 09:20:18,890 read VIXY from av [ 2024-02-09 20:00:00 to 2024-01-19 04:00:00 ]
