2024-01-20 07:01:09,301 read QQQ from av [ 2024-01-19 19:55:00 to 2023-12-29 04:00:00 ]
2024-01-20 07:07:13,212 Time out ^VIX
2024-01-20 07:07:14,078 read FAS from av [ 2024-01-19 20:00:00 to 2023-12-29 04:10:00 ]
2024-01-20 07:07:14,778 read MIDU from av [ 2024-01-19 20:00:00 to 2023-12-29 05:15:00 ]
2024-01-20 07:07:15,057 read AAPL from av [ 2024-01-19 19:55:00 to 2023-12-29 04:00:00 ]
2024-01-20 07:07:15,435 read GOOG from av [ 2024-01-19 19:55:00 to 2023-12-29 04:00:00 ]
2024-01-20 07:13:16,189 Time out ^GSPC
2024-01-20 07:19:16,918 Time out ^DJI
2024-01-20 07:25:17,631 Time out ^TNX
2024-01-20 07:25:17,830 read MSFT from av [ 2024-01-19 19:55:00 to 2023-12-29 04:00:00 ]
2024-01-20 07:31:18,744 Time out ^VXGOG
2024-01-20 07:37:19,482 Time out ^VXAPL
2024-01-20 07:43:20,214 Time out ^VXGS
2024-01-20 07:49:21,223 Time out ^VXAZN
2024-01-20 07:55:21,877 Time out ^VXIBM
2024-01-20 07:55:22,090 read GS from av [ 2024-01-19 19:45:00 to 2023-12-29 04:00:00 ]
2024-01-20 07:55:22,360 read IBM from av [ 2024-01-19 19:55:00 to 2023-12-29 04:15:00 ]
2024-01-20 08:01:23,280 Time out FB
2024-01-20 08:07:24,003 Time out ^TYVIX
2024-01-20 08:07:24,262 read SPY from av [ 2024-01-19 20:00:00 to 2023-12-29 04:00:00 ]
2024-01-20 08:07:24,619 read GOOGL from av [ 2024-01-19 19:55:00 to 2023-12-29 04:00:00 ]
2024-01-20 08:07:24,971 read JPM from av [ 2024-01-19 19:55:00 to 2023-12-29 04:00:00 ]
2024-01-20 08:07:25,303 read JNJ from av [ 2024-01-19 19:55:00 to 2023-12-29 04:00:00 ]
2024-01-20 08:07:25,653 read BAC from av [ 2024-01-19 19:55:00 to 2023-12-29 04:00:00 ]
2024-01-20 08:07:25,988 read V from av [ 2024-01-19 19:55:00 to 2023-12-29 04:00:00 ]
2024-01-20 08:07:26,307 read WFC from av [ 2024-01-19 19:55:00 to 2023-12-29 04:00:00 ]
2024-01-20 08:07:26,593 read MA from av [ 2024-01-19 19:50:00 to 2023-12-29 04:05:00 ]
2024-01-20 08:07:26,911 read C from av [ 2024-01-19 19:55:00 to 2023-12-29 04:00:00 ]
2024-01-20 08:07:27,247 read PYPL from av [ 2024-01-19 19:55:00 to 2023-12-29 04:00:00 ]
2024-01-20 08:13:29,028 Time out OIL
2024-01-20 08:19:29,726 Time out DX-Y.NYB
2024-01-20 08:19:29,971 read GLD from av [ 2024-01-19 20:00:00 to 2023-12-29 04:00:00 ]
2024-01-20 08:19:30,281 read UUP from av [ 2024-01-19 20:00:00 to 2023-12-29 07:35:00 ]
2024-01-20 08:19:30,512 read SHY from av [ 2024-01-19 19:05:00 to 2023-12-29 04:00:00 ]
2024-01-20 08:19:32,646 read SHV from av [ 2024-01-19 19:15:00 to 2023-12-29 04:00:00 ]
2024-01-20 08:19:32,968 read IEF from av [ 2024-01-19 19:45:00 to 2023-12-29 04:00:00 ]
2024-01-20 08:25:33,837 Time out ^IRX
2024-01-20 08:31:37,226 Time out ^FVX
2024-01-20 08:37:39,665 Time out ^TYX
2024-01-20 08:37:40,177 read SQQQ from av [ 2024-01-19 19:55:00 to 2023-12-29 04:00:00 ]
2024-01-20 08:37:40,560 read TQQQ from av [ 2024-01-19 19:55:00 to 2023-12-29 04:00:00 ]
2024-01-20 08:43:41,412 Time out ^VXX
2024-01-20 08:49:42,193 Time out ^VXZ
2024-01-20 08:49:42,891 read IYE from av [ 2024-01-19 20:00:00 to 2023-12-29 08:00:00 ]
2024-01-20 08:49:43,441 read IYY from av [ 2024-01-19 20:00:00 to 2023-12-29 09:30:00 ]
2024-01-20 08:49:44,183 read IYF from av [ 2024-01-19 20:00:00 to 2023-12-29 09:30:00 ]
2024-01-20 08:49:44,952 read IYR from av [ 2024-01-19 20:00:00 to 2023-12-29 08:00:00 ]
2024-01-20 08:49:45,802 read IYW from av [ 2024-01-19 20:00:00 to 2023-12-29 08:00:00 ]
2024-01-20 08:49:46,448 read IYT from av [ 2024-01-19 20:00:00 to 2023-12-29 09:30:00 ]
2024-01-20 08:49:47,015 read PEJ from av [ 2024-01-19 20:00:00 to 2023-12-29 09:30:00 ]
2024-01-20 08:49:47,290 read USO from av [ 2024-01-19 20:00:00 to 2023-12-29 04:00:00 ]
2024-01-20 08:49:47,588 read DBC from av [ 2024-01-19 20:00:00 to 2023-12-29 05:20:00 ]
2024-01-20 08:49:47,832 read GSG from av [ 2024-01-19 20:00:00 to 2023-12-29 08:15:00 ]
2024-01-20 08:49:48,120 read VTI from av [ 2024-01-19 20:00:00 to 2023-12-29 04:00:00 ]
2024-01-20 08:55:48,926 Time out ^RUT
2024-01-20 08:55:49,639 read FDN from av [ 2024-01-19 20:00:00 to 2023-12-29 08:00:00 ]
2024-01-20 08:55:49,911 read XLV from av [ 2024-01-19 20:00:00 to 2023-12-29 04:05:00 ]
2024-01-20 08:55:50,693 read IBB from av [ 2024-01-19 19:05:00 to 2023-12-29 04:15:00 ]
2024-01-20 08:55:51,553 read KRE from av [ 2024-01-19 20:00:00 to 2023-12-29 04:10:00 ]
2024-01-20 08:55:52,259 read KBE from av [ 2024-01-19 20:00:00 to 2023-12-29 08:00:00 ]
2024-01-20 08:55:52,544 read XLF from av [ 2024-01-19 20:00:00 to 2023-12-29 04:10:00 ]
2024-01-20 08:55:52,836 read XLP from av [ 2024-01-19 20:00:00 to 2023-12-29 04:00:00 ]
2024-01-20 08:55:53,111 read XLY from av [ 2024-01-19 20:00:00 to 2023-12-29 06:00:00 ]
2024-01-20 08:55:53,391 read VNQ from av [ 2024-01-19 20:00:00 to 2023-12-29 04:00:00 ]
2024-01-20 08:55:53,675 read XLB from av [ 2024-01-19 20:00:00 to 2023-12-29 06:35:00 ]
2024-01-20 08:55:53,938 read XLI from av [ 2024-01-19 20:00:00 to 2023-12-29 06:05:00 ]
2024-01-20 08:55:54,700 read KBWB from av [ 2024-01-19 16:05:00 to 2023-12-29 07:25:00 ]
2024-01-20 09:01:55,923 Time out TVIX
2024-01-20 09:07:56,739 Time out ^VVIX
2024-01-20 09:07:57,280 read VIXM from av [ 2024-01-19 20:00:00 to 2023-12-29 09:00:00 ]
2024-01-20 09:07:58,123 read VIXY from av [ 2024-01-19 20:00:00 to 2023-12-29 06:00:00 ]
2024-01-20 09:07:58,399 read VXX from av [ 2024-01-19 20:00:00 to 2023-12-29 04:00:00 ]
2024-01-20 09:07:59,379 read SVXY from av [ 2024-01-19 20:00:00 to 2023-12-29 04:00:00 ]
2024-01-20 09:07:59,710 read UVXY from av [ 2024-01-19 20:00:00 to 2023-12-29 04:00:00 ]
2024-01-20 09:08:00,019 read VIXY from av [ 2024-01-19 20:00:00 to 2023-12-29 06:00:00 ]
