2024-01-27 07:01:10,675 read QQQ from av [ 2024-01-26 19:55:00 to 2024-01-05 04:00:00 ]
2024-01-27 07:07:14,134 Time out ^VIX
2024-01-27 07:07:14,997 read FAS from av [ 2024-01-26 20:00:00 to 2024-01-05 04:00:00 ]
2024-01-27 07:07:15,820 read MIDU from av [ 2024-01-26 20:00:00 to 2024-01-05 06:10:00 ]
2024-01-27 07:07:16,106 read AAPL from av [ 2024-01-26 19:55:00 to 2024-01-05 04:00:00 ]
2024-01-27 07:07:17,232 read GOOG from av [ 2024-01-26 19:55:00 to 2024-01-05 04:00:00 ]
2024-01-27 07:13:18,075 Time out ^GSPC
2024-01-27 07:19:18,823 Time out ^DJI
2024-01-27 07:25:19,563 Time out ^TNX
2024-01-27 07:25:19,799 read MSFT from av [ 2024-01-26 19:55:00 to 2024-01-05 04:00:00 ]
2024-01-27 07:31:20,837 Time out ^VXGOG
2024-01-27 07:37:21,674 Time out ^VXAPL
2024-01-27 07:43:22,369 Time out ^VXGS
2024-01-27 07:49:23,114 Time out ^VXAZN
2024-01-27 07:55:23,906 Time out ^VXIBM
2024-01-27 07:55:24,669 read GS from av [ 2024-01-26 19:55:00 to 2024-01-05 04:00:00 ]
2024-01-27 07:55:24,999 read IBM from av [ 2024-01-26 19:55:00 to 2024-01-05 04:00:00 ]
2024-01-27 08:01:26,273 Time out FB
2024-01-27 08:07:27,022 Time out ^TYVIX
2024-01-27 08:07:27,253 read SPY from av [ 2024-01-26 20:00:00 to 2024-01-05 04:00:00 ]
2024-01-27 08:07:27,614 read GOOGL from av [ 2024-01-26 19:55:00 to 2024-01-05 04:00:00 ]
2024-01-27 08:07:28,711 read JPM from av [ 2024-01-26 19:55:00 to 2024-01-05 04:00:00 ]
2024-01-27 08:07:29,726 read JNJ from av [ 2024-01-26 19:45:00 to 2024-01-05 04:00:00 ]
2024-01-27 08:07:30,797 read BAC from av [ 2024-01-26 19:55:00 to 2024-01-05 04:00:00 ]
2024-01-27 08:07:31,816 read V from av [ 2024-01-26 19:55:00 to 2024-01-05 04:00:00 ]
2024-01-27 08:07:32,708 read WFC from av [ 2024-01-26 19:30:00 to 2024-01-05 04:00:00 ]
2024-01-27 08:07:33,594 read MA from av [ 2024-01-26 19:55:00 to 2024-01-05 04:00:00 ]
2024-01-27 08:07:34,611 read C from av [ 2024-01-26 19:55:00 to 2024-01-05 04:00:00 ]
2024-01-27 08:07:35,743 read PYPL from av [ 2024-01-26 19:55:00 to 2024-01-05 04:00:00 ]
2024-01-27 08:13:37,100 Time out OIL
2024-01-27 08:19:37,769 Time out DX-Y.NYB
2024-01-27 08:19:38,717 read GLD from av [ 2024-01-26 20:00:00 to 2024-01-05 04:00:00 ]
2024-01-27 08:19:39,478 read UUP from av [ 2024-01-26 20:00:00 to 2024-01-05 07:00:00 ]
2024-01-27 08:19:40,257 read SHY from av [ 2024-01-26 19:20:00 to 2024-01-05 04:00:00 ]
2024-01-27 08:19:41,257 read SHV from av [ 2024-01-26 19:55:00 to 2024-01-05 04:05:00 ]
2024-01-27 08:19:42,107 read IEF from av [ 2024-01-26 19:10:00 to 2024-01-05 04:00:00 ]
2024-01-27 08:25:42,951 Time out ^IRX
2024-01-27 08:31:43,724 Time out ^FVX
2024-01-27 08:37:44,461 Time out ^TYX
2024-01-27 08:37:45,445 read SQQQ from av [ 2024-01-26 19:55:00 to 2024-01-05 04:00:00 ]
2024-01-27 08:37:46,500 read TQQQ from av [ 2024-01-26 19:55:00 to 2024-01-05 04:00:00 ]
2024-01-27 08:43:47,380 Time out ^VXX
2024-01-27 08:49:48,105 Time out ^VXZ
2024-01-27 08:49:48,667 read IYE from av [ 2024-01-26 20:00:00 to 2024-01-05 08:00:00 ]
2024-01-27 08:49:49,196 read IYY from av [ 2024-01-26 20:00:00 to 2024-01-05 08:00:00 ]
2024-01-27 08:49:49,851 read IYF from av [ 2024-01-26 20:00:00 to 2024-01-05 08:00:00 ]
2024-01-27 08:49:50,602 read IYR from av [ 2024-01-26 20:00:00 to 2024-01-05 08:00:00 ]
2024-01-27 08:49:51,395 read IYW from av [ 2024-01-26 20:00:00 to 2024-01-05 07:50:00 ]
2024-01-27 08:49:52,073 read IYT from av [ 2024-01-26 20:00:00 to 2024-01-05 08:00:00 ]
2024-01-27 08:49:52,610 read PEJ from av [ 2024-01-26 20:00:00 to 2024-01-05 08:30:00 ]
2024-01-27 08:49:53,656 read USO from av [ 2024-01-26 20:00:00 to 2024-01-05 04:00:00 ]
2024-01-27 08:49:54,457 read DBC from av [ 2024-01-26 20:00:00 to 2024-01-05 04:40:00 ]
2024-01-27 08:49:55,117 read GSG from av [ 2024-01-26 20:00:00 to 2024-01-05 06:20:00 ]
2024-01-27 08:49:56,070 read VTI from av [ 2024-01-26 20:00:00 to 2024-01-05 04:00:00 ]
2024-01-27 08:55:56,887 Time out ^RUT
2024-01-27 08:55:57,461 read FDN from av [ 2024-01-26 20:00:00 to 2024-01-05 08:00:00 ]
2024-01-27 08:55:58,290 read XLV from av [ 2024-01-26 20:00:00 to 2024-01-05 04:00:00 ]
2024-01-27 08:55:59,097 read IBB from av [ 2024-01-26 17:55:00 to 2024-01-05 04:35:00 ]
2024-01-27 08:55:59,957 read KRE from av [ 2024-01-26 20:00:00 to 2024-01-05 04:00:00 ]
2024-01-27 08:56:00,728 read KBE from av [ 2024-01-26 20:00:00 to 2024-01-05 07:00:00 ]
2024-01-27 08:56:03,705 read XLF from av [ 2024-01-26 20:00:00 to 2024-01-05 04:00:00 ]
2024-01-27 08:56:07,577 read XLP from av [ 2024-01-26 20:00:00 to 2024-01-05 04:00:00 ]
2024-01-27 08:56:11,253 read XLY from av [ 2024-01-26 20:00:00 to 2024-01-05 04:00:00 ]
2024-01-27 08:56:12,301 read VNQ from av [ 2024-01-26 20:00:00 to 2024-01-05 04:00:00 ]
2024-01-27 08:56:13,025 read XLB from av [ 2024-01-26 20:00:00 to 2024-01-05 07:00:00 ]
2024-01-27 08:56:13,749 read XLI from av [ 2024-01-26 20:00:00 to 2024-01-05 04:30:00 ]
2024-01-27 08:56:14,414 read KBWB from av [ 2024-01-26 17:35:00 to 2024-01-05 07:05:00 ]
2024-01-27 09:02:15,695 Time out TVIX
2024-01-27 09:08:16,349 Time out ^VVIX
2024-01-27 09:08:16,852 read VIXM from av [ 2024-01-26 20:00:00 to 2024-01-05 07:05:00 ]
2024-01-27 09:08:17,660 read VIXY from av [ 2024-01-26 20:00:00 to 2024-01-05 04:05:00 ]
2024-01-27 09:08:18,611 read VXX from av [ 2024-01-26 20:00:00 to 2024-01-05 04:00:00 ]
2024-01-27 09:08:19,540 read SVXY from av [ 2024-01-26 20:00:00 to 2024-01-05 04:00:00 ]
2024-01-27 09:08:20,618 read UVXY from av [ 2024-01-26 20:00:00 to 2024-01-05 04:00:00 ]
2024-01-27 09:08:20,936 read VIXY from av [ 2024-01-26 20:00:00 to 2024-01-05 04:05:00 ]
