2024-02-24 07:01:14,465 read QQQ from av [ 2024-02-23 19:55:00 to 2024-02-02 04:00:00 ]
2024-02-24 07:07:15,595 Time out ^VIX
2024-02-24 07:07:16,448 read FAS from av [ 2024-02-23 20:00:00 to 2024-02-02 04:05:00 ]
2024-02-24 07:07:17,115 read MIDU from av [ 2024-02-23 20:00:00 to 2024-02-02 04:00:00 ]
2024-02-24 07:07:17,417 read AAPL from av [ 2024-02-23 19:55:00 to 2024-02-02 04:00:00 ]
2024-02-24 07:07:18,626 read GOOG from av [ 2024-02-23 19:55:00 to 2024-02-02 04:00:00 ]
2024-02-24 07:13:19,464 Time out ^GSPC
2024-02-24 07:19:20,114 Time out ^DJI
2024-02-24 07:25:21,791 Time out ^TNX
2024-02-24 07:25:22,040 read MSFT from av [ 2024-02-23 19:55:00 to 2024-02-02 04:00:00 ]
2024-02-24 07:31:23,009 Time out ^VXGOG
2024-02-24 07:37:23,729 Time out ^VXAPL
2024-02-24 07:43:24,416 Time out ^VXGS
2024-02-24 07:49:25,140 Time out ^VXAZN
2024-02-24 07:55:25,802 Time out ^VXIBM
2024-02-24 07:55:26,612 read GS from av [ 2024-02-23 19:50:00 to 2024-02-02 04:00:00 ]
2024-02-24 07:55:27,000 read IBM from av [ 2024-02-23 19:55:00 to 2024-02-02 04:00:00 ]
2024-02-24 08:01:28,236 Time out FB
2024-02-24 08:07:28,897 Time out ^TYVIX
2024-02-24 08:07:29,857 read SPY from av [ 2024-02-23 20:00:00 to 2024-02-02 04:00:00 ]
2024-02-24 08:07:30,318 read GOOGL from av [ 2024-02-23 19:55:00 to 2024-02-02 04:00:00 ]
2024-02-24 08:07:31,394 read JPM from av [ 2024-02-23 19:55:00 to 2024-02-02 04:00:00 ]
2024-02-24 08:07:32,463 read JNJ from av [ 2024-02-23 19:55:00 to 2024-02-02 04:00:00 ]
2024-02-24 08:07:33,642 read BAC from av [ 2024-02-23 19:55:00 to 2024-02-02 04:00:00 ]
2024-02-24 08:07:34,693 read V from av [ 2024-02-23 19:55:00 to 2024-02-02 04:00:00 ]
2024-02-24 08:07:35,690 read WFC from av [ 2024-02-23 19:55:00 to 2024-02-02 04:00:00 ]
2024-02-24 08:07:36,778 read MA from av [ 2024-02-23 19:40:00 to 2024-02-02 04:00:00 ]
2024-02-24 08:07:37,789 read C from av [ 2024-02-23 19:55:00 to 2024-02-02 04:00:00 ]
2024-02-24 08:07:38,966 read PYPL from av [ 2024-02-23 19:55:00 to 2024-02-02 04:00:00 ]
2024-02-24 08:13:40,273 Time out OIL
2024-02-24 08:19:40,920 Time out DX-Y.NYB
2024-02-24 08:19:41,840 read GLD from av [ 2024-02-23 20:00:00 to 2024-02-02 04:00:00 ]
2024-02-24 08:19:42,758 read UUP from av [ 2024-02-23 20:00:00 to 2024-02-02 04:25:00 ]
2024-02-24 08:19:44,459 read SHY from av [ 2024-02-23 19:55:00 to 2024-02-02 04:00:00 ]
2024-02-24 08:19:45,503 read SHV from av [ 2024-02-23 19:35:00 to 2024-02-02 04:00:00 ]
2024-02-24 08:19:46,496 read IEF from av [ 2024-02-23 18:20:00 to 2024-02-02 04:10:00 ]
2024-02-24 08:25:47,247 Time out ^IRX
2024-02-24 08:31:47,894 Time out ^FVX
2024-02-24 08:37:48,511 Time out ^TYX
2024-02-24 08:37:49,580 read SQQQ from av [ 2024-02-23 19:55:00 to 2024-02-02 04:00:00 ]
2024-02-24 08:37:50,752 read TQQQ from av [ 2024-02-23 19:55:00 to 2024-02-02 04:00:00 ]
2024-02-24 08:43:51,704 Time out ^VXX
2024-02-24 08:49:52,419 Time out ^VXZ
2024-02-24 08:49:53,038 read IYE from av [ 2024-02-23 20:00:00 to 2024-02-02 08:00:00 ]
2024-02-24 08:49:53,628 read IYY from av [ 2024-02-23 20:00:00 to 2024-02-02 08:00:00 ]
2024-02-24 08:49:54,404 read IYF from av [ 2024-02-23 20:00:00 to 2024-02-02 09:15:00 ]
2024-02-24 08:49:55,178 read IYR from av [ 2024-02-23 20:00:00 to 2024-02-02 04:05:00 ]
2024-02-24 08:49:55,978 read IYW from av [ 2024-02-23 20:00:00 to 2024-02-02 07:30:00 ]
2024-02-24 08:49:56,688 read IYT from av [ 2024-02-23 20:00:00 to 2024-02-02 08:00:00 ]
2024-02-24 08:49:57,252 read PEJ from av [ 2024-02-23 20:00:00 to 2024-02-02 09:30:00 ]
2024-02-24 08:49:58,302 read USO from av [ 2024-02-23 20:00:00 to 2024-02-02 04:00:00 ]
2024-02-24 08:49:59,230 read DBC from av [ 2024-02-23 20:00:00 to 2024-02-02 04:00:00 ]
2024-02-24 08:50:00,001 read GSG from av [ 2024-02-23 20:00:00 to 2024-02-02 04:00:00 ]
2024-02-24 08:50:00,998 read VTI from av [ 2024-02-23 20:00:00 to 2024-02-02 04:00:00 ]
2024-02-24 08:56:10,302 Time out ^RUT
2024-02-24 08:56:10,924 read FDN from av [ 2024-02-23 20:00:00 to 2024-02-02 06:15:00 ]
2024-02-24 08:56:12,550 read XLV from av [ 2024-02-23 20:00:00 to 2024-02-02 04:30:00 ]
2024-02-24 09:02:15,406 Time out IBB
2024-02-24 09:02:16,201 read KRE from av [ 2024-02-23 20:00:00 to 2024-02-02 04:00:00 ]
2024-02-24 09:02:17,590 read KBE from av [ 2024-02-23 20:00:00 to 2024-02-02 05:05:00 ]
2024-02-24 09:02:18,636 read XLF from av [ 2024-02-23 20:00:00 to 2024-02-02 04:00:00 ]
2024-02-24 09:02:19,623 read XLP from av [ 2024-02-23 20:00:00 to 2024-02-02 04:10:00 ]
2024-02-24 09:02:20,520 read XLY from av [ 2024-02-23 20:00:00 to 2024-02-02 05:15:00 ]
2024-02-24 09:02:21,507 read VNQ from av [ 2024-02-23 20:00:00 to 2024-02-02 04:05:00 ]
2024-02-24 09:02:22,309 read XLB from av [ 2024-02-23 20:00:00 to 2024-02-02 08:00:00 ]
2024-02-24 09:02:23,140 read XLI from av [ 2024-02-23 20:00:00 to 2024-02-02 05:40:00 ]
2024-02-24 09:08:24,050 Time out KBWB
2024-02-24 09:14:25,205 Time out TVIX
2024-02-24 09:20:25,829 Time out ^VVIX
2024-02-24 09:20:26,312 read VIXM from av [ 2024-02-23 20:00:00 to 2024-02-02 08:20:00 ]
2024-02-24 09:20:27,206 read VIXY from av [ 2024-02-23 20:00:00 to 2024-02-02 05:00:00 ]
2024-02-24 09:20:28,173 read VXX from av [ 2024-02-23 20:00:00 to 2024-02-02 04:00:00 ]
2024-02-24 09:20:29,143 read SVXY from av [ 2024-02-23 20:00:00 to 2024-02-02 04:00:00 ]
2024-02-24 09:20:30,278 read UVXY from av [ 2024-02-23 20:00:00 to 2024-02-02 04:00:00 ]
2024-02-24 09:26:31,314 Time out VIXY
