2024-03-16 06:01:07,586 read QQQ from av [ 2024-03-15 19:55:00 to 2024-02-23 04:00:00 ]
2024-03-16 06:07:08,621 Time out ^VIX
2024-03-16 06:07:09,506 read FAS from av [ 2024-03-15 20:00:00 to 2024-02-23 04:00:00 ]
2024-03-16 06:07:10,266 read MIDU from av [ 2024-03-15 20:00:00 to 2024-02-23 04:05:00 ]
2024-03-16 06:07:10,610 read AAPL from av [ 2024-03-15 19:55:00 to 2024-02-23 04:00:00 ]
2024-03-16 06:07:11,867 read GOOG from av [ 2024-03-15 19:55:00 to 2024-02-23 04:00:00 ]
2024-03-16 06:13:12,880 Time out ^GSPC
2024-03-16 06:19:13,530 Time out ^DJI
2024-03-16 06:25:14,306 Time out ^TNX
2024-03-16 06:25:14,560 read MSFT from av [ 2024-03-15 19:55:00 to 2024-02-23 04:00:00 ]
2024-03-16 06:31:15,451 Time out ^VXGOG
2024-03-16 06:37:16,097 Time out ^VXAPL
2024-03-16 06:43:16,796 Time out ^VXGS
2024-03-16 06:49:17,537 Time out ^VXAZN
2024-03-16 06:55:18,180 Time out ^VXIBM
2024-03-16 06:55:18,995 read GS from av [ 2024-03-15 19:50:00 to 2024-02-23 04:00:00 ]
2024-03-16 06:55:19,408 read IBM from av [ 2024-03-15 19:55:00 to 2024-02-23 04:00:00 ]
2024-03-16 07:01:20,803 Time out FB
2024-03-16 07:07:21,534 Time out ^TYVIX
2024-03-16 07:07:22,631 read SPY from av [ 2024-03-15 20:00:00 to 2024-02-23 04:00:00 ]
2024-03-16 07:07:23,128 read GOOGL from av [ 2024-03-15 19:55:00 to 2024-02-23 04:00:00 ]
2024-03-16 07:07:24,353 read JPM from av [ 2024-03-15 19:55:00 to 2024-02-23 04:00:00 ]
2024-03-16 07:07:25,463 read JNJ from av [ 2024-03-15 19:55:00 to 2024-02-23 04:00:00 ]
2024-03-16 07:07:26,674 read BAC from av [ 2024-03-15 19:55:00 to 2024-02-23 04:00:00 ]
2024-03-16 07:07:27,131 read V from av [ 2024-03-15 19:55:00 to 2024-02-23 04:00:00 ]
2024-03-16 07:07:28,193 read WFC from av [ 2024-03-15 19:55:00 to 2024-02-23 04:00:00 ]
2024-03-16 07:07:29,218 read MA from av [ 2024-03-15 19:50:00 to 2024-02-23 04:00:00 ]
2024-03-16 07:07:30,269 read C from av [ 2024-03-15 19:55:00 to 2024-02-23 04:00:00 ]
2024-03-16 07:07:31,503 read PYPL from av [ 2024-03-15 19:55:00 to 2024-02-23 04:00:00 ]
2024-03-16 07:13:32,969 Time out OIL
2024-03-16 07:19:33,678 Time out DX-Y.NYB
2024-03-16 07:19:34,700 read GLD from av [ 2024-03-15 20:00:00 to 2024-02-23 04:00:00 ]
2024-03-16 07:19:35,633 read UUP from av [ 2024-03-15 20:00:00 to 2024-02-23 07:20:00 ]
2024-03-16 07:19:36,520 read SHY from av [ 2024-03-15 17:55:00 to 2024-02-23 04:00:00 ]
2024-03-16 07:19:37,516 read SHV from av [ 2024-03-15 19:55:00 to 2024-02-23 04:00:00 ]
2024-03-16 07:19:38,583 read IEF from av [ 2024-03-15 19:55:00 to 2024-02-23 04:00:00 ]
2024-03-16 07:25:39,522 Time out ^IRX
2024-03-16 07:31:40,304 Time out ^FVX
2024-03-16 07:37:40,910 Time out ^TYX
2024-03-16 07:37:41,879 read SQQQ from av [ 2024-03-15 19:55:00 to 2024-02-23 04:00:00 ]
2024-03-16 07:37:43,174 read TQQQ from av [ 2024-03-15 19:55:00 to 2024-02-23 04:00:00 ]
2024-03-16 07:43:44,078 Time out ^VXX
2024-03-16 07:49:44,690 Time out ^VXZ
2024-03-16 07:49:45,360 read IYE from av [ 2024-03-15 20:00:00 to 2024-02-23 08:00:00 ]
2024-03-16 07:49:45,957 read IYY from av [ 2024-03-15 20:00:00 to 2024-02-23 09:30:00 ]
2024-03-16 07:49:46,590 read IYF from av [ 2024-03-15 20:00:00 to 2024-02-23 08:00:00 ]
2024-03-16 07:49:47,367 read IYR from av [ 2024-03-15 20:00:00 to 2024-02-23 08:00:00 ]
2024-03-16 07:49:48,181 read IYW from av [ 2024-03-15 20:00:00 to 2024-02-23 04:00:00 ]
2024-03-16 07:49:48,935 read IYT from av [ 2024-03-15 20:00:00 to 2024-02-23 08:00:00 ]
2024-03-16 07:49:49,544 read PEJ from av [ 2024-03-15 20:00:00 to 2024-02-23 08:00:00 ]
2024-03-16 07:49:50,678 read USO from av [ 2024-03-15 20:00:00 to 2024-02-23 04:00:00 ]
2024-03-16 07:55:51,647 Time out DBC
2024-03-16 07:55:52,295 read GSG from av [ 2024-03-15 20:00:00 to 2024-02-23 04:00:00 ]
2024-03-16 07:55:53,366 read VTI from av [ 2024-03-15 20:00:00 to 2024-02-23 04:00:00 ]
2024-03-16 08:01:54,308 Time out ^RUT
2024-03-16 08:01:54,935 read FDN from av [ 2024-03-15 20:00:00 to 2024-02-23 07:50:00 ]
2024-03-16 08:07:55,801 Time out XLV
2024-03-16 08:07:56,522 read IBB from av [ 2024-03-15 19:35:00 to 2024-02-23 04:00:00 ]
2024-03-16 08:07:57,491 read KRE from av [ 2024-03-15 20:00:00 to 2024-02-23 07:00:00 ]
2024-03-16 08:07:58,352 read KBE from av [ 2024-03-15 20:00:00 to 2024-02-23 08:00:00 ]
2024-03-16 08:07:59,373 read XLF from av [ 2024-03-15 20:00:00 to 2024-02-23 04:30:00 ]
2024-03-16 08:14:00,239 Time out XLP
2024-03-16 08:20:01,338 Time out XLY
2024-03-16 08:20:02,313 read VNQ from av [ 2024-03-15 20:00:00 to 2024-02-23 04:45:00 ]
2024-03-16 08:20:03,221 read XLB from av [ 2024-03-15 20:00:00 to 2024-02-23 04:10:00 ]
2024-03-16 08:20:04,107 read XLI from av [ 2024-03-15 20:00:00 to 2024-02-23 07:05:00 ]
2024-03-16 08:20:04,883 read KBWB from av [ 2024-03-15 18:00:00 to 2024-02-23 09:20:00 ]
2024-03-16 08:26:06,181 Time out TVIX
2024-03-16 08:32:08,190 Time out ^VVIX
2024-03-16 08:32:08,714 read VIXM from av [ 2024-03-15 20:00:00 to 2024-02-23 07:05:00 ]
2024-03-16 08:32:09,630 read VIXY from av [ 2024-03-15 20:00:00 to 2024-02-23 04:00:00 ]
2024-03-16 08:32:10,671 read VXX from av [ 2024-03-15 20:00:00 to 2024-02-23 04:00:00 ]
2024-03-16 08:32:11,647 read SVXY from av [ 2024-03-15 20:00:00 to 2024-02-23 04:00:00 ]
2024-03-16 08:32:12,821 read UVXY from av [ 2024-03-15 20:00:00 to 2024-02-23 04:00:00 ]
2024-03-16 08:32:13,242 read VIXY from av [ 2024-03-15 20:00:00 to 2024-02-23 04:00:00 ]
