2024-02-17 07:01:12,100 read QQQ from av [ 2024-02-16 19:55:00 to 2024-01-26 04:00:00 ]
2024-02-17 07:07:12,934 Time out ^VIX
2024-02-17 07:07:13,740 read FAS from av [ 2024-02-16 20:00:00 to 2024-01-26 04:25:00 ]
2024-02-17 07:07:14,436 read MIDU from av [ 2024-02-16 20:00:00 to 2024-01-26 04:00:00 ]
2024-02-17 07:07:14,717 read AAPL from av [ 2024-02-16 19:55:00 to 2024-01-26 04:00:00 ]
2024-02-17 07:07:15,867 read GOOG from av [ 2024-02-16 19:55:00 to 2024-01-26 04:00:00 ]
2024-02-17 07:13:16,544 Time out ^GSPC
2024-02-17 07:19:17,246 Time out ^DJI
2024-02-17 07:25:17,921 Time out ^TNX
2024-02-17 07:25:18,154 read MSFT from av [ 2024-02-16 19:55:00 to 2024-01-26 04:00:00 ]
2024-02-17 07:31:18,927 Time out ^VXGOG
2024-02-17 07:37:19,430 Time out ^VXAPL
2024-02-17 07:43:20,117 Time out ^VXGS
2024-02-17 07:49:20,642 Time out ^VXAZN
2024-02-17 07:55:21,402 Time out ^VXIBM
2024-02-17 07:55:22,268 read GS from av [ 2024-02-16 19:50:00 to 2024-01-26 04:10:00 ]
2024-02-17 07:55:22,634 read IBM from av [ 2024-02-16 19:55:00 to 2024-01-26 04:00:00 ]
2024-02-17 08:01:23,790 Time out FB
2024-02-17 08:07:24,480 Time out ^TYVIX
2024-02-17 08:07:24,691 read SPY from av [ 2024-02-16 20:00:00 to 2024-01-26 04:00:00 ]
2024-02-17 08:07:25,080 read GOOGL from av [ 2024-02-16 19:55:00 to 2024-01-26 04:00:00 ]
2024-02-17 08:07:26,160 read JPM from av [ 2024-02-16 19:55:00 to 2024-01-26 04:00:00 ]
2024-02-17 08:07:27,216 read JNJ from av [ 2024-02-16 19:55:00 to 2024-01-26 04:00:00 ]
2024-02-17 08:07:28,304 read BAC from av [ 2024-02-16 19:55:00 to 2024-01-26 04:00:00 ]
2024-02-17 08:07:29,352 read V from av [ 2024-02-16 19:55:00 to 2024-01-26 04:00:00 ]
2024-02-17 08:07:30,282 read WFC from av [ 2024-02-16 19:55:00 to 2024-01-26 04:05:00 ]
2024-02-17 08:07:31,293 read MA from av [ 2024-02-16 19:55:00 to 2024-01-26 04:00:00 ]
2024-02-17 08:07:32,309 read C from av [ 2024-02-16 19:55:00 to 2024-01-26 04:00:00 ]
2024-02-17 08:07:33,458 read PYPL from av [ 2024-02-16 19:55:00 to 2024-01-26 04:00:00 ]
2024-02-17 08:13:34,669 Time out OIL
2024-02-17 08:19:35,405 Time out DX-Y.NYB
2024-02-17 08:19:36,390 read GLD from av [ 2024-02-16 20:00:00 to 2024-01-26 04:00:00 ]
2024-02-17 08:19:37,222 read UUP from av [ 2024-02-16 20:00:00 to 2024-01-26 08:00:00 ]
2024-02-17 08:19:38,102 read SHY from av [ 2024-02-16 19:50:00 to 2024-01-26 04:10:00 ]
2024-02-17 08:19:39,078 read SHV from av [ 2024-02-16 19:55:00 to 2024-01-26 04:00:00 ]
2024-02-17 08:19:40,014 read IEF from av [ 2024-02-16 19:55:00 to 2024-01-26 04:05:00 ]
2024-02-17 08:25:40,800 Time out ^IRX
2024-02-17 08:31:41,464 Time out ^FVX
2024-02-17 08:37:42,260 Time out ^TYX
2024-02-17 08:37:43,271 read SQQQ from av [ 2024-02-16 19:55:00 to 2024-01-26 04:00:00 ]
2024-02-17 08:37:44,448 read TQQQ from av [ 2024-02-16 19:55:00 to 2024-01-26 04:00:00 ]
2024-02-17 08:43:45,300 Time out ^VXX
2024-02-17 08:49:46,015 Time out ^VXZ
2024-02-17 08:49:46,648 read IYE from av [ 2024-02-16 20:00:00 to 2024-01-26 08:00:00 ]
2024-02-17 08:49:47,177 read IYY from av [ 2024-02-16 20:00:00 to 2024-01-26 09:30:00 ]
2024-02-17 08:49:47,793 read IYF from av [ 2024-02-16 20:00:00 to 2024-01-26 08:00:00 ]
2024-02-17 08:49:48,550 read IYR from av [ 2024-02-16 20:00:00 to 2024-01-26 08:00:00 ]
2024-02-17 08:49:49,377 read IYW from av [ 2024-02-16 20:00:00 to 2024-01-26 04:00:00 ]
2024-02-17 08:49:49,999 read IYT from av [ 2024-02-16 20:00:00 to 2024-01-26 09:25:00 ]
2024-02-17 08:49:50,632 read PEJ from av [ 2024-02-16 20:00:00 to 2024-01-26 09:30:00 ]
2024-02-17 08:49:51,778 read USO from av [ 2024-02-16 20:00:00 to 2024-01-26 04:00:00 ]
2024-02-17 08:49:52,626 read DBC from av [ 2024-02-16 20:00:00 to 2024-01-26 04:00:00 ]
2024-02-17 08:49:53,315 read GSG from av [ 2024-02-16 20:00:00 to 2024-01-26 09:15:00 ]
2024-02-17 08:49:54,325 read VTI from av [ 2024-02-16 20:00:00 to 2024-01-26 04:00:00 ]
2024-02-17 08:55:55,092 Time out ^RUT
2024-02-17 08:55:55,789 read FDN from av [ 2024-02-16 20:00:00 to 2024-01-26 07:50:00 ]
2024-02-17 08:55:56,693 read XLV from av [ 2024-02-16 20:00:00 to 2024-01-26 04:50:00 ]
2024-02-17 08:55:57,490 read IBB from av [ 2024-02-16 17:45:00 to 2024-01-26 07:20:00 ]
2024-02-17 08:55:58,449 read KRE from av [ 2024-02-16 20:00:00 to 2024-01-26 04:05:00 ]
2024-02-17 08:55:59,160 read KBE from av [ 2024-02-16 20:00:00 to 2024-01-26 07:00:00 ]
2024-02-17 08:56:00,181 read XLF from av [ 2024-02-16 20:00:00 to 2024-01-26 04:00:00 ]
2024-02-17 08:56:01,959 read XLP from av [ 2024-02-16 20:00:00 to 2024-01-26 04:25:00 ]
2024-02-17 08:56:05,680 read XLY from av [ 2024-02-16 20:00:00 to 2024-01-26 04:40:00 ]
2024-02-17 08:56:09,610 read VNQ from av [ 2024-02-16 20:00:00 to 2024-01-26 04:40:00 ]
2024-02-17 08:56:10,584 read XLB from av [ 2024-02-16 20:00:00 to 2024-01-26 08:00:00 ]
2024-02-17 08:56:12,372 read XLI from av [ 2024-02-16 20:00:00 to 2024-01-26 04:00:00 ]
2024-02-17 08:56:13,104 read KBWB from av [ 2024-02-16 16:00:00 to 2024-01-26 07:45:00 ]
2024-02-17 09:02:15,394 Time out TVIX
2024-02-17 09:08:16,090 Time out ^VVIX
2024-02-17 09:08:16,622 read VIXM from av [ 2024-02-16 20:00:00 to 2024-01-26 07:00:00 ]
2024-02-17 09:08:17,483 read VIXY from av [ 2024-02-16 20:00:00 to 2024-01-26 04:00:00 ]
2024-02-17 09:08:18,568 read VXX from av [ 2024-02-16 20:00:00 to 2024-01-26 04:00:00 ]
2024-02-17 09:08:19,474 read SVXY from av [ 2024-02-16 20:00:00 to 2024-01-26 04:00:00 ]
2024-02-17 09:08:20,650 read UVXY from av [ 2024-02-16 20:00:00 to 2024-01-26 04:00:00 ]
2024-02-17 09:08:21,028 read VIXY from av [ 2024-02-16 20:00:00 to 2024-01-26 04:00:00 ]
