2024-01-06 07:01:07,563 read QQQ from av [ 2024-01-05 19:55:00 to 2023-12-15 04:00:00 ]
2024-01-06 07:07:09,354 Time out ^VIX
2024-01-06 07:07:10,147 read FAS from av [ 2024-01-05 20:00:00 to 2023-12-15 04:00:00 ]
2024-01-06 07:07:10,803 read MIDU from av [ 2024-01-05 20:00:00 to 2023-12-15 04:00:00 ]
2024-01-06 07:07:11,081 read AAPL from av [ 2024-01-05 19:55:00 to 2023-12-15 04:00:00 ]
2024-01-06 07:07:11,406 read GOOG from av [ 2024-01-05 19:55:00 to 2023-12-15 04:00:00 ]
2024-01-06 07:13:12,231 Time out ^GSPC
2024-01-06 07:19:12,879 Time out ^DJI
2024-01-06 07:25:13,450 Time out ^TNX
2024-01-06 07:25:13,660 read MSFT from av [ 2024-01-05 19:55:00 to 2023-12-15 04:00:00 ]
2024-01-06 07:31:14,449 Time out ^VXGOG
2024-01-06 07:37:15,004 Time out ^VXAPL
2024-01-06 07:43:15,547 Time out ^VXGS
2024-01-06 07:49:16,209 Time out ^VXAZN
2024-01-06 07:55:16,836 Time out ^VXIBM
2024-01-06 07:55:17,026 read GS from av [ 2024-01-05 19:45:00 to 2023-12-15 04:00:00 ]
2024-01-06 07:55:17,379 read IBM from av [ 2024-01-05 19:55:00 to 2023-12-15 04:00:00 ]
2024-01-06 08:01:18,228 Time out FB
2024-01-06 08:07:18,853 Time out ^TYVIX
2024-01-06 08:07:19,077 read SPY from av [ 2024-01-05 20:00:00 to 2023-12-15 04:00:00 ]
2024-01-06 08:07:19,425 read GOOGL from av [ 2024-01-05 19:55:00 to 2023-12-15 04:00:00 ]
2024-01-06 08:07:19,763 read JPM from av [ 2024-01-05 19:55:00 to 2023-12-15 04:00:00 ]
2024-01-06 08:07:20,085 read JNJ from av [ 2024-01-05 19:55:00 to 2023-12-15 04:00:00 ]
2024-01-06 08:07:20,422 read BAC from av [ 2024-01-05 19:55:00 to 2023-12-15 04:00:00 ]
2024-01-06 08:07:20,747 read V from av [ 2024-01-05 19:55:00 to 2023-12-15 04:00:00 ]
2024-01-06 08:07:21,043 read WFC from av [ 2024-01-05 19:55:00 to 2023-12-15 04:00:00 ]
2024-01-06 08:07:21,319 read MA from av [ 2024-01-05 19:40:00 to 2023-12-15 04:00:00 ]
2024-01-06 08:07:21,629 read C from av [ 2024-01-05 19:55:00 to 2023-12-15 04:00:00 ]
2024-01-06 08:07:21,992 read PYPL from av [ 2024-01-05 19:55:00 to 2023-12-15 04:00:00 ]
2024-01-06 08:13:22,882 Time out OIL
2024-01-06 08:19:23,469 Time out DX-Y.NYB
2024-01-06 08:19:23,761 read GLD from av [ 2024-01-05 20:00:00 to 2023-12-15 04:00:00 ]
2024-01-06 08:19:24,054 read UUP from av [ 2024-01-05 20:00:00 to 2023-12-15 04:30:00 ]
2024-01-06 08:19:24,313 read SHY from av [ 2024-01-05 19:55:00 to 2023-12-15 04:25:00 ]
2024-01-06 08:19:25,395 read SHV from av [ 2024-01-05 19:55:00 to 2023-12-15 04:00:00 ]
2024-01-06 08:19:25,716 read IEF from av [ 2024-01-05 19:55:00 to 2023-12-15 04:00:00 ]
2024-01-06 08:25:26,399 Time out ^IRX
2024-01-06 08:31:27,120 Time out ^FVX
2024-01-06 08:37:27,703 Time out ^TYX
2024-01-06 08:37:27,966 read SQQQ from av [ 2024-01-05 19:55:00 to 2023-12-15 04:00:00 ]
2024-01-06 08:37:28,305 read TQQQ from av [ 2024-01-05 19:55:00 to 2023-12-15 04:00:00 ]
2024-01-06 08:43:28,908 Time out ^VXX
2024-01-06 08:49:29,623 Time out ^VXZ
2024-01-06 08:49:30,302 read IYE from av [ 2024-01-05 20:00:00 to 2023-12-15 09:20:00 ]
2024-01-06 08:49:30,896 read IYY from av [ 2024-01-05 20:00:00 to 2023-12-15 08:00:00 ]
2024-01-06 08:49:31,498 read IYF from av [ 2024-01-05 20:00:00 to 2023-12-15 08:00:00 ]
2024-01-06 08:49:32,219 read IYR from av [ 2024-01-05 20:00:00 to 2023-12-15 05:15:00 ]
2024-01-06 08:49:32,972 read IYW from av [ 2024-01-05 20:00:00 to 2023-12-15 04:05:00 ]
2024-01-06 08:49:33,578 read IYT from av [ 2024-01-05 20:00:00 to 2023-12-15 07:05:00 ]
2024-01-06 08:49:34,188 read PEJ from av [ 2024-01-05 20:00:00 to 2023-12-15 05:20:00 ]
2024-01-06 08:49:34,454 read USO from av [ 2024-01-05 20:00:00 to 2023-12-15 04:00:00 ]
2024-01-06 08:49:34,738 read DBC from av [ 2024-01-05 20:00:00 to 2023-12-15 08:00:00 ]
2024-01-06 08:49:34,986 read GSG from av [ 2024-01-05 20:00:00 to 2023-12-15 08:35:00 ]
2024-01-06 08:49:35,272 read VTI from av [ 2024-01-05 20:00:00 to 2023-12-15 04:00:00 ]
2024-01-06 08:55:36,087 Time out ^RUT
2024-01-06 08:55:36,715 read FDN from av [ 2024-01-05 20:00:00 to 2023-12-15 08:00:00 ]
2024-01-06 08:55:36,976 read XLV from av [ 2024-01-05 20:00:00 to 2023-12-15 04:20:00 ]
2024-01-06 08:55:37,765 read IBB from av [ 2024-01-05 19:55:00 to 2023-12-15 05:05:00 ]
2024-01-06 08:55:38,665 read KRE from av [ 2024-01-05 20:00:00 to 2023-12-15 04:05:00 ]
2024-01-06 08:55:39,455 read KBE from av [ 2024-01-05 20:00:00 to 2023-12-15 07:00:00 ]
2024-01-06 08:55:39,736 read XLF from av [ 2024-01-05 20:00:00 to 2023-12-15 04:00:00 ]
2024-01-06 08:55:40,026 read XLP from av [ 2024-01-05 20:00:00 to 2023-12-15 04:00:00 ]
2024-01-06 08:55:40,283 read XLY from av [ 2024-01-05 20:00:00 to 2023-12-15 06:00:00 ]
2024-01-06 08:55:40,544 read VNQ from av [ 2024-01-05 20:00:00 to 2023-12-15 04:05:00 ]
2024-01-06 08:55:40,818 read XLB from av [ 2024-01-05 20:00:00 to 2023-12-15 06:00:00 ]
2024-01-06 08:55:41,066 read XLI from av [ 2024-01-05 20:00:00 to 2023-12-15 07:00:00 ]
2024-01-06 08:55:41,720 read KBWB from av [ 2024-01-05 19:30:00 to 2023-12-15 06:30:00 ]
2024-01-06 09:01:42,777 Time out TVIX
2024-01-06 09:07:43,456 Time out ^VVIX
2024-01-06 09:07:44,008 read VIXM from av [ 2024-01-05 20:00:00 to 2023-12-15 04:30:00 ]
2024-01-06 09:07:44,858 read VIXY from av [ 2024-01-05 20:00:00 to 2023-12-15 04:00:00 ]
2024-01-06 09:07:45,162 read VXX from av [ 2024-01-05 20:00:00 to 2023-12-15 04:00:00 ]
2024-01-06 09:07:46,024 read SVXY from av [ 2024-01-05 20:00:00 to 2023-12-15 04:00:00 ]
2024-01-06 09:07:46,326 read UVXY from av [ 2024-01-05 20:00:00 to 2023-12-15 04:00:00 ]
2024-01-06 09:07:46,590 read VIXY from av [ 2024-01-05 20:00:00 to 2023-12-15 04:00:00 ]
