2024-01-13 07:01:07,552 read QQQ from av [ 2024-01-12 19:55:00 to 2023-12-22 04:00:00 ]
2024-01-13 07:07:11,546 Time out ^VIX
2024-01-13 07:07:11,754 read FAS from av [ 2024-01-12 20:00:00 to 2023-12-22 04:05:00 ]
2024-01-13 07:07:12,081 read MIDU from av [ 2024-01-12 20:00:00 to 2023-12-22 06:00:00 ]
2024-01-13 07:07:12,396 read AAPL from av [ 2024-01-12 19:55:00 to 2023-12-22 04:00:00 ]
2024-01-13 07:07:12,798 read GOOG from av [ 2024-01-12 19:55:00 to 2023-12-22 04:00:00 ]
2024-01-13 07:13:13,565 Time out ^GSPC
2024-01-13 07:19:14,252 Time out ^DJI
2024-01-13 07:25:14,932 Time out ^TNX
2024-01-13 07:25:15,162 read MSFT from av [ 2024-01-12 19:55:00 to 2023-12-22 04:00:00 ]
2024-01-13 07:31:15,961 Time out ^VXGOG
2024-01-13 07:37:16,586 Time out ^VXAPL
2024-01-13 07:43:17,347 Time out ^VXGS
2024-01-13 07:49:18,070 Time out ^VXAZN
2024-01-13 07:55:18,772 Time out ^VXIBM
2024-01-13 07:55:18,951 read GS from av [ 2024-01-12 19:50:00 to 2023-12-22 04:00:00 ]
2024-01-13 07:55:19,215 read IBM from av [ 2024-01-12 19:55:00 to 2023-12-22 04:00:00 ]
2024-01-13 08:01:19,951 Time out FB
2024-01-13 08:07:20,480 Time out ^TYVIX
2024-01-13 08:07:20,689 read SPY from av [ 2024-01-12 20:00:00 to 2023-12-22 04:00:00 ]
2024-01-13 08:07:21,074 read GOOGL from av [ 2024-01-12 19:55:00 to 2023-12-22 04:00:00 ]
2024-01-13 08:07:21,382 read JPM from av [ 2024-01-12 19:55:00 to 2023-12-22 04:00:00 ]
2024-01-13 08:07:21,672 read JNJ from av [ 2024-01-12 19:55:00 to 2023-12-22 04:00:00 ]
2024-01-13 08:07:22,027 read BAC from av [ 2024-01-12 19:55:00 to 2023-12-22 04:00:00 ]
2024-01-13 08:07:22,360 read V from av [ 2024-01-12 19:55:00 to 2023-12-22 04:00:00 ]
2024-01-13 08:07:22,631 read WFC from av [ 2024-01-12 19:55:00 to 2023-12-22 04:00:00 ]
2024-01-13 08:07:22,925 read MA from av [ 2024-01-12 19:45:00 to 2023-12-22 04:00:00 ]
2024-01-13 08:07:23,222 read C from av [ 2024-01-12 19:55:00 to 2023-12-22 04:00:00 ]
2024-01-13 08:07:23,565 read PYPL from av [ 2024-01-12 19:55:00 to 2023-12-22 04:00:00 ]
2024-01-13 08:13:24,607 Time out OIL
2024-01-13 08:19:25,255 Time out DX-Y.NYB
2024-01-13 08:19:25,510 read GLD from av [ 2024-01-12 20:00:00 to 2023-12-22 04:00:00 ]
2024-01-13 08:19:25,810 read UUP from av [ 2024-01-12 20:00:00 to 2023-12-22 07:00:00 ]
2024-01-13 08:19:26,066 read SHY from av [ 2024-01-12 19:45:00 to 2023-12-22 04:05:00 ]
2024-01-13 08:19:26,349 read SHV from av [ 2024-01-12 19:55:00 to 2023-12-22 04:00:00 ]
2024-01-13 08:19:26,629 read IEF from av [ 2024-01-12 19:50:00 to 2023-12-22 04:00:00 ]
2024-01-13 08:25:27,433 Time out ^IRX
2024-01-13 08:31:28,142 Time out ^FVX
2024-01-13 08:37:28,797 Time out ^TYX
2024-01-13 08:37:29,037 read SQQQ from av [ 2024-01-12 19:55:00 to 2023-12-22 04:00:00 ]
2024-01-13 08:37:29,402 read TQQQ from av [ 2024-01-12 19:55:00 to 2023-12-22 04:00:00 ]
2024-01-13 08:43:30,085 Time out ^VXX
2024-01-13 08:49:30,700 Time out ^VXZ
2024-01-13 08:49:30,918 read IYE from av [ 2024-01-12 20:00:00 to 2023-12-22 08:00:00 ]
2024-01-13 08:49:31,157 read IYY from av [ 2024-01-12 20:00:00 to 2023-12-22 09:30:00 ]
2024-01-13 08:49:31,382 read IYF from av [ 2024-01-12 20:00:00 to 2023-12-22 08:00:00 ]
2024-01-13 08:49:31,677 read IYR from av [ 2024-01-12 20:00:00 to 2023-12-22 04:40:00 ]
2024-01-13 08:49:31,964 read IYW from av [ 2024-01-12 20:00:00 to 2023-12-22 06:50:00 ]
2024-01-13 08:49:32,196 read IYT from av [ 2024-01-12 20:00:00 to 2023-12-22 09:20:00 ]
2024-01-13 08:49:32,399 read PEJ from av [ 2024-01-12 20:00:00 to 2023-12-22 08:00:00 ]
2024-01-13 08:49:32,665 read USO from av [ 2024-01-12 20:00:00 to 2023-12-22 04:00:00 ]
2024-01-13 08:49:32,954 read DBC from av [ 2024-01-12 20:00:00 to 2023-12-22 07:00:00 ]
2024-01-13 08:49:33,209 read GSG from av [ 2024-01-12 20:00:00 to 2023-12-22 07:45:00 ]
2024-01-13 08:49:33,491 read VTI from av [ 2024-01-12 20:00:00 to 2023-12-22 04:00:00 ]
2024-01-13 08:55:34,224 Time out ^RUT
2024-01-13 08:55:34,450 read FDN from av [ 2024-01-12 20:00:00 to 2023-12-22 05:20:00 ]
2024-01-13 08:55:34,724 read XLV from av [ 2024-01-12 20:00:00 to 2023-12-22 04:10:00 ]
2024-01-13 08:55:35,006 read IBB from av [ 2024-01-12 18:20:00 to 2023-12-22 04:00:00 ]
2024-01-13 08:55:35,290 read KRE from av [ 2024-01-12 20:00:00 to 2023-12-22 04:00:00 ]
2024-01-13 08:55:35,573 read KBE from av [ 2024-01-12 20:00:00 to 2023-12-22 08:00:00 ]
2024-01-13 08:55:35,856 read XLF from av [ 2024-01-12 20:00:00 to 2023-12-22 04:05:00 ]
2024-01-13 08:55:36,116 read XLP from av [ 2024-01-12 20:00:00 to 2023-12-22 05:30:00 ]
2024-01-13 08:55:36,387 read XLY from av [ 2024-01-12 20:00:00 to 2023-12-22 04:15:00 ]
2024-01-13 08:55:36,662 read VNQ from av [ 2024-01-12 20:00:00 to 2023-12-22 04:10:00 ]
2024-01-13 08:55:36,910 read XLB from av [ 2024-01-12 20:00:00 to 2023-12-22 04:45:00 ]
2024-01-13 08:55:37,180 read XLI from av [ 2024-01-12 20:00:00 to 2023-12-22 04:00:00 ]
2024-01-13 08:55:37,421 read KBWB from av [ 2024-01-12 17:50:00 to 2023-12-22 08:50:00 ]
2024-01-13 09:01:38,400 Time out TVIX
2024-01-13 09:07:39,071 Time out ^VVIX
2024-01-13 09:07:39,253 read VIXM from av [ 2024-01-12 20:00:00 to 2023-12-22 04:40:00 ]
2024-01-13 09:07:39,518 read VIXY from av [ 2024-01-12 20:00:00 to 2023-12-22 04:15:00 ]
2024-01-13 09:07:39,878 read VXX from av [ 2024-01-12 20:00:00 to 2023-12-22 04:00:00 ]
2024-01-13 09:07:40,230 read SVXY from av [ 2024-01-12 20:00:00 to 2023-12-22 04:00:00 ]
2024-01-13 09:07:40,553 read UVXY from av [ 2024-01-12 20:00:00 to 2023-12-22 04:00:00 ]
2024-01-13 09:07:40,851 read VIXY from av [ 2024-01-12 20:00:00 to 2023-12-22 04:15:00 ]
