2024-03-02 07:01:13,900 read QQQ from av [ 2024-03-01 19:55:00 to 2024-02-09 04:00:00 ]
2024-03-02 07:07:15,373 Time out ^VIX
2024-03-02 07:07:15,641 read FAS from av [ 2024-03-01 20:00:00 to 2024-02-09 04:00:00 ]
2024-03-02 07:07:16,134 read MIDU from av [ 2024-03-01 20:00:00 to 2024-02-09 06:30:00 ]
2024-03-02 07:07:16,654 read AAPL from av [ 2024-03-01 19:55:00 to 2024-02-09 04:00:00 ]
2024-03-02 07:07:17,399 read GOOG from av [ 2024-03-01 19:55:00 to 2024-02-09 04:00:00 ]
2024-03-02 07:13:18,961 Time out ^GSPC
2024-03-02 07:19:20,211 Time out ^DJI
2024-03-02 07:25:21,923 Time out ^TNX
2024-03-02 07:25:22,198 read MSFT from av [ 2024-03-01 19:55:00 to 2024-02-09 04:00:00 ]
2024-03-02 07:31:23,872 Time out ^VXGOG
2024-03-02 07:37:24,963 Time out ^VXAPL
2024-03-02 07:43:26,122 Time out ^VXGS
2024-03-02 07:49:27,123 Time out ^VXAZN
2024-03-02 07:55:27,988 Time out ^VXIBM
2024-03-02 07:55:28,393 read GS from av [ 2024-03-01 19:55:00 to 2024-02-09 04:30:00 ]
2024-03-02 07:55:28,941 read IBM from av [ 2024-03-01 19:55:00 to 2024-02-09 04:00:00 ]
2024-03-02 08:01:30,482 Time out FB
2024-03-02 08:07:31,715 Time out ^TYVIX
2024-03-02 08:07:32,156 read SPY from av [ 2024-03-01 20:00:00 to 2024-02-09 04:00:00 ]
2024-03-02 08:07:32,936 read GOOGL from av [ 2024-03-01 19:55:00 to 2024-02-09 04:00:00 ]
2024-03-02 08:07:33,651 read JPM from av [ 2024-03-01 19:55:00 to 2024-02-09 04:00:00 ]
2024-03-02 08:07:34,392 read JNJ from av [ 2024-03-01 19:55:00 to 2024-02-09 04:00:00 ]
2024-03-02 08:07:35,145 read BAC from av [ 2024-03-01 19:55:00 to 2024-02-09 04:00:00 ]
2024-03-02 08:07:35,896 read V from av [ 2024-03-01 19:55:00 to 2024-02-09 04:00:00 ]
2024-03-02 08:07:36,643 read WFC from av [ 2024-03-01 19:55:00 to 2024-02-09 04:15:00 ]
2024-03-02 08:07:37,160 read MA from av [ 2024-03-01 19:55:00 to 2024-02-09 05:00:00 ]
2024-03-02 08:07:37,673 read C from av [ 2024-03-01 19:55:00 to 2024-02-09 04:00:00 ]
2024-03-02 08:07:38,397 read PYPL from av [ 2024-03-01 19:55:00 to 2024-02-09 04:00:00 ]
2024-03-02 08:13:39,873 Time out OIL
2024-03-02 08:19:40,987 Time out DX-Y.NYB
2024-03-02 08:19:41,395 read GLD from av [ 2024-03-01 20:00:00 to 2024-02-09 04:00:00 ]
2024-03-02 08:19:42,135 read UUP from av [ 2024-03-01 20:00:00 to 2024-02-09 08:00:00 ]
2024-03-02 08:19:42,637 read SHY from av [ 2024-03-01 17:20:00 to 2024-02-09 04:10:00 ]
2024-03-02 08:19:43,197 read SHV from av [ 2024-03-01 19:40:00 to 2024-02-09 04:00:00 ]
2024-03-02 08:19:43,903 read IEF from av [ 2024-03-01 18:20:00 to 2024-02-09 04:45:00 ]
2024-03-02 08:25:45,238 Time out ^IRX
2024-03-02 08:31:46,452 Time out ^FVX
2024-03-02 08:37:48,982 Time out ^TYX
2024-03-02 08:37:49,396 read SQQQ from av [ 2024-03-01 19:55:00 to 2024-02-09 04:00:00 ]
2024-03-02 08:37:50,146 read TQQQ from av [ 2024-03-01 19:55:00 to 2024-02-09 04:00:00 ]
2024-03-02 08:43:51,738 Time out ^VXX
2024-03-02 08:49:52,742 Time out ^VXZ
2024-03-02 08:49:53,135 read IYE from av [ 2024-03-01 20:00:00 to 2024-02-09 08:00:00 ]
2024-03-02 08:49:53,630 read IYY from av [ 2024-03-01 20:00:00 to 2024-02-09 07:10:00 ]
2024-03-02 08:49:53,891 read IYF from av [ 2024-03-01 20:00:00 to 2024-02-09 08:00:00 ]
2024-03-02 08:49:54,383 read IYR from av [ 2024-03-01 20:00:00 to 2024-02-09 08:00:00 ]
2024-03-02 08:49:54,887 read IYW from av [ 2024-03-01 20:00:00 to 2024-02-09 06:15:00 ]
2024-03-02 08:49:55,383 read IYT from av [ 2024-03-01 20:00:00 to 2024-02-09 09:10:00 ]
2024-03-02 08:49:55,883 read PEJ from av [ 2024-03-01 20:00:00 to 2024-02-09 08:30:00 ]
2024-03-02 08:49:56,393 read USO from av [ 2024-03-01 20:00:00 to 2024-02-09 04:00:00 ]
2024-03-02 08:49:57,231 read DBC from av [ 2024-03-01 20:00:00 to 2024-02-09 04:00:00 ]
2024-03-02 08:49:57,884 read GSG from av [ 2024-03-01 20:00:00 to 2024-02-09 07:35:00 ]
2024-03-02 08:49:58,394 read VTI from av [ 2024-03-01 20:00:00 to 2024-02-09 04:00:00 ]
2024-03-02 08:55:59,743 Time out ^RUT
2024-03-02 08:56:00,135 read FDN from av [ 2024-03-01 20:00:00 to 2024-02-09 08:00:00 ]
2024-03-02 08:56:01,140 read XLV from av [ 2024-03-01 20:00:00 to 2024-02-09 05:20:00 ]
2024-03-02 08:56:07,137 read IBB from av [ 2024-03-01 19:45:00 to 2024-02-09 06:35:00 ]
2024-03-02 08:56:07,888 read KRE from av [ 2024-03-01 20:00:00 to 2024-02-09 04:20:00 ]
2024-03-02 08:56:08,884 read KBE from av [ 2024-03-01 20:00:00 to 2024-02-09 07:45:00 ]
2024-03-02 08:56:11,642 read XLF from av [ 2024-03-01 20:00:00 to 2024-02-09 05:15:00 ]
2024-03-02 08:56:12,894 read XLP from av [ 2024-03-01 20:00:00 to 2024-02-09 04:30:00 ]
2024-03-02 09:02:15,706 Time out XLY
2024-03-02 09:02:16,654 read VNQ from av [ 2024-03-01 20:00:00 to 2024-02-09 04:00:00 ]
2024-03-02 09:02:18,653 read XLB from av [ 2024-03-01 20:00:00 to 2024-02-09 08:00:00 ]
2024-03-02 09:02:20,633 read XLI from av [ 2024-03-01 20:00:00 to 2024-02-09 08:00:00 ]
2024-03-02 09:02:21,646 read KBWB from av [ 2024-03-01 18:40:00 to 2024-02-09 08:00:00 ]
2024-03-02 09:08:23,234 Time out TVIX
2024-03-02 09:14:24,372 Time out ^VVIX
2024-03-02 09:14:24,631 read VIXM from av [ 2024-03-01 20:00:00 to 2024-02-09 07:00:00 ]
2024-03-02 09:14:24,976 read VIXY from av [ 2024-03-01 20:00:00 to 2024-02-09 04:05:00 ]
2024-03-02 09:14:25,643 read VXX from av [ 2024-03-01 20:00:00 to 2024-02-09 04:10:00 ]
2024-03-02 09:14:26,737 read SVXY from av [ 2024-03-01 20:00:00 to 2024-02-09 04:10:00 ]
2024-03-02 09:20:28,238 Time out UVXY
2024-03-02 09:20:28,640 read VIXY from av [ 2024-03-01 20:00:00 to 2024-02-09 04:05:00 ]
