2024-02-03 07:01:08,011 read QQQ from av [ 2024-02-02 19:55:00 to 2024-01-12 04:00:00 ]
2024-02-03 07:07:12,567 Time out ^VIX
2024-02-03 07:07:13,435 read FAS from av [ 2024-02-02 20:00:00 to 2024-01-12 04:00:00 ]
2024-02-03 07:07:14,075 read MIDU from av [ 2024-02-02 20:00:00 to 2024-01-12 04:20:00 ]
2024-02-03 07:07:14,478 read AAPL from av [ 2024-02-02 19:55:00 to 2024-01-12 04:00:00 ]
2024-02-03 07:07:16,227 read GOOG from av [ 2024-02-02 19:55:00 to 2024-01-12 04:00:00 ]
2024-02-03 07:13:17,125 Time out ^GSPC
2024-02-03 07:19:17,757 Time out ^DJI
2024-02-03 07:25:18,374 Time out ^TNX
2024-02-03 07:25:18,677 read MSFT from av [ 2024-02-02 19:55:00 to 2024-01-12 04:00:00 ]
2024-02-03 07:31:19,318 Time out ^VXGOG
2024-02-03 07:37:20,063 Time out ^VXAPL
2024-02-03 07:43:21,038 Time out ^VXGS
2024-02-03 07:49:22,142 Time out ^VXAZN
2024-02-03 07:55:22,864 Time out ^VXIBM
2024-02-03 07:55:23,646 read GS from av [ 2024-02-02 19:55:00 to 2024-01-12 04:00:00 ]
2024-02-03 07:55:23,985 read IBM from av [ 2024-02-02 19:55:00 to 2024-01-12 04:00:00 ]
2024-02-03 08:01:25,172 Time out FB
2024-02-03 08:07:25,972 Time out ^TYVIX
2024-02-03 08:07:26,912 read SPY from av [ 2024-02-02 20:00:00 to 2024-01-12 04:00:00 ]
2024-02-03 08:07:27,254 read GOOGL from av [ 2024-02-02 19:55:00 to 2024-01-12 04:00:00 ]
2024-02-03 08:07:28,274 read JPM from av [ 2024-02-02 19:55:00 to 2024-01-12 04:00:00 ]
2024-02-03 08:07:29,226 read JNJ from av [ 2024-02-02 19:55:00 to 2024-01-12 04:00:00 ]
2024-02-03 08:07:30,319 read BAC from av [ 2024-02-02 19:55:00 to 2024-01-12 04:00:00 ]
2024-02-03 08:07:31,311 read V from av [ 2024-02-02 19:55:00 to 2024-01-12 04:00:00 ]
2024-02-03 08:07:32,343 read WFC from av [ 2024-02-02 19:55:00 to 2024-01-12 04:10:00 ]
2024-02-03 08:07:33,261 read MA from av [ 2024-02-02 19:55:00 to 2024-01-12 04:00:00 ]
2024-02-03 08:07:34,274 read C from av [ 2024-02-02 19:55:00 to 2024-01-12 04:00:00 ]
2024-02-03 08:07:34,584 read PYPL from av [ 2024-02-02 19:55:00 to 2024-01-12 04:00:00 ]
2024-02-03 08:13:35,869 Time out OIL
2024-02-03 08:19:36,616 Time out DX-Y.NYB
2024-02-03 08:19:37,541 read GLD from av [ 2024-02-02 20:00:00 to 2024-01-12 04:00:00 ]
2024-02-03 08:19:38,344 read UUP from av [ 2024-02-02 20:00:00 to 2024-01-12 06:35:00 ]
2024-02-03 08:19:39,160 read SHY from av [ 2024-02-02 19:25:00 to 2024-01-12 04:00:00 ]
2024-02-03 08:19:40,120 read SHV from av [ 2024-02-02 19:55:00 to 2024-01-12 04:05:00 ]
2024-02-03 08:19:40,980 read IEF from av [ 2024-02-02 19:45:00 to 2024-01-12 04:10:00 ]
2024-02-03 08:25:41,684 Time out ^IRX
2024-02-03 08:31:42,293 Time out ^FVX
2024-02-03 08:37:42,880 Time out ^TYX
2024-02-03 08:37:43,906 read SQQQ from av [ 2024-02-02 19:55:00 to 2024-01-12 04:00:00 ]
2024-02-03 08:37:45,007 read TQQQ from av [ 2024-02-02 19:55:00 to 2024-01-12 04:00:00 ]
2024-02-03 08:43:45,746 Time out ^VXX
2024-02-03 08:49:46,385 Time out ^VXZ
2024-02-03 08:49:46,992 read IYE from av [ 2024-02-02 20:00:00 to 2024-01-12 09:25:00 ]
2024-02-03 08:49:47,572 read IYY from av [ 2024-02-02 20:00:00 to 2024-01-12 08:00:00 ]
2024-02-03 08:49:48,166 read IYF from av [ 2024-02-02 20:00:00 to 2024-01-12 08:00:00 ]
2024-02-03 08:49:48,902 read IYR from av [ 2024-02-02 20:00:00 to 2024-01-12 04:50:00 ]
2024-02-03 08:49:49,696 read IYW from av [ 2024-02-02 20:00:00 to 2024-01-12 07:00:00 ]
2024-02-03 08:49:50,347 read IYT from av [ 2024-02-02 20:00:00 to 2024-01-12 07:05:00 ]
2024-02-03 08:49:50,894 read PEJ from av [ 2024-02-02 20:00:00 to 2024-01-12 09:05:00 ]
2024-02-03 08:49:51,865 read USO from av [ 2024-02-02 20:00:00 to 2024-01-12 04:00:00 ]
2024-02-03 08:49:52,600 read DBC from av [ 2024-02-02 20:00:00 to 2024-01-12 06:15:00 ]
2024-02-03 08:49:53,294 read GSG from av [ 2024-02-02 20:00:00 to 2024-01-12 07:00:00 ]
2024-02-03 08:49:54,270 read VTI from av [ 2024-02-02 20:00:00 to 2024-01-12 04:00:00 ]
2024-02-03 08:55:55,089 Time out ^RUT
2024-02-03 08:55:55,705 read FDN from av [ 2024-02-02 20:00:00 to 2024-01-12 08:00:00 ]
2024-02-03 08:55:56,596 read XLV from av [ 2024-02-02 20:00:00 to 2024-01-12 04:00:00 ]
2024-02-03 08:55:57,352 read IBB from av [ 2024-02-02 18:40:00 to 2024-01-12 04:00:00 ]
2024-02-03 08:55:58,187 read KRE from av [ 2024-02-02 20:00:00 to 2024-01-12 04:05:00 ]
2024-02-03 08:55:58,921 read KBE from av [ 2024-02-02 20:00:00 to 2024-01-12 08:00:00 ]
2024-02-03 08:55:59,858 read XLF from av [ 2024-02-02 20:00:00 to 2024-01-12 04:00:00 ]
2024-02-03 08:56:00,645 read XLP from av [ 2024-02-02 20:00:00 to 2024-01-12 04:00:00 ]
2024-02-03 08:56:03,052 read XLY from av [ 2024-02-02 20:00:00 to 2024-01-12 04:05:00 ]
2024-02-03 08:56:06,024 read VNQ from av [ 2024-02-02 20:00:00 to 2024-01-12 04:05:00 ]
2024-02-03 08:56:09,746 read XLB from av [ 2024-02-02 20:00:00 to 2024-01-12 06:00:00 ]
2024-02-03 08:56:10,647 read XLI from av [ 2024-02-02 20:00:00 to 2024-01-12 05:05:00 ]
2024-02-03 08:56:12,554 read KBWB from av [ 2024-02-02 19:05:00 to 2024-01-12 06:50:00 ]
2024-02-03 09:02:14,491 Time out TVIX
2024-02-03 09:08:15,064 Time out ^VVIX
2024-02-03 09:08:15,570 read VIXM from av [ 2024-02-02 20:00:00 to 2024-01-12 07:05:00 ]
2024-02-03 09:08:16,436 read VIXY from av [ 2024-02-02 20:00:00 to 2024-01-12 04:00:00 ]
2024-02-03 09:08:17,359 read VXX from av [ 2024-02-02 20:00:00 to 2024-01-12 04:00:00 ]
2024-02-03 09:08:18,302 read SVXY from av [ 2024-02-02 20:00:00 to 2024-01-12 04:00:00 ]
2024-02-03 09:08:19,397 read UVXY from av [ 2024-02-02 20:00:00 to 2024-01-12 04:00:00 ]
2024-02-03 09:08:19,699 read VIXY from av [ 2024-02-02 20:00:00 to 2024-01-12 04:00:00 ]
