2024-03-09 07:01:10,081 read QQQ from av [ 2024-03-08 19:55:00 to 2024-02-16 04:00:00 ]
2024-03-09 07:07:10,983 Time out ^VIX
2024-03-09 07:07:11,771 read FAS from av [ 2024-03-08 20:00:00 to 2024-02-16 04:05:00 ]
2024-03-09 07:07:12,458 read MIDU from av [ 2024-03-08 20:00:00 to 2024-02-16 04:05:00 ]
2024-03-09 07:07:12,787 read AAPL from av [ 2024-03-08 19:55:00 to 2024-02-16 04:00:00 ]
2024-03-09 07:07:13,964 read GOOG from av [ 2024-03-08 19:55:00 to 2024-02-16 04:00:00 ]
2024-03-09 07:13:14,976 Time out ^GSPC
2024-03-09 07:19:16,770 Time out ^DJI
2024-03-09 07:25:17,507 Time out ^TNX
2024-03-09 07:25:17,733 read MSFT from av [ 2024-03-08 19:55:00 to 2024-02-16 04:00:00 ]
2024-03-09 07:31:18,676 Time out ^VXGOG
2024-03-09 07:37:19,333 Time out ^VXAPL
2024-03-09 07:43:20,174 Time out ^VXGS
2024-03-09 07:49:20,891 Time out ^VXAZN
2024-03-09 07:55:21,614 Time out ^VXIBM
2024-03-09 07:55:22,346 read GS from av [ 2024-03-08 19:55:00 to 2024-02-16 04:15:00 ]
2024-03-09 07:55:22,681 read IBM from av [ 2024-03-08 19:55:00 to 2024-02-16 04:00:00 ]
2024-03-09 08:01:23,989 Time out FB
2024-03-09 08:07:24,636 Time out ^TYVIX
2024-03-09 08:07:24,891 read SPY from av [ 2024-03-08 20:00:00 to 2024-02-16 04:00:00 ]
2024-03-09 08:07:25,353 read GOOGL from av [ 2024-03-08 19:55:00 to 2024-02-16 04:00:00 ]
2024-03-09 08:07:26,455 read JPM from av [ 2024-03-08 19:55:00 to 2024-02-16 04:00:00 ]
2024-03-09 08:07:27,575 read JNJ from av [ 2024-03-08 19:55:00 to 2024-02-16 04:00:00 ]
2024-03-09 08:07:28,722 read BAC from av [ 2024-03-08 19:55:00 to 2024-02-16 04:00:00 ]
2024-03-09 08:07:29,883 read V from av [ 2024-03-08 19:55:00 to 2024-02-16 04:00:00 ]
2024-03-09 08:07:30,956 read WFC from av [ 2024-03-08 19:55:00 to 2024-02-16 04:00:00 ]
2024-03-09 08:07:31,976 read MA from av [ 2024-03-08 19:40:00 to 2024-02-16 04:00:00 ]
2024-03-09 08:07:32,996 read C from av [ 2024-03-08 19:55:00 to 2024-02-16 04:00:00 ]
2024-03-09 08:07:34,154 read PYPL from av [ 2024-03-08 19:55:00 to 2024-02-16 04:00:00 ]
2024-03-09 08:13:35,561 Time out OIL
2024-03-09 08:19:36,231 Time out DX-Y.NYB
2024-03-09 08:19:37,164 read GLD from av [ 2024-03-08 20:00:00 to 2024-02-16 04:00:00 ]
2024-03-09 08:19:38,085 read UUP from av [ 2024-03-08 20:00:00 to 2024-02-16 08:00:00 ]
2024-03-09 08:19:38,935 read SHY from av [ 2024-03-08 18:55:00 to 2024-02-16 04:55:00 ]
2024-03-09 08:19:39,954 read SHV from av [ 2024-03-08 19:55:00 to 2024-02-16 04:00:00 ]
2024-03-09 08:19:40,933 read IEF from av [ 2024-03-08 19:55:00 to 2024-02-16 04:00:00 ]
2024-03-09 08:25:41,783 Time out ^IRX
2024-03-09 08:31:42,483 Time out ^FVX
2024-03-09 08:37:43,183 Time out ^TYX
2024-03-09 08:37:44,205 read SQQQ from av [ 2024-03-08 19:55:00 to 2024-02-16 04:00:00 ]
2024-03-09 08:37:45,378 read TQQQ from av [ 2024-03-08 19:55:00 to 2024-02-16 04:00:00 ]
2024-03-09 08:43:46,212 Time out ^VXX
2024-03-09 08:49:46,889 Time out ^VXZ
2024-03-09 08:49:47,452 read IYE from av [ 2024-03-08 20:00:00 to 2024-02-16 08:40:00 ]
2024-03-09 08:49:47,999 read IYY from av [ 2024-03-08 20:00:00 to 2024-02-16 08:45:00 ]
2024-03-09 08:49:48,632 read IYF from av [ 2024-03-08 20:00:00 to 2024-02-16 08:00:00 ]
2024-03-09 08:49:49,380 read IYR from av [ 2024-03-08 20:00:00 to 2024-02-16 04:45:00 ]
2024-03-09 08:49:50,207 read IYW from av [ 2024-03-08 20:00:00 to 2024-02-16 07:10:00 ]
2024-03-09 08:49:50,861 read IYT from av [ 2024-03-08 20:00:00 to 2024-02-16 09:25:00 ]
2024-03-09 08:49:51,493 read PEJ from av [ 2024-03-08 20:00:00 to 2024-02-16 08:05:00 ]
2024-03-09 08:49:52,386 read USO from av [ 2024-03-08 20:00:00 to 2024-02-16 04:00:00 ]
2024-03-09 08:49:53,254 read DBC from av [ 2024-03-08 20:00:00 to 2024-02-16 04:00:00 ]
2024-03-09 08:49:53,929 read GSG from av [ 2024-03-08 20:00:00 to 2024-02-16 04:00:00 ]
2024-03-09 08:49:54,957 read VTI from av [ 2024-03-08 20:00:00 to 2024-02-16 04:00:00 ]
2024-03-09 08:55:55,810 Time out ^RUT
2024-03-09 08:55:56,461 read FDN from av [ 2024-03-08 20:00:00 to 2024-02-16 07:00:00 ]
2024-03-09 08:55:57,394 read XLV from av [ 2024-03-08 20:00:00 to 2024-02-16 04:00:00 ]
2024-03-09 08:55:58,189 read IBB from av [ 2024-03-08 19:45:00 to 2024-02-16 07:00:00 ]
2024-03-09 08:55:59,072 read KRE from av [ 2024-03-08 20:00:00 to 2024-02-16 04:10:00 ]
2024-03-09 08:55:59,929 read KBE from av [ 2024-03-08 20:00:00 to 2024-02-16 07:05:00 ]
2024-03-09 08:56:00,862 read XLF from av [ 2024-03-08 20:00:00 to 2024-02-16 04:05:00 ]
2024-03-09 08:56:01,811 read XLP from av [ 2024-03-08 20:00:00 to 2024-02-16 04:00:00 ]
2024-03-09 08:56:02,729 read XLY from av [ 2024-03-08 20:00:00 to 2024-02-16 04:05:00 ]
2024-03-09 08:56:03,667 read VNQ from av [ 2024-03-08 20:00:00 to 2024-02-16 04:45:00 ]
2024-03-09 08:56:05,107 read XLB from av [ 2024-03-08 20:00:00 to 2024-02-16 04:15:00 ]
2024-03-09 08:56:08,417 read XLI from av [ 2024-03-08 20:00:00 to 2024-02-16 06:50:00 ]
2024-03-09 08:56:10,459 read KBWB from av [ 2024-03-08 18:35:00 to 2024-02-16 06:25:00 ]
2024-03-09 09:02:11,850 Time out TVIX
2024-03-09 09:08:12,575 Time out ^VVIX
2024-03-09 09:08:13,041 read VIXM from av [ 2024-03-08 20:00:00 to 2024-02-16 08:00:00 ]
2024-03-09 09:08:13,957 read VIXY from av [ 2024-03-08 20:00:00 to 2024-02-16 04:25:00 ]
2024-03-09 09:14:14,729 Time out VXX
2024-03-09 09:14:15,531 read SVXY from av [ 2024-03-08 20:00:00 to 2024-02-16 04:00:00 ]
2024-03-09 09:14:16,602 read UVXY from av [ 2024-03-08 20:00:00 to 2024-02-16 04:00:00 ]
2024-03-09 09:20:17,508 Time out VIXY
