2024-02-24 07:01:14,843 read QQQ from av [ 2024-02-23 19:55:00 to 2024-02-02 04:00:00 ]
2024-02-24 07:07:16,814 Time out ^VIX
2024-02-24 07:07:17,083 read FAS from av [ 2024-02-23 20:00:00 to 2024-02-02 04:05:00 ]
2024-02-24 07:07:17,574 read MIDU from av [ 2024-02-23 20:00:00 to 2024-02-02 04:00:00 ]
2024-02-24 07:07:17,892 read AAPL from av [ 2024-02-23 19:55:00 to 2024-02-02 04:00:00 ]
2024-02-24 07:07:19,359 read GOOG from av [ 2024-02-23 19:55:00 to 2024-02-02 04:00:00 ]
2024-02-24 07:13:20,682 Time out ^GSPC
2024-02-24 07:19:22,674 Time out ^DJI
2024-02-24 07:25:23,890 Time out ^TNX
2024-02-24 07:25:24,138 read MSFT from av [ 2024-02-23 19:55:00 to 2024-02-02 04:00:00 ]
2024-02-24 07:31:25,649 Time out ^VXGOG
2024-02-24 07:37:27,062 Time out ^VXAPL
2024-02-24 07:43:28,154 Time out ^VXGS
2024-02-24 07:49:29,314 Time out ^VXAZN
2024-02-24 07:55:30,404 Time out ^VXIBM
2024-02-24 07:55:30,834 read GS from av [ 2024-02-23 19:50:00 to 2024-02-02 04:00:00 ]
2024-02-24 07:55:31,335 read IBM from av [ 2024-02-23 19:55:00 to 2024-02-02 04:00:00 ]
2024-02-24 08:01:32,917 Time out FB
2024-02-24 08:07:34,183 Time out ^TYVIX
2024-02-24 08:07:34,588 read SPY from av [ 2024-02-23 20:00:00 to 2024-02-02 04:00:00 ]
2024-02-24 08:07:35,339 read GOOGL from av [ 2024-02-23 19:55:00 to 2024-02-02 04:00:00 ]
2024-02-24 08:07:36,084 read JPM from av [ 2024-02-23 19:55:00 to 2024-02-02 04:00:00 ]
2024-02-24 08:07:36,627 read JNJ from av [ 2024-02-23 19:55:00 to 2024-02-02 04:00:00 ]
2024-02-24 08:07:37,363 read BAC from av [ 2024-02-23 19:55:00 to 2024-02-02 04:00:00 ]
2024-02-24 08:07:38,084 read V from av [ 2024-02-23 19:55:00 to 2024-02-02 04:00:00 ]
2024-02-24 08:07:38,618 read WFC from av [ 2024-02-23 19:55:00 to 2024-02-02 04:00:00 ]
2024-02-24 08:07:39,337 read MA from av [ 2024-02-23 19:40:00 to 2024-02-02 04:00:00 ]
2024-02-24 08:07:39,849 read C from av [ 2024-02-23 19:55:00 to 2024-02-02 04:00:00 ]
2024-02-24 08:07:40,370 read PYPL from av [ 2024-02-23 19:55:00 to 2024-02-02 04:00:00 ]
2024-02-24 08:13:41,912 Time out OIL
2024-02-24 08:19:44,665 Time out DX-Y.NYB
2024-02-24 08:19:45,088 read GLD from av [ 2024-02-23 20:00:00 to 2024-02-02 04:00:00 ]
2024-02-24 08:19:45,826 read UUP from av [ 2024-02-23 20:00:00 to 2024-02-02 04:25:00 ]
2024-02-24 08:19:46,329 read SHY from av [ 2024-02-23 19:55:00 to 2024-02-02 04:00:00 ]
2024-02-24 08:19:46,834 read SHV from av [ 2024-02-23 19:35:00 to 2024-02-02 04:00:00 ]
2024-02-24 08:19:47,580 read IEF from av [ 2024-02-23 18:20:00 to 2024-02-02 04:10:00 ]
2024-02-24 08:25:48,931 Time out ^IRX
2024-02-24 08:31:49,935 Time out ^FVX
2024-02-24 08:37:51,165 Time out ^TYX
2024-02-24 08:37:51,587 read SQQQ from av [ 2024-02-23 19:55:00 to 2024-02-02 04:00:00 ]
2024-02-24 08:37:52,338 read TQQQ from av [ 2024-02-23 19:55:00 to 2024-02-02 04:00:00 ]
2024-02-24 08:43:53,903 Time out ^VXX
2024-02-24 08:49:55,064 Time out ^VXZ
2024-02-24 08:49:55,326 read IYE from av [ 2024-02-23 20:00:00 to 2024-02-02 08:00:00 ]
2024-02-24 08:49:55,817 read IYY from av [ 2024-02-23 20:00:00 to 2024-02-02 08:00:00 ]
2024-02-24 08:49:56,080 read IYF from av [ 2024-02-23 20:00:00 to 2024-02-02 09:15:00 ]
2024-02-24 08:49:56,578 read IYR from av [ 2024-02-23 20:00:00 to 2024-02-02 04:05:00 ]
2024-02-24 08:49:57,077 read IYW from av [ 2024-02-23 20:00:00 to 2024-02-02 07:30:00 ]
2024-02-24 08:49:57,577 read IYT from av [ 2024-02-23 20:00:00 to 2024-02-02 08:00:00 ]
2024-02-24 08:49:58,072 read PEJ from av [ 2024-02-23 20:00:00 to 2024-02-02 09:30:00 ]
2024-02-24 08:49:58,377 read USO from av [ 2024-02-23 20:00:00 to 2024-02-02 04:00:00 ]
2024-02-24 08:49:59,675 read DBC from av [ 2024-02-23 20:00:00 to 2024-02-02 04:00:00 ]
2024-02-24 08:50:00,654 read GSG from av [ 2024-02-23 20:00:00 to 2024-02-02 04:00:00 ]
2024-02-24 08:50:04,083 read VTI from av [ 2024-02-23 20:00:00 to 2024-02-02 04:00:00 ]
2024-02-24 08:56:10,071 Time out ^RUT
2024-02-24 09:02:13,814 Time out FDN
2024-02-24 09:02:14,604 read XLV from av [ 2024-02-23 20:00:00 to 2024-02-02 04:30:00 ]
2024-02-24 09:02:16,103 read IBB from av [ 2024-02-23 19:15:00 to 2024-02-02 05:40:00 ]
2024-02-24 09:02:17,350 read KRE from av [ 2024-02-23 20:00:00 to 2024-02-02 04:00:00 ]
2024-02-24 09:02:18,841 read KBE from av [ 2024-02-23 20:00:00 to 2024-02-02 05:05:00 ]
2024-02-24 09:08:20,314 Time out XLF
2024-02-24 09:08:21,080 read XLP from av [ 2024-02-23 20:00:00 to 2024-02-02 04:10:00 ]
2024-02-24 09:08:22,078 read XLY from av [ 2024-02-23 20:00:00 to 2024-02-02 05:15:00 ]
2024-02-24 09:08:23,089 read VNQ from av [ 2024-02-23 20:00:00 to 2024-02-02 04:05:00 ]
2024-02-24 09:08:24,087 read XLB from av [ 2024-02-23 20:00:00 to 2024-02-02 08:00:00 ]
2024-02-24 09:08:25,079 read XLI from av [ 2024-02-23 20:00:00 to 2024-02-02 05:40:00 ]
2024-02-24 09:08:25,930 read KBWB from av [ 2024-02-23 16:00:00 to 2024-02-02 04:00:00 ]
2024-02-24 09:14:27,179 Time out TVIX
2024-02-24 09:20:28,154 Time out ^VVIX
2024-02-24 09:20:28,571 read VIXM from av [ 2024-02-23 20:00:00 to 2024-02-02 08:20:00 ]
2024-02-24 09:20:28,847 read VIXY from av [ 2024-02-23 20:00:00 to 2024-02-02 05:00:00 ]
2024-02-24 09:20:29,348 read VXX from av [ 2024-02-23 20:00:00 to 2024-02-02 04:00:00 ]
2024-02-24 09:26:30,814 Time out SVXY
2024-02-24 09:26:31,837 read UVXY from av [ 2024-02-23 20:00:00 to 2024-02-02 04:00:00 ]
2024-02-24 09:26:33,082 read VIXY from av [ 2024-02-23 20:00:00 to 2024-02-02 05:00:00 ]
