2024-03-02 07:01:12,880 read QQQ from av [ 2024-03-01 19:55:00 to 2024-02-09 04:00:00 ]
2024-03-02 07:07:13,694 Time out ^VIX
2024-03-02 07:07:14,452 read FAS from av [ 2024-03-01 20:00:00 to 2024-02-09 04:00:00 ]
2024-03-02 07:07:15,103 read MIDU from av [ 2024-03-01 20:00:00 to 2024-02-09 06:30:00 ]
2024-03-02 07:07:15,389 read AAPL from av [ 2024-03-01 19:55:00 to 2024-02-09 04:00:00 ]
2024-03-02 07:07:16,662 read GOOG from av [ 2024-03-01 19:55:00 to 2024-02-09 04:00:00 ]
2024-03-02 07:13:18,527 Time out ^GSPC
2024-03-02 07:19:19,748 Time out ^DJI
2024-03-02 07:25:20,358 Time out ^TNX
2024-03-02 07:25:20,623 read MSFT from av [ 2024-03-01 19:55:00 to 2024-02-09 04:00:00 ]
2024-03-02 07:31:21,438 Time out ^VXGOG
2024-03-02 07:37:22,211 Time out ^VXAPL
2024-03-02 07:43:23,380 Time out ^VXGS
2024-03-02 07:49:23,955 Time out ^VXAZN
2024-03-02 07:55:24,558 Time out ^VXIBM
2024-03-02 07:55:25,373 read GS from av [ 2024-03-01 19:55:00 to 2024-02-09 04:30:00 ]
2024-03-02 07:55:25,691 read IBM from av [ 2024-03-01 19:55:00 to 2024-02-09 04:00:00 ]
2024-03-02 08:01:26,846 Time out FB
2024-03-02 08:07:27,425 Time out ^TYVIX
2024-03-02 08:07:28,406 read SPY from av [ 2024-03-01 20:00:00 to 2024-02-09 04:00:00 ]
2024-03-02 08:07:28,870 read GOOGL from av [ 2024-03-01 19:55:00 to 2024-02-09 04:00:00 ]
2024-03-02 08:07:29,924 read JPM from av [ 2024-03-01 19:55:00 to 2024-02-09 04:00:00 ]
2024-03-02 08:07:30,924 read JNJ from av [ 2024-03-01 19:55:00 to 2024-02-09 04:00:00 ]
2024-03-02 08:07:32,064 read BAC from av [ 2024-03-01 19:55:00 to 2024-02-09 04:00:00 ]
2024-03-02 08:07:33,086 read V from av [ 2024-03-01 19:55:00 to 2024-02-09 04:00:00 ]
2024-03-02 08:07:34,022 read WFC from av [ 2024-03-01 19:55:00 to 2024-02-09 04:15:00 ]
2024-03-02 08:07:34,997 read MA from av [ 2024-03-01 19:55:00 to 2024-02-09 05:00:00 ]
2024-03-02 08:07:35,944 read C from av [ 2024-03-01 19:55:00 to 2024-02-09 04:00:00 ]
2024-03-02 08:07:37,118 read PYPL from av [ 2024-03-01 19:55:00 to 2024-02-09 04:00:00 ]
2024-03-02 08:13:38,347 Time out OIL
2024-03-02 08:19:38,962 Time out DX-Y.NYB
2024-03-02 08:19:39,863 read GLD from av [ 2024-03-01 20:00:00 to 2024-02-09 04:00:00 ]
2024-03-02 08:19:40,724 read UUP from av [ 2024-03-01 20:00:00 to 2024-02-09 08:00:00 ]
2024-03-02 08:19:41,499 read SHY from av [ 2024-03-01 17:20:00 to 2024-02-09 04:10:00 ]
2024-03-02 08:19:42,463 read SHV from av [ 2024-03-01 19:40:00 to 2024-02-09 04:00:00 ]
2024-03-02 08:19:43,400 read IEF from av [ 2024-03-01 18:20:00 to 2024-02-09 04:45:00 ]
2024-03-02 08:25:44,107 Time out ^IRX
2024-03-02 08:31:44,676 Time out ^FVX
2024-03-02 08:37:45,211 Time out ^TYX
2024-03-02 08:37:46,134 read SQQQ from av [ 2024-03-01 19:55:00 to 2024-02-09 04:00:00 ]
2024-03-02 08:37:47,258 read TQQQ from av [ 2024-03-01 19:55:00 to 2024-02-09 04:00:00 ]
2024-03-02 08:43:48,638 Time out ^VXX
2024-03-02 08:49:49,310 Time out ^VXZ
2024-03-02 08:49:49,962 read IYE from av [ 2024-03-01 20:00:00 to 2024-02-09 08:00:00 ]
2024-03-02 08:49:50,473 read IYY from av [ 2024-03-01 20:00:00 to 2024-02-09 07:10:00 ]
2024-03-02 08:49:51,023 read IYF from av [ 2024-03-01 20:00:00 to 2024-02-09 08:00:00 ]
2024-03-02 08:49:51,761 read IYR from av [ 2024-03-01 20:00:00 to 2024-02-09 08:00:00 ]
2024-03-02 08:49:52,556 read IYW from av [ 2024-03-01 20:00:00 to 2024-02-09 06:15:00 ]
2024-03-02 08:49:53,250 read IYT from av [ 2024-03-01 20:00:00 to 2024-02-09 09:10:00 ]
2024-03-02 08:49:53,855 read PEJ from av [ 2024-03-01 20:00:00 to 2024-02-09 08:30:00 ]
2024-03-02 08:49:54,806 read USO from av [ 2024-03-01 20:00:00 to 2024-02-09 04:00:00 ]
2024-03-02 08:49:55,684 read DBC from av [ 2024-03-01 20:00:00 to 2024-02-09 04:00:00 ]
2024-03-02 08:49:56,420 read GSG from av [ 2024-03-01 20:00:00 to 2024-02-09 07:35:00 ]
2024-03-02 08:49:57,437 read VTI from av [ 2024-03-01 20:00:00 to 2024-02-09 04:00:00 ]
2024-03-02 08:55:58,323 Time out ^RUT
2024-03-02 08:55:58,941 read FDN from av [ 2024-03-01 20:00:00 to 2024-02-09 08:00:00 ]
2024-03-02 08:55:59,844 read XLV from av [ 2024-03-01 20:00:00 to 2024-02-09 05:20:00 ]
2024-03-02 08:56:00,635 read IBB from av [ 2024-03-01 19:45:00 to 2024-02-09 06:35:00 ]
2024-03-02 08:56:05,517 read KRE from av [ 2024-03-01 20:00:00 to 2024-02-09 04:20:00 ]
2024-03-02 08:56:09,877 read KBE from av [ 2024-03-01 20:00:00 to 2024-02-09 07:45:00 ]
2024-03-02 08:56:11,787 read XLF from av [ 2024-03-01 20:00:00 to 2024-02-09 05:15:00 ]
2024-03-02 08:56:12,650 read XLP from av [ 2024-03-01 20:00:00 to 2024-02-09 04:30:00 ]
2024-03-02 08:56:13,414 read XLY from av [ 2024-03-01 20:00:00 to 2024-02-09 06:25:00 ]
2024-03-02 08:56:14,317 read VNQ from av [ 2024-03-01 20:00:00 to 2024-02-09 04:00:00 ]
2024-03-02 08:56:15,099 read XLB from av [ 2024-03-01 20:00:00 to 2024-02-09 08:00:00 ]
2024-03-02 09:02:16,592 Time out XLI
2024-03-02 09:02:17,181 read KBWB from av [ 2024-03-01 18:40:00 to 2024-02-09 08:00:00 ]
2024-03-02 09:08:19,017 Time out TVIX
2024-03-02 09:14:19,773 Time out ^VVIX
2024-03-02 09:14:20,226 read VIXM from av [ 2024-03-01 20:00:00 to 2024-02-09 07:00:00 ]
2024-03-02 09:14:21,308 read VIXY from av [ 2024-03-01 20:00:00 to 2024-02-09 04:05:00 ]
2024-03-02 09:14:22,368 read VXX from av [ 2024-03-01 20:00:00 to 2024-02-09 04:10:00 ]
2024-03-02 09:20:23,154 Time out SVXY
2024-03-02 09:20:24,146 read UVXY from av [ 2024-03-01 20:00:00 to 2024-02-09 04:00:00 ]
2024-03-02 09:20:25,133 read VIXY from av [ 2024-03-01 20:00:00 to 2024-02-09 04:05:00 ]
