2024-02-17 07:01:11,415 read QQQ from av [ 2024-02-16 19:55:00 to 2024-01-26 04:00:00 ]
2024-02-17 07:07:12,840 Time out ^VIX
2024-02-17 07:07:13,664 read FAS from av [ 2024-02-16 20:00:00 to 2024-01-26 04:25:00 ]
2024-02-17 07:07:14,306 read MIDU from av [ 2024-02-16 20:00:00 to 2024-01-26 04:00:00 ]
2024-02-17 07:07:14,601 read AAPL from av [ 2024-02-16 19:55:00 to 2024-01-26 04:00:00 ]
2024-02-17 07:07:15,856 read GOOG from av [ 2024-02-16 19:55:00 to 2024-01-26 04:00:00 ]
2024-02-17 07:13:16,750 Time out ^GSPC
2024-02-17 07:19:17,470 Time out ^DJI
2024-02-17 07:25:18,142 Time out ^TNX
2024-02-17 07:25:18,380 read MSFT from av [ 2024-02-16 19:55:00 to 2024-01-26 04:00:00 ]
2024-02-17 07:31:19,265 Time out ^VXGOG
2024-02-17 07:37:19,782 Time out ^VXAPL
2024-02-17 07:43:20,462 Time out ^VXGS
2024-02-17 07:49:21,161 Time out ^VXAZN
2024-02-17 07:55:21,748 Time out ^VXIBM
2024-02-17 07:55:22,508 read GS from av [ 2024-02-16 19:50:00 to 2024-01-26 04:10:00 ]
2024-02-17 07:55:22,882 read IBM from av [ 2024-02-16 19:55:00 to 2024-01-26 04:00:00 ]
2024-02-17 08:01:23,885 Time out FB
2024-02-17 08:07:24,514 Time out ^TYVIX
2024-02-17 08:07:24,744 read SPY from av [ 2024-02-16 20:00:00 to 2024-01-26 04:00:00 ]
2024-02-17 08:07:25,184 read GOOGL from av [ 2024-02-16 19:55:00 to 2024-01-26 04:00:00 ]
2024-02-17 08:07:26,256 read JPM from av [ 2024-02-16 19:55:00 to 2024-01-26 04:00:00 ]
2024-02-17 08:07:27,369 read JNJ from av [ 2024-02-16 19:55:00 to 2024-01-26 04:00:00 ]
2024-02-17 08:07:28,543 read BAC from av [ 2024-02-16 19:55:00 to 2024-01-26 04:00:00 ]
2024-02-17 08:07:29,666 read V from av [ 2024-02-16 19:55:00 to 2024-01-26 04:00:00 ]
2024-02-17 08:07:30,663 read WFC from av [ 2024-02-16 19:55:00 to 2024-01-26 04:05:00 ]
2024-02-17 08:07:31,665 read MA from av [ 2024-02-16 19:55:00 to 2024-01-26 04:00:00 ]
2024-02-17 08:07:32,726 read C from av [ 2024-02-16 19:55:00 to 2024-01-26 04:00:00 ]
2024-02-17 08:07:33,885 read PYPL from av [ 2024-02-16 19:55:00 to 2024-01-26 04:00:00 ]
2024-02-17 08:13:34,703 Time out OIL
2024-02-17 08:19:35,305 Time out DX-Y.NYB
2024-02-17 08:19:36,296 read GLD from av [ 2024-02-16 20:00:00 to 2024-01-26 04:00:00 ]
2024-02-17 08:19:37,117 read UUP from av [ 2024-02-16 20:00:00 to 2024-01-26 08:00:00 ]
2024-02-17 08:19:37,930 read SHY from av [ 2024-02-16 19:50:00 to 2024-01-26 04:10:00 ]
2024-02-17 08:19:39,003 read SHV from av [ 2024-02-16 19:55:00 to 2024-01-26 04:00:00 ]
2024-02-17 08:19:40,035 read IEF from av [ 2024-02-16 19:55:00 to 2024-01-26 04:05:00 ]
2024-02-17 08:25:40,851 Time out ^IRX
2024-02-17 08:31:41,512 Time out ^FVX
2024-02-17 08:37:42,245 Time out ^TYX
2024-02-17 08:37:43,269 read SQQQ from av [ 2024-02-16 19:55:00 to 2024-01-26 04:00:00 ]
2024-02-17 08:37:44,548 read TQQQ from av [ 2024-02-16 19:55:00 to 2024-01-26 04:00:00 ]
2024-02-17 08:43:45,393 Time out ^VXX
2024-02-17 08:49:45,988 Time out ^VXZ
2024-02-17 08:49:46,578 read IYE from av [ 2024-02-16 20:00:00 to 2024-01-26 08:00:00 ]
2024-02-17 08:49:47,139 read IYY from av [ 2024-02-16 20:00:00 to 2024-01-26 09:30:00 ]
2024-02-17 08:49:47,786 read IYF from av [ 2024-02-16 20:00:00 to 2024-01-26 08:00:00 ]
2024-02-17 08:49:48,543 read IYR from av [ 2024-02-16 20:00:00 to 2024-01-26 08:00:00 ]
2024-02-17 08:49:49,374 read IYW from av [ 2024-02-16 20:00:00 to 2024-01-26 04:00:00 ]
2024-02-17 08:49:50,040 read IYT from av [ 2024-02-16 20:00:00 to 2024-01-26 09:25:00 ]
2024-02-17 08:49:50,597 read PEJ from av [ 2024-02-16 20:00:00 to 2024-01-26 09:30:00 ]
2024-02-17 08:49:51,690 read USO from av [ 2024-02-16 20:00:00 to 2024-01-26 04:00:00 ]
2024-02-17 08:49:52,543 read DBC from av [ 2024-02-16 20:00:00 to 2024-01-26 04:00:00 ]
2024-02-17 08:49:53,289 read GSG from av [ 2024-02-16 20:00:00 to 2024-01-26 09:15:00 ]
2024-02-17 08:49:54,338 read VTI from av [ 2024-02-16 20:00:00 to 2024-01-26 04:00:00 ]
2024-02-17 08:55:55,184 Time out ^RUT
2024-02-17 08:55:55,826 read FDN from av [ 2024-02-16 20:00:00 to 2024-01-26 07:50:00 ]
2024-02-17 08:55:56,712 read XLV from av [ 2024-02-16 20:00:00 to 2024-01-26 04:50:00 ]
2024-02-17 08:55:57,537 read IBB from av [ 2024-02-16 17:45:00 to 2024-01-26 07:20:00 ]
2024-02-17 08:55:58,502 read KRE from av [ 2024-02-16 20:00:00 to 2024-01-26 04:05:00 ]
2024-02-17 08:55:59,347 read KBE from av [ 2024-02-16 20:00:00 to 2024-01-26 07:00:00 ]
2024-02-17 08:56:00,287 read XLF from av [ 2024-02-16 20:00:00 to 2024-01-26 04:00:00 ]
2024-02-17 08:56:04,437 read XLP from av [ 2024-02-16 20:00:00 to 2024-01-26 04:25:00 ]
2024-02-17 08:56:08,707 read XLY from av [ 2024-02-16 20:00:00 to 2024-01-26 04:40:00 ]
2024-02-17 08:56:11,585 read VNQ from av [ 2024-02-16 20:00:00 to 2024-01-26 04:40:00 ]
2024-02-17 09:02:14,482 Time out XLB
2024-02-17 09:02:15,274 read XLI from av [ 2024-02-16 20:00:00 to 2024-01-26 04:00:00 ]
2024-02-17 09:02:16,735 read KBWB from av [ 2024-02-16 16:00:00 to 2024-01-26 07:45:00 ]
2024-02-17 09:08:17,671 Time out TVIX
2024-02-17 09:14:18,208 Time out ^VVIX
2024-02-17 09:20:18,903 Time out VIXM
2024-02-17 09:20:19,661 read VIXY from av [ 2024-02-16 20:00:00 to 2024-01-26 04:00:00 ]
2024-02-17 09:20:20,707 read VXX from av [ 2024-02-16 20:00:00 to 2024-01-26 04:00:00 ]
2024-02-17 09:26:21,572 Time out SVXY
2024-02-17 09:26:22,624 read UVXY from av [ 2024-02-16 20:00:00 to 2024-01-26 04:00:00 ]
2024-02-17 09:32:23,568 Time out VIXY
